[2025-01-25T06:22:16.415+0000] {local_task_job_runner.py:123} INFO - ::group::Pre task execution logs
[2025-01-25T06:22:16.424+0000] {taskinstance.py:2613} INFO - Dependencies all met for dep_context=non-requeueable deps ti=<TaskInstance: fetch_and_store_amazon_books.fetch_book_data scheduled__2024-08-23T00:00:00+00:00 [queued]>
[2025-01-25T06:22:16.428+0000] {taskinstance.py:2613} INFO - Dependencies all met for dep_context=requeueable deps ti=<TaskInstance: fetch_and_store_amazon_books.fetch_book_data scheduled__2024-08-23T00:00:00+00:00 [queued]>
[2025-01-25T06:22:16.429+0000] {taskinstance.py:2866} INFO - Starting attempt 1 of 2
[2025-01-25T06:22:16.435+0000] {taskinstance.py:2889} INFO - Executing <Task(PythonOperator): fetch_book_data> on 2024-08-23 00:00:00+00:00
[2025-01-25T06:22:16.440+0000] {warnings.py:112} WARNING - /home/***/.local/lib/python3.12/site-packages/***/task/task_runner/standard_task_runner.py:70: DeprecationWarning: This process (pid=346) is multi-threaded, use of fork() may lead to deadlocks in the child.
  pid = os.fork()

[2025-01-25T06:22:16.441+0000] {standard_task_runner.py:72} INFO - Started process 349 to run task
[2025-01-25T06:22:16.441+0000] {standard_task_runner.py:104} INFO - Running: ['***', 'tasks', 'run', 'fetch_and_store_amazon_books', 'fetch_book_data', 'scheduled__2024-08-23T00:00:00+00:00', '--job-id', '259', '--raw', '--subdir', 'DAGS_FOLDER/app.py', '--cfg-path', '/tmp/tmpfw3kwdf5']
[2025-01-25T06:22:16.442+0000] {standard_task_runner.py:105} INFO - Job 259: Subtask fetch_book_data
[2025-01-25T06:22:16.479+0000] {task_command.py:467} INFO - Running <TaskInstance: fetch_and_store_amazon_books.fetch_book_data scheduled__2024-08-23T00:00:00+00:00 [running]> on host d5b192692729
[2025-01-25T06:22:16.552+0000] {taskinstance.py:3132} INFO - Exporting env vars: AIRFLOW_CTX_DAG_OWNER='***' AIRFLOW_CTX_DAG_ID='fetch_and_store_amazon_books' AIRFLOW_CTX_TASK_ID='fetch_book_data' AIRFLOW_CTX_EXECUTION_DATE='2024-08-23T00:00:00+00:00' AIRFLOW_CTX_TRY_NUMBER='1' AIRFLOW_CTX_DAG_RUN_ID='scheduled__2024-08-23T00:00:00+00:00'
[2025-01-25T06:22:16.554+0000] {logging_mixin.py:190} INFO - Task instance is in running state
[2025-01-25T06:22:16.554+0000] {logging_mixin.py:190} INFO -  Previous state of the Task instance: queued
[2025-01-25T06:22:16.554+0000] {logging_mixin.py:190} INFO - Current task name:fetch_book_data state:running start_date:2025-01-25 06:22:16.424973+00:00
[2025-01-25T06:22:16.555+0000] {logging_mixin.py:190} INFO - Dag name:fetch_and_store_amazon_books and current dag run status:running
[2025-01-25T06:22:16.555+0000] {taskinstance.py:731} INFO - ::endgroup::
[2025-01-25T06:22:16.823+0000] {logging_mixin.py:190} INFO - Failed to retrieve the page
[2025-01-25T06:22:16.843+0000] {python.py:240} INFO - Done. Returned value was: None
[2025-01-25T06:22:16.849+0000] {taskinstance.py:340} INFO - ::group::Post task execution logs
[2025-01-25T06:22:16.850+0000] {taskinstance.py:352} INFO - Marking task as SUCCESS. dag_id=fetch_and_store_amazon_books, task_id=fetch_book_data, run_id=scheduled__2024-08-23T00:00:00+00:00, execution_date=20240823T000000, start_date=20250125T062216, end_date=20250125T062216
[2025-01-25T06:22:16.854+0000] {logging_mixin.py:190} INFO - Task instance in success state
[2025-01-25T06:22:16.854+0000] {logging_mixin.py:190} INFO -  Previous state of the Task instance: running
[2025-01-25T06:22:16.854+0000] {logging_mixin.py:190} INFO - Dag name:fetch_and_store_amazon_books queued_at:2025-01-25 06:22:14.831438+00:00
[2025-01-25T06:22:16.855+0000] {logging_mixin.py:190} INFO - Task hostname:d5b192692729 operator:PythonOperator
[2025-01-25T06:22:16.879+0000] {local_task_job_runner.py:266} INFO - Task exited with return code 0
[2025-01-25T06:22:16.893+0000] {taskinstance.py:3895} INFO - 1 downstream tasks scheduled from follow-on schedule check
[2025-01-25T06:22:16.893+0000] {local_task_job_runner.py:245} INFO - ::endgroup::
