[2025-01-25T05:59:07.268+0000] {local_task_job_runner.py:123} INFO - ::group::Pre task execution logs
[2025-01-25T05:59:07.319+0000] {taskinstance.py:2613} INFO - Dependencies all met for dep_context=non-requeueable deps ti=<TaskInstance: fetch_and_store_amazon_books.fetch_book_data scheduled__2024-06-26T00:00:00+00:00 [queued]>
[2025-01-25T05:59:07.354+0000] {taskinstance.py:2613} INFO - Dependencies all met for dep_context=requeueable deps ti=<TaskInstance: fetch_and_store_amazon_books.fetch_book_data scheduled__2024-06-26T00:00:00+00:00 [queued]>
[2025-01-25T05:59:07.359+0000] {taskinstance.py:2866} INFO - Starting attempt 1 of 2
[2025-01-25T05:59:07.456+0000] {taskinstance.py:2889} INFO - Executing <Task(PythonOperator): fetch_book_data> on 2024-06-26 00:00:00+00:00
[2025-01-25T05:59:07.609+0000] {standard_task_runner.py:104} INFO - Running: ['***', 'tasks', 'run', 'fetch_and_store_amazon_books', 'fetch_book_data', 'scheduled__2024-06-26T00:00:00+00:00', '--job-id', '20', '--raw', '--subdir', 'DAGS_FOLDER/app.py', '--cfg-path', '/tmp/tmpzs2by1wx']
[2025-01-25T05:59:07.614+0000] {standard_task_runner.py:105} INFO - Job 20: Subtask fetch_book_data
[2025-01-25T05:59:07.609+0000] {warnings.py:112} WARNING - /home/***/.local/lib/python3.12/site-packages/***/task/task_runner/standard_task_runner.py:70: DeprecationWarning: This process (pid=905) is multi-threaded, use of fork() may lead to deadlocks in the child.
  pid = os.fork()

[2025-01-25T05:59:07.627+0000] {standard_task_runner.py:72} INFO - Started process 943 to run task
[2025-01-25T05:59:07.874+0000] {task_command.py:467} INFO - Running <TaskInstance: fetch_and_store_amazon_books.fetch_book_data scheduled__2024-06-26T00:00:00+00:00 [running]> on host 815074f09894
[2025-01-25T05:59:08.191+0000] {taskinstance.py:3132} INFO - Exporting env vars: AIRFLOW_CTX_DAG_OWNER='***' AIRFLOW_CTX_DAG_ID='fetch_and_store_amazon_books' AIRFLOW_CTX_TASK_ID='fetch_book_data' AIRFLOW_CTX_EXECUTION_DATE='2024-06-26T00:00:00+00:00' AIRFLOW_CTX_TRY_NUMBER='1' AIRFLOW_CTX_DAG_RUN_ID='scheduled__2024-06-26T00:00:00+00:00'
[2025-01-25T05:59:08.195+0000] {logging_mixin.py:190} INFO - Task instance is in running state
[2025-01-25T05:59:08.196+0000] {logging_mixin.py:190} INFO -  Previous state of the Task instance: queued
[2025-01-25T05:59:08.197+0000] {logging_mixin.py:190} INFO - Current task name:fetch_book_data state:running start_date:2025-01-25 05:59:07.324593+00:00
[2025-01-25T05:59:08.197+0000] {logging_mixin.py:190} INFO - Dag name:fetch_and_store_amazon_books and current dag run status:running
[2025-01-25T05:59:08.197+0000] {taskinstance.py:731} INFO - ::endgroup::
[2025-01-25T06:01:05.953+0000] {logging_mixin.py:190} INFO - Failed to retrieve the page
[2025-01-25T06:01:06.053+0000] {python.py:240} INFO - Done. Returned value was: None
[2025-01-25T06:01:06.076+0000] {taskinstance.py:340} INFO - ::group::Post task execution logs
[2025-01-25T06:01:06.077+0000] {taskinstance.py:352} INFO - Marking task as SUCCESS. dag_id=fetch_and_store_amazon_books, task_id=fetch_book_data, run_id=scheduled__2024-06-26T00:00:00+00:00, execution_date=20240626T000000, start_date=20250125T055907, end_date=20250125T060106
[2025-01-25T06:01:06.115+0000] {logging_mixin.py:190} INFO - Task instance in success state
[2025-01-25T06:01:06.116+0000] {logging_mixin.py:190} INFO -  Previous state of the Task instance: running
[2025-01-25T06:01:06.117+0000] {logging_mixin.py:190} INFO - Dag name:fetch_and_store_amazon_books queued_at:2025-01-25 05:58:45.235323+00:00
[2025-01-25T06:01:06.117+0000] {logging_mixin.py:190} INFO - Task hostname:815074f09894 operator:PythonOperator
[2025-01-25T06:01:06.179+0000] {local_task_job_runner.py:266} INFO - Task exited with return code 0
[2025-01-25T06:01:06.259+0000] {taskinstance.py:3895} INFO - 1 downstream tasks scheduled from follow-on schedule check
[2025-01-25T06:01:06.269+0000] {local_task_job_runner.py:245} INFO - ::endgroup::
