[2025-01-25T06:11:55.079+0000] {local_task_job_runner.py:123} INFO - ::group::Pre task execution logs
[2025-01-25T06:11:55.137+0000] {taskinstance.py:2613} INFO - Dependencies all met for dep_context=non-requeueable deps ti=<TaskInstance: fetch_and_store_amazon_books.create_table scheduled__2024-07-26T00:00:00+00:00 [queued]>
[2025-01-25T06:11:55.156+0000] {taskinstance.py:2613} INFO - Dependencies all met for dep_context=requeueable deps ti=<TaskInstance: fetch_and_store_amazon_books.create_table scheduled__2024-07-26T00:00:00+00:00 [queued]>
[2025-01-25T06:11:55.157+0000] {taskinstance.py:2866} INFO - Starting attempt 1 of 2
[2025-01-25T06:11:55.215+0000] {taskinstance.py:2889} INFO - Executing <Task(PostgresOperator): create_table> on 2024-07-26 00:00:00+00:00
[2025-01-25T06:11:55.250+0000] {standard_task_runner.py:104} INFO - Running: ['***', 'tasks', 'run', 'fetch_and_store_amazon_books', 'create_table', 'scheduled__2024-07-26T00:00:00+00:00', '--job-id', '159', '--raw', '--subdir', 'DAGS_FOLDER/app.py', '--cfg-path', '/tmp/tmpuw1o8d4k']
[2025-01-25T06:11:55.252+0000] {standard_task_runner.py:105} INFO - Job 159: Subtask create_table
[2025-01-25T06:11:55.244+0000] {warnings.py:112} WARNING - /home/***/.local/lib/python3.12/site-packages/***/task/task_runner/standard_task_runner.py:70: DeprecationWarning: This process (pid=1505) is multi-threaded, use of fork() may lead to deadlocks in the child.
  pid = os.fork()

[2025-01-25T06:11:55.259+0000] {standard_task_runner.py:72} INFO - Started process 1527 to run task
[2025-01-25T06:11:55.391+0000] {task_command.py:467} INFO - Running <TaskInstance: fetch_and_store_amazon_books.create_table scheduled__2024-07-26T00:00:00+00:00 [running]> on host 815074f09894
[2025-01-25T06:11:55.536+0000] {taskinstance.py:3132} INFO - Exporting env vars: AIRFLOW_CTX_DAG_OWNER='***' AIRFLOW_CTX_DAG_ID='fetch_and_store_amazon_books' AIRFLOW_CTX_TASK_ID='create_table' AIRFLOW_CTX_EXECUTION_DATE='2024-07-26T00:00:00+00:00' AIRFLOW_CTX_TRY_NUMBER='1' AIRFLOW_CTX_DAG_RUN_ID='scheduled__2024-07-26T00:00:00+00:00'
[2025-01-25T06:11:55.541+0000] {logging_mixin.py:190} INFO - Task instance is in running state
[2025-01-25T06:11:55.543+0000] {logging_mixin.py:190} INFO -  Previous state of the Task instance: queued
[2025-01-25T06:11:55.543+0000] {logging_mixin.py:190} INFO - Current task name:create_table state:running start_date:2025-01-25 06:11:55.137819+00:00
[2025-01-25T06:11:55.544+0000] {logging_mixin.py:190} INFO - Dag name:fetch_and_store_amazon_books and current dag run status:running
[2025-01-25T06:11:55.544+0000] {taskinstance.py:731} INFO - ::endgroup::
[2025-01-25T06:11:55.546+0000] {sql.py:278} INFO - Executing: 
    CREATE TABLE IF NOT EXISTS books (
        id SERIAL PRIMARY KEY,
        title TEXT NOT NULL,
        authors TEXT,
        price TEXT,
        rating TEXT
    );
    
[2025-01-25T06:11:55.576+0000] {base.py:84} INFO - Retrieving connection 'books_connection'
[2025-01-25T06:11:55.623+0000] {base.py:84} INFO - Retrieving connection 'books_connection'
[2025-01-25T06:11:55.632+0000] {sql.py:553} INFO - Running statement: 
    CREATE TABLE IF NOT EXISTS books (
        id SERIAL PRIMARY KEY,
        title TEXT NOT NULL,
        authors TEXT,
        price TEXT,
        rating TEXT
    );
    , parameters: None
[2025-01-25T06:11:55.648+0000] {taskinstance.py:340} INFO - ::group::Post task execution logs
[2025-01-25T06:11:55.650+0000] {taskinstance.py:352} INFO - Marking task as SUCCESS. dag_id=fetch_and_store_amazon_books, task_id=create_table, run_id=scheduled__2024-07-26T00:00:00+00:00, execution_date=20240726T000000, start_date=20250125T061155, end_date=20250125T061155
[2025-01-25T06:11:55.668+0000] {logging_mixin.py:190} INFO - Task instance in success state
[2025-01-25T06:11:55.673+0000] {logging_mixin.py:190} INFO -  Previous state of the Task instance: running
[2025-01-25T06:11:55.673+0000] {logging_mixin.py:190} INFO - Dag name:fetch_and_store_amazon_books queued_at:2025-01-25 06:11:46.433738+00:00
[2025-01-25T06:11:55.675+0000] {logging_mixin.py:190} INFO - Task hostname:815074f09894 operator:PostgresOperator
[2025-01-25T06:11:55.702+0000] {local_task_job_runner.py:266} INFO - Task exited with return code 0
[2025-01-25T06:11:55.791+0000] {taskinstance.py:3895} INFO - 1 downstream tasks scheduled from follow-on schedule check
[2025-01-25T06:11:55.806+0000] {local_task_job_runner.py:245} INFO - ::endgroup::
