[2025-01-29T17:07:31.419+0000] {local_task_job_runner.py:123} INFO - ::group::Pre task execution logs
[2025-01-29T17:07:31.424+0000] {taskinstance.py:2613} INFO - Dependencies all met for dep_context=non-requeueable deps ti=<TaskInstance: fetch_and_store_amazon_books.fetch_book_data manual__2025-01-29T17:07:29.946751+00:00 [queued]>
[2025-01-29T17:07:31.426+0000] {taskinstance.py:2613} INFO - Dependencies all met for dep_context=requeueable deps ti=<TaskInstance: fetch_and_store_amazon_books.fetch_book_data manual__2025-01-29T17:07:29.946751+00:00 [queued]>
[2025-01-29T17:07:31.427+0000] {taskinstance.py:2866} INFO - Starting attempt 1 of 2
[2025-01-29T17:07:31.430+0000] {taskinstance.py:2889} INFO - Executing <Task(PythonOperator): fetch_book_data> on 2025-01-29 17:07:29.946751+00:00
[2025-01-29T17:07:31.434+0000] {warnings.py:112} WARNING - /home/***/.local/lib/python3.12/site-packages/***/task/task_runner/standard_task_runner.py:70: DeprecationWarning: This process (pid=188) is multi-threaded, use of fork() may lead to deadlocks in the child.
  pid = os.fork()

[2025-01-29T17:07:31.435+0000] {standard_task_runner.py:72} INFO - Started process 189 to run task
[2025-01-29T17:07:31.435+0000] {standard_task_runner.py:104} INFO - Running: ['***', 'tasks', 'run', 'fetch_and_store_amazon_books', 'fetch_book_data', 'manual__2025-01-29T17:07:29.946751+00:00', '--job-id', '356', '--raw', '--subdir', 'DAGS_FOLDER/app.py', '--cfg-path', '/tmp/tmppl5si8vm']
[2025-01-29T17:07:31.436+0000] {standard_task_runner.py:105} INFO - Job 356: Subtask fetch_book_data
[2025-01-29T17:07:31.456+0000] {task_command.py:467} INFO - Running <TaskInstance: fetch_and_store_amazon_books.fetch_book_data manual__2025-01-29T17:07:29.946751+00:00 [running]> on host 72c2588c5eef
[2025-01-29T17:07:31.486+0000] {taskinstance.py:3132} INFO - Exporting env vars: AIRFLOW_CTX_DAG_OWNER='***' AIRFLOW_CTX_DAG_ID='fetch_and_store_amazon_books' AIRFLOW_CTX_TASK_ID='fetch_book_data' AIRFLOW_CTX_EXECUTION_DATE='2025-01-29T17:07:29.946751+00:00' AIRFLOW_CTX_TRY_NUMBER='1' AIRFLOW_CTX_DAG_RUN_ID='manual__2025-01-29T17:07:29.946751+00:00'
[2025-01-29T17:07:31.487+0000] {logging_mixin.py:190} INFO - Task instance is in running state
[2025-01-29T17:07:31.487+0000] {logging_mixin.py:190} INFO -  Previous state of the Task instance: queued
[2025-01-29T17:07:31.488+0000] {logging_mixin.py:190} INFO - Current task name:fetch_book_data state:running start_date:2025-01-29 17:07:31.424736+00:00
[2025-01-29T17:07:31.488+0000] {logging_mixin.py:190} INFO - Dag name:fetch_and_store_amazon_books and current dag run status:running
[2025-01-29T17:07:31.488+0000] {taskinstance.py:731} INFO - ::endgroup::
[2025-01-29T17:07:31.690+0000] {logging_mixin.py:190} INFO - Failed to retrieve the page
[2025-01-29T17:07:31.706+0000] {python.py:240} INFO - Done. Returned value was: None
[2025-01-29T17:07:31.711+0000] {taskinstance.py:340} INFO - ::group::Post task execution logs
[2025-01-29T17:07:31.712+0000] {taskinstance.py:352} INFO - Marking task as SUCCESS. dag_id=fetch_and_store_amazon_books, task_id=fetch_book_data, run_id=manual__2025-01-29T17:07:29.946751+00:00, execution_date=20250129T170729, start_date=20250129T170731, end_date=20250129T170731
[2025-01-29T17:07:31.716+0000] {logging_mixin.py:190} INFO - Task instance in success state
[2025-01-29T17:07:31.716+0000] {logging_mixin.py:190} INFO -  Previous state of the Task instance: running
[2025-01-29T17:07:31.716+0000] {logging_mixin.py:190} INFO - Dag name:fetch_and_store_amazon_books queued_at:2025-01-29 17:07:29.963243+00:00
[2025-01-29T17:07:31.716+0000] {logging_mixin.py:190} INFO - Task hostname:72c2588c5eef operator:PythonOperator
[2025-01-29T17:07:31.745+0000] {local_task_job_runner.py:266} INFO - Task exited with return code 0
[2025-01-29T17:07:31.756+0000] {taskinstance.py:3895} INFO - 1 downstream tasks scheduled from follow-on schedule check
[2025-01-29T17:07:31.757+0000] {local_task_job_runner.py:245} INFO - ::endgroup::
