[2025-01-25T05:59:04.298+0000] {local_task_job_runner.py:123} INFO - ::group::Pre task execution logs
[2025-01-25T05:59:04.373+0000] {taskinstance.py:2613} INFO - Dependencies all met for dep_context=non-requeueable deps ti=<TaskInstance: fetch_and_store_amazon_books.fetch_book_data scheduled__2024-06-22T00:00:00+00:00 [queued]>
[2025-01-25T05:59:04.414+0000] {taskinstance.py:2613} INFO - Dependencies all met for dep_context=requeueable deps ti=<TaskInstance: fetch_and_store_amazon_books.fetch_book_data scheduled__2024-06-22T00:00:00+00:00 [queued]>
[2025-01-25T05:59:04.418+0000] {taskinstance.py:2866} INFO - Starting attempt 1 of 2
[2025-01-25T05:59:04.502+0000] {taskinstance.py:2889} INFO - Executing <Task(PythonOperator): fetch_book_data> on 2024-06-22 00:00:00+00:00
[2025-01-25T05:59:04.551+0000] {warnings.py:112} WARNING - /home/***/.local/lib/python3.12/site-packages/***/task/task_runner/standard_task_runner.py:70: DeprecationWarning: This process (pid=899) is multi-threaded, use of fork() may lead to deadlocks in the child.
  pid = os.fork()

[2025-01-25T05:59:04.568+0000] {standard_task_runner.py:72} INFO - Started process 923 to run task
[2025-01-25T05:59:04.574+0000] {standard_task_runner.py:104} INFO - Running: ['***', 'tasks', 'run', 'fetch_and_store_amazon_books', 'fetch_book_data', 'scheduled__2024-06-22T00:00:00+00:00', '--job-id', '11', '--raw', '--subdir', 'DAGS_FOLDER/app.py', '--cfg-path', '/tmp/tmpfnwa1xnv']
[2025-01-25T05:59:04.582+0000] {standard_task_runner.py:105} INFO - Job 11: Subtask fetch_book_data
[2025-01-25T05:59:05.083+0000] {task_command.py:467} INFO - Running <TaskInstance: fetch_and_store_amazon_books.fetch_book_data scheduled__2024-06-22T00:00:00+00:00 [running]> on host 815074f09894
[2025-01-25T05:59:06.018+0000] {taskinstance.py:3132} INFO - Exporting env vars: AIRFLOW_CTX_DAG_OWNER='***' AIRFLOW_CTX_DAG_ID='fetch_and_store_amazon_books' AIRFLOW_CTX_TASK_ID='fetch_book_data' AIRFLOW_CTX_EXECUTION_DATE='2024-06-22T00:00:00+00:00' AIRFLOW_CTX_TRY_NUMBER='1' AIRFLOW_CTX_DAG_RUN_ID='scheduled__2024-06-22T00:00:00+00:00'
[2025-01-25T05:59:06.044+0000] {logging_mixin.py:190} INFO - Task instance is in running state
[2025-01-25T05:59:06.051+0000] {logging_mixin.py:190} INFO -  Previous state of the Task instance: queued
[2025-01-25T05:59:06.051+0000] {logging_mixin.py:190} INFO - Current task name:fetch_book_data state:running start_date:2025-01-25 05:59:04.377887+00:00
[2025-01-25T05:59:06.052+0000] {logging_mixin.py:190} INFO - Dag name:fetch_and_store_amazon_books and current dag run status:running
[2025-01-25T05:59:06.053+0000] {taskinstance.py:731} INFO - ::endgroup::
[2025-01-25T06:00:57.468+0000] {logging_mixin.py:190} INFO - Failed to retrieve the page
[2025-01-25T06:00:57.575+0000] {python.py:240} INFO - Done. Returned value was: None
[2025-01-25T06:00:57.614+0000] {taskinstance.py:340} INFO - ::group::Post task execution logs
[2025-01-25T06:00:57.616+0000] {taskinstance.py:352} INFO - Marking task as SUCCESS. dag_id=fetch_and_store_amazon_books, task_id=fetch_book_data, run_id=scheduled__2024-06-22T00:00:00+00:00, execution_date=20240622T000000, start_date=20250125T055904, end_date=20250125T060057
[2025-01-25T06:00:57.636+0000] {logging_mixin.py:190} INFO - Task instance in success state
[2025-01-25T06:00:57.638+0000] {logging_mixin.py:190} INFO -  Previous state of the Task instance: running
[2025-01-25T06:00:57.639+0000] {logging_mixin.py:190} INFO - Dag name:fetch_and_store_amazon_books queued_at:2025-01-25 05:58:44.988634+00:00
[2025-01-25T06:00:57.639+0000] {logging_mixin.py:190} INFO - Task hostname:815074f09894 operator:PythonOperator
[2025-01-25T06:00:57.703+0000] {local_task_job_runner.py:266} INFO - Task exited with return code 0
[2025-01-25T06:00:57.751+0000] {local_task_job_runner.py:245} INFO - ::endgroup::
