[2025-01-25T05:59:04.022+0000] {local_task_job_runner.py:123} INFO - ::group::Pre task execution logs
[2025-01-25T05:59:04.076+0000] {taskinstance.py:2613} INFO - Dependencies all met for dep_context=non-requeueable deps ti=<TaskInstance: fetch_and_store_amazon_books.fetch_book_data scheduled__2024-07-04T00:00:00+00:00 [queued]>
[2025-01-25T05:59:04.115+0000] {taskinstance.py:2613} INFO - Dependencies all met for dep_context=requeueable deps ti=<TaskInstance: fetch_and_store_amazon_books.fetch_book_data scheduled__2024-07-04T00:00:00+00:00 [queued]>
[2025-01-25T05:59:04.116+0000] {taskinstance.py:2866} INFO - Starting attempt 1 of 2
[2025-01-25T05:59:04.209+0000] {taskinstance.py:2889} INFO - Executing <Task(PythonOperator): fetch_book_data> on 2024-07-04 00:00:00+00:00
[2025-01-25T05:59:04.561+0000] {warnings.py:112} WARNING - /home/***/.local/lib/python3.12/site-packages/***/task/task_runner/standard_task_runner.py:70: DeprecationWarning: This process (pid=911) is multi-threaded, use of fork() may lead to deadlocks in the child.
  pid = os.fork()

[2025-01-25T05:59:04.594+0000] {standard_task_runner.py:72} INFO - Started process 922 to run task
[2025-01-25T05:59:04.580+0000] {standard_task_runner.py:104} INFO - Running: ['***', 'tasks', 'run', 'fetch_and_store_amazon_books', 'fetch_book_data', 'scheduled__2024-07-04T00:00:00+00:00', '--job-id', '8', '--raw', '--subdir', 'DAGS_FOLDER/app.py', '--cfg-path', '/tmp/tmp9sfhmgzh']
[2025-01-25T05:59:04.603+0000] {standard_task_runner.py:105} INFO - Job 8: Subtask fetch_book_data
[2025-01-25T05:59:05.122+0000] {task_command.py:467} INFO - Running <TaskInstance: fetch_and_store_amazon_books.fetch_book_data scheduled__2024-07-04T00:00:00+00:00 [running]> on host 815074f09894
[2025-01-25T05:59:05.759+0000] {taskinstance.py:3132} INFO - Exporting env vars: AIRFLOW_CTX_DAG_OWNER='***' AIRFLOW_CTX_DAG_ID='fetch_and_store_amazon_books' AIRFLOW_CTX_TASK_ID='fetch_book_data' AIRFLOW_CTX_EXECUTION_DATE='2024-07-04T00:00:00+00:00' AIRFLOW_CTX_TRY_NUMBER='1' AIRFLOW_CTX_DAG_RUN_ID='scheduled__2024-07-04T00:00:00+00:00'
[2025-01-25T05:59:05.777+0000] {logging_mixin.py:190} INFO - Task instance is in running state
[2025-01-25T05:59:05.780+0000] {logging_mixin.py:190} INFO -  Previous state of the Task instance: queued
[2025-01-25T05:59:05.784+0000] {logging_mixin.py:190} INFO - Current task name:fetch_book_data state:running start_date:2025-01-25 05:59:04.078552+00:00
[2025-01-25T05:59:05.790+0000] {logging_mixin.py:190} INFO - Dag name:fetch_and_store_amazon_books and current dag run status:running
[2025-01-25T05:59:05.790+0000] {taskinstance.py:731} INFO - ::endgroup::
[2025-01-25T06:00:55.859+0000] {logging_mixin.py:190} INFO - Failed to retrieve the page
[2025-01-25T06:00:55.975+0000] {python.py:240} INFO - Done. Returned value was: None
[2025-01-25T06:00:56.036+0000] {taskinstance.py:340} INFO - ::group::Post task execution logs
[2025-01-25T06:00:56.040+0000] {taskinstance.py:352} INFO - Marking task as SUCCESS. dag_id=fetch_and_store_amazon_books, task_id=fetch_book_data, run_id=scheduled__2024-07-04T00:00:00+00:00, execution_date=20240704T000000, start_date=20250125T055904, end_date=20250125T060056
[2025-01-25T06:00:56.182+0000] {logging_mixin.py:190} INFO - Task instance in success state
[2025-01-25T06:00:56.183+0000] {logging_mixin.py:190} INFO -  Previous state of the Task instance: running
[2025-01-25T06:00:56.183+0000] {logging_mixin.py:190} INFO - Dag name:fetch_and_store_amazon_books queued_at:2025-01-25 05:58:46.371266+00:00
[2025-01-25T06:00:56.184+0000] {logging_mixin.py:190} INFO - Task hostname:815074f09894 operator:PythonOperator
[2025-01-25T06:00:56.239+0000] {local_task_job_runner.py:266} INFO - Task exited with return code 0
[2025-01-25T06:00:56.370+0000] {taskinstance.py:3895} INFO - 1 downstream tasks scheduled from follow-on schedule check
[2025-01-25T06:00:56.376+0000] {local_task_job_runner.py:245} INFO - ::endgroup::
