[2025-01-25T06:17:15.966+0000] {local_task_job_runner.py:123} INFO - ::group::Pre task execution logs
[2025-01-25T06:17:15.993+0000] {taskinstance.py:2613} INFO - Dependencies all met for dep_context=non-requeueable deps ti=<TaskInstance: fetch_and_store_amazon_books.fetch_book_data scheduled__2024-08-17T00:00:00+00:00 [queued]>
[2025-01-25T06:17:16.045+0000] {taskinstance.py:2613} INFO - Dependencies all met for dep_context=requeueable deps ti=<TaskInstance: fetch_and_store_amazon_books.fetch_book_data scheduled__2024-08-17T00:00:00+00:00 [queued]>
[2025-01-25T06:17:16.047+0000] {taskinstance.py:2866} INFO - Starting attempt 1 of 2
[2025-01-25T06:17:16.083+0000] {taskinstance.py:2889} INFO - Executing <Task(PythonOperator): fetch_book_data> on 2024-08-17 00:00:00+00:00
[2025-01-25T06:17:16.100+0000] {warnings.py:112} WARNING - /home/***/.local/lib/python3.12/site-packages/***/task/task_runner/standard_task_runner.py:70: DeprecationWarning: This process (pid=147) is multi-threaded, use of fork() may lead to deadlocks in the child.
  pid = os.fork()

[2025-01-25T06:17:16.107+0000] {standard_task_runner.py:72} INFO - Started process 169 to run task
[2025-01-25T06:17:16.107+0000] {standard_task_runner.py:104} INFO - Running: ['***', 'tasks', 'run', 'fetch_and_store_amazon_books', 'fetch_book_data', 'scheduled__2024-08-17T00:00:00+00:00', '--job-id', '220', '--raw', '--subdir', 'DAGS_FOLDER/app.py', '--cfg-path', '/tmp/tmpkiwu_gjo']
[2025-01-25T06:17:16.113+0000] {standard_task_runner.py:105} INFO - Job 220: Subtask fetch_book_data
[2025-01-25T06:17:16.187+0000] {task_command.py:467} INFO - Running <TaskInstance: fetch_and_store_amazon_books.fetch_book_data scheduled__2024-08-17T00:00:00+00:00 [running]> on host d5b192692729
[2025-01-25T06:17:16.304+0000] {taskinstance.py:3132} INFO - Exporting env vars: AIRFLOW_CTX_DAG_OWNER='***' AIRFLOW_CTX_DAG_ID='fetch_and_store_amazon_books' AIRFLOW_CTX_TASK_ID='fetch_book_data' AIRFLOW_CTX_EXECUTION_DATE='2024-08-17T00:00:00+00:00' AIRFLOW_CTX_TRY_NUMBER='1' AIRFLOW_CTX_DAG_RUN_ID='scheduled__2024-08-17T00:00:00+00:00'
[2025-01-25T06:17:16.307+0000] {logging_mixin.py:190} INFO - Task instance is in running state
[2025-01-25T06:17:16.307+0000] {logging_mixin.py:190} INFO -  Previous state of the Task instance: queued
[2025-01-25T06:17:16.308+0000] {logging_mixin.py:190} INFO - Current task name:fetch_book_data state:running start_date:2025-01-25 06:17:15.993585+00:00
[2025-01-25T06:17:16.308+0000] {logging_mixin.py:190} INFO - Dag name:fetch_and_store_amazon_books and current dag run status:running
[2025-01-25T06:17:16.309+0000] {taskinstance.py:731} INFO - ::endgroup::
[2025-01-25T06:17:16.589+0000] {logging_mixin.py:190} INFO - Failed to retrieve the page
[2025-01-25T06:17:16.605+0000] {python.py:240} INFO - Done. Returned value was: None
[2025-01-25T06:17:16.614+0000] {taskinstance.py:340} INFO - ::group::Post task execution logs
[2025-01-25T06:17:16.615+0000] {taskinstance.py:352} INFO - Marking task as SUCCESS. dag_id=fetch_and_store_amazon_books, task_id=fetch_book_data, run_id=scheduled__2024-08-17T00:00:00+00:00, execution_date=20240817T000000, start_date=20250125T061715, end_date=20250125T061716
[2025-01-25T06:17:16.622+0000] {logging_mixin.py:190} INFO - Task instance in success state
[2025-01-25T06:17:16.623+0000] {logging_mixin.py:190} INFO -  Previous state of the Task instance: running
[2025-01-25T06:17:16.625+0000] {logging_mixin.py:190} INFO - Dag name:fetch_and_store_amazon_books queued_at:2025-01-25 06:17:13.105922+00:00
[2025-01-25T06:17:16.625+0000] {logging_mixin.py:190} INFO - Task hostname:d5b192692729 operator:PythonOperator
[2025-01-25T06:17:16.635+0000] {local_task_job_runner.py:266} INFO - Task exited with return code 0
[2025-01-25T06:17:16.662+0000] {taskinstance.py:3895} INFO - 1 downstream tasks scheduled from follow-on schedule check
[2025-01-25T06:17:16.663+0000] {local_task_job_runner.py:245} INFO - ::endgroup::
