[2025-01-25T06:06:29.761+0000] {local_task_job_runner.py:123} INFO - ::group::Pre task execution logs
[2025-01-25T06:06:29.772+0000] {taskinstance.py:2613} INFO - Dependencies all met for dep_context=non-requeueable deps ti=<TaskInstance: fetch_and_store_amazon_books.fetch_book_data scheduled__2024-07-10T00:00:00+00:00 [queued]>
[2025-01-25T06:06:29.780+0000] {taskinstance.py:2613} INFO - Dependencies all met for dep_context=requeueable deps ti=<TaskInstance: fetch_and_store_amazon_books.fetch_book_data scheduled__2024-07-10T00:00:00+00:00 [queued]>
[2025-01-25T06:06:29.781+0000] {taskinstance.py:2866} INFO - Starting attempt 1 of 2
[2025-01-25T06:06:29.820+0000] {taskinstance.py:2889} INFO - Executing <Task(PythonOperator): fetch_book_data> on 2024-07-10 00:00:00+00:00
[2025-01-25T06:06:29.830+0000] {warnings.py:112} WARNING - /home/***/.local/lib/python3.12/site-packages/***/task/task_runner/standard_task_runner.py:70: DeprecationWarning: This process (pid=1222) is multi-threaded, use of fork() may lead to deadlocks in the child.
  pid = os.fork()

[2025-01-25T06:06:29.837+0000] {standard_task_runner.py:72} INFO - Started process 1233 to run task
[2025-01-25T06:06:29.836+0000] {standard_task_runner.py:104} INFO - Running: ['***', 'tasks', 'run', 'fetch_and_store_amazon_books', 'fetch_book_data', 'scheduled__2024-07-10T00:00:00+00:00', '--job-id', '84', '--raw', '--subdir', 'DAGS_FOLDER/app.py', '--cfg-path', '/tmp/tmpgniicwwo']
[2025-01-25T06:06:29.839+0000] {standard_task_runner.py:105} INFO - Job 84: Subtask fetch_book_data
[2025-01-25T06:06:29.917+0000] {task_command.py:467} INFO - Running <TaskInstance: fetch_and_store_amazon_books.fetch_book_data scheduled__2024-07-10T00:00:00+00:00 [running]> on host 815074f09894
[2025-01-25T06:06:29.992+0000] {taskinstance.py:3132} INFO - Exporting env vars: AIRFLOW_CTX_DAG_OWNER='***' AIRFLOW_CTX_DAG_ID='fetch_and_store_amazon_books' AIRFLOW_CTX_TASK_ID='fetch_book_data' AIRFLOW_CTX_EXECUTION_DATE='2024-07-10T00:00:00+00:00' AIRFLOW_CTX_TRY_NUMBER='1' AIRFLOW_CTX_DAG_RUN_ID='scheduled__2024-07-10T00:00:00+00:00'
[2025-01-25T06:06:29.996+0000] {logging_mixin.py:190} INFO - Task instance is in running state
[2025-01-25T06:06:29.996+0000] {logging_mixin.py:190} INFO -  Previous state of the Task instance: queued
[2025-01-25T06:06:30.000+0000] {logging_mixin.py:190} INFO - Current task name:fetch_book_data state:running start_date:2025-01-25 06:06:29.773167+00:00
[2025-01-25T06:06:30.001+0000] {logging_mixin.py:190} INFO - Dag name:fetch_and_store_amazon_books and current dag run status:running
[2025-01-25T06:06:30.001+0000] {taskinstance.py:731} INFO - ::endgroup::
[2025-01-25T06:06:30.331+0000] {logging_mixin.py:190} INFO - Failed to retrieve the page
[2025-01-25T06:06:30.381+0000] {python.py:240} INFO - Done. Returned value was: None
[2025-01-25T06:06:30.393+0000] {taskinstance.py:340} INFO - ::group::Post task execution logs
[2025-01-25T06:06:30.393+0000] {taskinstance.py:352} INFO - Marking task as SUCCESS. dag_id=fetch_and_store_amazon_books, task_id=fetch_book_data, run_id=scheduled__2024-07-10T00:00:00+00:00, execution_date=20240710T000000, start_date=20250125T060629, end_date=20250125T060630
[2025-01-25T06:06:30.413+0000] {logging_mixin.py:190} INFO - Task instance in success state
[2025-01-25T06:06:30.414+0000] {logging_mixin.py:190} INFO -  Previous state of the Task instance: running
[2025-01-25T06:06:30.415+0000] {logging_mixin.py:190} INFO - Dag name:fetch_and_store_amazon_books queued_at:2025-01-25 06:06:27.979064+00:00
[2025-01-25T06:06:30.415+0000] {logging_mixin.py:190} INFO - Task hostname:815074f09894 operator:PythonOperator
[2025-01-25T06:06:30.449+0000] {local_task_job_runner.py:266} INFO - Task exited with return code 0
[2025-01-25T06:06:30.498+0000] {taskinstance.py:3895} INFO - 1 downstream tasks scheduled from follow-on schedule check
[2025-01-25T06:06:30.500+0000] {local_task_job_runner.py:245} INFO - ::endgroup::
