[2025-01-29T22:47:24.459+0000] {local_task_job_runner.py:123} INFO - ::group::Pre task execution logs
[2025-01-29T22:47:24.470+0000] {taskinstance.py:2613} INFO - Dependencies all met for dep_context=non-requeueable deps ti=<TaskInstance: weather_etl_pipeline.extract_weather_data manual__2025-01-29T22:47:20.527791+00:00 [queued]>
[2025-01-29T22:47:24.474+0000] {taskinstance.py:2613} INFO - Dependencies all met for dep_context=requeueable deps ti=<TaskInstance: weather_etl_pipeline.extract_weather_data manual__2025-01-29T22:47:20.527791+00:00 [queued]>
[2025-01-29T22:47:24.475+0000] {taskinstance.py:2866} INFO - Starting attempt 1 of 1
[2025-01-29T22:47:24.586+0000] {taskinstance.py:2889} INFO - Executing <Task(_PythonDecoratedOperator): extract_weather_data> on 2025-01-29 22:47:20.527791+00:00
[2025-01-29T22:47:24.592+0000] {warnings.py:112} WARNING - /home/***/.local/lib/python3.12/site-packages/***/task/task_runner/standard_task_runner.py:70: DeprecationWarning: This process (pid=131) is multi-threaded, use of fork() may lead to deadlocks in the child.
  pid = os.fork()

[2025-01-29T22:47:24.593+0000] {standard_task_runner.py:72} INFO - Started process 141 to run task
[2025-01-29T22:47:24.593+0000] {standard_task_runner.py:104} INFO - Running: ['***', 'tasks', 'run', 'weather_etl_pipeline', 'extract_weather_data', 'manual__2025-01-29T22:47:20.527791+00:00', '--job-id', '396', '--raw', '--subdir', 'DAGS_FOLDER/app.py', '--cfg-path', '/tmp/tmpk2o5l_i5']
[2025-01-29T22:47:24.594+0000] {standard_task_runner.py:105} INFO - Job 396: Subtask extract_weather_data
[2025-01-29T22:47:24.627+0000] {task_command.py:467} INFO - Running <TaskInstance: weather_etl_pipeline.extract_weather_data manual__2025-01-29T22:47:20.527791+00:00 [running]> on host 10ad9b47e333
[2025-01-29T22:47:24.673+0000] {taskinstance.py:3132} INFO - Exporting env vars: AIRFLOW_CTX_DAG_OWNER='***' AIRFLOW_CTX_DAG_ID='weather_etl_pipeline' AIRFLOW_CTX_TASK_ID='extract_weather_data' AIRFLOW_CTX_EXECUTION_DATE='2025-01-29T22:47:20.527791+00:00' AIRFLOW_CTX_TRY_NUMBER='1' AIRFLOW_CTX_DAG_RUN_ID='manual__2025-01-29T22:47:20.527791+00:00'
[2025-01-29T22:47:24.674+0000] {logging_mixin.py:190} INFO - Task instance is in running state
[2025-01-29T22:47:24.674+0000] {logging_mixin.py:190} INFO -  Previous state of the Task instance: queued
[2025-01-29T22:47:24.674+0000] {logging_mixin.py:190} INFO - Current task name:extract_weather_data state:running start_date:2025-01-29 22:47:24.470889+00:00
[2025-01-29T22:47:24.674+0000] {logging_mixin.py:190} INFO - Dag name:weather_etl_pipeline and current dag run status:running
[2025-01-29T22:47:24.674+0000] {taskinstance.py:731} INFO - ::endgroup::
[2025-01-29T22:47:24.675+0000] {python.py:240} INFO - Done. Returned value was: {'current_weather': {'temperature': 32.98, 'windspeed': 10.75, 'winddirection': 73, 'weathercode': 3}}
[2025-01-29T22:47:24.686+0000] {taskinstance.py:340} INFO - ::group::Post task execution logs
[2025-01-29T22:47:24.687+0000] {taskinstance.py:352} INFO - Marking task as SUCCESS. dag_id=weather_etl_pipeline, task_id=extract_weather_data, run_id=manual__2025-01-29T22:47:20.527791+00:00, execution_date=20250129T224720, start_date=20250129T224724, end_date=20250129T224724
[2025-01-29T22:47:24.691+0000] {logging_mixin.py:190} INFO - Task instance in success state
[2025-01-29T22:47:24.691+0000] {logging_mixin.py:190} INFO -  Previous state of the Task instance: running
[2025-01-29T22:47:24.691+0000] {logging_mixin.py:190} INFO - Dag name:weather_etl_pipeline queued_at:2025-01-29 22:47:20.554678+00:00
[2025-01-29T22:47:24.692+0000] {logging_mixin.py:190} INFO - Task hostname:10ad9b47e333 operator:_PythonDecoratedOperator
[2025-01-29T22:47:24.738+0000] {local_task_job_runner.py:266} INFO - Task exited with return code 0
[2025-01-29T22:47:24.751+0000] {taskinstance.py:3895} INFO - 1 downstream tasks scheduled from follow-on schedule check
[2025-01-29T22:47:24.752+0000] {local_task_job_runner.py:245} INFO - ::endgroup::
