[2025-01-25T06:20:21.187+0000] {local_task_job_runner.py:123} INFO - ::group::Pre task execution logs
[2025-01-25T06:20:21.192+0000] {taskinstance.py:2613} INFO - Dependencies all met for dep_context=non-requeueable deps ti=<TaskInstance: fetch_and_store_amazon_books.create_table manual__2025-01-25T06:18:47.319351+00:00 [queued]>
[2025-01-25T06:20:21.195+0000] {taskinstance.py:2613} INFO - Dependencies all met for dep_context=requeueable deps ti=<TaskInstance: fetch_and_store_amazon_books.create_table manual__2025-01-25T06:18:47.319351+00:00 [queued]>
[2025-01-25T06:20:21.195+0000] {taskinstance.py:2866} INFO - Starting attempt 1 of 2
[2025-01-25T06:20:21.200+0000] {taskinstance.py:2889} INFO - Executing <Task(PostgresOperator): create_table> on 2025-01-25 06:18:47.319351+00:00
[2025-01-25T06:20:21.204+0000] {warnings.py:112} WARNING - /home/***/.local/lib/python3.12/site-packages/***/task/task_runner/standard_task_runner.py:70: DeprecationWarning: This process (pid=284) is multi-threaded, use of fork() may lead to deadlocks in the child.
  pid = os.fork()

[2025-01-25T06:20:21.205+0000] {standard_task_runner.py:72} INFO - Started process 285 to run task
[2025-01-25T06:20:21.205+0000] {standard_task_runner.py:104} INFO - Running: ['***', 'tasks', 'run', 'fetch_and_store_amazon_books', 'create_table', 'manual__2025-01-25T06:18:47.319351+00:00', '--job-id', '247', '--raw', '--subdir', 'DAGS_FOLDER/app.py', '--cfg-path', '/tmp/tmpv_lxu9o8']
[2025-01-25T06:20:21.206+0000] {standard_task_runner.py:105} INFO - Job 247: Subtask create_table
[2025-01-25T06:20:21.224+0000] {task_command.py:467} INFO - Running <TaskInstance: fetch_and_store_amazon_books.create_table manual__2025-01-25T06:18:47.319351+00:00 [running]> on host d5b192692729
[2025-01-25T06:20:21.253+0000] {taskinstance.py:3132} INFO - Exporting env vars: AIRFLOW_CTX_DAG_OWNER='***' AIRFLOW_CTX_DAG_ID='fetch_and_store_amazon_books' AIRFLOW_CTX_TASK_ID='create_table' AIRFLOW_CTX_EXECUTION_DATE='2025-01-25T06:18:47.319351+00:00' AIRFLOW_CTX_TRY_NUMBER='1' AIRFLOW_CTX_DAG_RUN_ID='manual__2025-01-25T06:18:47.319351+00:00'
[2025-01-25T06:20:21.254+0000] {logging_mixin.py:190} INFO - Task instance is in running state
[2025-01-25T06:20:21.254+0000] {logging_mixin.py:190} INFO -  Previous state of the Task instance: queued
[2025-01-25T06:20:21.254+0000] {logging_mixin.py:190} INFO - Current task name:create_table state:running start_date:2025-01-25 06:20:21.192998+00:00
[2025-01-25T06:20:21.254+0000] {logging_mixin.py:190} INFO - Dag name:fetch_and_store_amazon_books and current dag run status:running
[2025-01-25T06:20:21.254+0000] {taskinstance.py:731} INFO - ::endgroup::
[2025-01-25T06:20:21.254+0000] {sql.py:278} INFO - Executing: 
    CREATE TABLE IF NOT EXISTS books (
        id SERIAL PRIMARY KEY,
        title TEXT NOT NULL,
        authors TEXT,
        price TEXT,
        rating TEXT
    );
    
[2025-01-25T06:20:21.257+0000] {base.py:84} INFO - Retrieving connection 'books_connection'
[2025-01-25T06:20:21.260+0000] {base.py:84} INFO - Retrieving connection 'books_connection'
[2025-01-25T06:20:21.261+0000] {sql.py:553} INFO - Running statement: 
    CREATE TABLE IF NOT EXISTS books (
        id SERIAL PRIMARY KEY,
        title TEXT NOT NULL,
        authors TEXT,
        price TEXT,
        rating TEXT
    );
    , parameters: None
[2025-01-25T06:20:21.265+0000] {taskinstance.py:340} INFO - ::group::Post task execution logs
[2025-01-25T06:20:21.265+0000] {taskinstance.py:352} INFO - Marking task as SUCCESS. dag_id=fetch_and_store_amazon_books, task_id=create_table, run_id=manual__2025-01-25T06:18:47.319351+00:00, execution_date=20250125T061847, start_date=20250125T062021, end_date=20250125T062021
[2025-01-25T06:20:21.268+0000] {logging_mixin.py:190} INFO - Task instance in success state
[2025-01-25T06:20:21.268+0000] {logging_mixin.py:190} INFO -  Previous state of the Task instance: running
[2025-01-25T06:20:21.268+0000] {logging_mixin.py:190} INFO - Dag name:fetch_and_store_amazon_books queued_at:2025-01-25 06:18:47.355932+00:00
[2025-01-25T06:20:21.269+0000] {logging_mixin.py:190} INFO - Task hostname:d5b192692729 operator:PostgresOperator
[2025-01-25T06:20:21.309+0000] {local_task_job_runner.py:266} INFO - Task exited with return code 0
[2025-01-25T06:20:21.316+0000] {taskinstance.py:3895} INFO - 1 downstream tasks scheduled from follow-on schedule check
[2025-01-25T06:20:21.317+0000] {local_task_job_runner.py:245} INFO - ::endgroup::
