[2025-01-25T06:00:56.424+0000] {local_task_job_runner.py:123} INFO - ::group::Pre task execution logs
[2025-01-25T06:00:56.455+0000] {taskinstance.py:2613} INFO - Dependencies all met for dep_context=non-requeueable deps ti=<TaskInstance: fetch_and_store_amazon_books.create_table scheduled__2024-06-28T00:00:00+00:00 [queued]>
[2025-01-25T06:00:56.486+0000] {taskinstance.py:2613} INFO - Dependencies all met for dep_context=requeueable deps ti=<TaskInstance: fetch_and_store_amazon_books.create_table scheduled__2024-06-28T00:00:00+00:00 [queued]>
[2025-01-25T06:00:56.488+0000] {taskinstance.py:2866} INFO - Starting attempt 1 of 2
[2025-01-25T06:00:56.638+0000] {taskinstance.py:2889} INFO - Executing <Task(PostgresOperator): create_table> on 2024-06-28 00:00:00+00:00
[2025-01-25T06:00:56.647+0000] {warnings.py:112} WARNING - /home/***/.local/lib/python3.12/site-packages/***/task/task_runner/standard_task_runner.py:70: DeprecationWarning: This process (pid=978) is multi-threaded, use of fork() may lead to deadlocks in the child.
  pid = os.fork()

[2025-01-25T06:00:56.652+0000] {standard_task_runner.py:72} INFO - Started process 994 to run task
[2025-01-25T06:00:56.650+0000] {standard_task_runner.py:104} INFO - Running: ['***', 'tasks', 'run', 'fetch_and_store_amazon_books', 'create_table', 'scheduled__2024-06-28T00:00:00+00:00', '--job-id', '28', '--raw', '--subdir', 'DAGS_FOLDER/app.py', '--cfg-path', '/tmp/tmpx0fqapl0']
[2025-01-25T06:00:56.653+0000] {standard_task_runner.py:105} INFO - Job 28: Subtask create_table
[2025-01-25T06:00:56.718+0000] {task_command.py:467} INFO - Running <TaskInstance: fetch_and_store_amazon_books.create_table scheduled__2024-06-28T00:00:00+00:00 [running]> on host 815074f09894
[2025-01-25T06:00:56.809+0000] {taskinstance.py:3132} INFO - Exporting env vars: AIRFLOW_CTX_DAG_OWNER='***' AIRFLOW_CTX_DAG_ID='fetch_and_store_amazon_books' AIRFLOW_CTX_TASK_ID='create_table' AIRFLOW_CTX_EXECUTION_DATE='2024-06-28T00:00:00+00:00' AIRFLOW_CTX_TRY_NUMBER='1' AIRFLOW_CTX_DAG_RUN_ID='scheduled__2024-06-28T00:00:00+00:00'
[2025-01-25T06:00:56.815+0000] {logging_mixin.py:190} INFO - Task instance is in running state
[2025-01-25T06:00:56.816+0000] {logging_mixin.py:190} INFO -  Previous state of the Task instance: queued
[2025-01-25T06:00:56.818+0000] {logging_mixin.py:190} INFO - Current task name:create_table state:running start_date:2025-01-25 06:00:56.456664+00:00
[2025-01-25T06:00:56.819+0000] {logging_mixin.py:190} INFO - Dag name:fetch_and_store_amazon_books and current dag run status:running
[2025-01-25T06:00:56.819+0000] {taskinstance.py:731} INFO - ::endgroup::
[2025-01-25T06:00:56.820+0000] {sql.py:278} INFO - Executing: 
    CREATE TABLE IF NOT EXISTS books (
        id SERIAL PRIMARY KEY,
        title TEXT NOT NULL,
        authors TEXT,
        price TEXT,
        rating TEXT
    );
    
[2025-01-25T06:00:56.832+0000] {base.py:84} INFO - Retrieving connection 'books_connection'
[2025-01-25T06:00:56.840+0000] {base.py:84} INFO - Retrieving connection 'books_connection'
[2025-01-25T06:00:56.848+0000] {sql.py:553} INFO - Running statement: 
    CREATE TABLE IF NOT EXISTS books (
        id SERIAL PRIMARY KEY,
        title TEXT NOT NULL,
        authors TEXT,
        price TEXT,
        rating TEXT
    );
    , parameters: None
[2025-01-25T06:00:56.878+0000] {taskinstance.py:340} INFO - ::group::Post task execution logs
[2025-01-25T06:00:56.879+0000] {taskinstance.py:352} INFO - Marking task as SUCCESS. dag_id=fetch_and_store_amazon_books, task_id=create_table, run_id=scheduled__2024-06-28T00:00:00+00:00, execution_date=20240628T000000, start_date=20250125T060056, end_date=20250125T060056
[2025-01-25T06:00:56.903+0000] {logging_mixin.py:190} INFO - Task instance in success state
[2025-01-25T06:00:56.904+0000] {logging_mixin.py:190} INFO -  Previous state of the Task instance: running
[2025-01-25T06:00:56.907+0000] {logging_mixin.py:190} INFO - Dag name:fetch_and_store_amazon_books queued_at:2025-01-25 05:58:45.541078+00:00
[2025-01-25T06:00:56.907+0000] {logging_mixin.py:190} INFO - Task hostname:815074f09894 operator:PostgresOperator
[2025-01-25T06:00:56.928+0000] {local_task_job_runner.py:266} INFO - Task exited with return code 0
[2025-01-25T06:00:56.960+0000] {taskinstance.py:3895} INFO - 1 downstream tasks scheduled from follow-on schedule check
[2025-01-25T06:00:56.963+0000] {local_task_job_runner.py:245} INFO - ::endgroup::
