[2025-01-25T05:59:07.227+0000] {local_task_job_runner.py:123} INFO - ::group::Pre task execution logs
[2025-01-25T05:59:07.279+0000] {taskinstance.py:2613} INFO - Dependencies all met for dep_context=non-requeueable deps ti=<TaskInstance: fetch_and_store_amazon_books.fetch_book_data scheduled__2024-07-03T00:00:00+00:00 [queued]>
[2025-01-25T05:59:07.379+0000] {taskinstance.py:2613} INFO - Dependencies all met for dep_context=requeueable deps ti=<TaskInstance: fetch_and_store_amazon_books.fetch_book_data scheduled__2024-07-03T00:00:00+00:00 [queued]>
[2025-01-25T05:59:07.382+0000] {taskinstance.py:2866} INFO - Starting attempt 1 of 2
[2025-01-25T05:59:07.435+0000] {taskinstance.py:2889} INFO - Executing <Task(PythonOperator): fetch_book_data> on 2024-07-03 00:00:00+00:00
[2025-01-25T05:59:07.554+0000] {warnings.py:112} WARNING - /home/***/.local/lib/python3.12/site-packages/***/task/task_runner/standard_task_runner.py:70: DeprecationWarning: This process (pid=912) is multi-threaded, use of fork() may lead to deadlocks in the child.
  pid = os.fork()

[2025-01-25T05:59:07.588+0000] {standard_task_runner.py:72} INFO - Started process 941 to run task
[2025-01-25T05:59:07.566+0000] {standard_task_runner.py:104} INFO - Running: ['***', 'tasks', 'run', 'fetch_and_store_amazon_books', 'fetch_book_data', 'scheduled__2024-07-03T00:00:00+00:00', '--job-id', '19', '--raw', '--subdir', 'DAGS_FOLDER/app.py', '--cfg-path', '/tmp/tmppi_bexui']
[2025-01-25T05:59:07.604+0000] {standard_task_runner.py:105} INFO - Job 19: Subtask fetch_book_data
[2025-01-25T05:59:07.897+0000] {task_command.py:467} INFO - Running <TaskInstance: fetch_and_store_amazon_books.fetch_book_data scheduled__2024-07-03T00:00:00+00:00 [running]> on host 815074f09894
[2025-01-25T05:59:08.192+0000] {taskinstance.py:3132} INFO - Exporting env vars: AIRFLOW_CTX_DAG_OWNER='***' AIRFLOW_CTX_DAG_ID='fetch_and_store_amazon_books' AIRFLOW_CTX_TASK_ID='fetch_book_data' AIRFLOW_CTX_EXECUTION_DATE='2024-07-03T00:00:00+00:00' AIRFLOW_CTX_TRY_NUMBER='1' AIRFLOW_CTX_DAG_RUN_ID='scheduled__2024-07-03T00:00:00+00:00'
[2025-01-25T05:59:08.196+0000] {logging_mixin.py:190} INFO - Task instance is in running state
[2025-01-25T05:59:08.198+0000] {logging_mixin.py:190} INFO -  Previous state of the Task instance: queued
[2025-01-25T05:59:08.199+0000] {logging_mixin.py:190} INFO - Current task name:fetch_book_data state:running start_date:2025-01-25 05:59:07.296710+00:00
[2025-01-25T05:59:08.200+0000] {logging_mixin.py:190} INFO - Dag name:fetch_and_store_amazon_books and current dag run status:running
[2025-01-25T05:59:08.200+0000] {taskinstance.py:731} INFO - ::endgroup::
[2025-01-25T06:00:50.188+0000] {logging_mixin.py:190} INFO - Failed to retrieve the page
[2025-01-25T06:00:50.246+0000] {python.py:240} INFO - Done. Returned value was: None
[2025-01-25T06:00:50.261+0000] {taskinstance.py:340} INFO - ::group::Post task execution logs
[2025-01-25T06:00:50.262+0000] {taskinstance.py:352} INFO - Marking task as SUCCESS. dag_id=fetch_and_store_amazon_books, task_id=fetch_book_data, run_id=scheduled__2024-07-03T00:00:00+00:00, execution_date=20240703T000000, start_date=20250125T055907, end_date=20250125T060050
[2025-01-25T06:00:50.286+0000] {logging_mixin.py:190} INFO - Task instance in success state
[2025-01-25T06:00:50.286+0000] {logging_mixin.py:190} INFO -  Previous state of the Task instance: running
[2025-01-25T06:00:50.287+0000] {logging_mixin.py:190} INFO - Dag name:fetch_and_store_amazon_books queued_at:2025-01-25 05:58:46.245064+00:00
[2025-01-25T06:00:50.287+0000] {logging_mixin.py:190} INFO - Task hostname:815074f09894 operator:PythonOperator
[2025-01-25T06:00:50.321+0000] {local_task_job_runner.py:266} INFO - Task exited with return code 0
[2025-01-25T06:00:50.349+0000] {local_task_job_runner.py:245} INFO - ::endgroup::
