[2025-01-25T06:22:41.471+0000] {local_task_job_runner.py:123} INFO - ::group::Pre task execution logs
[2025-01-25T06:22:41.504+0000] {taskinstance.py:2613} INFO - Dependencies all met for dep_context=non-requeueable deps ti=<TaskInstance: fetch_and_store_amazon_books.create_table scheduled__2024-09-01T00:00:00+00:00 [queued]>
[2025-01-25T06:22:41.514+0000] {taskinstance.py:2613} INFO - Dependencies all met for dep_context=requeueable deps ti=<TaskInstance: fetch_and_store_amazon_books.create_table scheduled__2024-09-01T00:00:00+00:00 [queued]>
[2025-01-25T06:22:41.515+0000] {taskinstance.py:2866} INFO - Starting attempt 1 of 2
[2025-01-25T06:22:41.563+0000] {taskinstance.py:2889} INFO - Executing <Task(PostgresOperator): create_table> on 2024-09-01 00:00:00+00:00
[2025-01-25T06:22:41.607+0000] {standard_task_runner.py:104} INFO - Running: ['***', 'tasks', 'run', 'fetch_and_store_amazon_books', 'create_table', 'scheduled__2024-09-01T00:00:00+00:00', '--job-id', '294', '--raw', '--subdir', 'DAGS_FOLDER/app.py', '--cfg-path', '/tmp/tmpdlv51k0f']
[2025-01-25T06:22:41.613+0000] {standard_task_runner.py:105} INFO - Job 294: Subtask create_table
[2025-01-25T06:22:41.599+0000] {warnings.py:112} WARNING - /home/***/.local/lib/python3.12/site-packages/***/task/task_runner/standard_task_runner.py:70: DeprecationWarning: This process (pid=439) is multi-threaded, use of fork() may lead to deadlocks in the child.
  pid = os.fork()

[2025-01-25T06:22:41.629+0000] {standard_task_runner.py:72} INFO - Started process 463 to run task
[2025-01-25T06:22:41.854+0000] {task_command.py:467} INFO - Running <TaskInstance: fetch_and_store_amazon_books.create_table scheduled__2024-09-01T00:00:00+00:00 [running]> on host d5b192692729
[2025-01-25T06:22:42.354+0000] {taskinstance.py:3132} INFO - Exporting env vars: AIRFLOW_CTX_DAG_OWNER='***' AIRFLOW_CTX_DAG_ID='fetch_and_store_amazon_books' AIRFLOW_CTX_TASK_ID='create_table' AIRFLOW_CTX_EXECUTION_DATE='2024-09-01T00:00:00+00:00' AIRFLOW_CTX_TRY_NUMBER='1' AIRFLOW_CTX_DAG_RUN_ID='scheduled__2024-09-01T00:00:00+00:00'
[2025-01-25T06:22:42.409+0000] {logging_mixin.py:190} INFO - Task instance is in running state
[2025-01-25T06:22:42.424+0000] {logging_mixin.py:190} INFO -  Previous state of the Task instance: queued
[2025-01-25T06:22:42.433+0000] {logging_mixin.py:190} INFO - Current task name:create_table state:running start_date:2025-01-25 06:22:41.505827+00:00
[2025-01-25T06:22:42.472+0000] {logging_mixin.py:190} INFO - Dag name:fetch_and_store_amazon_books and current dag run status:running
[2025-01-25T06:22:42.476+0000] {taskinstance.py:731} INFO - ::endgroup::
[2025-01-25T06:22:42.502+0000] {sql.py:278} INFO - Executing: 
    CREATE TABLE IF NOT EXISTS books (
        id SERIAL PRIMARY KEY,
        title TEXT NOT NULL,
        authors TEXT,
        price TEXT,
        rating TEXT
    );
    
[2025-01-25T06:22:42.634+0000] {base.py:84} INFO - Retrieving connection 'books_connection'
[2025-01-25T06:22:42.669+0000] {base.py:84} INFO - Retrieving connection 'books_connection'
[2025-01-25T06:22:42.695+0000] {sql.py:553} INFO - Running statement: 
    CREATE TABLE IF NOT EXISTS books (
        id SERIAL PRIMARY KEY,
        title TEXT NOT NULL,
        authors TEXT,
        price TEXT,
        rating TEXT
    );
    , parameters: None
[2025-01-25T06:22:42.756+0000] {taskinstance.py:340} INFO - ::group::Post task execution logs
[2025-01-25T06:22:42.757+0000] {taskinstance.py:352} INFO - Marking task as SUCCESS. dag_id=fetch_and_store_amazon_books, task_id=create_table, run_id=scheduled__2024-09-01T00:00:00+00:00, execution_date=20240901T000000, start_date=20250125T062241, end_date=20250125T062242
[2025-01-25T06:22:42.805+0000] {logging_mixin.py:190} INFO - Task instance in success state
[2025-01-25T06:22:42.809+0000] {logging_mixin.py:190} INFO -  Previous state of the Task instance: running
[2025-01-25T06:22:42.809+0000] {logging_mixin.py:190} INFO - Dag name:fetch_and_store_amazon_books queued_at:2025-01-25 06:22:30.909105+00:00
[2025-01-25T06:22:42.811+0000] {logging_mixin.py:190} INFO - Task hostname:d5b192692729 operator:PostgresOperator
[2025-01-25T06:22:42.858+0000] {local_task_job_runner.py:266} INFO - Task exited with return code 0
[2025-01-25T06:22:42.936+0000] {taskinstance.py:3895} INFO - 1 downstream tasks scheduled from follow-on schedule check
[2025-01-25T06:22:42.940+0000] {local_task_job_runner.py:245} INFO - ::endgroup::
