[2025-01-25T06:06:31.406+0000] {local_task_job_runner.py:123} INFO - ::group::Pre task execution logs
[2025-01-25T06:06:31.441+0000] {taskinstance.py:2613} INFO - Dependencies all met for dep_context=non-requeueable deps ti=<TaskInstance: fetch_and_store_amazon_books.fetch_book_data scheduled__2024-07-18T00:00:00+00:00 [queued]>
[2025-01-25T06:06:31.464+0000] {taskinstance.py:2613} INFO - Dependencies all met for dep_context=requeueable deps ti=<TaskInstance: fetch_and_store_amazon_books.fetch_book_data scheduled__2024-07-18T00:00:00+00:00 [queued]>
[2025-01-25T06:06:31.464+0000] {taskinstance.py:2866} INFO - Starting attempt 1 of 2
[2025-01-25T06:06:31.484+0000] {taskinstance.py:2889} INFO - Executing <Task(PythonOperator): fetch_book_data> on 2024-07-18 00:00:00+00:00
[2025-01-25T06:06:31.490+0000] {warnings.py:112} WARNING - /home/***/.local/lib/python3.12/site-packages/***/task/task_runner/standard_task_runner.py:70: DeprecationWarning: This process (pid=1230) is multi-threaded, use of fork() may lead to deadlocks in the child.
  pid = os.fork()

[2025-01-25T06:06:31.495+0000] {standard_task_runner.py:72} INFO - Started process 1254 to run task
[2025-01-25T06:06:31.505+0000] {standard_task_runner.py:104} INFO - Running: ['***', 'tasks', 'run', 'fetch_and_store_amazon_books', 'fetch_book_data', 'scheduled__2024-07-18T00:00:00+00:00', '--job-id', '91', '--raw', '--subdir', 'DAGS_FOLDER/app.py', '--cfg-path', '/tmp/tmp0frrsu21']
[2025-01-25T06:06:31.510+0000] {standard_task_runner.py:105} INFO - Job 91: Subtask fetch_book_data
[2025-01-25T06:06:31.604+0000] {task_command.py:467} INFO - Running <TaskInstance: fetch_and_store_amazon_books.fetch_book_data scheduled__2024-07-18T00:00:00+00:00 [running]> on host 815074f09894
[2025-01-25T06:06:31.735+0000] {taskinstance.py:3132} INFO - Exporting env vars: AIRFLOW_CTX_DAG_OWNER='***' AIRFLOW_CTX_DAG_ID='fetch_and_store_amazon_books' AIRFLOW_CTX_TASK_ID='fetch_book_data' AIRFLOW_CTX_EXECUTION_DATE='2024-07-18T00:00:00+00:00' AIRFLOW_CTX_TRY_NUMBER='1' AIRFLOW_CTX_DAG_RUN_ID='scheduled__2024-07-18T00:00:00+00:00'
[2025-01-25T06:06:31.740+0000] {logging_mixin.py:190} INFO - Task instance is in running state
[2025-01-25T06:06:31.743+0000] {logging_mixin.py:190} INFO -  Previous state of the Task instance: queued
[2025-01-25T06:06:31.744+0000] {logging_mixin.py:190} INFO - Current task name:fetch_book_data state:running start_date:2025-01-25 06:06:31.443159+00:00
[2025-01-25T06:06:31.744+0000] {logging_mixin.py:190} INFO - Dag name:fetch_and_store_amazon_books and current dag run status:running
[2025-01-25T06:06:31.744+0000] {taskinstance.py:731} INFO - ::endgroup::
[2025-01-25T06:06:32.039+0000] {logging_mixin.py:190} INFO - Failed to retrieve the page
[2025-01-25T06:06:32.122+0000] {python.py:240} INFO - Done. Returned value was: None
[2025-01-25T06:06:32.188+0000] {taskinstance.py:340} INFO - ::group::Post task execution logs
[2025-01-25T06:06:32.189+0000] {taskinstance.py:352} INFO - Marking task as SUCCESS. dag_id=fetch_and_store_amazon_books, task_id=fetch_book_data, run_id=scheduled__2024-07-18T00:00:00+00:00, execution_date=20240718T000000, start_date=20250125T060631, end_date=20250125T060632
[2025-01-25T06:06:32.215+0000] {logging_mixin.py:190} INFO - Task instance in success state
[2025-01-25T06:06:32.255+0000] {logging_mixin.py:190} INFO -  Previous state of the Task instance: running
[2025-01-25T06:06:32.261+0000] {logging_mixin.py:190} INFO - Dag name:fetch_and_store_amazon_books queued_at:2025-01-25 06:06:29.128485+00:00
[2025-01-25T06:06:32.261+0000] {logging_mixin.py:190} INFO - Task hostname:815074f09894 operator:PythonOperator
[2025-01-25T06:06:32.313+0000] {local_task_job_runner.py:266} INFO - Task exited with return code 0
[2025-01-25T06:06:32.389+0000] {taskinstance.py:3895} INFO - 1 downstream tasks scheduled from follow-on schedule check
[2025-01-25T06:06:32.393+0000] {local_task_job_runner.py:245} INFO - ::endgroup::
