[2025-01-25T06:17:19.491+0000] {local_task_job_runner.py:123} INFO - ::group::Pre task execution logs
[2025-01-25T06:17:19.514+0000] {taskinstance.py:2613} INFO - Dependencies all met for dep_context=non-requeueable deps ti=<TaskInstance: fetch_and_store_amazon_books.create_table scheduled__2024-08-17T00:00:00+00:00 [queued]>
[2025-01-25T06:17:19.546+0000] {taskinstance.py:2613} INFO - Dependencies all met for dep_context=requeueable deps ti=<TaskInstance: fetch_and_store_amazon_books.create_table scheduled__2024-08-17T00:00:00+00:00 [queued]>
[2025-01-25T06:17:19.547+0000] {taskinstance.py:2866} INFO - Starting attempt 1 of 2
[2025-01-25T06:17:19.584+0000] {taskinstance.py:2889} INFO - Executing <Task(PostgresOperator): create_table> on 2024-08-17 00:00:00+00:00
[2025-01-25T06:17:19.606+0000] {warnings.py:112} WARNING - /home/***/.local/lib/python3.12/site-packages/***/task/task_runner/standard_task_runner.py:70: DeprecationWarning: This process (pid=181) is multi-threaded, use of fork() may lead to deadlocks in the child.
  pid = os.fork()

[2025-01-25T06:17:19.614+0000] {standard_task_runner.py:72} INFO - Started process 197 to run task
[2025-01-25T06:17:19.614+0000] {standard_task_runner.py:104} INFO - Running: ['***', 'tasks', 'run', 'fetch_and_store_amazon_books', 'create_table', 'scheduled__2024-08-17T00:00:00+00:00', '--job-id', '230', '--raw', '--subdir', 'DAGS_FOLDER/app.py', '--cfg-path', '/tmp/tmptu33of1n']
[2025-01-25T06:17:19.629+0000] {standard_task_runner.py:105} INFO - Job 230: Subtask create_table
[2025-01-25T06:17:19.755+0000] {task_command.py:467} INFO - Running <TaskInstance: fetch_and_store_amazon_books.create_table scheduled__2024-08-17T00:00:00+00:00 [running]> on host d5b192692729
[2025-01-25T06:17:19.903+0000] {taskinstance.py:3132} INFO - Exporting env vars: AIRFLOW_CTX_DAG_OWNER='***' AIRFLOW_CTX_DAG_ID='fetch_and_store_amazon_books' AIRFLOW_CTX_TASK_ID='create_table' AIRFLOW_CTX_EXECUTION_DATE='2024-08-17T00:00:00+00:00' AIRFLOW_CTX_TRY_NUMBER='1' AIRFLOW_CTX_DAG_RUN_ID='scheduled__2024-08-17T00:00:00+00:00'
[2025-01-25T06:17:19.913+0000] {logging_mixin.py:190} INFO - Task instance is in running state
[2025-01-25T06:17:19.917+0000] {logging_mixin.py:190} INFO -  Previous state of the Task instance: queued
[2025-01-25T06:17:19.917+0000] {logging_mixin.py:190} INFO - Current task name:create_table state:running start_date:2025-01-25 06:17:19.519056+00:00
[2025-01-25T06:17:19.917+0000] {logging_mixin.py:190} INFO - Dag name:fetch_and_store_amazon_books and current dag run status:running
[2025-01-25T06:17:19.917+0000] {taskinstance.py:731} INFO - ::endgroup::
[2025-01-25T06:17:19.918+0000] {sql.py:278} INFO - Executing: 
    CREATE TABLE IF NOT EXISTS books (
        id SERIAL PRIMARY KEY,
        title TEXT NOT NULL,
        authors TEXT,
        price TEXT,
        rating TEXT
    );
    
[2025-01-25T06:17:19.927+0000] {base.py:84} INFO - Retrieving connection 'books_connection'
[2025-01-25T06:17:19.948+0000] {base.py:84} INFO - Retrieving connection 'books_connection'
[2025-01-25T06:17:19.957+0000] {sql.py:553} INFO - Running statement: 
    CREATE TABLE IF NOT EXISTS books (
        id SERIAL PRIMARY KEY,
        title TEXT NOT NULL,
        authors TEXT,
        price TEXT,
        rating TEXT
    );
    , parameters: None
[2025-01-25T06:17:19.973+0000] {taskinstance.py:340} INFO - ::group::Post task execution logs
[2025-01-25T06:17:19.974+0000] {taskinstance.py:352} INFO - Marking task as SUCCESS. dag_id=fetch_and_store_amazon_books, task_id=create_table, run_id=scheduled__2024-08-17T00:00:00+00:00, execution_date=20240817T000000, start_date=20250125T061719, end_date=20250125T061719
[2025-01-25T06:17:20.002+0000] {logging_mixin.py:190} INFO - Task instance in success state
[2025-01-25T06:17:20.003+0000] {logging_mixin.py:190} INFO -  Previous state of the Task instance: running
[2025-01-25T06:17:20.005+0000] {logging_mixin.py:190} INFO - Dag name:fetch_and_store_amazon_books queued_at:2025-01-25 06:17:13.105922+00:00
[2025-01-25T06:17:20.007+0000] {logging_mixin.py:190} INFO - Task hostname:d5b192692729 operator:PostgresOperator
[2025-01-25T06:17:20.049+0000] {local_task_job_runner.py:266} INFO - Task exited with return code 0
[2025-01-25T06:17:20.077+0000] {taskinstance.py:3895} INFO - 1 downstream tasks scheduled from follow-on schedule check
[2025-01-25T06:17:20.082+0000] {local_task_job_runner.py:245} INFO - ::endgroup::
