[2025-02-01T13:35:16.025+0000] {local_task_job_runner.py:123} INFO - ::group::Pre task execution logs
[2025-02-01T13:35:16.059+0000] {taskinstance.py:2613} INFO - Dependencies all met for dep_context=non-requeueable deps ti=<TaskInstance: weather_etl_pipeline.extract_weather_data scheduled__2025-01-31T00:00:00+00:00 [queued]>
[2025-02-01T13:35:16.091+0000] {taskinstance.py:2613} INFO - Dependencies all met for dep_context=requeueable deps ti=<TaskInstance: weather_etl_pipeline.extract_weather_data scheduled__2025-01-31T00:00:00+00:00 [queued]>
[2025-02-01T13:35:16.092+0000] {taskinstance.py:2866} INFO - Starting attempt 1 of 1
[2025-02-01T13:35:16.112+0000] {taskinstance.py:2889} INFO - Executing <Task(_PythonDecoratedOperator): extract_weather_data> on 2025-01-31 00:00:00+00:00
[2025-02-01T13:35:16.125+0000] {warnings.py:112} WARNING - /home/***/.local/lib/python3.12/site-packages/***/task/task_runner/standard_task_runner.py:70: DeprecationWarning: This process (pid=67) is multi-threaded, use of fork() may lead to deadlocks in the child.
  pid = os.fork()

[2025-02-01T13:35:16.127+0000] {standard_task_runner.py:72} INFO - Started process 71 to run task
[2025-02-01T13:35:16.134+0000] {standard_task_runner.py:104} INFO - Running: ['***', 'tasks', 'run', 'weather_etl_pipeline', 'extract_weather_data', 'scheduled__2025-01-31T00:00:00+00:00', '--job-id', '458', '--raw', '--subdir', 'DAGS_FOLDER/app.py', '--cfg-path', '/tmp/tmpkfy_nle7']
[2025-02-01T13:35:16.137+0000] {standard_task_runner.py:105} INFO - Job 458: Subtask extract_weather_data
[2025-02-01T13:35:16.235+0000] {task_command.py:467} INFO - Running <TaskInstance: weather_etl_pipeline.extract_weather_data scheduled__2025-01-31T00:00:00+00:00 [running]> on host 8155aa75e0ca
[2025-02-01T13:35:16.407+0000] {taskinstance.py:3132} INFO - Exporting env vars: AIRFLOW_CTX_DAG_OWNER='***' AIRFLOW_CTX_DAG_ID='weather_etl_pipeline' AIRFLOW_CTX_TASK_ID='extract_weather_data' AIRFLOW_CTX_EXECUTION_DATE='2025-01-31T00:00:00+00:00' AIRFLOW_CTX_TRY_NUMBER='1' AIRFLOW_CTX_DAG_RUN_ID='scheduled__2025-01-31T00:00:00+00:00'
[2025-02-01T13:35:16.409+0000] {logging_mixin.py:190} INFO - Task instance is in running state
[2025-02-01T13:35:16.411+0000] {logging_mixin.py:190} INFO -  Previous state of the Task instance: queued
[2025-02-01T13:35:16.411+0000] {logging_mixin.py:190} INFO - Current task name:extract_weather_data state:running start_date:2025-02-01 13:35:16.062449+00:00
[2025-02-01T13:35:16.412+0000] {logging_mixin.py:190} INFO - Dag name:weather_etl_pipeline and current dag run status:running
[2025-02-01T13:35:16.413+0000] {taskinstance.py:731} INFO - ::endgroup::
[2025-02-01T13:35:16.415+0000] {python.py:240} INFO - Done. Returned value was: {'current_weather': {'temperature': 34.72, 'windspeed': 22.15, 'winddirection': 19, 'weathercode': 3}}
[2025-02-01T13:35:16.453+0000] {taskinstance.py:340} INFO - ::group::Post task execution logs
[2025-02-01T13:35:16.454+0000] {taskinstance.py:352} INFO - Marking task as SUCCESS. dag_id=weather_etl_pipeline, task_id=extract_weather_data, run_id=scheduled__2025-01-31T00:00:00+00:00, execution_date=20250131T000000, start_date=20250201T133516, end_date=20250201T133516
[2025-02-01T13:35:16.476+0000] {logging_mixin.py:190} INFO - Task instance in success state
[2025-02-01T13:35:16.477+0000] {logging_mixin.py:190} INFO -  Previous state of the Task instance: running
[2025-02-01T13:35:16.478+0000] {logging_mixin.py:190} INFO - Dag name:weather_etl_pipeline queued_at:2025-02-01 13:35:05.576896+00:00
[2025-02-01T13:35:16.478+0000] {logging_mixin.py:190} INFO - Task hostname:8155aa75e0ca operator:_PythonDecoratedOperator
[2025-02-01T13:35:16.524+0000] {local_task_job_runner.py:266} INFO - Task exited with return code 0
[2025-02-01T13:35:16.561+0000] {taskinstance.py:3895} INFO - 1 downstream tasks scheduled from follow-on schedule check
[2025-02-01T13:35:16.573+0000] {local_task_job_runner.py:245} INFO - ::endgroup::
