[2025-01-31T01:23:20.563+0000] {local_task_job_runner.py:123} INFO - ::group::Pre task execution logs
[2025-01-31T01:23:20.573+0000] {taskinstance.py:2613} INFO - Dependencies all met for dep_context=non-requeueable deps ti=<TaskInstance: youtube_comments_etl_pipeline.extract_youtube_data manual__2025-01-31T01:23:18.963080+00:00 [queued]>
[2025-01-31T01:23:20.582+0000] {taskinstance.py:2613} INFO - Dependencies all met for dep_context=requeueable deps ti=<TaskInstance: youtube_comments_etl_pipeline.extract_youtube_data manual__2025-01-31T01:23:18.963080+00:00 [queued]>
[2025-01-31T01:23:20.584+0000] {taskinstance.py:2866} INFO - Starting attempt 1 of 1
[2025-01-31T01:23:20.594+0000] {taskinstance.py:2889} INFO - Executing <Task(_PythonDecoratedOperator): extract_youtube_data> on 2025-01-31 01:23:18.963080+00:00
[2025-01-31T01:23:20.601+0000] {warnings.py:112} WARNING - /home/***/.local/lib/python3.12/site-packages/***/task/task_runner/standard_task_runner.py:70: DeprecationWarning: This process (pid=680) is multi-threaded, use of fork() may lead to deadlocks in the child.
  pid = os.fork()

[2025-01-31T01:23:20.603+0000] {standard_task_runner.py:72} INFO - Started process 681 to run task
[2025-01-31T01:23:20.604+0000] {standard_task_runner.py:104} INFO - Running: ['***', 'tasks', 'run', 'youtube_comments_etl_pipeline', 'extract_youtube_data', 'manual__2025-01-31T01:23:18.963080+00:00', '--job-id', '441', '--raw', '--subdir', 'DAGS_FOLDER/youtube_comments_DAG.py', '--cfg-path', '/tmp/tmpt5n31qmb']
[2025-01-31T01:23:20.605+0000] {standard_task_runner.py:105} INFO - Job 441: Subtask extract_youtube_data
[2025-01-31T01:23:20.645+0000] {task_command.py:467} INFO - Running <TaskInstance: youtube_comments_etl_pipeline.extract_youtube_data manual__2025-01-31T01:23:18.963080+00:00 [running]> on host 8155aa75e0ca
[2025-01-31T01:23:21.086+0000] {taskinstance.py:3132} INFO - Exporting env vars: AIRFLOW_CTX_DAG_OWNER='***' AIRFLOW_CTX_DAG_ID='youtube_comments_etl_pipeline' AIRFLOW_CTX_TASK_ID='extract_youtube_data' AIRFLOW_CTX_EXECUTION_DATE='2025-01-31T01:23:18.963080+00:00' AIRFLOW_CTX_TRY_NUMBER='1' AIRFLOW_CTX_DAG_RUN_ID='manual__2025-01-31T01:23:18.963080+00:00'
[2025-01-31T01:23:21.086+0000] {logging_mixin.py:190} INFO - Task instance is in running state
[2025-01-31T01:23:21.086+0000] {logging_mixin.py:190} INFO -  Previous state of the Task instance: queued
[2025-01-31T01:23:21.087+0000] {logging_mixin.py:190} INFO - Current task name:extract_youtube_data state:running start_date:2025-01-31 01:23:20.573617+00:00
[2025-01-31T01:23:21.087+0000] {logging_mixin.py:190} INFO - Dag name:youtube_comments_etl_pipeline and current dag run status:running
[2025-01-31T01:23:21.087+0000] {taskinstance.py:731} INFO - ::endgroup::
[2025-01-31T01:23:21.087+0000] {logging_mixin.py:190} INFO - os.getenv(ytb_api):2 AIzaSyAJwiYOOwF8f_XX6zQyweoIB23K4qugiXU
[2025-01-31T01:23:21.088+0000] {__init__.py:49} INFO - file_cache is only supported with oauth2client<4.0.0
[2025-01-31T01:23:21.316+0000] {python.py:240} INFO - Done. Returned value was: {'kind': 'youtube#commentThreadListResponse', 'etag': 'DLR8-iIQjOuRwRJVFJtz2VG3xqw', 'nextPageToken': '***', 'pageInfo': {'totalResults': 1, 'resultsPerPage': 1}, 'items': [{'kind': 'youtube#commentThread', 'etag': 'peSTWWESYHtLEEqkGCe5KHPmuUk', 'id': 'UgxKMpi4Lh2-UR2XH5t4AaABAg', 'snippet': {'channelId': 'UCaizTs-t-jXjj8H0-S3ATYA', 'videoId': 'SIm2W9TtzR0', 'topLevelComment': {'kind': 'youtube#comment', 'etag': 'ZdK5dagwdY9703exQT5ZWqr7jeY', 'id': 'UgxKMpi4Lh2-UR2XH5t4AaABAg', 'snippet': {'channelId': 'UCaizTs-t-jXjj8H0-S3ATYA', 'videoId': 'SIm2W9TtzR0', 'textDisplay': 'Updated Video <a href="https://www.youtube.com/watch?v=A1III_DQU4I">https://youtu.be/A1III_DQU4I?si=_8-d4OpoIHpr2jJm</a>', 'textOriginal': 'Updated Video https://youtu.be/A1III_DQU4I?si=_8-d4OpoIHpr2jJm', 'authorDisplayName': '@analyticswithadam', 'authorProfileImageUrl': 'https://yt3.ggpht.com/2PBxLW_kGCY1hfybNHu216RHGBDBNZW4m7aS9kU2Lj_6waMwDMmDrGGEg6zJsYuAq63nDtNd=s48-c-k-c0x00ffffff-no-rj', 'authorChannelUrl': 'http://www.youtube.com/@analyticswithadam', 'authorChannelId': {'value': 'UCaizTs-t-jXjj8H0-S3ATYA'}, 'canRate': True, 'viewerRating': 'none', 'likeCount': 4, 'publishedAt': '2024-02-06T21:00:47Z', 'updatedAt': '2024-02-06T21:00:47Z'}}, 'canReply': True, 'totalReplyCount': 0, 'isPublic': True}}]}
[2025-01-31T01:23:21.334+0000] {taskinstance.py:340} INFO - ::group::Post task execution logs
[2025-01-31T01:23:21.335+0000] {taskinstance.py:352} INFO - Marking task as SUCCESS. dag_id=youtube_comments_etl_pipeline, task_id=extract_youtube_data, run_id=manual__2025-01-31T01:23:18.963080+00:00, execution_date=20250131T012318, start_date=20250131T012320, end_date=20250131T012321
[2025-01-31T01:23:21.347+0000] {logging_mixin.py:190} INFO - Task instance in success state
[2025-01-31T01:23:21.347+0000] {logging_mixin.py:190} INFO -  Previous state of the Task instance: running
[2025-01-31T01:23:21.347+0000] {logging_mixin.py:190} INFO - Dag name:youtube_comments_etl_pipeline queued_at:2025-01-31 01:23:18.997839+00:00
[2025-01-31T01:23:21.348+0000] {logging_mixin.py:190} INFO - Task hostname:8155aa75e0ca operator:_PythonDecoratedOperator
[2025-01-31T01:23:21.363+0000] {local_task_job_runner.py:266} INFO - Task exited with return code 0
[2025-01-31T01:23:21.383+0000] {taskinstance.py:3895} INFO - 1 downstream tasks scheduled from follow-on schedule check
[2025-01-31T01:23:21.386+0000] {local_task_job_runner.py:245} INFO - ::endgroup::
