[2025-01-25T06:11:58.729+0000] {local_task_job_runner.py:123} INFO - ::group::Pre task execution logs
[2025-01-25T06:11:58.768+0000] {taskinstance.py:2613} INFO - Dependencies all met for dep_context=non-requeueable deps ti=<TaskInstance: fetch_and_store_amazon_books.create_table scheduled__2024-08-03T00:00:00+00:00 [queued]>
[2025-01-25T06:11:58.789+0000] {taskinstance.py:2613} INFO - Dependencies all met for dep_context=requeueable deps ti=<TaskInstance: fetch_and_store_amazon_books.create_table scheduled__2024-08-03T00:00:00+00:00 [queued]>
[2025-01-25T06:11:58.795+0000] {taskinstance.py:2866} INFO - Starting attempt 1 of 2
[2025-01-25T06:11:58.837+0000] {taskinstance.py:2889} INFO - Executing <Task(PostgresOperator): create_table> on 2024-08-03 00:00:00+00:00
[2025-01-25T06:11:58.862+0000] {warnings.py:112} WARNING - /home/***/.local/lib/python3.12/site-packages/***/task/task_runner/standard_task_runner.py:70: DeprecationWarning: This process (pid=1522) is multi-threaded, use of fork() may lead to deadlocks in the child.
  pid = os.fork()

[2025-01-25T06:11:58.868+0000] {standard_task_runner.py:72} INFO - Started process 1556 to run task
[2025-01-25T06:11:58.875+0000] {standard_task_runner.py:104} INFO - Running: ['***', 'tasks', 'run', 'fetch_and_store_amazon_books', 'create_table', 'scheduled__2024-08-03T00:00:00+00:00', '--job-id', '166', '--raw', '--subdir', 'DAGS_FOLDER/app.py', '--cfg-path', '/tmp/tmpc_1z7nky']
[2025-01-25T06:11:58.877+0000] {standard_task_runner.py:105} INFO - Job 166: Subtask create_table
[2025-01-25T06:11:58.996+0000] {task_command.py:467} INFO - Running <TaskInstance: fetch_and_store_amazon_books.create_table scheduled__2024-08-03T00:00:00+00:00 [running]> on host 815074f09894
[2025-01-25T06:11:59.262+0000] {taskinstance.py:3132} INFO - Exporting env vars: AIRFLOW_CTX_DAG_OWNER='***' AIRFLOW_CTX_DAG_ID='fetch_and_store_amazon_books' AIRFLOW_CTX_TASK_ID='create_table' AIRFLOW_CTX_EXECUTION_DATE='2024-08-03T00:00:00+00:00' AIRFLOW_CTX_TRY_NUMBER='1' AIRFLOW_CTX_DAG_RUN_ID='scheduled__2024-08-03T00:00:00+00:00'
[2025-01-25T06:11:59.265+0000] {logging_mixin.py:190} INFO - Task instance is in running state
[2025-01-25T06:11:59.265+0000] {logging_mixin.py:190} INFO -  Previous state of the Task instance: queued
[2025-01-25T06:11:59.266+0000] {logging_mixin.py:190} INFO - Current task name:create_table state:running start_date:2025-01-25 06:11:58.773131+00:00
[2025-01-25T06:11:59.268+0000] {logging_mixin.py:190} INFO - Dag name:fetch_and_store_amazon_books and current dag run status:running
[2025-01-25T06:11:59.270+0000] {taskinstance.py:731} INFO - ::endgroup::
[2025-01-25T06:11:59.270+0000] {sql.py:278} INFO - Executing: 
    CREATE TABLE IF NOT EXISTS books (
        id SERIAL PRIMARY KEY,
        title TEXT NOT NULL,
        authors TEXT,
        price TEXT,
        rating TEXT
    );
    
[2025-01-25T06:11:59.294+0000] {base.py:84} INFO - Retrieving connection 'books_connection'
[2025-01-25T06:11:59.338+0000] {base.py:84} INFO - Retrieving connection 'books_connection'
[2025-01-25T06:11:59.344+0000] {sql.py:553} INFO - Running statement: 
    CREATE TABLE IF NOT EXISTS books (
        id SERIAL PRIMARY KEY,
        title TEXT NOT NULL,
        authors TEXT,
        price TEXT,
        rating TEXT
    );
    , parameters: None
[2025-01-25T06:11:59.383+0000] {taskinstance.py:340} INFO - ::group::Post task execution logs
[2025-01-25T06:11:59.384+0000] {taskinstance.py:352} INFO - Marking task as SUCCESS. dag_id=fetch_and_store_amazon_books, task_id=create_table, run_id=scheduled__2024-08-03T00:00:00+00:00, execution_date=20240803T000000, start_date=20250125T061158, end_date=20250125T061159
[2025-01-25T06:11:59.420+0000] {logging_mixin.py:190} INFO - Task instance in success state
[2025-01-25T06:11:59.427+0000] {logging_mixin.py:190} INFO -  Previous state of the Task instance: running
[2025-01-25T06:11:59.427+0000] {logging_mixin.py:190} INFO - Dag name:fetch_and_store_amazon_books queued_at:2025-01-25 06:11:47.634919+00:00
[2025-01-25T06:11:59.432+0000] {logging_mixin.py:190} INFO - Task hostname:815074f09894 operator:PostgresOperator
[2025-01-25T06:11:59.488+0000] {local_task_job_runner.py:266} INFO - Task exited with return code 0
[2025-01-25T06:11:59.516+0000] {local_task_job_runner.py:245} INFO - ::endgroup::
