[2025-02-01T13:35:06.033+0000] {processor.py:186} INFO - Started process (PID=62) to work on /opt/airflow/dags/app.py
[2025-02-01T13:35:06.035+0000] {processor.py:914} INFO - Processing file /opt/airflow/dags/app.py for tasks to queue
[2025-02-01T13:35:06.050+0000] {logging_mixin.py:190} INFO - [2025-02-01T13:35:06.050+0000] {dagbag.py:588} INFO - Filling up the DagBag from /opt/airflow/dags/app.py
[2025-02-01T13:35:06.149+0000] {processor.py:925} INFO - DAG(s) 'weather_etl_pipeline' retrieved from /opt/airflow/dags/app.py
[2025-02-01T13:35:06.868+0000] {logging_mixin.py:190} INFO - [2025-02-01T13:35:06.866+0000] {dag.py:3239} INFO - Sync 1 DAGs
[2025-02-01T13:35:06.908+0000] {logging_mixin.py:190} INFO - [2025-02-01T13:35:06.907+0000] {dag.py:4180} INFO - Setting next_dagrun for weather_etl_pipeline to 2025-02-01 00:00:00+00:00, run_after=2025-02-02 00:00:00+00:00
[2025-02-01T13:35:07.014+0000] {processor.py:208} INFO - Processing /opt/airflow/dags/app.py took 0.993 seconds
[2025-02-01T13:35:37.323+0000] {processor.py:186} INFO - Started process (PID=128) to work on /opt/airflow/dags/app.py
[2025-02-01T13:35:37.324+0000] {processor.py:914} INFO - Processing file /opt/airflow/dags/app.py for tasks to queue
[2025-02-01T13:35:37.326+0000] {logging_mixin.py:190} INFO - [2025-02-01T13:35:37.326+0000] {dagbag.py:588} INFO - Filling up the DagBag from /opt/airflow/dags/app.py
[2025-02-01T13:35:37.347+0000] {processor.py:925} INFO - DAG(s) 'weather_etl_pipeline' retrieved from /opt/airflow/dags/app.py
[2025-02-01T13:35:37.393+0000] {logging_mixin.py:190} INFO - [2025-02-01T13:35:37.393+0000] {dag.py:3239} INFO - Sync 1 DAGs
[2025-02-01T13:35:37.422+0000] {logging_mixin.py:190} INFO - [2025-02-01T13:35:37.421+0000] {dag.py:4180} INFO - Setting next_dagrun for weather_etl_pipeline to 2025-02-01 00:00:00+00:00, run_after=2025-02-02 00:00:00+00:00
[2025-02-01T13:35:37.444+0000] {processor.py:208} INFO - Processing /opt/airflow/dags/app.py took 0.125 seconds
[2025-02-01T13:36:08.386+0000] {processor.py:186} INFO - Started process (PID=194) to work on /opt/airflow/dags/app.py
[2025-02-01T13:36:08.388+0000] {processor.py:914} INFO - Processing file /opt/airflow/dags/app.py for tasks to queue
[2025-02-01T13:36:08.392+0000] {logging_mixin.py:190} INFO - [2025-02-01T13:36:08.391+0000] {dagbag.py:588} INFO - Filling up the DagBag from /opt/airflow/dags/app.py
[2025-02-01T13:36:08.406+0000] {processor.py:925} INFO - DAG(s) 'weather_etl_pipeline' retrieved from /opt/airflow/dags/app.py
[2025-02-01T13:36:08.422+0000] {logging_mixin.py:190} INFO - [2025-02-01T13:36:08.422+0000] {dag.py:3239} INFO - Sync 1 DAGs
[2025-02-01T13:36:08.449+0000] {logging_mixin.py:190} INFO - [2025-02-01T13:36:08.449+0000] {dag.py:4180} INFO - Setting next_dagrun for weather_etl_pipeline to 2025-02-01 00:00:00+00:00, run_after=2025-02-02 00:00:00+00:00
[2025-02-01T13:36:08.474+0000] {processor.py:208} INFO - Processing /opt/airflow/dags/app.py took 0.092 seconds
[2025-02-01T13:36:39.288+0000] {processor.py:186} INFO - Started process (PID=260) to work on /opt/airflow/dags/app.py
[2025-02-01T13:36:39.289+0000] {processor.py:914} INFO - Processing file /opt/airflow/dags/app.py for tasks to queue
[2025-02-01T13:36:39.292+0000] {logging_mixin.py:190} INFO - [2025-02-01T13:36:39.292+0000] {dagbag.py:588} INFO - Filling up the DagBag from /opt/airflow/dags/app.py
[2025-02-01T13:36:39.327+0000] {processor.py:925} INFO - DAG(s) 'weather_etl_pipeline' retrieved from /opt/airflow/dags/app.py
[2025-02-01T13:36:39.346+0000] {logging_mixin.py:190} INFO - [2025-02-01T13:36:39.346+0000] {dag.py:3239} INFO - Sync 1 DAGs
[2025-02-01T13:36:39.363+0000] {logging_mixin.py:190} INFO - [2025-02-01T13:36:39.363+0000] {dag.py:4180} INFO - Setting next_dagrun for weather_etl_pipeline to 2025-02-01 00:00:00+00:00, run_after=2025-02-02 00:00:00+00:00
[2025-02-01T13:36:39.378+0000] {processor.py:208} INFO - Processing /opt/airflow/dags/app.py took 0.095 seconds
[2025-02-01T13:37:10.325+0000] {processor.py:186} INFO - Started process (PID=326) to work on /opt/airflow/dags/app.py
[2025-02-01T13:37:10.326+0000] {processor.py:914} INFO - Processing file /opt/airflow/dags/app.py for tasks to queue
[2025-02-01T13:37:10.329+0000] {logging_mixin.py:190} INFO - [2025-02-01T13:37:10.328+0000] {dagbag.py:588} INFO - Filling up the DagBag from /opt/airflow/dags/app.py
[2025-02-01T13:37:10.364+0000] {processor.py:925} INFO - DAG(s) 'weather_etl_pipeline' retrieved from /opt/airflow/dags/app.py
[2025-02-01T13:37:10.398+0000] {logging_mixin.py:190} INFO - [2025-02-01T13:37:10.398+0000] {dag.py:3239} INFO - Sync 1 DAGs
[2025-02-01T13:37:10.429+0000] {logging_mixin.py:190} INFO - [2025-02-01T13:37:10.429+0000] {dag.py:4180} INFO - Setting next_dagrun for weather_etl_pipeline to 2025-02-01 00:00:00+00:00, run_after=2025-02-02 00:00:00+00:00
[2025-02-01T13:37:10.450+0000] {processor.py:208} INFO - Processing /opt/airflow/dags/app.py took 0.131 seconds
[2025-02-01T13:37:40.961+0000] {processor.py:186} INFO - Started process (PID=392) to work on /opt/airflow/dags/app.py
[2025-02-01T13:37:40.962+0000] {processor.py:914} INFO - Processing file /opt/airflow/dags/app.py for tasks to queue
[2025-02-01T13:37:40.969+0000] {logging_mixin.py:190} INFO - [2025-02-01T13:37:40.968+0000] {dagbag.py:588} INFO - Filling up the DagBag from /opt/airflow/dags/app.py
[2025-02-01T13:37:41.011+0000] {processor.py:925} INFO - DAG(s) 'weather_etl_pipeline' retrieved from /opt/airflow/dags/app.py
[2025-02-01T13:37:41.060+0000] {logging_mixin.py:190} INFO - [2025-02-01T13:37:41.060+0000] {dag.py:3239} INFO - Sync 1 DAGs
[2025-02-01T13:37:41.113+0000] {logging_mixin.py:190} INFO - [2025-02-01T13:37:41.113+0000] {dag.py:4180} INFO - Setting next_dagrun for weather_etl_pipeline to 2025-02-01 00:00:00+00:00, run_after=2025-02-02 00:00:00+00:00
[2025-02-01T13:37:41.148+0000] {processor.py:208} INFO - Processing /opt/airflow/dags/app.py took 0.200 seconds
[2025-02-01T13:38:11.433+0000] {processor.py:186} INFO - Started process (PID=458) to work on /opt/airflow/dags/app.py
[2025-02-01T13:38:11.436+0000] {processor.py:914} INFO - Processing file /opt/airflow/dags/app.py for tasks to queue
[2025-02-01T13:38:11.440+0000] {logging_mixin.py:190} INFO - [2025-02-01T13:38:11.440+0000] {dagbag.py:588} INFO - Filling up the DagBag from /opt/airflow/dags/app.py
[2025-02-01T13:38:11.455+0000] {processor.py:925} INFO - DAG(s) 'weather_etl_pipeline' retrieved from /opt/airflow/dags/app.py
[2025-02-01T13:38:11.474+0000] {logging_mixin.py:190} INFO - [2025-02-01T13:38:11.474+0000] {dag.py:3239} INFO - Sync 1 DAGs
[2025-02-01T13:38:11.494+0000] {logging_mixin.py:190} INFO - [2025-02-01T13:38:11.494+0000] {dag.py:4180} INFO - Setting next_dagrun for weather_etl_pipeline to 2025-02-01 00:00:00+00:00, run_after=2025-02-02 00:00:00+00:00
[2025-02-01T13:38:11.509+0000] {processor.py:208} INFO - Processing /opt/airflow/dags/app.py took 0.079 seconds
[2025-02-01T13:38:41.715+0000] {processor.py:186} INFO - Started process (PID=524) to work on /opt/airflow/dags/app.py
[2025-02-01T13:38:41.715+0000] {processor.py:914} INFO - Processing file /opt/airflow/dags/app.py for tasks to queue
[2025-02-01T13:38:41.718+0000] {logging_mixin.py:190} INFO - [2025-02-01T13:38:41.718+0000] {dagbag.py:588} INFO - Filling up the DagBag from /opt/airflow/dags/app.py
[2025-02-01T13:38:41.738+0000] {processor.py:925} INFO - DAG(s) 'weather_etl_pipeline' retrieved from /opt/airflow/dags/app.py
[2025-02-01T13:38:41.761+0000] {logging_mixin.py:190} INFO - [2025-02-01T13:38:41.760+0000] {dag.py:3239} INFO - Sync 1 DAGs
[2025-02-01T13:38:41.785+0000] {logging_mixin.py:190} INFO - [2025-02-01T13:38:41.784+0000] {dag.py:4180} INFO - Setting next_dagrun for weather_etl_pipeline to 2025-02-01 00:00:00+00:00, run_after=2025-02-02 00:00:00+00:00
[2025-02-01T13:38:41.811+0000] {processor.py:208} INFO - Processing /opt/airflow/dags/app.py took 0.100 seconds
[2025-02-01T13:39:12.597+0000] {processor.py:186} INFO - Started process (PID=590) to work on /opt/airflow/dags/app.py
[2025-02-01T13:39:12.598+0000] {processor.py:914} INFO - Processing file /opt/airflow/dags/app.py for tasks to queue
[2025-02-01T13:39:12.606+0000] {logging_mixin.py:190} INFO - [2025-02-01T13:39:12.606+0000] {dagbag.py:588} INFO - Filling up the DagBag from /opt/airflow/dags/app.py
[2025-02-01T13:39:12.625+0000] {processor.py:925} INFO - DAG(s) 'weather_etl_pipeline' retrieved from /opt/airflow/dags/app.py
[2025-02-01T13:39:12.650+0000] {logging_mixin.py:190} INFO - [2025-02-01T13:39:12.649+0000] {dag.py:3239} INFO - Sync 1 DAGs
[2025-02-01T13:39:12.671+0000] {logging_mixin.py:190} INFO - [2025-02-01T13:39:12.671+0000] {dag.py:4180} INFO - Setting next_dagrun for weather_etl_pipeline to 2025-02-01 00:00:00+00:00, run_after=2025-02-02 00:00:00+00:00
[2025-02-01T13:39:12.699+0000] {processor.py:208} INFO - Processing /opt/airflow/dags/app.py took 0.106 seconds
[2025-02-01T13:39:43.026+0000] {processor.py:186} INFO - Started process (PID=656) to work on /opt/airflow/dags/app.py
[2025-02-01T13:39:43.030+0000] {processor.py:914} INFO - Processing file /opt/airflow/dags/app.py for tasks to queue
[2025-02-01T13:39:43.033+0000] {logging_mixin.py:190} INFO - [2025-02-01T13:39:43.032+0000] {dagbag.py:588} INFO - Filling up the DagBag from /opt/airflow/dags/app.py
[2025-02-01T13:39:43.051+0000] {processor.py:925} INFO - DAG(s) 'weather_etl_pipeline' retrieved from /opt/airflow/dags/app.py
[2025-02-01T13:39:43.069+0000] {logging_mixin.py:190} INFO - [2025-02-01T13:39:43.069+0000] {dag.py:3239} INFO - Sync 1 DAGs
[2025-02-01T13:39:43.086+0000] {logging_mixin.py:190} INFO - [2025-02-01T13:39:43.086+0000] {dag.py:4180} INFO - Setting next_dagrun for weather_etl_pipeline to 2025-02-01 00:00:00+00:00, run_after=2025-02-02 00:00:00+00:00
[2025-02-01T13:39:43.104+0000] {processor.py:208} INFO - Processing /opt/airflow/dags/app.py took 0.086 seconds
[2025-02-01T13:40:13.344+0000] {processor.py:186} INFO - Started process (PID=722) to work on /opt/airflow/dags/app.py
[2025-02-01T13:40:13.346+0000] {processor.py:914} INFO - Processing file /opt/airflow/dags/app.py for tasks to queue
[2025-02-01T13:40:13.348+0000] {logging_mixin.py:190} INFO - [2025-02-01T13:40:13.348+0000] {dagbag.py:588} INFO - Filling up the DagBag from /opt/airflow/dags/app.py
[2025-02-01T13:40:13.365+0000] {processor.py:925} INFO - DAG(s) 'weather_etl_pipeline' retrieved from /opt/airflow/dags/app.py
[2025-02-01T13:40:13.390+0000] {logging_mixin.py:190} INFO - [2025-02-01T13:40:13.390+0000] {dag.py:3239} INFO - Sync 1 DAGs
[2025-02-01T13:40:13.433+0000] {logging_mixin.py:190} INFO - [2025-02-01T13:40:13.433+0000] {dag.py:4180} INFO - Setting next_dagrun for weather_etl_pipeline to 2025-02-01 00:00:00+00:00, run_after=2025-02-02 00:00:00+00:00
[2025-02-01T13:40:13.472+0000] {processor.py:208} INFO - Processing /opt/airflow/dags/app.py took 0.139 seconds
[2025-02-01T13:40:44.369+0000] {processor.py:186} INFO - Started process (PID=788) to work on /opt/airflow/dags/app.py
[2025-02-01T13:40:44.371+0000] {processor.py:914} INFO - Processing file /opt/airflow/dags/app.py for tasks to queue
[2025-02-01T13:40:44.374+0000] {logging_mixin.py:190} INFO - [2025-02-01T13:40:44.373+0000] {dagbag.py:588} INFO - Filling up the DagBag from /opt/airflow/dags/app.py
[2025-02-01T13:40:44.391+0000] {processor.py:925} INFO - DAG(s) 'weather_etl_pipeline' retrieved from /opt/airflow/dags/app.py
[2025-02-01T13:40:44.429+0000] {logging_mixin.py:190} INFO - [2025-02-01T13:40:44.428+0000] {dag.py:3239} INFO - Sync 1 DAGs
[2025-02-01T13:40:44.450+0000] {logging_mixin.py:190} INFO - [2025-02-01T13:40:44.450+0000] {dag.py:4180} INFO - Setting next_dagrun for weather_etl_pipeline to 2025-02-01 00:00:00+00:00, run_after=2025-02-02 00:00:00+00:00
[2025-02-01T13:40:44.471+0000] {processor.py:208} INFO - Processing /opt/airflow/dags/app.py took 0.106 seconds
[2025-02-01T13:41:15.235+0000] {processor.py:186} INFO - Started process (PID=854) to work on /opt/airflow/dags/app.py
[2025-02-01T13:41:15.238+0000] {processor.py:914} INFO - Processing file /opt/airflow/dags/app.py for tasks to queue
[2025-02-01T13:41:15.243+0000] {logging_mixin.py:190} INFO - [2025-02-01T13:41:15.242+0000] {dagbag.py:588} INFO - Filling up the DagBag from /opt/airflow/dags/app.py
[2025-02-01T13:41:15.268+0000] {processor.py:925} INFO - DAG(s) 'weather_etl_pipeline' retrieved from /opt/airflow/dags/app.py
[2025-02-01T13:41:15.294+0000] {logging_mixin.py:190} INFO - [2025-02-01T13:41:15.293+0000] {dag.py:3239} INFO - Sync 1 DAGs
[2025-02-01T13:41:15.323+0000] {logging_mixin.py:190} INFO - [2025-02-01T13:41:15.323+0000] {dag.py:4180} INFO - Setting next_dagrun for weather_etl_pipeline to 2025-02-01 00:00:00+00:00, run_after=2025-02-02 00:00:00+00:00
[2025-02-01T13:41:15.344+0000] {processor.py:208} INFO - Processing /opt/airflow/dags/app.py took 0.127 seconds
[2025-02-01T13:41:45.790+0000] {processor.py:186} INFO - Started process (PID=920) to work on /opt/airflow/dags/app.py
[2025-02-01T13:41:45.793+0000] {processor.py:914} INFO - Processing file /opt/airflow/dags/app.py for tasks to queue
[2025-02-01T13:41:45.795+0000] {logging_mixin.py:190} INFO - [2025-02-01T13:41:45.794+0000] {dagbag.py:588} INFO - Filling up the DagBag from /opt/airflow/dags/app.py
[2025-02-01T13:41:45.813+0000] {processor.py:925} INFO - DAG(s) 'weather_etl_pipeline' retrieved from /opt/airflow/dags/app.py
[2025-02-01T13:41:45.838+0000] {logging_mixin.py:190} INFO - [2025-02-01T13:41:45.838+0000] {dag.py:3239} INFO - Sync 1 DAGs
[2025-02-01T13:41:45.871+0000] {logging_mixin.py:190} INFO - [2025-02-01T13:41:45.871+0000] {dag.py:4180} INFO - Setting next_dagrun for weather_etl_pipeline to 2025-02-01 00:00:00+00:00, run_after=2025-02-02 00:00:00+00:00
[2025-02-01T13:41:45.888+0000] {processor.py:208} INFO - Processing /opt/airflow/dags/app.py took 0.103 seconds
[2025-02-01T13:42:16.043+0000] {processor.py:186} INFO - Started process (PID=986) to work on /opt/airflow/dags/app.py
[2025-02-01T13:42:16.045+0000] {processor.py:914} INFO - Processing file /opt/airflow/dags/app.py for tasks to queue
[2025-02-01T13:42:16.047+0000] {logging_mixin.py:190} INFO - [2025-02-01T13:42:16.047+0000] {dagbag.py:588} INFO - Filling up the DagBag from /opt/airflow/dags/app.py
[2025-02-01T13:42:16.065+0000] {processor.py:925} INFO - DAG(s) 'weather_etl_pipeline' retrieved from /opt/airflow/dags/app.py
[2025-02-01T13:42:16.085+0000] {logging_mixin.py:190} INFO - [2025-02-01T13:42:16.085+0000] {dag.py:3239} INFO - Sync 1 DAGs
[2025-02-01T13:42:16.116+0000] {logging_mixin.py:190} INFO - [2025-02-01T13:42:16.116+0000] {dag.py:4180} INFO - Setting next_dagrun for weather_etl_pipeline to 2025-02-01 00:00:00+00:00, run_after=2025-02-02 00:00:00+00:00
[2025-02-01T13:42:16.133+0000] {processor.py:208} INFO - Processing /opt/airflow/dags/app.py took 0.095 seconds
[2025-02-01T14:45:42.467+0000] {processor.py:186} INFO - Started process (PID=59) to work on /opt/airflow/dags/app.py
[2025-02-01T14:45:42.468+0000] {processor.py:914} INFO - Processing file /opt/airflow/dags/app.py for tasks to queue
[2025-02-01T14:45:42.473+0000] {logging_mixin.py:190} INFO - [2025-02-01T14:45:42.472+0000] {dagbag.py:588} INFO - Filling up the DagBag from /opt/airflow/dags/app.py
[2025-02-01T14:45:42.520+0000] {processor.py:925} INFO - DAG(s) 'weather_etl_pipeline' retrieved from /opt/airflow/dags/app.py
[2025-02-01T14:45:42.574+0000] {logging_mixin.py:190} INFO - [2025-02-01T14:45:42.574+0000] {dag.py:3239} INFO - Sync 1 DAGs
[2025-02-01T14:45:42.608+0000] {logging_mixin.py:190} INFO - [2025-02-01T14:45:42.608+0000] {dag.py:4180} INFO - Setting next_dagrun for weather_etl_pipeline to 2025-02-01 00:00:00+00:00, run_after=2025-02-02 00:00:00+00:00
[2025-02-01T14:45:42.650+0000] {processor.py:208} INFO - Processing /opt/airflow/dags/app.py took 0.188 seconds
[2025-02-01T14:46:12.957+0000] {processor.py:186} INFO - Started process (PID=124) to work on /opt/airflow/dags/app.py
[2025-02-01T14:46:12.958+0000] {processor.py:914} INFO - Processing file /opt/airflow/dags/app.py for tasks to queue
[2025-02-01T14:46:12.961+0000] {logging_mixin.py:190} INFO - [2025-02-01T14:46:12.961+0000] {dagbag.py:588} INFO - Filling up the DagBag from /opt/airflow/dags/app.py
[2025-02-01T14:46:12.990+0000] {processor.py:925} INFO - DAG(s) 'weather_etl_pipeline' retrieved from /opt/airflow/dags/app.py
[2025-02-01T14:46:13.018+0000] {logging_mixin.py:190} INFO - [2025-02-01T14:46:13.018+0000] {dag.py:3239} INFO - Sync 1 DAGs
[2025-02-01T14:46:13.041+0000] {logging_mixin.py:190} INFO - [2025-02-01T14:46:13.040+0000] {dag.py:4180} INFO - Setting next_dagrun for weather_etl_pipeline to 2025-02-01 00:00:00+00:00, run_after=2025-02-02 00:00:00+00:00
[2025-02-01T14:46:13.062+0000] {processor.py:208} INFO - Processing /opt/airflow/dags/app.py took 0.111 seconds
[2025-02-01T14:46:43.166+0000] {processor.py:186} INFO - Started process (PID=189) to work on /opt/airflow/dags/app.py
[2025-02-01T14:46:43.167+0000] {processor.py:914} INFO - Processing file /opt/airflow/dags/app.py for tasks to queue
[2025-02-01T14:46:43.174+0000] {logging_mixin.py:190} INFO - [2025-02-01T14:46:43.173+0000] {dagbag.py:588} INFO - Filling up the DagBag from /opt/airflow/dags/app.py
[2025-02-01T14:46:43.190+0000] {processor.py:925} INFO - DAG(s) 'weather_etl_pipeline' retrieved from /opt/airflow/dags/app.py
[2025-02-01T14:46:43.204+0000] {logging_mixin.py:190} INFO - [2025-02-01T14:46:43.204+0000] {dag.py:3239} INFO - Sync 1 DAGs
[2025-02-01T14:46:43.222+0000] {logging_mixin.py:190} INFO - [2025-02-01T14:46:43.222+0000] {dag.py:4180} INFO - Setting next_dagrun for weather_etl_pipeline to 2025-02-01 00:00:00+00:00, run_after=2025-02-02 00:00:00+00:00
[2025-02-01T14:46:43.230+0000] {processor.py:208} INFO - Processing /opt/airflow/dags/app.py took 0.072 seconds
[2025-02-01T14:47:14.190+0000] {processor.py:186} INFO - Started process (PID=256) to work on /opt/airflow/dags/app.py
[2025-02-01T14:47:14.191+0000] {processor.py:914} INFO - Processing file /opt/airflow/dags/app.py for tasks to queue
[2025-02-01T14:47:14.202+0000] {logging_mixin.py:190} INFO - [2025-02-01T14:47:14.201+0000] {dagbag.py:588} INFO - Filling up the DagBag from /opt/airflow/dags/app.py
[2025-02-01T14:47:14.225+0000] {processor.py:925} INFO - DAG(s) 'weather_etl_pipeline' retrieved from /opt/airflow/dags/app.py
[2025-02-01T14:47:14.253+0000] {logging_mixin.py:190} INFO - [2025-02-01T14:47:14.253+0000] {dag.py:3239} INFO - Sync 1 DAGs
[2025-02-01T14:47:14.272+0000] {logging_mixin.py:190} INFO - [2025-02-01T14:47:14.272+0000] {dag.py:4180} INFO - Setting next_dagrun for weather_etl_pipeline to 2025-02-01 00:00:00+00:00, run_after=2025-02-02 00:00:00+00:00
[2025-02-01T14:47:14.292+0000] {processor.py:208} INFO - Processing /opt/airflow/dags/app.py took 0.107 seconds
[2025-02-01T14:47:44.572+0000] {processor.py:186} INFO - Started process (PID=322) to work on /opt/airflow/dags/app.py
[2025-02-01T14:47:44.573+0000] {processor.py:914} INFO - Processing file /opt/airflow/dags/app.py for tasks to queue
[2025-02-01T14:47:44.578+0000] {logging_mixin.py:190} INFO - [2025-02-01T14:47:44.577+0000] {dagbag.py:588} INFO - Filling up the DagBag from /opt/airflow/dags/app.py
[2025-02-01T14:47:44.593+0000] {processor.py:925} INFO - DAG(s) 'weather_etl_pipeline' retrieved from /opt/airflow/dags/app.py
[2025-02-01T14:47:44.607+0000] {logging_mixin.py:190} INFO - [2025-02-01T14:47:44.607+0000] {dag.py:3239} INFO - Sync 1 DAGs
[2025-02-01T14:47:44.626+0000] {logging_mixin.py:190} INFO - [2025-02-01T14:47:44.626+0000] {dag.py:4180} INFO - Setting next_dagrun for weather_etl_pipeline to 2025-02-01 00:00:00+00:00, run_after=2025-02-02 00:00:00+00:00
[2025-02-01T14:47:44.646+0000] {processor.py:208} INFO - Processing /opt/airflow/dags/app.py took 0.078 seconds
[2025-02-01T14:48:15.258+0000] {processor.py:186} INFO - Started process (PID=388) to work on /opt/airflow/dags/app.py
[2025-02-01T14:48:15.260+0000] {processor.py:914} INFO - Processing file /opt/airflow/dags/app.py for tasks to queue
[2025-02-01T14:48:15.265+0000] {logging_mixin.py:190} INFO - [2025-02-01T14:48:15.264+0000] {dagbag.py:588} INFO - Filling up the DagBag from /opt/airflow/dags/app.py
[2025-02-01T14:48:15.279+0000] {processor.py:925} INFO - DAG(s) 'weather_etl_pipeline' retrieved from /opt/airflow/dags/app.py
[2025-02-01T14:48:15.296+0000] {logging_mixin.py:190} INFO - [2025-02-01T14:48:15.296+0000] {dag.py:3239} INFO - Sync 1 DAGs
[2025-02-01T14:48:15.312+0000] {logging_mixin.py:190} INFO - [2025-02-01T14:48:15.312+0000] {dag.py:4180} INFO - Setting next_dagrun for weather_etl_pipeline to 2025-02-01 00:00:00+00:00, run_after=2025-02-02 00:00:00+00:00
[2025-02-01T14:48:15.331+0000] {processor.py:208} INFO - Processing /opt/airflow/dags/app.py took 0.080 seconds
[2025-02-01T14:48:46.140+0000] {processor.py:186} INFO - Started process (PID=454) to work on /opt/airflow/dags/app.py
[2025-02-01T14:48:46.141+0000] {processor.py:914} INFO - Processing file /opt/airflow/dags/app.py for tasks to queue
[2025-02-01T14:48:46.146+0000] {logging_mixin.py:190} INFO - [2025-02-01T14:48:46.145+0000] {dagbag.py:588} INFO - Filling up the DagBag from /opt/airflow/dags/app.py
[2025-02-01T14:48:46.162+0000] {processor.py:925} INFO - DAG(s) 'weather_etl_pipeline' retrieved from /opt/airflow/dags/app.py
[2025-02-01T14:48:46.195+0000] {logging_mixin.py:190} INFO - [2025-02-01T14:48:46.195+0000] {dag.py:3239} INFO - Sync 1 DAGs
[2025-02-01T14:48:46.226+0000] {logging_mixin.py:190} INFO - [2025-02-01T14:48:46.225+0000] {dag.py:4180} INFO - Setting next_dagrun for weather_etl_pipeline to 2025-02-01 00:00:00+00:00, run_after=2025-02-02 00:00:00+00:00
[2025-02-01T14:48:46.252+0000] {processor.py:208} INFO - Processing /opt/airflow/dags/app.py took 0.117 seconds
[2025-02-01T14:49:17.117+0000] {processor.py:186} INFO - Started process (PID=526) to work on /opt/airflow/dags/app.py
[2025-02-01T14:49:17.118+0000] {processor.py:914} INFO - Processing file /opt/airflow/dags/app.py for tasks to queue
[2025-02-01T14:49:17.122+0000] {logging_mixin.py:190} INFO - [2025-02-01T14:49:17.122+0000] {dagbag.py:588} INFO - Filling up the DagBag from /opt/airflow/dags/app.py
[2025-02-01T14:49:17.143+0000] {processor.py:925} INFO - DAG(s) 'weather_etl_pipeline' retrieved from /opt/airflow/dags/app.py
[2025-02-01T14:49:17.165+0000] {logging_mixin.py:190} INFO - [2025-02-01T14:49:17.164+0000] {dag.py:3239} INFO - Sync 1 DAGs
[2025-02-01T14:49:17.184+0000] {logging_mixin.py:190} INFO - [2025-02-01T14:49:17.184+0000] {dag.py:4180} INFO - Setting next_dagrun for weather_etl_pipeline to 2025-02-01 00:00:00+00:00, run_after=2025-02-02 00:00:00+00:00
[2025-02-01T14:49:17.202+0000] {processor.py:208} INFO - Processing /opt/airflow/dags/app.py took 0.089 seconds
[2025-02-01T14:49:48.228+0000] {processor.py:186} INFO - Started process (PID=592) to work on /opt/airflow/dags/app.py
[2025-02-01T14:49:48.230+0000] {processor.py:914} INFO - Processing file /opt/airflow/dags/app.py for tasks to queue
[2025-02-01T14:49:48.241+0000] {logging_mixin.py:190} INFO - [2025-02-01T14:49:48.239+0000] {dagbag.py:588} INFO - Filling up the DagBag from /opt/airflow/dags/app.py
[2025-02-01T14:49:48.262+0000] {processor.py:925} INFO - DAG(s) 'weather_etl_pipeline' retrieved from /opt/airflow/dags/app.py
[2025-02-01T14:49:48.302+0000] {logging_mixin.py:190} INFO - [2025-02-01T14:49:48.302+0000] {dag.py:3239} INFO - Sync 1 DAGs
[2025-02-01T14:49:48.359+0000] {logging_mixin.py:190} INFO - [2025-02-01T14:49:48.359+0000] {dag.py:4180} INFO - Setting next_dagrun for weather_etl_pipeline to 2025-02-01 00:00:00+00:00, run_after=2025-02-02 00:00:00+00:00
[2025-02-01T14:49:48.380+0000] {processor.py:208} INFO - Processing /opt/airflow/dags/app.py took 0.158 seconds
[2025-02-01T14:50:19.371+0000] {processor.py:186} INFO - Started process (PID=658) to work on /opt/airflow/dags/app.py
[2025-02-01T14:50:19.372+0000] {processor.py:914} INFO - Processing file /opt/airflow/dags/app.py for tasks to queue
[2025-02-01T14:50:19.374+0000] {logging_mixin.py:190} INFO - [2025-02-01T14:50:19.374+0000] {dagbag.py:588} INFO - Filling up the DagBag from /opt/airflow/dags/app.py
[2025-02-01T14:50:19.386+0000] {processor.py:925} INFO - DAG(s) 'weather_etl_pipeline' retrieved from /opt/airflow/dags/app.py
[2025-02-01T14:50:19.400+0000] {logging_mixin.py:190} INFO - [2025-02-01T14:50:19.400+0000] {dag.py:3239} INFO - Sync 1 DAGs
[2025-02-01T14:50:19.418+0000] {logging_mixin.py:190} INFO - [2025-02-01T14:50:19.418+0000] {dag.py:4180} INFO - Setting next_dagrun for weather_etl_pipeline to 2025-02-01 00:00:00+00:00, run_after=2025-02-02 00:00:00+00:00
[2025-02-01T14:50:19.431+0000] {processor.py:208} INFO - Processing /opt/airflow/dags/app.py took 0.064 seconds
[2025-02-01T14:50:50.291+0000] {processor.py:186} INFO - Started process (PID=724) to work on /opt/airflow/dags/app.py
[2025-02-01T14:50:50.293+0000] {processor.py:914} INFO - Processing file /opt/airflow/dags/app.py for tasks to queue
[2025-02-01T14:50:50.296+0000] {logging_mixin.py:190} INFO - [2025-02-01T14:50:50.295+0000] {dagbag.py:588} INFO - Filling up the DagBag from /opt/airflow/dags/app.py
[2025-02-01T14:50:50.313+0000] {processor.py:925} INFO - DAG(s) 'weather_etl_pipeline' retrieved from /opt/airflow/dags/app.py
[2025-02-01T14:50:50.330+0000] {logging_mixin.py:190} INFO - [2025-02-01T14:50:50.330+0000] {dag.py:3239} INFO - Sync 1 DAGs
[2025-02-01T14:50:50.362+0000] {logging_mixin.py:190} INFO - [2025-02-01T14:50:50.362+0000] {dag.py:4180} INFO - Setting next_dagrun for weather_etl_pipeline to 2025-02-01 00:00:00+00:00, run_after=2025-02-02 00:00:00+00:00
[2025-02-01T14:50:50.379+0000] {processor.py:208} INFO - Processing /opt/airflow/dags/app.py took 0.093 seconds
[2025-02-01T14:51:21.297+0000] {processor.py:186} INFO - Started process (PID=790) to work on /opt/airflow/dags/app.py
[2025-02-01T14:51:21.298+0000] {processor.py:914} INFO - Processing file /opt/airflow/dags/app.py for tasks to queue
[2025-02-01T14:51:21.300+0000] {logging_mixin.py:190} INFO - [2025-02-01T14:51:21.300+0000] {dagbag.py:588} INFO - Filling up the DagBag from /opt/airflow/dags/app.py
[2025-02-01T14:51:21.315+0000] {processor.py:925} INFO - DAG(s) 'weather_etl_pipeline' retrieved from /opt/airflow/dags/app.py
[2025-02-01T14:51:21.335+0000] {logging_mixin.py:190} INFO - [2025-02-01T14:51:21.335+0000] {dag.py:3239} INFO - Sync 1 DAGs
[2025-02-01T14:51:21.355+0000] {logging_mixin.py:190} INFO - [2025-02-01T14:51:21.355+0000] {dag.py:4180} INFO - Setting next_dagrun for weather_etl_pipeline to 2025-02-01 00:00:00+00:00, run_after=2025-02-02 00:00:00+00:00
[2025-02-01T14:51:21.367+0000] {processor.py:208} INFO - Processing /opt/airflow/dags/app.py took 0.078 seconds
[2025-02-01T14:51:51.456+0000] {processor.py:186} INFO - Started process (PID=856) to work on /opt/airflow/dags/app.py
[2025-02-01T14:51:51.457+0000] {processor.py:914} INFO - Processing file /opt/airflow/dags/app.py for tasks to queue
[2025-02-01T14:51:51.459+0000] {logging_mixin.py:190} INFO - [2025-02-01T14:51:51.459+0000] {dagbag.py:588} INFO - Filling up the DagBag from /opt/airflow/dags/app.py
[2025-02-01T14:51:51.470+0000] {processor.py:925} INFO - DAG(s) 'weather_etl_pipeline' retrieved from /opt/airflow/dags/app.py
[2025-02-01T14:51:51.485+0000] {logging_mixin.py:190} INFO - [2025-02-01T14:51:51.485+0000] {dag.py:3239} INFO - Sync 1 DAGs
[2025-02-01T14:51:51.505+0000] {logging_mixin.py:190} INFO - [2025-02-01T14:51:51.504+0000] {dag.py:4180} INFO - Setting next_dagrun for weather_etl_pipeline to 2025-02-01 00:00:00+00:00, run_after=2025-02-02 00:00:00+00:00
[2025-02-01T14:51:51.515+0000] {processor.py:208} INFO - Processing /opt/airflow/dags/app.py took 0.065 seconds
[2025-02-01T14:52:22.010+0000] {processor.py:186} INFO - Started process (PID=922) to work on /opt/airflow/dags/app.py
[2025-02-01T14:52:22.013+0000] {processor.py:914} INFO - Processing file /opt/airflow/dags/app.py for tasks to queue
[2025-02-01T14:52:22.023+0000] {logging_mixin.py:190} INFO - [2025-02-01T14:52:22.023+0000] {dagbag.py:588} INFO - Filling up the DagBag from /opt/airflow/dags/app.py
[2025-02-01T14:52:22.047+0000] {processor.py:925} INFO - DAG(s) 'weather_etl_pipeline' retrieved from /opt/airflow/dags/app.py
[2025-02-01T14:52:22.077+0000] {logging_mixin.py:190} INFO - [2025-02-01T14:52:22.077+0000] {dag.py:3239} INFO - Sync 1 DAGs
[2025-02-01T14:52:22.094+0000] {logging_mixin.py:190} INFO - [2025-02-01T14:52:22.094+0000] {dag.py:4180} INFO - Setting next_dagrun for weather_etl_pipeline to 2025-02-01 00:00:00+00:00, run_after=2025-02-02 00:00:00+00:00
[2025-02-01T14:52:22.106+0000] {processor.py:208} INFO - Processing /opt/airflow/dags/app.py took 0.106 seconds
[2025-02-01T14:52:52.806+0000] {processor.py:186} INFO - Started process (PID=988) to work on /opt/airflow/dags/app.py
[2025-02-01T14:52:52.807+0000] {processor.py:914} INFO - Processing file /opt/airflow/dags/app.py for tasks to queue
[2025-02-01T14:52:52.812+0000] {logging_mixin.py:190} INFO - [2025-02-01T14:52:52.811+0000] {dagbag.py:588} INFO - Filling up the DagBag from /opt/airflow/dags/app.py
[2025-02-01T14:52:52.846+0000] {processor.py:925} INFO - DAG(s) 'weather_etl_pipeline' retrieved from /opt/airflow/dags/app.py
[2025-02-01T14:52:52.869+0000] {logging_mixin.py:190} INFO - [2025-02-01T14:52:52.869+0000] {dag.py:3239} INFO - Sync 1 DAGs
[2025-02-01T14:52:52.884+0000] {logging_mixin.py:190} INFO - [2025-02-01T14:52:52.884+0000] {dag.py:4180} INFO - Setting next_dagrun for weather_etl_pipeline to 2025-02-01 00:00:00+00:00, run_after=2025-02-02 00:00:00+00:00
[2025-02-01T14:52:52.906+0000] {processor.py:208} INFO - Processing /opt/airflow/dags/app.py took 0.107 seconds
[2025-02-01T14:53:22.962+0000] {processor.py:186} INFO - Started process (PID=1054) to work on /opt/airflow/dags/app.py
[2025-02-01T14:53:22.963+0000] {processor.py:914} INFO - Processing file /opt/airflow/dags/app.py for tasks to queue
[2025-02-01T14:53:22.965+0000] {logging_mixin.py:190} INFO - [2025-02-01T14:53:22.965+0000] {dagbag.py:588} INFO - Filling up the DagBag from /opt/airflow/dags/app.py
[2025-02-01T14:53:22.974+0000] {processor.py:925} INFO - DAG(s) 'weather_etl_pipeline' retrieved from /opt/airflow/dags/app.py
[2025-02-01T14:53:22.988+0000] {logging_mixin.py:190} INFO - [2025-02-01T14:53:22.987+0000] {dag.py:3239} INFO - Sync 1 DAGs
[2025-02-01T14:53:22.999+0000] {logging_mixin.py:190} INFO - [2025-02-01T14:53:22.999+0000] {dag.py:4180} INFO - Setting next_dagrun for weather_etl_pipeline to 2025-02-01 00:00:00+00:00, run_after=2025-02-02 00:00:00+00:00
[2025-02-01T14:53:23.007+0000] {processor.py:208} INFO - Processing /opt/airflow/dags/app.py took 0.050 seconds
[2025-02-01T14:53:53.749+0000] {processor.py:186} INFO - Started process (PID=1120) to work on /opt/airflow/dags/app.py
[2025-02-01T14:53:53.750+0000] {processor.py:914} INFO - Processing file /opt/airflow/dags/app.py for tasks to queue
[2025-02-01T14:53:53.753+0000] {logging_mixin.py:190} INFO - [2025-02-01T14:53:53.753+0000] {dagbag.py:588} INFO - Filling up the DagBag from /opt/airflow/dags/app.py
[2025-02-01T14:53:53.766+0000] {processor.py:925} INFO - DAG(s) 'weather_etl_pipeline' retrieved from /opt/airflow/dags/app.py
[2025-02-01T14:53:53.784+0000] {logging_mixin.py:190} INFO - [2025-02-01T14:53:53.784+0000] {dag.py:3239} INFO - Sync 1 DAGs
[2025-02-01T14:53:53.800+0000] {logging_mixin.py:190} INFO - [2025-02-01T14:53:53.800+0000] {dag.py:4180} INFO - Setting next_dagrun for weather_etl_pipeline to 2025-02-01 00:00:00+00:00, run_after=2025-02-02 00:00:00+00:00
[2025-02-01T14:53:53.810+0000] {processor.py:208} INFO - Processing /opt/airflow/dags/app.py took 0.066 seconds
[2025-02-01T14:54:23.882+0000] {processor.py:186} INFO - Started process (PID=1186) to work on /opt/airflow/dags/app.py
[2025-02-01T14:54:23.883+0000] {processor.py:914} INFO - Processing file /opt/airflow/dags/app.py for tasks to queue
[2025-02-01T14:54:23.885+0000] {logging_mixin.py:190} INFO - [2025-02-01T14:54:23.885+0000] {dagbag.py:588} INFO - Filling up the DagBag from /opt/airflow/dags/app.py
[2025-02-01T14:54:23.895+0000] {processor.py:925} INFO - DAG(s) 'weather_etl_pipeline' retrieved from /opt/airflow/dags/app.py
[2025-02-01T14:54:23.909+0000] {logging_mixin.py:190} INFO - [2025-02-01T14:54:23.909+0000] {dag.py:3239} INFO - Sync 1 DAGs
[2025-02-01T14:54:23.923+0000] {logging_mixin.py:190} INFO - [2025-02-01T14:54:23.923+0000] {dag.py:4180} INFO - Setting next_dagrun for weather_etl_pipeline to 2025-02-01 00:00:00+00:00, run_after=2025-02-02 00:00:00+00:00
[2025-02-01T14:54:23.931+0000] {processor.py:208} INFO - Processing /opt/airflow/dags/app.py took 0.054 seconds
[2025-02-01T14:54:54.781+0000] {processor.py:186} INFO - Started process (PID=1252) to work on /opt/airflow/dags/app.py
[2025-02-01T14:54:54.782+0000] {processor.py:914} INFO - Processing file /opt/airflow/dags/app.py for tasks to queue
[2025-02-01T14:54:54.785+0000] {logging_mixin.py:190} INFO - [2025-02-01T14:54:54.785+0000] {dagbag.py:588} INFO - Filling up the DagBag from /opt/airflow/dags/app.py
[2025-02-01T14:54:54.796+0000] {processor.py:925} INFO - DAG(s) 'weather_etl_pipeline' retrieved from /opt/airflow/dags/app.py
[2025-02-01T14:54:54.814+0000] {logging_mixin.py:190} INFO - [2025-02-01T14:54:54.813+0000] {dag.py:3239} INFO - Sync 1 DAGs
[2025-02-01T14:54:54.827+0000] {logging_mixin.py:190} INFO - [2025-02-01T14:54:54.827+0000] {dag.py:4180} INFO - Setting next_dagrun for weather_etl_pipeline to 2025-02-01 00:00:00+00:00, run_after=2025-02-02 00:00:00+00:00
[2025-02-01T14:54:54.835+0000] {processor.py:208} INFO - Processing /opt/airflow/dags/app.py took 0.060 seconds
[2025-02-01T14:55:24.853+0000] {processor.py:186} INFO - Started process (PID=1318) to work on /opt/airflow/dags/app.py
[2025-02-01T14:55:24.853+0000] {processor.py:914} INFO - Processing file /opt/airflow/dags/app.py for tasks to queue
[2025-02-01T14:55:24.854+0000] {logging_mixin.py:190} INFO - [2025-02-01T14:55:24.854+0000] {dagbag.py:588} INFO - Filling up the DagBag from /opt/airflow/dags/app.py
[2025-02-01T14:55:24.860+0000] {processor.py:925} INFO - DAG(s) 'weather_etl_pipeline' retrieved from /opt/airflow/dags/app.py
[2025-02-01T14:55:24.870+0000] {logging_mixin.py:190} INFO - [2025-02-01T14:55:24.870+0000] {dag.py:3239} INFO - Sync 1 DAGs
[2025-02-01T14:55:24.881+0000] {logging_mixin.py:190} INFO - [2025-02-01T14:55:24.881+0000] {dag.py:4180} INFO - Setting next_dagrun for weather_etl_pipeline to 2025-02-01 00:00:00+00:00, run_after=2025-02-02 00:00:00+00:00
[2025-02-01T14:55:24.888+0000] {processor.py:208} INFO - Processing /opt/airflow/dags/app.py took 0.038 seconds
[2025-02-01T14:55:55.769+0000] {processor.py:186} INFO - Started process (PID=1384) to work on /opt/airflow/dags/app.py
[2025-02-01T14:55:55.769+0000] {processor.py:914} INFO - Processing file /opt/airflow/dags/app.py for tasks to queue
[2025-02-01T14:55:55.770+0000] {logging_mixin.py:190} INFO - [2025-02-01T14:55:55.770+0000] {dagbag.py:588} INFO - Filling up the DagBag from /opt/airflow/dags/app.py
[2025-02-01T14:55:55.776+0000] {processor.py:925} INFO - DAG(s) 'weather_etl_pipeline' retrieved from /opt/airflow/dags/app.py
[2025-02-01T14:55:55.788+0000] {logging_mixin.py:190} INFO - [2025-02-01T14:55:55.787+0000] {dag.py:3239} INFO - Sync 1 DAGs
[2025-02-01T14:55:55.798+0000] {logging_mixin.py:190} INFO - [2025-02-01T14:55:55.798+0000] {dag.py:4180} INFO - Setting next_dagrun for weather_etl_pipeline to 2025-02-01 00:00:00+00:00, run_after=2025-02-02 00:00:00+00:00
[2025-02-01T14:55:55.805+0000] {processor.py:208} INFO - Processing /opt/airflow/dags/app.py took 0.040 seconds
[2025-02-01T14:56:25.829+0000] {processor.py:186} INFO - Started process (PID=1450) to work on /opt/airflow/dags/app.py
[2025-02-01T14:56:25.830+0000] {processor.py:914} INFO - Processing file /opt/airflow/dags/app.py for tasks to queue
[2025-02-01T14:56:25.831+0000] {logging_mixin.py:190} INFO - [2025-02-01T14:56:25.831+0000] {dagbag.py:588} INFO - Filling up the DagBag from /opt/airflow/dags/app.py
[2025-02-01T14:56:25.837+0000] {processor.py:925} INFO - DAG(s) 'weather_etl_pipeline' retrieved from /opt/airflow/dags/app.py
[2025-02-01T14:56:25.848+0000] {logging_mixin.py:190} INFO - [2025-02-01T14:56:25.848+0000] {dag.py:3239} INFO - Sync 1 DAGs
[2025-02-01T14:56:25.859+0000] {logging_mixin.py:190} INFO - [2025-02-01T14:56:25.859+0000] {dag.py:4180} INFO - Setting next_dagrun for weather_etl_pipeline to 2025-02-01 00:00:00+00:00, run_after=2025-02-02 00:00:00+00:00
[2025-02-01T14:56:25.866+0000] {processor.py:208} INFO - Processing /opt/airflow/dags/app.py took 0.041 seconds
[2025-02-01T14:56:55.983+0000] {processor.py:186} INFO - Started process (PID=1516) to work on /opt/airflow/dags/app.py
[2025-02-01T14:56:55.983+0000] {processor.py:914} INFO - Processing file /opt/airflow/dags/app.py for tasks to queue
[2025-02-01T14:56:55.985+0000] {logging_mixin.py:190} INFO - [2025-02-01T14:56:55.985+0000] {dagbag.py:588} INFO - Filling up the DagBag from /opt/airflow/dags/app.py
[2025-02-01T14:56:55.995+0000] {processor.py:925} INFO - DAG(s) 'weather_etl_pipeline' retrieved from /opt/airflow/dags/app.py
[2025-02-01T14:56:56.008+0000] {logging_mixin.py:190} INFO - [2025-02-01T14:56:56.007+0000] {dag.py:3239} INFO - Sync 1 DAGs
[2025-02-01T14:56:56.026+0000] {logging_mixin.py:190} INFO - [2025-02-01T14:56:56.025+0000] {dag.py:4180} INFO - Setting next_dagrun for weather_etl_pipeline to 2025-02-01 00:00:00+00:00, run_after=2025-02-02 00:00:00+00:00
[2025-02-01T14:56:56.035+0000] {processor.py:208} INFO - Processing /opt/airflow/dags/app.py took 0.056 seconds
[2025-02-01T14:57:26.879+0000] {processor.py:186} INFO - Started process (PID=1582) to work on /opt/airflow/dags/app.py
[2025-02-01T14:57:26.880+0000] {processor.py:914} INFO - Processing file /opt/airflow/dags/app.py for tasks to queue
[2025-02-01T14:57:26.881+0000] {logging_mixin.py:190} INFO - [2025-02-01T14:57:26.881+0000] {dagbag.py:588} INFO - Filling up the DagBag from /opt/airflow/dags/app.py
[2025-02-01T14:57:26.893+0000] {processor.py:925} INFO - DAG(s) 'weather_etl_pipeline' retrieved from /opt/airflow/dags/app.py
[2025-02-01T14:57:26.911+0000] {logging_mixin.py:190} INFO - [2025-02-01T14:57:26.911+0000] {dag.py:3239} INFO - Sync 1 DAGs
[2025-02-01T14:57:26.931+0000] {logging_mixin.py:190} INFO - [2025-02-01T14:57:26.931+0000] {dag.py:4180} INFO - Setting next_dagrun for weather_etl_pipeline to 2025-02-01 00:00:00+00:00, run_after=2025-02-02 00:00:00+00:00
[2025-02-01T14:57:26.943+0000] {processor.py:208} INFO - Processing /opt/airflow/dags/app.py took 0.068 seconds
[2025-02-01T14:57:57.944+0000] {processor.py:186} INFO - Started process (PID=1648) to work on /opt/airflow/dags/app.py
[2025-02-01T14:57:57.945+0000] {processor.py:914} INFO - Processing file /opt/airflow/dags/app.py for tasks to queue
[2025-02-01T14:57:57.948+0000] {logging_mixin.py:190} INFO - [2025-02-01T14:57:57.948+0000] {dagbag.py:588} INFO - Filling up the DagBag from /opt/airflow/dags/app.py
[2025-02-01T14:57:57.957+0000] {processor.py:925} INFO - DAG(s) 'weather_etl_pipeline' retrieved from /opt/airflow/dags/app.py
[2025-02-01T14:57:57.968+0000] {logging_mixin.py:190} INFO - [2025-02-01T14:57:57.968+0000] {dag.py:3239} INFO - Sync 1 DAGs
[2025-02-01T14:57:57.982+0000] {logging_mixin.py:190} INFO - [2025-02-01T14:57:57.982+0000] {dag.py:4180} INFO - Setting next_dagrun for weather_etl_pipeline to 2025-02-01 00:00:00+00:00, run_after=2025-02-02 00:00:00+00:00
[2025-02-01T14:57:57.990+0000] {processor.py:208} INFO - Processing /opt/airflow/dags/app.py took 0.050 seconds
[2025-02-01T14:58:28.702+0000] {processor.py:186} INFO - Started process (PID=1714) to work on /opt/airflow/dags/app.py
[2025-02-01T14:58:28.703+0000] {processor.py:914} INFO - Processing file /opt/airflow/dags/app.py for tasks to queue
[2025-02-01T14:58:28.706+0000] {logging_mixin.py:190} INFO - [2025-02-01T14:58:28.705+0000] {dagbag.py:588} INFO - Filling up the DagBag from /opt/airflow/dags/app.py
[2025-02-01T14:58:28.721+0000] {processor.py:925} INFO - DAG(s) 'weather_etl_pipeline' retrieved from /opt/airflow/dags/app.py
[2025-02-01T14:58:28.741+0000] {logging_mixin.py:190} INFO - [2025-02-01T14:58:28.741+0000] {dag.py:3239} INFO - Sync 1 DAGs
[2025-02-01T14:58:28.763+0000] {logging_mixin.py:190} INFO - [2025-02-01T14:58:28.762+0000] {dag.py:4180} INFO - Setting next_dagrun for weather_etl_pipeline to 2025-02-01 00:00:00+00:00, run_after=2025-02-02 00:00:00+00:00
[2025-02-01T14:58:28.777+0000] {processor.py:208} INFO - Processing /opt/airflow/dags/app.py took 0.082 seconds
[2025-02-01T14:58:59.518+0000] {processor.py:186} INFO - Started process (PID=1780) to work on /opt/airflow/dags/app.py
[2025-02-01T14:58:59.520+0000] {processor.py:914} INFO - Processing file /opt/airflow/dags/app.py for tasks to queue
[2025-02-01T14:58:59.524+0000] {logging_mixin.py:190} INFO - [2025-02-01T14:58:59.523+0000] {dagbag.py:588} INFO - Filling up the DagBag from /opt/airflow/dags/app.py
[2025-02-01T14:58:59.559+0000] {processor.py:925} INFO - DAG(s) 'weather_etl_pipeline' retrieved from /opt/airflow/dags/app.py
[2025-02-01T14:58:59.593+0000] {logging_mixin.py:190} INFO - [2025-02-01T14:58:59.593+0000] {dag.py:3239} INFO - Sync 1 DAGs
[2025-02-01T14:58:59.625+0000] {logging_mixin.py:190} INFO - [2025-02-01T14:58:59.625+0000] {dag.py:4180} INFO - Setting next_dagrun for weather_etl_pipeline to 2025-02-01 00:00:00+00:00, run_after=2025-02-02 00:00:00+00:00
[2025-02-01T14:58:59.642+0000] {processor.py:208} INFO - Processing /opt/airflow/dags/app.py took 0.130 seconds
[2025-02-01T14:59:30.595+0000] {processor.py:186} INFO - Started process (PID=1846) to work on /opt/airflow/dags/app.py
[2025-02-01T14:59:30.597+0000] {processor.py:914} INFO - Processing file /opt/airflow/dags/app.py for tasks to queue
[2025-02-01T14:59:30.599+0000] {logging_mixin.py:190} INFO - [2025-02-01T14:59:30.599+0000] {dagbag.py:588} INFO - Filling up the DagBag from /opt/airflow/dags/app.py
[2025-02-01T14:59:30.620+0000] {processor.py:925} INFO - DAG(s) 'weather_etl_pipeline' retrieved from /opt/airflow/dags/app.py
[2025-02-01T14:59:30.639+0000] {logging_mixin.py:190} INFO - [2025-02-01T14:59:30.639+0000] {dag.py:3239} INFO - Sync 1 DAGs
[2025-02-01T14:59:30.660+0000] {logging_mixin.py:190} INFO - [2025-02-01T14:59:30.660+0000] {dag.py:4180} INFO - Setting next_dagrun for weather_etl_pipeline to 2025-02-01 00:00:00+00:00, run_after=2025-02-02 00:00:00+00:00
[2025-02-01T14:59:30.676+0000] {processor.py:208} INFO - Processing /opt/airflow/dags/app.py took 0.085 seconds
[2025-02-01T15:00:00.838+0000] {processor.py:186} INFO - Started process (PID=1912) to work on /opt/airflow/dags/app.py
[2025-02-01T15:00:00.840+0000] {processor.py:914} INFO - Processing file /opt/airflow/dags/app.py for tasks to queue
[2025-02-01T15:00:00.844+0000] {logging_mixin.py:190} INFO - [2025-02-01T15:00:00.844+0000] {dagbag.py:588} INFO - Filling up the DagBag from /opt/airflow/dags/app.py
[2025-02-01T15:00:00.861+0000] {processor.py:925} INFO - DAG(s) 'weather_etl_pipeline' retrieved from /opt/airflow/dags/app.py
[2025-02-01T15:00:00.902+0000] {logging_mixin.py:190} INFO - [2025-02-01T15:00:00.901+0000] {dag.py:3239} INFO - Sync 1 DAGs
[2025-02-01T15:00:00.925+0000] {logging_mixin.py:190} INFO - [2025-02-01T15:00:00.925+0000] {dag.py:4180} INFO - Setting next_dagrun for weather_etl_pipeline to 2025-02-01 00:00:00+00:00, run_after=2025-02-02 00:00:00+00:00
[2025-02-01T15:00:00.940+0000] {processor.py:208} INFO - Processing /opt/airflow/dags/app.py took 0.109 seconds
[2025-02-01T15:00:31.093+0000] {processor.py:186} INFO - Started process (PID=1978) to work on /opt/airflow/dags/app.py
[2025-02-01T15:00:31.094+0000] {processor.py:914} INFO - Processing file /opt/airflow/dags/app.py for tasks to queue
[2025-02-01T15:00:31.102+0000] {logging_mixin.py:190} INFO - [2025-02-01T15:00:31.101+0000] {dagbag.py:588} INFO - Filling up the DagBag from /opt/airflow/dags/app.py
[2025-02-01T15:00:31.119+0000] {processor.py:925} INFO - DAG(s) 'weather_etl_pipeline' retrieved from /opt/airflow/dags/app.py
[2025-02-01T15:00:31.135+0000] {logging_mixin.py:190} INFO - [2025-02-01T15:00:31.135+0000] {dag.py:3239} INFO - Sync 1 DAGs
[2025-02-01T15:00:31.149+0000] {logging_mixin.py:190} INFO - [2025-02-01T15:00:31.148+0000] {dag.py:4180} INFO - Setting next_dagrun for weather_etl_pipeline to 2025-02-01 00:00:00+00:00, run_after=2025-02-02 00:00:00+00:00
[2025-02-01T15:00:31.164+0000] {processor.py:208} INFO - Processing /opt/airflow/dags/app.py took 0.076 seconds
[2025-02-01T15:01:01.479+0000] {processor.py:186} INFO - Started process (PID=2044) to work on /opt/airflow/dags/app.py
[2025-02-01T15:01:01.481+0000] {processor.py:914} INFO - Processing file /opt/airflow/dags/app.py for tasks to queue
[2025-02-01T15:01:01.483+0000] {logging_mixin.py:190} INFO - [2025-02-01T15:01:01.482+0000] {dagbag.py:588} INFO - Filling up the DagBag from /opt/airflow/dags/app.py
[2025-02-01T15:01:01.497+0000] {processor.py:925} INFO - DAG(s) 'weather_etl_pipeline' retrieved from /opt/airflow/dags/app.py
[2025-02-01T15:01:01.526+0000] {logging_mixin.py:190} INFO - [2025-02-01T15:01:01.525+0000] {dag.py:3239} INFO - Sync 1 DAGs
[2025-02-01T15:01:01.546+0000] {logging_mixin.py:190} INFO - [2025-02-01T15:01:01.545+0000] {dag.py:4180} INFO - Setting next_dagrun for weather_etl_pipeline to 2025-02-01 00:00:00+00:00, run_after=2025-02-02 00:00:00+00:00
[2025-02-01T15:01:01.556+0000] {processor.py:208} INFO - Processing /opt/airflow/dags/app.py took 0.080 seconds
[2025-02-01T15:01:31.881+0000] {processor.py:186} INFO - Started process (PID=2110) to work on /opt/airflow/dags/app.py
[2025-02-01T15:01:31.883+0000] {processor.py:914} INFO - Processing file /opt/airflow/dags/app.py for tasks to queue
[2025-02-01T15:01:31.888+0000] {logging_mixin.py:190} INFO - [2025-02-01T15:01:31.887+0000] {dagbag.py:588} INFO - Filling up the DagBag from /opt/airflow/dags/app.py
[2025-02-01T15:01:31.948+0000] {processor.py:925} INFO - DAG(s) 'weather_etl_pipeline' retrieved from /opt/airflow/dags/app.py
[2025-02-01T15:01:32.005+0000] {logging_mixin.py:190} INFO - [2025-02-01T15:01:32.005+0000] {dag.py:3239} INFO - Sync 1 DAGs
[2025-02-01T15:01:32.034+0000] {logging_mixin.py:190} INFO - [2025-02-01T15:01:32.033+0000] {dag.py:4180} INFO - Setting next_dagrun for weather_etl_pipeline to 2025-02-01 00:00:00+00:00, run_after=2025-02-02 00:00:00+00:00
[2025-02-01T15:01:32.049+0000] {processor.py:208} INFO - Processing /opt/airflow/dags/app.py took 0.174 seconds
[2025-02-01T15:02:03.100+0000] {processor.py:186} INFO - Started process (PID=2176) to work on /opt/airflow/dags/app.py
[2025-02-01T15:02:03.102+0000] {processor.py:914} INFO - Processing file /opt/airflow/dags/app.py for tasks to queue
[2025-02-01T15:02:03.104+0000] {logging_mixin.py:190} INFO - [2025-02-01T15:02:03.104+0000] {dagbag.py:588} INFO - Filling up the DagBag from /opt/airflow/dags/app.py
[2025-02-01T15:02:03.137+0000] {processor.py:925} INFO - DAG(s) 'weather_etl_pipeline' retrieved from /opt/airflow/dags/app.py
[2025-02-01T15:02:03.164+0000] {logging_mixin.py:190} INFO - [2025-02-01T15:02:03.164+0000] {dag.py:3239} INFO - Sync 1 DAGs
[2025-02-01T15:02:03.201+0000] {logging_mixin.py:190} INFO - [2025-02-01T15:02:03.201+0000] {dag.py:4180} INFO - Setting next_dagrun for weather_etl_pipeline to 2025-02-01 00:00:00+00:00, run_after=2025-02-02 00:00:00+00:00
[2025-02-01T15:02:03.226+0000] {processor.py:208} INFO - Processing /opt/airflow/dags/app.py took 0.131 seconds
[2025-02-01T15:02:33.546+0000] {processor.py:186} INFO - Started process (PID=2242) to work on /opt/airflow/dags/app.py
[2025-02-01T15:02:33.547+0000] {processor.py:914} INFO - Processing file /opt/airflow/dags/app.py for tasks to queue
[2025-02-01T15:02:33.549+0000] {logging_mixin.py:190} INFO - [2025-02-01T15:02:33.549+0000] {dagbag.py:588} INFO - Filling up the DagBag from /opt/airflow/dags/app.py
[2025-02-01T15:02:33.567+0000] {processor.py:925} INFO - DAG(s) 'weather_etl_pipeline' retrieved from /opt/airflow/dags/app.py
[2025-02-01T15:02:33.584+0000] {logging_mixin.py:190} INFO - [2025-02-01T15:02:33.584+0000] {dag.py:3239} INFO - Sync 1 DAGs
[2025-02-01T15:02:33.602+0000] {logging_mixin.py:190} INFO - [2025-02-01T15:02:33.602+0000] {dag.py:4180} INFO - Setting next_dagrun for weather_etl_pipeline to 2025-02-01 00:00:00+00:00, run_after=2025-02-02 00:00:00+00:00
[2025-02-01T15:02:33.613+0000] {processor.py:208} INFO - Processing /opt/airflow/dags/app.py took 0.071 seconds
[2025-02-01T15:03:03.809+0000] {processor.py:186} INFO - Started process (PID=2308) to work on /opt/airflow/dags/app.py
[2025-02-01T15:03:03.809+0000] {processor.py:914} INFO - Processing file /opt/airflow/dags/app.py for tasks to queue
[2025-02-01T15:03:03.811+0000] {logging_mixin.py:190} INFO - [2025-02-01T15:03:03.811+0000] {dagbag.py:588} INFO - Filling up the DagBag from /opt/airflow/dags/app.py
[2025-02-01T15:03:03.826+0000] {processor.py:925} INFO - DAG(s) 'weather_etl_pipeline' retrieved from /opt/airflow/dags/app.py
[2025-02-01T15:03:03.854+0000] {logging_mixin.py:190} INFO - [2025-02-01T15:03:03.854+0000] {dag.py:3239} INFO - Sync 1 DAGs
[2025-02-01T15:03:03.894+0000] {logging_mixin.py:190} INFO - [2025-02-01T15:03:03.894+0000] {dag.py:4180} INFO - Setting next_dagrun for weather_etl_pipeline to 2025-02-01 00:00:00+00:00, run_after=2025-02-02 00:00:00+00:00
[2025-02-01T15:03:03.908+0000] {processor.py:208} INFO - Processing /opt/airflow/dags/app.py took 0.103 seconds
[2025-02-01T15:03:33.966+0000] {processor.py:186} INFO - Started process (PID=2374) to work on /opt/airflow/dags/app.py
[2025-02-01T15:03:33.968+0000] {processor.py:914} INFO - Processing file /opt/airflow/dags/app.py for tasks to queue
[2025-02-01T15:03:33.969+0000] {logging_mixin.py:190} INFO - [2025-02-01T15:03:33.969+0000] {dagbag.py:588} INFO - Filling up the DagBag from /opt/airflow/dags/app.py
[2025-02-01T15:03:33.980+0000] {processor.py:925} INFO - DAG(s) 'weather_etl_pipeline' retrieved from /opt/airflow/dags/app.py
[2025-02-01T15:03:33.994+0000] {logging_mixin.py:190} INFO - [2025-02-01T15:03:33.994+0000] {dag.py:3239} INFO - Sync 1 DAGs
[2025-02-01T15:03:34.007+0000] {logging_mixin.py:190} INFO - [2025-02-01T15:03:34.007+0000] {dag.py:4180} INFO - Setting next_dagrun for weather_etl_pipeline to 2025-02-01 00:00:00+00:00, run_after=2025-02-02 00:00:00+00:00
[2025-02-01T15:03:34.016+0000] {processor.py:208} INFO - Processing /opt/airflow/dags/app.py took 0.053 seconds
[2025-02-01T15:04:04.985+0000] {processor.py:186} INFO - Started process (PID=2441) to work on /opt/airflow/dags/app.py
[2025-02-01T15:04:04.986+0000] {processor.py:914} INFO - Processing file /opt/airflow/dags/app.py for tasks to queue
[2025-02-01T15:04:04.989+0000] {logging_mixin.py:190} INFO - [2025-02-01T15:04:04.988+0000] {dagbag.py:588} INFO - Filling up the DagBag from /opt/airflow/dags/app.py
[2025-02-01T15:04:05.023+0000] {processor.py:925} INFO - DAG(s) 'weather_etl_pipeline' retrieved from /opt/airflow/dags/app.py
[2025-02-01T15:04:05.058+0000] {logging_mixin.py:190} INFO - [2025-02-01T15:04:05.058+0000] {dag.py:3239} INFO - Sync 1 DAGs
[2025-02-01T15:04:05.097+0000] {logging_mixin.py:190} INFO - [2025-02-01T15:04:05.096+0000] {dag.py:4180} INFO - Setting next_dagrun for weather_etl_pipeline to 2025-02-01 00:00:00+00:00, run_after=2025-02-02 00:00:00+00:00
[2025-02-01T15:04:05.120+0000] {processor.py:208} INFO - Processing /opt/airflow/dags/app.py took 0.141 seconds
[2025-02-01T15:04:35.404+0000] {processor.py:186} INFO - Started process (PID=2507) to work on /opt/airflow/dags/app.py
[2025-02-01T15:04:35.405+0000] {processor.py:914} INFO - Processing file /opt/airflow/dags/app.py for tasks to queue
[2025-02-01T15:04:35.407+0000] {logging_mixin.py:190} INFO - [2025-02-01T15:04:35.407+0000] {dagbag.py:588} INFO - Filling up the DagBag from /opt/airflow/dags/app.py
[2025-02-01T15:04:35.425+0000] {processor.py:925} INFO - DAG(s) 'weather_etl_pipeline' retrieved from /opt/airflow/dags/app.py
[2025-02-01T15:04:35.448+0000] {logging_mixin.py:190} INFO - [2025-02-01T15:04:35.448+0000] {dag.py:3239} INFO - Sync 1 DAGs
[2025-02-01T15:04:35.466+0000] {logging_mixin.py:190} INFO - [2025-02-01T15:04:35.466+0000] {dag.py:4180} INFO - Setting next_dagrun for weather_etl_pipeline to 2025-02-01 00:00:00+00:00, run_after=2025-02-02 00:00:00+00:00
[2025-02-01T15:04:35.488+0000] {processor.py:208} INFO - Processing /opt/airflow/dags/app.py took 0.089 seconds
[2025-02-01T15:05:05.607+0000] {processor.py:186} INFO - Started process (PID=2573) to work on /opt/airflow/dags/app.py
[2025-02-01T15:05:05.608+0000] {processor.py:914} INFO - Processing file /opt/airflow/dags/app.py for tasks to queue
[2025-02-01T15:05:05.610+0000] {logging_mixin.py:190} INFO - [2025-02-01T15:05:05.610+0000] {dagbag.py:588} INFO - Filling up the DagBag from /opt/airflow/dags/app.py
[2025-02-01T15:05:05.631+0000] {processor.py:925} INFO - DAG(s) 'weather_etl_pipeline' retrieved from /opt/airflow/dags/app.py
[2025-02-01T15:05:05.647+0000] {logging_mixin.py:190} INFO - [2025-02-01T15:05:05.646+0000] {dag.py:3239} INFO - Sync 1 DAGs
[2025-02-01T15:05:05.661+0000] {logging_mixin.py:190} INFO - [2025-02-01T15:05:05.661+0000] {dag.py:4180} INFO - Setting next_dagrun for weather_etl_pipeline to 2025-02-01 00:00:00+00:00, run_after=2025-02-02 00:00:00+00:00
[2025-02-01T15:05:05.673+0000] {processor.py:208} INFO - Processing /opt/airflow/dags/app.py took 0.071 seconds
[2025-02-01T15:05:36.182+0000] {processor.py:186} INFO - Started process (PID=2639) to work on /opt/airflow/dags/app.py
[2025-02-01T15:05:36.182+0000] {processor.py:914} INFO - Processing file /opt/airflow/dags/app.py for tasks to queue
[2025-02-01T15:05:36.186+0000] {logging_mixin.py:190} INFO - [2025-02-01T15:05:36.185+0000] {dagbag.py:588} INFO - Filling up the DagBag from /opt/airflow/dags/app.py
[2025-02-01T15:05:36.280+0000] {processor.py:925} INFO - DAG(s) 'weather_etl_pipeline' retrieved from /opt/airflow/dags/app.py
[2025-02-01T15:05:36.327+0000] {logging_mixin.py:190} INFO - [2025-02-01T15:05:36.327+0000] {dag.py:3239} INFO - Sync 1 DAGs
[2025-02-01T15:05:36.356+0000] {logging_mixin.py:190} INFO - [2025-02-01T15:05:36.356+0000] {dag.py:4180} INFO - Setting next_dagrun for weather_etl_pipeline to 2025-02-01 00:00:00+00:00, run_after=2025-02-02 00:00:00+00:00
[2025-02-01T15:05:36.371+0000] {processor.py:208} INFO - Processing /opt/airflow/dags/app.py took 0.194 seconds
[2025-02-01T15:06:06.977+0000] {processor.py:186} INFO - Started process (PID=2705) to work on /opt/airflow/dags/app.py
[2025-02-01T15:06:06.980+0000] {processor.py:914} INFO - Processing file /opt/airflow/dags/app.py for tasks to queue
[2025-02-01T15:06:06.981+0000] {logging_mixin.py:190} INFO - [2025-02-01T15:06:06.981+0000] {dagbag.py:588} INFO - Filling up the DagBag from /opt/airflow/dags/app.py
[2025-02-01T15:06:07.000+0000] {processor.py:925} INFO - DAG(s) 'weather_etl_pipeline' retrieved from /opt/airflow/dags/app.py
[2025-02-01T15:06:07.019+0000] {logging_mixin.py:190} INFO - [2025-02-01T15:06:07.019+0000] {dag.py:3239} INFO - Sync 1 DAGs
[2025-02-01T15:06:07.033+0000] {logging_mixin.py:190} INFO - [2025-02-01T15:06:07.033+0000] {dag.py:4180} INFO - Setting next_dagrun for weather_etl_pipeline to 2025-02-01 00:00:00+00:00, run_after=2025-02-02 00:00:00+00:00
[2025-02-01T15:06:07.042+0000] {processor.py:208} INFO - Processing /opt/airflow/dags/app.py took 0.069 seconds
