[2025-02-01T13:35:08.145+0000] {processor.py:186} INFO - Started process (PID=63) to work on /opt/airflow/dags/demo.py
[2025-02-01T13:35:08.164+0000] {processor.py:914} INFO - Processing file /opt/airflow/dags/demo.py for tasks to queue
[2025-02-01T13:35:08.207+0000] {logging_mixin.py:190} INFO - [2025-02-01T13:35:08.206+0000] {dagbag.py:588} INFO - Filling up the DagBag from /opt/airflow/dags/demo.py
[2025-02-01T13:35:08.618+0000] {processor.py:925} INFO - DAG(s) 'fetch_and_store_youtube_comments' retrieved from /opt/airflow/dags/demo.py
[2025-02-01T13:35:08.673+0000] {logging_mixin.py:190} INFO - [2025-02-01T13:35:08.673+0000] {dag.py:3239} INFO - Sync 1 DAGs
[2025-02-01T13:35:08.796+0000] {logging_mixin.py:190} INFO - [2025-02-01T13:35:08.796+0000] {dag.py:4180} INFO - Setting next_dagrun for fetch_and_store_youtube_comments to None, run_after=None
[2025-02-01T13:35:08.860+0000] {processor.py:208} INFO - Processing /opt/airflow/dags/demo.py took 0.764 seconds
[2025-02-01T13:35:39.487+0000] {processor.py:186} INFO - Started process (PID=129) to work on /opt/airflow/dags/demo.py
[2025-02-01T13:35:39.491+0000] {processor.py:914} INFO - Processing file /opt/airflow/dags/demo.py for tasks to queue
[2025-02-01T13:35:39.496+0000] {logging_mixin.py:190} INFO - [2025-02-01T13:35:39.496+0000] {dagbag.py:588} INFO - Filling up the DagBag from /opt/airflow/dags/demo.py
[2025-02-01T13:35:39.562+0000] {processor.py:925} INFO - DAG(s) 'fetch_and_store_youtube_comments' retrieved from /opt/airflow/dags/demo.py
[2025-02-01T13:35:39.588+0000] {logging_mixin.py:190} INFO - [2025-02-01T13:35:39.586+0000] {dag.py:3239} INFO - Sync 1 DAGs
[2025-02-01T13:35:39.613+0000] {logging_mixin.py:190} INFO - [2025-02-01T13:35:39.613+0000] {dag.py:4180} INFO - Setting next_dagrun for fetch_and_store_youtube_comments to None, run_after=None
[2025-02-01T13:35:39.627+0000] {processor.py:208} INFO - Processing /opt/airflow/dags/demo.py took 0.144 seconds
[2025-02-01T13:36:10.517+0000] {processor.py:186} INFO - Started process (PID=195) to work on /opt/airflow/dags/demo.py
[2025-02-01T13:36:10.518+0000] {processor.py:914} INFO - Processing file /opt/airflow/dags/demo.py for tasks to queue
[2025-02-01T13:36:10.520+0000] {logging_mixin.py:190} INFO - [2025-02-01T13:36:10.520+0000] {dagbag.py:588} INFO - Filling up the DagBag from /opt/airflow/dags/demo.py
[2025-02-01T13:36:10.597+0000] {processor.py:925} INFO - DAG(s) 'fetch_and_store_youtube_comments' retrieved from /opt/airflow/dags/demo.py
[2025-02-01T13:36:10.615+0000] {logging_mixin.py:190} INFO - [2025-02-01T13:36:10.614+0000] {dag.py:3239} INFO - Sync 1 DAGs
[2025-02-01T13:36:10.647+0000] {logging_mixin.py:190} INFO - [2025-02-01T13:36:10.647+0000] {dag.py:4180} INFO - Setting next_dagrun for fetch_and_store_youtube_comments to None, run_after=None
[2025-02-01T13:36:10.666+0000] {processor.py:208} INFO - Processing /opt/airflow/dags/demo.py took 0.154 seconds
[2025-02-01T13:36:41.420+0000] {processor.py:186} INFO - Started process (PID=261) to work on /opt/airflow/dags/demo.py
[2025-02-01T13:36:41.424+0000] {processor.py:914} INFO - Processing file /opt/airflow/dags/demo.py for tasks to queue
[2025-02-01T13:36:41.426+0000] {logging_mixin.py:190} INFO - [2025-02-01T13:36:41.426+0000] {dagbag.py:588} INFO - Filling up the DagBag from /opt/airflow/dags/demo.py
[2025-02-01T13:36:41.498+0000] {processor.py:925} INFO - DAG(s) 'fetch_and_store_youtube_comments' retrieved from /opt/airflow/dags/demo.py
[2025-02-01T13:36:41.515+0000] {logging_mixin.py:190} INFO - [2025-02-01T13:36:41.514+0000] {dag.py:3239} INFO - Sync 1 DAGs
[2025-02-01T13:36:41.528+0000] {logging_mixin.py:190} INFO - [2025-02-01T13:36:41.527+0000] {dag.py:4180} INFO - Setting next_dagrun for fetch_and_store_youtube_comments to None, run_after=None
[2025-02-01T13:36:41.540+0000] {processor.py:208} INFO - Processing /opt/airflow/dags/demo.py took 0.125 seconds
[2025-02-01T13:37:12.514+0000] {processor.py:186} INFO - Started process (PID=328) to work on /opt/airflow/dags/demo.py
[2025-02-01T13:37:12.515+0000] {processor.py:914} INFO - Processing file /opt/airflow/dags/demo.py for tasks to queue
[2025-02-01T13:37:12.516+0000] {logging_mixin.py:190} INFO - [2025-02-01T13:37:12.516+0000] {dagbag.py:588} INFO - Filling up the DagBag from /opt/airflow/dags/demo.py
[2025-02-01T13:37:12.578+0000] {processor.py:925} INFO - DAG(s) 'fetch_and_store_youtube_comments' retrieved from /opt/airflow/dags/demo.py
[2025-02-01T13:37:12.589+0000] {logging_mixin.py:190} INFO - [2025-02-01T13:37:12.589+0000] {dag.py:3239} INFO - Sync 1 DAGs
[2025-02-01T13:37:12.604+0000] {logging_mixin.py:190} INFO - [2025-02-01T13:37:12.604+0000] {dag.py:4180} INFO - Setting next_dagrun for fetch_and_store_youtube_comments to None, run_after=None
[2025-02-01T13:37:12.619+0000] {processor.py:208} INFO - Processing /opt/airflow/dags/demo.py took 0.109 seconds
[2025-02-01T13:37:43.194+0000] {processor.py:186} INFO - Started process (PID=394) to work on /opt/airflow/dags/demo.py
[2025-02-01T13:37:43.195+0000] {processor.py:914} INFO - Processing file /opt/airflow/dags/demo.py for tasks to queue
[2025-02-01T13:37:43.197+0000] {logging_mixin.py:190} INFO - [2025-02-01T13:37:43.197+0000] {dagbag.py:588} INFO - Filling up the DagBag from /opt/airflow/dags/demo.py
[2025-02-01T13:37:43.283+0000] {processor.py:925} INFO - DAG(s) 'fetch_and_store_youtube_comments' retrieved from /opt/airflow/dags/demo.py
[2025-02-01T13:37:43.310+0000] {logging_mixin.py:190} INFO - [2025-02-01T13:37:43.310+0000] {dag.py:3239} INFO - Sync 1 DAGs
[2025-02-01T13:37:43.328+0000] {logging_mixin.py:190} INFO - [2025-02-01T13:37:43.328+0000] {dag.py:4180} INFO - Setting next_dagrun for fetch_and_store_youtube_comments to None, run_after=None
[2025-02-01T13:37:43.342+0000] {processor.py:208} INFO - Processing /opt/airflow/dags/demo.py took 0.154 seconds
[2025-02-01T13:38:13.565+0000] {processor.py:186} INFO - Started process (PID=460) to work on /opt/airflow/dags/demo.py
[2025-02-01T13:38:13.566+0000] {processor.py:914} INFO - Processing file /opt/airflow/dags/demo.py for tasks to queue
[2025-02-01T13:38:13.568+0000] {logging_mixin.py:190} INFO - [2025-02-01T13:38:13.568+0000] {dagbag.py:588} INFO - Filling up the DagBag from /opt/airflow/dags/demo.py
[2025-02-01T13:38:13.631+0000] {processor.py:925} INFO - DAG(s) 'fetch_and_store_youtube_comments' retrieved from /opt/airflow/dags/demo.py
[2025-02-01T13:38:13.649+0000] {logging_mixin.py:190} INFO - [2025-02-01T13:38:13.648+0000] {dag.py:3239} INFO - Sync 1 DAGs
[2025-02-01T13:38:13.662+0000] {logging_mixin.py:190} INFO - [2025-02-01T13:38:13.662+0000] {dag.py:4180} INFO - Setting next_dagrun for fetch_and_store_youtube_comments to None, run_after=None
[2025-02-01T13:38:13.679+0000] {processor.py:208} INFO - Processing /opt/airflow/dags/demo.py took 0.118 seconds
[2025-02-01T13:38:43.864+0000] {processor.py:186} INFO - Started process (PID=526) to work on /opt/airflow/dags/demo.py
[2025-02-01T13:38:43.865+0000] {processor.py:914} INFO - Processing file /opt/airflow/dags/demo.py for tasks to queue
[2025-02-01T13:38:43.867+0000] {logging_mixin.py:190} INFO - [2025-02-01T13:38:43.867+0000] {dagbag.py:588} INFO - Filling up the DagBag from /opt/airflow/dags/demo.py
[2025-02-01T13:38:43.926+0000] {processor.py:925} INFO - DAG(s) 'fetch_and_store_youtube_comments' retrieved from /opt/airflow/dags/demo.py
[2025-02-01T13:38:43.937+0000] {logging_mixin.py:190} INFO - [2025-02-01T13:38:43.936+0000] {dag.py:3239} INFO - Sync 1 DAGs
[2025-02-01T13:38:43.949+0000] {logging_mixin.py:190} INFO - [2025-02-01T13:38:43.949+0000] {dag.py:4180} INFO - Setting next_dagrun for fetch_and_store_youtube_comments to None, run_after=None
[2025-02-01T13:38:43.962+0000] {processor.py:208} INFO - Processing /opt/airflow/dags/demo.py took 0.101 seconds
[2025-02-01T13:39:14.744+0000] {processor.py:186} INFO - Started process (PID=592) to work on /opt/airflow/dags/demo.py
[2025-02-01T13:39:14.745+0000] {processor.py:914} INFO - Processing file /opt/airflow/dags/demo.py for tasks to queue
[2025-02-01T13:39:14.748+0000] {logging_mixin.py:190} INFO - [2025-02-01T13:39:14.748+0000] {dagbag.py:588} INFO - Filling up the DagBag from /opt/airflow/dags/demo.py
[2025-02-01T13:39:14.802+0000] {processor.py:925} INFO - DAG(s) 'fetch_and_store_youtube_comments' retrieved from /opt/airflow/dags/demo.py
[2025-02-01T13:39:14.819+0000] {logging_mixin.py:190} INFO - [2025-02-01T13:39:14.819+0000] {dag.py:3239} INFO - Sync 1 DAGs
[2025-02-01T13:39:14.830+0000] {logging_mixin.py:190} INFO - [2025-02-01T13:39:14.829+0000] {dag.py:4180} INFO - Setting next_dagrun for fetch_and_store_youtube_comments to None, run_after=None
[2025-02-01T13:39:14.838+0000] {processor.py:208} INFO - Processing /opt/airflow/dags/demo.py took 0.097 seconds
[2025-02-01T13:39:45.176+0000] {processor.py:186} INFO - Started process (PID=658) to work on /opt/airflow/dags/demo.py
[2025-02-01T13:39:45.177+0000] {processor.py:914} INFO - Processing file /opt/airflow/dags/demo.py for tasks to queue
[2025-02-01T13:39:45.178+0000] {logging_mixin.py:190} INFO - [2025-02-01T13:39:45.178+0000] {dagbag.py:588} INFO - Filling up the DagBag from /opt/airflow/dags/demo.py
[2025-02-01T13:39:45.257+0000] {processor.py:925} INFO - DAG(s) 'fetch_and_store_youtube_comments' retrieved from /opt/airflow/dags/demo.py
[2025-02-01T13:39:45.273+0000] {logging_mixin.py:190} INFO - [2025-02-01T13:39:45.272+0000] {dag.py:3239} INFO - Sync 1 DAGs
[2025-02-01T13:39:45.291+0000] {logging_mixin.py:190} INFO - [2025-02-01T13:39:45.291+0000] {dag.py:4180} INFO - Setting next_dagrun for fetch_and_store_youtube_comments to None, run_after=None
[2025-02-01T13:39:45.306+0000] {processor.py:208} INFO - Processing /opt/airflow/dags/demo.py took 0.135 seconds
[2025-02-01T13:40:15.540+0000] {processor.py:186} INFO - Started process (PID=724) to work on /opt/airflow/dags/demo.py
[2025-02-01T13:40:15.543+0000] {processor.py:914} INFO - Processing file /opt/airflow/dags/demo.py for tasks to queue
[2025-02-01T13:40:15.545+0000] {logging_mixin.py:190} INFO - [2025-02-01T13:40:15.544+0000] {dagbag.py:588} INFO - Filling up the DagBag from /opt/airflow/dags/demo.py
[2025-02-01T13:40:15.596+0000] {processor.py:925} INFO - DAG(s) 'fetch_and_store_youtube_comments' retrieved from /opt/airflow/dags/demo.py
[2025-02-01T13:40:15.605+0000] {logging_mixin.py:190} INFO - [2025-02-01T13:40:15.605+0000] {dag.py:3239} INFO - Sync 1 DAGs
[2025-02-01T13:40:15.619+0000] {logging_mixin.py:190} INFO - [2025-02-01T13:40:15.619+0000] {dag.py:4180} INFO - Setting next_dagrun for fetch_and_store_youtube_comments to None, run_after=None
[2025-02-01T13:40:15.634+0000] {processor.py:208} INFO - Processing /opt/airflow/dags/demo.py took 0.097 seconds
[2025-02-01T13:40:46.529+0000] {processor.py:186} INFO - Started process (PID=790) to work on /opt/airflow/dags/demo.py
[2025-02-01T13:40:46.529+0000] {processor.py:914} INFO - Processing file /opt/airflow/dags/demo.py for tasks to queue
[2025-02-01T13:40:46.532+0000] {logging_mixin.py:190} INFO - [2025-02-01T13:40:46.531+0000] {dagbag.py:588} INFO - Filling up the DagBag from /opt/airflow/dags/demo.py
[2025-02-01T13:40:46.590+0000] {processor.py:925} INFO - DAG(s) 'fetch_and_store_youtube_comments' retrieved from /opt/airflow/dags/demo.py
[2025-02-01T13:40:46.605+0000] {logging_mixin.py:190} INFO - [2025-02-01T13:40:46.605+0000] {dag.py:3239} INFO - Sync 1 DAGs
[2025-02-01T13:40:46.620+0000] {logging_mixin.py:190} INFO - [2025-02-01T13:40:46.620+0000] {dag.py:4180} INFO - Setting next_dagrun for fetch_and_store_youtube_comments to None, run_after=None
[2025-02-01T13:40:46.631+0000] {processor.py:208} INFO - Processing /opt/airflow/dags/demo.py took 0.107 seconds
[2025-02-01T13:41:17.416+0000] {processor.py:186} INFO - Started process (PID=856) to work on /opt/airflow/dags/demo.py
[2025-02-01T13:41:17.416+0000] {processor.py:914} INFO - Processing file /opt/airflow/dags/demo.py for tasks to queue
[2025-02-01T13:41:17.417+0000] {logging_mixin.py:190} INFO - [2025-02-01T13:41:17.417+0000] {dagbag.py:588} INFO - Filling up the DagBag from /opt/airflow/dags/demo.py
[2025-02-01T13:41:17.478+0000] {processor.py:925} INFO - DAG(s) 'fetch_and_store_youtube_comments' retrieved from /opt/airflow/dags/demo.py
[2025-02-01T13:41:17.490+0000] {logging_mixin.py:190} INFO - [2025-02-01T13:41:17.489+0000] {dag.py:3239} INFO - Sync 1 DAGs
[2025-02-01T13:41:17.511+0000] {logging_mixin.py:190} INFO - [2025-02-01T13:41:17.511+0000] {dag.py:4180} INFO - Setting next_dagrun for fetch_and_store_youtube_comments to None, run_after=None
[2025-02-01T13:41:17.531+0000] {processor.py:208} INFO - Processing /opt/airflow/dags/demo.py took 0.119 seconds
[2025-02-01T13:41:47.949+0000] {processor.py:186} INFO - Started process (PID=922) to work on /opt/airflow/dags/demo.py
[2025-02-01T13:41:47.949+0000] {processor.py:914} INFO - Processing file /opt/airflow/dags/demo.py for tasks to queue
[2025-02-01T13:41:47.951+0000] {logging_mixin.py:190} INFO - [2025-02-01T13:41:47.951+0000] {dagbag.py:588} INFO - Filling up the DagBag from /opt/airflow/dags/demo.py
[2025-02-01T13:41:48.013+0000] {processor.py:925} INFO - DAG(s) 'fetch_and_store_youtube_comments' retrieved from /opt/airflow/dags/demo.py
[2025-02-01T13:41:48.039+0000] {logging_mixin.py:190} INFO - [2025-02-01T13:41:48.039+0000] {dag.py:3239} INFO - Sync 1 DAGs
[2025-02-01T13:41:48.065+0000] {logging_mixin.py:190} INFO - [2025-02-01T13:41:48.064+0000] {dag.py:4180} INFO - Setting next_dagrun for fetch_and_store_youtube_comments to None, run_after=None
[2025-02-01T13:41:48.089+0000] {processor.py:208} INFO - Processing /opt/airflow/dags/demo.py took 0.145 seconds
[2025-02-01T13:42:18.204+0000] {processor.py:186} INFO - Started process (PID=988) to work on /opt/airflow/dags/demo.py
[2025-02-01T13:42:18.205+0000] {processor.py:914} INFO - Processing file /opt/airflow/dags/demo.py for tasks to queue
[2025-02-01T13:42:18.208+0000] {logging_mixin.py:190} INFO - [2025-02-01T13:42:18.207+0000] {dagbag.py:588} INFO - Filling up the DagBag from /opt/airflow/dags/demo.py
[2025-02-01T13:42:18.295+0000] {processor.py:925} INFO - DAG(s) 'fetch_and_store_youtube_comments' retrieved from /opt/airflow/dags/demo.py
[2025-02-01T13:42:18.314+0000] {logging_mixin.py:190} INFO - [2025-02-01T13:42:18.314+0000] {dag.py:3239} INFO - Sync 1 DAGs
[2025-02-01T13:42:18.327+0000] {logging_mixin.py:190} INFO - [2025-02-01T13:42:18.326+0000] {dag.py:4180} INFO - Setting next_dagrun for fetch_and_store_youtube_comments to None, run_after=None
[2025-02-01T13:42:18.335+0000] {processor.py:208} INFO - Processing /opt/airflow/dags/demo.py took 0.140 seconds
[2025-02-01T14:45:42.719+0000] {processor.py:186} INFO - Started process (PID=60) to work on /opt/airflow/dags/demo.py
[2025-02-01T14:45:42.722+0000] {processor.py:914} INFO - Processing file /opt/airflow/dags/demo.py for tasks to queue
[2025-02-01T14:45:42.728+0000] {logging_mixin.py:190} INFO - [2025-02-01T14:45:42.728+0000] {dagbag.py:588} INFO - Filling up the DagBag from /opt/airflow/dags/demo.py
[2025-02-01T14:45:42.956+0000] {processor.py:925} INFO - DAG(s) 'fetch_and_store_youtube_comments' retrieved from /opt/airflow/dags/demo.py
[2025-02-01T14:45:42.978+0000] {logging_mixin.py:190} INFO - [2025-02-01T14:45:42.977+0000] {dag.py:3239} INFO - Sync 1 DAGs
[2025-02-01T14:45:43.015+0000] {logging_mixin.py:190} INFO - [2025-02-01T14:45:43.014+0000] {dag.py:4180} INFO - Setting next_dagrun for fetch_and_store_youtube_comments to None, run_after=None
[2025-02-01T14:45:43.108+0000] {processor.py:208} INFO - Processing /opt/airflow/dags/demo.py took 0.396 seconds
[2025-02-01T14:46:13.187+0000] {processor.py:186} INFO - Started process (PID=126) to work on /opt/airflow/dags/demo.py
[2025-02-01T14:46:13.188+0000] {processor.py:914} INFO - Processing file /opt/airflow/dags/demo.py for tasks to queue
[2025-02-01T14:46:13.189+0000] {logging_mixin.py:190} INFO - [2025-02-01T14:46:13.189+0000] {dagbag.py:588} INFO - Filling up the DagBag from /opt/airflow/dags/demo.py
[2025-02-01T14:46:13.245+0000] {processor.py:925} INFO - DAG(s) 'fetch_and_store_youtube_comments' retrieved from /opt/airflow/dags/demo.py
[2025-02-01T14:46:13.255+0000] {logging_mixin.py:190} INFO - [2025-02-01T14:46:13.255+0000] {dag.py:3239} INFO - Sync 1 DAGs
[2025-02-01T14:46:13.265+0000] {logging_mixin.py:190} INFO - [2025-02-01T14:46:13.265+0000] {dag.py:4180} INFO - Setting next_dagrun for fetch_and_store_youtube_comments to None, run_after=None
[2025-02-01T14:46:13.273+0000] {processor.py:208} INFO - Processing /opt/airflow/dags/demo.py took 0.090 seconds
[2025-02-01T14:46:43.332+0000] {processor.py:186} INFO - Started process (PID=191) to work on /opt/airflow/dags/demo.py
[2025-02-01T14:46:43.333+0000] {processor.py:914} INFO - Processing file /opt/airflow/dags/demo.py for tasks to queue
[2025-02-01T14:46:43.334+0000] {logging_mixin.py:190} INFO - [2025-02-01T14:46:43.334+0000] {dagbag.py:588} INFO - Filling up the DagBag from /opt/airflow/dags/demo.py
[2025-02-01T14:46:43.378+0000] {processor.py:925} INFO - DAG(s) 'fetch_and_store_youtube_comments' retrieved from /opt/airflow/dags/demo.py
[2025-02-01T14:46:43.388+0000] {logging_mixin.py:190} INFO - [2025-02-01T14:46:43.388+0000] {dag.py:3239} INFO - Sync 1 DAGs
[2025-02-01T14:46:43.397+0000] {logging_mixin.py:190} INFO - [2025-02-01T14:46:43.396+0000] {dag.py:4180} INFO - Setting next_dagrun for fetch_and_store_youtube_comments to None, run_after=None
[2025-02-01T14:46:43.403+0000] {processor.py:208} INFO - Processing /opt/airflow/dags/demo.py took 0.075 seconds
[2025-02-01T14:47:14.311+0000] {processor.py:186} INFO - Started process (PID=257) to work on /opt/airflow/dags/demo.py
[2025-02-01T14:47:14.312+0000] {processor.py:914} INFO - Processing file /opt/airflow/dags/demo.py for tasks to queue
[2025-02-01T14:47:14.314+0000] {logging_mixin.py:190} INFO - [2025-02-01T14:47:14.314+0000] {dagbag.py:588} INFO - Filling up the DagBag from /opt/airflow/dags/demo.py
[2025-02-01T14:47:14.387+0000] {processor.py:925} INFO - DAG(s) 'fetch_and_store_youtube_comments' retrieved from /opt/airflow/dags/demo.py
[2025-02-01T14:47:14.402+0000] {logging_mixin.py:190} INFO - [2025-02-01T14:47:14.401+0000] {dag.py:3239} INFO - Sync 1 DAGs
[2025-02-01T14:47:14.413+0000] {logging_mixin.py:190} INFO - [2025-02-01T14:47:14.413+0000] {dag.py:4180} INFO - Setting next_dagrun for fetch_and_store_youtube_comments to None, run_after=None
[2025-02-01T14:47:14.419+0000] {processor.py:208} INFO - Processing /opt/airflow/dags/demo.py took 0.111 seconds
[2025-02-01T14:47:44.663+0000] {processor.py:186} INFO - Started process (PID=323) to work on /opt/airflow/dags/demo.py
[2025-02-01T14:47:44.664+0000] {processor.py:914} INFO - Processing file /opt/airflow/dags/demo.py for tasks to queue
[2025-02-01T14:47:44.669+0000] {logging_mixin.py:190} INFO - [2025-02-01T14:47:44.669+0000] {dagbag.py:588} INFO - Filling up the DagBag from /opt/airflow/dags/demo.py
[2025-02-01T14:47:44.718+0000] {processor.py:925} INFO - DAG(s) 'fetch_and_store_youtube_comments' retrieved from /opt/airflow/dags/demo.py
[2025-02-01T14:47:44.729+0000] {logging_mixin.py:190} INFO - [2025-02-01T14:47:44.729+0000] {dag.py:3239} INFO - Sync 1 DAGs
[2025-02-01T14:47:44.740+0000] {logging_mixin.py:190} INFO - [2025-02-01T14:47:44.739+0000] {dag.py:4180} INFO - Setting next_dagrun for fetch_and_store_youtube_comments to None, run_after=None
[2025-02-01T14:47:44.747+0000] {processor.py:208} INFO - Processing /opt/airflow/dags/demo.py took 0.087 seconds
[2025-02-01T14:48:15.353+0000] {processor.py:186} INFO - Started process (PID=389) to work on /opt/airflow/dags/demo.py
[2025-02-01T14:48:15.354+0000] {processor.py:914} INFO - Processing file /opt/airflow/dags/demo.py for tasks to queue
[2025-02-01T14:48:15.355+0000] {logging_mixin.py:190} INFO - [2025-02-01T14:48:15.355+0000] {dagbag.py:588} INFO - Filling up the DagBag from /opt/airflow/dags/demo.py
[2025-02-01T14:48:15.416+0000] {processor.py:925} INFO - DAG(s) 'fetch_and_store_youtube_comments' retrieved from /opt/airflow/dags/demo.py
[2025-02-01T14:48:15.431+0000] {logging_mixin.py:190} INFO - [2025-02-01T14:48:15.430+0000] {dag.py:3239} INFO - Sync 1 DAGs
[2025-02-01T14:48:15.443+0000] {logging_mixin.py:190} INFO - [2025-02-01T14:48:15.443+0000] {dag.py:4180} INFO - Setting next_dagrun for fetch_and_store_youtube_comments to None, run_after=None
[2025-02-01T14:48:15.451+0000] {processor.py:208} INFO - Processing /opt/airflow/dags/demo.py took 0.102 seconds
[2025-02-01T14:48:46.276+0000] {processor.py:186} INFO - Started process (PID=455) to work on /opt/airflow/dags/demo.py
[2025-02-01T14:48:46.278+0000] {processor.py:914} INFO - Processing file /opt/airflow/dags/demo.py for tasks to queue
[2025-02-01T14:48:46.280+0000] {logging_mixin.py:190} INFO - [2025-02-01T14:48:46.280+0000] {dagbag.py:588} INFO - Filling up the DagBag from /opt/airflow/dags/demo.py
[2025-02-01T14:48:46.341+0000] {processor.py:925} INFO - DAG(s) 'fetch_and_store_youtube_comments' retrieved from /opt/airflow/dags/demo.py
[2025-02-01T14:48:46.357+0000] {logging_mixin.py:190} INFO - [2025-02-01T14:48:46.356+0000] {dag.py:3239} INFO - Sync 1 DAGs
[2025-02-01T14:48:46.368+0000] {logging_mixin.py:190} INFO - [2025-02-01T14:48:46.368+0000] {dag.py:4180} INFO - Setting next_dagrun for fetch_and_store_youtube_comments to None, run_after=None
[2025-02-01T14:48:46.377+0000] {processor.py:208} INFO - Processing /opt/airflow/dags/demo.py took 0.106 seconds
[2025-02-01T14:49:17.219+0000] {processor.py:186} INFO - Started process (PID=527) to work on /opt/airflow/dags/demo.py
[2025-02-01T14:49:17.220+0000] {processor.py:914} INFO - Processing file /opt/airflow/dags/demo.py for tasks to queue
[2025-02-01T14:49:17.223+0000] {logging_mixin.py:190} INFO - [2025-02-01T14:49:17.223+0000] {dagbag.py:588} INFO - Filling up the DagBag from /opt/airflow/dags/demo.py
[2025-02-01T14:49:17.273+0000] {processor.py:925} INFO - DAG(s) 'fetch_and_store_youtube_comments' retrieved from /opt/airflow/dags/demo.py
[2025-02-01T14:49:17.288+0000] {logging_mixin.py:190} INFO - [2025-02-01T14:49:17.287+0000] {dag.py:3239} INFO - Sync 1 DAGs
[2025-02-01T14:49:17.304+0000] {logging_mixin.py:190} INFO - [2025-02-01T14:49:17.303+0000] {dag.py:4180} INFO - Setting next_dagrun for fetch_and_store_youtube_comments to None, run_after=None
[2025-02-01T14:49:17.310+0000] {processor.py:208} INFO - Processing /opt/airflow/dags/demo.py took 0.095 seconds
[2025-02-01T14:49:48.412+0000] {processor.py:186} INFO - Started process (PID=593) to work on /opt/airflow/dags/demo.py
[2025-02-01T14:49:48.414+0000] {processor.py:914} INFO - Processing file /opt/airflow/dags/demo.py for tasks to queue
[2025-02-01T14:49:48.416+0000] {logging_mixin.py:190} INFO - [2025-02-01T14:49:48.416+0000] {dagbag.py:588} INFO - Filling up the DagBag from /opt/airflow/dags/demo.py
[2025-02-01T14:49:48.489+0000] {processor.py:925} INFO - DAG(s) 'fetch_and_store_youtube_comments' retrieved from /opt/airflow/dags/demo.py
[2025-02-01T14:49:48.511+0000] {logging_mixin.py:190} INFO - [2025-02-01T14:49:48.510+0000] {dag.py:3239} INFO - Sync 1 DAGs
[2025-02-01T14:49:48.528+0000] {logging_mixin.py:190} INFO - [2025-02-01T14:49:48.528+0000] {dag.py:4180} INFO - Setting next_dagrun for fetch_and_store_youtube_comments to None, run_after=None
[2025-02-01T14:49:48.545+0000] {processor.py:208} INFO - Processing /opt/airflow/dags/demo.py took 0.141 seconds
[2025-02-01T14:50:19.449+0000] {processor.py:186} INFO - Started process (PID=659) to work on /opt/airflow/dags/demo.py
[2025-02-01T14:50:19.450+0000] {processor.py:914} INFO - Processing file /opt/airflow/dags/demo.py for tasks to queue
[2025-02-01T14:50:19.453+0000] {logging_mixin.py:190} INFO - [2025-02-01T14:50:19.452+0000] {dagbag.py:588} INFO - Filling up the DagBag from /opt/airflow/dags/demo.py
[2025-02-01T14:50:19.503+0000] {processor.py:925} INFO - DAG(s) 'fetch_and_store_youtube_comments' retrieved from /opt/airflow/dags/demo.py
[2025-02-01T14:50:19.518+0000] {logging_mixin.py:190} INFO - [2025-02-01T14:50:19.517+0000] {dag.py:3239} INFO - Sync 1 DAGs
[2025-02-01T14:50:19.531+0000] {logging_mixin.py:190} INFO - [2025-02-01T14:50:19.531+0000] {dag.py:4180} INFO - Setting next_dagrun for fetch_and_store_youtube_comments to None, run_after=None
[2025-02-01T14:50:19.537+0000] {processor.py:208} INFO - Processing /opt/airflow/dags/demo.py took 0.092 seconds
[2025-02-01T14:50:50.397+0000] {processor.py:186} INFO - Started process (PID=725) to work on /opt/airflow/dags/demo.py
[2025-02-01T14:50:50.399+0000] {processor.py:914} INFO - Processing file /opt/airflow/dags/demo.py for tasks to queue
[2025-02-01T14:50:50.400+0000] {logging_mixin.py:190} INFO - [2025-02-01T14:50:50.400+0000] {dagbag.py:588} INFO - Filling up the DagBag from /opt/airflow/dags/demo.py
[2025-02-01T14:50:50.461+0000] {processor.py:925} INFO - DAG(s) 'fetch_and_store_youtube_comments' retrieved from /opt/airflow/dags/demo.py
[2025-02-01T14:50:50.474+0000] {logging_mixin.py:190} INFO - [2025-02-01T14:50:50.474+0000] {dag.py:3239} INFO - Sync 1 DAGs
[2025-02-01T14:50:50.487+0000] {logging_mixin.py:190} INFO - [2025-02-01T14:50:50.487+0000] {dag.py:4180} INFO - Setting next_dagrun for fetch_and_store_youtube_comments to None, run_after=None
[2025-02-01T14:50:50.496+0000] {processor.py:208} INFO - Processing /opt/airflow/dags/demo.py took 0.103 seconds
[2025-02-01T14:51:21.300+0000] {processor.py:186} INFO - Started process (PID=791) to work on /opt/airflow/dags/demo.py
[2025-02-01T14:51:21.301+0000] {processor.py:914} INFO - Processing file /opt/airflow/dags/demo.py for tasks to queue
[2025-02-01T14:51:21.305+0000] {logging_mixin.py:190} INFO - [2025-02-01T14:51:21.305+0000] {dagbag.py:588} INFO - Filling up the DagBag from /opt/airflow/dags/demo.py
[2025-02-01T14:51:21.380+0000] {processor.py:925} INFO - DAG(s) 'fetch_and_store_youtube_comments' retrieved from /opt/airflow/dags/demo.py
[2025-02-01T14:51:21.406+0000] {logging_mixin.py:190} INFO - [2025-02-01T14:51:21.406+0000] {dag.py:3239} INFO - Sync 1 DAGs
[2025-02-01T14:51:21.428+0000] {logging_mixin.py:190} INFO - [2025-02-01T14:51:21.428+0000] {dag.py:4180} INFO - Setting next_dagrun for fetch_and_store_youtube_comments to None, run_after=None
[2025-02-01T14:51:21.440+0000] {processor.py:208} INFO - Processing /opt/airflow/dags/demo.py took 0.147 seconds
[2025-02-01T14:51:51.549+0000] {processor.py:186} INFO - Started process (PID=857) to work on /opt/airflow/dags/demo.py
[2025-02-01T14:51:51.550+0000] {processor.py:914} INFO - Processing file /opt/airflow/dags/demo.py for tasks to queue
[2025-02-01T14:51:51.553+0000] {logging_mixin.py:190} INFO - [2025-02-01T14:51:51.553+0000] {dagbag.py:588} INFO - Filling up the DagBag from /opt/airflow/dags/demo.py
[2025-02-01T14:51:51.618+0000] {processor.py:925} INFO - DAG(s) 'fetch_and_store_youtube_comments' retrieved from /opt/airflow/dags/demo.py
[2025-02-01T14:51:51.632+0000] {logging_mixin.py:190} INFO - [2025-02-01T14:51:51.632+0000] {dag.py:3239} INFO - Sync 1 DAGs
[2025-02-01T14:51:51.648+0000] {logging_mixin.py:190} INFO - [2025-02-01T14:51:51.648+0000] {dag.py:4180} INFO - Setting next_dagrun for fetch_and_store_youtube_comments to None, run_after=None
[2025-02-01T14:51:51.661+0000] {processor.py:208} INFO - Processing /opt/airflow/dags/demo.py took 0.127 seconds
[2025-02-01T14:52:22.025+0000] {processor.py:186} INFO - Started process (PID=923) to work on /opt/airflow/dags/demo.py
[2025-02-01T14:52:22.028+0000] {processor.py:914} INFO - Processing file /opt/airflow/dags/demo.py for tasks to queue
[2025-02-01T14:52:22.031+0000] {logging_mixin.py:190} INFO - [2025-02-01T14:52:22.030+0000] {dagbag.py:588} INFO - Filling up the DagBag from /opt/airflow/dags/demo.py
[2025-02-01T14:52:22.101+0000] {processor.py:925} INFO - DAG(s) 'fetch_and_store_youtube_comments' retrieved from /opt/airflow/dags/demo.py
[2025-02-01T14:52:22.117+0000] {logging_mixin.py:190} INFO - [2025-02-01T14:52:22.117+0000] {dag.py:3239} INFO - Sync 1 DAGs
[2025-02-01T14:52:22.132+0000] {logging_mixin.py:190} INFO - [2025-02-01T14:52:22.132+0000] {dag.py:4180} INFO - Setting next_dagrun for fetch_and_store_youtube_comments to None, run_after=None
[2025-02-01T14:52:22.146+0000] {processor.py:208} INFO - Processing /opt/airflow/dags/demo.py took 0.142 seconds
[2025-02-01T14:52:52.807+0000] {processor.py:186} INFO - Started process (PID=989) to work on /opt/airflow/dags/demo.py
[2025-02-01T14:52:52.808+0000] {processor.py:914} INFO - Processing file /opt/airflow/dags/demo.py for tasks to queue
[2025-02-01T14:52:52.814+0000] {logging_mixin.py:190} INFO - [2025-02-01T14:52:52.813+0000] {dagbag.py:588} INFO - Filling up the DagBag from /opt/airflow/dags/demo.py
[2025-02-01T14:52:52.906+0000] {processor.py:925} INFO - DAG(s) 'fetch_and_store_youtube_comments' retrieved from /opt/airflow/dags/demo.py
[2025-02-01T14:52:52.919+0000] {logging_mixin.py:190} INFO - [2025-02-01T14:52:52.919+0000] {dag.py:3239} INFO - Sync 1 DAGs
[2025-02-01T14:52:52.932+0000] {logging_mixin.py:190} INFO - [2025-02-01T14:52:52.932+0000] {dag.py:4180} INFO - Setting next_dagrun for fetch_and_store_youtube_comments to None, run_after=None
[2025-02-01T14:52:52.945+0000] {processor.py:208} INFO - Processing /opt/airflow/dags/demo.py took 0.144 seconds
[2025-02-01T14:53:23.025+0000] {processor.py:186} INFO - Started process (PID=1055) to work on /opt/airflow/dags/demo.py
[2025-02-01T14:53:23.025+0000] {processor.py:914} INFO - Processing file /opt/airflow/dags/demo.py for tasks to queue
[2025-02-01T14:53:23.027+0000] {logging_mixin.py:190} INFO - [2025-02-01T14:53:23.027+0000] {dagbag.py:588} INFO - Filling up the DagBag from /opt/airflow/dags/demo.py
[2025-02-01T14:53:23.086+0000] {processor.py:925} INFO - DAG(s) 'fetch_and_store_youtube_comments' retrieved from /opt/airflow/dags/demo.py
[2025-02-01T14:53:23.098+0000] {logging_mixin.py:190} INFO - [2025-02-01T14:53:23.097+0000] {dag.py:3239} INFO - Sync 1 DAGs
[2025-02-01T14:53:23.111+0000] {logging_mixin.py:190} INFO - [2025-02-01T14:53:23.110+0000] {dag.py:4180} INFO - Setting next_dagrun for fetch_and_store_youtube_comments to None, run_after=None
[2025-02-01T14:53:23.122+0000] {processor.py:208} INFO - Processing /opt/airflow/dags/demo.py took 0.101 seconds
[2025-02-01T14:53:53.751+0000] {processor.py:186} INFO - Started process (PID=1121) to work on /opt/airflow/dags/demo.py
[2025-02-01T14:53:53.752+0000] {processor.py:914} INFO - Processing file /opt/airflow/dags/demo.py for tasks to queue
[2025-02-01T14:53:53.754+0000] {logging_mixin.py:190} INFO - [2025-02-01T14:53:53.754+0000] {dagbag.py:588} INFO - Filling up the DagBag from /opt/airflow/dags/demo.py
[2025-02-01T14:53:53.821+0000] {processor.py:925} INFO - DAG(s) 'fetch_and_store_youtube_comments' retrieved from /opt/airflow/dags/demo.py
[2025-02-01T14:53:53.848+0000] {logging_mixin.py:190} INFO - [2025-02-01T14:53:53.847+0000] {dag.py:3239} INFO - Sync 1 DAGs
[2025-02-01T14:53:53.864+0000] {logging_mixin.py:190} INFO - [2025-02-01T14:53:53.864+0000] {dag.py:4180} INFO - Setting next_dagrun for fetch_and_store_youtube_comments to None, run_after=None
[2025-02-01T14:53:53.880+0000] {processor.py:208} INFO - Processing /opt/airflow/dags/demo.py took 0.134 seconds
[2025-02-01T14:54:23.948+0000] {processor.py:186} INFO - Started process (PID=1187) to work on /opt/airflow/dags/demo.py
[2025-02-01T14:54:23.949+0000] {processor.py:914} INFO - Processing file /opt/airflow/dags/demo.py for tasks to queue
[2025-02-01T14:54:23.951+0000] {logging_mixin.py:190} INFO - [2025-02-01T14:54:23.951+0000] {dagbag.py:588} INFO - Filling up the DagBag from /opt/airflow/dags/demo.py
[2025-02-01T14:54:24.006+0000] {processor.py:925} INFO - DAG(s) 'fetch_and_store_youtube_comments' retrieved from /opt/airflow/dags/demo.py
[2025-02-01T14:54:24.018+0000] {logging_mixin.py:190} INFO - [2025-02-01T14:54:24.018+0000] {dag.py:3239} INFO - Sync 1 DAGs
[2025-02-01T14:54:24.028+0000] {logging_mixin.py:190} INFO - [2025-02-01T14:54:24.028+0000] {dag.py:4180} INFO - Setting next_dagrun for fetch_and_store_youtube_comments to None, run_after=None
[2025-02-01T14:54:24.038+0000] {processor.py:208} INFO - Processing /opt/airflow/dags/demo.py took 0.093 seconds
[2025-02-01T14:54:54.782+0000] {processor.py:186} INFO - Started process (PID=1253) to work on /opt/airflow/dags/demo.py
[2025-02-01T14:54:54.783+0000] {processor.py:914} INFO - Processing file /opt/airflow/dags/demo.py for tasks to queue
[2025-02-01T14:54:54.786+0000] {logging_mixin.py:190} INFO - [2025-02-01T14:54:54.786+0000] {dagbag.py:588} INFO - Filling up the DagBag from /opt/airflow/dags/demo.py
[2025-02-01T14:54:54.855+0000] {processor.py:925} INFO - DAG(s) 'fetch_and_store_youtube_comments' retrieved from /opt/airflow/dags/demo.py
[2025-02-01T14:54:54.868+0000] {logging_mixin.py:190} INFO - [2025-02-01T14:54:54.868+0000] {dag.py:3239} INFO - Sync 1 DAGs
[2025-02-01T14:54:54.881+0000] {logging_mixin.py:190} INFO - [2025-02-01T14:54:54.881+0000] {dag.py:4180} INFO - Setting next_dagrun for fetch_and_store_youtube_comments to None, run_after=None
[2025-02-01T14:54:54.892+0000] {processor.py:208} INFO - Processing /opt/airflow/dags/demo.py took 0.115 seconds
[2025-02-01T14:55:25.872+0000] {processor.py:186} INFO - Started process (PID=1319) to work on /opt/airflow/dags/demo.py
[2025-02-01T14:55:25.874+0000] {processor.py:914} INFO - Processing file /opt/airflow/dags/demo.py for tasks to queue
[2025-02-01T14:55:25.876+0000] {logging_mixin.py:190} INFO - [2025-02-01T14:55:25.875+0000] {dagbag.py:588} INFO - Filling up the DagBag from /opt/airflow/dags/demo.py
[2025-02-01T14:55:25.938+0000] {processor.py:925} INFO - DAG(s) 'fetch_and_store_youtube_comments' retrieved from /opt/airflow/dags/demo.py
[2025-02-01T14:55:25.952+0000] {logging_mixin.py:190} INFO - [2025-02-01T14:55:25.952+0000] {dag.py:3239} INFO - Sync 1 DAGs
[2025-02-01T14:55:25.964+0000] {logging_mixin.py:190} INFO - [2025-02-01T14:55:25.964+0000] {dag.py:4180} INFO - Setting next_dagrun for fetch_and_store_youtube_comments to None, run_after=None
[2025-02-01T14:55:25.979+0000] {processor.py:208} INFO - Processing /opt/airflow/dags/demo.py took 0.111 seconds
[2025-02-01T14:55:56.801+0000] {processor.py:186} INFO - Started process (PID=1385) to work on /opt/airflow/dags/demo.py
[2025-02-01T14:55:56.802+0000] {processor.py:914} INFO - Processing file /opt/airflow/dags/demo.py for tasks to queue
[2025-02-01T14:55:56.804+0000] {logging_mixin.py:190} INFO - [2025-02-01T14:55:56.804+0000] {dagbag.py:588} INFO - Filling up the DagBag from /opt/airflow/dags/demo.py
[2025-02-01T14:55:56.868+0000] {processor.py:925} INFO - DAG(s) 'fetch_and_store_youtube_comments' retrieved from /opt/airflow/dags/demo.py
[2025-02-01T14:55:56.879+0000] {logging_mixin.py:190} INFO - [2025-02-01T14:55:56.878+0000] {dag.py:3239} INFO - Sync 1 DAGs
[2025-02-01T14:55:56.891+0000] {logging_mixin.py:190} INFO - [2025-02-01T14:55:56.891+0000] {dag.py:4180} INFO - Setting next_dagrun for fetch_and_store_youtube_comments to None, run_after=None
[2025-02-01T14:55:56.900+0000] {processor.py:208} INFO - Processing /opt/airflow/dags/demo.py took 0.104 seconds
[2025-02-01T14:56:26.938+0000] {processor.py:186} INFO - Started process (PID=1452) to work on /opt/airflow/dags/demo.py
[2025-02-01T14:56:26.939+0000] {processor.py:914} INFO - Processing file /opt/airflow/dags/demo.py for tasks to queue
[2025-02-01T14:56:26.940+0000] {logging_mixin.py:190} INFO - [2025-02-01T14:56:26.940+0000] {dagbag.py:588} INFO - Filling up the DagBag from /opt/airflow/dags/demo.py
[2025-02-01T14:56:27.017+0000] {processor.py:925} INFO - DAG(s) 'fetch_and_store_youtube_comments' retrieved from /opt/airflow/dags/demo.py
[2025-02-01T14:56:27.032+0000] {logging_mixin.py:190} INFO - [2025-02-01T14:56:27.032+0000] {dag.py:3239} INFO - Sync 1 DAGs
[2025-02-01T14:56:27.046+0000] {logging_mixin.py:190} INFO - [2025-02-01T14:56:27.045+0000] {dag.py:4180} INFO - Setting next_dagrun for fetch_and_store_youtube_comments to None, run_after=None
[2025-02-01T14:56:27.056+0000] {processor.py:208} INFO - Processing /opt/airflow/dags/demo.py took 0.125 seconds
[2025-02-01T14:56:57.102+0000] {processor.py:186} INFO - Started process (PID=1519) to work on /opt/airflow/dags/demo.py
[2025-02-01T14:56:57.103+0000] {processor.py:914} INFO - Processing file /opt/airflow/dags/demo.py for tasks to queue
[2025-02-01T14:56:57.104+0000] {logging_mixin.py:190} INFO - [2025-02-01T14:56:57.104+0000] {dagbag.py:588} INFO - Filling up the DagBag from /opt/airflow/dags/demo.py
[2025-02-01T14:56:57.153+0000] {processor.py:925} INFO - DAG(s) 'fetch_and_store_youtube_comments' retrieved from /opt/airflow/dags/demo.py
[2025-02-01T14:56:57.162+0000] {logging_mixin.py:190} INFO - [2025-02-01T14:56:57.162+0000] {dag.py:3239} INFO - Sync 1 DAGs
[2025-02-01T14:56:57.173+0000] {logging_mixin.py:190} INFO - [2025-02-01T14:56:57.172+0000] {dag.py:4180} INFO - Setting next_dagrun for fetch_and_store_youtube_comments to None, run_after=None
[2025-02-01T14:56:57.181+0000] {processor.py:208} INFO - Processing /opt/airflow/dags/demo.py took 0.083 seconds
[2025-02-01T14:57:27.982+0000] {processor.py:186} INFO - Started process (PID=1583) to work on /opt/airflow/dags/demo.py
[2025-02-01T14:57:27.983+0000] {processor.py:914} INFO - Processing file /opt/airflow/dags/demo.py for tasks to queue
[2025-02-01T14:57:27.986+0000] {logging_mixin.py:190} INFO - [2025-02-01T14:57:27.986+0000] {dagbag.py:588} INFO - Filling up the DagBag from /opt/airflow/dags/demo.py
[2025-02-01T14:57:28.047+0000] {processor.py:925} INFO - DAG(s) 'fetch_and_store_youtube_comments' retrieved from /opt/airflow/dags/demo.py
[2025-02-01T14:57:28.058+0000] {logging_mixin.py:190} INFO - [2025-02-01T14:57:28.057+0000] {dag.py:3239} INFO - Sync 1 DAGs
[2025-02-01T14:57:28.071+0000] {logging_mixin.py:190} INFO - [2025-02-01T14:57:28.071+0000] {dag.py:4180} INFO - Setting next_dagrun for fetch_and_store_youtube_comments to None, run_after=None
[2025-02-01T14:57:28.081+0000] {processor.py:208} INFO - Processing /opt/airflow/dags/demo.py took 0.106 seconds
[2025-02-01T14:57:59.025+0000] {processor.py:186} INFO - Started process (PID=1649) to work on /opt/airflow/dags/demo.py
[2025-02-01T14:57:59.026+0000] {processor.py:914} INFO - Processing file /opt/airflow/dags/demo.py for tasks to queue
[2025-02-01T14:57:59.029+0000] {logging_mixin.py:190} INFO - [2025-02-01T14:57:59.029+0000] {dagbag.py:588} INFO - Filling up the DagBag from /opt/airflow/dags/demo.py
[2025-02-01T14:57:59.092+0000] {processor.py:925} INFO - DAG(s) 'fetch_and_store_youtube_comments' retrieved from /opt/airflow/dags/demo.py
[2025-02-01T14:57:59.108+0000] {logging_mixin.py:190} INFO - [2025-02-01T14:57:59.108+0000] {dag.py:3239} INFO - Sync 1 DAGs
[2025-02-01T14:57:59.128+0000] {logging_mixin.py:190} INFO - [2025-02-01T14:57:59.128+0000] {dag.py:4180} INFO - Setting next_dagrun for fetch_and_store_youtube_comments to None, run_after=None
[2025-02-01T14:57:59.150+0000] {processor.py:208} INFO - Processing /opt/airflow/dags/demo.py took 0.129 seconds
[2025-02-01T14:58:29.817+0000] {processor.py:186} INFO - Started process (PID=1715) to work on /opt/airflow/dags/demo.py
[2025-02-01T14:58:29.818+0000] {processor.py:914} INFO - Processing file /opt/airflow/dags/demo.py for tasks to queue
[2025-02-01T14:58:29.821+0000] {logging_mixin.py:190} INFO - [2025-02-01T14:58:29.820+0000] {dagbag.py:588} INFO - Filling up the DagBag from /opt/airflow/dags/demo.py
[2025-02-01T14:58:29.883+0000] {processor.py:925} INFO - DAG(s) 'fetch_and_store_youtube_comments' retrieved from /opt/airflow/dags/demo.py
[2025-02-01T14:58:29.898+0000] {logging_mixin.py:190} INFO - [2025-02-01T14:58:29.898+0000] {dag.py:3239} INFO - Sync 1 DAGs
[2025-02-01T14:58:29.910+0000] {logging_mixin.py:190} INFO - [2025-02-01T14:58:29.910+0000] {dag.py:4180} INFO - Setting next_dagrun for fetch_and_store_youtube_comments to None, run_after=None
[2025-02-01T14:58:29.919+0000] {processor.py:208} INFO - Processing /opt/airflow/dags/demo.py took 0.107 seconds
[2025-02-01T14:59:00.680+0000] {processor.py:186} INFO - Started process (PID=1781) to work on /opt/airflow/dags/demo.py
[2025-02-01T14:59:00.681+0000] {processor.py:914} INFO - Processing file /opt/airflow/dags/demo.py for tasks to queue
[2025-02-01T14:59:00.684+0000] {logging_mixin.py:190} INFO - [2025-02-01T14:59:00.684+0000] {dagbag.py:588} INFO - Filling up the DagBag from /opt/airflow/dags/demo.py
[2025-02-01T14:59:00.751+0000] {processor.py:925} INFO - DAG(s) 'fetch_and_store_youtube_comments' retrieved from /opt/airflow/dags/demo.py
[2025-02-01T14:59:00.763+0000] {logging_mixin.py:190} INFO - [2025-02-01T14:59:00.763+0000] {dag.py:3239} INFO - Sync 1 DAGs
[2025-02-01T14:59:00.777+0000] {logging_mixin.py:190} INFO - [2025-02-01T14:59:00.777+0000] {dag.py:4180} INFO - Setting next_dagrun for fetch_and_store_youtube_comments to None, run_after=None
[2025-02-01T14:59:00.787+0000] {processor.py:208} INFO - Processing /opt/airflow/dags/demo.py took 0.111 seconds
[2025-02-01T14:59:31.701+0000] {processor.py:186} INFO - Started process (PID=1847) to work on /opt/airflow/dags/demo.py
[2025-02-01T14:59:31.702+0000] {processor.py:914} INFO - Processing file /opt/airflow/dags/demo.py for tasks to queue
[2025-02-01T14:59:31.703+0000] {logging_mixin.py:190} INFO - [2025-02-01T14:59:31.703+0000] {dagbag.py:588} INFO - Filling up the DagBag from /opt/airflow/dags/demo.py
[2025-02-01T14:59:31.759+0000] {processor.py:925} INFO - DAG(s) 'fetch_and_store_youtube_comments' retrieved from /opt/airflow/dags/demo.py
[2025-02-01T14:59:31.775+0000] {logging_mixin.py:190} INFO - [2025-02-01T14:59:31.775+0000] {dag.py:3239} INFO - Sync 1 DAGs
[2025-02-01T14:59:31.786+0000] {logging_mixin.py:190} INFO - [2025-02-01T14:59:31.786+0000] {dag.py:4180} INFO - Setting next_dagrun for fetch_and_store_youtube_comments to None, run_after=None
[2025-02-01T14:59:31.794+0000] {processor.py:208} INFO - Processing /opt/airflow/dags/demo.py took 0.096 seconds
[2025-02-01T15:00:01.971+0000] {processor.py:186} INFO - Started process (PID=1913) to work on /opt/airflow/dags/demo.py
[2025-02-01T15:00:01.972+0000] {processor.py:914} INFO - Processing file /opt/airflow/dags/demo.py for tasks to queue
[2025-02-01T15:00:01.974+0000] {logging_mixin.py:190} INFO - [2025-02-01T15:00:01.973+0000] {dagbag.py:588} INFO - Filling up the DagBag from /opt/airflow/dags/demo.py
[2025-02-01T15:00:02.033+0000] {processor.py:925} INFO - DAG(s) 'fetch_and_store_youtube_comments' retrieved from /opt/airflow/dags/demo.py
[2025-02-01T15:00:02.049+0000] {logging_mixin.py:190} INFO - [2025-02-01T15:00:02.049+0000] {dag.py:3239} INFO - Sync 1 DAGs
[2025-02-01T15:00:02.065+0000] {logging_mixin.py:190} INFO - [2025-02-01T15:00:02.064+0000] {dag.py:4180} INFO - Setting next_dagrun for fetch_and_store_youtube_comments to None, run_after=None
[2025-02-01T15:00:02.074+0000] {processor.py:208} INFO - Processing /opt/airflow/dags/demo.py took 0.109 seconds
[2025-02-01T15:00:32.208+0000] {processor.py:186} INFO - Started process (PID=1979) to work on /opt/airflow/dags/demo.py
[2025-02-01T15:00:32.209+0000] {processor.py:914} INFO - Processing file /opt/airflow/dags/demo.py for tasks to queue
[2025-02-01T15:00:32.212+0000] {logging_mixin.py:190} INFO - [2025-02-01T15:00:32.212+0000] {dagbag.py:588} INFO - Filling up the DagBag from /opt/airflow/dags/demo.py
[2025-02-01T15:00:32.277+0000] {processor.py:925} INFO - DAG(s) 'fetch_and_store_youtube_comments' retrieved from /opt/airflow/dags/demo.py
[2025-02-01T15:00:32.288+0000] {logging_mixin.py:190} INFO - [2025-02-01T15:00:32.288+0000] {dag.py:3239} INFO - Sync 1 DAGs
[2025-02-01T15:00:32.300+0000] {logging_mixin.py:190} INFO - [2025-02-01T15:00:32.300+0000] {dag.py:4180} INFO - Setting next_dagrun for fetch_and_store_youtube_comments to None, run_after=None
[2025-02-01T15:00:32.310+0000] {processor.py:208} INFO - Processing /opt/airflow/dags/demo.py took 0.108 seconds
[2025-02-01T15:01:02.582+0000] {processor.py:186} INFO - Started process (PID=2045) to work on /opt/airflow/dags/demo.py
[2025-02-01T15:01:02.583+0000] {processor.py:914} INFO - Processing file /opt/airflow/dags/demo.py for tasks to queue
[2025-02-01T15:01:02.586+0000] {logging_mixin.py:190} INFO - [2025-02-01T15:01:02.586+0000] {dagbag.py:588} INFO - Filling up the DagBag from /opt/airflow/dags/demo.py
[2025-02-01T15:01:02.652+0000] {processor.py:925} INFO - DAG(s) 'fetch_and_store_youtube_comments' retrieved from /opt/airflow/dags/demo.py
[2025-02-01T15:01:02.666+0000] {logging_mixin.py:190} INFO - [2025-02-01T15:01:02.665+0000] {dag.py:3239} INFO - Sync 1 DAGs
[2025-02-01T15:01:02.677+0000] {logging_mixin.py:190} INFO - [2025-02-01T15:01:02.677+0000] {dag.py:4180} INFO - Setting next_dagrun for fetch_and_store_youtube_comments to None, run_after=None
[2025-02-01T15:01:02.692+0000] {processor.py:208} INFO - Processing /opt/airflow/dags/demo.py took 0.114 seconds
[2025-02-01T15:01:33.097+0000] {processor.py:186} INFO - Started process (PID=2111) to work on /opt/airflow/dags/demo.py
[2025-02-01T15:01:33.099+0000] {processor.py:914} INFO - Processing file /opt/airflow/dags/demo.py for tasks to queue
[2025-02-01T15:01:33.101+0000] {logging_mixin.py:190} INFO - [2025-02-01T15:01:33.101+0000] {dagbag.py:588} INFO - Filling up the DagBag from /opt/airflow/dags/demo.py
[2025-02-01T15:01:33.160+0000] {processor.py:925} INFO - DAG(s) 'fetch_and_store_youtube_comments' retrieved from /opt/airflow/dags/demo.py
[2025-02-01T15:01:33.175+0000] {logging_mixin.py:190} INFO - [2025-02-01T15:01:33.175+0000] {dag.py:3239} INFO - Sync 1 DAGs
[2025-02-01T15:01:33.190+0000] {logging_mixin.py:190} INFO - [2025-02-01T15:01:33.190+0000] {dag.py:4180} INFO - Setting next_dagrun for fetch_and_store_youtube_comments to None, run_after=None
[2025-02-01T15:01:33.203+0000] {processor.py:208} INFO - Processing /opt/airflow/dags/demo.py took 0.113 seconds
[2025-02-01T15:02:03.267+0000] {processor.py:186} INFO - Started process (PID=2177) to work on /opt/airflow/dags/demo.py
[2025-02-01T15:02:03.269+0000] {processor.py:914} INFO - Processing file /opt/airflow/dags/demo.py for tasks to queue
[2025-02-01T15:02:03.276+0000] {logging_mixin.py:190} INFO - [2025-02-01T15:02:03.276+0000] {dagbag.py:588} INFO - Filling up the DagBag from /opt/airflow/dags/demo.py
[2025-02-01T15:02:03.385+0000] {processor.py:925} INFO - DAG(s) 'fetch_and_store_youtube_comments' retrieved from /opt/airflow/dags/demo.py
[2025-02-01T15:02:03.405+0000] {logging_mixin.py:190} INFO - [2025-02-01T15:02:03.405+0000] {dag.py:3239} INFO - Sync 1 DAGs
[2025-02-01T15:02:03.429+0000] {logging_mixin.py:190} INFO - [2025-02-01T15:02:03.428+0000] {dag.py:4180} INFO - Setting next_dagrun for fetch_and_store_youtube_comments to None, run_after=None
[2025-02-01T15:02:03.479+0000] {processor.py:208} INFO - Processing /opt/airflow/dags/demo.py took 0.222 seconds
[2025-02-01T15:02:33.632+0000] {processor.py:186} INFO - Started process (PID=2243) to work on /opt/airflow/dags/demo.py
[2025-02-01T15:02:33.633+0000] {processor.py:914} INFO - Processing file /opt/airflow/dags/demo.py for tasks to queue
[2025-02-01T15:02:33.635+0000] {logging_mixin.py:190} INFO - [2025-02-01T15:02:33.635+0000] {dagbag.py:588} INFO - Filling up the DagBag from /opt/airflow/dags/demo.py
[2025-02-01T15:02:33.693+0000] {processor.py:925} INFO - DAG(s) 'fetch_and_store_youtube_comments' retrieved from /opt/airflow/dags/demo.py
[2025-02-01T15:02:33.707+0000] {logging_mixin.py:190} INFO - [2025-02-01T15:02:33.707+0000] {dag.py:3239} INFO - Sync 1 DAGs
[2025-02-01T15:02:33.719+0000] {logging_mixin.py:190} INFO - [2025-02-01T15:02:33.718+0000] {dag.py:4180} INFO - Setting next_dagrun for fetch_and_store_youtube_comments to None, run_after=None
[2025-02-01T15:02:33.729+0000] {processor.py:208} INFO - Processing /opt/airflow/dags/demo.py took 0.100 seconds
[2025-02-01T15:03:03.928+0000] {processor.py:186} INFO - Started process (PID=2309) to work on /opt/airflow/dags/demo.py
[2025-02-01T15:03:03.929+0000] {processor.py:914} INFO - Processing file /opt/airflow/dags/demo.py for tasks to queue
[2025-02-01T15:03:03.930+0000] {logging_mixin.py:190} INFO - [2025-02-01T15:03:03.930+0000] {dagbag.py:588} INFO - Filling up the DagBag from /opt/airflow/dags/demo.py
[2025-02-01T15:03:03.988+0000] {processor.py:925} INFO - DAG(s) 'fetch_and_store_youtube_comments' retrieved from /opt/airflow/dags/demo.py
[2025-02-01T15:03:04.017+0000] {logging_mixin.py:190} INFO - [2025-02-01T15:03:04.015+0000] {dag.py:3239} INFO - Sync 1 DAGs
[2025-02-01T15:03:04.044+0000] {logging_mixin.py:190} INFO - [2025-02-01T15:03:04.044+0000] {dag.py:4180} INFO - Setting next_dagrun for fetch_and_store_youtube_comments to None, run_after=None
[2025-02-01T15:03:04.060+0000] {processor.py:208} INFO - Processing /opt/airflow/dags/demo.py took 0.136 seconds
[2025-02-01T15:03:34.087+0000] {processor.py:186} INFO - Started process (PID=2376) to work on /opt/airflow/dags/demo.py
[2025-02-01T15:03:34.087+0000] {processor.py:914} INFO - Processing file /opt/airflow/dags/demo.py for tasks to queue
[2025-02-01T15:03:34.089+0000] {logging_mixin.py:190} INFO - [2025-02-01T15:03:34.088+0000] {dagbag.py:588} INFO - Filling up the DagBag from /opt/airflow/dags/demo.py
[2025-02-01T15:03:34.129+0000] {processor.py:925} INFO - DAG(s) 'fetch_and_store_youtube_comments' retrieved from /opt/airflow/dags/demo.py
[2025-02-01T15:03:34.137+0000] {logging_mixin.py:190} INFO - [2025-02-01T15:03:34.137+0000] {dag.py:3239} INFO - Sync 1 DAGs
[2025-02-01T15:03:34.146+0000] {logging_mixin.py:190} INFO - [2025-02-01T15:03:34.146+0000] {dag.py:4180} INFO - Setting next_dagrun for fetch_and_store_youtube_comments to None, run_after=None
[2025-02-01T15:03:34.154+0000] {processor.py:208} INFO - Processing /opt/airflow/dags/demo.py took 0.071 seconds
[2025-02-01T15:04:05.148+0000] {processor.py:186} INFO - Started process (PID=2442) to work on /opt/airflow/dags/demo.py
[2025-02-01T15:04:05.148+0000] {processor.py:914} INFO - Processing file /opt/airflow/dags/demo.py for tasks to queue
[2025-02-01T15:04:05.153+0000] {logging_mixin.py:190} INFO - [2025-02-01T15:04:05.152+0000] {dagbag.py:588} INFO - Filling up the DagBag from /opt/airflow/dags/demo.py
[2025-02-01T15:04:05.229+0000] {processor.py:925} INFO - DAG(s) 'fetch_and_store_youtube_comments' retrieved from /opt/airflow/dags/demo.py
[2025-02-01T15:04:05.245+0000] {logging_mixin.py:190} INFO - [2025-02-01T15:04:05.244+0000] {dag.py:3239} INFO - Sync 1 DAGs
[2025-02-01T15:04:05.257+0000] {logging_mixin.py:190} INFO - [2025-02-01T15:04:05.257+0000] {dag.py:4180} INFO - Setting next_dagrun for fetch_and_store_youtube_comments to None, run_after=None
[2025-02-01T15:04:05.289+0000] {processor.py:208} INFO - Processing /opt/airflow/dags/demo.py took 0.146 seconds
[2025-02-01T15:04:35.505+0000] {processor.py:186} INFO - Started process (PID=2508) to work on /opt/airflow/dags/demo.py
[2025-02-01T15:04:35.506+0000] {processor.py:914} INFO - Processing file /opt/airflow/dags/demo.py for tasks to queue
[2025-02-01T15:04:35.509+0000] {logging_mixin.py:190} INFO - [2025-02-01T15:04:35.509+0000] {dagbag.py:588} INFO - Filling up the DagBag from /opt/airflow/dags/demo.py
[2025-02-01T15:04:35.573+0000] {processor.py:925} INFO - DAG(s) 'fetch_and_store_youtube_comments' retrieved from /opt/airflow/dags/demo.py
[2025-02-01T15:04:35.586+0000] {logging_mixin.py:190} INFO - [2025-02-01T15:04:35.584+0000] {dag.py:3239} INFO - Sync 1 DAGs
[2025-02-01T15:04:35.597+0000] {logging_mixin.py:190} INFO - [2025-02-01T15:04:35.597+0000] {dag.py:4180} INFO - Setting next_dagrun for fetch_and_store_youtube_comments to None, run_after=None
[2025-02-01T15:04:35.613+0000] {processor.py:208} INFO - Processing /opt/airflow/dags/demo.py took 0.112 seconds
[2025-02-01T15:05:05.740+0000] {processor.py:186} INFO - Started process (PID=2575) to work on /opt/airflow/dags/demo.py
[2025-02-01T15:05:05.741+0000] {processor.py:914} INFO - Processing file /opt/airflow/dags/demo.py for tasks to queue
[2025-02-01T15:05:05.742+0000] {logging_mixin.py:190} INFO - [2025-02-01T15:05:05.742+0000] {dagbag.py:588} INFO - Filling up the DagBag from /opt/airflow/dags/demo.py
[2025-02-01T15:05:05.782+0000] {processor.py:925} INFO - DAG(s) 'fetch_and_store_youtube_comments' retrieved from /opt/airflow/dags/demo.py
[2025-02-01T15:05:05.790+0000] {logging_mixin.py:190} INFO - [2025-02-01T15:05:05.790+0000] {dag.py:3239} INFO - Sync 1 DAGs
[2025-02-01T15:05:05.799+0000] {logging_mixin.py:190} INFO - [2025-02-01T15:05:05.799+0000] {dag.py:4180} INFO - Setting next_dagrun for fetch_and_store_youtube_comments to None, run_after=None
[2025-02-01T15:05:05.807+0000] {processor.py:208} INFO - Processing /opt/airflow/dags/demo.py took 0.070 seconds
[2025-02-01T15:05:36.387+0000] {processor.py:186} INFO - Started process (PID=2640) to work on /opt/airflow/dags/demo.py
[2025-02-01T15:05:36.388+0000] {processor.py:914} INFO - Processing file /opt/airflow/dags/demo.py for tasks to queue
[2025-02-01T15:05:36.389+0000] {logging_mixin.py:190} INFO - [2025-02-01T15:05:36.389+0000] {dagbag.py:588} INFO - Filling up the DagBag from /opt/airflow/dags/demo.py
[2025-02-01T15:05:36.439+0000] {processor.py:925} INFO - DAG(s) 'fetch_and_store_youtube_comments' retrieved from /opt/airflow/dags/demo.py
[2025-02-01T15:05:36.449+0000] {logging_mixin.py:190} INFO - [2025-02-01T15:05:36.449+0000] {dag.py:3239} INFO - Sync 1 DAGs
[2025-02-01T15:05:36.459+0000] {logging_mixin.py:190} INFO - [2025-02-01T15:05:36.459+0000] {dag.py:4180} INFO - Setting next_dagrun for fetch_and_store_youtube_comments to None, run_after=None
[2025-02-01T15:05:36.466+0000] {processor.py:208} INFO - Processing /opt/airflow/dags/demo.py took 0.082 seconds
[2025-02-01T15:06:07.055+0000] {processor.py:186} INFO - Started process (PID=2706) to work on /opt/airflow/dags/demo.py
[2025-02-01T15:06:07.057+0000] {processor.py:914} INFO - Processing file /opt/airflow/dags/demo.py for tasks to queue
[2025-02-01T15:06:07.059+0000] {logging_mixin.py:190} INFO - [2025-02-01T15:06:07.059+0000] {dagbag.py:588} INFO - Filling up the DagBag from /opt/airflow/dags/demo.py
[2025-02-01T15:06:07.131+0000] {processor.py:925} INFO - DAG(s) 'fetch_and_store_youtube_comments' retrieved from /opt/airflow/dags/demo.py
[2025-02-01T15:06:07.158+0000] {logging_mixin.py:190} INFO - [2025-02-01T15:06:07.156+0000] {dag.py:3239} INFO - Sync 1 DAGs
[2025-02-01T15:06:07.181+0000] {logging_mixin.py:190} INFO - [2025-02-01T15:06:07.181+0000] {dag.py:4180} INFO - Setting next_dagrun for fetch_and_store_youtube_comments to None, run_after=None
[2025-02-01T15:06:07.192+0000] {processor.py:208} INFO - Processing /opt/airflow/dags/demo.py took 0.140 seconds
