[2025-02-01T13:35:05.967+0000] {processor.py:186} INFO - Started process (PID=61) to work on /opt/airflow/dags/youtube_comments_DAG.py
[2025-02-01T13:35:05.971+0000] {processor.py:914} INFO - Processing file /opt/airflow/dags/youtube_comments_DAG.py for tasks to queue
[2025-02-01T13:35:05.980+0000] {logging_mixin.py:190} INFO - [2025-02-01T13:35:05.979+0000] {dagbag.py:588} INFO - Filling up the DagBag from /opt/airflow/dags/youtube_comments_DAG.py
[2025-02-01T13:35:06.342+0000] {logging_mixin.py:190} INFO - os.getenv(ytb_api):1 AIzaSyAJwiYOOwF8f_XX6zQyweoIB23K4qugiXU
[2025-02-01T13:35:06.361+0000] {processor.py:925} INFO - DAG(s) 'youtube_comments_etl_pipeline' retrieved from /opt/airflow/dags/youtube_comments_DAG.py
[2025-02-01T13:35:06.847+0000] {logging_mixin.py:190} INFO - [2025-02-01T13:35:06.845+0000] {dag.py:3239} INFO - Sync 1 DAGs
[2025-02-01T13:35:06.925+0000] {logging_mixin.py:190} INFO - [2025-02-01T13:35:06.925+0000] {dag.py:4180} INFO - Setting next_dagrun for youtube_comments_etl_pipeline to 2025-02-01 00:00:00+00:00, run_after=2025-02-02 00:00:00+00:00
[2025-02-01T13:35:07.040+0000] {processor.py:208} INFO - Processing /opt/airflow/dags/youtube_comments_DAG.py took 1.082 seconds
[2025-02-01T13:35:37.321+0000] {processor.py:186} INFO - Started process (PID=127) to work on /opt/airflow/dags/youtube_comments_DAG.py
[2025-02-01T13:35:37.322+0000] {processor.py:914} INFO - Processing file /opt/airflow/dags/youtube_comments_DAG.py for tasks to queue
[2025-02-01T13:35:37.326+0000] {logging_mixin.py:190} INFO - [2025-02-01T13:35:37.325+0000] {dagbag.py:588} INFO - Filling up the DagBag from /opt/airflow/dags/youtube_comments_DAG.py
[2025-02-01T13:35:37.406+0000] {logging_mixin.py:190} INFO - os.getenv(ytb_api):1 AIzaSyAJwiYOOwF8f_XX6zQyweoIB23K4qugiXU
[2025-02-01T13:35:37.413+0000] {processor.py:925} INFO - DAG(s) 'youtube_comments_etl_pipeline' retrieved from /opt/airflow/dags/youtube_comments_DAG.py
[2025-02-01T13:35:37.440+0000] {logging_mixin.py:190} INFO - [2025-02-01T13:35:37.439+0000] {dag.py:3239} INFO - Sync 1 DAGs
[2025-02-01T13:35:37.459+0000] {logging_mixin.py:190} INFO - [2025-02-01T13:35:37.459+0000] {dag.py:4180} INFO - Setting next_dagrun for youtube_comments_etl_pipeline to 2025-02-01 00:00:00+00:00, run_after=2025-02-02 00:00:00+00:00
[2025-02-01T13:35:37.470+0000] {processor.py:208} INFO - Processing /opt/airflow/dags/youtube_comments_DAG.py took 0.155 seconds
[2025-02-01T13:36:08.385+0000] {processor.py:186} INFO - Started process (PID=193) to work on /opt/airflow/dags/youtube_comments_DAG.py
[2025-02-01T13:36:08.389+0000] {processor.py:914} INFO - Processing file /opt/airflow/dags/youtube_comments_DAG.py for tasks to queue
[2025-02-01T13:36:08.392+0000] {logging_mixin.py:190} INFO - [2025-02-01T13:36:08.391+0000] {dagbag.py:588} INFO - Filling up the DagBag from /opt/airflow/dags/youtube_comments_DAG.py
[2025-02-01T13:36:08.446+0000] {logging_mixin.py:190} INFO - os.getenv(ytb_api):1 AIzaSyAJwiYOOwF8f_XX6zQyweoIB23K4qugiXU
[2025-02-01T13:36:08.452+0000] {processor.py:925} INFO - DAG(s) 'youtube_comments_etl_pipeline' retrieved from /opt/airflow/dags/youtube_comments_DAG.py
[2025-02-01T13:36:08.477+0000] {logging_mixin.py:190} INFO - [2025-02-01T13:36:08.477+0000] {dag.py:3239} INFO - Sync 1 DAGs
[2025-02-01T13:36:08.493+0000] {logging_mixin.py:190} INFO - [2025-02-01T13:36:08.492+0000] {dag.py:4180} INFO - Setting next_dagrun for youtube_comments_etl_pipeline to 2025-02-01 00:00:00+00:00, run_after=2025-02-02 00:00:00+00:00
[2025-02-01T13:36:08.504+0000] {processor.py:208} INFO - Processing /opt/airflow/dags/youtube_comments_DAG.py took 0.128 seconds
[2025-02-01T13:36:39.288+0000] {processor.py:186} INFO - Started process (PID=259) to work on /opt/airflow/dags/youtube_comments_DAG.py
[2025-02-01T13:36:39.289+0000] {processor.py:914} INFO - Processing file /opt/airflow/dags/youtube_comments_DAG.py for tasks to queue
[2025-02-01T13:36:39.292+0000] {logging_mixin.py:190} INFO - [2025-02-01T13:36:39.291+0000] {dagbag.py:588} INFO - Filling up the DagBag from /opt/airflow/dags/youtube_comments_DAG.py
[2025-02-01T13:36:39.355+0000] {logging_mixin.py:190} INFO - os.getenv(ytb_api):1 AIzaSyAJwiYOOwF8f_XX6zQyweoIB23K4qugiXU
[2025-02-01T13:36:39.360+0000] {processor.py:925} INFO - DAG(s) 'youtube_comments_etl_pipeline' retrieved from /opt/airflow/dags/youtube_comments_DAG.py
[2025-02-01T13:36:39.379+0000] {logging_mixin.py:190} INFO - [2025-02-01T13:36:39.379+0000] {dag.py:3239} INFO - Sync 1 DAGs
[2025-02-01T13:36:39.393+0000] {logging_mixin.py:190} INFO - [2025-02-01T13:36:39.393+0000] {dag.py:4180} INFO - Setting next_dagrun for youtube_comments_etl_pipeline to 2025-02-01 00:00:00+00:00, run_after=2025-02-02 00:00:00+00:00
[2025-02-01T13:36:39.400+0000] {processor.py:208} INFO - Processing /opt/airflow/dags/youtube_comments_DAG.py took 0.117 seconds
[2025-02-01T13:37:10.317+0000] {processor.py:186} INFO - Started process (PID=325) to work on /opt/airflow/dags/youtube_comments_DAG.py
[2025-02-01T13:37:10.320+0000] {processor.py:914} INFO - Processing file /opt/airflow/dags/youtube_comments_DAG.py for tasks to queue
[2025-02-01T13:37:10.325+0000] {logging_mixin.py:190} INFO - [2025-02-01T13:37:10.325+0000] {dagbag.py:588} INFO - Filling up the DagBag from /opt/airflow/dags/youtube_comments_DAG.py
[2025-02-01T13:37:10.393+0000] {logging_mixin.py:190} INFO - os.getenv(ytb_api):1 AIzaSyAJwiYOOwF8f_XX6zQyweoIB23K4qugiXU
[2025-02-01T13:37:10.399+0000] {processor.py:925} INFO - DAG(s) 'youtube_comments_etl_pipeline' retrieved from /opt/airflow/dags/youtube_comments_DAG.py
[2025-02-01T13:37:10.437+0000] {logging_mixin.py:190} INFO - [2025-02-01T13:37:10.437+0000] {dag.py:3239} INFO - Sync 1 DAGs
[2025-02-01T13:37:10.461+0000] {logging_mixin.py:190} INFO - [2025-02-01T13:37:10.461+0000] {dag.py:4180} INFO - Setting next_dagrun for youtube_comments_etl_pipeline to 2025-02-01 00:00:00+00:00, run_after=2025-02-02 00:00:00+00:00
[2025-02-01T13:37:10.473+0000] {processor.py:208} INFO - Processing /opt/airflow/dags/youtube_comments_DAG.py took 0.164 seconds
[2025-02-01T13:37:40.946+0000] {processor.py:186} INFO - Started process (PID=391) to work on /opt/airflow/dags/youtube_comments_DAG.py
[2025-02-01T13:37:40.952+0000] {processor.py:914} INFO - Processing file /opt/airflow/dags/youtube_comments_DAG.py for tasks to queue
[2025-02-01T13:37:40.960+0000] {logging_mixin.py:190} INFO - [2025-02-01T13:37:40.960+0000] {dagbag.py:588} INFO - Filling up the DagBag from /opt/airflow/dags/youtube_comments_DAG.py
[2025-02-01T13:37:41.106+0000] {logging_mixin.py:190} INFO - os.getenv(ytb_api):1 AIzaSyAJwiYOOwF8f_XX6zQyweoIB23K4qugiXU
[2025-02-01T13:37:41.114+0000] {processor.py:925} INFO - DAG(s) 'youtube_comments_etl_pipeline' retrieved from /opt/airflow/dags/youtube_comments_DAG.py
[2025-02-01T13:37:41.157+0000] {logging_mixin.py:190} INFO - [2025-02-01T13:37:41.156+0000] {dag.py:3239} INFO - Sync 1 DAGs
[2025-02-01T13:37:41.212+0000] {logging_mixin.py:190} INFO - [2025-02-01T13:37:41.211+0000] {dag.py:4180} INFO - Setting next_dagrun for youtube_comments_etl_pipeline to 2025-02-01 00:00:00+00:00, run_after=2025-02-02 00:00:00+00:00
[2025-02-01T13:37:41.244+0000] {processor.py:208} INFO - Processing /opt/airflow/dags/youtube_comments_DAG.py took 0.365 seconds
[2025-02-01T13:38:11.433+0000] {processor.py:186} INFO - Started process (PID=457) to work on /opt/airflow/dags/youtube_comments_DAG.py
[2025-02-01T13:38:11.434+0000] {processor.py:914} INFO - Processing file /opt/airflow/dags/youtube_comments_DAG.py for tasks to queue
[2025-02-01T13:38:11.438+0000] {logging_mixin.py:190} INFO - [2025-02-01T13:38:11.438+0000] {dagbag.py:588} INFO - Filling up the DagBag from /opt/airflow/dags/youtube_comments_DAG.py
[2025-02-01T13:38:11.483+0000] {logging_mixin.py:190} INFO - os.getenv(ytb_api):1 AIzaSyAJwiYOOwF8f_XX6zQyweoIB23K4qugiXU
[2025-02-01T13:38:11.490+0000] {processor.py:925} INFO - DAG(s) 'youtube_comments_etl_pipeline' retrieved from /opt/airflow/dags/youtube_comments_DAG.py
[2025-02-01T13:38:11.512+0000] {logging_mixin.py:190} INFO - [2025-02-01T13:38:11.512+0000] {dag.py:3239} INFO - Sync 1 DAGs
[2025-02-01T13:38:11.524+0000] {logging_mixin.py:190} INFO - [2025-02-01T13:38:11.524+0000] {dag.py:4180} INFO - Setting next_dagrun for youtube_comments_etl_pipeline to 2025-02-01 00:00:00+00:00, run_after=2025-02-02 00:00:00+00:00
[2025-02-01T13:38:11.531+0000] {processor.py:208} INFO - Processing /opt/airflow/dags/youtube_comments_DAG.py took 0.104 seconds
[2025-02-01T13:38:41.714+0000] {processor.py:186} INFO - Started process (PID=523) to work on /opt/airflow/dags/youtube_comments_DAG.py
[2025-02-01T13:38:41.716+0000] {processor.py:914} INFO - Processing file /opt/airflow/dags/youtube_comments_DAG.py for tasks to queue
[2025-02-01T13:38:41.719+0000] {logging_mixin.py:190} INFO - [2025-02-01T13:38:41.718+0000] {dagbag.py:588} INFO - Filling up the DagBag from /opt/airflow/dags/youtube_comments_DAG.py
[2025-02-01T13:38:41.768+0000] {logging_mixin.py:190} INFO - os.getenv(ytb_api):1 AIzaSyAJwiYOOwF8f_XX6zQyweoIB23K4qugiXU
[2025-02-01T13:38:41.776+0000] {processor.py:925} INFO - DAG(s) 'youtube_comments_etl_pipeline' retrieved from /opt/airflow/dags/youtube_comments_DAG.py
[2025-02-01T13:38:41.801+0000] {logging_mixin.py:190} INFO - [2025-02-01T13:38:41.800+0000] {dag.py:3239} INFO - Sync 1 DAGs
[2025-02-01T13:38:41.818+0000] {logging_mixin.py:190} INFO - [2025-02-01T13:38:41.818+0000] {dag.py:4180} INFO - Setting next_dagrun for youtube_comments_etl_pipeline to 2025-02-01 00:00:00+00:00, run_after=2025-02-02 00:00:00+00:00
[2025-02-01T13:38:41.827+0000] {processor.py:208} INFO - Processing /opt/airflow/dags/youtube_comments_DAG.py took 0.120 seconds
[2025-02-01T13:39:12.591+0000] {processor.py:186} INFO - Started process (PID=589) to work on /opt/airflow/dags/youtube_comments_DAG.py
[2025-02-01T13:39:12.593+0000] {processor.py:914} INFO - Processing file /opt/airflow/dags/youtube_comments_DAG.py for tasks to queue
[2025-02-01T13:39:12.603+0000] {logging_mixin.py:190} INFO - [2025-02-01T13:39:12.602+0000] {dagbag.py:588} INFO - Filling up the DagBag from /opt/airflow/dags/youtube_comments_DAG.py
[2025-02-01T13:39:12.659+0000] {logging_mixin.py:190} INFO - os.getenv(ytb_api):1 AIzaSyAJwiYOOwF8f_XX6zQyweoIB23K4qugiXU
[2025-02-01T13:39:12.666+0000] {processor.py:925} INFO - DAG(s) 'youtube_comments_etl_pipeline' retrieved from /opt/airflow/dags/youtube_comments_DAG.py
[2025-02-01T13:39:12.688+0000] {logging_mixin.py:190} INFO - [2025-02-01T13:39:12.685+0000] {dag.py:3239} INFO - Sync 1 DAGs
[2025-02-01T13:39:12.712+0000] {logging_mixin.py:190} INFO - [2025-02-01T13:39:12.712+0000] {dag.py:4180} INFO - Setting next_dagrun for youtube_comments_etl_pipeline to 2025-02-01 00:00:00+00:00, run_after=2025-02-02 00:00:00+00:00
[2025-02-01T13:39:12.719+0000] {processor.py:208} INFO - Processing /opt/airflow/dags/youtube_comments_DAG.py took 0.135 seconds
[2025-02-01T13:39:43.022+0000] {processor.py:186} INFO - Started process (PID=655) to work on /opt/airflow/dags/youtube_comments_DAG.py
[2025-02-01T13:39:43.023+0000] {processor.py:914} INFO - Processing file /opt/airflow/dags/youtube_comments_DAG.py for tasks to queue
[2025-02-01T13:39:43.029+0000] {logging_mixin.py:190} INFO - [2025-02-01T13:39:43.028+0000] {dagbag.py:588} INFO - Filling up the DagBag from /opt/airflow/dags/youtube_comments_DAG.py
[2025-02-01T13:39:43.081+0000] {logging_mixin.py:190} INFO - os.getenv(ytb_api):1 AIzaSyAJwiYOOwF8f_XX6zQyweoIB23K4qugiXU
[2025-02-01T13:39:43.088+0000] {processor.py:925} INFO - DAG(s) 'youtube_comments_etl_pipeline' retrieved from /opt/airflow/dags/youtube_comments_DAG.py
[2025-02-01T13:39:43.104+0000] {logging_mixin.py:190} INFO - [2025-02-01T13:39:43.104+0000] {dag.py:3239} INFO - Sync 1 DAGs
[2025-02-01T13:39:43.118+0000] {logging_mixin.py:190} INFO - [2025-02-01T13:39:43.118+0000] {dag.py:4180} INFO - Setting next_dagrun for youtube_comments_etl_pipeline to 2025-02-01 00:00:00+00:00, run_after=2025-02-02 00:00:00+00:00
[2025-02-01T13:39:43.127+0000] {processor.py:208} INFO - Processing /opt/airflow/dags/youtube_comments_DAG.py took 0.112 seconds
[2025-02-01T13:40:13.338+0000] {processor.py:186} INFO - Started process (PID=721) to work on /opt/airflow/dags/youtube_comments_DAG.py
[2025-02-01T13:40:13.340+0000] {processor.py:914} INFO - Processing file /opt/airflow/dags/youtube_comments_DAG.py for tasks to queue
[2025-02-01T13:40:13.348+0000] {logging_mixin.py:190} INFO - [2025-02-01T13:40:13.348+0000] {dagbag.py:588} INFO - Filling up the DagBag from /opt/airflow/dags/youtube_comments_DAG.py
[2025-02-01T13:40:13.409+0000] {logging_mixin.py:190} INFO - os.getenv(ytb_api):1 AIzaSyAJwiYOOwF8f_XX6zQyweoIB23K4qugiXU
[2025-02-01T13:40:13.420+0000] {processor.py:925} INFO - DAG(s) 'youtube_comments_etl_pipeline' retrieved from /opt/airflow/dags/youtube_comments_DAG.py
[2025-02-01T13:40:13.460+0000] {logging_mixin.py:190} INFO - [2025-02-01T13:40:13.459+0000] {dag.py:3239} INFO - Sync 1 DAGs
[2025-02-01T13:40:13.493+0000] {logging_mixin.py:190} INFO - [2025-02-01T13:40:13.492+0000] {dag.py:4180} INFO - Setting next_dagrun for youtube_comments_etl_pipeline to 2025-02-01 00:00:00+00:00, run_after=2025-02-02 00:00:00+00:00
[2025-02-01T13:40:13.508+0000] {processor.py:208} INFO - Processing /opt/airflow/dags/youtube_comments_DAG.py took 0.179 seconds
[2025-02-01T13:40:44.369+0000] {processor.py:186} INFO - Started process (PID=787) to work on /opt/airflow/dags/youtube_comments_DAG.py
[2025-02-01T13:40:44.371+0000] {processor.py:914} INFO - Processing file /opt/airflow/dags/youtube_comments_DAG.py for tasks to queue
[2025-02-01T13:40:44.374+0000] {logging_mixin.py:190} INFO - [2025-02-01T13:40:44.374+0000] {dagbag.py:588} INFO - Filling up the DagBag from /opt/airflow/dags/youtube_comments_DAG.py
[2025-02-01T13:40:44.442+0000] {logging_mixin.py:190} INFO - os.getenv(ytb_api):1 AIzaSyAJwiYOOwF8f_XX6zQyweoIB23K4qugiXU
[2025-02-01T13:40:44.448+0000] {processor.py:925} INFO - DAG(s) 'youtube_comments_etl_pipeline' retrieved from /opt/airflow/dags/youtube_comments_DAG.py
[2025-02-01T13:40:44.467+0000] {logging_mixin.py:190} INFO - [2025-02-01T13:40:44.466+0000] {dag.py:3239} INFO - Sync 1 DAGs
[2025-02-01T13:40:44.480+0000] {logging_mixin.py:190} INFO - [2025-02-01T13:40:44.480+0000] {dag.py:4180} INFO - Setting next_dagrun for youtube_comments_etl_pipeline to 2025-02-01 00:00:00+00:00, run_after=2025-02-02 00:00:00+00:00
[2025-02-01T13:40:44.489+0000] {processor.py:208} INFO - Processing /opt/airflow/dags/youtube_comments_DAG.py took 0.126 seconds
[2025-02-01T13:41:15.233+0000] {processor.py:186} INFO - Started process (PID=853) to work on /opt/airflow/dags/youtube_comments_DAG.py
[2025-02-01T13:41:15.235+0000] {processor.py:914} INFO - Processing file /opt/airflow/dags/youtube_comments_DAG.py for tasks to queue
[2025-02-01T13:41:15.241+0000] {logging_mixin.py:190} INFO - [2025-02-01T13:41:15.240+0000] {dagbag.py:588} INFO - Filling up the DagBag from /opt/airflow/dags/youtube_comments_DAG.py
[2025-02-01T13:41:15.309+0000] {logging_mixin.py:190} INFO - os.getenv(ytb_api):1 AIzaSyAJwiYOOwF8f_XX6zQyweoIB23K4qugiXU
[2025-02-01T13:41:15.317+0000] {processor.py:925} INFO - DAG(s) 'youtube_comments_etl_pipeline' retrieved from /opt/airflow/dags/youtube_comments_DAG.py
[2025-02-01T13:41:15.335+0000] {logging_mixin.py:190} INFO - [2025-02-01T13:41:15.334+0000] {dag.py:3239} INFO - Sync 1 DAGs
[2025-02-01T13:41:15.351+0000] {logging_mixin.py:190} INFO - [2025-02-01T13:41:15.351+0000] {dag.py:4180} INFO - Setting next_dagrun for youtube_comments_etl_pipeline to 2025-02-01 00:00:00+00:00, run_after=2025-02-02 00:00:00+00:00
[2025-02-01T13:41:15.385+0000] {processor.py:208} INFO - Processing /opt/airflow/dags/youtube_comments_DAG.py took 0.171 seconds
[2025-02-01T13:41:45.788+0000] {processor.py:186} INFO - Started process (PID=919) to work on /opt/airflow/dags/youtube_comments_DAG.py
[2025-02-01T13:41:45.790+0000] {processor.py:914} INFO - Processing file /opt/airflow/dags/youtube_comments_DAG.py for tasks to queue
[2025-02-01T13:41:45.794+0000] {logging_mixin.py:190} INFO - [2025-02-01T13:41:45.794+0000] {dagbag.py:588} INFO - Filling up the DagBag from /opt/airflow/dags/youtube_comments_DAG.py
[2025-02-01T13:41:45.852+0000] {logging_mixin.py:190} INFO - os.getenv(ytb_api):1 AIzaSyAJwiYOOwF8f_XX6zQyweoIB23K4qugiXU
[2025-02-01T13:41:45.863+0000] {processor.py:925} INFO - DAG(s) 'youtube_comments_etl_pipeline' retrieved from /opt/airflow/dags/youtube_comments_DAG.py
[2025-02-01T13:41:45.887+0000] {logging_mixin.py:190} INFO - [2025-02-01T13:41:45.887+0000] {dag.py:3239} INFO - Sync 1 DAGs
[2025-02-01T13:41:45.903+0000] {logging_mixin.py:190} INFO - [2025-02-01T13:41:45.903+0000] {dag.py:4180} INFO - Setting next_dagrun for youtube_comments_etl_pipeline to 2025-02-01 00:00:00+00:00, run_after=2025-02-02 00:00:00+00:00
[2025-02-01T13:41:45.912+0000] {processor.py:208} INFO - Processing /opt/airflow/dags/youtube_comments_DAG.py took 0.132 seconds
[2025-02-01T13:42:16.041+0000] {processor.py:186} INFO - Started process (PID=985) to work on /opt/airflow/dags/youtube_comments_DAG.py
[2025-02-01T13:42:16.042+0000] {processor.py:914} INFO - Processing file /opt/airflow/dags/youtube_comments_DAG.py for tasks to queue
[2025-02-01T13:42:16.046+0000] {logging_mixin.py:190} INFO - [2025-02-01T13:42:16.045+0000] {dagbag.py:588} INFO - Filling up the DagBag from /opt/airflow/dags/youtube_comments_DAG.py
[2025-02-01T13:42:16.099+0000] {logging_mixin.py:190} INFO - os.getenv(ytb_api):1 AIzaSyAJwiYOOwF8f_XX6zQyweoIB23K4qugiXU
[2025-02-01T13:42:16.112+0000] {processor.py:925} INFO - DAG(s) 'youtube_comments_etl_pipeline' retrieved from /opt/airflow/dags/youtube_comments_DAG.py
[2025-02-01T13:42:16.132+0000] {logging_mixin.py:190} INFO - [2025-02-01T13:42:16.132+0000] {dag.py:3239} INFO - Sync 1 DAGs
[2025-02-01T13:42:16.146+0000] {logging_mixin.py:190} INFO - [2025-02-01T13:42:16.146+0000] {dag.py:4180} INFO - Setting next_dagrun for youtube_comments_etl_pipeline to 2025-02-01 00:00:00+00:00, run_after=2025-02-02 00:00:00+00:00
[2025-02-01T13:42:16.153+0000] {processor.py:208} INFO - Processing /opt/airflow/dags/youtube_comments_DAG.py took 0.121 seconds
[2025-02-01T14:45:42.463+0000] {processor.py:186} INFO - Started process (PID=58) to work on /opt/airflow/dags/youtube_comments_DAG.py
[2025-02-01T14:45:42.465+0000] {processor.py:914} INFO - Processing file /opt/airflow/dags/youtube_comments_DAG.py for tasks to queue
[2025-02-01T14:45:42.467+0000] {logging_mixin.py:190} INFO - [2025-02-01T14:45:42.467+0000] {dagbag.py:588} INFO - Filling up the DagBag from /opt/airflow/dags/youtube_comments_DAG.py
[2025-02-01T14:45:42.845+0000] {logging_mixin.py:190} INFO - os.getenv(ytb_api):1 AIzaSyAJwiYOOwF8f_XX6zQyweoIB23K4qugiXU
[2025-02-01T14:45:42.862+0000] {processor.py:925} INFO - DAG(s) 'youtube_comments_etl_pipeline' retrieved from /opt/airflow/dags/youtube_comments_DAG.py
[2025-02-01T14:45:42.890+0000] {logging_mixin.py:190} INFO - [2025-02-01T14:45:42.890+0000] {dag.py:3239} INFO - Sync 1 DAGs
[2025-02-01T14:45:42.909+0000] {logging_mixin.py:190} INFO - [2025-02-01T14:45:42.908+0000] {dag.py:4180} INFO - Setting next_dagrun for youtube_comments_etl_pipeline to 2025-02-01 00:00:00+00:00, run_after=2025-02-02 00:00:00+00:00
[2025-02-01T14:45:42.944+0000] {processor.py:208} INFO - Processing /opt/airflow/dags/youtube_comments_DAG.py took 0.487 seconds
[2025-02-01T14:46:13.082+0000] {processor.py:186} INFO - Started process (PID=125) to work on /opt/airflow/dags/youtube_comments_DAG.py
[2025-02-01T14:46:13.083+0000] {processor.py:914} INFO - Processing file /opt/airflow/dags/youtube_comments_DAG.py for tasks to queue
[2025-02-01T14:46:13.085+0000] {logging_mixin.py:190} INFO - [2025-02-01T14:46:13.084+0000] {dagbag.py:588} INFO - Filling up the DagBag from /opt/airflow/dags/youtube_comments_DAG.py
[2025-02-01T14:46:13.131+0000] {logging_mixin.py:190} INFO - os.getenv(ytb_api):1 AIzaSyAJwiYOOwF8f_XX6zQyweoIB23K4qugiXU
[2025-02-01T14:46:13.138+0000] {processor.py:925} INFO - DAG(s) 'youtube_comments_etl_pipeline' retrieved from /opt/airflow/dags/youtube_comments_DAG.py
[2025-02-01T14:46:13.149+0000] {logging_mixin.py:190} INFO - [2025-02-01T14:46:13.149+0000] {dag.py:3239} INFO - Sync 1 DAGs
[2025-02-01T14:46:13.161+0000] {logging_mixin.py:190} INFO - [2025-02-01T14:46:13.161+0000] {dag.py:4180} INFO - Setting next_dagrun for youtube_comments_etl_pipeline to 2025-02-01 00:00:00+00:00, run_after=2025-02-02 00:00:00+00:00
[2025-02-01T14:46:13.172+0000] {processor.py:208} INFO - Processing /opt/airflow/dags/youtube_comments_DAG.py took 0.094 seconds
[2025-02-01T14:46:43.249+0000] {processor.py:186} INFO - Started process (PID=190) to work on /opt/airflow/dags/youtube_comments_DAG.py
[2025-02-01T14:46:43.250+0000] {processor.py:914} INFO - Processing file /opt/airflow/dags/youtube_comments_DAG.py for tasks to queue
[2025-02-01T14:46:43.251+0000] {logging_mixin.py:190} INFO - [2025-02-01T14:46:43.251+0000] {dagbag.py:588} INFO - Filling up the DagBag from /opt/airflow/dags/youtube_comments_DAG.py
[2025-02-01T14:46:43.283+0000] {logging_mixin.py:190} INFO - os.getenv(ytb_api):1 AIzaSyAJwiYOOwF8f_XX6zQyweoIB23K4qugiXU
[2025-02-01T14:46:43.287+0000] {processor.py:925} INFO - DAG(s) 'youtube_comments_etl_pipeline' retrieved from /opt/airflow/dags/youtube_comments_DAG.py
[2025-02-01T14:46:43.297+0000] {logging_mixin.py:190} INFO - [2025-02-01T14:46:43.296+0000] {dag.py:3239} INFO - Sync 1 DAGs
[2025-02-01T14:46:43.308+0000] {logging_mixin.py:190} INFO - [2025-02-01T14:46:43.308+0000] {dag.py:4180} INFO - Setting next_dagrun for youtube_comments_etl_pipeline to 2025-02-01 00:00:00+00:00, run_after=2025-02-02 00:00:00+00:00
[2025-02-01T14:46:43.318+0000] {processor.py:208} INFO - Processing /opt/airflow/dags/youtube_comments_DAG.py took 0.073 seconds
[2025-02-01T14:47:14.190+0000] {processor.py:186} INFO - Started process (PID=255) to work on /opt/airflow/dags/youtube_comments_DAG.py
[2025-02-01T14:47:14.191+0000] {processor.py:914} INFO - Processing file /opt/airflow/dags/youtube_comments_DAG.py for tasks to queue
[2025-02-01T14:47:14.202+0000] {logging_mixin.py:190} INFO - [2025-02-01T14:47:14.201+0000] {dagbag.py:588} INFO - Filling up the DagBag from /opt/airflow/dags/youtube_comments_DAG.py
[2025-02-01T14:47:14.262+0000] {logging_mixin.py:190} INFO - os.getenv(ytb_api):1 AIzaSyAJwiYOOwF8f_XX6zQyweoIB23K4qugiXU
[2025-02-01T14:47:14.267+0000] {processor.py:925} INFO - DAG(s) 'youtube_comments_etl_pipeline' retrieved from /opt/airflow/dags/youtube_comments_DAG.py
[2025-02-01T14:47:14.284+0000] {logging_mixin.py:190} INFO - [2025-02-01T14:47:14.283+0000] {dag.py:3239} INFO - Sync 1 DAGs
[2025-02-01T14:47:14.297+0000] {logging_mixin.py:190} INFO - [2025-02-01T14:47:14.297+0000] {dag.py:4180} INFO - Setting next_dagrun for youtube_comments_etl_pipeline to 2025-02-01 00:00:00+00:00, run_after=2025-02-02 00:00:00+00:00
[2025-02-01T14:47:14.308+0000] {processor.py:208} INFO - Processing /opt/airflow/dags/youtube_comments_DAG.py took 0.125 seconds
[2025-02-01T14:47:44.572+0000] {processor.py:186} INFO - Started process (PID=321) to work on /opt/airflow/dags/youtube_comments_DAG.py
[2025-02-01T14:47:44.573+0000] {processor.py:914} INFO - Processing file /opt/airflow/dags/youtube_comments_DAG.py for tasks to queue
[2025-02-01T14:47:44.577+0000] {logging_mixin.py:190} INFO - [2025-02-01T14:47:44.577+0000] {dagbag.py:588} INFO - Filling up the DagBag from /opt/airflow/dags/youtube_comments_DAG.py
[2025-02-01T14:47:44.623+0000] {logging_mixin.py:190} INFO - os.getenv(ytb_api):1 AIzaSyAJwiYOOwF8f_XX6zQyweoIB23K4qugiXU
[2025-02-01T14:47:44.627+0000] {processor.py:925} INFO - DAG(s) 'youtube_comments_etl_pipeline' retrieved from /opt/airflow/dags/youtube_comments_DAG.py
[2025-02-01T14:47:44.643+0000] {logging_mixin.py:190} INFO - [2025-02-01T14:47:44.641+0000] {dag.py:3239} INFO - Sync 1 DAGs
[2025-02-01T14:47:44.656+0000] {logging_mixin.py:190} INFO - [2025-02-01T14:47:44.656+0000] {dag.py:4180} INFO - Setting next_dagrun for youtube_comments_etl_pipeline to 2025-02-01 00:00:00+00:00, run_after=2025-02-02 00:00:00+00:00
[2025-02-01T14:47:44.665+0000] {processor.py:208} INFO - Processing /opt/airflow/dags/youtube_comments_DAG.py took 0.097 seconds
[2025-02-01T14:48:15.257+0000] {processor.py:186} INFO - Started process (PID=387) to work on /opt/airflow/dags/youtube_comments_DAG.py
[2025-02-01T14:48:15.260+0000] {processor.py:914} INFO - Processing file /opt/airflow/dags/youtube_comments_DAG.py for tasks to queue
[2025-02-01T14:48:15.265+0000] {logging_mixin.py:190} INFO - [2025-02-01T14:48:15.264+0000] {dagbag.py:588} INFO - Filling up the DagBag from /opt/airflow/dags/youtube_comments_DAG.py
[2025-02-01T14:48:15.309+0000] {logging_mixin.py:190} INFO - os.getenv(ytb_api):1 AIzaSyAJwiYOOwF8f_XX6zQyweoIB23K4qugiXU
[2025-02-01T14:48:15.313+0000] {processor.py:925} INFO - DAG(s) 'youtube_comments_etl_pipeline' retrieved from /opt/airflow/dags/youtube_comments_DAG.py
[2025-02-01T14:48:15.326+0000] {logging_mixin.py:190} INFO - [2025-02-01T14:48:15.326+0000] {dag.py:3239} INFO - Sync 1 DAGs
[2025-02-01T14:48:15.346+0000] {logging_mixin.py:190} INFO - [2025-02-01T14:48:15.345+0000] {dag.py:4180} INFO - Setting next_dagrun for youtube_comments_etl_pipeline to 2025-02-01 00:00:00+00:00, run_after=2025-02-02 00:00:00+00:00
[2025-02-01T14:48:15.363+0000] {processor.py:208} INFO - Processing /opt/airflow/dags/youtube_comments_DAG.py took 0.113 seconds
[2025-02-01T14:48:46.140+0000] {processor.py:186} INFO - Started process (PID=453) to work on /opt/airflow/dags/youtube_comments_DAG.py
[2025-02-01T14:48:46.141+0000] {processor.py:914} INFO - Processing file /opt/airflow/dags/youtube_comments_DAG.py for tasks to queue
[2025-02-01T14:48:46.146+0000] {logging_mixin.py:190} INFO - [2025-02-01T14:48:46.145+0000] {dagbag.py:588} INFO - Filling up the DagBag from /opt/airflow/dags/youtube_comments_DAG.py
[2025-02-01T14:48:46.213+0000] {logging_mixin.py:190} INFO - os.getenv(ytb_api):1 AIzaSyAJwiYOOwF8f_XX6zQyweoIB23K4qugiXU
[2025-02-01T14:48:46.220+0000] {processor.py:925} INFO - DAG(s) 'youtube_comments_etl_pipeline' retrieved from /opt/airflow/dags/youtube_comments_DAG.py
[2025-02-01T14:48:46.250+0000] {logging_mixin.py:190} INFO - [2025-02-01T14:48:46.250+0000] {dag.py:3239} INFO - Sync 1 DAGs
[2025-02-01T14:48:46.269+0000] {logging_mixin.py:190} INFO - [2025-02-01T14:48:46.269+0000] {dag.py:4180} INFO - Setting next_dagrun for youtube_comments_etl_pipeline to 2025-02-01 00:00:00+00:00, run_after=2025-02-02 00:00:00+00:00
[2025-02-01T14:48:46.288+0000] {processor.py:208} INFO - Processing /opt/airflow/dags/youtube_comments_DAG.py took 0.157 seconds
[2025-02-01T14:49:17.117+0000] {processor.py:186} INFO - Started process (PID=525) to work on /opt/airflow/dags/youtube_comments_DAG.py
[2025-02-01T14:49:17.118+0000] {processor.py:914} INFO - Processing file /opt/airflow/dags/youtube_comments_DAG.py for tasks to queue
[2025-02-01T14:49:17.121+0000] {logging_mixin.py:190} INFO - [2025-02-01T14:49:17.121+0000] {dagbag.py:588} INFO - Filling up the DagBag from /opt/airflow/dags/youtube_comments_DAG.py
[2025-02-01T14:49:17.180+0000] {logging_mixin.py:190} INFO - os.getenv(ytb_api):1 AIzaSyAJwiYOOwF8f_XX6zQyweoIB23K4qugiXU
[2025-02-01T14:49:17.186+0000] {processor.py:925} INFO - DAG(s) 'youtube_comments_etl_pipeline' retrieved from /opt/airflow/dags/youtube_comments_DAG.py
[2025-02-01T14:49:17.203+0000] {logging_mixin.py:190} INFO - [2025-02-01T14:49:17.203+0000] {dag.py:3239} INFO - Sync 1 DAGs
[2025-02-01T14:49:17.216+0000] {logging_mixin.py:190} INFO - [2025-02-01T14:49:17.216+0000] {dag.py:4180} INFO - Setting next_dagrun for youtube_comments_etl_pipeline to 2025-02-01 00:00:00+00:00, run_after=2025-02-02 00:00:00+00:00
[2025-02-01T14:49:17.229+0000] {processor.py:208} INFO - Processing /opt/airflow/dags/youtube_comments_DAG.py took 0.118 seconds
[2025-02-01T14:49:48.228+0000] {processor.py:186} INFO - Started process (PID=591) to work on /opt/airflow/dags/youtube_comments_DAG.py
[2025-02-01T14:49:48.231+0000] {processor.py:914} INFO - Processing file /opt/airflow/dags/youtube_comments_DAG.py for tasks to queue
[2025-02-01T14:49:48.244+0000] {logging_mixin.py:190} INFO - [2025-02-01T14:49:48.244+0000] {dagbag.py:588} INFO - Filling up the DagBag from /opt/airflow/dags/youtube_comments_DAG.py
[2025-02-01T14:49:48.337+0000] {logging_mixin.py:190} INFO - os.getenv(ytb_api):1 AIzaSyAJwiYOOwF8f_XX6zQyweoIB23K4qugiXU
[2025-02-01T14:49:48.345+0000] {processor.py:925} INFO - DAG(s) 'youtube_comments_etl_pipeline' retrieved from /opt/airflow/dags/youtube_comments_DAG.py
[2025-02-01T14:49:48.373+0000] {logging_mixin.py:190} INFO - [2025-02-01T14:49:48.372+0000] {dag.py:3239} INFO - Sync 1 DAGs
[2025-02-01T14:49:48.400+0000] {logging_mixin.py:190} INFO - [2025-02-01T14:49:48.400+0000] {dag.py:4180} INFO - Setting next_dagrun for youtube_comments_etl_pipeline to 2025-02-01 00:00:00+00:00, run_after=2025-02-02 00:00:00+00:00
[2025-02-01T14:49:48.426+0000] {processor.py:208} INFO - Processing /opt/airflow/dags/youtube_comments_DAG.py took 0.208 seconds
[2025-02-01T14:50:19.371+0000] {processor.py:186} INFO - Started process (PID=657) to work on /opt/airflow/dags/youtube_comments_DAG.py
[2025-02-01T14:50:19.372+0000] {processor.py:914} INFO - Processing file /opt/airflow/dags/youtube_comments_DAG.py for tasks to queue
[2025-02-01T14:50:19.375+0000] {logging_mixin.py:190} INFO - [2025-02-01T14:50:19.375+0000] {dagbag.py:588} INFO - Filling up the DagBag from /opt/airflow/dags/youtube_comments_DAG.py
[2025-02-01T14:50:19.420+0000] {logging_mixin.py:190} INFO - os.getenv(ytb_api):1 AIzaSyAJwiYOOwF8f_XX6zQyweoIB23K4qugiXU
[2025-02-01T14:50:19.425+0000] {processor.py:925} INFO - DAG(s) 'youtube_comments_etl_pipeline' retrieved from /opt/airflow/dags/youtube_comments_DAG.py
[2025-02-01T14:50:19.439+0000] {logging_mixin.py:190} INFO - [2025-02-01T14:50:19.439+0000] {dag.py:3239} INFO - Sync 1 DAGs
[2025-02-01T14:50:19.457+0000] {logging_mixin.py:190} INFO - [2025-02-01T14:50:19.457+0000] {dag.py:4180} INFO - Setting next_dagrun for youtube_comments_etl_pipeline to 2025-02-01 00:00:00+00:00, run_after=2025-02-02 00:00:00+00:00
[2025-02-01T14:50:19.469+0000] {processor.py:208} INFO - Processing /opt/airflow/dags/youtube_comments_DAG.py took 0.103 seconds
[2025-02-01T14:50:50.290+0000] {processor.py:186} INFO - Started process (PID=723) to work on /opt/airflow/dags/youtube_comments_DAG.py
[2025-02-01T14:50:50.290+0000] {processor.py:914} INFO - Processing file /opt/airflow/dags/youtube_comments_DAG.py for tasks to queue
[2025-02-01T14:50:50.295+0000] {logging_mixin.py:190} INFO - [2025-02-01T14:50:50.295+0000] {dagbag.py:588} INFO - Filling up the DagBag from /opt/airflow/dags/youtube_comments_DAG.py
[2025-02-01T14:50:50.362+0000] {logging_mixin.py:190} INFO - os.getenv(ytb_api):1 AIzaSyAJwiYOOwF8f_XX6zQyweoIB23K4qugiXU
[2025-02-01T14:50:50.371+0000] {processor.py:925} INFO - DAG(s) 'youtube_comments_etl_pipeline' retrieved from /opt/airflow/dags/youtube_comments_DAG.py
[2025-02-01T14:50:50.388+0000] {logging_mixin.py:190} INFO - [2025-02-01T14:50:50.388+0000] {dag.py:3239} INFO - Sync 1 DAGs
[2025-02-01T14:50:50.403+0000] {logging_mixin.py:190} INFO - [2025-02-01T14:50:50.403+0000] {dag.py:4180} INFO - Setting next_dagrun for youtube_comments_etl_pipeline to 2025-02-01 00:00:00+00:00, run_after=2025-02-02 00:00:00+00:00
[2025-02-01T14:50:50.423+0000] {processor.py:208} INFO - Processing /opt/airflow/dags/youtube_comments_DAG.py took 0.141 seconds
[2025-02-01T14:51:16.208+0000] {processor.py:186} INFO - Started process (PID=783) to work on /opt/airflow/dags/youtube_comments_DAG.py
[2025-02-01T14:51:16.209+0000] {processor.py:914} INFO - Processing file /opt/airflow/dags/youtube_comments_DAG.py for tasks to queue
[2025-02-01T14:51:16.212+0000] {logging_mixin.py:190} INFO - [2025-02-01T14:51:16.212+0000] {dagbag.py:588} INFO - Filling up the DagBag from /opt/airflow/dags/youtube_comments_DAG.py
[2025-02-01T14:51:16.272+0000] {logging_mixin.py:190} INFO - os.getenv(ytb_api):1 AIzaSyAJwiYOOwF8f_XX6zQyweoIB23K4qugiXU
[2025-02-01T14:51:16.279+0000] {processor.py:925} INFO - DAG(s) 'youtube_comments_etl_pipeline' retrieved from /opt/airflow/dags/youtube_comments_DAG.py
[2025-02-01T14:51:16.295+0000] {logging_mixin.py:190} INFO - [2025-02-01T14:51:16.295+0000] {dag.py:3239} INFO - Sync 1 DAGs
[2025-02-01T14:51:16.307+0000] {logging_mixin.py:190} INFO - [2025-02-01T14:51:16.307+0000] {dag.py:4180} INFO - Setting next_dagrun for youtube_comments_etl_pipeline to 2025-02-01 00:00:00+00:00, run_after=2025-02-02 00:00:00+00:00
[2025-02-01T14:51:16.317+0000] {processor.py:208} INFO - Processing /opt/airflow/dags/youtube_comments_DAG.py took 0.116 seconds
[2025-02-01T14:51:47.262+0000] {processor.py:186} INFO - Started process (PID=855) to work on /opt/airflow/dags/youtube_comments_DAG.py
[2025-02-01T14:51:47.263+0000] {processor.py:914} INFO - Processing file /opt/airflow/dags/youtube_comments_DAG.py for tasks to queue
[2025-02-01T14:51:47.266+0000] {logging_mixin.py:190} INFO - [2025-02-01T14:51:47.266+0000] {dagbag.py:588} INFO - Filling up the DagBag from /opt/airflow/dags/youtube_comments_DAG.py
[2025-02-01T14:51:47.306+0000] {logging_mixin.py:190} INFO - os.getenv(ytb_api):1 AIzaSyAJwiYOOwF8f_XX6zQyweoIB23K4qugiXU
[2025-02-01T14:51:47.312+0000] {processor.py:925} INFO - DAG(s) 'youtube_comments_etl_pipeline' retrieved from /opt/airflow/dags/youtube_comments_DAG.py
[2025-02-01T14:51:47.329+0000] {logging_mixin.py:190} INFO - [2025-02-01T14:51:47.329+0000] {dag.py:3239} INFO - Sync 1 DAGs
[2025-02-01T14:51:47.355+0000] {logging_mixin.py:190} INFO - [2025-02-01T14:51:47.355+0000] {dag.py:4180} INFO - Setting next_dagrun for youtube_comments_etl_pipeline to 2025-02-01 00:00:00+00:00, run_after=2025-02-02 00:00:00+00:00
[2025-02-01T14:51:47.380+0000] {processor.py:208} INFO - Processing /opt/airflow/dags/youtube_comments_DAG.py took 0.125 seconds
[2025-02-01T14:52:17.920+0000] {processor.py:186} INFO - Started process (PID=921) to work on /opt/airflow/dags/youtube_comments_DAG.py
[2025-02-01T14:52:17.921+0000] {processor.py:914} INFO - Processing file /opt/airflow/dags/youtube_comments_DAG.py for tasks to queue
[2025-02-01T14:52:17.924+0000] {logging_mixin.py:190} INFO - [2025-02-01T14:52:17.924+0000] {dagbag.py:588} INFO - Filling up the DagBag from /opt/airflow/dags/youtube_comments_DAG.py
[2025-02-01T14:52:17.975+0000] {logging_mixin.py:190} INFO - os.getenv(ytb_api):1 AIzaSyAJwiYOOwF8f_XX6zQyweoIB23K4qugiXU
[2025-02-01T14:52:17.983+0000] {processor.py:925} INFO - DAG(s) 'youtube_comments_etl_pipeline' retrieved from /opt/airflow/dags/youtube_comments_DAG.py
[2025-02-01T14:52:17.996+0000] {logging_mixin.py:190} INFO - [2025-02-01T14:52:17.996+0000] {dag.py:3239} INFO - Sync 1 DAGs
[2025-02-01T14:52:18.010+0000] {logging_mixin.py:190} INFO - [2025-02-01T14:52:18.010+0000] {dag.py:4180} INFO - Setting next_dagrun for youtube_comments_etl_pipeline to 2025-02-01 00:00:00+00:00, run_after=2025-02-02 00:00:00+00:00
[2025-02-01T14:52:18.019+0000] {processor.py:208} INFO - Processing /opt/airflow/dags/youtube_comments_DAG.py took 0.106 seconds
[2025-02-01T14:52:48.729+0000] {processor.py:186} INFO - Started process (PID=987) to work on /opt/airflow/dags/youtube_comments_DAG.py
[2025-02-01T14:52:48.730+0000] {processor.py:914} INFO - Processing file /opt/airflow/dags/youtube_comments_DAG.py for tasks to queue
[2025-02-01T14:52:48.734+0000] {logging_mixin.py:190} INFO - [2025-02-01T14:52:48.733+0000] {dagbag.py:588} INFO - Filling up the DagBag from /opt/airflow/dags/youtube_comments_DAG.py
[2025-02-01T14:52:48.772+0000] {logging_mixin.py:190} INFO - os.getenv(ytb_api):1 AIzaSyAJwiYOOwF8f_XX6zQyweoIB23K4qugiXU
[2025-02-01T14:52:48.778+0000] {processor.py:925} INFO - DAG(s) 'youtube_comments_etl_pipeline' retrieved from /opt/airflow/dags/youtube_comments_DAG.py
[2025-02-01T14:52:48.790+0000] {logging_mixin.py:190} INFO - [2025-02-01T14:52:48.790+0000] {dag.py:3239} INFO - Sync 1 DAGs
[2025-02-01T14:52:48.803+0000] {logging_mixin.py:190} INFO - [2025-02-01T14:52:48.803+0000] {dag.py:4180} INFO - Setting next_dagrun for youtube_comments_etl_pipeline to 2025-02-01 00:00:00+00:00, run_after=2025-02-02 00:00:00+00:00
[2025-02-01T14:52:48.810+0000] {processor.py:208} INFO - Processing /opt/airflow/dags/youtube_comments_DAG.py took 0.087 seconds
[2025-02-01T14:53:19.816+0000] {processor.py:186} INFO - Started process (PID=1053) to work on /opt/airflow/dags/youtube_comments_DAG.py
[2025-02-01T14:53:19.817+0000] {processor.py:914} INFO - Processing file /opt/airflow/dags/youtube_comments_DAG.py for tasks to queue
[2025-02-01T14:53:19.820+0000] {logging_mixin.py:190} INFO - [2025-02-01T14:53:19.820+0000] {dagbag.py:588} INFO - Filling up the DagBag from /opt/airflow/dags/youtube_comments_DAG.py
[2025-02-01T14:53:19.867+0000] {logging_mixin.py:190} INFO - os.getenv(ytb_api):1 AIzaSyAJwiYOOwF8f_XX6zQyweoIB23K4qugiXU
[2025-02-01T14:53:19.874+0000] {processor.py:925} INFO - DAG(s) 'youtube_comments_etl_pipeline' retrieved from /opt/airflow/dags/youtube_comments_DAG.py
[2025-02-01T14:53:19.887+0000] {logging_mixin.py:190} INFO - [2025-02-01T14:53:19.887+0000] {dag.py:3239} INFO - Sync 1 DAGs
[2025-02-01T14:53:19.902+0000] {logging_mixin.py:190} INFO - [2025-02-01T14:53:19.901+0000] {dag.py:4180} INFO - Setting next_dagrun for youtube_comments_etl_pipeline to 2025-02-01 00:00:00+00:00, run_after=2025-02-02 00:00:00+00:00
[2025-02-01T14:53:19.910+0000] {processor.py:208} INFO - Processing /opt/airflow/dags/youtube_comments_DAG.py took 0.103 seconds
[2025-02-01T14:53:50.698+0000] {processor.py:186} INFO - Started process (PID=1119) to work on /opt/airflow/dags/youtube_comments_DAG.py
[2025-02-01T14:53:50.698+0000] {processor.py:914} INFO - Processing file /opt/airflow/dags/youtube_comments_DAG.py for tasks to queue
[2025-02-01T14:53:50.702+0000] {logging_mixin.py:190} INFO - [2025-02-01T14:53:50.701+0000] {dagbag.py:588} INFO - Filling up the DagBag from /opt/airflow/dags/youtube_comments_DAG.py
[2025-02-01T14:53:50.737+0000] {logging_mixin.py:190} INFO - os.getenv(ytb_api):1 AIzaSyAJwiYOOwF8f_XX6zQyweoIB23K4qugiXU
[2025-02-01T14:53:50.742+0000] {processor.py:925} INFO - DAG(s) 'youtube_comments_etl_pipeline' retrieved from /opt/airflow/dags/youtube_comments_DAG.py
[2025-02-01T14:53:50.757+0000] {logging_mixin.py:190} INFO - [2025-02-01T14:53:50.756+0000] {dag.py:3239} INFO - Sync 1 DAGs
[2025-02-01T14:53:50.771+0000] {logging_mixin.py:190} INFO - [2025-02-01T14:53:50.771+0000] {dag.py:4180} INFO - Setting next_dagrun for youtube_comments_etl_pipeline to 2025-02-01 00:00:00+00:00, run_after=2025-02-02 00:00:00+00:00
[2025-02-01T14:53:50.779+0000] {processor.py:208} INFO - Processing /opt/airflow/dags/youtube_comments_DAG.py took 0.087 seconds
[2025-02-01T14:54:20.834+0000] {processor.py:186} INFO - Started process (PID=1185) to work on /opt/airflow/dags/youtube_comments_DAG.py
[2025-02-01T14:54:20.835+0000] {processor.py:914} INFO - Processing file /opt/airflow/dags/youtube_comments_DAG.py for tasks to queue
[2025-02-01T14:54:20.839+0000] {logging_mixin.py:190} INFO - [2025-02-01T14:54:20.839+0000] {dagbag.py:588} INFO - Filling up the DagBag from /opt/airflow/dags/youtube_comments_DAG.py
[2025-02-01T14:54:20.876+0000] {logging_mixin.py:190} INFO - os.getenv(ytb_api):1 AIzaSyAJwiYOOwF8f_XX6zQyweoIB23K4qugiXU
[2025-02-01T14:54:20.892+0000] {processor.py:925} INFO - DAG(s) 'youtube_comments_etl_pipeline' retrieved from /opt/airflow/dags/youtube_comments_DAG.py
[2025-02-01T14:54:20.907+0000] {logging_mixin.py:190} INFO - [2025-02-01T14:54:20.907+0000] {dag.py:3239} INFO - Sync 1 DAGs
[2025-02-01T14:54:20.921+0000] {logging_mixin.py:190} INFO - [2025-02-01T14:54:20.921+0000] {dag.py:4180} INFO - Setting next_dagrun for youtube_comments_etl_pipeline to 2025-02-01 00:00:00+00:00, run_after=2025-02-02 00:00:00+00:00
[2025-02-01T14:54:20.932+0000] {processor.py:208} INFO - Processing /opt/airflow/dags/youtube_comments_DAG.py took 0.102 seconds
[2025-02-01T14:54:51.737+0000] {processor.py:186} INFO - Started process (PID=1251) to work on /opt/airflow/dags/youtube_comments_DAG.py
[2025-02-01T14:54:51.738+0000] {processor.py:914} INFO - Processing file /opt/airflow/dags/youtube_comments_DAG.py for tasks to queue
[2025-02-01T14:54:51.741+0000] {logging_mixin.py:190} INFO - [2025-02-01T14:54:51.741+0000] {dagbag.py:588} INFO - Filling up the DagBag from /opt/airflow/dags/youtube_comments_DAG.py
[2025-02-01T14:54:51.780+0000] {logging_mixin.py:190} INFO - os.getenv(ytb_api):1 AIzaSyAJwiYOOwF8f_XX6zQyweoIB23K4qugiXU
[2025-02-01T14:54:51.786+0000] {processor.py:925} INFO - DAG(s) 'youtube_comments_etl_pipeline' retrieved from /opt/airflow/dags/youtube_comments_DAG.py
[2025-02-01T14:54:51.812+0000] {logging_mixin.py:190} INFO - [2025-02-01T14:54:51.812+0000] {dag.py:3239} INFO - Sync 1 DAGs
[2025-02-01T14:54:51.825+0000] {logging_mixin.py:190} INFO - [2025-02-01T14:54:51.824+0000] {dag.py:4180} INFO - Setting next_dagrun for youtube_comments_etl_pipeline to 2025-02-01 00:00:00+00:00, run_after=2025-02-02 00:00:00+00:00
[2025-02-01T14:54:51.834+0000] {processor.py:208} INFO - Processing /opt/airflow/dags/youtube_comments_DAG.py took 0.103 seconds
[2025-02-01T14:55:22.833+0000] {processor.py:186} INFO - Started process (PID=1317) to work on /opt/airflow/dags/youtube_comments_DAG.py
[2025-02-01T14:55:22.834+0000] {processor.py:914} INFO - Processing file /opt/airflow/dags/youtube_comments_DAG.py for tasks to queue
[2025-02-01T14:55:22.837+0000] {logging_mixin.py:190} INFO - [2025-02-01T14:55:22.836+0000] {dagbag.py:588} INFO - Filling up the DagBag from /opt/airflow/dags/youtube_comments_DAG.py
[2025-02-01T14:55:22.878+0000] {logging_mixin.py:190} INFO - os.getenv(ytb_api):1 AIzaSyAJwiYOOwF8f_XX6zQyweoIB23K4qugiXU
[2025-02-01T14:55:22.883+0000] {processor.py:925} INFO - DAG(s) 'youtube_comments_etl_pipeline' retrieved from /opt/airflow/dags/youtube_comments_DAG.py
[2025-02-01T14:55:22.897+0000] {logging_mixin.py:190} INFO - [2025-02-01T14:55:22.897+0000] {dag.py:3239} INFO - Sync 1 DAGs
[2025-02-01T14:55:22.910+0000] {logging_mixin.py:190} INFO - [2025-02-01T14:55:22.910+0000] {dag.py:4180} INFO - Setting next_dagrun for youtube_comments_etl_pipeline to 2025-02-01 00:00:00+00:00, run_after=2025-02-02 00:00:00+00:00
[2025-02-01T14:55:22.919+0000] {processor.py:208} INFO - Processing /opt/airflow/dags/youtube_comments_DAG.py took 0.090 seconds
[2025-02-01T14:55:53.751+0000] {processor.py:186} INFO - Started process (PID=1383) to work on /opt/airflow/dags/youtube_comments_DAG.py
[2025-02-01T14:55:53.752+0000] {processor.py:914} INFO - Processing file /opt/airflow/dags/youtube_comments_DAG.py for tasks to queue
[2025-02-01T14:55:53.756+0000] {logging_mixin.py:190} INFO - [2025-02-01T14:55:53.756+0000] {dagbag.py:588} INFO - Filling up the DagBag from /opt/airflow/dags/youtube_comments_DAG.py
[2025-02-01T14:55:53.797+0000] {logging_mixin.py:190} INFO - os.getenv(ytb_api):1 AIzaSyAJwiYOOwF8f_XX6zQyweoIB23K4qugiXU
[2025-02-01T14:55:53.803+0000] {processor.py:925} INFO - DAG(s) 'youtube_comments_etl_pipeline' retrieved from /opt/airflow/dags/youtube_comments_DAG.py
[2025-02-01T14:55:53.817+0000] {logging_mixin.py:190} INFO - [2025-02-01T14:55:53.817+0000] {dag.py:3239} INFO - Sync 1 DAGs
[2025-02-01T14:55:53.833+0000] {logging_mixin.py:190} INFO - [2025-02-01T14:55:53.833+0000] {dag.py:4180} INFO - Setting next_dagrun for youtube_comments_etl_pipeline to 2025-02-01 00:00:00+00:00, run_after=2025-02-02 00:00:00+00:00
[2025-02-01T14:55:53.844+0000] {processor.py:208} INFO - Processing /opt/airflow/dags/youtube_comments_DAG.py took 0.099 seconds
[2025-02-01T14:56:24.819+0000] {processor.py:186} INFO - Started process (PID=1449) to work on /opt/airflow/dags/youtube_comments_DAG.py
[2025-02-01T14:56:24.820+0000] {processor.py:914} INFO - Processing file /opt/airflow/dags/youtube_comments_DAG.py for tasks to queue
[2025-02-01T14:56:24.823+0000] {logging_mixin.py:190} INFO - [2025-02-01T14:56:24.823+0000] {dagbag.py:588} INFO - Filling up the DagBag from /opt/airflow/dags/youtube_comments_DAG.py
[2025-02-01T14:56:24.892+0000] {logging_mixin.py:190} INFO - os.getenv(ytb_api):1 AIzaSyAJwiYOOwF8f_XX6zQyweoIB23K4qugiXU
[2025-02-01T14:56:24.902+0000] {processor.py:925} INFO - DAG(s) 'youtube_comments_etl_pipeline' retrieved from /opt/airflow/dags/youtube_comments_DAG.py
[2025-02-01T14:56:24.921+0000] {logging_mixin.py:190} INFO - [2025-02-01T14:56:24.920+0000] {dag.py:3239} INFO - Sync 1 DAGs
[2025-02-01T14:56:24.941+0000] {logging_mixin.py:190} INFO - [2025-02-01T14:56:24.941+0000] {dag.py:4180} INFO - Setting next_dagrun for youtube_comments_etl_pipeline to 2025-02-01 00:00:00+00:00, run_after=2025-02-02 00:00:00+00:00
[2025-02-01T14:56:24.952+0000] {processor.py:208} INFO - Processing /opt/airflow/dags/youtube_comments_DAG.py took 0.140 seconds
[2025-02-01T14:56:55.829+0000] {processor.py:186} INFO - Started process (PID=1515) to work on /opt/airflow/dags/youtube_comments_DAG.py
[2025-02-01T14:56:55.830+0000] {processor.py:914} INFO - Processing file /opt/airflow/dags/youtube_comments_DAG.py for tasks to queue
[2025-02-01T14:56:55.832+0000] {logging_mixin.py:190} INFO - [2025-02-01T14:56:55.832+0000] {dagbag.py:588} INFO - Filling up the DagBag from /opt/airflow/dags/youtube_comments_DAG.py
[2025-02-01T14:56:55.879+0000] {logging_mixin.py:190} INFO - os.getenv(ytb_api):1 AIzaSyAJwiYOOwF8f_XX6zQyweoIB23K4qugiXU
[2025-02-01T14:56:55.905+0000] {processor.py:925} INFO - DAG(s) 'youtube_comments_etl_pipeline' retrieved from /opt/airflow/dags/youtube_comments_DAG.py
[2025-02-01T14:56:55.928+0000] {logging_mixin.py:190} INFO - [2025-02-01T14:56:55.927+0000] {dag.py:3239} INFO - Sync 1 DAGs
[2025-02-01T14:56:55.951+0000] {logging_mixin.py:190} INFO - [2025-02-01T14:56:55.951+0000] {dag.py:4180} INFO - Setting next_dagrun for youtube_comments_etl_pipeline to 2025-02-01 00:00:00+00:00, run_after=2025-02-02 00:00:00+00:00
[2025-02-01T14:56:55.963+0000] {processor.py:208} INFO - Processing /opt/airflow/dags/youtube_comments_DAG.py took 0.139 seconds
[2025-02-01T14:57:26.874+0000] {processor.py:186} INFO - Started process (PID=1581) to work on /opt/airflow/dags/youtube_comments_DAG.py
[2025-02-01T14:57:26.875+0000] {processor.py:914} INFO - Processing file /opt/airflow/dags/youtube_comments_DAG.py for tasks to queue
[2025-02-01T14:57:26.877+0000] {logging_mixin.py:190} INFO - [2025-02-01T14:57:26.877+0000] {dagbag.py:588} INFO - Filling up the DagBag from /opt/airflow/dags/youtube_comments_DAG.py
[2025-02-01T14:57:26.917+0000] {logging_mixin.py:190} INFO - os.getenv(ytb_api):1 AIzaSyAJwiYOOwF8f_XX6zQyweoIB23K4qugiXU
[2025-02-01T14:57:26.922+0000] {processor.py:925} INFO - DAG(s) 'youtube_comments_etl_pipeline' retrieved from /opt/airflow/dags/youtube_comments_DAG.py
[2025-02-01T14:57:26.938+0000] {logging_mixin.py:190} INFO - [2025-02-01T14:57:26.938+0000] {dag.py:3239} INFO - Sync 1 DAGs
[2025-02-01T14:57:26.954+0000] {logging_mixin.py:190} INFO - [2025-02-01T14:57:26.954+0000] {dag.py:4180} INFO - Setting next_dagrun for youtube_comments_etl_pipeline to 2025-02-01 00:00:00+00:00, run_after=2025-02-02 00:00:00+00:00
[2025-02-01T14:57:26.963+0000] {processor.py:208} INFO - Processing /opt/airflow/dags/youtube_comments_DAG.py took 0.093 seconds
[2025-02-01T14:57:57.944+0000] {processor.py:186} INFO - Started process (PID=1647) to work on /opt/airflow/dags/youtube_comments_DAG.py
[2025-02-01T14:57:57.945+0000] {processor.py:914} INFO - Processing file /opt/airflow/dags/youtube_comments_DAG.py for tasks to queue
[2025-02-01T14:57:57.948+0000] {logging_mixin.py:190} INFO - [2025-02-01T14:57:57.948+0000] {dagbag.py:588} INFO - Filling up the DagBag from /opt/airflow/dags/youtube_comments_DAG.py
[2025-02-01T14:57:57.981+0000] {logging_mixin.py:190} INFO - os.getenv(ytb_api):1 AIzaSyAJwiYOOwF8f_XX6zQyweoIB23K4qugiXU
[2025-02-01T14:57:57.985+0000] {processor.py:925} INFO - DAG(s) 'youtube_comments_etl_pipeline' retrieved from /opt/airflow/dags/youtube_comments_DAG.py
[2025-02-01T14:57:57.995+0000] {logging_mixin.py:190} INFO - [2025-02-01T14:57:57.995+0000] {dag.py:3239} INFO - Sync 1 DAGs
[2025-02-01T14:57:58.006+0000] {logging_mixin.py:190} INFO - [2025-02-01T14:57:58.006+0000] {dag.py:4180} INFO - Setting next_dagrun for youtube_comments_etl_pipeline to 2025-02-01 00:00:00+00:00, run_after=2025-02-02 00:00:00+00:00
[2025-02-01T14:57:58.018+0000] {processor.py:208} INFO - Processing /opt/airflow/dags/youtube_comments_DAG.py took 0.079 seconds
[2025-02-01T14:58:28.702+0000] {processor.py:186} INFO - Started process (PID=1713) to work on /opt/airflow/dags/youtube_comments_DAG.py
[2025-02-01T14:58:28.703+0000] {processor.py:914} INFO - Processing file /opt/airflow/dags/youtube_comments_DAG.py for tasks to queue
[2025-02-01T14:58:28.706+0000] {logging_mixin.py:190} INFO - [2025-02-01T14:58:28.706+0000] {dagbag.py:588} INFO - Filling up the DagBag from /opt/airflow/dags/youtube_comments_DAG.py
[2025-02-01T14:58:28.756+0000] {logging_mixin.py:190} INFO - os.getenv(ytb_api):1 AIzaSyAJwiYOOwF8f_XX6zQyweoIB23K4qugiXU
[2025-02-01T14:58:28.762+0000] {processor.py:925} INFO - DAG(s) 'youtube_comments_etl_pipeline' retrieved from /opt/airflow/dags/youtube_comments_DAG.py
[2025-02-01T14:58:28.778+0000] {logging_mixin.py:190} INFO - [2025-02-01T14:58:28.777+0000] {dag.py:3239} INFO - Sync 1 DAGs
[2025-02-01T14:58:28.794+0000] {logging_mixin.py:190} INFO - [2025-02-01T14:58:28.794+0000] {dag.py:4180} INFO - Setting next_dagrun for youtube_comments_etl_pipeline to 2025-02-01 00:00:00+00:00, run_after=2025-02-02 00:00:00+00:00
[2025-02-01T14:58:28.807+0000] {processor.py:208} INFO - Processing /opt/airflow/dags/youtube_comments_DAG.py took 0.112 seconds
[2025-02-01T14:58:59.519+0000] {processor.py:186} INFO - Started process (PID=1779) to work on /opt/airflow/dags/youtube_comments_DAG.py
[2025-02-01T14:58:59.520+0000] {processor.py:914} INFO - Processing file /opt/airflow/dags/youtube_comments_DAG.py for tasks to queue
[2025-02-01T14:58:59.523+0000] {logging_mixin.py:190} INFO - [2025-02-01T14:58:59.523+0000] {dagbag.py:588} INFO - Filling up the DagBag from /opt/airflow/dags/youtube_comments_DAG.py
[2025-02-01T14:58:59.612+0000] {logging_mixin.py:190} INFO - os.getenv(ytb_api):1 AIzaSyAJwiYOOwF8f_XX6zQyweoIB23K4qugiXU
[2025-02-01T14:58:59.623+0000] {processor.py:925} INFO - DAG(s) 'youtube_comments_etl_pipeline' retrieved from /opt/airflow/dags/youtube_comments_DAG.py
[2025-02-01T14:58:59.638+0000] {logging_mixin.py:190} INFO - [2025-02-01T14:58:59.638+0000] {dag.py:3239} INFO - Sync 1 DAGs
[2025-02-01T14:58:59.657+0000] {logging_mixin.py:190} INFO - [2025-02-01T14:58:59.656+0000] {dag.py:4180} INFO - Setting next_dagrun for youtube_comments_etl_pipeline to 2025-02-01 00:00:00+00:00, run_after=2025-02-02 00:00:00+00:00
[2025-02-01T14:58:59.670+0000] {processor.py:208} INFO - Processing /opt/airflow/dags/youtube_comments_DAG.py took 0.160 seconds
[2025-02-01T14:59:30.592+0000] {processor.py:186} INFO - Started process (PID=1845) to work on /opt/airflow/dags/youtube_comments_DAG.py
[2025-02-01T14:59:30.593+0000] {processor.py:914} INFO - Processing file /opt/airflow/dags/youtube_comments_DAG.py for tasks to queue
[2025-02-01T14:59:30.596+0000] {logging_mixin.py:190} INFO - [2025-02-01T14:59:30.595+0000] {dagbag.py:588} INFO - Filling up the DagBag from /opt/airflow/dags/youtube_comments_DAG.py
[2025-02-01T14:59:30.645+0000] {logging_mixin.py:190} INFO - os.getenv(ytb_api):1 AIzaSyAJwiYOOwF8f_XX6zQyweoIB23K4qugiXU
[2025-02-01T14:59:30.650+0000] {processor.py:925} INFO - DAG(s) 'youtube_comments_etl_pipeline' retrieved from /opt/airflow/dags/youtube_comments_DAG.py
[2025-02-01T14:59:30.665+0000] {logging_mixin.py:190} INFO - [2025-02-01T14:59:30.665+0000] {dag.py:3239} INFO - Sync 1 DAGs
[2025-02-01T14:59:30.682+0000] {logging_mixin.py:190} INFO - [2025-02-01T14:59:30.682+0000] {dag.py:4180} INFO - Setting next_dagrun for youtube_comments_etl_pipeline to 2025-02-01 00:00:00+00:00, run_after=2025-02-02 00:00:00+00:00
[2025-02-01T14:59:30.694+0000] {processor.py:208} INFO - Processing /opt/airflow/dags/youtube_comments_DAG.py took 0.108 seconds
[2025-02-01T15:00:00.836+0000] {processor.py:186} INFO - Started process (PID=1911) to work on /opt/airflow/dags/youtube_comments_DAG.py
[2025-02-01T15:00:00.837+0000] {processor.py:914} INFO - Processing file /opt/airflow/dags/youtube_comments_DAG.py for tasks to queue
[2025-02-01T15:00:00.842+0000] {logging_mixin.py:190} INFO - [2025-02-01T15:00:00.842+0000] {dagbag.py:588} INFO - Filling up the DagBag from /opt/airflow/dags/youtube_comments_DAG.py
[2025-02-01T15:00:00.911+0000] {logging_mixin.py:190} INFO - os.getenv(ytb_api):1 AIzaSyAJwiYOOwF8f_XX6zQyweoIB23K4qugiXU
[2025-02-01T15:00:00.918+0000] {processor.py:925} INFO - DAG(s) 'youtube_comments_etl_pipeline' retrieved from /opt/airflow/dags/youtube_comments_DAG.py
[2025-02-01T15:00:00.936+0000] {logging_mixin.py:190} INFO - [2025-02-01T15:00:00.936+0000] {dag.py:3239} INFO - Sync 1 DAGs
[2025-02-01T15:00:00.952+0000] {logging_mixin.py:190} INFO - [2025-02-01T15:00:00.952+0000] {dag.py:4180} INFO - Setting next_dagrun for youtube_comments_etl_pipeline to 2025-02-01 00:00:00+00:00, run_after=2025-02-02 00:00:00+00:00
[2025-02-01T15:00:00.958+0000] {processor.py:208} INFO - Processing /opt/airflow/dags/youtube_comments_DAG.py took 0.132 seconds
[2025-02-01T15:00:31.093+0000] {processor.py:186} INFO - Started process (PID=1977) to work on /opt/airflow/dags/youtube_comments_DAG.py
[2025-02-01T15:00:31.094+0000] {processor.py:914} INFO - Processing file /opt/airflow/dags/youtube_comments_DAG.py for tasks to queue
[2025-02-01T15:00:31.101+0000] {logging_mixin.py:190} INFO - [2025-02-01T15:00:31.100+0000] {dagbag.py:588} INFO - Filling up the DagBag from /opt/airflow/dags/youtube_comments_DAG.py
[2025-02-01T15:00:31.146+0000] {logging_mixin.py:190} INFO - os.getenv(ytb_api):1 AIzaSyAJwiYOOwF8f_XX6zQyweoIB23K4qugiXU
[2025-02-01T15:00:31.150+0000] {processor.py:925} INFO - DAG(s) 'youtube_comments_etl_pipeline' retrieved from /opt/airflow/dags/youtube_comments_DAG.py
[2025-02-01T15:00:31.163+0000] {logging_mixin.py:190} INFO - [2025-02-01T15:00:31.163+0000] {dag.py:3239} INFO - Sync 1 DAGs
[2025-02-01T15:00:31.175+0000] {logging_mixin.py:190} INFO - [2025-02-01T15:00:31.175+0000] {dag.py:4180} INFO - Setting next_dagrun for youtube_comments_etl_pipeline to 2025-02-01 00:00:00+00:00, run_after=2025-02-02 00:00:00+00:00
[2025-02-01T15:00:31.181+0000] {processor.py:208} INFO - Processing /opt/airflow/dags/youtube_comments_DAG.py took 0.093 seconds
[2025-02-01T15:01:01.473+0000] {processor.py:186} INFO - Started process (PID=2043) to work on /opt/airflow/dags/youtube_comments_DAG.py
[2025-02-01T15:01:01.474+0000] {processor.py:914} INFO - Processing file /opt/airflow/dags/youtube_comments_DAG.py for tasks to queue
[2025-02-01T15:01:01.478+0000] {logging_mixin.py:190} INFO - [2025-02-01T15:01:01.477+0000] {dagbag.py:588} INFO - Filling up the DagBag from /opt/airflow/dags/youtube_comments_DAG.py
[2025-02-01T15:01:01.532+0000] {logging_mixin.py:190} INFO - os.getenv(ytb_api):1 AIzaSyAJwiYOOwF8f_XX6zQyweoIB23K4qugiXU
[2025-02-01T15:01:01.537+0000] {processor.py:925} INFO - DAG(s) 'youtube_comments_etl_pipeline' retrieved from /opt/airflow/dags/youtube_comments_DAG.py
[2025-02-01T15:01:01.552+0000] {logging_mixin.py:190} INFO - [2025-02-01T15:01:01.551+0000] {dag.py:3239} INFO - Sync 1 DAGs
[2025-02-01T15:01:01.565+0000] {logging_mixin.py:190} INFO - [2025-02-01T15:01:01.565+0000] {dag.py:4180} INFO - Setting next_dagrun for youtube_comments_etl_pipeline to 2025-02-01 00:00:00+00:00, run_after=2025-02-02 00:00:00+00:00
[2025-02-01T15:01:01.575+0000] {processor.py:208} INFO - Processing /opt/airflow/dags/youtube_comments_DAG.py took 0.107 seconds
[2025-02-01T15:01:31.882+0000] {processor.py:186} INFO - Started process (PID=2109) to work on /opt/airflow/dags/youtube_comments_DAG.py
[2025-02-01T15:01:31.884+0000] {processor.py:914} INFO - Processing file /opt/airflow/dags/youtube_comments_DAG.py for tasks to queue
[2025-02-01T15:01:31.890+0000] {logging_mixin.py:190} INFO - [2025-02-01T15:01:31.887+0000] {dagbag.py:588} INFO - Filling up the DagBag from /opt/airflow/dags/youtube_comments_DAG.py
[2025-02-01T15:01:32.028+0000] {logging_mixin.py:190} INFO - os.getenv(ytb_api):1 AIzaSyAJwiYOOwF8f_XX6zQyweoIB23K4qugiXU
[2025-02-01T15:01:32.038+0000] {processor.py:925} INFO - DAG(s) 'youtube_comments_etl_pipeline' retrieved from /opt/airflow/dags/youtube_comments_DAG.py
[2025-02-01T15:01:32.056+0000] {logging_mixin.py:190} INFO - [2025-02-01T15:01:32.055+0000] {dag.py:3239} INFO - Sync 1 DAGs
[2025-02-01T15:01:32.081+0000] {logging_mixin.py:190} INFO - [2025-02-01T15:01:32.081+0000] {dag.py:4180} INFO - Setting next_dagrun for youtube_comments_etl_pipeline to 2025-02-01 00:00:00+00:00, run_after=2025-02-02 00:00:00+00:00
[2025-02-01T15:01:32.343+0000] {processor.py:208} INFO - Processing /opt/airflow/dags/youtube_comments_DAG.py took 0.474 seconds
[2025-02-01T15:02:03.095+0000] {processor.py:186} INFO - Started process (PID=2175) to work on /opt/airflow/dags/youtube_comments_DAG.py
[2025-02-01T15:02:03.096+0000] {processor.py:914} INFO - Processing file /opt/airflow/dags/youtube_comments_DAG.py for tasks to queue
[2025-02-01T15:02:03.102+0000] {logging_mixin.py:190} INFO - [2025-02-01T15:02:03.102+0000] {dagbag.py:588} INFO - Filling up the DagBag from /opt/airflow/dags/youtube_comments_DAG.py
[2025-02-01T15:02:03.184+0000] {logging_mixin.py:190} INFO - os.getenv(ytb_api):1 AIzaSyAJwiYOOwF8f_XX6zQyweoIB23K4qugiXU
[2025-02-01T15:02:03.201+0000] {processor.py:925} INFO - DAG(s) 'youtube_comments_etl_pipeline' retrieved from /opt/airflow/dags/youtube_comments_DAG.py
[2025-02-01T15:02:03.242+0000] {logging_mixin.py:190} INFO - [2025-02-01T15:02:03.240+0000] {dag.py:3239} INFO - Sync 1 DAGs
[2025-02-01T15:02:03.275+0000] {logging_mixin.py:190} INFO - [2025-02-01T15:02:03.275+0000] {dag.py:4180} INFO - Setting next_dagrun for youtube_comments_etl_pipeline to 2025-02-01 00:00:00+00:00, run_after=2025-02-02 00:00:00+00:00
[2025-02-01T15:02:03.290+0000] {processor.py:208} INFO - Processing /opt/airflow/dags/youtube_comments_DAG.py took 0.205 seconds
[2025-02-01T15:02:33.546+0000] {processor.py:186} INFO - Started process (PID=2241) to work on /opt/airflow/dags/youtube_comments_DAG.py
[2025-02-01T15:02:33.547+0000] {processor.py:914} INFO - Processing file /opt/airflow/dags/youtube_comments_DAG.py for tasks to queue
[2025-02-01T15:02:33.550+0000] {logging_mixin.py:190} INFO - [2025-02-01T15:02:33.549+0000] {dagbag.py:588} INFO - Filling up the DagBag from /opt/airflow/dags/youtube_comments_DAG.py
[2025-02-01T15:02:33.594+0000] {logging_mixin.py:190} INFO - os.getenv(ytb_api):1 AIzaSyAJwiYOOwF8f_XX6zQyweoIB23K4qugiXU
[2025-02-01T15:02:33.598+0000] {processor.py:925} INFO - DAG(s) 'youtube_comments_etl_pipeline' retrieved from /opt/airflow/dags/youtube_comments_DAG.py
[2025-02-01T15:02:33.614+0000] {logging_mixin.py:190} INFO - [2025-02-01T15:02:33.613+0000] {dag.py:3239} INFO - Sync 1 DAGs
[2025-02-01T15:02:33.630+0000] {logging_mixin.py:190} INFO - [2025-02-01T15:02:33.630+0000] {dag.py:4180} INFO - Setting next_dagrun for youtube_comments_etl_pipeline to 2025-02-01 00:00:00+00:00, run_after=2025-02-02 00:00:00+00:00
[2025-02-01T15:02:33.647+0000] {processor.py:208} INFO - Processing /opt/airflow/dags/youtube_comments_DAG.py took 0.106 seconds
[2025-02-01T15:03:03.808+0000] {processor.py:186} INFO - Started process (PID=2307) to work on /opt/airflow/dags/youtube_comments_DAG.py
[2025-02-01T15:03:03.809+0000] {processor.py:914} INFO - Processing file /opt/airflow/dags/youtube_comments_DAG.py for tasks to queue
[2025-02-01T15:03:03.811+0000] {logging_mixin.py:190} INFO - [2025-02-01T15:03:03.811+0000] {dagbag.py:588} INFO - Filling up the DagBag from /opt/airflow/dags/youtube_comments_DAG.py
[2025-02-01T15:03:03.870+0000] {logging_mixin.py:190} INFO - os.getenv(ytb_api):1 AIzaSyAJwiYOOwF8f_XX6zQyweoIB23K4qugiXU
[2025-02-01T15:03:03.878+0000] {processor.py:925} INFO - DAG(s) 'youtube_comments_etl_pipeline' retrieved from /opt/airflow/dags/youtube_comments_DAG.py
[2025-02-01T15:03:03.895+0000] {logging_mixin.py:190} INFO - [2025-02-01T15:03:03.895+0000] {dag.py:3239} INFO - Sync 1 DAGs
[2025-02-01T15:03:03.914+0000] {logging_mixin.py:190} INFO - [2025-02-01T15:03:03.913+0000] {dag.py:4180} INFO - Setting next_dagrun for youtube_comments_etl_pipeline to 2025-02-01 00:00:00+00:00, run_after=2025-02-02 00:00:00+00:00
[2025-02-01T15:03:03.924+0000] {processor.py:208} INFO - Processing /opt/airflow/dags/youtube_comments_DAG.py took 0.126 seconds
[2025-02-01T15:03:33.965+0000] {processor.py:186} INFO - Started process (PID=2373) to work on /opt/airflow/dags/youtube_comments_DAG.py
[2025-02-01T15:03:33.966+0000] {processor.py:914} INFO - Processing file /opt/airflow/dags/youtube_comments_DAG.py for tasks to queue
[2025-02-01T15:03:33.969+0000] {logging_mixin.py:190} INFO - [2025-02-01T15:03:33.968+0000] {dagbag.py:588} INFO - Filling up the DagBag from /opt/airflow/dags/youtube_comments_DAG.py
[2025-02-01T15:03:34.000+0000] {logging_mixin.py:190} INFO - os.getenv(ytb_api):1 AIzaSyAJwiYOOwF8f_XX6zQyweoIB23K4qugiXU
[2025-02-01T15:03:34.004+0000] {processor.py:925} INFO - DAG(s) 'youtube_comments_etl_pipeline' retrieved from /opt/airflow/dags/youtube_comments_DAG.py
[2025-02-01T15:03:34.017+0000] {logging_mixin.py:190} INFO - [2025-02-01T15:03:34.016+0000] {dag.py:3239} INFO - Sync 1 DAGs
[2025-02-01T15:03:34.030+0000] {logging_mixin.py:190} INFO - [2025-02-01T15:03:34.030+0000] {dag.py:4180} INFO - Setting next_dagrun for youtube_comments_etl_pipeline to 2025-02-01 00:00:00+00:00, run_after=2025-02-02 00:00:00+00:00
[2025-02-01T15:03:34.044+0000] {processor.py:208} INFO - Processing /opt/airflow/dags/youtube_comments_DAG.py took 0.083 seconds
[2025-02-01T15:04:04.985+0000] {processor.py:186} INFO - Started process (PID=2440) to work on /opt/airflow/dags/youtube_comments_DAG.py
[2025-02-01T15:04:04.986+0000] {processor.py:914} INFO - Processing file /opt/airflow/dags/youtube_comments_DAG.py for tasks to queue
[2025-02-01T15:04:04.989+0000] {logging_mixin.py:190} INFO - [2025-02-01T15:04:04.988+0000] {dagbag.py:588} INFO - Filling up the DagBag from /opt/airflow/dags/youtube_comments_DAG.py
[2025-02-01T15:04:05.086+0000] {logging_mixin.py:190} INFO - os.getenv(ytb_api):1 AIzaSyAJwiYOOwF8f_XX6zQyweoIB23K4qugiXU
[2025-02-01T15:04:05.094+0000] {processor.py:925} INFO - DAG(s) 'youtube_comments_etl_pipeline' retrieved from /opt/airflow/dags/youtube_comments_DAG.py
[2025-02-01T15:04:05.113+0000] {logging_mixin.py:190} INFO - [2025-02-01T15:04:05.113+0000] {dag.py:3239} INFO - Sync 1 DAGs
[2025-02-01T15:04:05.131+0000] {logging_mixin.py:190} INFO - [2025-02-01T15:04:05.131+0000] {dag.py:4180} INFO - Setting next_dagrun for youtube_comments_etl_pipeline to 2025-02-01 00:00:00+00:00, run_after=2025-02-02 00:00:00+00:00
[2025-02-01T15:04:05.149+0000] {processor.py:208} INFO - Processing /opt/airflow/dags/youtube_comments_DAG.py took 0.169 seconds
[2025-02-01T15:04:35.404+0000] {processor.py:186} INFO - Started process (PID=2506) to work on /opt/airflow/dags/youtube_comments_DAG.py
[2025-02-01T15:04:35.405+0000] {processor.py:914} INFO - Processing file /opt/airflow/dags/youtube_comments_DAG.py for tasks to queue
[2025-02-01T15:04:35.408+0000] {logging_mixin.py:190} INFO - [2025-02-01T15:04:35.407+0000] {dagbag.py:588} INFO - Filling up the DagBag from /opt/airflow/dags/youtube_comments_DAG.py
[2025-02-01T15:04:35.451+0000] {logging_mixin.py:190} INFO - os.getenv(ytb_api):1 AIzaSyAJwiYOOwF8f_XX6zQyweoIB23K4qugiXU
[2025-02-01T15:04:35.457+0000] {processor.py:925} INFO - DAG(s) 'youtube_comments_etl_pipeline' retrieved from /opt/airflow/dags/youtube_comments_DAG.py
[2025-02-01T15:04:35.471+0000] {logging_mixin.py:190} INFO - [2025-02-01T15:04:35.470+0000] {dag.py:3239} INFO - Sync 1 DAGs
[2025-02-01T15:04:35.483+0000] {logging_mixin.py:190} INFO - [2025-02-01T15:04:35.483+0000] {dag.py:4180} INFO - Setting next_dagrun for youtube_comments_etl_pipeline to 2025-02-01 00:00:00+00:00, run_after=2025-02-02 00:00:00+00:00
[2025-02-01T15:04:35.496+0000] {processor.py:208} INFO - Processing /opt/airflow/dags/youtube_comments_DAG.py took 0.097 seconds
[2025-02-01T15:05:05.604+0000] {processor.py:186} INFO - Started process (PID=2572) to work on /opt/airflow/dags/youtube_comments_DAG.py
[2025-02-01T15:05:05.605+0000] {processor.py:914} INFO - Processing file /opt/airflow/dags/youtube_comments_DAG.py for tasks to queue
[2025-02-01T15:05:05.608+0000] {logging_mixin.py:190} INFO - [2025-02-01T15:05:05.607+0000] {dagbag.py:588} INFO - Filling up the DagBag from /opt/airflow/dags/youtube_comments_DAG.py
[2025-02-01T15:05:05.645+0000] {logging_mixin.py:190} INFO - os.getenv(ytb_api):1 AIzaSyAJwiYOOwF8f_XX6zQyweoIB23K4qugiXU
[2025-02-01T15:05:05.648+0000] {processor.py:925} INFO - DAG(s) 'youtube_comments_etl_pipeline' retrieved from /opt/airflow/dags/youtube_comments_DAG.py
[2025-02-01T15:05:05.795+0000] {logging_mixin.py:190} INFO - [2025-02-01T15:05:05.795+0000] {dag.py:3239} INFO - Sync 1 DAGs
[2025-02-01T15:05:05.804+0000] {logging_mixin.py:190} INFO - [2025-02-01T15:05:05.804+0000] {dag.py:4180} INFO - Setting next_dagrun for youtube_comments_etl_pipeline to 2025-02-01 00:00:00+00:00, run_after=2025-02-02 00:00:00+00:00
[2025-02-01T15:05:05.811+0000] {processor.py:208} INFO - Processing /opt/airflow/dags/youtube_comments_DAG.py took 0.214 seconds
[2025-02-01T15:05:36.180+0000] {processor.py:186} INFO - Started process (PID=2638) to work on /opt/airflow/dags/youtube_comments_DAG.py
[2025-02-01T15:05:36.181+0000] {processor.py:914} INFO - Processing file /opt/airflow/dags/youtube_comments_DAG.py for tasks to queue
[2025-02-01T15:05:36.184+0000] {logging_mixin.py:190} INFO - [2025-02-01T15:05:36.184+0000] {dagbag.py:588} INFO - Filling up the DagBag from /opt/airflow/dags/youtube_comments_DAG.py
[2025-02-01T15:05:36.334+0000] {logging_mixin.py:190} INFO - os.getenv(ytb_api):1 AIzaSyAJwiYOOwF8f_XX6zQyweoIB23K4qugiXU
[2025-02-01T15:05:36.342+0000] {processor.py:925} INFO - DAG(s) 'youtube_comments_etl_pipeline' retrieved from /opt/airflow/dags/youtube_comments_DAG.py
[2025-02-01T15:05:36.357+0000] {logging_mixin.py:190} INFO - [2025-02-01T15:05:36.357+0000] {dag.py:3239} INFO - Sync 1 DAGs
[2025-02-01T15:05:36.538+0000] {logging_mixin.py:190} INFO - [2025-02-01T15:05:36.538+0000] {dag.py:4180} INFO - Setting next_dagrun for youtube_comments_etl_pipeline to 2025-02-01 00:00:00+00:00, run_after=2025-02-02 00:00:00+00:00
[2025-02-01T15:05:36.546+0000] {processor.py:208} INFO - Processing /opt/airflow/dags/youtube_comments_DAG.py took 0.372 seconds
[2025-02-01T15:06:06.977+0000] {processor.py:186} INFO - Started process (PID=2704) to work on /opt/airflow/dags/youtube_comments_DAG.py
[2025-02-01T15:06:06.978+0000] {processor.py:914} INFO - Processing file /opt/airflow/dags/youtube_comments_DAG.py for tasks to queue
[2025-02-01T15:06:06.982+0000] {logging_mixin.py:190} INFO - [2025-02-01T15:06:06.981+0000] {dagbag.py:588} INFO - Filling up the DagBag from /opt/airflow/dags/youtube_comments_DAG.py
[2025-02-01T15:06:07.034+0000] {logging_mixin.py:190} INFO - os.getenv(ytb_api):1 AIzaSyAJwiYOOwF8f_XX6zQyweoIB23K4qugiXU
[2025-02-01T15:06:07.038+0000] {processor.py:925} INFO - DAG(s) 'youtube_comments_etl_pipeline' retrieved from /opt/airflow/dags/youtube_comments_DAG.py
[2025-02-01T15:06:07.050+0000] {logging_mixin.py:190} INFO - [2025-02-01T15:06:07.049+0000] {dag.py:3239} INFO - Sync 1 DAGs
[2025-02-01T15:06:07.302+0000] {logging_mixin.py:190} INFO - [2025-02-01T15:06:07.302+0000] {dag.py:4180} INFO - Setting next_dagrun for youtube_comments_etl_pipeline to 2025-02-01 00:00:00+00:00, run_after=2025-02-02 00:00:00+00:00
[2025-02-01T15:06:07.316+0000] {processor.py:208} INFO - Processing /opt/airflow/dags/youtube_comments_DAG.py took 0.345 seconds
