[2025-01-25T06:06:34.238+0000] {local_task_job_runner.py:123} INFO - ::group::Pre task execution logs
[2025-01-25T06:06:34.252+0000] {taskinstance.py:2613} INFO - Dependencies all met for dep_context=non-requeueable deps ti=<TaskInstance: fetch_and_store_amazon_books.create_table scheduled__2024-07-12T00:00:00+00:00 [queued]>
[2025-01-25T06:06:34.265+0000] {taskinstance.py:2613} INFO - Dependencies all met for dep_context=requeueable deps ti=<TaskInstance: fetch_and_store_amazon_books.create_table scheduled__2024-07-12T00:00:00+00:00 [queued]>
[2025-01-25T06:06:34.271+0000] {taskinstance.py:2866} INFO - Starting attempt 1 of 2
[2025-01-25T06:06:34.312+0000] {taskinstance.py:2889} INFO - Executing <Task(PostgresOperator): create_table> on 2024-07-12 00:00:00+00:00
[2025-01-25T06:06:34.344+0000] {warnings.py:112} WARNING - /home/***/.local/lib/python3.12/site-packages/***/task/task_runner/standard_task_runner.py:70: DeprecationWarning: This process (pid=1250) is multi-threaded, use of fork() may lead to deadlocks in the child.
  pid = os.fork()

[2025-01-25T06:06:34.351+0000] {standard_task_runner.py:72} INFO - Started process 1268 to run task
[2025-01-25T06:06:34.347+0000] {standard_task_runner.py:104} INFO - Running: ['***', 'tasks', 'run', 'fetch_and_store_amazon_books', 'create_table', 'scheduled__2024-07-12T00:00:00+00:00', '--job-id', '97', '--raw', '--subdir', 'DAGS_FOLDER/app.py', '--cfg-path', '/tmp/tmp92vk1h6q']
[2025-01-25T06:06:34.357+0000] {standard_task_runner.py:105} INFO - Job 97: Subtask create_table
[2025-01-25T06:06:34.475+0000] {task_command.py:467} INFO - Running <TaskInstance: fetch_and_store_amazon_books.create_table scheduled__2024-07-12T00:00:00+00:00 [running]> on host 815074f09894
[2025-01-25T06:06:34.607+0000] {taskinstance.py:3132} INFO - Exporting env vars: AIRFLOW_CTX_DAG_OWNER='***' AIRFLOW_CTX_DAG_ID='fetch_and_store_amazon_books' AIRFLOW_CTX_TASK_ID='create_table' AIRFLOW_CTX_EXECUTION_DATE='2024-07-12T00:00:00+00:00' AIRFLOW_CTX_TRY_NUMBER='1' AIRFLOW_CTX_DAG_RUN_ID='scheduled__2024-07-12T00:00:00+00:00'
[2025-01-25T06:06:34.611+0000] {logging_mixin.py:190} INFO - Task instance is in running state
[2025-01-25T06:06:34.613+0000] {logging_mixin.py:190} INFO -  Previous state of the Task instance: queued
[2025-01-25T06:06:34.614+0000] {logging_mixin.py:190} INFO - Current task name:create_table state:running start_date:2025-01-25 06:06:34.252796+00:00
[2025-01-25T06:06:34.615+0000] {logging_mixin.py:190} INFO - Dag name:fetch_and_store_amazon_books and current dag run status:running
[2025-01-25T06:06:34.615+0000] {taskinstance.py:731} INFO - ::endgroup::
[2025-01-25T06:06:34.616+0000] {sql.py:278} INFO - Executing: 
    CREATE TABLE IF NOT EXISTS books (
        id SERIAL PRIMARY KEY,
        title TEXT NOT NULL,
        authors TEXT,
        price TEXT,
        rating TEXT
    );
    
[2025-01-25T06:06:34.628+0000] {base.py:84} INFO - Retrieving connection 'books_connection'
[2025-01-25T06:06:34.644+0000] {base.py:84} INFO - Retrieving connection 'books_connection'
[2025-01-25T06:06:34.649+0000] {sql.py:553} INFO - Running statement: 
    CREATE TABLE IF NOT EXISTS books (
        id SERIAL PRIMARY KEY,
        title TEXT NOT NULL,
        authors TEXT,
        price TEXT,
        rating TEXT
    );
    , parameters: None
[2025-01-25T06:06:34.664+0000] {taskinstance.py:340} INFO - ::group::Post task execution logs
[2025-01-25T06:06:34.665+0000] {taskinstance.py:352} INFO - Marking task as SUCCESS. dag_id=fetch_and_store_amazon_books, task_id=create_table, run_id=scheduled__2024-07-12T00:00:00+00:00, execution_date=20240712T000000, start_date=20250125T060634, end_date=20250125T060634
[2025-01-25T06:06:34.681+0000] {logging_mixin.py:190} INFO - Task instance in success state
[2025-01-25T06:06:34.682+0000] {logging_mixin.py:190} INFO -  Previous state of the Task instance: running
[2025-01-25T06:06:34.686+0000] {logging_mixin.py:190} INFO - Dag name:fetch_and_store_amazon_books queued_at:2025-01-25 06:06:28.097641+00:00
[2025-01-25T06:06:34.687+0000] {logging_mixin.py:190} INFO - Task hostname:815074f09894 operator:PostgresOperator
[2025-01-25T06:06:34.716+0000] {local_task_job_runner.py:266} INFO - Task exited with return code 0
[2025-01-25T06:06:34.733+0000] {taskinstance.py:3895} INFO - 1 downstream tasks scheduled from follow-on schedule check
[2025-01-25T06:06:34.734+0000] {local_task_job_runner.py:245} INFO - ::endgroup::
