[2025-02-01T13:35:09.142+0000] {processor.py:186} INFO - Started process (PID=67) to work on /home/airflow/.local/lib/python3.12/site-packages/airflow/example_dags/example_xcomargs.py
[2025-02-01T13:35:09.143+0000] {processor.py:914} INFO - Processing file /home/airflow/.local/lib/python3.12/site-packages/airflow/example_dags/example_xcomargs.py for tasks to queue
[2025-02-01T13:35:09.149+0000] {logging_mixin.py:190} INFO - [2025-02-01T13:35:09.148+0000] {dagbag.py:588} INFO - Filling up the DagBag from /home/airflow/.local/lib/python3.12/site-packages/airflow/example_dags/example_xcomargs.py
[2025-02-01T13:35:09.191+0000] {processor.py:925} INFO - DAG(s) 'example_xcom_args_with_operators', 'example_xcom_args' retrieved from /home/airflow/.local/lib/python3.12/site-packages/airflow/example_dags/example_xcomargs.py
[2025-02-01T13:35:09.293+0000] {logging_mixin.py:190} INFO - [2025-02-01T13:35:09.290+0000] {dag.py:3239} INFO - Sync 2 DAGs
[2025-02-01T13:35:09.346+0000] {logging_mixin.py:190} INFO - [2025-02-01T13:35:09.345+0000] {dag.py:4180} INFO - Setting next_dagrun for example_xcom_args to None, run_after=None
[2025-02-01T13:35:09.360+0000] {logging_mixin.py:190} INFO - [2025-02-01T13:35:09.360+0000] {dag.py:4180} INFO - Setting next_dagrun for example_xcom_args_with_operators to None, run_after=None
[2025-02-01T13:35:09.420+0000] {processor.py:208} INFO - Processing /home/airflow/.local/lib/python3.12/site-packages/airflow/example_dags/example_xcomargs.py took 0.309 seconds
[2025-02-01T13:35:39.653+0000] {processor.py:186} INFO - Started process (PID=133) to work on /home/airflow/.local/lib/python3.12/site-packages/airflow/example_dags/example_xcomargs.py
[2025-02-01T13:35:39.654+0000] {processor.py:914} INFO - Processing file /home/airflow/.local/lib/python3.12/site-packages/airflow/example_dags/example_xcomargs.py for tasks to queue
[2025-02-01T13:35:39.657+0000] {logging_mixin.py:190} INFO - [2025-02-01T13:35:39.657+0000] {dagbag.py:588} INFO - Filling up the DagBag from /home/airflow/.local/lib/python3.12/site-packages/airflow/example_dags/example_xcomargs.py
[2025-02-01T13:35:39.673+0000] {processor.py:925} INFO - DAG(s) 'example_xcom_args_with_operators', 'example_xcom_args' retrieved from /home/airflow/.local/lib/python3.12/site-packages/airflow/example_dags/example_xcomargs.py
[2025-02-01T13:35:39.695+0000] {logging_mixin.py:190} INFO - [2025-02-01T13:35:39.694+0000] {dag.py:3239} INFO - Sync 2 DAGs
[2025-02-01T13:35:39.702+0000] {logging_mixin.py:190} INFO - [2025-02-01T13:35:39.702+0000] {dag.py:4180} INFO - Setting next_dagrun for example_xcom_args to None, run_after=None
[2025-02-01T13:35:39.704+0000] {logging_mixin.py:190} INFO - [2025-02-01T13:35:39.703+0000] {dag.py:4180} INFO - Setting next_dagrun for example_xcom_args_with_operators to None, run_after=None
[2025-02-01T13:35:39.717+0000] {processor.py:208} INFO - Processing /home/airflow/.local/lib/python3.12/site-packages/airflow/example_dags/example_xcomargs.py took 0.066 seconds
[2025-02-01T13:36:10.787+0000] {processor.py:186} INFO - Started process (PID=199) to work on /home/airflow/.local/lib/python3.12/site-packages/airflow/example_dags/example_xcomargs.py
[2025-02-01T13:36:10.790+0000] {processor.py:914} INFO - Processing file /home/airflow/.local/lib/python3.12/site-packages/airflow/example_dags/example_xcomargs.py for tasks to queue
[2025-02-01T13:36:10.792+0000] {logging_mixin.py:190} INFO - [2025-02-01T13:36:10.792+0000] {dagbag.py:588} INFO - Filling up the DagBag from /home/airflow/.local/lib/python3.12/site-packages/airflow/example_dags/example_xcomargs.py
[2025-02-01T13:36:10.799+0000] {processor.py:925} INFO - DAG(s) 'example_xcom_args', 'example_xcom_args_with_operators' retrieved from /home/airflow/.local/lib/python3.12/site-packages/airflow/example_dags/example_xcomargs.py
[2025-02-01T13:36:10.816+0000] {logging_mixin.py:190} INFO - [2025-02-01T13:36:10.816+0000] {dag.py:3239} INFO - Sync 2 DAGs
[2025-02-01T13:36:10.827+0000] {logging_mixin.py:190} INFO - [2025-02-01T13:36:10.827+0000] {dag.py:4180} INFO - Setting next_dagrun for example_xcom_args to None, run_after=None
[2025-02-01T13:36:10.832+0000] {logging_mixin.py:190} INFO - [2025-02-01T13:36:10.832+0000] {dag.py:4180} INFO - Setting next_dagrun for example_xcom_args_with_operators to None, run_after=None
[2025-02-01T13:36:10.843+0000] {processor.py:208} INFO - Processing /home/airflow/.local/lib/python3.12/site-packages/airflow/example_dags/example_xcomargs.py took 0.061 seconds
[2025-02-01T13:36:41.618+0000] {processor.py:186} INFO - Started process (PID=265) to work on /home/airflow/.local/lib/python3.12/site-packages/airflow/example_dags/example_xcomargs.py
[2025-02-01T13:36:41.618+0000] {processor.py:914} INFO - Processing file /home/airflow/.local/lib/python3.12/site-packages/airflow/example_dags/example_xcomargs.py for tasks to queue
[2025-02-01T13:36:41.619+0000] {logging_mixin.py:190} INFO - [2025-02-01T13:36:41.619+0000] {dagbag.py:588} INFO - Filling up the DagBag from /home/airflow/.local/lib/python3.12/site-packages/airflow/example_dags/example_xcomargs.py
[2025-02-01T13:36:41.626+0000] {processor.py:925} INFO - DAG(s) 'example_xcom_args', 'example_xcom_args_with_operators' retrieved from /home/airflow/.local/lib/python3.12/site-packages/airflow/example_dags/example_xcomargs.py
[2025-02-01T13:36:41.644+0000] {logging_mixin.py:190} INFO - [2025-02-01T13:36:41.644+0000] {dag.py:3239} INFO - Sync 2 DAGs
[2025-02-01T13:36:41.655+0000] {logging_mixin.py:190} INFO - [2025-02-01T13:36:41.654+0000] {dag.py:4180} INFO - Setting next_dagrun for example_xcom_args to None, run_after=None
[2025-02-01T13:36:41.658+0000] {logging_mixin.py:190} INFO - [2025-02-01T13:36:41.658+0000] {dag.py:4180} INFO - Setting next_dagrun for example_xcom_args_with_operators to None, run_after=None
[2025-02-01T13:36:41.675+0000] {processor.py:208} INFO - Processing /home/airflow/.local/lib/python3.12/site-packages/airflow/example_dags/example_xcomargs.py took 0.060 seconds
[2025-02-01T13:37:12.641+0000] {processor.py:186} INFO - Started process (PID=331) to work on /home/airflow/.local/lib/python3.12/site-packages/airflow/example_dags/example_xcomargs.py
[2025-02-01T13:37:12.642+0000] {processor.py:914} INFO - Processing file /home/airflow/.local/lib/python3.12/site-packages/airflow/example_dags/example_xcomargs.py for tasks to queue
[2025-02-01T13:37:12.644+0000] {logging_mixin.py:190} INFO - [2025-02-01T13:37:12.644+0000] {dagbag.py:588} INFO - Filling up the DagBag from /home/airflow/.local/lib/python3.12/site-packages/airflow/example_dags/example_xcomargs.py
[2025-02-01T13:37:12.650+0000] {processor.py:925} INFO - DAG(s) 'example_xcom_args_with_operators', 'example_xcom_args' retrieved from /home/airflow/.local/lib/python3.12/site-packages/airflow/example_dags/example_xcomargs.py
[2025-02-01T13:37:12.663+0000] {logging_mixin.py:190} INFO - [2025-02-01T13:37:12.662+0000] {dag.py:3239} INFO - Sync 2 DAGs
[2025-02-01T13:37:12.674+0000] {logging_mixin.py:190} INFO - [2025-02-01T13:37:12.673+0000] {dag.py:4180} INFO - Setting next_dagrun for example_xcom_args to None, run_after=None
[2025-02-01T13:37:12.675+0000] {logging_mixin.py:190} INFO - [2025-02-01T13:37:12.675+0000] {dag.py:4180} INFO - Setting next_dagrun for example_xcom_args_with_operators to None, run_after=None
[2025-02-01T13:37:12.683+0000] {processor.py:208} INFO - Processing /home/airflow/.local/lib/python3.12/site-packages/airflow/example_dags/example_xcomargs.py took 0.047 seconds
[2025-02-01T13:37:43.357+0000] {processor.py:186} INFO - Started process (PID=397) to work on /home/airflow/.local/lib/python3.12/site-packages/airflow/example_dags/example_xcomargs.py
[2025-02-01T13:37:43.360+0000] {processor.py:914} INFO - Processing file /home/airflow/.local/lib/python3.12/site-packages/airflow/example_dags/example_xcomargs.py for tasks to queue
[2025-02-01T13:37:43.362+0000] {logging_mixin.py:190} INFO - [2025-02-01T13:37:43.361+0000] {dagbag.py:588} INFO - Filling up the DagBag from /home/airflow/.local/lib/python3.12/site-packages/airflow/example_dags/example_xcomargs.py
[2025-02-01T13:37:43.368+0000] {processor.py:925} INFO - DAG(s) 'example_xcom_args_with_operators', 'example_xcom_args' retrieved from /home/airflow/.local/lib/python3.12/site-packages/airflow/example_dags/example_xcomargs.py
[2025-02-01T13:37:43.378+0000] {logging_mixin.py:190} INFO - [2025-02-01T13:37:43.378+0000] {dag.py:3239} INFO - Sync 2 DAGs
[2025-02-01T13:37:43.388+0000] {logging_mixin.py:190} INFO - [2025-02-01T13:37:43.388+0000] {dag.py:4180} INFO - Setting next_dagrun for example_xcom_args to None, run_after=None
[2025-02-01T13:37:43.390+0000] {logging_mixin.py:190} INFO - [2025-02-01T13:37:43.390+0000] {dag.py:4180} INFO - Setting next_dagrun for example_xcom_args_with_operators to None, run_after=None
[2025-02-01T13:37:43.402+0000] {processor.py:208} INFO - Processing /home/airflow/.local/lib/python3.12/site-packages/airflow/example_dags/example_xcomargs.py took 0.049 seconds
[2025-02-01T13:38:13.702+0000] {processor.py:186} INFO - Started process (PID=463) to work on /home/airflow/.local/lib/python3.12/site-packages/airflow/example_dags/example_xcomargs.py
[2025-02-01T13:38:13.703+0000] {processor.py:914} INFO - Processing file /home/airflow/.local/lib/python3.12/site-packages/airflow/example_dags/example_xcomargs.py for tasks to queue
[2025-02-01T13:38:13.706+0000] {logging_mixin.py:190} INFO - [2025-02-01T13:38:13.705+0000] {dagbag.py:588} INFO - Filling up the DagBag from /home/airflow/.local/lib/python3.12/site-packages/airflow/example_dags/example_xcomargs.py
[2025-02-01T13:38:13.713+0000] {processor.py:925} INFO - DAG(s) 'example_xcom_args_with_operators', 'example_xcom_args' retrieved from /home/airflow/.local/lib/python3.12/site-packages/airflow/example_dags/example_xcomargs.py
[2025-02-01T13:38:13.731+0000] {logging_mixin.py:190} INFO - [2025-02-01T13:38:13.731+0000] {dag.py:3239} INFO - Sync 2 DAGs
[2025-02-01T13:38:13.739+0000] {logging_mixin.py:190} INFO - [2025-02-01T13:38:13.739+0000] {dag.py:4180} INFO - Setting next_dagrun for example_xcom_args to None, run_after=None
[2025-02-01T13:38:13.746+0000] {logging_mixin.py:190} INFO - [2025-02-01T13:38:13.746+0000] {dag.py:4180} INFO - Setting next_dagrun for example_xcom_args_with_operators to None, run_after=None
[2025-02-01T13:38:13.760+0000] {processor.py:208} INFO - Processing /home/airflow/.local/lib/python3.12/site-packages/airflow/example_dags/example_xcomargs.py took 0.061 seconds
[2025-02-01T13:38:43.980+0000] {processor.py:186} INFO - Started process (PID=529) to work on /home/airflow/.local/lib/python3.12/site-packages/airflow/example_dags/example_xcomargs.py
[2025-02-01T13:38:43.980+0000] {processor.py:914} INFO - Processing file /home/airflow/.local/lib/python3.12/site-packages/airflow/example_dags/example_xcomargs.py for tasks to queue
[2025-02-01T13:38:43.982+0000] {logging_mixin.py:190} INFO - [2025-02-01T13:38:43.982+0000] {dagbag.py:588} INFO - Filling up the DagBag from /home/airflow/.local/lib/python3.12/site-packages/airflow/example_dags/example_xcomargs.py
[2025-02-01T13:38:43.990+0000] {processor.py:925} INFO - DAG(s) 'example_xcom_args_with_operators', 'example_xcom_args' retrieved from /home/airflow/.local/lib/python3.12/site-packages/airflow/example_dags/example_xcomargs.py
[2025-02-01T13:38:44.002+0000] {logging_mixin.py:190} INFO - [2025-02-01T13:38:44.002+0000] {dag.py:3239} INFO - Sync 2 DAGs
[2025-02-01T13:38:44.014+0000] {logging_mixin.py:190} INFO - [2025-02-01T13:38:44.013+0000] {dag.py:4180} INFO - Setting next_dagrun for example_xcom_args to None, run_after=None
[2025-02-01T13:38:44.018+0000] {logging_mixin.py:190} INFO - [2025-02-01T13:38:44.018+0000] {dag.py:4180} INFO - Setting next_dagrun for example_xcom_args_with_operators to None, run_after=None
[2025-02-01T13:38:44.030+0000] {processor.py:208} INFO - Processing /home/airflow/.local/lib/python3.12/site-packages/airflow/example_dags/example_xcomargs.py took 0.053 seconds
[2025-02-01T13:39:14.855+0000] {processor.py:186} INFO - Started process (PID=595) to work on /home/airflow/.local/lib/python3.12/site-packages/airflow/example_dags/example_xcomargs.py
[2025-02-01T13:39:14.856+0000] {processor.py:914} INFO - Processing file /home/airflow/.local/lib/python3.12/site-packages/airflow/example_dags/example_xcomargs.py for tasks to queue
[2025-02-01T13:39:14.857+0000] {logging_mixin.py:190} INFO - [2025-02-01T13:39:14.857+0000] {dagbag.py:588} INFO - Filling up the DagBag from /home/airflow/.local/lib/python3.12/site-packages/airflow/example_dags/example_xcomargs.py
[2025-02-01T13:39:14.862+0000] {processor.py:925} INFO - DAG(s) 'example_xcom_args', 'example_xcom_args_with_operators' retrieved from /home/airflow/.local/lib/python3.12/site-packages/airflow/example_dags/example_xcomargs.py
[2025-02-01T13:39:14.875+0000] {logging_mixin.py:190} INFO - [2025-02-01T13:39:14.875+0000] {dag.py:3239} INFO - Sync 2 DAGs
[2025-02-01T13:39:14.884+0000] {logging_mixin.py:190} INFO - [2025-02-01T13:39:14.883+0000] {dag.py:4180} INFO - Setting next_dagrun for example_xcom_args to None, run_after=None
[2025-02-01T13:39:14.887+0000] {logging_mixin.py:190} INFO - [2025-02-01T13:39:14.886+0000] {dag.py:4180} INFO - Setting next_dagrun for example_xcom_args_with_operators to None, run_after=None
[2025-02-01T13:39:14.894+0000] {processor.py:208} INFO - Processing /home/airflow/.local/lib/python3.12/site-packages/airflow/example_dags/example_xcomargs.py took 0.042 seconds
[2025-02-01T13:39:45.332+0000] {processor.py:186} INFO - Started process (PID=661) to work on /home/airflow/.local/lib/python3.12/site-packages/airflow/example_dags/example_xcomargs.py
[2025-02-01T13:39:45.333+0000] {processor.py:914} INFO - Processing file /home/airflow/.local/lib/python3.12/site-packages/airflow/example_dags/example_xcomargs.py for tasks to queue
[2025-02-01T13:39:45.334+0000] {logging_mixin.py:190} INFO - [2025-02-01T13:39:45.334+0000] {dagbag.py:588} INFO - Filling up the DagBag from /home/airflow/.local/lib/python3.12/site-packages/airflow/example_dags/example_xcomargs.py
[2025-02-01T13:39:45.341+0000] {processor.py:925} INFO - DAG(s) 'example_xcom_args', 'example_xcom_args_with_operators' retrieved from /home/airflow/.local/lib/python3.12/site-packages/airflow/example_dags/example_xcomargs.py
[2025-02-01T13:39:45.358+0000] {logging_mixin.py:190} INFO - [2025-02-01T13:39:45.358+0000] {dag.py:3239} INFO - Sync 2 DAGs
[2025-02-01T13:39:45.372+0000] {logging_mixin.py:190} INFO - [2025-02-01T13:39:45.372+0000] {dag.py:4180} INFO - Setting next_dagrun for example_xcom_args to None, run_after=None
[2025-02-01T13:39:45.380+0000] {logging_mixin.py:190} INFO - [2025-02-01T13:39:45.379+0000] {dag.py:4180} INFO - Setting next_dagrun for example_xcom_args_with_operators to None, run_after=None
[2025-02-01T13:39:45.393+0000] {processor.py:208} INFO - Processing /home/airflow/.local/lib/python3.12/site-packages/airflow/example_dags/example_xcomargs.py took 0.067 seconds
[2025-02-01T13:40:15.656+0000] {processor.py:186} INFO - Started process (PID=727) to work on /home/airflow/.local/lib/python3.12/site-packages/airflow/example_dags/example_xcomargs.py
[2025-02-01T13:40:15.657+0000] {processor.py:914} INFO - Processing file /home/airflow/.local/lib/python3.12/site-packages/airflow/example_dags/example_xcomargs.py for tasks to queue
[2025-02-01T13:40:15.658+0000] {logging_mixin.py:190} INFO - [2025-02-01T13:40:15.658+0000] {dagbag.py:588} INFO - Filling up the DagBag from /home/airflow/.local/lib/python3.12/site-packages/airflow/example_dags/example_xcomargs.py
[2025-02-01T13:40:15.664+0000] {processor.py:925} INFO - DAG(s) 'example_xcom_args_with_operators', 'example_xcom_args' retrieved from /home/airflow/.local/lib/python3.12/site-packages/airflow/example_dags/example_xcomargs.py
[2025-02-01T13:40:15.676+0000] {logging_mixin.py:190} INFO - [2025-02-01T13:40:15.676+0000] {dag.py:3239} INFO - Sync 2 DAGs
[2025-02-01T13:40:15.685+0000] {logging_mixin.py:190} INFO - [2025-02-01T13:40:15.684+0000] {dag.py:4180} INFO - Setting next_dagrun for example_xcom_args to None, run_after=None
[2025-02-01T13:40:15.687+0000] {logging_mixin.py:190} INFO - [2025-02-01T13:40:15.687+0000] {dag.py:4180} INFO - Setting next_dagrun for example_xcom_args_with_operators to None, run_after=None
[2025-02-01T13:40:15.693+0000] {processor.py:208} INFO - Processing /home/airflow/.local/lib/python3.12/site-packages/airflow/example_dags/example_xcomargs.py took 0.041 seconds
[2025-02-01T13:40:46.648+0000] {processor.py:186} INFO - Started process (PID=793) to work on /home/airflow/.local/lib/python3.12/site-packages/airflow/example_dags/example_xcomargs.py
[2025-02-01T13:40:46.650+0000] {processor.py:914} INFO - Processing file /home/airflow/.local/lib/python3.12/site-packages/airflow/example_dags/example_xcomargs.py for tasks to queue
[2025-02-01T13:40:46.651+0000] {logging_mixin.py:190} INFO - [2025-02-01T13:40:46.651+0000] {dagbag.py:588} INFO - Filling up the DagBag from /home/airflow/.local/lib/python3.12/site-packages/airflow/example_dags/example_xcomargs.py
[2025-02-01T13:40:46.657+0000] {processor.py:925} INFO - DAG(s) 'example_xcom_args_with_operators', 'example_xcom_args' retrieved from /home/airflow/.local/lib/python3.12/site-packages/airflow/example_dags/example_xcomargs.py
[2025-02-01T13:40:46.671+0000] {logging_mixin.py:190} INFO - [2025-02-01T13:40:46.670+0000] {dag.py:3239} INFO - Sync 2 DAGs
[2025-02-01T13:40:46.682+0000] {logging_mixin.py:190} INFO - [2025-02-01T13:40:46.681+0000] {dag.py:4180} INFO - Setting next_dagrun for example_xcom_args to None, run_after=None
[2025-02-01T13:40:46.684+0000] {logging_mixin.py:190} INFO - [2025-02-01T13:40:46.684+0000] {dag.py:4180} INFO - Setting next_dagrun for example_xcom_args_with_operators to None, run_after=None
[2025-02-01T13:40:46.695+0000] {processor.py:208} INFO - Processing /home/airflow/.local/lib/python3.12/site-packages/airflow/example_dags/example_xcomargs.py took 0.051 seconds
[2025-02-01T13:41:17.553+0000] {processor.py:186} INFO - Started process (PID=859) to work on /home/airflow/.local/lib/python3.12/site-packages/airflow/example_dags/example_xcomargs.py
[2025-02-01T13:41:17.553+0000] {processor.py:914} INFO - Processing file /home/airflow/.local/lib/python3.12/site-packages/airflow/example_dags/example_xcomargs.py for tasks to queue
[2025-02-01T13:41:17.555+0000] {logging_mixin.py:190} INFO - [2025-02-01T13:41:17.555+0000] {dagbag.py:588} INFO - Filling up the DagBag from /home/airflow/.local/lib/python3.12/site-packages/airflow/example_dags/example_xcomargs.py
[2025-02-01T13:41:17.563+0000] {processor.py:925} INFO - DAG(s) 'example_xcom_args_with_operators', 'example_xcom_args' retrieved from /home/airflow/.local/lib/python3.12/site-packages/airflow/example_dags/example_xcomargs.py
[2025-02-01T13:41:17.577+0000] {logging_mixin.py:190} INFO - [2025-02-01T13:41:17.577+0000] {dag.py:3239} INFO - Sync 2 DAGs
[2025-02-01T13:41:17.588+0000] {logging_mixin.py:190} INFO - [2025-02-01T13:41:17.588+0000] {dag.py:4180} INFO - Setting next_dagrun for example_xcom_args to None, run_after=None
[2025-02-01T13:41:17.590+0000] {logging_mixin.py:190} INFO - [2025-02-01T13:41:17.590+0000] {dag.py:4180} INFO - Setting next_dagrun for example_xcom_args_with_operators to None, run_after=None
[2025-02-01T13:41:17.601+0000] {processor.py:208} INFO - Processing /home/airflow/.local/lib/python3.12/site-packages/airflow/example_dags/example_xcomargs.py took 0.052 seconds
[2025-02-01T13:41:48.119+0000] {processor.py:186} INFO - Started process (PID=925) to work on /home/airflow/.local/lib/python3.12/site-packages/airflow/example_dags/example_xcomargs.py
[2025-02-01T13:41:48.121+0000] {processor.py:914} INFO - Processing file /home/airflow/.local/lib/python3.12/site-packages/airflow/example_dags/example_xcomargs.py for tasks to queue
[2025-02-01T13:41:48.122+0000] {logging_mixin.py:190} INFO - [2025-02-01T13:41:48.122+0000] {dagbag.py:588} INFO - Filling up the DagBag from /home/airflow/.local/lib/python3.12/site-packages/airflow/example_dags/example_xcomargs.py
[2025-02-01T13:41:48.130+0000] {processor.py:925} INFO - DAG(s) 'example_xcom_args', 'example_xcom_args_with_operators' retrieved from /home/airflow/.local/lib/python3.12/site-packages/airflow/example_dags/example_xcomargs.py
[2025-02-01T13:41:48.147+0000] {logging_mixin.py:190} INFO - [2025-02-01T13:41:48.147+0000] {dag.py:3239} INFO - Sync 2 DAGs
[2025-02-01T13:41:48.154+0000] {logging_mixin.py:190} INFO - [2025-02-01T13:41:48.154+0000] {dag.py:4180} INFO - Setting next_dagrun for example_xcom_args to None, run_after=None
[2025-02-01T13:41:48.157+0000] {logging_mixin.py:190} INFO - [2025-02-01T13:41:48.156+0000] {dag.py:4180} INFO - Setting next_dagrun for example_xcom_args_with_operators to None, run_after=None
[2025-02-01T13:41:48.168+0000] {processor.py:208} INFO - Processing /home/airflow/.local/lib/python3.12/site-packages/airflow/example_dags/example_xcomargs.py took 0.053 seconds
[2025-02-01T13:42:18.354+0000] {processor.py:186} INFO - Started process (PID=991) to work on /home/airflow/.local/lib/python3.12/site-packages/airflow/example_dags/example_xcomargs.py
[2025-02-01T13:42:18.354+0000] {processor.py:914} INFO - Processing file /home/airflow/.local/lib/python3.12/site-packages/airflow/example_dags/example_xcomargs.py for tasks to queue
[2025-02-01T13:42:18.355+0000] {logging_mixin.py:190} INFO - [2025-02-01T13:42:18.355+0000] {dagbag.py:588} INFO - Filling up the DagBag from /home/airflow/.local/lib/python3.12/site-packages/airflow/example_dags/example_xcomargs.py
[2025-02-01T13:42:18.361+0000] {processor.py:925} INFO - DAG(s) 'example_xcom_args', 'example_xcom_args_with_operators' retrieved from /home/airflow/.local/lib/python3.12/site-packages/airflow/example_dags/example_xcomargs.py
[2025-02-01T13:42:18.376+0000] {logging_mixin.py:190} INFO - [2025-02-01T13:42:18.376+0000] {dag.py:3239} INFO - Sync 2 DAGs
[2025-02-01T13:42:18.385+0000] {logging_mixin.py:190} INFO - [2025-02-01T13:42:18.385+0000] {dag.py:4180} INFO - Setting next_dagrun for example_xcom_args to None, run_after=None
[2025-02-01T13:42:18.387+0000] {logging_mixin.py:190} INFO - [2025-02-01T13:42:18.387+0000] {dag.py:4180} INFO - Setting next_dagrun for example_xcom_args_with_operators to None, run_after=None
[2025-02-01T13:42:18.398+0000] {processor.py:208} INFO - Processing /home/airflow/.local/lib/python3.12/site-packages/airflow/example_dags/example_xcomargs.py took 0.048 seconds
[2025-02-01T14:45:43.404+0000] {processor.py:186} INFO - Started process (PID=64) to work on /home/airflow/.local/lib/python3.12/site-packages/airflow/example_dags/example_xcomargs.py
[2025-02-01T14:45:43.406+0000] {processor.py:914} INFO - Processing file /home/airflow/.local/lib/python3.12/site-packages/airflow/example_dags/example_xcomargs.py for tasks to queue
[2025-02-01T14:45:43.409+0000] {logging_mixin.py:190} INFO - [2025-02-01T14:45:43.408+0000] {dagbag.py:588} INFO - Filling up the DagBag from /home/airflow/.local/lib/python3.12/site-packages/airflow/example_dags/example_xcomargs.py
[2025-02-01T14:45:43.436+0000] {processor.py:925} INFO - DAG(s) 'example_xcom_args', 'example_xcom_args_with_operators' retrieved from /home/airflow/.local/lib/python3.12/site-packages/airflow/example_dags/example_xcomargs.py
[2025-02-01T14:45:43.481+0000] {logging_mixin.py:190} INFO - [2025-02-01T14:45:43.481+0000] {dag.py:3239} INFO - Sync 2 DAGs
[2025-02-01T14:45:43.498+0000] {logging_mixin.py:190} INFO - [2025-02-01T14:45:43.498+0000] {dag.py:4180} INFO - Setting next_dagrun for example_xcom_args to None, run_after=None
[2025-02-01T14:45:43.503+0000] {logging_mixin.py:190} INFO - [2025-02-01T14:45:43.503+0000] {dag.py:4180} INFO - Setting next_dagrun for example_xcom_args_with_operators to None, run_after=None
[2025-02-01T14:45:43.565+0000] {processor.py:208} INFO - Processing /home/airflow/.local/lib/python3.12/site-packages/airflow/example_dags/example_xcomargs.py took 0.172 seconds
[2025-02-01T14:46:14.400+0000] {processor.py:186} INFO - Started process (PID=130) to work on /home/airflow/.local/lib/python3.12/site-packages/airflow/example_dags/example_xcomargs.py
[2025-02-01T14:46:14.401+0000] {processor.py:914} INFO - Processing file /home/airflow/.local/lib/python3.12/site-packages/airflow/example_dags/example_xcomargs.py for tasks to queue
[2025-02-01T14:46:14.403+0000] {logging_mixin.py:190} INFO - [2025-02-01T14:46:14.402+0000] {dagbag.py:588} INFO - Filling up the DagBag from /home/airflow/.local/lib/python3.12/site-packages/airflow/example_dags/example_xcomargs.py
[2025-02-01T14:46:14.408+0000] {processor.py:925} INFO - DAG(s) 'example_xcom_args', 'example_xcom_args_with_operators' retrieved from /home/airflow/.local/lib/python3.12/site-packages/airflow/example_dags/example_xcomargs.py
[2025-02-01T14:46:14.423+0000] {logging_mixin.py:190} INFO - [2025-02-01T14:46:14.422+0000] {dag.py:3239} INFO - Sync 2 DAGs
[2025-02-01T14:46:14.433+0000] {logging_mixin.py:190} INFO - [2025-02-01T14:46:14.433+0000] {dag.py:4180} INFO - Setting next_dagrun for example_xcom_args to None, run_after=None
[2025-02-01T14:46:14.436+0000] {logging_mixin.py:190} INFO - [2025-02-01T14:46:14.436+0000] {dag.py:4180} INFO - Setting next_dagrun for example_xcom_args_with_operators to None, run_after=None
[2025-02-01T14:46:14.450+0000] {processor.py:208} INFO - Processing /home/airflow/.local/lib/python3.12/site-packages/airflow/example_dags/example_xcomargs.py took 0.055 seconds
[2025-02-01T14:46:44.532+0000] {processor.py:186} INFO - Started process (PID=195) to work on /home/airflow/.local/lib/python3.12/site-packages/airflow/example_dags/example_xcomargs.py
[2025-02-01T14:46:44.532+0000] {processor.py:914} INFO - Processing file /home/airflow/.local/lib/python3.12/site-packages/airflow/example_dags/example_xcomargs.py for tasks to queue
[2025-02-01T14:46:44.534+0000] {logging_mixin.py:190} INFO - [2025-02-01T14:46:44.533+0000] {dagbag.py:588} INFO - Filling up the DagBag from /home/airflow/.local/lib/python3.12/site-packages/airflow/example_dags/example_xcomargs.py
[2025-02-01T14:46:44.539+0000] {processor.py:925} INFO - DAG(s) 'example_xcom_args', 'example_xcom_args_with_operators' retrieved from /home/airflow/.local/lib/python3.12/site-packages/airflow/example_dags/example_xcomargs.py
[2025-02-01T14:46:44.557+0000] {logging_mixin.py:190} INFO - [2025-02-01T14:46:44.556+0000] {dag.py:3239} INFO - Sync 2 DAGs
[2025-02-01T14:46:44.564+0000] {logging_mixin.py:190} INFO - [2025-02-01T14:46:44.564+0000] {dag.py:4180} INFO - Setting next_dagrun for example_xcom_args to None, run_after=None
[2025-02-01T14:46:44.566+0000] {logging_mixin.py:190} INFO - [2025-02-01T14:46:44.566+0000] {dag.py:4180} INFO - Setting next_dagrun for example_xcom_args_with_operators to None, run_after=None
[2025-02-01T14:46:44.580+0000] {processor.py:208} INFO - Processing /home/airflow/.local/lib/python3.12/site-packages/airflow/example_dags/example_xcomargs.py took 0.052 seconds
[2025-02-01T14:47:15.489+0000] {processor.py:186} INFO - Started process (PID=261) to work on /home/airflow/.local/lib/python3.12/site-packages/airflow/example_dags/example_xcomargs.py
[2025-02-01T14:47:15.490+0000] {processor.py:914} INFO - Processing file /home/airflow/.local/lib/python3.12/site-packages/airflow/example_dags/example_xcomargs.py for tasks to queue
[2025-02-01T14:47:15.491+0000] {logging_mixin.py:190} INFO - [2025-02-01T14:47:15.491+0000] {dagbag.py:588} INFO - Filling up the DagBag from /home/airflow/.local/lib/python3.12/site-packages/airflow/example_dags/example_xcomargs.py
[2025-02-01T14:47:15.496+0000] {processor.py:925} INFO - DAG(s) 'example_xcom_args', 'example_xcom_args_with_operators' retrieved from /home/airflow/.local/lib/python3.12/site-packages/airflow/example_dags/example_xcomargs.py
[2025-02-01T14:47:15.508+0000] {logging_mixin.py:190} INFO - [2025-02-01T14:47:15.508+0000] {dag.py:3239} INFO - Sync 2 DAGs
[2025-02-01T14:47:15.519+0000] {logging_mixin.py:190} INFO - [2025-02-01T14:47:15.519+0000] {dag.py:4180} INFO - Setting next_dagrun for example_xcom_args to None, run_after=None
[2025-02-01T14:47:15.521+0000] {logging_mixin.py:190} INFO - [2025-02-01T14:47:15.521+0000] {dag.py:4180} INFO - Setting next_dagrun for example_xcom_args_with_operators to None, run_after=None
[2025-02-01T14:47:15.528+0000] {processor.py:208} INFO - Processing /home/airflow/.local/lib/python3.12/site-packages/airflow/example_dags/example_xcomargs.py took 0.043 seconds
[2025-02-01T14:47:45.836+0000] {processor.py:186} INFO - Started process (PID=327) to work on /home/airflow/.local/lib/python3.12/site-packages/airflow/example_dags/example_xcomargs.py
[2025-02-01T14:47:45.836+0000] {processor.py:914} INFO - Processing file /home/airflow/.local/lib/python3.12/site-packages/airflow/example_dags/example_xcomargs.py for tasks to queue
[2025-02-01T14:47:45.838+0000] {logging_mixin.py:190} INFO - [2025-02-01T14:47:45.837+0000] {dagbag.py:588} INFO - Filling up the DagBag from /home/airflow/.local/lib/python3.12/site-packages/airflow/example_dags/example_xcomargs.py
[2025-02-01T14:47:45.847+0000] {processor.py:925} INFO - DAG(s) 'example_xcom_args', 'example_xcom_args_with_operators' retrieved from /home/airflow/.local/lib/python3.12/site-packages/airflow/example_dags/example_xcomargs.py
[2025-02-01T14:47:45.860+0000] {logging_mixin.py:190} INFO - [2025-02-01T14:47:45.859+0000] {dag.py:3239} INFO - Sync 2 DAGs
[2025-02-01T14:47:45.866+0000] {logging_mixin.py:190} INFO - [2025-02-01T14:47:45.866+0000] {dag.py:4180} INFO - Setting next_dagrun for example_xcom_args to None, run_after=None
[2025-02-01T14:47:45.870+0000] {logging_mixin.py:190} INFO - [2025-02-01T14:47:45.870+0000] {dag.py:4180} INFO - Setting next_dagrun for example_xcom_args_with_operators to None, run_after=None
[2025-02-01T14:47:45.880+0000] {processor.py:208} INFO - Processing /home/airflow/.local/lib/python3.12/site-packages/airflow/example_dags/example_xcomargs.py took 0.047 seconds
[2025-02-01T14:48:16.521+0000] {processor.py:186} INFO - Started process (PID=399) to work on /home/airflow/.local/lib/python3.12/site-packages/airflow/example_dags/example_xcomargs.py
[2025-02-01T14:48:16.521+0000] {processor.py:914} INFO - Processing file /home/airflow/.local/lib/python3.12/site-packages/airflow/example_dags/example_xcomargs.py for tasks to queue
[2025-02-01T14:48:16.523+0000] {logging_mixin.py:190} INFO - [2025-02-01T14:48:16.523+0000] {dagbag.py:588} INFO - Filling up the DagBag from /home/airflow/.local/lib/python3.12/site-packages/airflow/example_dags/example_xcomargs.py
[2025-02-01T14:48:16.532+0000] {processor.py:925} INFO - DAG(s) 'example_xcom_args_with_operators', 'example_xcom_args' retrieved from /home/airflow/.local/lib/python3.12/site-packages/airflow/example_dags/example_xcomargs.py
[2025-02-01T14:48:16.550+0000] {logging_mixin.py:190} INFO - [2025-02-01T14:48:16.550+0000] {dag.py:3239} INFO - Sync 2 DAGs
[2025-02-01T14:48:16.559+0000] {logging_mixin.py:190} INFO - [2025-02-01T14:48:16.559+0000] {dag.py:4180} INFO - Setting next_dagrun for example_xcom_args to None, run_after=None
[2025-02-01T14:48:16.561+0000] {logging_mixin.py:190} INFO - [2025-02-01T14:48:16.561+0000] {dag.py:4180} INFO - Setting next_dagrun for example_xcom_args_with_operators to None, run_after=None
[2025-02-01T14:48:16.574+0000] {processor.py:208} INFO - Processing /home/airflow/.local/lib/python3.12/site-packages/airflow/example_dags/example_xcomargs.py took 0.056 seconds
[2025-02-01T14:48:47.475+0000] {processor.py:186} INFO - Started process (PID=465) to work on /home/airflow/.local/lib/python3.12/site-packages/airflow/example_dags/example_xcomargs.py
[2025-02-01T14:48:47.479+0000] {processor.py:914} INFO - Processing file /home/airflow/.local/lib/python3.12/site-packages/airflow/example_dags/example_xcomargs.py for tasks to queue
[2025-02-01T14:48:47.480+0000] {logging_mixin.py:190} INFO - [2025-02-01T14:48:47.480+0000] {dagbag.py:588} INFO - Filling up the DagBag from /home/airflow/.local/lib/python3.12/site-packages/airflow/example_dags/example_xcomargs.py
[2025-02-01T14:48:47.487+0000] {processor.py:925} INFO - DAG(s) 'example_xcom_args', 'example_xcom_args_with_operators' retrieved from /home/airflow/.local/lib/python3.12/site-packages/airflow/example_dags/example_xcomargs.py
[2025-02-01T14:48:47.500+0000] {logging_mixin.py:190} INFO - [2025-02-01T14:48:47.500+0000] {dag.py:3239} INFO - Sync 2 DAGs
[2025-02-01T14:48:47.512+0000] {logging_mixin.py:190} INFO - [2025-02-01T14:48:47.511+0000] {dag.py:4180} INFO - Setting next_dagrun for example_xcom_args to None, run_after=None
[2025-02-01T14:48:47.514+0000] {logging_mixin.py:190} INFO - [2025-02-01T14:48:47.514+0000] {dag.py:4180} INFO - Setting next_dagrun for example_xcom_args_with_operators to None, run_after=None
[2025-02-01T14:48:47.526+0000] {processor.py:208} INFO - Processing /home/airflow/.local/lib/python3.12/site-packages/airflow/example_dags/example_xcomargs.py took 0.057 seconds
[2025-02-01T14:49:18.412+0000] {processor.py:186} INFO - Started process (PID=531) to work on /home/airflow/.local/lib/python3.12/site-packages/airflow/example_dags/example_xcomargs.py
[2025-02-01T14:49:18.413+0000] {processor.py:914} INFO - Processing file /home/airflow/.local/lib/python3.12/site-packages/airflow/example_dags/example_xcomargs.py for tasks to queue
[2025-02-01T14:49:18.416+0000] {logging_mixin.py:190} INFO - [2025-02-01T14:49:18.416+0000] {dagbag.py:588} INFO - Filling up the DagBag from /home/airflow/.local/lib/python3.12/site-packages/airflow/example_dags/example_xcomargs.py
[2025-02-01T14:49:18.429+0000] {processor.py:925} INFO - DAG(s) 'example_xcom_args_with_operators', 'example_xcom_args' retrieved from /home/airflow/.local/lib/python3.12/site-packages/airflow/example_dags/example_xcomargs.py
[2025-02-01T14:49:18.457+0000] {logging_mixin.py:190} INFO - [2025-02-01T14:49:18.457+0000] {dag.py:3239} INFO - Sync 2 DAGs
[2025-02-01T14:49:18.466+0000] {logging_mixin.py:190} INFO - [2025-02-01T14:49:18.466+0000] {dag.py:4180} INFO - Setting next_dagrun for example_xcom_args to None, run_after=None
[2025-02-01T14:49:18.468+0000] {logging_mixin.py:190} INFO - [2025-02-01T14:49:18.468+0000] {dag.py:4180} INFO - Setting next_dagrun for example_xcom_args_with_operators to None, run_after=None
[2025-02-01T14:49:18.482+0000] {processor.py:208} INFO - Processing /home/airflow/.local/lib/python3.12/site-packages/airflow/example_dags/example_xcomargs.py took 0.082 seconds
[2025-02-01T14:49:48.647+0000] {processor.py:186} INFO - Started process (PID=597) to work on /home/airflow/.local/lib/python3.12/site-packages/airflow/example_dags/example_xcomargs.py
[2025-02-01T14:49:48.649+0000] {processor.py:914} INFO - Processing file /home/airflow/.local/lib/python3.12/site-packages/airflow/example_dags/example_xcomargs.py for tasks to queue
[2025-02-01T14:49:48.653+0000] {logging_mixin.py:190} INFO - [2025-02-01T14:49:48.652+0000] {dagbag.py:588} INFO - Filling up the DagBag from /home/airflow/.local/lib/python3.12/site-packages/airflow/example_dags/example_xcomargs.py
[2025-02-01T14:49:48.662+0000] {processor.py:925} INFO - DAG(s) 'example_xcom_args_with_operators', 'example_xcom_args' retrieved from /home/airflow/.local/lib/python3.12/site-packages/airflow/example_dags/example_xcomargs.py
[2025-02-01T14:49:48.679+0000] {logging_mixin.py:190} INFO - [2025-02-01T14:49:48.679+0000] {dag.py:3239} INFO - Sync 2 DAGs
[2025-02-01T14:49:48.688+0000] {logging_mixin.py:190} INFO - [2025-02-01T14:49:48.688+0000] {dag.py:4180} INFO - Setting next_dagrun for example_xcom_args to None, run_after=None
[2025-02-01T14:49:48.691+0000] {logging_mixin.py:190} INFO - [2025-02-01T14:49:48.691+0000] {dag.py:4180} INFO - Setting next_dagrun for example_xcom_args_with_operators to None, run_after=None
[2025-02-01T14:49:48.708+0000] {processor.py:208} INFO - Processing /home/airflow/.local/lib/python3.12/site-packages/airflow/example_dags/example_xcomargs.py took 0.065 seconds
[2025-02-01T14:50:19.591+0000] {processor.py:186} INFO - Started process (PID=663) to work on /home/airflow/.local/lib/python3.12/site-packages/airflow/example_dags/example_xcomargs.py
[2025-02-01T14:50:19.594+0000] {processor.py:914} INFO - Processing file /home/airflow/.local/lib/python3.12/site-packages/airflow/example_dags/example_xcomargs.py for tasks to queue
[2025-02-01T14:50:19.595+0000] {logging_mixin.py:190} INFO - [2025-02-01T14:50:19.595+0000] {dagbag.py:588} INFO - Filling up the DagBag from /home/airflow/.local/lib/python3.12/site-packages/airflow/example_dags/example_xcomargs.py
[2025-02-01T14:50:19.600+0000] {processor.py:925} INFO - DAG(s) 'example_xcom_args', 'example_xcom_args_with_operators' retrieved from /home/airflow/.local/lib/python3.12/site-packages/airflow/example_dags/example_xcomargs.py
[2025-02-01T14:50:19.612+0000] {logging_mixin.py:190} INFO - [2025-02-01T14:50:19.612+0000] {dag.py:3239} INFO - Sync 2 DAGs
[2025-02-01T14:50:19.621+0000] {logging_mixin.py:190} INFO - [2025-02-01T14:50:19.621+0000] {dag.py:4180} INFO - Setting next_dagrun for example_xcom_args to None, run_after=None
[2025-02-01T14:50:19.622+0000] {logging_mixin.py:190} INFO - [2025-02-01T14:50:19.622+0000] {dag.py:4180} INFO - Setting next_dagrun for example_xcom_args_with_operators to None, run_after=None
[2025-02-01T14:50:19.628+0000] {processor.py:208} INFO - Processing /home/airflow/.local/lib/python3.12/site-packages/airflow/example_dags/example_xcomargs.py took 0.039 seconds
[2025-02-01T14:50:50.574+0000] {processor.py:186} INFO - Started process (PID=729) to work on /home/airflow/.local/lib/python3.12/site-packages/airflow/example_dags/example_xcomargs.py
[2025-02-01T14:50:50.575+0000] {processor.py:914} INFO - Processing file /home/airflow/.local/lib/python3.12/site-packages/airflow/example_dags/example_xcomargs.py for tasks to queue
[2025-02-01T14:50:50.577+0000] {logging_mixin.py:190} INFO - [2025-02-01T14:50:50.577+0000] {dagbag.py:588} INFO - Filling up the DagBag from /home/airflow/.local/lib/python3.12/site-packages/airflow/example_dags/example_xcomargs.py
[2025-02-01T14:50:50.583+0000] {processor.py:925} INFO - DAG(s) 'example_xcom_args', 'example_xcom_args_with_operators' retrieved from /home/airflow/.local/lib/python3.12/site-packages/airflow/example_dags/example_xcomargs.py
[2025-02-01T14:50:50.596+0000] {logging_mixin.py:190} INFO - [2025-02-01T14:50:50.596+0000] {dag.py:3239} INFO - Sync 2 DAGs
[2025-02-01T14:50:50.603+0000] {logging_mixin.py:190} INFO - [2025-02-01T14:50:50.603+0000] {dag.py:4180} INFO - Setting next_dagrun for example_xcom_args to None, run_after=None
[2025-02-01T14:50:50.609+0000] {logging_mixin.py:190} INFO - [2025-02-01T14:50:50.609+0000] {dag.py:4180} INFO - Setting next_dagrun for example_xcom_args_with_operators to None, run_after=None
[2025-02-01T14:50:50.620+0000] {processor.py:208} INFO - Processing /home/airflow/.local/lib/python3.12/site-packages/airflow/example_dags/example_xcomargs.py took 0.050 seconds
[2025-02-01T14:51:21.528+0000] {processor.py:186} INFO - Started process (PID=795) to work on /home/airflow/.local/lib/python3.12/site-packages/airflow/example_dags/example_xcomargs.py
[2025-02-01T14:51:21.528+0000] {processor.py:914} INFO - Processing file /home/airflow/.local/lib/python3.12/site-packages/airflow/example_dags/example_xcomargs.py for tasks to queue
[2025-02-01T14:51:21.529+0000] {logging_mixin.py:190} INFO - [2025-02-01T14:51:21.529+0000] {dagbag.py:588} INFO - Filling up the DagBag from /home/airflow/.local/lib/python3.12/site-packages/airflow/example_dags/example_xcomargs.py
[2025-02-01T14:51:21.535+0000] {processor.py:925} INFO - DAG(s) 'example_xcom_args', 'example_xcom_args_with_operators' retrieved from /home/airflow/.local/lib/python3.12/site-packages/airflow/example_dags/example_xcomargs.py
[2025-02-01T14:51:21.547+0000] {logging_mixin.py:190} INFO - [2025-02-01T14:51:21.547+0000] {dag.py:3239} INFO - Sync 2 DAGs
[2025-02-01T14:51:21.555+0000] {logging_mixin.py:190} INFO - [2025-02-01T14:51:21.555+0000] {dag.py:4180} INFO - Setting next_dagrun for example_xcom_args to None, run_after=None
[2025-02-01T14:51:21.560+0000] {logging_mixin.py:190} INFO - [2025-02-01T14:51:21.560+0000] {dag.py:4180} INFO - Setting next_dagrun for example_xcom_args_with_operators to None, run_after=None
[2025-02-01T14:51:21.570+0000] {processor.py:208} INFO - Processing /home/airflow/.local/lib/python3.12/site-packages/airflow/example_dags/example_xcomargs.py took 0.045 seconds
[2025-02-01T14:51:51.734+0000] {processor.py:186} INFO - Started process (PID=861) to work on /home/airflow/.local/lib/python3.12/site-packages/airflow/example_dags/example_xcomargs.py
[2025-02-01T14:51:51.734+0000] {processor.py:914} INFO - Processing file /home/airflow/.local/lib/python3.12/site-packages/airflow/example_dags/example_xcomargs.py for tasks to queue
[2025-02-01T14:51:51.736+0000] {logging_mixin.py:190} INFO - [2025-02-01T14:51:51.735+0000] {dagbag.py:588} INFO - Filling up the DagBag from /home/airflow/.local/lib/python3.12/site-packages/airflow/example_dags/example_xcomargs.py
[2025-02-01T14:51:51.741+0000] {processor.py:925} INFO - DAG(s) 'example_xcom_args_with_operators', 'example_xcom_args' retrieved from /home/airflow/.local/lib/python3.12/site-packages/airflow/example_dags/example_xcomargs.py
[2025-02-01T14:51:51.760+0000] {logging_mixin.py:190} INFO - [2025-02-01T14:51:51.760+0000] {dag.py:3239} INFO - Sync 2 DAGs
[2025-02-01T14:51:51.768+0000] {logging_mixin.py:190} INFO - [2025-02-01T14:51:51.768+0000] {dag.py:4180} INFO - Setting next_dagrun for example_xcom_args to None, run_after=None
[2025-02-01T14:51:51.770+0000] {logging_mixin.py:190} INFO - [2025-02-01T14:51:51.770+0000] {dag.py:4180} INFO - Setting next_dagrun for example_xcom_args_with_operators to None, run_after=None
[2025-02-01T14:51:51.779+0000] {processor.py:208} INFO - Processing /home/airflow/.local/lib/python3.12/site-packages/airflow/example_dags/example_xcomargs.py took 0.049 seconds
[2025-02-01T14:52:22.235+0000] {processor.py:186} INFO - Started process (PID=927) to work on /home/airflow/.local/lib/python3.12/site-packages/airflow/example_dags/example_xcomargs.py
[2025-02-01T14:52:22.237+0000] {processor.py:914} INFO - Processing file /home/airflow/.local/lib/python3.12/site-packages/airflow/example_dags/example_xcomargs.py for tasks to queue
[2025-02-01T14:52:22.238+0000] {logging_mixin.py:190} INFO - [2025-02-01T14:52:22.238+0000] {dagbag.py:588} INFO - Filling up the DagBag from /home/airflow/.local/lib/python3.12/site-packages/airflow/example_dags/example_xcomargs.py
[2025-02-01T14:52:22.245+0000] {processor.py:925} INFO - DAG(s) 'example_xcom_args', 'example_xcom_args_with_operators' retrieved from /home/airflow/.local/lib/python3.12/site-packages/airflow/example_dags/example_xcomargs.py
[2025-02-01T14:52:22.257+0000] {logging_mixin.py:190} INFO - [2025-02-01T14:52:22.257+0000] {dag.py:3239} INFO - Sync 2 DAGs
[2025-02-01T14:52:22.267+0000] {logging_mixin.py:190} INFO - [2025-02-01T14:52:22.267+0000] {dag.py:4180} INFO - Setting next_dagrun for example_xcom_args to None, run_after=None
[2025-02-01T14:52:22.273+0000] {logging_mixin.py:190} INFO - [2025-02-01T14:52:22.273+0000] {dag.py:4180} INFO - Setting next_dagrun for example_xcom_args_with_operators to None, run_after=None
[2025-02-01T14:52:22.299+0000] {processor.py:208} INFO - Processing /home/airflow/.local/lib/python3.12/site-packages/airflow/example_dags/example_xcomargs.py took 0.069 seconds
[2025-02-01T14:52:53.033+0000] {processor.py:186} INFO - Started process (PID=993) to work on /home/airflow/.local/lib/python3.12/site-packages/airflow/example_dags/example_xcomargs.py
[2025-02-01T14:52:53.036+0000] {processor.py:914} INFO - Processing file /home/airflow/.local/lib/python3.12/site-packages/airflow/example_dags/example_xcomargs.py for tasks to queue
[2025-02-01T14:52:53.038+0000] {logging_mixin.py:190} INFO - [2025-02-01T14:52:53.038+0000] {dagbag.py:588} INFO - Filling up the DagBag from /home/airflow/.local/lib/python3.12/site-packages/airflow/example_dags/example_xcomargs.py
[2025-02-01T14:52:53.043+0000] {processor.py:925} INFO - DAG(s) 'example_xcom_args', 'example_xcom_args_with_operators' retrieved from /home/airflow/.local/lib/python3.12/site-packages/airflow/example_dags/example_xcomargs.py
[2025-02-01T14:52:53.058+0000] {logging_mixin.py:190} INFO - [2025-02-01T14:52:53.058+0000] {dag.py:3239} INFO - Sync 2 DAGs
[2025-02-01T14:52:53.068+0000] {logging_mixin.py:190} INFO - [2025-02-01T14:52:53.068+0000] {dag.py:4180} INFO - Setting next_dagrun for example_xcom_args to None, run_after=None
[2025-02-01T14:52:53.071+0000] {logging_mixin.py:190} INFO - [2025-02-01T14:52:53.071+0000] {dag.py:4180} INFO - Setting next_dagrun for example_xcom_args_with_operators to None, run_after=None
[2025-02-01T14:52:53.086+0000] {processor.py:208} INFO - Processing /home/airflow/.local/lib/python3.12/site-packages/airflow/example_dags/example_xcomargs.py took 0.056 seconds
[2025-02-01T14:53:23.142+0000] {processor.py:186} INFO - Started process (PID=1059) to work on /home/airflow/.local/lib/python3.12/site-packages/airflow/example_dags/example_xcomargs.py
[2025-02-01T14:53:23.144+0000] {processor.py:914} INFO - Processing file /home/airflow/.local/lib/python3.12/site-packages/airflow/example_dags/example_xcomargs.py for tasks to queue
[2025-02-01T14:53:23.146+0000] {logging_mixin.py:190} INFO - [2025-02-01T14:53:23.146+0000] {dagbag.py:588} INFO - Filling up the DagBag from /home/airflow/.local/lib/python3.12/site-packages/airflow/example_dags/example_xcomargs.py
[2025-02-01T14:53:23.153+0000] {processor.py:925} INFO - DAG(s) 'example_xcom_args_with_operators', 'example_xcom_args' retrieved from /home/airflow/.local/lib/python3.12/site-packages/airflow/example_dags/example_xcomargs.py
[2025-02-01T14:53:23.170+0000] {logging_mixin.py:190} INFO - [2025-02-01T14:53:23.170+0000] {dag.py:3239} INFO - Sync 2 DAGs
[2025-02-01T14:53:23.177+0000] {logging_mixin.py:190} INFO - [2025-02-01T14:53:23.177+0000] {dag.py:4180} INFO - Setting next_dagrun for example_xcom_args to None, run_after=None
[2025-02-01T14:53:23.181+0000] {logging_mixin.py:190} INFO - [2025-02-01T14:53:23.181+0000] {dag.py:4180} INFO - Setting next_dagrun for example_xcom_args_with_operators to None, run_after=None
[2025-02-01T14:53:23.192+0000] {processor.py:208} INFO - Processing /home/airflow/.local/lib/python3.12/site-packages/airflow/example_dags/example_xcomargs.py took 0.053 seconds
[2025-02-01T14:53:53.961+0000] {processor.py:186} INFO - Started process (PID=1125) to work on /home/airflow/.local/lib/python3.12/site-packages/airflow/example_dags/example_xcomargs.py
[2025-02-01T14:53:53.963+0000] {processor.py:914} INFO - Processing file /home/airflow/.local/lib/python3.12/site-packages/airflow/example_dags/example_xcomargs.py for tasks to queue
[2025-02-01T14:53:53.965+0000] {logging_mixin.py:190} INFO - [2025-02-01T14:53:53.964+0000] {dagbag.py:588} INFO - Filling up the DagBag from /home/airflow/.local/lib/python3.12/site-packages/airflow/example_dags/example_xcomargs.py
[2025-02-01T14:53:53.970+0000] {processor.py:925} INFO - DAG(s) 'example_xcom_args', 'example_xcom_args_with_operators' retrieved from /home/airflow/.local/lib/python3.12/site-packages/airflow/example_dags/example_xcomargs.py
[2025-02-01T14:53:53.982+0000] {logging_mixin.py:190} INFO - [2025-02-01T14:53:53.982+0000] {dag.py:3239} INFO - Sync 2 DAGs
[2025-02-01T14:53:53.990+0000] {logging_mixin.py:190} INFO - [2025-02-01T14:53:53.990+0000] {dag.py:4180} INFO - Setting next_dagrun for example_xcom_args to None, run_after=None
[2025-02-01T14:53:53.997+0000] {logging_mixin.py:190} INFO - [2025-02-01T14:53:53.997+0000] {dag.py:4180} INFO - Setting next_dagrun for example_xcom_args_with_operators to None, run_after=None
[2025-02-01T14:53:54.007+0000] {processor.py:208} INFO - Processing /home/airflow/.local/lib/python3.12/site-packages/airflow/example_dags/example_xcomargs.py took 0.050 seconds
[2025-02-01T14:54:24.066+0000] {processor.py:186} INFO - Started process (PID=1191) to work on /home/airflow/.local/lib/python3.12/site-packages/airflow/example_dags/example_xcomargs.py
[2025-02-01T14:54:24.067+0000] {processor.py:914} INFO - Processing file /home/airflow/.local/lib/python3.12/site-packages/airflow/example_dags/example_xcomargs.py for tasks to queue
[2025-02-01T14:54:24.069+0000] {logging_mixin.py:190} INFO - [2025-02-01T14:54:24.069+0000] {dagbag.py:588} INFO - Filling up the DagBag from /home/airflow/.local/lib/python3.12/site-packages/airflow/example_dags/example_xcomargs.py
[2025-02-01T14:54:24.076+0000] {processor.py:925} INFO - DAG(s) 'example_xcom_args_with_operators', 'example_xcom_args' retrieved from /home/airflow/.local/lib/python3.12/site-packages/airflow/example_dags/example_xcomargs.py
[2025-02-01T14:54:24.093+0000] {logging_mixin.py:190} INFO - [2025-02-01T14:54:24.092+0000] {dag.py:3239} INFO - Sync 2 DAGs
[2025-02-01T14:54:24.100+0000] {logging_mixin.py:190} INFO - [2025-02-01T14:54:24.100+0000] {dag.py:4180} INFO - Setting next_dagrun for example_xcom_args to None, run_after=None
[2025-02-01T14:54:24.102+0000] {logging_mixin.py:190} INFO - [2025-02-01T14:54:24.102+0000] {dag.py:4180} INFO - Setting next_dagrun for example_xcom_args_with_operators to None, run_after=None
[2025-02-01T14:54:24.111+0000] {processor.py:208} INFO - Processing /home/airflow/.local/lib/python3.12/site-packages/airflow/example_dags/example_xcomargs.py took 0.048 seconds
[2025-02-01T14:54:54.955+0000] {processor.py:186} INFO - Started process (PID=1257) to work on /home/airflow/.local/lib/python3.12/site-packages/airflow/example_dags/example_xcomargs.py
[2025-02-01T14:54:54.955+0000] {processor.py:914} INFO - Processing file /home/airflow/.local/lib/python3.12/site-packages/airflow/example_dags/example_xcomargs.py for tasks to queue
[2025-02-01T14:54:54.957+0000] {logging_mixin.py:190} INFO - [2025-02-01T14:54:54.957+0000] {dagbag.py:588} INFO - Filling up the DagBag from /home/airflow/.local/lib/python3.12/site-packages/airflow/example_dags/example_xcomargs.py
[2025-02-01T14:54:54.963+0000] {processor.py:925} INFO - DAG(s) 'example_xcom_args_with_operators', 'example_xcom_args' retrieved from /home/airflow/.local/lib/python3.12/site-packages/airflow/example_dags/example_xcomargs.py
[2025-02-01T14:54:54.974+0000] {logging_mixin.py:190} INFO - [2025-02-01T14:54:54.974+0000] {dag.py:3239} INFO - Sync 2 DAGs
[2025-02-01T14:54:54.982+0000] {logging_mixin.py:190} INFO - [2025-02-01T14:54:54.982+0000] {dag.py:4180} INFO - Setting next_dagrun for example_xcom_args to None, run_after=None
[2025-02-01T14:54:54.984+0000] {logging_mixin.py:190} INFO - [2025-02-01T14:54:54.983+0000] {dag.py:4180} INFO - Setting next_dagrun for example_xcom_args_with_operators to None, run_after=None
[2025-02-01T14:54:54.991+0000] {processor.py:208} INFO - Processing /home/airflow/.local/lib/python3.12/site-packages/airflow/example_dags/example_xcomargs.py took 0.039 seconds
[2025-02-01T14:55:26.015+0000] {processor.py:186} INFO - Started process (PID=1323) to work on /home/airflow/.local/lib/python3.12/site-packages/airflow/example_dags/example_xcomargs.py
[2025-02-01T14:55:26.016+0000] {processor.py:914} INFO - Processing file /home/airflow/.local/lib/python3.12/site-packages/airflow/example_dags/example_xcomargs.py for tasks to queue
[2025-02-01T14:55:26.017+0000] {logging_mixin.py:190} INFO - [2025-02-01T14:55:26.017+0000] {dagbag.py:588} INFO - Filling up the DagBag from /home/airflow/.local/lib/python3.12/site-packages/airflow/example_dags/example_xcomargs.py
[2025-02-01T14:55:26.022+0000] {processor.py:925} INFO - DAG(s) 'example_xcom_args_with_operators', 'example_xcom_args' retrieved from /home/airflow/.local/lib/python3.12/site-packages/airflow/example_dags/example_xcomargs.py
[2025-02-01T14:55:26.039+0000] {logging_mixin.py:190} INFO - [2025-02-01T14:55:26.039+0000] {dag.py:3239} INFO - Sync 2 DAGs
[2025-02-01T14:55:26.053+0000] {logging_mixin.py:190} INFO - [2025-02-01T14:55:26.053+0000] {dag.py:4180} INFO - Setting next_dagrun for example_xcom_args to None, run_after=None
[2025-02-01T14:55:26.056+0000] {logging_mixin.py:190} INFO - [2025-02-01T14:55:26.056+0000] {dag.py:4180} INFO - Setting next_dagrun for example_xcom_args_with_operators to None, run_after=None
[2025-02-01T14:55:26.065+0000] {processor.py:208} INFO - Processing /home/airflow/.local/lib/python3.12/site-packages/airflow/example_dags/example_xcomargs.py took 0.054 seconds
[2025-02-01T14:55:56.932+0000] {processor.py:186} INFO - Started process (PID=1389) to work on /home/airflow/.local/lib/python3.12/site-packages/airflow/example_dags/example_xcomargs.py
[2025-02-01T14:55:56.933+0000] {processor.py:914} INFO - Processing file /home/airflow/.local/lib/python3.12/site-packages/airflow/example_dags/example_xcomargs.py for tasks to queue
[2025-02-01T14:55:56.935+0000] {logging_mixin.py:190} INFO - [2025-02-01T14:55:56.935+0000] {dagbag.py:588} INFO - Filling up the DagBag from /home/airflow/.local/lib/python3.12/site-packages/airflow/example_dags/example_xcomargs.py
[2025-02-01T14:55:56.944+0000] {processor.py:925} INFO - DAG(s) 'example_xcom_args_with_operators', 'example_xcom_args' retrieved from /home/airflow/.local/lib/python3.12/site-packages/airflow/example_dags/example_xcomargs.py
[2025-02-01T14:55:56.961+0000] {logging_mixin.py:190} INFO - [2025-02-01T14:55:56.961+0000] {dag.py:3239} INFO - Sync 2 DAGs
[2025-02-01T14:55:56.971+0000] {logging_mixin.py:190} INFO - [2025-02-01T14:55:56.970+0000] {dag.py:4180} INFO - Setting next_dagrun for example_xcom_args to None, run_after=None
[2025-02-01T14:55:56.974+0000] {logging_mixin.py:190} INFO - [2025-02-01T14:55:56.974+0000] {dag.py:4180} INFO - Setting next_dagrun for example_xcom_args_with_operators to None, run_after=None
[2025-02-01T14:55:56.984+0000] {processor.py:208} INFO - Processing /home/airflow/.local/lib/python3.12/site-packages/airflow/example_dags/example_xcomargs.py took 0.055 seconds
[2025-02-01T14:56:27.085+0000] {processor.py:186} INFO - Started process (PID=1455) to work on /home/airflow/.local/lib/python3.12/site-packages/airflow/example_dags/example_xcomargs.py
[2025-02-01T14:56:27.087+0000] {processor.py:914} INFO - Processing file /home/airflow/.local/lib/python3.12/site-packages/airflow/example_dags/example_xcomargs.py for tasks to queue
[2025-02-01T14:56:27.089+0000] {logging_mixin.py:190} INFO - [2025-02-01T14:56:27.088+0000] {dagbag.py:588} INFO - Filling up the DagBag from /home/airflow/.local/lib/python3.12/site-packages/airflow/example_dags/example_xcomargs.py
[2025-02-01T14:56:27.095+0000] {processor.py:925} INFO - DAG(s) 'example_xcom_args', 'example_xcom_args_with_operators' retrieved from /home/airflow/.local/lib/python3.12/site-packages/airflow/example_dags/example_xcomargs.py
[2025-02-01T14:56:27.113+0000] {logging_mixin.py:190} INFO - [2025-02-01T14:56:27.113+0000] {dag.py:3239} INFO - Sync 2 DAGs
[2025-02-01T14:56:27.121+0000] {logging_mixin.py:190} INFO - [2025-02-01T14:56:27.121+0000] {dag.py:4180} INFO - Setting next_dagrun for example_xcom_args to None, run_after=None
[2025-02-01T14:56:27.123+0000] {logging_mixin.py:190} INFO - [2025-02-01T14:56:27.123+0000] {dag.py:4180} INFO - Setting next_dagrun for example_xcom_args_with_operators to None, run_after=None
[2025-02-01T14:56:27.131+0000] {processor.py:208} INFO - Processing /home/airflow/.local/lib/python3.12/site-packages/airflow/example_dags/example_xcomargs.py took 0.050 seconds
[2025-02-01T14:56:57.202+0000] {processor.py:186} INFO - Started process (PID=1521) to work on /home/airflow/.local/lib/python3.12/site-packages/airflow/example_dags/example_xcomargs.py
[2025-02-01T14:56:57.206+0000] {processor.py:914} INFO - Processing file /home/airflow/.local/lib/python3.12/site-packages/airflow/example_dags/example_xcomargs.py for tasks to queue
[2025-02-01T14:56:57.208+0000] {logging_mixin.py:190} INFO - [2025-02-01T14:56:57.208+0000] {dagbag.py:588} INFO - Filling up the DagBag from /home/airflow/.local/lib/python3.12/site-packages/airflow/example_dags/example_xcomargs.py
[2025-02-01T14:56:57.218+0000] {processor.py:925} INFO - DAG(s) 'example_xcom_args', 'example_xcom_args_with_operators' retrieved from /home/airflow/.local/lib/python3.12/site-packages/airflow/example_dags/example_xcomargs.py
[2025-02-01T14:56:57.235+0000] {logging_mixin.py:190} INFO - [2025-02-01T14:56:57.235+0000] {dag.py:3239} INFO - Sync 2 DAGs
[2025-02-01T14:56:57.244+0000] {logging_mixin.py:190} INFO - [2025-02-01T14:56:57.244+0000] {dag.py:4180} INFO - Setting next_dagrun for example_xcom_args to None, run_after=None
[2025-02-01T14:56:57.247+0000] {logging_mixin.py:190} INFO - [2025-02-01T14:56:57.246+0000] {dag.py:4180} INFO - Setting next_dagrun for example_xcom_args_with_operators to None, run_after=None
[2025-02-01T14:56:57.262+0000] {processor.py:208} INFO - Processing /home/airflow/.local/lib/python3.12/site-packages/airflow/example_dags/example_xcomargs.py took 0.062 seconds
[2025-02-01T14:57:28.109+0000] {processor.py:186} INFO - Started process (PID=1587) to work on /home/airflow/.local/lib/python3.12/site-packages/airflow/example_dags/example_xcomargs.py
[2025-02-01T14:57:28.110+0000] {processor.py:914} INFO - Processing file /home/airflow/.local/lib/python3.12/site-packages/airflow/example_dags/example_xcomargs.py for tasks to queue
[2025-02-01T14:57:28.112+0000] {logging_mixin.py:190} INFO - [2025-02-01T14:57:28.112+0000] {dagbag.py:588} INFO - Filling up the DagBag from /home/airflow/.local/lib/python3.12/site-packages/airflow/example_dags/example_xcomargs.py
[2025-02-01T14:57:28.118+0000] {processor.py:925} INFO - DAG(s) 'example_xcom_args_with_operators', 'example_xcom_args' retrieved from /home/airflow/.local/lib/python3.12/site-packages/airflow/example_dags/example_xcomargs.py
[2025-02-01T14:57:28.133+0000] {logging_mixin.py:190} INFO - [2025-02-01T14:57:28.133+0000] {dag.py:3239} INFO - Sync 2 DAGs
[2025-02-01T14:57:28.142+0000] {logging_mixin.py:190} INFO - [2025-02-01T14:57:28.142+0000] {dag.py:4180} INFO - Setting next_dagrun for example_xcom_args to None, run_after=None
[2025-02-01T14:57:28.144+0000] {logging_mixin.py:190} INFO - [2025-02-01T14:57:28.144+0000] {dag.py:4180} INFO - Setting next_dagrun for example_xcom_args_with_operators to None, run_after=None
[2025-02-01T14:57:28.155+0000] {processor.py:208} INFO - Processing /home/airflow/.local/lib/python3.12/site-packages/airflow/example_dags/example_xcomargs.py took 0.049 seconds
[2025-02-01T14:57:59.187+0000] {processor.py:186} INFO - Started process (PID=1653) to work on /home/airflow/.local/lib/python3.12/site-packages/airflow/example_dags/example_xcomargs.py
[2025-02-01T14:57:59.189+0000] {processor.py:914} INFO - Processing file /home/airflow/.local/lib/python3.12/site-packages/airflow/example_dags/example_xcomargs.py for tasks to queue
[2025-02-01T14:57:59.193+0000] {logging_mixin.py:190} INFO - [2025-02-01T14:57:59.192+0000] {dagbag.py:588} INFO - Filling up the DagBag from /home/airflow/.local/lib/python3.12/site-packages/airflow/example_dags/example_xcomargs.py
[2025-02-01T14:57:59.209+0000] {processor.py:925} INFO - DAG(s) 'example_xcom_args', 'example_xcom_args_with_operators' retrieved from /home/airflow/.local/lib/python3.12/site-packages/airflow/example_dags/example_xcomargs.py
[2025-02-01T14:57:59.225+0000] {logging_mixin.py:190} INFO - [2025-02-01T14:57:59.225+0000] {dag.py:3239} INFO - Sync 2 DAGs
[2025-02-01T14:57:59.233+0000] {logging_mixin.py:190} INFO - [2025-02-01T14:57:59.232+0000] {dag.py:4180} INFO - Setting next_dagrun for example_xcom_args to None, run_after=None
[2025-02-01T14:57:59.234+0000] {logging_mixin.py:190} INFO - [2025-02-01T14:57:59.234+0000] {dag.py:4180} INFO - Setting next_dagrun for example_xcom_args_with_operators to None, run_after=None
[2025-02-01T14:57:59.245+0000] {processor.py:208} INFO - Processing /home/airflow/.local/lib/python3.12/site-packages/airflow/example_dags/example_xcomargs.py took 0.062 seconds
[2025-02-01T14:58:29.945+0000] {processor.py:186} INFO - Started process (PID=1719) to work on /home/airflow/.local/lib/python3.12/site-packages/airflow/example_dags/example_xcomargs.py
[2025-02-01T14:58:29.946+0000] {processor.py:914} INFO - Processing file /home/airflow/.local/lib/python3.12/site-packages/airflow/example_dags/example_xcomargs.py for tasks to queue
[2025-02-01T14:58:29.947+0000] {logging_mixin.py:190} INFO - [2025-02-01T14:58:29.947+0000] {dagbag.py:588} INFO - Filling up the DagBag from /home/airflow/.local/lib/python3.12/site-packages/airflow/example_dags/example_xcomargs.py
[2025-02-01T14:58:29.953+0000] {processor.py:925} INFO - DAG(s) 'example_xcom_args_with_operators', 'example_xcom_args' retrieved from /home/airflow/.local/lib/python3.12/site-packages/airflow/example_dags/example_xcomargs.py
[2025-02-01T14:58:29.973+0000] {logging_mixin.py:190} INFO - [2025-02-01T14:58:29.973+0000] {dag.py:3239} INFO - Sync 2 DAGs
[2025-02-01T14:58:29.979+0000] {logging_mixin.py:190} INFO - [2025-02-01T14:58:29.979+0000] {dag.py:4180} INFO - Setting next_dagrun for example_xcom_args to None, run_after=None
[2025-02-01T14:58:29.983+0000] {logging_mixin.py:190} INFO - [2025-02-01T14:58:29.983+0000] {dag.py:4180} INFO - Setting next_dagrun for example_xcom_args_with_operators to None, run_after=None
[2025-02-01T14:58:29.994+0000] {processor.py:208} INFO - Processing /home/airflow/.local/lib/python3.12/site-packages/airflow/example_dags/example_xcomargs.py took 0.051 seconds
[2025-02-01T14:59:00.833+0000] {processor.py:186} INFO - Started process (PID=1785) to work on /home/airflow/.local/lib/python3.12/site-packages/airflow/example_dags/example_xcomargs.py
[2025-02-01T14:59:00.834+0000] {processor.py:914} INFO - Processing file /home/airflow/.local/lib/python3.12/site-packages/airflow/example_dags/example_xcomargs.py for tasks to queue
[2025-02-01T14:59:00.835+0000] {logging_mixin.py:190} INFO - [2025-02-01T14:59:00.835+0000] {dagbag.py:588} INFO - Filling up the DagBag from /home/airflow/.local/lib/python3.12/site-packages/airflow/example_dags/example_xcomargs.py
[2025-02-01T14:59:00.840+0000] {processor.py:925} INFO - DAG(s) 'example_xcom_args', 'example_xcom_args_with_operators' retrieved from /home/airflow/.local/lib/python3.12/site-packages/airflow/example_dags/example_xcomargs.py
[2025-02-01T14:59:00.854+0000] {logging_mixin.py:190} INFO - [2025-02-01T14:59:00.854+0000] {dag.py:3239} INFO - Sync 2 DAGs
[2025-02-01T14:59:00.861+0000] {logging_mixin.py:190} INFO - [2025-02-01T14:59:00.861+0000] {dag.py:4180} INFO - Setting next_dagrun for example_xcom_args to None, run_after=None
[2025-02-01T14:59:00.863+0000] {logging_mixin.py:190} INFO - [2025-02-01T14:59:00.863+0000] {dag.py:4180} INFO - Setting next_dagrun for example_xcom_args_with_operators to None, run_after=None
[2025-02-01T14:59:00.870+0000] {processor.py:208} INFO - Processing /home/airflow/.local/lib/python3.12/site-packages/airflow/example_dags/example_xcomargs.py took 0.040 seconds
[2025-02-01T14:59:31.861+0000] {processor.py:186} INFO - Started process (PID=1851) to work on /home/airflow/.local/lib/python3.12/site-packages/airflow/example_dags/example_xcomargs.py
[2025-02-01T14:59:31.864+0000] {processor.py:914} INFO - Processing file /home/airflow/.local/lib/python3.12/site-packages/airflow/example_dags/example_xcomargs.py for tasks to queue
[2025-02-01T14:59:31.866+0000] {logging_mixin.py:190} INFO - [2025-02-01T14:59:31.865+0000] {dagbag.py:588} INFO - Filling up the DagBag from /home/airflow/.local/lib/python3.12/site-packages/airflow/example_dags/example_xcomargs.py
[2025-02-01T14:59:31.871+0000] {processor.py:925} INFO - DAG(s) 'example_xcom_args_with_operators', 'example_xcom_args' retrieved from /home/airflow/.local/lib/python3.12/site-packages/airflow/example_dags/example_xcomargs.py
[2025-02-01T14:59:31.885+0000] {logging_mixin.py:190} INFO - [2025-02-01T14:59:31.885+0000] {dag.py:3239} INFO - Sync 2 DAGs
[2025-02-01T14:59:31.892+0000] {logging_mixin.py:190} INFO - [2025-02-01T14:59:31.892+0000] {dag.py:4180} INFO - Setting next_dagrun for example_xcom_args to None, run_after=None
[2025-02-01T14:59:31.895+0000] {logging_mixin.py:190} INFO - [2025-02-01T14:59:31.895+0000] {dag.py:4180} INFO - Setting next_dagrun for example_xcom_args_with_operators to None, run_after=None
[2025-02-01T14:59:31.907+0000] {processor.py:208} INFO - Processing /home/airflow/.local/lib/python3.12/site-packages/airflow/example_dags/example_xcomargs.py took 0.049 seconds
[2025-02-01T15:00:02.113+0000] {processor.py:186} INFO - Started process (PID=1917) to work on /home/airflow/.local/lib/python3.12/site-packages/airflow/example_dags/example_xcomargs.py
[2025-02-01T15:00:02.114+0000] {processor.py:914} INFO - Processing file /home/airflow/.local/lib/python3.12/site-packages/airflow/example_dags/example_xcomargs.py for tasks to queue
[2025-02-01T15:00:02.115+0000] {logging_mixin.py:190} INFO - [2025-02-01T15:00:02.115+0000] {dagbag.py:588} INFO - Filling up the DagBag from /home/airflow/.local/lib/python3.12/site-packages/airflow/example_dags/example_xcomargs.py
[2025-02-01T15:00:02.122+0000] {processor.py:925} INFO - DAG(s) 'example_xcom_args', 'example_xcom_args_with_operators' retrieved from /home/airflow/.local/lib/python3.12/site-packages/airflow/example_dags/example_xcomargs.py
[2025-02-01T15:00:02.133+0000] {logging_mixin.py:190} INFO - [2025-02-01T15:00:02.133+0000] {dag.py:3239} INFO - Sync 2 DAGs
[2025-02-01T15:00:02.147+0000] {logging_mixin.py:190} INFO - [2025-02-01T15:00:02.147+0000] {dag.py:4180} INFO - Setting next_dagrun for example_xcom_args to None, run_after=None
[2025-02-01T15:00:02.152+0000] {logging_mixin.py:190} INFO - [2025-02-01T15:00:02.152+0000] {dag.py:4180} INFO - Setting next_dagrun for example_xcom_args_with_operators to None, run_after=None
[2025-02-01T15:00:02.160+0000] {processor.py:208} INFO - Processing /home/airflow/.local/lib/python3.12/site-packages/airflow/example_dags/example_xcomargs.py took 0.051 seconds
[2025-02-01T15:00:32.371+0000] {processor.py:186} INFO - Started process (PID=1983) to work on /home/airflow/.local/lib/python3.12/site-packages/airflow/example_dags/example_xcomargs.py
[2025-02-01T15:00:32.371+0000] {processor.py:914} INFO - Processing file /home/airflow/.local/lib/python3.12/site-packages/airflow/example_dags/example_xcomargs.py for tasks to queue
[2025-02-01T15:00:32.373+0000] {logging_mixin.py:190} INFO - [2025-02-01T15:00:32.373+0000] {dagbag.py:588} INFO - Filling up the DagBag from /home/airflow/.local/lib/python3.12/site-packages/airflow/example_dags/example_xcomargs.py
[2025-02-01T15:00:32.380+0000] {processor.py:925} INFO - DAG(s) 'example_xcom_args_with_operators', 'example_xcom_args' retrieved from /home/airflow/.local/lib/python3.12/site-packages/airflow/example_dags/example_xcomargs.py
[2025-02-01T15:00:32.398+0000] {logging_mixin.py:190} INFO - [2025-02-01T15:00:32.398+0000] {dag.py:3239} INFO - Sync 2 DAGs
[2025-02-01T15:00:32.407+0000] {logging_mixin.py:190} INFO - [2025-02-01T15:00:32.406+0000] {dag.py:4180} INFO - Setting next_dagrun for example_xcom_args to None, run_after=None
[2025-02-01T15:00:32.409+0000] {logging_mixin.py:190} INFO - [2025-02-01T15:00:32.409+0000] {dag.py:4180} INFO - Setting next_dagrun for example_xcom_args_with_operators to None, run_after=None
[2025-02-01T15:00:32.423+0000] {processor.py:208} INFO - Processing /home/airflow/.local/lib/python3.12/site-packages/airflow/example_dags/example_xcomargs.py took 0.056 seconds
[2025-02-01T15:01:02.718+0000] {processor.py:186} INFO - Started process (PID=2049) to work on /home/airflow/.local/lib/python3.12/site-packages/airflow/example_dags/example_xcomargs.py
[2025-02-01T15:01:02.719+0000] {processor.py:914} INFO - Processing file /home/airflow/.local/lib/python3.12/site-packages/airflow/example_dags/example_xcomargs.py for tasks to queue
[2025-02-01T15:01:02.721+0000] {logging_mixin.py:190} INFO - [2025-02-01T15:01:02.721+0000] {dagbag.py:588} INFO - Filling up the DagBag from /home/airflow/.local/lib/python3.12/site-packages/airflow/example_dags/example_xcomargs.py
[2025-02-01T15:01:02.725+0000] {processor.py:925} INFO - DAG(s) 'example_xcom_args_with_operators', 'example_xcom_args' retrieved from /home/airflow/.local/lib/python3.12/site-packages/airflow/example_dags/example_xcomargs.py
[2025-02-01T15:01:02.740+0000] {logging_mixin.py:190} INFO - [2025-02-01T15:01:02.740+0000] {dag.py:3239} INFO - Sync 2 DAGs
[2025-02-01T15:01:02.747+0000] {logging_mixin.py:190} INFO - [2025-02-01T15:01:02.747+0000] {dag.py:4180} INFO - Setting next_dagrun for example_xcom_args to None, run_after=None
[2025-02-01T15:01:02.750+0000] {logging_mixin.py:190} INFO - [2025-02-01T15:01:02.750+0000] {dag.py:4180} INFO - Setting next_dagrun for example_xcom_args_with_operators to None, run_after=None
[2025-02-01T15:01:02.762+0000] {processor.py:208} INFO - Processing /home/airflow/.local/lib/python3.12/site-packages/airflow/example_dags/example_xcomargs.py took 0.047 seconds
[2025-02-01T15:01:33.231+0000] {processor.py:186} INFO - Started process (PID=2115) to work on /home/airflow/.local/lib/python3.12/site-packages/airflow/example_dags/example_xcomargs.py
[2025-02-01T15:01:33.232+0000] {processor.py:914} INFO - Processing file /home/airflow/.local/lib/python3.12/site-packages/airflow/example_dags/example_xcomargs.py for tasks to queue
[2025-02-01T15:01:33.234+0000] {logging_mixin.py:190} INFO - [2025-02-01T15:01:33.234+0000] {dagbag.py:588} INFO - Filling up the DagBag from /home/airflow/.local/lib/python3.12/site-packages/airflow/example_dags/example_xcomargs.py
[2025-02-01T15:01:33.242+0000] {processor.py:925} INFO - DAG(s) 'example_xcom_args_with_operators', 'example_xcom_args' retrieved from /home/airflow/.local/lib/python3.12/site-packages/airflow/example_dags/example_xcomargs.py
[2025-02-01T15:01:33.260+0000] {logging_mixin.py:190} INFO - [2025-02-01T15:01:33.260+0000] {dag.py:3239} INFO - Sync 2 DAGs
[2025-02-01T15:01:33.272+0000] {logging_mixin.py:190} INFO - [2025-02-01T15:01:33.272+0000] {dag.py:4180} INFO - Setting next_dagrun for example_xcom_args to None, run_after=None
[2025-02-01T15:01:33.275+0000] {logging_mixin.py:190} INFO - [2025-02-01T15:01:33.275+0000] {dag.py:4180} INFO - Setting next_dagrun for example_xcom_args_with_operators to None, run_after=None
[2025-02-01T15:01:33.284+0000] {processor.py:208} INFO - Processing /home/airflow/.local/lib/python3.12/site-packages/airflow/example_dags/example_xcomargs.py took 0.056 seconds
[2025-02-01T15:02:03.593+0000] {processor.py:186} INFO - Started process (PID=2181) to work on /home/airflow/.local/lib/python3.12/site-packages/airflow/example_dags/example_xcomargs.py
[2025-02-01T15:02:03.595+0000] {processor.py:914} INFO - Processing file /home/airflow/.local/lib/python3.12/site-packages/airflow/example_dags/example_xcomargs.py for tasks to queue
[2025-02-01T15:02:03.597+0000] {logging_mixin.py:190} INFO - [2025-02-01T15:02:03.597+0000] {dagbag.py:588} INFO - Filling up the DagBag from /home/airflow/.local/lib/python3.12/site-packages/airflow/example_dags/example_xcomargs.py
[2025-02-01T15:02:03.611+0000] {processor.py:925} INFO - DAG(s) 'example_xcom_args', 'example_xcom_args_with_operators' retrieved from /home/airflow/.local/lib/python3.12/site-packages/airflow/example_dags/example_xcomargs.py
[2025-02-01T15:02:03.640+0000] {logging_mixin.py:190} INFO - [2025-02-01T15:02:03.640+0000] {dag.py:3239} INFO - Sync 2 DAGs
[2025-02-01T15:02:03.661+0000] {logging_mixin.py:190} INFO - [2025-02-01T15:02:03.660+0000] {dag.py:4180} INFO - Setting next_dagrun for example_xcom_args to None, run_after=None
[2025-02-01T15:02:03.668+0000] {logging_mixin.py:190} INFO - [2025-02-01T15:02:03.668+0000] {dag.py:4180} INFO - Setting next_dagrun for example_xcom_args_with_operators to None, run_after=None
[2025-02-01T15:02:03.700+0000] {processor.py:208} INFO - Processing /home/airflow/.local/lib/python3.12/site-packages/airflow/example_dags/example_xcomargs.py took 0.111 seconds
[2025-02-01T15:02:33.809+0000] {processor.py:186} INFO - Started process (PID=2247) to work on /home/airflow/.local/lib/python3.12/site-packages/airflow/example_dags/example_xcomargs.py
[2025-02-01T15:02:33.811+0000] {processor.py:914} INFO - Processing file /home/airflow/.local/lib/python3.12/site-packages/airflow/example_dags/example_xcomargs.py for tasks to queue
[2025-02-01T15:02:33.813+0000] {logging_mixin.py:190} INFO - [2025-02-01T15:02:33.813+0000] {dagbag.py:588} INFO - Filling up the DagBag from /home/airflow/.local/lib/python3.12/site-packages/airflow/example_dags/example_xcomargs.py
[2025-02-01T15:02:33.823+0000] {processor.py:925} INFO - DAG(s) 'example_xcom_args_with_operators', 'example_xcom_args' retrieved from /home/airflow/.local/lib/python3.12/site-packages/airflow/example_dags/example_xcomargs.py
[2025-02-01T15:02:33.838+0000] {logging_mixin.py:190} INFO - [2025-02-01T15:02:33.838+0000] {dag.py:3239} INFO - Sync 2 DAGs
[2025-02-01T15:02:33.845+0000] {logging_mixin.py:190} INFO - [2025-02-01T15:02:33.845+0000] {dag.py:4180} INFO - Setting next_dagrun for example_xcom_args to None, run_after=None
[2025-02-01T15:02:33.851+0000] {logging_mixin.py:190} INFO - [2025-02-01T15:02:33.851+0000] {dag.py:4180} INFO - Setting next_dagrun for example_xcom_args_with_operators to None, run_after=None
[2025-02-01T15:02:33.863+0000] {processor.py:208} INFO - Processing /home/airflow/.local/lib/python3.12/site-packages/airflow/example_dags/example_xcomargs.py took 0.059 seconds
[2025-02-01T15:03:04.107+0000] {processor.py:186} INFO - Started process (PID=2313) to work on /home/airflow/.local/lib/python3.12/site-packages/airflow/example_dags/example_xcomargs.py
[2025-02-01T15:03:04.108+0000] {processor.py:914} INFO - Processing file /home/airflow/.local/lib/python3.12/site-packages/airflow/example_dags/example_xcomargs.py for tasks to queue
[2025-02-01T15:03:04.110+0000] {logging_mixin.py:190} INFO - [2025-02-01T15:03:04.110+0000] {dagbag.py:588} INFO - Filling up the DagBag from /home/airflow/.local/lib/python3.12/site-packages/airflow/example_dags/example_xcomargs.py
[2025-02-01T15:03:04.115+0000] {processor.py:925} INFO - DAG(s) 'example_xcom_args_with_operators', 'example_xcom_args' retrieved from /home/airflow/.local/lib/python3.12/site-packages/airflow/example_dags/example_xcomargs.py
[2025-02-01T15:03:04.131+0000] {logging_mixin.py:190} INFO - [2025-02-01T15:03:04.130+0000] {dag.py:3239} INFO - Sync 2 DAGs
[2025-02-01T15:03:04.139+0000] {logging_mixin.py:190} INFO - [2025-02-01T15:03:04.138+0000] {dag.py:4180} INFO - Setting next_dagrun for example_xcom_args to None, run_after=None
[2025-02-01T15:03:04.140+0000] {logging_mixin.py:190} INFO - [2025-02-01T15:03:04.140+0000] {dag.py:4180} INFO - Setting next_dagrun for example_xcom_args_with_operators to None, run_after=None
[2025-02-01T15:03:04.146+0000] {processor.py:208} INFO - Processing /home/airflow/.local/lib/python3.12/site-packages/airflow/example_dags/example_xcomargs.py took 0.042 seconds
[2025-02-01T15:03:34.231+0000] {processor.py:186} INFO - Started process (PID=2379) to work on /home/airflow/.local/lib/python3.12/site-packages/airflow/example_dags/example_xcomargs.py
[2025-02-01T15:03:34.231+0000] {processor.py:914} INFO - Processing file /home/airflow/.local/lib/python3.12/site-packages/airflow/example_dags/example_xcomargs.py for tasks to queue
[2025-02-01T15:03:34.233+0000] {logging_mixin.py:190} INFO - [2025-02-01T15:03:34.232+0000] {dagbag.py:588} INFO - Filling up the DagBag from /home/airflow/.local/lib/python3.12/site-packages/airflow/example_dags/example_xcomargs.py
[2025-02-01T15:03:34.240+0000] {processor.py:925} INFO - DAG(s) 'example_xcom_args', 'example_xcom_args_with_operators' retrieved from /home/airflow/.local/lib/python3.12/site-packages/airflow/example_dags/example_xcomargs.py
[2025-02-01T15:03:34.254+0000] {logging_mixin.py:190} INFO - [2025-02-01T15:03:34.254+0000] {dag.py:3239} INFO - Sync 2 DAGs
[2025-02-01T15:03:34.260+0000] {logging_mixin.py:190} INFO - [2025-02-01T15:03:34.260+0000] {dag.py:4180} INFO - Setting next_dagrun for example_xcom_args to None, run_after=None
[2025-02-01T15:03:34.264+0000] {logging_mixin.py:190} INFO - [2025-02-01T15:03:34.264+0000] {dag.py:4180} INFO - Setting next_dagrun for example_xcom_args_with_operators to None, run_after=None
[2025-02-01T15:03:34.272+0000] {processor.py:208} INFO - Processing /home/airflow/.local/lib/python3.12/site-packages/airflow/example_dags/example_xcomargs.py took 0.045 seconds
[2025-02-01T15:04:05.439+0000] {processor.py:186} INFO - Started process (PID=2446) to work on /home/airflow/.local/lib/python3.12/site-packages/airflow/example_dags/example_xcomargs.py
[2025-02-01T15:04:05.440+0000] {processor.py:914} INFO - Processing file /home/airflow/.local/lib/python3.12/site-packages/airflow/example_dags/example_xcomargs.py for tasks to queue
[2025-02-01T15:04:05.443+0000] {logging_mixin.py:190} INFO - [2025-02-01T15:04:05.442+0000] {dagbag.py:588} INFO - Filling up the DagBag from /home/airflow/.local/lib/python3.12/site-packages/airflow/example_dags/example_xcomargs.py
[2025-02-01T15:04:05.453+0000] {processor.py:925} INFO - DAG(s) 'example_xcom_args_with_operators', 'example_xcom_args' retrieved from /home/airflow/.local/lib/python3.12/site-packages/airflow/example_dags/example_xcomargs.py
[2025-02-01T15:04:05.527+0000] {logging_mixin.py:190} INFO - [2025-02-01T15:04:05.526+0000] {dag.py:3239} INFO - Sync 2 DAGs
[2025-02-01T15:04:05.544+0000] {logging_mixin.py:190} INFO - [2025-02-01T15:04:05.544+0000] {dag.py:4180} INFO - Setting next_dagrun for example_xcom_args to None, run_after=None
[2025-02-01T15:04:05.547+0000] {logging_mixin.py:190} INFO - [2025-02-01T15:04:05.547+0000] {dag.py:4180} INFO - Setting next_dagrun for example_xcom_args_with_operators to None, run_after=None
[2025-02-01T15:04:05.560+0000] {processor.py:208} INFO - Processing /home/airflow/.local/lib/python3.12/site-packages/airflow/example_dags/example_xcomargs.py took 0.127 seconds
[2025-02-01T15:04:35.672+0000] {processor.py:186} INFO - Started process (PID=2512) to work on /home/airflow/.local/lib/python3.12/site-packages/airflow/example_dags/example_xcomargs.py
[2025-02-01T15:04:35.673+0000] {processor.py:914} INFO - Processing file /home/airflow/.local/lib/python3.12/site-packages/airflow/example_dags/example_xcomargs.py for tasks to queue
[2025-02-01T15:04:35.677+0000] {logging_mixin.py:190} INFO - [2025-02-01T15:04:35.677+0000] {dagbag.py:588} INFO - Filling up the DagBag from /home/airflow/.local/lib/python3.12/site-packages/airflow/example_dags/example_xcomargs.py
[2025-02-01T15:04:35.683+0000] {processor.py:925} INFO - DAG(s) 'example_xcom_args', 'example_xcom_args_with_operators' retrieved from /home/airflow/.local/lib/python3.12/site-packages/airflow/example_dags/example_xcomargs.py
[2025-02-01T15:04:35.701+0000] {logging_mixin.py:190} INFO - [2025-02-01T15:04:35.700+0000] {dag.py:3239} INFO - Sync 2 DAGs
[2025-02-01T15:04:35.709+0000] {logging_mixin.py:190} INFO - [2025-02-01T15:04:35.708+0000] {dag.py:4180} INFO - Setting next_dagrun for example_xcom_args to None, run_after=None
[2025-02-01T15:04:35.710+0000] {logging_mixin.py:190} INFO - [2025-02-01T15:04:35.710+0000] {dag.py:4180} INFO - Setting next_dagrun for example_xcom_args_with_operators to None, run_after=None
[2025-02-01T15:04:35.725+0000] {processor.py:208} INFO - Processing /home/airflow/.local/lib/python3.12/site-packages/airflow/example_dags/example_xcomargs.py took 0.058 seconds
[2025-02-01T15:05:05.869+0000] {processor.py:186} INFO - Started process (PID=2578) to work on /home/airflow/.local/lib/python3.12/site-packages/airflow/example_dags/example_xcomargs.py
[2025-02-01T15:05:05.871+0000] {processor.py:914} INFO - Processing file /home/airflow/.local/lib/python3.12/site-packages/airflow/example_dags/example_xcomargs.py for tasks to queue
[2025-02-01T15:05:05.872+0000] {logging_mixin.py:190} INFO - [2025-02-01T15:05:05.872+0000] {dagbag.py:588} INFO - Filling up the DagBag from /home/airflow/.local/lib/python3.12/site-packages/airflow/example_dags/example_xcomargs.py
[2025-02-01T15:05:05.877+0000] {processor.py:925} INFO - DAG(s) 'example_xcom_args', 'example_xcom_args_with_operators' retrieved from /home/airflow/.local/lib/python3.12/site-packages/airflow/example_dags/example_xcomargs.py
[2025-02-01T15:05:05.888+0000] {logging_mixin.py:190} INFO - [2025-02-01T15:05:05.887+0000] {dag.py:3239} INFO - Sync 2 DAGs
[2025-02-01T15:05:05.894+0000] {logging_mixin.py:190} INFO - [2025-02-01T15:05:05.894+0000] {dag.py:4180} INFO - Setting next_dagrun for example_xcom_args to None, run_after=None
[2025-02-01T15:05:05.897+0000] {logging_mixin.py:190} INFO - [2025-02-01T15:05:05.897+0000] {dag.py:4180} INFO - Setting next_dagrun for example_xcom_args_with_operators to None, run_after=None
[2025-02-01T15:05:05.905+0000] {processor.py:208} INFO - Processing /home/airflow/.local/lib/python3.12/site-packages/airflow/example_dags/example_xcomargs.py took 0.038 seconds
[2025-02-01T15:05:36.575+0000] {processor.py:186} INFO - Started process (PID=2644) to work on /home/airflow/.local/lib/python3.12/site-packages/airflow/example_dags/example_xcomargs.py
[2025-02-01T15:05:36.576+0000] {processor.py:914} INFO - Processing file /home/airflow/.local/lib/python3.12/site-packages/airflow/example_dags/example_xcomargs.py for tasks to queue
[2025-02-01T15:05:36.577+0000] {logging_mixin.py:190} INFO - [2025-02-01T15:05:36.577+0000] {dagbag.py:588} INFO - Filling up the DagBag from /home/airflow/.local/lib/python3.12/site-packages/airflow/example_dags/example_xcomargs.py
[2025-02-01T15:05:36.581+0000] {processor.py:925} INFO - DAG(s) 'example_xcom_args_with_operators', 'example_xcom_args' retrieved from /home/airflow/.local/lib/python3.12/site-packages/airflow/example_dags/example_xcomargs.py
[2025-02-01T15:05:36.591+0000] {logging_mixin.py:190} INFO - [2025-02-01T15:05:36.591+0000] {dag.py:3239} INFO - Sync 2 DAGs
[2025-02-01T15:05:36.597+0000] {logging_mixin.py:190} INFO - [2025-02-01T15:05:36.597+0000] {dag.py:4180} INFO - Setting next_dagrun for example_xcom_args to None, run_after=None
[2025-02-01T15:05:36.599+0000] {logging_mixin.py:190} INFO - [2025-02-01T15:05:36.599+0000] {dag.py:4180} INFO - Setting next_dagrun for example_xcom_args_with_operators to None, run_after=None
[2025-02-01T15:05:36.606+0000] {processor.py:208} INFO - Processing /home/airflow/.local/lib/python3.12/site-packages/airflow/example_dags/example_xcomargs.py took 0.034 seconds
[2025-02-01T15:06:07.394+0000] {processor.py:186} INFO - Started process (PID=2710) to work on /home/airflow/.local/lib/python3.12/site-packages/airflow/example_dags/example_xcomargs.py
[2025-02-01T15:06:07.395+0000] {processor.py:914} INFO - Processing file /home/airflow/.local/lib/python3.12/site-packages/airflow/example_dags/example_xcomargs.py for tasks to queue
[2025-02-01T15:06:07.396+0000] {logging_mixin.py:190} INFO - [2025-02-01T15:06:07.396+0000] {dagbag.py:588} INFO - Filling up the DagBag from /home/airflow/.local/lib/python3.12/site-packages/airflow/example_dags/example_xcomargs.py
[2025-02-01T15:06:07.402+0000] {processor.py:925} INFO - DAG(s) 'example_xcom_args_with_operators', 'example_xcom_args' retrieved from /home/airflow/.local/lib/python3.12/site-packages/airflow/example_dags/example_xcomargs.py
[2025-02-01T15:06:07.417+0000] {logging_mixin.py:190} INFO - [2025-02-01T15:06:07.417+0000] {dag.py:3239} INFO - Sync 2 DAGs
[2025-02-01T15:06:07.425+0000] {logging_mixin.py:190} INFO - [2025-02-01T15:06:07.425+0000] {dag.py:4180} INFO - Setting next_dagrun for example_xcom_args to None, run_after=None
[2025-02-01T15:06:07.428+0000] {logging_mixin.py:190} INFO - [2025-02-01T15:06:07.428+0000] {dag.py:4180} INFO - Setting next_dagrun for example_xcom_args_with_operators to None, run_after=None
[2025-02-01T15:06:07.438+0000] {processor.py:208} INFO - Processing /home/airflow/.local/lib/python3.12/site-packages/airflow/example_dags/example_xcomargs.py took 0.048 seconds
