[2025-02-01T13:35:17.065+0000] {processor.py:186} INFO - Started process (PID=102) to work on /home/airflow/.local/lib/python3.12/site-packages/airflow/example_dags/example_display_name.py
[2025-02-01T13:35:17.066+0000] {processor.py:914} INFO - Processing file /home/airflow/.local/lib/python3.12/site-packages/airflow/example_dags/example_display_name.py for tasks to queue
[2025-02-01T13:35:17.068+0000] {logging_mixin.py:190} INFO - [2025-02-01T13:35:17.068+0000] {dagbag.py:588} INFO - Filling up the DagBag from /home/airflow/.local/lib/python3.12/site-packages/airflow/example_dags/example_display_name.py
[2025-02-01T13:35:17.073+0000] {processor.py:925} INFO - DAG(s) 'example_display_name' retrieved from /home/airflow/.local/lib/python3.12/site-packages/airflow/example_dags/example_display_name.py
[2025-02-01T13:35:17.106+0000] {logging_mixin.py:190} INFO - [2025-02-01T13:35:17.106+0000] {dag.py:3239} INFO - Sync 1 DAGs
[2025-02-01T13:35:17.122+0000] {logging_mixin.py:190} INFO - [2025-02-01T13:35:17.122+0000] {dag.py:4180} INFO - Setting next_dagrun for example_display_name to None, run_after=None
[2025-02-01T13:35:17.148+0000] {processor.py:208} INFO - Processing /home/airflow/.local/lib/python3.12/site-packages/airflow/example_dags/example_display_name.py took 0.087 seconds
[2025-02-01T13:35:47.491+0000] {processor.py:186} INFO - Started process (PID=168) to work on /home/airflow/.local/lib/python3.12/site-packages/airflow/example_dags/example_display_name.py
[2025-02-01T13:35:47.491+0000] {processor.py:914} INFO - Processing file /home/airflow/.local/lib/python3.12/site-packages/airflow/example_dags/example_display_name.py for tasks to queue
[2025-02-01T13:35:47.493+0000] {logging_mixin.py:190} INFO - [2025-02-01T13:35:47.493+0000] {dagbag.py:588} INFO - Filling up the DagBag from /home/airflow/.local/lib/python3.12/site-packages/airflow/example_dags/example_display_name.py
[2025-02-01T13:35:47.499+0000] {processor.py:925} INFO - DAG(s) 'example_display_name' retrieved from /home/airflow/.local/lib/python3.12/site-packages/airflow/example_dags/example_display_name.py
[2025-02-01T13:35:47.518+0000] {logging_mixin.py:190} INFO - [2025-02-01T13:35:47.518+0000] {dag.py:3239} INFO - Sync 1 DAGs
[2025-02-01T13:35:47.527+0000] {logging_mixin.py:190} INFO - [2025-02-01T13:35:47.527+0000] {dag.py:4180} INFO - Setting next_dagrun for example_display_name to None, run_after=None
[2025-02-01T13:35:47.542+0000] {processor.py:208} INFO - Processing /home/airflow/.local/lib/python3.12/site-packages/airflow/example_dags/example_display_name.py took 0.056 seconds
[2025-02-01T13:36:18.328+0000] {processor.py:186} INFO - Started process (PID=234) to work on /home/airflow/.local/lib/python3.12/site-packages/airflow/example_dags/example_display_name.py
[2025-02-01T13:36:18.329+0000] {processor.py:914} INFO - Processing file /home/airflow/.local/lib/python3.12/site-packages/airflow/example_dags/example_display_name.py for tasks to queue
[2025-02-01T13:36:18.330+0000] {logging_mixin.py:190} INFO - [2025-02-01T13:36:18.330+0000] {dagbag.py:588} INFO - Filling up the DagBag from /home/airflow/.local/lib/python3.12/site-packages/airflow/example_dags/example_display_name.py
[2025-02-01T13:36:18.334+0000] {processor.py:925} INFO - DAG(s) 'example_display_name' retrieved from /home/airflow/.local/lib/python3.12/site-packages/airflow/example_dags/example_display_name.py
[2025-02-01T13:36:18.343+0000] {logging_mixin.py:190} INFO - [2025-02-01T13:36:18.342+0000] {dag.py:3239} INFO - Sync 1 DAGs
[2025-02-01T13:36:18.350+0000] {logging_mixin.py:190} INFO - [2025-02-01T13:36:18.350+0000] {dag.py:4180} INFO - Setting next_dagrun for example_display_name to None, run_after=None
[2025-02-01T13:36:18.360+0000] {processor.py:208} INFO - Processing /home/airflow/.local/lib/python3.12/site-packages/airflow/example_dags/example_display_name.py took 0.035 seconds
[2025-02-01T13:36:49.223+0000] {processor.py:186} INFO - Started process (PID=300) to work on /home/airflow/.local/lib/python3.12/site-packages/airflow/example_dags/example_display_name.py
[2025-02-01T13:36:49.224+0000] {processor.py:914} INFO - Processing file /home/airflow/.local/lib/python3.12/site-packages/airflow/example_dags/example_display_name.py for tasks to queue
[2025-02-01T13:36:49.228+0000] {logging_mixin.py:190} INFO - [2025-02-01T13:36:49.227+0000] {dagbag.py:588} INFO - Filling up the DagBag from /home/airflow/.local/lib/python3.12/site-packages/airflow/example_dags/example_display_name.py
[2025-02-01T13:36:49.233+0000] {processor.py:925} INFO - DAG(s) 'example_display_name' retrieved from /home/airflow/.local/lib/python3.12/site-packages/airflow/example_dags/example_display_name.py
[2025-02-01T13:36:49.255+0000] {logging_mixin.py:190} INFO - [2025-02-01T13:36:49.255+0000] {dag.py:3239} INFO - Sync 1 DAGs
[2025-02-01T13:36:49.271+0000] {logging_mixin.py:190} INFO - [2025-02-01T13:36:49.271+0000] {dag.py:4180} INFO - Setting next_dagrun for example_display_name to None, run_after=None
[2025-02-01T13:36:49.297+0000] {processor.py:208} INFO - Processing /home/airflow/.local/lib/python3.12/site-packages/airflow/example_dags/example_display_name.py took 0.076 seconds
[2025-02-01T13:37:19.926+0000] {processor.py:186} INFO - Started process (PID=366) to work on /home/airflow/.local/lib/python3.12/site-packages/airflow/example_dags/example_display_name.py
[2025-02-01T13:37:19.927+0000] {processor.py:914} INFO - Processing file /home/airflow/.local/lib/python3.12/site-packages/airflow/example_dags/example_display_name.py for tasks to queue
[2025-02-01T13:37:19.929+0000] {logging_mixin.py:190} INFO - [2025-02-01T13:37:19.929+0000] {dagbag.py:588} INFO - Filling up the DagBag from /home/airflow/.local/lib/python3.12/site-packages/airflow/example_dags/example_display_name.py
[2025-02-01T13:37:19.934+0000] {processor.py:925} INFO - DAG(s) 'example_display_name' retrieved from /home/airflow/.local/lib/python3.12/site-packages/airflow/example_dags/example_display_name.py
[2025-02-01T13:37:19.948+0000] {logging_mixin.py:190} INFO - [2025-02-01T13:37:19.948+0000] {dag.py:3239} INFO - Sync 1 DAGs
[2025-02-01T13:37:19.960+0000] {logging_mixin.py:190} INFO - [2025-02-01T13:37:19.960+0000] {dag.py:4180} INFO - Setting next_dagrun for example_display_name to None, run_after=None
[2025-02-01T13:37:19.980+0000] {processor.py:208} INFO - Processing /home/airflow/.local/lib/python3.12/site-packages/airflow/example_dags/example_display_name.py took 0.059 seconds
[2025-02-01T13:37:50.503+0000] {processor.py:186} INFO - Started process (PID=432) to work on /home/airflow/.local/lib/python3.12/site-packages/airflow/example_dags/example_display_name.py
[2025-02-01T13:37:50.505+0000] {processor.py:914} INFO - Processing file /home/airflow/.local/lib/python3.12/site-packages/airflow/example_dags/example_display_name.py for tasks to queue
[2025-02-01T13:37:50.507+0000] {logging_mixin.py:190} INFO - [2025-02-01T13:37:50.507+0000] {dagbag.py:588} INFO - Filling up the DagBag from /home/airflow/.local/lib/python3.12/site-packages/airflow/example_dags/example_display_name.py
[2025-02-01T13:37:50.513+0000] {processor.py:925} INFO - DAG(s) 'example_display_name' retrieved from /home/airflow/.local/lib/python3.12/site-packages/airflow/example_dags/example_display_name.py
[2025-02-01T13:37:50.530+0000] {logging_mixin.py:190} INFO - [2025-02-01T13:37:50.530+0000] {dag.py:3239} INFO - Sync 1 DAGs
[2025-02-01T13:37:50.543+0000] {logging_mixin.py:190} INFO - [2025-02-01T13:37:50.543+0000] {dag.py:4180} INFO - Setting next_dagrun for example_display_name to None, run_after=None
[2025-02-01T13:37:50.559+0000] {processor.py:208} INFO - Processing /home/airflow/.local/lib/python3.12/site-packages/airflow/example_dags/example_display_name.py took 0.061 seconds
[2025-02-01T13:38:20.990+0000] {processor.py:186} INFO - Started process (PID=498) to work on /home/airflow/.local/lib/python3.12/site-packages/airflow/example_dags/example_display_name.py
[2025-02-01T13:38:20.990+0000] {processor.py:914} INFO - Processing file /home/airflow/.local/lib/python3.12/site-packages/airflow/example_dags/example_display_name.py for tasks to queue
[2025-02-01T13:38:20.993+0000] {logging_mixin.py:190} INFO - [2025-02-01T13:38:20.992+0000] {dagbag.py:588} INFO - Filling up the DagBag from /home/airflow/.local/lib/python3.12/site-packages/airflow/example_dags/example_display_name.py
[2025-02-01T13:38:20.996+0000] {processor.py:925} INFO - DAG(s) 'example_display_name' retrieved from /home/airflow/.local/lib/python3.12/site-packages/airflow/example_dags/example_display_name.py
[2025-02-01T13:38:21.012+0000] {logging_mixin.py:190} INFO - [2025-02-01T13:38:21.012+0000] {dag.py:3239} INFO - Sync 1 DAGs
[2025-02-01T13:38:21.018+0000] {logging_mixin.py:190} INFO - [2025-02-01T13:38:21.018+0000] {dag.py:4180} INFO - Setting next_dagrun for example_display_name to None, run_after=None
[2025-02-01T13:38:21.027+0000] {processor.py:208} INFO - Processing /home/airflow/.local/lib/python3.12/site-packages/airflow/example_dags/example_display_name.py took 0.041 seconds
[2025-02-01T13:38:51.810+0000] {processor.py:186} INFO - Started process (PID=564) to work on /home/airflow/.local/lib/python3.12/site-packages/airflow/example_dags/example_display_name.py
[2025-02-01T13:38:51.811+0000] {processor.py:914} INFO - Processing file /home/airflow/.local/lib/python3.12/site-packages/airflow/example_dags/example_display_name.py for tasks to queue
[2025-02-01T13:38:51.812+0000] {logging_mixin.py:190} INFO - [2025-02-01T13:38:51.812+0000] {dagbag.py:588} INFO - Filling up the DagBag from /home/airflow/.local/lib/python3.12/site-packages/airflow/example_dags/example_display_name.py
[2025-02-01T13:38:51.818+0000] {processor.py:925} INFO - DAG(s) 'example_display_name' retrieved from /home/airflow/.local/lib/python3.12/site-packages/airflow/example_dags/example_display_name.py
[2025-02-01T13:38:51.829+0000] {logging_mixin.py:190} INFO - [2025-02-01T13:38:51.829+0000] {dag.py:3239} INFO - Sync 1 DAGs
[2025-02-01T13:38:51.835+0000] {logging_mixin.py:190} INFO - [2025-02-01T13:38:51.835+0000] {dag.py:4180} INFO - Setting next_dagrun for example_display_name to None, run_after=None
[2025-02-01T13:38:51.842+0000] {processor.py:208} INFO - Processing /home/airflow/.local/lib/python3.12/site-packages/airflow/example_dags/example_display_name.py took 0.034 seconds
[2025-02-01T13:39:23.102+0000] {processor.py:186} INFO - Started process (PID=630) to work on /home/airflow/.local/lib/python3.12/site-packages/airflow/example_dags/example_display_name.py
[2025-02-01T13:39:23.104+0000] {processor.py:914} INFO - Processing file /home/airflow/.local/lib/python3.12/site-packages/airflow/example_dags/example_display_name.py for tasks to queue
[2025-02-01T13:39:23.106+0000] {logging_mixin.py:190} INFO - [2025-02-01T13:39:23.106+0000] {dagbag.py:588} INFO - Filling up the DagBag from /home/airflow/.local/lib/python3.12/site-packages/airflow/example_dags/example_display_name.py
[2025-02-01T13:39:23.113+0000] {processor.py:925} INFO - DAG(s) 'example_display_name' retrieved from /home/airflow/.local/lib/python3.12/site-packages/airflow/example_dags/example_display_name.py
[2025-02-01T13:39:23.138+0000] {logging_mixin.py:190} INFO - [2025-02-01T13:39:23.138+0000] {dag.py:3239} INFO - Sync 1 DAGs
[2025-02-01T13:39:23.151+0000] {logging_mixin.py:190} INFO - [2025-02-01T13:39:23.151+0000] {dag.py:4180} INFO - Setting next_dagrun for example_display_name to None, run_after=None
[2025-02-01T13:39:23.166+0000] {processor.py:208} INFO - Processing /home/airflow/.local/lib/python3.12/site-packages/airflow/example_dags/example_display_name.py took 0.071 seconds
[2025-02-01T13:39:53.578+0000] {processor.py:186} INFO - Started process (PID=696) to work on /home/airflow/.local/lib/python3.12/site-packages/airflow/example_dags/example_display_name.py
[2025-02-01T13:39:53.580+0000] {processor.py:914} INFO - Processing file /home/airflow/.local/lib/python3.12/site-packages/airflow/example_dags/example_display_name.py for tasks to queue
[2025-02-01T13:39:53.582+0000] {logging_mixin.py:190} INFO - [2025-02-01T13:39:53.581+0000] {dagbag.py:588} INFO - Filling up the DagBag from /home/airflow/.local/lib/python3.12/site-packages/airflow/example_dags/example_display_name.py
[2025-02-01T13:39:53.589+0000] {processor.py:925} INFO - DAG(s) 'example_display_name' retrieved from /home/airflow/.local/lib/python3.12/site-packages/airflow/example_dags/example_display_name.py
[2025-02-01T13:39:53.602+0000] {logging_mixin.py:190} INFO - [2025-02-01T13:39:53.602+0000] {dag.py:3239} INFO - Sync 1 DAGs
[2025-02-01T13:39:53.613+0000] {logging_mixin.py:190} INFO - [2025-02-01T13:39:53.613+0000] {dag.py:4180} INFO - Setting next_dagrun for example_display_name to None, run_after=None
[2025-02-01T13:39:53.620+0000] {processor.py:208} INFO - Processing /home/airflow/.local/lib/python3.12/site-packages/airflow/example_dags/example_display_name.py took 0.045 seconds
[2025-02-01T13:40:24.450+0000] {processor.py:186} INFO - Started process (PID=762) to work on /home/airflow/.local/lib/python3.12/site-packages/airflow/example_dags/example_display_name.py
[2025-02-01T13:40:24.451+0000] {processor.py:914} INFO - Processing file /home/airflow/.local/lib/python3.12/site-packages/airflow/example_dags/example_display_name.py for tasks to queue
[2025-02-01T13:40:24.452+0000] {logging_mixin.py:190} INFO - [2025-02-01T13:40:24.452+0000] {dagbag.py:588} INFO - Filling up the DagBag from /home/airflow/.local/lib/python3.12/site-packages/airflow/example_dags/example_display_name.py
[2025-02-01T13:40:24.456+0000] {processor.py:925} INFO - DAG(s) 'example_display_name' retrieved from /home/airflow/.local/lib/python3.12/site-packages/airflow/example_dags/example_display_name.py
[2025-02-01T13:40:24.469+0000] {logging_mixin.py:190} INFO - [2025-02-01T13:40:24.468+0000] {dag.py:3239} INFO - Sync 1 DAGs
[2025-02-01T13:40:24.477+0000] {logging_mixin.py:190} INFO - [2025-02-01T13:40:24.477+0000] {dag.py:4180} INFO - Setting next_dagrun for example_display_name to None, run_after=None
[2025-02-01T13:40:24.484+0000] {processor.py:208} INFO - Processing /home/airflow/.local/lib/python3.12/site-packages/airflow/example_dags/example_display_name.py took 0.037 seconds
[2025-02-01T13:40:55.433+0000] {processor.py:186} INFO - Started process (PID=828) to work on /home/airflow/.local/lib/python3.12/site-packages/airflow/example_dags/example_display_name.py
[2025-02-01T13:40:55.434+0000] {processor.py:914} INFO - Processing file /home/airflow/.local/lib/python3.12/site-packages/airflow/example_dags/example_display_name.py for tasks to queue
[2025-02-01T13:40:55.436+0000] {logging_mixin.py:190} INFO - [2025-02-01T13:40:55.435+0000] {dagbag.py:588} INFO - Filling up the DagBag from /home/airflow/.local/lib/python3.12/site-packages/airflow/example_dags/example_display_name.py
[2025-02-01T13:40:55.439+0000] {processor.py:925} INFO - DAG(s) 'example_display_name' retrieved from /home/airflow/.local/lib/python3.12/site-packages/airflow/example_dags/example_display_name.py
[2025-02-01T13:40:55.452+0000] {logging_mixin.py:190} INFO - [2025-02-01T13:40:55.452+0000] {dag.py:3239} INFO - Sync 1 DAGs
[2025-02-01T13:40:55.458+0000] {logging_mixin.py:190} INFO - [2025-02-01T13:40:55.458+0000] {dag.py:4180} INFO - Setting next_dagrun for example_display_name to None, run_after=None
[2025-02-01T13:40:55.465+0000] {processor.py:208} INFO - Processing /home/airflow/.local/lib/python3.12/site-packages/airflow/example_dags/example_display_name.py took 0.036 seconds
[2025-02-01T13:41:26.925+0000] {processor.py:186} INFO - Started process (PID=894) to work on /home/airflow/.local/lib/python3.12/site-packages/airflow/example_dags/example_display_name.py
[2025-02-01T13:41:26.926+0000] {processor.py:914} INFO - Processing file /home/airflow/.local/lib/python3.12/site-packages/airflow/example_dags/example_display_name.py for tasks to queue
[2025-02-01T13:41:26.929+0000] {logging_mixin.py:190} INFO - [2025-02-01T13:41:26.928+0000] {dagbag.py:588} INFO - Filling up the DagBag from /home/airflow/.local/lib/python3.12/site-packages/airflow/example_dags/example_display_name.py
[2025-02-01T13:41:26.935+0000] {processor.py:925} INFO - DAG(s) 'example_display_name' retrieved from /home/airflow/.local/lib/python3.12/site-packages/airflow/example_dags/example_display_name.py
[2025-02-01T13:41:26.953+0000] {logging_mixin.py:190} INFO - [2025-02-01T13:41:26.952+0000] {dag.py:3239} INFO - Sync 1 DAGs
[2025-02-01T13:41:26.960+0000] {logging_mixin.py:190} INFO - [2025-02-01T13:41:26.960+0000] {dag.py:4180} INFO - Setting next_dagrun for example_display_name to None, run_after=None
[2025-02-01T13:41:26.976+0000] {processor.py:208} INFO - Processing /home/airflow/.local/lib/python3.12/site-packages/airflow/example_dags/example_display_name.py took 0.056 seconds
[2025-02-01T13:41:57.452+0000] {processor.py:186} INFO - Started process (PID=960) to work on /home/airflow/.local/lib/python3.12/site-packages/airflow/example_dags/example_display_name.py
[2025-02-01T13:41:57.456+0000] {processor.py:914} INFO - Processing file /home/airflow/.local/lib/python3.12/site-packages/airflow/example_dags/example_display_name.py for tasks to queue
[2025-02-01T13:41:57.457+0000] {logging_mixin.py:190} INFO - [2025-02-01T13:41:57.457+0000] {dagbag.py:588} INFO - Filling up the DagBag from /home/airflow/.local/lib/python3.12/site-packages/airflow/example_dags/example_display_name.py
[2025-02-01T13:41:57.461+0000] {processor.py:925} INFO - DAG(s) 'example_display_name' retrieved from /home/airflow/.local/lib/python3.12/site-packages/airflow/example_dags/example_display_name.py
[2025-02-01T13:41:57.482+0000] {logging_mixin.py:190} INFO - [2025-02-01T13:41:57.482+0000] {dag.py:3239} INFO - Sync 1 DAGs
[2025-02-01T13:41:57.495+0000] {logging_mixin.py:190} INFO - [2025-02-01T13:41:57.495+0000] {dag.py:4180} INFO - Setting next_dagrun for example_display_name to None, run_after=None
[2025-02-01T13:41:57.512+0000] {processor.py:208} INFO - Processing /home/airflow/.local/lib/python3.12/site-packages/airflow/example_dags/example_display_name.py took 0.064 seconds
[2025-02-01T14:45:46.770+0000] {processor.py:186} INFO - Started process (PID=105) to work on /home/airflow/.local/lib/python3.12/site-packages/airflow/example_dags/example_display_name.py
[2025-02-01T14:45:46.775+0000] {processor.py:914} INFO - Processing file /home/airflow/.local/lib/python3.12/site-packages/airflow/example_dags/example_display_name.py for tasks to queue
[2025-02-01T14:45:46.778+0000] {logging_mixin.py:190} INFO - [2025-02-01T14:45:46.777+0000] {dagbag.py:588} INFO - Filling up the DagBag from /home/airflow/.local/lib/python3.12/site-packages/airflow/example_dags/example_display_name.py
[2025-02-01T14:45:46.786+0000] {processor.py:925} INFO - DAG(s) 'example_display_name' retrieved from /home/airflow/.local/lib/python3.12/site-packages/airflow/example_dags/example_display_name.py
[2025-02-01T14:45:46.798+0000] {logging_mixin.py:190} INFO - [2025-02-01T14:45:46.798+0000] {dag.py:3239} INFO - Sync 1 DAGs
[2025-02-01T14:45:46.806+0000] {logging_mixin.py:190} INFO - [2025-02-01T14:45:46.806+0000] {dag.py:4180} INFO - Setting next_dagrun for example_display_name to None, run_after=None
[2025-02-01T14:45:46.818+0000] {processor.py:208} INFO - Processing /home/airflow/.local/lib/python3.12/site-packages/airflow/example_dags/example_display_name.py took 0.053 seconds
[2025-02-01T14:46:17.350+0000] {processor.py:186} INFO - Started process (PID=170) to work on /home/airflow/.local/lib/python3.12/site-packages/airflow/example_dags/example_display_name.py
[2025-02-01T14:46:17.351+0000] {processor.py:914} INFO - Processing file /home/airflow/.local/lib/python3.12/site-packages/airflow/example_dags/example_display_name.py for tasks to queue
[2025-02-01T14:46:17.354+0000] {logging_mixin.py:190} INFO - [2025-02-01T14:46:17.353+0000] {dagbag.py:588} INFO - Filling up the DagBag from /home/airflow/.local/lib/python3.12/site-packages/airflow/example_dags/example_display_name.py
[2025-02-01T14:46:17.359+0000] {processor.py:925} INFO - DAG(s) 'example_display_name' retrieved from /home/airflow/.local/lib/python3.12/site-packages/airflow/example_dags/example_display_name.py
[2025-02-01T14:46:17.377+0000] {logging_mixin.py:190} INFO - [2025-02-01T14:46:17.377+0000] {dag.py:3239} INFO - Sync 1 DAGs
[2025-02-01T14:46:17.383+0000] {logging_mixin.py:190} INFO - [2025-02-01T14:46:17.383+0000] {dag.py:4180} INFO - Setting next_dagrun for example_display_name to None, run_after=None
[2025-02-01T14:46:17.394+0000] {processor.py:208} INFO - Processing /home/airflow/.local/lib/python3.12/site-packages/airflow/example_dags/example_display_name.py took 0.048 seconds
[2025-02-01T14:46:48.393+0000] {processor.py:186} INFO - Started process (PID=236) to work on /home/airflow/.local/lib/python3.12/site-packages/airflow/example_dags/example_display_name.py
[2025-02-01T14:46:48.394+0000] {processor.py:914} INFO - Processing file /home/airflow/.local/lib/python3.12/site-packages/airflow/example_dags/example_display_name.py for tasks to queue
[2025-02-01T14:46:48.395+0000] {logging_mixin.py:190} INFO - [2025-02-01T14:46:48.395+0000] {dagbag.py:588} INFO - Filling up the DagBag from /home/airflow/.local/lib/python3.12/site-packages/airflow/example_dags/example_display_name.py
[2025-02-01T14:46:48.399+0000] {processor.py:925} INFO - DAG(s) 'example_display_name' retrieved from /home/airflow/.local/lib/python3.12/site-packages/airflow/example_dags/example_display_name.py
[2025-02-01T14:46:48.409+0000] {logging_mixin.py:190} INFO - [2025-02-01T14:46:48.409+0000] {dag.py:3239} INFO - Sync 1 DAGs
[2025-02-01T14:46:48.416+0000] {logging_mixin.py:190} INFO - [2025-02-01T14:46:48.415+0000] {dag.py:4180} INFO - Setting next_dagrun for example_display_name to None, run_after=None
[2025-02-01T14:46:48.428+0000] {processor.py:208} INFO - Processing /home/airflow/.local/lib/python3.12/site-packages/airflow/example_dags/example_display_name.py took 0.038 seconds
[2025-02-01T14:47:19.343+0000] {processor.py:186} INFO - Started process (PID=302) to work on /home/airflow/.local/lib/python3.12/site-packages/airflow/example_dags/example_display_name.py
[2025-02-01T14:47:19.344+0000] {processor.py:914} INFO - Processing file /home/airflow/.local/lib/python3.12/site-packages/airflow/example_dags/example_display_name.py for tasks to queue
[2025-02-01T14:47:19.345+0000] {logging_mixin.py:190} INFO - [2025-02-01T14:47:19.345+0000] {dagbag.py:588} INFO - Filling up the DagBag from /home/airflow/.local/lib/python3.12/site-packages/airflow/example_dags/example_display_name.py
[2025-02-01T14:47:19.349+0000] {processor.py:925} INFO - DAG(s) 'example_display_name' retrieved from /home/airflow/.local/lib/python3.12/site-packages/airflow/example_dags/example_display_name.py
[2025-02-01T14:47:19.365+0000] {logging_mixin.py:190} INFO - [2025-02-01T14:47:19.365+0000] {dag.py:3239} INFO - Sync 1 DAGs
[2025-02-01T14:47:19.373+0000] {logging_mixin.py:190} INFO - [2025-02-01T14:47:19.373+0000] {dag.py:4180} INFO - Setting next_dagrun for example_display_name to None, run_after=None
[2025-02-01T14:47:19.382+0000] {processor.py:208} INFO - Processing /home/airflow/.local/lib/python3.12/site-packages/airflow/example_dags/example_display_name.py took 0.042 seconds
[2025-02-01T14:47:50.533+0000] {processor.py:186} INFO - Started process (PID=368) to work on /home/airflow/.local/lib/python3.12/site-packages/airflow/example_dags/example_display_name.py
[2025-02-01T14:47:50.534+0000] {processor.py:914} INFO - Processing file /home/airflow/.local/lib/python3.12/site-packages/airflow/example_dags/example_display_name.py for tasks to queue
[2025-02-01T14:47:50.535+0000] {logging_mixin.py:190} INFO - [2025-02-01T14:47:50.535+0000] {dagbag.py:588} INFO - Filling up the DagBag from /home/airflow/.local/lib/python3.12/site-packages/airflow/example_dags/example_display_name.py
[2025-02-01T14:47:50.541+0000] {processor.py:925} INFO - DAG(s) 'example_display_name' retrieved from /home/airflow/.local/lib/python3.12/site-packages/airflow/example_dags/example_display_name.py
[2025-02-01T14:47:50.552+0000] {logging_mixin.py:190} INFO - [2025-02-01T14:47:50.552+0000] {dag.py:3239} INFO - Sync 1 DAGs
[2025-02-01T14:47:50.559+0000] {logging_mixin.py:190} INFO - [2025-02-01T14:47:50.559+0000] {dag.py:4180} INFO - Setting next_dagrun for example_display_name to None, run_after=None
[2025-02-01T14:47:50.565+0000] {processor.py:208} INFO - Processing /home/airflow/.local/lib/python3.12/site-packages/airflow/example_dags/example_display_name.py took 0.035 seconds
[2025-02-01T14:48:21.380+0000] {processor.py:186} INFO - Started process (PID=434) to work on /home/airflow/.local/lib/python3.12/site-packages/airflow/example_dags/example_display_name.py
[2025-02-01T14:48:21.381+0000] {processor.py:914} INFO - Processing file /home/airflow/.local/lib/python3.12/site-packages/airflow/example_dags/example_display_name.py for tasks to queue
[2025-02-01T14:48:21.383+0000] {logging_mixin.py:190} INFO - [2025-02-01T14:48:21.383+0000] {dagbag.py:588} INFO - Filling up the DagBag from /home/airflow/.local/lib/python3.12/site-packages/airflow/example_dags/example_display_name.py
[2025-02-01T14:48:21.387+0000] {processor.py:925} INFO - DAG(s) 'example_display_name' retrieved from /home/airflow/.local/lib/python3.12/site-packages/airflow/example_dags/example_display_name.py
[2025-02-01T14:48:21.398+0000] {logging_mixin.py:190} INFO - [2025-02-01T14:48:21.398+0000] {dag.py:3239} INFO - Sync 1 DAGs
[2025-02-01T14:48:21.405+0000] {logging_mixin.py:190} INFO - [2025-02-01T14:48:21.405+0000] {dag.py:4180} INFO - Setting next_dagrun for example_display_name to None, run_after=None
[2025-02-01T14:48:21.413+0000] {processor.py:208} INFO - Processing /home/airflow/.local/lib/python3.12/site-packages/airflow/example_dags/example_display_name.py took 0.035 seconds
[2025-02-01T14:48:52.480+0000] {processor.py:186} INFO - Started process (PID=500) to work on /home/airflow/.local/lib/python3.12/site-packages/airflow/example_dags/example_display_name.py
[2025-02-01T14:48:52.481+0000] {processor.py:914} INFO - Processing file /home/airflow/.local/lib/python3.12/site-packages/airflow/example_dags/example_display_name.py for tasks to queue
[2025-02-01T14:48:52.482+0000] {logging_mixin.py:190} INFO - [2025-02-01T14:48:52.482+0000] {dagbag.py:588} INFO - Filling up the DagBag from /home/airflow/.local/lib/python3.12/site-packages/airflow/example_dags/example_display_name.py
[2025-02-01T14:48:52.486+0000] {processor.py:925} INFO - DAG(s) 'example_display_name' retrieved from /home/airflow/.local/lib/python3.12/site-packages/airflow/example_dags/example_display_name.py
[2025-02-01T14:48:52.499+0000] {logging_mixin.py:190} INFO - [2025-02-01T14:48:52.499+0000] {dag.py:3239} INFO - Sync 1 DAGs
[2025-02-01T14:48:52.504+0000] {logging_mixin.py:190} INFO - [2025-02-01T14:48:52.504+0000] {dag.py:4180} INFO - Setting next_dagrun for example_display_name to None, run_after=None
[2025-02-01T14:48:52.514+0000] {processor.py:208} INFO - Processing /home/airflow/.local/lib/python3.12/site-packages/airflow/example_dags/example_display_name.py took 0.037 seconds
[2025-02-01T14:49:23.424+0000] {processor.py:186} INFO - Started process (PID=566) to work on /home/airflow/.local/lib/python3.12/site-packages/airflow/example_dags/example_display_name.py
[2025-02-01T14:49:23.427+0000] {processor.py:914} INFO - Processing file /home/airflow/.local/lib/python3.12/site-packages/airflow/example_dags/example_display_name.py for tasks to queue
[2025-02-01T14:49:23.428+0000] {logging_mixin.py:190} INFO - [2025-02-01T14:49:23.428+0000] {dagbag.py:588} INFO - Filling up the DagBag from /home/airflow/.local/lib/python3.12/site-packages/airflow/example_dags/example_display_name.py
[2025-02-01T14:49:23.435+0000] {processor.py:925} INFO - DAG(s) 'example_display_name' retrieved from /home/airflow/.local/lib/python3.12/site-packages/airflow/example_dags/example_display_name.py
[2025-02-01T14:49:23.448+0000] {logging_mixin.py:190} INFO - [2025-02-01T14:49:23.448+0000] {dag.py:3239} INFO - Sync 1 DAGs
[2025-02-01T14:49:23.455+0000] {logging_mixin.py:190} INFO - [2025-02-01T14:49:23.455+0000] {dag.py:4180} INFO - Setting next_dagrun for example_display_name to None, run_after=None
[2025-02-01T14:49:23.465+0000] {processor.py:208} INFO - Processing /home/airflow/.local/lib/python3.12/site-packages/airflow/example_dags/example_display_name.py took 0.044 seconds
[2025-02-01T14:49:54.619+0000] {processor.py:186} INFO - Started process (PID=632) to work on /home/airflow/.local/lib/python3.12/site-packages/airflow/example_dags/example_display_name.py
[2025-02-01T14:49:54.621+0000] {processor.py:914} INFO - Processing file /home/airflow/.local/lib/python3.12/site-packages/airflow/example_dags/example_display_name.py for tasks to queue
[2025-02-01T14:49:54.622+0000] {logging_mixin.py:190} INFO - [2025-02-01T14:49:54.622+0000] {dagbag.py:588} INFO - Filling up the DagBag from /home/airflow/.local/lib/python3.12/site-packages/airflow/example_dags/example_display_name.py
[2025-02-01T14:49:54.626+0000] {processor.py:925} INFO - DAG(s) 'example_display_name' retrieved from /home/airflow/.local/lib/python3.12/site-packages/airflow/example_dags/example_display_name.py
[2025-02-01T14:49:54.636+0000] {logging_mixin.py:190} INFO - [2025-02-01T14:49:54.636+0000] {dag.py:3239} INFO - Sync 1 DAGs
[2025-02-01T14:49:54.644+0000] {logging_mixin.py:190} INFO - [2025-02-01T14:49:54.644+0000] {dag.py:4180} INFO - Setting next_dagrun for example_display_name to None, run_after=None
[2025-02-01T14:49:54.654+0000] {processor.py:208} INFO - Processing /home/airflow/.local/lib/python3.12/site-packages/airflow/example_dags/example_display_name.py took 0.037 seconds
[2025-02-01T14:50:25.496+0000] {processor.py:186} INFO - Started process (PID=698) to work on /home/airflow/.local/lib/python3.12/site-packages/airflow/example_dags/example_display_name.py
[2025-02-01T14:50:25.497+0000] {processor.py:914} INFO - Processing file /home/airflow/.local/lib/python3.12/site-packages/airflow/example_dags/example_display_name.py for tasks to queue
[2025-02-01T14:50:25.498+0000] {logging_mixin.py:190} INFO - [2025-02-01T14:50:25.498+0000] {dagbag.py:588} INFO - Filling up the DagBag from /home/airflow/.local/lib/python3.12/site-packages/airflow/example_dags/example_display_name.py
[2025-02-01T14:50:25.503+0000] {processor.py:925} INFO - DAG(s) 'example_display_name' retrieved from /home/airflow/.local/lib/python3.12/site-packages/airflow/example_dags/example_display_name.py
[2025-02-01T14:50:25.513+0000] {logging_mixin.py:190} INFO - [2025-02-01T14:50:25.513+0000] {dag.py:3239} INFO - Sync 1 DAGs
[2025-02-01T14:50:25.519+0000] {logging_mixin.py:190} INFO - [2025-02-01T14:50:25.519+0000] {dag.py:4180} INFO - Setting next_dagrun for example_display_name to None, run_after=None
[2025-02-01T14:50:25.535+0000] {processor.py:208} INFO - Processing /home/airflow/.local/lib/python3.12/site-packages/airflow/example_dags/example_display_name.py took 0.043 seconds
[2025-02-01T14:50:56.512+0000] {processor.py:186} INFO - Started process (PID=764) to work on /home/airflow/.local/lib/python3.12/site-packages/airflow/example_dags/example_display_name.py
[2025-02-01T14:50:56.512+0000] {processor.py:914} INFO - Processing file /home/airflow/.local/lib/python3.12/site-packages/airflow/example_dags/example_display_name.py for tasks to queue
[2025-02-01T14:50:56.514+0000] {logging_mixin.py:190} INFO - [2025-02-01T14:50:56.513+0000] {dagbag.py:588} INFO - Filling up the DagBag from /home/airflow/.local/lib/python3.12/site-packages/airflow/example_dags/example_display_name.py
[2025-02-01T14:50:56.518+0000] {processor.py:925} INFO - DAG(s) 'example_display_name' retrieved from /home/airflow/.local/lib/python3.12/site-packages/airflow/example_dags/example_display_name.py
[2025-02-01T14:50:56.528+0000] {logging_mixin.py:190} INFO - [2025-02-01T14:50:56.528+0000] {dag.py:3239} INFO - Sync 1 DAGs
[2025-02-01T14:50:56.534+0000] {logging_mixin.py:190} INFO - [2025-02-01T14:50:56.534+0000] {dag.py:4180} INFO - Setting next_dagrun for example_display_name to None, run_after=None
[2025-02-01T14:50:56.542+0000] {processor.py:208} INFO - Processing /home/airflow/.local/lib/python3.12/site-packages/airflow/example_dags/example_display_name.py took 0.033 seconds
[2025-02-01T14:51:27.639+0000] {processor.py:186} INFO - Started process (PID=830) to work on /home/airflow/.local/lib/python3.12/site-packages/airflow/example_dags/example_display_name.py
[2025-02-01T14:51:27.639+0000] {processor.py:914} INFO - Processing file /home/airflow/.local/lib/python3.12/site-packages/airflow/example_dags/example_display_name.py for tasks to queue
[2025-02-01T14:51:27.643+0000] {logging_mixin.py:190} INFO - [2025-02-01T14:51:27.642+0000] {dagbag.py:588} INFO - Filling up the DagBag from /home/airflow/.local/lib/python3.12/site-packages/airflow/example_dags/example_display_name.py
[2025-02-01T14:51:27.647+0000] {processor.py:925} INFO - DAG(s) 'example_display_name' retrieved from /home/airflow/.local/lib/python3.12/site-packages/airflow/example_dags/example_display_name.py
[2025-02-01T14:51:27.660+0000] {logging_mixin.py:190} INFO - [2025-02-01T14:51:27.660+0000] {dag.py:3239} INFO - Sync 1 DAGs
[2025-02-01T14:51:27.667+0000] {logging_mixin.py:190} INFO - [2025-02-01T14:51:27.666+0000] {dag.py:4180} INFO - Setting next_dagrun for example_display_name to None, run_after=None
[2025-02-01T14:51:27.673+0000] {processor.py:208} INFO - Processing /home/airflow/.local/lib/python3.12/site-packages/airflow/example_dags/example_display_name.py took 0.038 seconds
[2025-02-01T14:51:59.254+0000] {processor.py:186} INFO - Started process (PID=896) to work on /home/airflow/.local/lib/python3.12/site-packages/airflow/example_dags/example_display_name.py
[2025-02-01T14:51:59.255+0000] {processor.py:914} INFO - Processing file /home/airflow/.local/lib/python3.12/site-packages/airflow/example_dags/example_display_name.py for tasks to queue
[2025-02-01T14:51:59.256+0000] {logging_mixin.py:190} INFO - [2025-02-01T14:51:59.256+0000] {dagbag.py:588} INFO - Filling up the DagBag from /home/airflow/.local/lib/python3.12/site-packages/airflow/example_dags/example_display_name.py
[2025-02-01T14:51:59.263+0000] {processor.py:925} INFO - DAG(s) 'example_display_name' retrieved from /home/airflow/.local/lib/python3.12/site-packages/airflow/example_dags/example_display_name.py
[2025-02-01T14:51:59.274+0000] {logging_mixin.py:190} INFO - [2025-02-01T14:51:59.274+0000] {dag.py:3239} INFO - Sync 1 DAGs
[2025-02-01T14:51:59.281+0000] {logging_mixin.py:190} INFO - [2025-02-01T14:51:59.281+0000] {dag.py:4180} INFO - Setting next_dagrun for example_display_name to None, run_after=None
[2025-02-01T14:51:59.290+0000] {processor.py:208} INFO - Processing /home/airflow/.local/lib/python3.12/site-packages/airflow/example_dags/example_display_name.py took 0.039 seconds
[2025-02-01T14:52:30.695+0000] {processor.py:186} INFO - Started process (PID=962) to work on /home/airflow/.local/lib/python3.12/site-packages/airflow/example_dags/example_display_name.py
[2025-02-01T14:52:30.697+0000] {processor.py:914} INFO - Processing file /home/airflow/.local/lib/python3.12/site-packages/airflow/example_dags/example_display_name.py for tasks to queue
[2025-02-01T14:52:30.699+0000] {logging_mixin.py:190} INFO - [2025-02-01T14:52:30.698+0000] {dagbag.py:588} INFO - Filling up the DagBag from /home/airflow/.local/lib/python3.12/site-packages/airflow/example_dags/example_display_name.py
[2025-02-01T14:52:30.705+0000] {processor.py:925} INFO - DAG(s) 'example_display_name' retrieved from /home/airflow/.local/lib/python3.12/site-packages/airflow/example_dags/example_display_name.py
[2025-02-01T14:52:30.722+0000] {logging_mixin.py:190} INFO - [2025-02-01T14:52:30.722+0000] {dag.py:3239} INFO - Sync 1 DAGs
[2025-02-01T14:52:30.729+0000] {logging_mixin.py:190} INFO - [2025-02-01T14:52:30.729+0000] {dag.py:4180} INFO - Setting next_dagrun for example_display_name to None, run_after=None
[2025-02-01T14:52:30.738+0000] {processor.py:208} INFO - Processing /home/airflow/.local/lib/python3.12/site-packages/airflow/example_dags/example_display_name.py took 0.046 seconds
[2025-02-01T14:53:01.008+0000] {processor.py:186} INFO - Started process (PID=1028) to work on /home/airflow/.local/lib/python3.12/site-packages/airflow/example_dags/example_display_name.py
[2025-02-01T14:53:01.008+0000] {processor.py:914} INFO - Processing file /home/airflow/.local/lib/python3.12/site-packages/airflow/example_dags/example_display_name.py for tasks to queue
[2025-02-01T14:53:01.009+0000] {logging_mixin.py:190} INFO - [2025-02-01T14:53:01.009+0000] {dagbag.py:588} INFO - Filling up the DagBag from /home/airflow/.local/lib/python3.12/site-packages/airflow/example_dags/example_display_name.py
[2025-02-01T14:53:01.014+0000] {processor.py:925} INFO - DAG(s) 'example_display_name' retrieved from /home/airflow/.local/lib/python3.12/site-packages/airflow/example_dags/example_display_name.py
[2025-02-01T14:53:01.025+0000] {logging_mixin.py:190} INFO - [2025-02-01T14:53:01.025+0000] {dag.py:3239} INFO - Sync 1 DAGs
[2025-02-01T14:53:01.030+0000] {logging_mixin.py:190} INFO - [2025-02-01T14:53:01.030+0000] {dag.py:4180} INFO - Setting next_dagrun for example_display_name to None, run_after=None
[2025-02-01T14:53:01.037+0000] {processor.py:208} INFO - Processing /home/airflow/.local/lib/python3.12/site-packages/airflow/example_dags/example_display_name.py took 0.031 seconds
[2025-02-01T14:53:32.003+0000] {processor.py:186} INFO - Started process (PID=1094) to work on /home/airflow/.local/lib/python3.12/site-packages/airflow/example_dags/example_display_name.py
[2025-02-01T14:53:32.004+0000] {processor.py:914} INFO - Processing file /home/airflow/.local/lib/python3.12/site-packages/airflow/example_dags/example_display_name.py for tasks to queue
[2025-02-01T14:53:32.007+0000] {logging_mixin.py:190} INFO - [2025-02-01T14:53:32.007+0000] {dagbag.py:588} INFO - Filling up the DagBag from /home/airflow/.local/lib/python3.12/site-packages/airflow/example_dags/example_display_name.py
[2025-02-01T14:53:32.011+0000] {processor.py:925} INFO - DAG(s) 'example_display_name' retrieved from /home/airflow/.local/lib/python3.12/site-packages/airflow/example_dags/example_display_name.py
[2025-02-01T14:53:32.022+0000] {logging_mixin.py:190} INFO - [2025-02-01T14:53:32.022+0000] {dag.py:3239} INFO - Sync 1 DAGs
[2025-02-01T14:53:32.027+0000] {logging_mixin.py:190} INFO - [2025-02-01T14:53:32.027+0000] {dag.py:4180} INFO - Setting next_dagrun for example_display_name to None, run_after=None
[2025-02-01T14:53:32.037+0000] {processor.py:208} INFO - Processing /home/airflow/.local/lib/python3.12/site-packages/airflow/example_dags/example_display_name.py took 0.036 seconds
[2025-02-01T14:54:03.074+0000] {processor.py:186} INFO - Started process (PID=1160) to work on /home/airflow/.local/lib/python3.12/site-packages/airflow/example_dags/example_display_name.py
[2025-02-01T14:54:03.076+0000] {processor.py:914} INFO - Processing file /home/airflow/.local/lib/python3.12/site-packages/airflow/example_dags/example_display_name.py for tasks to queue
[2025-02-01T14:54:03.077+0000] {logging_mixin.py:190} INFO - [2025-02-01T14:54:03.077+0000] {dagbag.py:588} INFO - Filling up the DagBag from /home/airflow/.local/lib/python3.12/site-packages/airflow/example_dags/example_display_name.py
[2025-02-01T14:54:03.080+0000] {processor.py:925} INFO - DAG(s) 'example_display_name' retrieved from /home/airflow/.local/lib/python3.12/site-packages/airflow/example_dags/example_display_name.py
[2025-02-01T14:54:03.090+0000] {logging_mixin.py:190} INFO - [2025-02-01T14:54:03.090+0000] {dag.py:3239} INFO - Sync 1 DAGs
[2025-02-01T14:54:03.097+0000] {logging_mixin.py:190} INFO - [2025-02-01T14:54:03.097+0000] {dag.py:4180} INFO - Setting next_dagrun for example_display_name to None, run_after=None
[2025-02-01T14:54:03.108+0000] {processor.py:208} INFO - Processing /home/airflow/.local/lib/python3.12/site-packages/airflow/example_dags/example_display_name.py took 0.037 seconds
[2025-02-01T14:54:34.142+0000] {processor.py:186} INFO - Started process (PID=1226) to work on /home/airflow/.local/lib/python3.12/site-packages/airflow/example_dags/example_display_name.py
[2025-02-01T14:54:34.143+0000] {processor.py:914} INFO - Processing file /home/airflow/.local/lib/python3.12/site-packages/airflow/example_dags/example_display_name.py for tasks to queue
[2025-02-01T14:54:34.144+0000] {logging_mixin.py:190} INFO - [2025-02-01T14:54:34.144+0000] {dagbag.py:588} INFO - Filling up the DagBag from /home/airflow/.local/lib/python3.12/site-packages/airflow/example_dags/example_display_name.py
[2025-02-01T14:54:34.148+0000] {processor.py:925} INFO - DAG(s) 'example_display_name' retrieved from /home/airflow/.local/lib/python3.12/site-packages/airflow/example_dags/example_display_name.py
[2025-02-01T14:54:34.163+0000] {logging_mixin.py:190} INFO - [2025-02-01T14:54:34.163+0000] {dag.py:3239} INFO - Sync 1 DAGs
[2025-02-01T14:54:34.169+0000] {logging_mixin.py:190} INFO - [2025-02-01T14:54:34.169+0000] {dag.py:4180} INFO - Setting next_dagrun for example_display_name to None, run_after=None
[2025-02-01T14:54:34.181+0000] {processor.py:208} INFO - Processing /home/airflow/.local/lib/python3.12/site-packages/airflow/example_dags/example_display_name.py took 0.042 seconds
[2025-02-01T14:55:05.167+0000] {processor.py:186} INFO - Started process (PID=1292) to work on /home/airflow/.local/lib/python3.12/site-packages/airflow/example_dags/example_display_name.py
[2025-02-01T14:55:05.168+0000] {processor.py:914} INFO - Processing file /home/airflow/.local/lib/python3.12/site-packages/airflow/example_dags/example_display_name.py for tasks to queue
[2025-02-01T14:55:05.169+0000] {logging_mixin.py:190} INFO - [2025-02-01T14:55:05.169+0000] {dagbag.py:588} INFO - Filling up the DagBag from /home/airflow/.local/lib/python3.12/site-packages/airflow/example_dags/example_display_name.py
[2025-02-01T14:55:05.173+0000] {processor.py:925} INFO - DAG(s) 'example_display_name' retrieved from /home/airflow/.local/lib/python3.12/site-packages/airflow/example_dags/example_display_name.py
[2025-02-01T14:55:05.182+0000] {logging_mixin.py:190} INFO - [2025-02-01T14:55:05.182+0000] {dag.py:3239} INFO - Sync 1 DAGs
[2025-02-01T14:55:05.188+0000] {logging_mixin.py:190} INFO - [2025-02-01T14:55:05.188+0000] {dag.py:4180} INFO - Setting next_dagrun for example_display_name to None, run_after=None
[2025-02-01T14:55:05.201+0000] {processor.py:208} INFO - Processing /home/airflow/.local/lib/python3.12/site-packages/airflow/example_dags/example_display_name.py took 0.036 seconds
[2025-02-01T14:55:36.023+0000] {processor.py:186} INFO - Started process (PID=1358) to work on /home/airflow/.local/lib/python3.12/site-packages/airflow/example_dags/example_display_name.py
[2025-02-01T14:55:36.025+0000] {processor.py:914} INFO - Processing file /home/airflow/.local/lib/python3.12/site-packages/airflow/example_dags/example_display_name.py for tasks to queue
[2025-02-01T14:55:36.028+0000] {logging_mixin.py:190} INFO - [2025-02-01T14:55:36.028+0000] {dagbag.py:588} INFO - Filling up the DagBag from /home/airflow/.local/lib/python3.12/site-packages/airflow/example_dags/example_display_name.py
[2025-02-01T14:55:36.032+0000] {processor.py:925} INFO - DAG(s) 'example_display_name' retrieved from /home/airflow/.local/lib/python3.12/site-packages/airflow/example_dags/example_display_name.py
[2025-02-01T14:55:36.046+0000] {logging_mixin.py:190} INFO - [2025-02-01T14:55:36.046+0000] {dag.py:3239} INFO - Sync 1 DAGs
[2025-02-01T14:55:36.053+0000] {logging_mixin.py:190} INFO - [2025-02-01T14:55:36.053+0000] {dag.py:4180} INFO - Setting next_dagrun for example_display_name to None, run_after=None
[2025-02-01T14:55:36.061+0000] {processor.py:208} INFO - Processing /home/airflow/.local/lib/python3.12/site-packages/airflow/example_dags/example_display_name.py took 0.042 seconds
[2025-02-01T14:56:07.105+0000] {processor.py:186} INFO - Started process (PID=1424) to work on /home/airflow/.local/lib/python3.12/site-packages/airflow/example_dags/example_display_name.py
[2025-02-01T14:56:07.105+0000] {processor.py:914} INFO - Processing file /home/airflow/.local/lib/python3.12/site-packages/airflow/example_dags/example_display_name.py for tasks to queue
[2025-02-01T14:56:07.107+0000] {logging_mixin.py:190} INFO - [2025-02-01T14:56:07.107+0000] {dagbag.py:588} INFO - Filling up the DagBag from /home/airflow/.local/lib/python3.12/site-packages/airflow/example_dags/example_display_name.py
[2025-02-01T14:56:07.111+0000] {processor.py:925} INFO - DAG(s) 'example_display_name' retrieved from /home/airflow/.local/lib/python3.12/site-packages/airflow/example_dags/example_display_name.py
[2025-02-01T14:56:07.130+0000] {logging_mixin.py:190} INFO - [2025-02-01T14:56:07.130+0000] {dag.py:3239} INFO - Sync 1 DAGs
[2025-02-01T14:56:07.141+0000] {logging_mixin.py:190} INFO - [2025-02-01T14:56:07.141+0000] {dag.py:4180} INFO - Setting next_dagrun for example_display_name to None, run_after=None
[2025-02-01T14:56:07.152+0000] {processor.py:208} INFO - Processing /home/airflow/.local/lib/python3.12/site-packages/airflow/example_dags/example_display_name.py took 0.050 seconds
[2025-02-01T14:56:38.076+0000] {processor.py:186} INFO - Started process (PID=1490) to work on /home/airflow/.local/lib/python3.12/site-packages/airflow/example_dags/example_display_name.py
[2025-02-01T14:56:38.078+0000] {processor.py:914} INFO - Processing file /home/airflow/.local/lib/python3.12/site-packages/airflow/example_dags/example_display_name.py for tasks to queue
[2025-02-01T14:56:38.081+0000] {logging_mixin.py:190} INFO - [2025-02-01T14:56:38.081+0000] {dagbag.py:588} INFO - Filling up the DagBag from /home/airflow/.local/lib/python3.12/site-packages/airflow/example_dags/example_display_name.py
[2025-02-01T14:56:38.085+0000] {processor.py:925} INFO - DAG(s) 'example_display_name' retrieved from /home/airflow/.local/lib/python3.12/site-packages/airflow/example_dags/example_display_name.py
[2025-02-01T14:56:38.098+0000] {logging_mixin.py:190} INFO - [2025-02-01T14:56:38.098+0000] {dag.py:3239} INFO - Sync 1 DAGs
[2025-02-01T14:56:38.104+0000] {logging_mixin.py:190} INFO - [2025-02-01T14:56:38.104+0000] {dag.py:4180} INFO - Setting next_dagrun for example_display_name to None, run_after=None
[2025-02-01T14:56:38.115+0000] {processor.py:208} INFO - Processing /home/airflow/.local/lib/python3.12/site-packages/airflow/example_dags/example_display_name.py took 0.042 seconds
[2025-02-01T14:57:09.194+0000] {processor.py:186} INFO - Started process (PID=1556) to work on /home/airflow/.local/lib/python3.12/site-packages/airflow/example_dags/example_display_name.py
[2025-02-01T14:57:09.195+0000] {processor.py:914} INFO - Processing file /home/airflow/.local/lib/python3.12/site-packages/airflow/example_dags/example_display_name.py for tasks to queue
[2025-02-01T14:57:09.197+0000] {logging_mixin.py:190} INFO - [2025-02-01T14:57:09.197+0000] {dagbag.py:588} INFO - Filling up the DagBag from /home/airflow/.local/lib/python3.12/site-packages/airflow/example_dags/example_display_name.py
[2025-02-01T14:57:09.202+0000] {processor.py:925} INFO - DAG(s) 'example_display_name' retrieved from /home/airflow/.local/lib/python3.12/site-packages/airflow/example_dags/example_display_name.py
[2025-02-01T14:57:09.216+0000] {logging_mixin.py:190} INFO - [2025-02-01T14:57:09.216+0000] {dag.py:3239} INFO - Sync 1 DAGs
[2025-02-01T14:57:09.223+0000] {logging_mixin.py:190} INFO - [2025-02-01T14:57:09.223+0000] {dag.py:4180} INFO - Setting next_dagrun for example_display_name to None, run_after=None
[2025-02-01T14:57:09.234+0000] {processor.py:208} INFO - Processing /home/airflow/.local/lib/python3.12/site-packages/airflow/example_dags/example_display_name.py took 0.042 seconds
[2025-02-01T14:57:40.243+0000] {processor.py:186} INFO - Started process (PID=1622) to work on /home/airflow/.local/lib/python3.12/site-packages/airflow/example_dags/example_display_name.py
[2025-02-01T14:57:40.244+0000] {processor.py:914} INFO - Processing file /home/airflow/.local/lib/python3.12/site-packages/airflow/example_dags/example_display_name.py for tasks to queue
[2025-02-01T14:57:40.246+0000] {logging_mixin.py:190} INFO - [2025-02-01T14:57:40.246+0000] {dagbag.py:588} INFO - Filling up the DagBag from /home/airflow/.local/lib/python3.12/site-packages/airflow/example_dags/example_display_name.py
[2025-02-01T14:57:40.256+0000] {processor.py:925} INFO - DAG(s) 'example_display_name' retrieved from /home/airflow/.local/lib/python3.12/site-packages/airflow/example_dags/example_display_name.py
[2025-02-01T14:57:40.279+0000] {logging_mixin.py:190} INFO - [2025-02-01T14:57:40.279+0000] {dag.py:3239} INFO - Sync 1 DAGs
[2025-02-01T14:57:40.288+0000] {logging_mixin.py:190} INFO - [2025-02-01T14:57:40.287+0000] {dag.py:4180} INFO - Setting next_dagrun for example_display_name to None, run_after=None
[2025-02-01T14:57:40.297+0000] {processor.py:208} INFO - Processing /home/airflow/.local/lib/python3.12/site-packages/airflow/example_dags/example_display_name.py took 0.056 seconds
[2025-02-01T14:58:11.055+0000] {processor.py:186} INFO - Started process (PID=1688) to work on /home/airflow/.local/lib/python3.12/site-packages/airflow/example_dags/example_display_name.py
[2025-02-01T14:58:11.056+0000] {processor.py:914} INFO - Processing file /home/airflow/.local/lib/python3.12/site-packages/airflow/example_dags/example_display_name.py for tasks to queue
[2025-02-01T14:58:11.060+0000] {logging_mixin.py:190} INFO - [2025-02-01T14:58:11.060+0000] {dagbag.py:588} INFO - Filling up the DagBag from /home/airflow/.local/lib/python3.12/site-packages/airflow/example_dags/example_display_name.py
[2025-02-01T14:58:11.065+0000] {processor.py:925} INFO - DAG(s) 'example_display_name' retrieved from /home/airflow/.local/lib/python3.12/site-packages/airflow/example_dags/example_display_name.py
[2025-02-01T14:58:11.074+0000] {logging_mixin.py:190} INFO - [2025-02-01T14:58:11.074+0000] {dag.py:3239} INFO - Sync 1 DAGs
[2025-02-01T14:58:11.080+0000] {logging_mixin.py:190} INFO - [2025-02-01T14:58:11.080+0000] {dag.py:4180} INFO - Setting next_dagrun for example_display_name to None, run_after=None
[2025-02-01T14:58:11.090+0000] {processor.py:208} INFO - Processing /home/airflow/.local/lib/python3.12/site-packages/airflow/example_dags/example_display_name.py took 0.038 seconds
[2025-02-01T14:58:41.833+0000] {processor.py:186} INFO - Started process (PID=1754) to work on /home/airflow/.local/lib/python3.12/site-packages/airflow/example_dags/example_display_name.py
[2025-02-01T14:58:41.834+0000] {processor.py:914} INFO - Processing file /home/airflow/.local/lib/python3.12/site-packages/airflow/example_dags/example_display_name.py for tasks to queue
[2025-02-01T14:58:41.835+0000] {logging_mixin.py:190} INFO - [2025-02-01T14:58:41.835+0000] {dagbag.py:588} INFO - Filling up the DagBag from /home/airflow/.local/lib/python3.12/site-packages/airflow/example_dags/example_display_name.py
[2025-02-01T14:58:41.840+0000] {processor.py:925} INFO - DAG(s) 'example_display_name' retrieved from /home/airflow/.local/lib/python3.12/site-packages/airflow/example_dags/example_display_name.py
[2025-02-01T14:58:41.850+0000] {logging_mixin.py:190} INFO - [2025-02-01T14:58:41.850+0000] {dag.py:3239} INFO - Sync 1 DAGs
[2025-02-01T14:58:41.856+0000] {logging_mixin.py:190} INFO - [2025-02-01T14:58:41.855+0000] {dag.py:4180} INFO - Setting next_dagrun for example_display_name to None, run_after=None
[2025-02-01T14:58:41.861+0000] {processor.py:208} INFO - Processing /home/airflow/.local/lib/python3.12/site-packages/airflow/example_dags/example_display_name.py took 0.031 seconds
[2025-02-01T14:59:12.931+0000] {processor.py:186} INFO - Started process (PID=1820) to work on /home/airflow/.local/lib/python3.12/site-packages/airflow/example_dags/example_display_name.py
[2025-02-01T14:59:12.932+0000] {processor.py:914} INFO - Processing file /home/airflow/.local/lib/python3.12/site-packages/airflow/example_dags/example_display_name.py for tasks to queue
[2025-02-01T14:59:12.933+0000] {logging_mixin.py:190} INFO - [2025-02-01T14:59:12.933+0000] {dagbag.py:588} INFO - Filling up the DagBag from /home/airflow/.local/lib/python3.12/site-packages/airflow/example_dags/example_display_name.py
[2025-02-01T14:59:12.937+0000] {processor.py:925} INFO - DAG(s) 'example_display_name' retrieved from /home/airflow/.local/lib/python3.12/site-packages/airflow/example_dags/example_display_name.py
[2025-02-01T14:59:12.946+0000] {logging_mixin.py:190} INFO - [2025-02-01T14:59:12.946+0000] {dag.py:3239} INFO - Sync 1 DAGs
[2025-02-01T14:59:12.953+0000] {logging_mixin.py:190} INFO - [2025-02-01T14:59:12.953+0000] {dag.py:4180} INFO - Setting next_dagrun for example_display_name to None, run_after=None
[2025-02-01T14:59:12.965+0000] {processor.py:208} INFO - Processing /home/airflow/.local/lib/python3.12/site-packages/airflow/example_dags/example_display_name.py took 0.036 seconds
[2025-02-01T14:59:44.145+0000] {processor.py:186} INFO - Started process (PID=1886) to work on /home/airflow/.local/lib/python3.12/site-packages/airflow/example_dags/example_display_name.py
[2025-02-01T14:59:44.145+0000] {processor.py:914} INFO - Processing file /home/airflow/.local/lib/python3.12/site-packages/airflow/example_dags/example_display_name.py for tasks to queue
[2025-02-01T14:59:44.147+0000] {logging_mixin.py:190} INFO - [2025-02-01T14:59:44.146+0000] {dagbag.py:588} INFO - Filling up the DagBag from /home/airflow/.local/lib/python3.12/site-packages/airflow/example_dags/example_display_name.py
[2025-02-01T14:59:44.151+0000] {processor.py:925} INFO - DAG(s) 'example_display_name' retrieved from /home/airflow/.local/lib/python3.12/site-packages/airflow/example_dags/example_display_name.py
[2025-02-01T14:59:44.163+0000] {logging_mixin.py:190} INFO - [2025-02-01T14:59:44.163+0000] {dag.py:3239} INFO - Sync 1 DAGs
[2025-02-01T14:59:44.174+0000] {logging_mixin.py:190} INFO - [2025-02-01T14:59:44.174+0000] {dag.py:4180} INFO - Setting next_dagrun for example_display_name to None, run_after=None
[2025-02-01T14:59:44.183+0000] {processor.py:208} INFO - Processing /home/airflow/.local/lib/python3.12/site-packages/airflow/example_dags/example_display_name.py took 0.043 seconds
[2025-02-01T15:00:15.411+0000] {processor.py:186} INFO - Started process (PID=1952) to work on /home/airflow/.local/lib/python3.12/site-packages/airflow/example_dags/example_display_name.py
[2025-02-01T15:00:15.411+0000] {processor.py:914} INFO - Processing file /home/airflow/.local/lib/python3.12/site-packages/airflow/example_dags/example_display_name.py for tasks to queue
[2025-02-01T15:00:15.412+0000] {logging_mixin.py:190} INFO - [2025-02-01T15:00:15.412+0000] {dagbag.py:588} INFO - Filling up the DagBag from /home/airflow/.local/lib/python3.12/site-packages/airflow/example_dags/example_display_name.py
[2025-02-01T15:00:15.418+0000] {processor.py:925} INFO - DAG(s) 'example_display_name' retrieved from /home/airflow/.local/lib/python3.12/site-packages/airflow/example_dags/example_display_name.py
[2025-02-01T15:00:15.430+0000] {logging_mixin.py:190} INFO - [2025-02-01T15:00:15.430+0000] {dag.py:3239} INFO - Sync 1 DAGs
[2025-02-01T15:00:15.438+0000] {logging_mixin.py:190} INFO - [2025-02-01T15:00:15.438+0000] {dag.py:4180} INFO - Setting next_dagrun for example_display_name to None, run_after=None
[2025-02-01T15:00:15.446+0000] {processor.py:208} INFO - Processing /home/airflow/.local/lib/python3.12/site-packages/airflow/example_dags/example_display_name.py took 0.039 seconds
[2025-02-01T15:00:46.759+0000] {processor.py:186} INFO - Started process (PID=2018) to work on /home/airflow/.local/lib/python3.12/site-packages/airflow/example_dags/example_display_name.py
[2025-02-01T15:00:46.760+0000] {processor.py:914} INFO - Processing file /home/airflow/.local/lib/python3.12/site-packages/airflow/example_dags/example_display_name.py for tasks to queue
[2025-02-01T15:00:46.761+0000] {logging_mixin.py:190} INFO - [2025-02-01T15:00:46.761+0000] {dagbag.py:588} INFO - Filling up the DagBag from /home/airflow/.local/lib/python3.12/site-packages/airflow/example_dags/example_display_name.py
[2025-02-01T15:00:46.765+0000] {processor.py:925} INFO - DAG(s) 'example_display_name' retrieved from /home/airflow/.local/lib/python3.12/site-packages/airflow/example_dags/example_display_name.py
[2025-02-01T15:00:46.777+0000] {logging_mixin.py:190} INFO - [2025-02-01T15:00:46.777+0000] {dag.py:3239} INFO - Sync 1 DAGs
[2025-02-01T15:00:46.784+0000] {logging_mixin.py:190} INFO - [2025-02-01T15:00:46.783+0000] {dag.py:4180} INFO - Setting next_dagrun for example_display_name to None, run_after=None
[2025-02-01T15:00:46.792+0000] {processor.py:208} INFO - Processing /home/airflow/.local/lib/python3.12/site-packages/airflow/example_dags/example_display_name.py took 0.036 seconds
[2025-02-01T15:01:18.145+0000] {processor.py:186} INFO - Started process (PID=2090) to work on /home/airflow/.local/lib/python3.12/site-packages/airflow/example_dags/example_display_name.py
[2025-02-01T15:01:18.146+0000] {processor.py:914} INFO - Processing file /home/airflow/.local/lib/python3.12/site-packages/airflow/example_dags/example_display_name.py for tasks to queue
[2025-02-01T15:01:18.147+0000] {logging_mixin.py:190} INFO - [2025-02-01T15:01:18.147+0000] {dagbag.py:588} INFO - Filling up the DagBag from /home/airflow/.local/lib/python3.12/site-packages/airflow/example_dags/example_display_name.py
[2025-02-01T15:01:18.154+0000] {processor.py:925} INFO - DAG(s) 'example_display_name' retrieved from /home/airflow/.local/lib/python3.12/site-packages/airflow/example_dags/example_display_name.py
[2025-02-01T15:01:18.169+0000] {logging_mixin.py:190} INFO - [2025-02-01T15:01:18.169+0000] {dag.py:3239} INFO - Sync 1 DAGs
[2025-02-01T15:01:18.178+0000] {logging_mixin.py:190} INFO - [2025-02-01T15:01:18.178+0000] {dag.py:4180} INFO - Setting next_dagrun for example_display_name to None, run_after=None
[2025-02-01T15:01:18.191+0000] {processor.py:208} INFO - Processing /home/airflow/.local/lib/python3.12/site-packages/airflow/example_dags/example_display_name.py took 0.051 seconds
[2025-02-01T15:01:49.312+0000] {processor.py:186} INFO - Started process (PID=2156) to work on /home/airflow/.local/lib/python3.12/site-packages/airflow/example_dags/example_display_name.py
[2025-02-01T15:01:49.313+0000] {processor.py:914} INFO - Processing file /home/airflow/.local/lib/python3.12/site-packages/airflow/example_dags/example_display_name.py for tasks to queue
[2025-02-01T15:01:49.316+0000] {logging_mixin.py:190} INFO - [2025-02-01T15:01:49.316+0000] {dagbag.py:588} INFO - Filling up the DagBag from /home/airflow/.local/lib/python3.12/site-packages/airflow/example_dags/example_display_name.py
[2025-02-01T15:01:49.322+0000] {processor.py:925} INFO - DAG(s) 'example_display_name' retrieved from /home/airflow/.local/lib/python3.12/site-packages/airflow/example_dags/example_display_name.py
[2025-02-01T15:01:49.340+0000] {logging_mixin.py:190} INFO - [2025-02-01T15:01:49.338+0000] {dag.py:3239} INFO - Sync 1 DAGs
[2025-02-01T15:01:49.348+0000] {logging_mixin.py:190} INFO - [2025-02-01T15:01:49.348+0000] {dag.py:4180} INFO - Setting next_dagrun for example_display_name to None, run_after=None
[2025-02-01T15:01:49.356+0000] {processor.py:208} INFO - Processing /home/airflow/.local/lib/python3.12/site-packages/airflow/example_dags/example_display_name.py took 0.046 seconds
[2025-02-01T15:02:19.976+0000] {processor.py:186} INFO - Started process (PID=2222) to work on /home/airflow/.local/lib/python3.12/site-packages/airflow/example_dags/example_display_name.py
[2025-02-01T15:02:19.977+0000] {processor.py:914} INFO - Processing file /home/airflow/.local/lib/python3.12/site-packages/airflow/example_dags/example_display_name.py for tasks to queue
[2025-02-01T15:02:19.978+0000] {logging_mixin.py:190} INFO - [2025-02-01T15:02:19.978+0000] {dagbag.py:588} INFO - Filling up the DagBag from /home/airflow/.local/lib/python3.12/site-packages/airflow/example_dags/example_display_name.py
[2025-02-01T15:02:19.983+0000] {processor.py:925} INFO - DAG(s) 'example_display_name' retrieved from /home/airflow/.local/lib/python3.12/site-packages/airflow/example_dags/example_display_name.py
[2025-02-01T15:02:19.995+0000] {logging_mixin.py:190} INFO - [2025-02-01T15:02:19.995+0000] {dag.py:3239} INFO - Sync 1 DAGs
[2025-02-01T15:02:20.001+0000] {logging_mixin.py:190} INFO - [2025-02-01T15:02:20.001+0000] {dag.py:4180} INFO - Setting next_dagrun for example_display_name to None, run_after=None
[2025-02-01T15:02:20.009+0000] {processor.py:208} INFO - Processing /home/airflow/.local/lib/python3.12/site-packages/airflow/example_dags/example_display_name.py took 0.036 seconds
[2025-02-01T15:02:51.143+0000] {processor.py:186} INFO - Started process (PID=2288) to work on /home/airflow/.local/lib/python3.12/site-packages/airflow/example_dags/example_display_name.py
[2025-02-01T15:02:51.144+0000] {processor.py:914} INFO - Processing file /home/airflow/.local/lib/python3.12/site-packages/airflow/example_dags/example_display_name.py for tasks to queue
[2025-02-01T15:02:51.147+0000] {logging_mixin.py:190} INFO - [2025-02-01T15:02:51.147+0000] {dagbag.py:588} INFO - Filling up the DagBag from /home/airflow/.local/lib/python3.12/site-packages/airflow/example_dags/example_display_name.py
[2025-02-01T15:02:51.153+0000] {processor.py:925} INFO - DAG(s) 'example_display_name' retrieved from /home/airflow/.local/lib/python3.12/site-packages/airflow/example_dags/example_display_name.py
[2025-02-01T15:02:51.165+0000] {logging_mixin.py:190} INFO - [2025-02-01T15:02:51.165+0000] {dag.py:3239} INFO - Sync 1 DAGs
[2025-02-01T15:02:51.173+0000] {logging_mixin.py:190} INFO - [2025-02-01T15:02:51.173+0000] {dag.py:4180} INFO - Setting next_dagrun for example_display_name to None, run_after=None
[2025-02-01T15:02:51.180+0000] {processor.py:208} INFO - Processing /home/airflow/.local/lib/python3.12/site-packages/airflow/example_dags/example_display_name.py took 0.040 seconds
[2025-02-01T15:03:22.225+0000] {processor.py:186} INFO - Started process (PID=2354) to work on /home/airflow/.local/lib/python3.12/site-packages/airflow/example_dags/example_display_name.py
[2025-02-01T15:03:22.226+0000] {processor.py:914} INFO - Processing file /home/airflow/.local/lib/python3.12/site-packages/airflow/example_dags/example_display_name.py for tasks to queue
[2025-02-01T15:03:22.227+0000] {logging_mixin.py:190} INFO - [2025-02-01T15:03:22.227+0000] {dagbag.py:588} INFO - Filling up the DagBag from /home/airflow/.local/lib/python3.12/site-packages/airflow/example_dags/example_display_name.py
[2025-02-01T15:03:22.230+0000] {processor.py:925} INFO - DAG(s) 'example_display_name' retrieved from /home/airflow/.local/lib/python3.12/site-packages/airflow/example_dags/example_display_name.py
[2025-02-01T15:03:22.244+0000] {logging_mixin.py:190} INFO - [2025-02-01T15:03:22.244+0000] {dag.py:3239} INFO - Sync 1 DAGs
[2025-02-01T15:03:22.251+0000] {logging_mixin.py:190} INFO - [2025-02-01T15:03:22.251+0000] {dag.py:4180} INFO - Setting next_dagrun for example_display_name to None, run_after=None
[2025-02-01T15:03:22.262+0000] {processor.py:208} INFO - Processing /home/airflow/.local/lib/python3.12/site-packages/airflow/example_dags/example_display_name.py took 0.039 seconds
[2025-02-01T15:03:53.328+0000] {processor.py:186} INFO - Started process (PID=2421) to work on /home/airflow/.local/lib/python3.12/site-packages/airflow/example_dags/example_display_name.py
[2025-02-01T15:03:53.329+0000] {processor.py:914} INFO - Processing file /home/airflow/.local/lib/python3.12/site-packages/airflow/example_dags/example_display_name.py for tasks to queue
[2025-02-01T15:03:53.330+0000] {logging_mixin.py:190} INFO - [2025-02-01T15:03:53.330+0000] {dagbag.py:588} INFO - Filling up the DagBag from /home/airflow/.local/lib/python3.12/site-packages/airflow/example_dags/example_display_name.py
[2025-02-01T15:03:53.337+0000] {processor.py:925} INFO - DAG(s) 'example_display_name' retrieved from /home/airflow/.local/lib/python3.12/site-packages/airflow/example_dags/example_display_name.py
[2025-02-01T15:03:53.353+0000] {logging_mixin.py:190} INFO - [2025-02-01T15:03:53.353+0000] {dag.py:3239} INFO - Sync 1 DAGs
[2025-02-01T15:03:53.362+0000] {logging_mixin.py:190} INFO - [2025-02-01T15:03:53.362+0000] {dag.py:4180} INFO - Setting next_dagrun for example_display_name to None, run_after=None
[2025-02-01T15:03:53.372+0000] {processor.py:208} INFO - Processing /home/airflow/.local/lib/python3.12/site-packages/airflow/example_dags/example_display_name.py took 0.048 seconds
[2025-02-01T15:04:24.753+0000] {processor.py:186} INFO - Started process (PID=2487) to work on /home/airflow/.local/lib/python3.12/site-packages/airflow/example_dags/example_display_name.py
[2025-02-01T15:04:24.753+0000] {processor.py:914} INFO - Processing file /home/airflow/.local/lib/python3.12/site-packages/airflow/example_dags/example_display_name.py for tasks to queue
[2025-02-01T15:04:24.756+0000] {logging_mixin.py:190} INFO - [2025-02-01T15:04:24.756+0000] {dagbag.py:588} INFO - Filling up the DagBag from /home/airflow/.local/lib/python3.12/site-packages/airflow/example_dags/example_display_name.py
[2025-02-01T15:04:24.761+0000] {processor.py:925} INFO - DAG(s) 'example_display_name' retrieved from /home/airflow/.local/lib/python3.12/site-packages/airflow/example_dags/example_display_name.py
[2025-02-01T15:04:24.772+0000] {logging_mixin.py:190} INFO - [2025-02-01T15:04:24.772+0000] {dag.py:3239} INFO - Sync 1 DAGs
[2025-02-01T15:04:24.779+0000] {logging_mixin.py:190} INFO - [2025-02-01T15:04:24.779+0000] {dag.py:4180} INFO - Setting next_dagrun for example_display_name to None, run_after=None
[2025-02-01T15:04:24.788+0000] {processor.py:208} INFO - Processing /home/airflow/.local/lib/python3.12/site-packages/airflow/example_dags/example_display_name.py took 0.039 seconds
[2025-02-01T15:04:55.976+0000] {processor.py:186} INFO - Started process (PID=2553) to work on /home/airflow/.local/lib/python3.12/site-packages/airflow/example_dags/example_display_name.py
[2025-02-01T15:04:55.977+0000] {processor.py:914} INFO - Processing file /home/airflow/.local/lib/python3.12/site-packages/airflow/example_dags/example_display_name.py for tasks to queue
[2025-02-01T15:04:55.977+0000] {logging_mixin.py:190} INFO - [2025-02-01T15:04:55.977+0000] {dagbag.py:588} INFO - Filling up the DagBag from /home/airflow/.local/lib/python3.12/site-packages/airflow/example_dags/example_display_name.py
[2025-02-01T15:04:55.981+0000] {processor.py:925} INFO - DAG(s) 'example_display_name' retrieved from /home/airflow/.local/lib/python3.12/site-packages/airflow/example_dags/example_display_name.py
[2025-02-01T15:04:55.997+0000] {logging_mixin.py:190} INFO - [2025-02-01T15:04:55.997+0000] {dag.py:3239} INFO - Sync 1 DAGs
[2025-02-01T15:04:56.003+0000] {logging_mixin.py:190} INFO - [2025-02-01T15:04:56.003+0000] {dag.py:4180} INFO - Setting next_dagrun for example_display_name to None, run_after=None
[2025-02-01T15:04:56.013+0000] {processor.py:208} INFO - Processing /home/airflow/.local/lib/python3.12/site-packages/airflow/example_dags/example_display_name.py took 0.039 seconds
[2025-02-01T15:05:26.613+0000] {processor.py:186} INFO - Started process (PID=2619) to work on /home/airflow/.local/lib/python3.12/site-packages/airflow/example_dags/example_display_name.py
[2025-02-01T15:05:26.613+0000] {processor.py:914} INFO - Processing file /home/airflow/.local/lib/python3.12/site-packages/airflow/example_dags/example_display_name.py for tasks to queue
[2025-02-01T15:05:26.614+0000] {logging_mixin.py:190} INFO - [2025-02-01T15:05:26.614+0000] {dagbag.py:588} INFO - Filling up the DagBag from /home/airflow/.local/lib/python3.12/site-packages/airflow/example_dags/example_display_name.py
[2025-02-01T15:05:26.618+0000] {processor.py:925} INFO - DAG(s) 'example_display_name' retrieved from /home/airflow/.local/lib/python3.12/site-packages/airflow/example_dags/example_display_name.py
[2025-02-01T15:05:26.630+0000] {logging_mixin.py:190} INFO - [2025-02-01T15:05:26.629+0000] {dag.py:3239} INFO - Sync 1 DAGs
[2025-02-01T15:05:26.636+0000] {logging_mixin.py:190} INFO - [2025-02-01T15:05:26.636+0000] {dag.py:4180} INFO - Setting next_dagrun for example_display_name to None, run_after=None
[2025-02-01T15:05:26.646+0000] {processor.py:208} INFO - Processing /home/airflow/.local/lib/python3.12/site-packages/airflow/example_dags/example_display_name.py took 0.035 seconds
[2025-02-01T15:05:58.308+0000] {processor.py:186} INFO - Started process (PID=2685) to work on /home/airflow/.local/lib/python3.12/site-packages/airflow/example_dags/example_display_name.py
[2025-02-01T15:05:58.310+0000] {processor.py:914} INFO - Processing file /home/airflow/.local/lib/python3.12/site-packages/airflow/example_dags/example_display_name.py for tasks to queue
[2025-02-01T15:05:58.312+0000] {logging_mixin.py:190} INFO - [2025-02-01T15:05:58.311+0000] {dagbag.py:588} INFO - Filling up the DagBag from /home/airflow/.local/lib/python3.12/site-packages/airflow/example_dags/example_display_name.py
[2025-02-01T15:05:58.320+0000] {processor.py:925} INFO - DAG(s) 'example_display_name' retrieved from /home/airflow/.local/lib/python3.12/site-packages/airflow/example_dags/example_display_name.py
[2025-02-01T15:05:58.329+0000] {logging_mixin.py:190} INFO - [2025-02-01T15:05:58.328+0000] {dag.py:3239} INFO - Sync 1 DAGs
[2025-02-01T15:05:58.337+0000] {logging_mixin.py:190} INFO - [2025-02-01T15:05:58.337+0000] {dag.py:4180} INFO - Setting next_dagrun for example_display_name to None, run_after=None
[2025-02-01T15:05:58.344+0000] {processor.py:208} INFO - Processing /home/airflow/.local/lib/python3.12/site-packages/airflow/example_dags/example_display_name.py took 0.039 seconds
[2025-02-01T15:06:29.011+0000] {processor.py:186} INFO - Started process (PID=2751) to work on /home/airflow/.local/lib/python3.12/site-packages/airflow/example_dags/example_display_name.py
[2025-02-01T15:06:29.011+0000] {processor.py:914} INFO - Processing file /home/airflow/.local/lib/python3.12/site-packages/airflow/example_dags/example_display_name.py for tasks to queue
[2025-02-01T15:06:29.012+0000] {logging_mixin.py:190} INFO - [2025-02-01T15:06:29.012+0000] {dagbag.py:588} INFO - Filling up the DagBag from /home/airflow/.local/lib/python3.12/site-packages/airflow/example_dags/example_display_name.py
[2025-02-01T15:06:29.015+0000] {processor.py:925} INFO - DAG(s) 'example_display_name' retrieved from /home/airflow/.local/lib/python3.12/site-packages/airflow/example_dags/example_display_name.py
[2025-02-01T15:06:29.026+0000] {logging_mixin.py:190} INFO - [2025-02-01T15:06:29.026+0000] {dag.py:3239} INFO - Sync 1 DAGs
[2025-02-01T15:06:29.031+0000] {logging_mixin.py:190} INFO - [2025-02-01T15:06:29.031+0000] {dag.py:4180} INFO - Setting next_dagrun for example_display_name to None, run_after=None
[2025-02-01T15:06:29.037+0000] {processor.py:208} INFO - Processing /home/airflow/.local/lib/python3.12/site-packages/airflow/example_dags/example_display_name.py took 0.028 seconds
