[2025-02-01T13:35:15.788+0000] {processor.py:186} INFO - Started process (PID=89) to work on /home/airflow/.local/lib/python3.12/site-packages/airflow/example_dags/example_sensors.py
[2025-02-01T13:35:15.789+0000] {processor.py:914} INFO - Processing file /home/airflow/.local/lib/python3.12/site-packages/airflow/example_dags/example_sensors.py for tasks to queue
[2025-02-01T13:35:15.799+0000] {logging_mixin.py:190} INFO - [2025-02-01T13:35:15.796+0000] {dagbag.py:588} INFO - Filling up the DagBag from /home/airflow/.local/lib/python3.12/site-packages/airflow/example_dags/example_sensors.py
[2025-02-01T13:35:15.811+0000] {processor.py:925} INFO - DAG(s) 'example_sensors' retrieved from /home/airflow/.local/lib/python3.12/site-packages/airflow/example_dags/example_sensors.py
[2025-02-01T13:35:15.881+0000] {logging_mixin.py:190} INFO - [2025-02-01T13:35:15.880+0000] {dag.py:3239} INFO - Sync 1 DAGs
[2025-02-01T13:35:15.910+0000] {logging_mixin.py:190} INFO - [2025-02-01T13:35:15.910+0000] {dag.py:4180} INFO - Setting next_dagrun for example_sensors to None, run_after=None
[2025-02-01T13:35:15.944+0000] {processor.py:208} INFO - Processing /home/airflow/.local/lib/python3.12/site-packages/airflow/example_dags/example_sensors.py took 0.171 seconds
[2025-02-01T13:35:46.347+0000] {processor.py:186} INFO - Started process (PID=154) to work on /home/airflow/.local/lib/python3.12/site-packages/airflow/example_dags/example_sensors.py
[2025-02-01T13:35:46.348+0000] {processor.py:914} INFO - Processing file /home/airflow/.local/lib/python3.12/site-packages/airflow/example_dags/example_sensors.py for tasks to queue
[2025-02-01T13:35:46.351+0000] {logging_mixin.py:190} INFO - [2025-02-01T13:35:46.350+0000] {dagbag.py:588} INFO - Filling up the DagBag from /home/airflow/.local/lib/python3.12/site-packages/airflow/example_dags/example_sensors.py
[2025-02-01T13:35:46.358+0000] {processor.py:925} INFO - DAG(s) 'example_sensors' retrieved from /home/airflow/.local/lib/python3.12/site-packages/airflow/example_dags/example_sensors.py
[2025-02-01T13:35:46.381+0000] {logging_mixin.py:190} INFO - [2025-02-01T13:35:46.381+0000] {dag.py:3239} INFO - Sync 1 DAGs
[2025-02-01T13:35:46.391+0000] {logging_mixin.py:190} INFO - [2025-02-01T13:35:46.391+0000] {dag.py:4180} INFO - Setting next_dagrun for example_sensors to None, run_after=None
[2025-02-01T13:35:46.408+0000] {processor.py:208} INFO - Processing /home/airflow/.local/lib/python3.12/site-packages/airflow/example_dags/example_sensors.py took 0.066 seconds
[2025-02-01T13:36:17.719+0000] {processor.py:186} INFO - Started process (PID=221) to work on /home/airflow/.local/lib/python3.12/site-packages/airflow/example_dags/example_sensors.py
[2025-02-01T13:36:17.720+0000] {processor.py:914} INFO - Processing file /home/airflow/.local/lib/python3.12/site-packages/airflow/example_dags/example_sensors.py for tasks to queue
[2025-02-01T13:36:17.730+0000] {logging_mixin.py:190} INFO - [2025-02-01T13:36:17.729+0000] {dagbag.py:588} INFO - Filling up the DagBag from /home/airflow/.local/lib/python3.12/site-packages/airflow/example_dags/example_sensors.py
[2025-02-01T13:36:17.736+0000] {processor.py:925} INFO - DAG(s) 'example_sensors' retrieved from /home/airflow/.local/lib/python3.12/site-packages/airflow/example_dags/example_sensors.py
[2025-02-01T13:36:17.755+0000] {logging_mixin.py:190} INFO - [2025-02-01T13:36:17.755+0000] {dag.py:3239} INFO - Sync 1 DAGs
[2025-02-01T13:36:17.768+0000] {logging_mixin.py:190} INFO - [2025-02-01T13:36:17.768+0000] {dag.py:4180} INFO - Setting next_dagrun for example_sensors to None, run_after=None
[2025-02-01T13:36:17.789+0000] {processor.py:208} INFO - Processing /home/airflow/.local/lib/python3.12/site-packages/airflow/example_dags/example_sensors.py took 0.073 seconds
[2025-02-01T13:36:48.563+0000] {processor.py:186} INFO - Started process (PID=287) to work on /home/airflow/.local/lib/python3.12/site-packages/airflow/example_dags/example_sensors.py
[2025-02-01T13:36:48.568+0000] {processor.py:914} INFO - Processing file /home/airflow/.local/lib/python3.12/site-packages/airflow/example_dags/example_sensors.py for tasks to queue
[2025-02-01T13:36:48.569+0000] {logging_mixin.py:190} INFO - [2025-02-01T13:36:48.569+0000] {dagbag.py:588} INFO - Filling up the DagBag from /home/airflow/.local/lib/python3.12/site-packages/airflow/example_dags/example_sensors.py
[2025-02-01T13:36:48.577+0000] {processor.py:925} INFO - DAG(s) 'example_sensors' retrieved from /home/airflow/.local/lib/python3.12/site-packages/airflow/example_dags/example_sensors.py
[2025-02-01T13:36:48.598+0000] {logging_mixin.py:190} INFO - [2025-02-01T13:36:48.598+0000] {dag.py:3239} INFO - Sync 1 DAGs
[2025-02-01T13:36:48.607+0000] {logging_mixin.py:190} INFO - [2025-02-01T13:36:48.606+0000] {dag.py:4180} INFO - Setting next_dagrun for example_sensors to None, run_after=None
[2025-02-01T13:36:48.626+0000] {processor.py:208} INFO - Processing /home/airflow/.local/lib/python3.12/site-packages/airflow/example_dags/example_sensors.py took 0.066 seconds
[2025-02-01T13:37:19.462+0000] {processor.py:186} INFO - Started process (PID=353) to work on /home/airflow/.local/lib/python3.12/site-packages/airflow/example_dags/example_sensors.py
[2025-02-01T13:37:19.463+0000] {processor.py:914} INFO - Processing file /home/airflow/.local/lib/python3.12/site-packages/airflow/example_dags/example_sensors.py for tasks to queue
[2025-02-01T13:37:19.464+0000] {logging_mixin.py:190} INFO - [2025-02-01T13:37:19.464+0000] {dagbag.py:588} INFO - Filling up the DagBag from /home/airflow/.local/lib/python3.12/site-packages/airflow/example_dags/example_sensors.py
[2025-02-01T13:37:19.473+0000] {processor.py:925} INFO - DAG(s) 'example_sensors' retrieved from /home/airflow/.local/lib/python3.12/site-packages/airflow/example_dags/example_sensors.py
[2025-02-01T13:37:19.489+0000] {logging_mixin.py:190} INFO - [2025-02-01T13:37:19.489+0000] {dag.py:3239} INFO - Sync 1 DAGs
[2025-02-01T13:37:19.498+0000] {logging_mixin.py:190} INFO - [2025-02-01T13:37:19.498+0000] {dag.py:4180} INFO - Setting next_dagrun for example_sensors to None, run_after=None
[2025-02-01T13:37:19.508+0000] {processor.py:208} INFO - Processing /home/airflow/.local/lib/python3.12/site-packages/airflow/example_dags/example_sensors.py took 0.050 seconds
[2025-02-01T13:37:49.886+0000] {processor.py:186} INFO - Started process (PID=419) to work on /home/airflow/.local/lib/python3.12/site-packages/airflow/example_dags/example_sensors.py
[2025-02-01T13:37:49.887+0000] {processor.py:914} INFO - Processing file /home/airflow/.local/lib/python3.12/site-packages/airflow/example_dags/example_sensors.py for tasks to queue
[2025-02-01T13:37:49.890+0000] {logging_mixin.py:190} INFO - [2025-02-01T13:37:49.889+0000] {dagbag.py:588} INFO - Filling up the DagBag from /home/airflow/.local/lib/python3.12/site-packages/airflow/example_dags/example_sensors.py
[2025-02-01T13:37:49.910+0000] {processor.py:925} INFO - DAG(s) 'example_sensors' retrieved from /home/airflow/.local/lib/python3.12/site-packages/airflow/example_dags/example_sensors.py
[2025-02-01T13:37:49.933+0000] {logging_mixin.py:190} INFO - [2025-02-01T13:37:49.933+0000] {dag.py:3239} INFO - Sync 1 DAGs
[2025-02-01T13:37:49.945+0000] {logging_mixin.py:190} INFO - [2025-02-01T13:37:49.945+0000] {dag.py:4180} INFO - Setting next_dagrun for example_sensors to None, run_after=None
[2025-02-01T13:37:49.957+0000] {processor.py:208} INFO - Processing /home/airflow/.local/lib/python3.12/site-packages/airflow/example_dags/example_sensors.py took 0.077 seconds
[2025-02-01T13:38:20.538+0000] {processor.py:186} INFO - Started process (PID=485) to work on /home/airflow/.local/lib/python3.12/site-packages/airflow/example_dags/example_sensors.py
[2025-02-01T13:38:20.539+0000] {processor.py:914} INFO - Processing file /home/airflow/.local/lib/python3.12/site-packages/airflow/example_dags/example_sensors.py for tasks to queue
[2025-02-01T13:38:20.541+0000] {logging_mixin.py:190} INFO - [2025-02-01T13:38:20.541+0000] {dagbag.py:588} INFO - Filling up the DagBag from /home/airflow/.local/lib/python3.12/site-packages/airflow/example_dags/example_sensors.py
[2025-02-01T13:38:20.550+0000] {processor.py:925} INFO - DAG(s) 'example_sensors' retrieved from /home/airflow/.local/lib/python3.12/site-packages/airflow/example_dags/example_sensors.py
[2025-02-01T13:38:20.567+0000] {logging_mixin.py:190} INFO - [2025-02-01T13:38:20.566+0000] {dag.py:3239} INFO - Sync 1 DAGs
[2025-02-01T13:38:20.575+0000] {logging_mixin.py:190} INFO - [2025-02-01T13:38:20.575+0000] {dag.py:4180} INFO - Setting next_dagrun for example_sensors to None, run_after=None
[2025-02-01T13:38:20.586+0000] {processor.py:208} INFO - Processing /home/airflow/.local/lib/python3.12/site-packages/airflow/example_dags/example_sensors.py took 0.050 seconds
[2025-02-01T13:38:51.439+0000] {processor.py:186} INFO - Started process (PID=551) to work on /home/airflow/.local/lib/python3.12/site-packages/airflow/example_dags/example_sensors.py
[2025-02-01T13:38:51.439+0000] {processor.py:914} INFO - Processing file /home/airflow/.local/lib/python3.12/site-packages/airflow/example_dags/example_sensors.py for tasks to queue
[2025-02-01T13:38:51.440+0000] {logging_mixin.py:190} INFO - [2025-02-01T13:38:51.440+0000] {dagbag.py:588} INFO - Filling up the DagBag from /home/airflow/.local/lib/python3.12/site-packages/airflow/example_dags/example_sensors.py
[2025-02-01T13:38:51.448+0000] {processor.py:925} INFO - DAG(s) 'example_sensors' retrieved from /home/airflow/.local/lib/python3.12/site-packages/airflow/example_dags/example_sensors.py
[2025-02-01T13:38:51.469+0000] {logging_mixin.py:190} INFO - [2025-02-01T13:38:51.469+0000] {dag.py:3239} INFO - Sync 1 DAGs
[2025-02-01T13:38:51.478+0000] {logging_mixin.py:190} INFO - [2025-02-01T13:38:51.477+0000] {dag.py:4180} INFO - Setting next_dagrun for example_sensors to None, run_after=None
[2025-02-01T13:38:51.487+0000] {processor.py:208} INFO - Processing /home/airflow/.local/lib/python3.12/site-packages/airflow/example_dags/example_sensors.py took 0.050 seconds
[2025-02-01T13:39:22.612+0000] {processor.py:186} INFO - Started process (PID=617) to work on /home/airflow/.local/lib/python3.12/site-packages/airflow/example_dags/example_sensors.py
[2025-02-01T13:39:22.613+0000] {processor.py:914} INFO - Processing file /home/airflow/.local/lib/python3.12/site-packages/airflow/example_dags/example_sensors.py for tasks to queue
[2025-02-01T13:39:22.615+0000] {logging_mixin.py:190} INFO - [2025-02-01T13:39:22.614+0000] {dagbag.py:588} INFO - Filling up the DagBag from /home/airflow/.local/lib/python3.12/site-packages/airflow/example_dags/example_sensors.py
[2025-02-01T13:39:22.625+0000] {processor.py:925} INFO - DAG(s) 'example_sensors' retrieved from /home/airflow/.local/lib/python3.12/site-packages/airflow/example_dags/example_sensors.py
[2025-02-01T13:39:22.645+0000] {logging_mixin.py:190} INFO - [2025-02-01T13:39:22.645+0000] {dag.py:3239} INFO - Sync 1 DAGs
[2025-02-01T13:39:22.654+0000] {logging_mixin.py:190} INFO - [2025-02-01T13:39:22.654+0000] {dag.py:4180} INFO - Setting next_dagrun for example_sensors to None, run_after=None
[2025-02-01T13:39:22.665+0000] {processor.py:208} INFO - Processing /home/airflow/.local/lib/python3.12/site-packages/airflow/example_dags/example_sensors.py took 0.056 seconds
[2025-02-01T13:39:53.192+0000] {processor.py:186} INFO - Started process (PID=683) to work on /home/airflow/.local/lib/python3.12/site-packages/airflow/example_dags/example_sensors.py
[2025-02-01T13:39:53.194+0000] {processor.py:914} INFO - Processing file /home/airflow/.local/lib/python3.12/site-packages/airflow/example_dags/example_sensors.py for tasks to queue
[2025-02-01T13:39:53.195+0000] {logging_mixin.py:190} INFO - [2025-02-01T13:39:53.195+0000] {dagbag.py:588} INFO - Filling up the DagBag from /home/airflow/.local/lib/python3.12/site-packages/airflow/example_dags/example_sensors.py
[2025-02-01T13:39:53.205+0000] {processor.py:925} INFO - DAG(s) 'example_sensors' retrieved from /home/airflow/.local/lib/python3.12/site-packages/airflow/example_dags/example_sensors.py
[2025-02-01T13:39:53.225+0000] {logging_mixin.py:190} INFO - [2025-02-01T13:39:53.225+0000] {dag.py:3239} INFO - Sync 1 DAGs
[2025-02-01T13:39:53.233+0000] {logging_mixin.py:190} INFO - [2025-02-01T13:39:53.232+0000] {dag.py:4180} INFO - Setting next_dagrun for example_sensors to None, run_after=None
[2025-02-01T13:39:53.240+0000] {processor.py:208} INFO - Processing /home/airflow/.local/lib/python3.12/site-packages/airflow/example_dags/example_sensors.py took 0.051 seconds
[2025-02-01T13:40:24.022+0000] {processor.py:186} INFO - Started process (PID=749) to work on /home/airflow/.local/lib/python3.12/site-packages/airflow/example_dags/example_sensors.py
[2025-02-01T13:40:24.023+0000] {processor.py:914} INFO - Processing file /home/airflow/.local/lib/python3.12/site-packages/airflow/example_dags/example_sensors.py for tasks to queue
[2025-02-01T13:40:24.024+0000] {logging_mixin.py:190} INFO - [2025-02-01T13:40:24.024+0000] {dagbag.py:588} INFO - Filling up the DagBag from /home/airflow/.local/lib/python3.12/site-packages/airflow/example_dags/example_sensors.py
[2025-02-01T13:40:24.030+0000] {processor.py:925} INFO - DAG(s) 'example_sensors' retrieved from /home/airflow/.local/lib/python3.12/site-packages/airflow/example_dags/example_sensors.py
[2025-02-01T13:40:24.044+0000] {logging_mixin.py:190} INFO - [2025-02-01T13:40:24.044+0000] {dag.py:3239} INFO - Sync 1 DAGs
[2025-02-01T13:40:24.053+0000] {logging_mixin.py:190} INFO - [2025-02-01T13:40:24.053+0000] {dag.py:4180} INFO - Setting next_dagrun for example_sensors to None, run_after=None
[2025-02-01T13:40:24.062+0000] {processor.py:208} INFO - Processing /home/airflow/.local/lib/python3.12/site-packages/airflow/example_dags/example_sensors.py took 0.042 seconds
[2025-02-01T13:40:54.979+0000] {processor.py:186} INFO - Started process (PID=815) to work on /home/airflow/.local/lib/python3.12/site-packages/airflow/example_dags/example_sensors.py
[2025-02-01T13:40:54.980+0000] {processor.py:914} INFO - Processing file /home/airflow/.local/lib/python3.12/site-packages/airflow/example_dags/example_sensors.py for tasks to queue
[2025-02-01T13:40:54.981+0000] {logging_mixin.py:190} INFO - [2025-02-01T13:40:54.980+0000] {dagbag.py:588} INFO - Filling up the DagBag from /home/airflow/.local/lib/python3.12/site-packages/airflow/example_dags/example_sensors.py
[2025-02-01T13:40:54.987+0000] {processor.py:925} INFO - DAG(s) 'example_sensors' retrieved from /home/airflow/.local/lib/python3.12/site-packages/airflow/example_dags/example_sensors.py
[2025-02-01T13:40:55.000+0000] {logging_mixin.py:190} INFO - [2025-02-01T13:40:55.000+0000] {dag.py:3239} INFO - Sync 1 DAGs
[2025-02-01T13:40:55.006+0000] {logging_mixin.py:190} INFO - [2025-02-01T13:40:55.006+0000] {dag.py:4180} INFO - Setting next_dagrun for example_sensors to None, run_after=None
[2025-02-01T13:40:55.014+0000] {processor.py:208} INFO - Processing /home/airflow/.local/lib/python3.12/site-packages/airflow/example_dags/example_sensors.py took 0.038 seconds
[2025-02-01T13:41:26.164+0000] {processor.py:186} INFO - Started process (PID=881) to work on /home/airflow/.local/lib/python3.12/site-packages/airflow/example_dags/example_sensors.py
[2025-02-01T13:41:26.165+0000] {processor.py:914} INFO - Processing file /home/airflow/.local/lib/python3.12/site-packages/airflow/example_dags/example_sensors.py for tasks to queue
[2025-02-01T13:41:26.167+0000] {logging_mixin.py:190} INFO - [2025-02-01T13:41:26.167+0000] {dagbag.py:588} INFO - Filling up the DagBag from /home/airflow/.local/lib/python3.12/site-packages/airflow/example_dags/example_sensors.py
[2025-02-01T13:41:26.175+0000] {processor.py:925} INFO - DAG(s) 'example_sensors' retrieved from /home/airflow/.local/lib/python3.12/site-packages/airflow/example_dags/example_sensors.py
[2025-02-01T13:41:26.194+0000] {logging_mixin.py:190} INFO - [2025-02-01T13:41:26.194+0000] {dag.py:3239} INFO - Sync 1 DAGs
[2025-02-01T13:41:26.202+0000] {logging_mixin.py:190} INFO - [2025-02-01T13:41:26.201+0000] {dag.py:4180} INFO - Setting next_dagrun for example_sensors to None, run_after=None
[2025-02-01T13:41:26.214+0000] {processor.py:208} INFO - Processing /home/airflow/.local/lib/python3.12/site-packages/airflow/example_dags/example_sensors.py took 0.053 seconds
[2025-02-01T13:41:57.025+0000] {processor.py:186} INFO - Started process (PID=947) to work on /home/airflow/.local/lib/python3.12/site-packages/airflow/example_dags/example_sensors.py
[2025-02-01T13:41:57.026+0000] {processor.py:914} INFO - Processing file /home/airflow/.local/lib/python3.12/site-packages/airflow/example_dags/example_sensors.py for tasks to queue
[2025-02-01T13:41:57.028+0000] {logging_mixin.py:190} INFO - [2025-02-01T13:41:57.028+0000] {dagbag.py:588} INFO - Filling up the DagBag from /home/airflow/.local/lib/python3.12/site-packages/airflow/example_dags/example_sensors.py
[2025-02-01T13:41:57.034+0000] {processor.py:925} INFO - DAG(s) 'example_sensors' retrieved from /home/airflow/.local/lib/python3.12/site-packages/airflow/example_dags/example_sensors.py
[2025-02-01T13:41:57.052+0000] {logging_mixin.py:190} INFO - [2025-02-01T13:41:57.052+0000] {dag.py:3239} INFO - Sync 1 DAGs
[2025-02-01T13:41:57.060+0000] {logging_mixin.py:190} INFO - [2025-02-01T13:41:57.060+0000] {dag.py:4180} INFO - Setting next_dagrun for example_sensors to None, run_after=None
[2025-02-01T13:41:57.075+0000] {processor.py:208} INFO - Processing /home/airflow/.local/lib/python3.12/site-packages/airflow/example_dags/example_sensors.py took 0.053 seconds
[2025-02-01T14:45:45.892+0000] {processor.py:186} INFO - Started process (PID=86) to work on /home/airflow/.local/lib/python3.12/site-packages/airflow/example_dags/example_sensors.py
[2025-02-01T14:45:45.893+0000] {processor.py:914} INFO - Processing file /home/airflow/.local/lib/python3.12/site-packages/airflow/example_dags/example_sensors.py for tasks to queue
[2025-02-01T14:45:45.894+0000] {logging_mixin.py:190} INFO - [2025-02-01T14:45:45.894+0000] {dagbag.py:588} INFO - Filling up the DagBag from /home/airflow/.local/lib/python3.12/site-packages/airflow/example_dags/example_sensors.py
[2025-02-01T14:45:45.900+0000] {processor.py:925} INFO - DAG(s) 'example_sensors' retrieved from /home/airflow/.local/lib/python3.12/site-packages/airflow/example_dags/example_sensors.py
[2025-02-01T14:45:45.917+0000] {logging_mixin.py:190} INFO - [2025-02-01T14:45:45.917+0000] {dag.py:3239} INFO - Sync 1 DAGs
[2025-02-01T14:45:45.925+0000] {logging_mixin.py:190} INFO - [2025-02-01T14:45:45.925+0000] {dag.py:4180} INFO - Setting next_dagrun for example_sensors to None, run_after=None
[2025-02-01T14:45:45.955+0000] {processor.py:208} INFO - Processing /home/airflow/.local/lib/python3.12/site-packages/airflow/example_dags/example_sensors.py took 0.065 seconds
[2025-02-01T14:46:16.868+0000] {processor.py:186} INFO - Started process (PID=157) to work on /home/airflow/.local/lib/python3.12/site-packages/airflow/example_dags/example_sensors.py
[2025-02-01T14:46:16.868+0000] {processor.py:914} INFO - Processing file /home/airflow/.local/lib/python3.12/site-packages/airflow/example_dags/example_sensors.py for tasks to queue
[2025-02-01T14:46:16.869+0000] {logging_mixin.py:190} INFO - [2025-02-01T14:46:16.869+0000] {dagbag.py:588} INFO - Filling up the DagBag from /home/airflow/.local/lib/python3.12/site-packages/airflow/example_dags/example_sensors.py
[2025-02-01T14:46:16.874+0000] {processor.py:925} INFO - DAG(s) 'example_sensors' retrieved from /home/airflow/.local/lib/python3.12/site-packages/airflow/example_dags/example_sensors.py
[2025-02-01T14:46:16.886+0000] {logging_mixin.py:190} INFO - [2025-02-01T14:46:16.886+0000] {dag.py:3239} INFO - Sync 1 DAGs
[2025-02-01T14:46:16.892+0000] {logging_mixin.py:190} INFO - [2025-02-01T14:46:16.892+0000] {dag.py:4180} INFO - Setting next_dagrun for example_sensors to None, run_after=None
[2025-02-01T14:46:16.901+0000] {processor.py:208} INFO - Processing /home/airflow/.local/lib/python3.12/site-packages/airflow/example_dags/example_sensors.py took 0.035 seconds
[2025-02-01T14:46:47.926+0000] {processor.py:186} INFO - Started process (PID=223) to work on /home/airflow/.local/lib/python3.12/site-packages/airflow/example_dags/example_sensors.py
[2025-02-01T14:46:47.928+0000] {processor.py:914} INFO - Processing file /home/airflow/.local/lib/python3.12/site-packages/airflow/example_dags/example_sensors.py for tasks to queue
[2025-02-01T14:46:47.930+0000] {logging_mixin.py:190} INFO - [2025-02-01T14:46:47.930+0000] {dagbag.py:588} INFO - Filling up the DagBag from /home/airflow/.local/lib/python3.12/site-packages/airflow/example_dags/example_sensors.py
[2025-02-01T14:46:47.936+0000] {processor.py:925} INFO - DAG(s) 'example_sensors' retrieved from /home/airflow/.local/lib/python3.12/site-packages/airflow/example_dags/example_sensors.py
[2025-02-01T14:46:47.958+0000] {logging_mixin.py:190} INFO - [2025-02-01T14:46:47.958+0000] {dag.py:3239} INFO - Sync 1 DAGs
[2025-02-01T14:46:47.964+0000] {logging_mixin.py:190} INFO - [2025-02-01T14:46:47.964+0000] {dag.py:4180} INFO - Setting next_dagrun for example_sensors to None, run_after=None
[2025-02-01T14:46:47.971+0000] {processor.py:208} INFO - Processing /home/airflow/.local/lib/python3.12/site-packages/airflow/example_dags/example_sensors.py took 0.047 seconds
[2025-02-01T14:47:18.817+0000] {processor.py:186} INFO - Started process (PID=289) to work on /home/airflow/.local/lib/python3.12/site-packages/airflow/example_dags/example_sensors.py
[2025-02-01T14:47:18.817+0000] {processor.py:914} INFO - Processing file /home/airflow/.local/lib/python3.12/site-packages/airflow/example_dags/example_sensors.py for tasks to queue
[2025-02-01T14:47:18.818+0000] {logging_mixin.py:190} INFO - [2025-02-01T14:47:18.818+0000] {dagbag.py:588} INFO - Filling up the DagBag from /home/airflow/.local/lib/python3.12/site-packages/airflow/example_dags/example_sensors.py
[2025-02-01T14:47:18.824+0000] {processor.py:925} INFO - DAG(s) 'example_sensors' retrieved from /home/airflow/.local/lib/python3.12/site-packages/airflow/example_dags/example_sensors.py
[2025-02-01T14:47:18.839+0000] {logging_mixin.py:190} INFO - [2025-02-01T14:47:18.839+0000] {dag.py:3239} INFO - Sync 1 DAGs
[2025-02-01T14:47:18.848+0000] {logging_mixin.py:190} INFO - [2025-02-01T14:47:18.848+0000] {dag.py:4180} INFO - Setting next_dagrun for example_sensors to None, run_after=None
[2025-02-01T14:47:18.858+0000] {processor.py:208} INFO - Processing /home/airflow/.local/lib/python3.12/site-packages/airflow/example_dags/example_sensors.py took 0.043 seconds
[2025-02-01T14:47:50.093+0000] {processor.py:186} INFO - Started process (PID=355) to work on /home/airflow/.local/lib/python3.12/site-packages/airflow/example_dags/example_sensors.py
[2025-02-01T14:47:50.094+0000] {processor.py:914} INFO - Processing file /home/airflow/.local/lib/python3.12/site-packages/airflow/example_dags/example_sensors.py for tasks to queue
[2025-02-01T14:47:50.095+0000] {logging_mixin.py:190} INFO - [2025-02-01T14:47:50.095+0000] {dagbag.py:588} INFO - Filling up the DagBag from /home/airflow/.local/lib/python3.12/site-packages/airflow/example_dags/example_sensors.py
[2025-02-01T14:47:50.099+0000] {processor.py:925} INFO - DAG(s) 'example_sensors' retrieved from /home/airflow/.local/lib/python3.12/site-packages/airflow/example_dags/example_sensors.py
[2025-02-01T14:47:50.110+0000] {logging_mixin.py:190} INFO - [2025-02-01T14:47:50.110+0000] {dag.py:3239} INFO - Sync 1 DAGs
[2025-02-01T14:47:50.116+0000] {logging_mixin.py:190} INFO - [2025-02-01T14:47:50.115+0000] {dag.py:4180} INFO - Setting next_dagrun for example_sensors to None, run_after=None
[2025-02-01T14:47:50.122+0000] {processor.py:208} INFO - Processing /home/airflow/.local/lib/python3.12/site-packages/airflow/example_dags/example_sensors.py took 0.031 seconds
[2025-02-01T14:48:20.912+0000] {processor.py:186} INFO - Started process (PID=421) to work on /home/airflow/.local/lib/python3.12/site-packages/airflow/example_dags/example_sensors.py
[2025-02-01T14:48:20.912+0000] {processor.py:914} INFO - Processing file /home/airflow/.local/lib/python3.12/site-packages/airflow/example_dags/example_sensors.py for tasks to queue
[2025-02-01T14:48:20.913+0000] {logging_mixin.py:190} INFO - [2025-02-01T14:48:20.913+0000] {dagbag.py:588} INFO - Filling up the DagBag from /home/airflow/.local/lib/python3.12/site-packages/airflow/example_dags/example_sensors.py
[2025-02-01T14:48:20.920+0000] {processor.py:925} INFO - DAG(s) 'example_sensors' retrieved from /home/airflow/.local/lib/python3.12/site-packages/airflow/example_dags/example_sensors.py
[2025-02-01T14:48:20.933+0000] {logging_mixin.py:190} INFO - [2025-02-01T14:48:20.933+0000] {dag.py:3239} INFO - Sync 1 DAGs
[2025-02-01T14:48:20.938+0000] {logging_mixin.py:190} INFO - [2025-02-01T14:48:20.938+0000] {dag.py:4180} INFO - Setting next_dagrun for example_sensors to None, run_after=None
[2025-02-01T14:48:20.945+0000] {processor.py:208} INFO - Processing /home/airflow/.local/lib/python3.12/site-packages/airflow/example_dags/example_sensors.py took 0.036 seconds
[2025-02-01T14:48:51.889+0000] {processor.py:186} INFO - Started process (PID=487) to work on /home/airflow/.local/lib/python3.12/site-packages/airflow/example_dags/example_sensors.py
[2025-02-01T14:48:51.889+0000] {processor.py:914} INFO - Processing file /home/airflow/.local/lib/python3.12/site-packages/airflow/example_dags/example_sensors.py for tasks to queue
[2025-02-01T14:48:51.890+0000] {logging_mixin.py:190} INFO - [2025-02-01T14:48:51.890+0000] {dagbag.py:588} INFO - Filling up the DagBag from /home/airflow/.local/lib/python3.12/site-packages/airflow/example_dags/example_sensors.py
[2025-02-01T14:48:51.895+0000] {processor.py:925} INFO - DAG(s) 'example_sensors' retrieved from /home/airflow/.local/lib/python3.12/site-packages/airflow/example_dags/example_sensors.py
[2025-02-01T14:48:51.906+0000] {logging_mixin.py:190} INFO - [2025-02-01T14:48:51.905+0000] {dag.py:3239} INFO - Sync 1 DAGs
[2025-02-01T14:48:51.912+0000] {logging_mixin.py:190} INFO - [2025-02-01T14:48:51.912+0000] {dag.py:4180} INFO - Setting next_dagrun for example_sensors to None, run_after=None
[2025-02-01T14:48:51.919+0000] {processor.py:208} INFO - Processing /home/airflow/.local/lib/python3.12/site-packages/airflow/example_dags/example_sensors.py took 0.033 seconds
[2025-02-01T14:49:22.973+0000] {processor.py:186} INFO - Started process (PID=552) to work on /home/airflow/.local/lib/python3.12/site-packages/airflow/example_dags/example_sensors.py
[2025-02-01T14:49:22.974+0000] {processor.py:914} INFO - Processing file /home/airflow/.local/lib/python3.12/site-packages/airflow/example_dags/example_sensors.py for tasks to queue
[2025-02-01T14:49:22.975+0000] {logging_mixin.py:190} INFO - [2025-02-01T14:49:22.975+0000] {dagbag.py:588} INFO - Filling up the DagBag from /home/airflow/.local/lib/python3.12/site-packages/airflow/example_dags/example_sensors.py
[2025-02-01T14:49:22.980+0000] {processor.py:925} INFO - DAG(s) 'example_sensors' retrieved from /home/airflow/.local/lib/python3.12/site-packages/airflow/example_dags/example_sensors.py
[2025-02-01T14:49:22.992+0000] {logging_mixin.py:190} INFO - [2025-02-01T14:49:22.992+0000] {dag.py:3239} INFO - Sync 1 DAGs
[2025-02-01T14:49:22.998+0000] {logging_mixin.py:190} INFO - [2025-02-01T14:49:22.998+0000] {dag.py:4180} INFO - Setting next_dagrun for example_sensors to None, run_after=None
[2025-02-01T14:49:23.007+0000] {processor.py:208} INFO - Processing /home/airflow/.local/lib/python3.12/site-packages/airflow/example_dags/example_sensors.py took 0.037 seconds
[2025-02-01T14:49:54.104+0000] {processor.py:186} INFO - Started process (PID=618) to work on /home/airflow/.local/lib/python3.12/site-packages/airflow/example_dags/example_sensors.py
[2025-02-01T14:49:54.105+0000] {processor.py:914} INFO - Processing file /home/airflow/.local/lib/python3.12/site-packages/airflow/example_dags/example_sensors.py for tasks to queue
[2025-02-01T14:49:54.107+0000] {logging_mixin.py:190} INFO - [2025-02-01T14:49:54.107+0000] {dagbag.py:588} INFO - Filling up the DagBag from /home/airflow/.local/lib/python3.12/site-packages/airflow/example_dags/example_sensors.py
[2025-02-01T14:49:54.112+0000] {processor.py:925} INFO - DAG(s) 'example_sensors' retrieved from /home/airflow/.local/lib/python3.12/site-packages/airflow/example_dags/example_sensors.py
[2025-02-01T14:49:54.129+0000] {logging_mixin.py:190} INFO - [2025-02-01T14:49:54.128+0000] {dag.py:3239} INFO - Sync 1 DAGs
[2025-02-01T14:49:54.136+0000] {logging_mixin.py:190} INFO - [2025-02-01T14:49:54.135+0000] {dag.py:4180} INFO - Setting next_dagrun for example_sensors to None, run_after=None
[2025-02-01T14:49:54.143+0000] {processor.py:208} INFO - Processing /home/airflow/.local/lib/python3.12/site-packages/airflow/example_dags/example_sensors.py took 0.042 seconds
[2025-02-01T14:50:24.926+0000] {processor.py:186} INFO - Started process (PID=684) to work on /home/airflow/.local/lib/python3.12/site-packages/airflow/example_dags/example_sensors.py
[2025-02-01T14:50:24.927+0000] {processor.py:914} INFO - Processing file /home/airflow/.local/lib/python3.12/site-packages/airflow/example_dags/example_sensors.py for tasks to queue
[2025-02-01T14:50:24.930+0000] {logging_mixin.py:190} INFO - [2025-02-01T14:50:24.930+0000] {dagbag.py:588} INFO - Filling up the DagBag from /home/airflow/.local/lib/python3.12/site-packages/airflow/example_dags/example_sensors.py
[2025-02-01T14:50:24.947+0000] {processor.py:925} INFO - DAG(s) 'example_sensors' retrieved from /home/airflow/.local/lib/python3.12/site-packages/airflow/example_dags/example_sensors.py
[2025-02-01T14:50:24.961+0000] {logging_mixin.py:190} INFO - [2025-02-01T14:50:24.961+0000] {dag.py:3239} INFO - Sync 1 DAGs
[2025-02-01T14:50:24.968+0000] {logging_mixin.py:190} INFO - [2025-02-01T14:50:24.967+0000] {dag.py:4180} INFO - Setting next_dagrun for example_sensors to None, run_after=None
[2025-02-01T14:50:24.980+0000] {processor.py:208} INFO - Processing /home/airflow/.local/lib/python3.12/site-packages/airflow/example_dags/example_sensors.py took 0.057 seconds
[2025-02-01T14:50:56.115+0000] {processor.py:186} INFO - Started process (PID=751) to work on /home/airflow/.local/lib/python3.12/site-packages/airflow/example_dags/example_sensors.py
[2025-02-01T14:50:56.115+0000] {processor.py:914} INFO - Processing file /home/airflow/.local/lib/python3.12/site-packages/airflow/example_dags/example_sensors.py for tasks to queue
[2025-02-01T14:50:56.116+0000] {logging_mixin.py:190} INFO - [2025-02-01T14:50:56.116+0000] {dagbag.py:588} INFO - Filling up the DagBag from /home/airflow/.local/lib/python3.12/site-packages/airflow/example_dags/example_sensors.py
[2025-02-01T14:50:56.121+0000] {processor.py:925} INFO - DAG(s) 'example_sensors' retrieved from /home/airflow/.local/lib/python3.12/site-packages/airflow/example_dags/example_sensors.py
[2025-02-01T14:50:56.132+0000] {logging_mixin.py:190} INFO - [2025-02-01T14:50:56.132+0000] {dag.py:3239} INFO - Sync 1 DAGs
[2025-02-01T14:50:56.138+0000] {logging_mixin.py:190} INFO - [2025-02-01T14:50:56.138+0000] {dag.py:4180} INFO - Setting next_dagrun for example_sensors to None, run_after=None
[2025-02-01T14:50:56.144+0000] {processor.py:208} INFO - Processing /home/airflow/.local/lib/python3.12/site-packages/airflow/example_dags/example_sensors.py took 0.032 seconds
[2025-02-01T14:51:27.299+0000] {processor.py:186} INFO - Started process (PID=817) to work on /home/airflow/.local/lib/python3.12/site-packages/airflow/example_dags/example_sensors.py
[2025-02-01T14:51:27.299+0000] {processor.py:914} INFO - Processing file /home/airflow/.local/lib/python3.12/site-packages/airflow/example_dags/example_sensors.py for tasks to queue
[2025-02-01T14:51:27.300+0000] {logging_mixin.py:190} INFO - [2025-02-01T14:51:27.300+0000] {dagbag.py:588} INFO - Filling up the DagBag from /home/airflow/.local/lib/python3.12/site-packages/airflow/example_dags/example_sensors.py
[2025-02-01T14:51:27.306+0000] {processor.py:925} INFO - DAG(s) 'example_sensors' retrieved from /home/airflow/.local/lib/python3.12/site-packages/airflow/example_dags/example_sensors.py
[2025-02-01T14:51:27.319+0000] {logging_mixin.py:190} INFO - [2025-02-01T14:51:27.319+0000] {dag.py:3239} INFO - Sync 1 DAGs
[2025-02-01T14:51:27.325+0000] {logging_mixin.py:190} INFO - [2025-02-01T14:51:27.325+0000] {dag.py:4180} INFO - Setting next_dagrun for example_sensors to None, run_after=None
[2025-02-01T14:51:27.334+0000] {processor.py:208} INFO - Processing /home/airflow/.local/lib/python3.12/site-packages/airflow/example_dags/example_sensors.py took 0.037 seconds
[2025-02-01T14:51:58.708+0000] {processor.py:186} INFO - Started process (PID=883) to work on /home/airflow/.local/lib/python3.12/site-packages/airflow/example_dags/example_sensors.py
[2025-02-01T14:51:58.709+0000] {processor.py:914} INFO - Processing file /home/airflow/.local/lib/python3.12/site-packages/airflow/example_dags/example_sensors.py for tasks to queue
[2025-02-01T14:51:58.710+0000] {logging_mixin.py:190} INFO - [2025-02-01T14:51:58.710+0000] {dagbag.py:588} INFO - Filling up the DagBag from /home/airflow/.local/lib/python3.12/site-packages/airflow/example_dags/example_sensors.py
[2025-02-01T14:51:58.716+0000] {processor.py:925} INFO - DAG(s) 'example_sensors' retrieved from /home/airflow/.local/lib/python3.12/site-packages/airflow/example_dags/example_sensors.py
[2025-02-01T14:51:58.735+0000] {logging_mixin.py:190} INFO - [2025-02-01T14:51:58.735+0000] {dag.py:3239} INFO - Sync 1 DAGs
[2025-02-01T14:51:58.746+0000] {logging_mixin.py:190} INFO - [2025-02-01T14:51:58.745+0000] {dag.py:4180} INFO - Setting next_dagrun for example_sensors to None, run_after=None
[2025-02-01T14:51:58.758+0000] {processor.py:208} INFO - Processing /home/airflow/.local/lib/python3.12/site-packages/airflow/example_dags/example_sensors.py took 0.053 seconds
[2025-02-01T14:52:30.123+0000] {processor.py:186} INFO - Started process (PID=949) to work on /home/airflow/.local/lib/python3.12/site-packages/airflow/example_dags/example_sensors.py
[2025-02-01T14:52:30.124+0000] {processor.py:914} INFO - Processing file /home/airflow/.local/lib/python3.12/site-packages/airflow/example_dags/example_sensors.py for tasks to queue
[2025-02-01T14:52:30.126+0000] {logging_mixin.py:190} INFO - [2025-02-01T14:52:30.126+0000] {dagbag.py:588} INFO - Filling up the DagBag from /home/airflow/.local/lib/python3.12/site-packages/airflow/example_dags/example_sensors.py
[2025-02-01T14:52:30.136+0000] {processor.py:925} INFO - DAG(s) 'example_sensors' retrieved from /home/airflow/.local/lib/python3.12/site-packages/airflow/example_dags/example_sensors.py
[2025-02-01T14:52:30.152+0000] {logging_mixin.py:190} INFO - [2025-02-01T14:52:30.151+0000] {dag.py:3239} INFO - Sync 1 DAGs
[2025-02-01T14:52:30.163+0000] {logging_mixin.py:190} INFO - [2025-02-01T14:52:30.163+0000] {dag.py:4180} INFO - Setting next_dagrun for example_sensors to None, run_after=None
[2025-02-01T14:52:30.180+0000] {processor.py:208} INFO - Processing /home/airflow/.local/lib/python3.12/site-packages/airflow/example_dags/example_sensors.py took 0.062 seconds
[2025-02-01T14:53:00.564+0000] {processor.py:186} INFO - Started process (PID=1015) to work on /home/airflow/.local/lib/python3.12/site-packages/airflow/example_dags/example_sensors.py
[2025-02-01T14:53:00.564+0000] {processor.py:914} INFO - Processing file /home/airflow/.local/lib/python3.12/site-packages/airflow/example_dags/example_sensors.py for tasks to queue
[2025-02-01T14:53:00.566+0000] {logging_mixin.py:190} INFO - [2025-02-01T14:53:00.566+0000] {dagbag.py:588} INFO - Filling up the DagBag from /home/airflow/.local/lib/python3.12/site-packages/airflow/example_dags/example_sensors.py
[2025-02-01T14:53:00.573+0000] {processor.py:925} INFO - DAG(s) 'example_sensors' retrieved from /home/airflow/.local/lib/python3.12/site-packages/airflow/example_dags/example_sensors.py
[2025-02-01T14:53:00.587+0000] {logging_mixin.py:190} INFO - [2025-02-01T14:53:00.587+0000] {dag.py:3239} INFO - Sync 1 DAGs
[2025-02-01T14:53:00.593+0000] {logging_mixin.py:190} INFO - [2025-02-01T14:53:00.593+0000] {dag.py:4180} INFO - Setting next_dagrun for example_sensors to None, run_after=None
[2025-02-01T14:53:00.602+0000] {processor.py:208} INFO - Processing /home/airflow/.local/lib/python3.12/site-packages/airflow/example_dags/example_sensors.py took 0.042 seconds
[2025-02-01T14:53:31.575+0000] {processor.py:186} INFO - Started process (PID=1081) to work on /home/airflow/.local/lib/python3.12/site-packages/airflow/example_dags/example_sensors.py
[2025-02-01T14:53:31.576+0000] {processor.py:914} INFO - Processing file /home/airflow/.local/lib/python3.12/site-packages/airflow/example_dags/example_sensors.py for tasks to queue
[2025-02-01T14:53:31.577+0000] {logging_mixin.py:190} INFO - [2025-02-01T14:53:31.576+0000] {dagbag.py:588} INFO - Filling up the DagBag from /home/airflow/.local/lib/python3.12/site-packages/airflow/example_dags/example_sensors.py
[2025-02-01T14:53:31.583+0000] {processor.py:925} INFO - DAG(s) 'example_sensors' retrieved from /home/airflow/.local/lib/python3.12/site-packages/airflow/example_dags/example_sensors.py
[2025-02-01T14:53:31.594+0000] {logging_mixin.py:190} INFO - [2025-02-01T14:53:31.594+0000] {dag.py:3239} INFO - Sync 1 DAGs
[2025-02-01T14:53:31.599+0000] {logging_mixin.py:190} INFO - [2025-02-01T14:53:31.599+0000] {dag.py:4180} INFO - Setting next_dagrun for example_sensors to None, run_after=None
[2025-02-01T14:53:31.606+0000] {processor.py:208} INFO - Processing /home/airflow/.local/lib/python3.12/site-packages/airflow/example_dags/example_sensors.py took 0.033 seconds
[2025-02-01T14:54:02.567+0000] {processor.py:186} INFO - Started process (PID=1147) to work on /home/airflow/.local/lib/python3.12/site-packages/airflow/example_dags/example_sensors.py
[2025-02-01T14:54:02.567+0000] {processor.py:914} INFO - Processing file /home/airflow/.local/lib/python3.12/site-packages/airflow/example_dags/example_sensors.py for tasks to queue
[2025-02-01T14:54:02.568+0000] {logging_mixin.py:190} INFO - [2025-02-01T14:54:02.568+0000] {dagbag.py:588} INFO - Filling up the DagBag from /home/airflow/.local/lib/python3.12/site-packages/airflow/example_dags/example_sensors.py
[2025-02-01T14:54:02.573+0000] {processor.py:925} INFO - DAG(s) 'example_sensors' retrieved from /home/airflow/.local/lib/python3.12/site-packages/airflow/example_dags/example_sensors.py
[2025-02-01T14:54:02.587+0000] {logging_mixin.py:190} INFO - [2025-02-01T14:54:02.587+0000] {dag.py:3239} INFO - Sync 1 DAGs
[2025-02-01T14:54:02.597+0000] {logging_mixin.py:190} INFO - [2025-02-01T14:54:02.597+0000] {dag.py:4180} INFO - Setting next_dagrun for example_sensors to None, run_after=None
[2025-02-01T14:54:02.613+0000] {processor.py:208} INFO - Processing /home/airflow/.local/lib/python3.12/site-packages/airflow/example_dags/example_sensors.py took 0.050 seconds
[2025-02-01T14:54:33.621+0000] {processor.py:186} INFO - Started process (PID=1213) to work on /home/airflow/.local/lib/python3.12/site-packages/airflow/example_dags/example_sensors.py
[2025-02-01T14:54:33.621+0000] {processor.py:914} INFO - Processing file /home/airflow/.local/lib/python3.12/site-packages/airflow/example_dags/example_sensors.py for tasks to queue
[2025-02-01T14:54:33.622+0000] {logging_mixin.py:190} INFO - [2025-02-01T14:54:33.622+0000] {dagbag.py:588} INFO - Filling up the DagBag from /home/airflow/.local/lib/python3.12/site-packages/airflow/example_dags/example_sensors.py
[2025-02-01T14:54:33.628+0000] {processor.py:925} INFO - DAG(s) 'example_sensors' retrieved from /home/airflow/.local/lib/python3.12/site-packages/airflow/example_dags/example_sensors.py
[2025-02-01T14:54:33.641+0000] {logging_mixin.py:190} INFO - [2025-02-01T14:54:33.641+0000] {dag.py:3239} INFO - Sync 1 DAGs
[2025-02-01T14:54:33.653+0000] {logging_mixin.py:190} INFO - [2025-02-01T14:54:33.653+0000] {dag.py:4180} INFO - Setting next_dagrun for example_sensors to None, run_after=None
[2025-02-01T14:54:33.662+0000] {processor.py:208} INFO - Processing /home/airflow/.local/lib/python3.12/site-packages/airflow/example_dags/example_sensors.py took 0.043 seconds
[2025-02-01T14:55:04.746+0000] {processor.py:186} INFO - Started process (PID=1279) to work on /home/airflow/.local/lib/python3.12/site-packages/airflow/example_dags/example_sensors.py
[2025-02-01T14:55:04.747+0000] {processor.py:914} INFO - Processing file /home/airflow/.local/lib/python3.12/site-packages/airflow/example_dags/example_sensors.py for tasks to queue
[2025-02-01T14:55:04.748+0000] {logging_mixin.py:190} INFO - [2025-02-01T14:55:04.748+0000] {dagbag.py:588} INFO - Filling up the DagBag from /home/airflow/.local/lib/python3.12/site-packages/airflow/example_dags/example_sensors.py
[2025-02-01T14:55:04.754+0000] {processor.py:925} INFO - DAG(s) 'example_sensors' retrieved from /home/airflow/.local/lib/python3.12/site-packages/airflow/example_dags/example_sensors.py
[2025-02-01T14:55:04.768+0000] {logging_mixin.py:190} INFO - [2025-02-01T14:55:04.768+0000] {dag.py:3239} INFO - Sync 1 DAGs
[2025-02-01T14:55:04.776+0000] {logging_mixin.py:190} INFO - [2025-02-01T14:55:04.776+0000] {dag.py:4180} INFO - Setting next_dagrun for example_sensors to None, run_after=None
[2025-02-01T14:55:04.787+0000] {processor.py:208} INFO - Processing /home/airflow/.local/lib/python3.12/site-packages/airflow/example_dags/example_sensors.py took 0.043 seconds
[2025-02-01T14:55:35.567+0000] {processor.py:186} INFO - Started process (PID=1345) to work on /home/airflow/.local/lib/python3.12/site-packages/airflow/example_dags/example_sensors.py
[2025-02-01T14:55:35.567+0000] {processor.py:914} INFO - Processing file /home/airflow/.local/lib/python3.12/site-packages/airflow/example_dags/example_sensors.py for tasks to queue
[2025-02-01T14:55:35.568+0000] {logging_mixin.py:190} INFO - [2025-02-01T14:55:35.568+0000] {dagbag.py:588} INFO - Filling up the DagBag from /home/airflow/.local/lib/python3.12/site-packages/airflow/example_dags/example_sensors.py
[2025-02-01T14:55:35.574+0000] {processor.py:925} INFO - DAG(s) 'example_sensors' retrieved from /home/airflow/.local/lib/python3.12/site-packages/airflow/example_dags/example_sensors.py
[2025-02-01T14:55:35.588+0000] {logging_mixin.py:190} INFO - [2025-02-01T14:55:35.587+0000] {dag.py:3239} INFO - Sync 1 DAGs
[2025-02-01T14:55:35.594+0000] {logging_mixin.py:190} INFO - [2025-02-01T14:55:35.594+0000] {dag.py:4180} INFO - Setting next_dagrun for example_sensors to None, run_after=None
[2025-02-01T14:55:35.602+0000] {processor.py:208} INFO - Processing /home/airflow/.local/lib/python3.12/site-packages/airflow/example_dags/example_sensors.py took 0.038 seconds
[2025-02-01T14:56:06.573+0000] {processor.py:186} INFO - Started process (PID=1411) to work on /home/airflow/.local/lib/python3.12/site-packages/airflow/example_dags/example_sensors.py
[2025-02-01T14:56:06.573+0000] {processor.py:914} INFO - Processing file /home/airflow/.local/lib/python3.12/site-packages/airflow/example_dags/example_sensors.py for tasks to queue
[2025-02-01T14:56:06.574+0000] {logging_mixin.py:190} INFO - [2025-02-01T14:56:06.574+0000] {dagbag.py:588} INFO - Filling up the DagBag from /home/airflow/.local/lib/python3.12/site-packages/airflow/example_dags/example_sensors.py
[2025-02-01T14:56:06.582+0000] {processor.py:925} INFO - DAG(s) 'example_sensors' retrieved from /home/airflow/.local/lib/python3.12/site-packages/airflow/example_dags/example_sensors.py
[2025-02-01T14:56:06.596+0000] {logging_mixin.py:190} INFO - [2025-02-01T14:56:06.596+0000] {dag.py:3239} INFO - Sync 1 DAGs
[2025-02-01T14:56:06.607+0000] {logging_mixin.py:190} INFO - [2025-02-01T14:56:06.607+0000] {dag.py:4180} INFO - Setting next_dagrun for example_sensors to None, run_after=None
[2025-02-01T14:56:06.619+0000] {processor.py:208} INFO - Processing /home/airflow/.local/lib/python3.12/site-packages/airflow/example_dags/example_sensors.py took 0.049 seconds
[2025-02-01T14:56:37.623+0000] {processor.py:186} INFO - Started process (PID=1477) to work on /home/airflow/.local/lib/python3.12/site-packages/airflow/example_dags/example_sensors.py
[2025-02-01T14:56:37.623+0000] {processor.py:914} INFO - Processing file /home/airflow/.local/lib/python3.12/site-packages/airflow/example_dags/example_sensors.py for tasks to queue
[2025-02-01T14:56:37.624+0000] {logging_mixin.py:190} INFO - [2025-02-01T14:56:37.624+0000] {dagbag.py:588} INFO - Filling up the DagBag from /home/airflow/.local/lib/python3.12/site-packages/airflow/example_dags/example_sensors.py
[2025-02-01T14:56:37.631+0000] {processor.py:925} INFO - DAG(s) 'example_sensors' retrieved from /home/airflow/.local/lib/python3.12/site-packages/airflow/example_dags/example_sensors.py
[2025-02-01T14:56:37.644+0000] {logging_mixin.py:190} INFO - [2025-02-01T14:56:37.644+0000] {dag.py:3239} INFO - Sync 1 DAGs
[2025-02-01T14:56:37.650+0000] {logging_mixin.py:190} INFO - [2025-02-01T14:56:37.650+0000] {dag.py:4180} INFO - Setting next_dagrun for example_sensors to None, run_after=None
[2025-02-01T14:56:37.657+0000] {processor.py:208} INFO - Processing /home/airflow/.local/lib/python3.12/site-packages/airflow/example_dags/example_sensors.py took 0.037 seconds
[2025-02-01T14:57:08.652+0000] {processor.py:186} INFO - Started process (PID=1542) to work on /home/airflow/.local/lib/python3.12/site-packages/airflow/example_dags/example_sensors.py
[2025-02-01T14:57:08.653+0000] {processor.py:914} INFO - Processing file /home/airflow/.local/lib/python3.12/site-packages/airflow/example_dags/example_sensors.py for tasks to queue
[2025-02-01T14:57:08.654+0000] {logging_mixin.py:190} INFO - [2025-02-01T14:57:08.654+0000] {dagbag.py:588} INFO - Filling up the DagBag from /home/airflow/.local/lib/python3.12/site-packages/airflow/example_dags/example_sensors.py
[2025-02-01T14:57:08.659+0000] {processor.py:925} INFO - DAG(s) 'example_sensors' retrieved from /home/airflow/.local/lib/python3.12/site-packages/airflow/example_dags/example_sensors.py
[2025-02-01T14:57:08.674+0000] {logging_mixin.py:190} INFO - [2025-02-01T14:57:08.674+0000] {dag.py:3239} INFO - Sync 1 DAGs
[2025-02-01T14:57:08.682+0000] {logging_mixin.py:190} INFO - [2025-02-01T14:57:08.682+0000] {dag.py:4180} INFO - Setting next_dagrun for example_sensors to None, run_after=None
[2025-02-01T14:57:08.696+0000] {processor.py:208} INFO - Processing /home/airflow/.local/lib/python3.12/site-packages/airflow/example_dags/example_sensors.py took 0.046 seconds
[2025-02-01T14:57:39.714+0000] {processor.py:186} INFO - Started process (PID=1609) to work on /home/airflow/.local/lib/python3.12/site-packages/airflow/example_dags/example_sensors.py
[2025-02-01T14:57:39.715+0000] {processor.py:914} INFO - Processing file /home/airflow/.local/lib/python3.12/site-packages/airflow/example_dags/example_sensors.py for tasks to queue
[2025-02-01T14:57:39.716+0000] {logging_mixin.py:190} INFO - [2025-02-01T14:57:39.715+0000] {dagbag.py:588} INFO - Filling up the DagBag from /home/airflow/.local/lib/python3.12/site-packages/airflow/example_dags/example_sensors.py
[2025-02-01T14:57:39.722+0000] {processor.py:925} INFO - DAG(s) 'example_sensors' retrieved from /home/airflow/.local/lib/python3.12/site-packages/airflow/example_dags/example_sensors.py
[2025-02-01T14:57:39.734+0000] {logging_mixin.py:190} INFO - [2025-02-01T14:57:39.734+0000] {dag.py:3239} INFO - Sync 1 DAGs
[2025-02-01T14:57:39.741+0000] {logging_mixin.py:190} INFO - [2025-02-01T14:57:39.741+0000] {dag.py:4180} INFO - Setting next_dagrun for example_sensors to None, run_after=None
[2025-02-01T14:57:39.749+0000] {processor.py:208} INFO - Processing /home/airflow/.local/lib/python3.12/site-packages/airflow/example_dags/example_sensors.py took 0.037 seconds
[2025-02-01T14:58:10.626+0000] {processor.py:186} INFO - Started process (PID=1675) to work on /home/airflow/.local/lib/python3.12/site-packages/airflow/example_dags/example_sensors.py
[2025-02-01T14:58:10.626+0000] {processor.py:914} INFO - Processing file /home/airflow/.local/lib/python3.12/site-packages/airflow/example_dags/example_sensors.py for tasks to queue
[2025-02-01T14:58:10.627+0000] {logging_mixin.py:190} INFO - [2025-02-01T14:58:10.627+0000] {dagbag.py:588} INFO - Filling up the DagBag from /home/airflow/.local/lib/python3.12/site-packages/airflow/example_dags/example_sensors.py
[2025-02-01T14:58:10.632+0000] {processor.py:925} INFO - DAG(s) 'example_sensors' retrieved from /home/airflow/.local/lib/python3.12/site-packages/airflow/example_dags/example_sensors.py
[2025-02-01T14:58:10.643+0000] {logging_mixin.py:190} INFO - [2025-02-01T14:58:10.643+0000] {dag.py:3239} INFO - Sync 1 DAGs
[2025-02-01T14:58:10.649+0000] {logging_mixin.py:190} INFO - [2025-02-01T14:58:10.649+0000] {dag.py:4180} INFO - Setting next_dagrun for example_sensors to None, run_after=None
[2025-02-01T14:58:10.657+0000] {processor.py:208} INFO - Processing /home/airflow/.local/lib/python3.12/site-packages/airflow/example_dags/example_sensors.py took 0.033 seconds
[2025-02-01T14:58:41.341+0000] {processor.py:186} INFO - Started process (PID=1740) to work on /home/airflow/.local/lib/python3.12/site-packages/airflow/example_dags/example_sensors.py
[2025-02-01T14:58:41.344+0000] {processor.py:914} INFO - Processing file /home/airflow/.local/lib/python3.12/site-packages/airflow/example_dags/example_sensors.py for tasks to queue
[2025-02-01T14:58:41.345+0000] {logging_mixin.py:190} INFO - [2025-02-01T14:58:41.345+0000] {dagbag.py:588} INFO - Filling up the DagBag from /home/airflow/.local/lib/python3.12/site-packages/airflow/example_dags/example_sensors.py
[2025-02-01T14:58:41.350+0000] {processor.py:925} INFO - DAG(s) 'example_sensors' retrieved from /home/airflow/.local/lib/python3.12/site-packages/airflow/example_dags/example_sensors.py
[2025-02-01T14:58:41.364+0000] {logging_mixin.py:190} INFO - [2025-02-01T14:58:41.364+0000] {dag.py:3239} INFO - Sync 1 DAGs
[2025-02-01T14:58:41.370+0000] {logging_mixin.py:190} INFO - [2025-02-01T14:58:41.370+0000] {dag.py:4180} INFO - Setting next_dagrun for example_sensors to None, run_after=None
[2025-02-01T14:58:41.379+0000] {processor.py:208} INFO - Processing /home/airflow/.local/lib/python3.12/site-packages/airflow/example_dags/example_sensors.py took 0.042 seconds
[2025-02-01T14:59:12.311+0000] {processor.py:186} INFO - Started process (PID=1807) to work on /home/airflow/.local/lib/python3.12/site-packages/airflow/example_dags/example_sensors.py
[2025-02-01T14:59:12.312+0000] {processor.py:914} INFO - Processing file /home/airflow/.local/lib/python3.12/site-packages/airflow/example_dags/example_sensors.py for tasks to queue
[2025-02-01T14:59:12.313+0000] {logging_mixin.py:190} INFO - [2025-02-01T14:59:12.313+0000] {dagbag.py:588} INFO - Filling up the DagBag from /home/airflow/.local/lib/python3.12/site-packages/airflow/example_dags/example_sensors.py
[2025-02-01T14:59:12.321+0000] {processor.py:925} INFO - DAG(s) 'example_sensors' retrieved from /home/airflow/.local/lib/python3.12/site-packages/airflow/example_dags/example_sensors.py
[2025-02-01T14:59:12.337+0000] {logging_mixin.py:190} INFO - [2025-02-01T14:59:12.336+0000] {dag.py:3239} INFO - Sync 1 DAGs
[2025-02-01T14:59:12.343+0000] {logging_mixin.py:190} INFO - [2025-02-01T14:59:12.343+0000] {dag.py:4180} INFO - Setting next_dagrun for example_sensors to None, run_after=None
[2025-02-01T14:59:12.353+0000] {processor.py:208} INFO - Processing /home/airflow/.local/lib/python3.12/site-packages/airflow/example_dags/example_sensors.py took 0.045 seconds
[2025-02-01T14:59:43.685+0000] {processor.py:186} INFO - Started process (PID=1873) to work on /home/airflow/.local/lib/python3.12/site-packages/airflow/example_dags/example_sensors.py
[2025-02-01T14:59:43.686+0000] {processor.py:914} INFO - Processing file /home/airflow/.local/lib/python3.12/site-packages/airflow/example_dags/example_sensors.py for tasks to queue
[2025-02-01T14:59:43.688+0000] {logging_mixin.py:190} INFO - [2025-02-01T14:59:43.688+0000] {dagbag.py:588} INFO - Filling up the DagBag from /home/airflow/.local/lib/python3.12/site-packages/airflow/example_dags/example_sensors.py
[2025-02-01T14:59:43.693+0000] {processor.py:925} INFO - DAG(s) 'example_sensors' retrieved from /home/airflow/.local/lib/python3.12/site-packages/airflow/example_dags/example_sensors.py
[2025-02-01T14:59:43.707+0000] {logging_mixin.py:190} INFO - [2025-02-01T14:59:43.707+0000] {dag.py:3239} INFO - Sync 1 DAGs
[2025-02-01T14:59:43.715+0000] {logging_mixin.py:190} INFO - [2025-02-01T14:59:43.715+0000] {dag.py:4180} INFO - Setting next_dagrun for example_sensors to None, run_after=None
[2025-02-01T14:59:43.729+0000] {processor.py:208} INFO - Processing /home/airflow/.local/lib/python3.12/site-packages/airflow/example_dags/example_sensors.py took 0.046 seconds
[2025-02-01T15:00:14.843+0000] {processor.py:186} INFO - Started process (PID=1939) to work on /home/airflow/.local/lib/python3.12/site-packages/airflow/example_dags/example_sensors.py
[2025-02-01T15:00:14.844+0000] {processor.py:914} INFO - Processing file /home/airflow/.local/lib/python3.12/site-packages/airflow/example_dags/example_sensors.py for tasks to queue
[2025-02-01T15:00:14.845+0000] {logging_mixin.py:190} INFO - [2025-02-01T15:00:14.845+0000] {dagbag.py:588} INFO - Filling up the DagBag from /home/airflow/.local/lib/python3.12/site-packages/airflow/example_dags/example_sensors.py
[2025-02-01T15:00:14.851+0000] {processor.py:925} INFO - DAG(s) 'example_sensors' retrieved from /home/airflow/.local/lib/python3.12/site-packages/airflow/example_dags/example_sensors.py
[2025-02-01T15:00:14.867+0000] {logging_mixin.py:190} INFO - [2025-02-01T15:00:14.867+0000] {dag.py:3239} INFO - Sync 1 DAGs
[2025-02-01T15:00:14.875+0000] {logging_mixin.py:190} INFO - [2025-02-01T15:00:14.874+0000] {dag.py:4180} INFO - Setting next_dagrun for example_sensors to None, run_after=None
[2025-02-01T15:00:14.884+0000] {processor.py:208} INFO - Processing /home/airflow/.local/lib/python3.12/site-packages/airflow/example_dags/example_sensors.py took 0.044 seconds
[2025-02-01T15:00:46.122+0000] {processor.py:186} INFO - Started process (PID=2004) to work on /home/airflow/.local/lib/python3.12/site-packages/airflow/example_dags/example_sensors.py
[2025-02-01T15:00:46.124+0000] {processor.py:914} INFO - Processing file /home/airflow/.local/lib/python3.12/site-packages/airflow/example_dags/example_sensors.py for tasks to queue
[2025-02-01T15:00:46.126+0000] {logging_mixin.py:190} INFO - [2025-02-01T15:00:46.126+0000] {dagbag.py:588} INFO - Filling up the DagBag from /home/airflow/.local/lib/python3.12/site-packages/airflow/example_dags/example_sensors.py
[2025-02-01T15:00:46.134+0000] {processor.py:925} INFO - DAG(s) 'example_sensors' retrieved from /home/airflow/.local/lib/python3.12/site-packages/airflow/example_dags/example_sensors.py
[2025-02-01T15:00:46.158+0000] {logging_mixin.py:190} INFO - [2025-02-01T15:00:46.158+0000] {dag.py:3239} INFO - Sync 1 DAGs
[2025-02-01T15:00:46.171+0000] {logging_mixin.py:190} INFO - [2025-02-01T15:00:46.170+0000] {dag.py:4180} INFO - Setting next_dagrun for example_sensors to None, run_after=None
[2025-02-01T15:00:46.185+0000] {processor.py:208} INFO - Processing /home/airflow/.local/lib/python3.12/site-packages/airflow/example_dags/example_sensors.py took 0.067 seconds
[2025-02-01T15:01:17.553+0000] {processor.py:186} INFO - Started process (PID=2070) to work on /home/airflow/.local/lib/python3.12/site-packages/airflow/example_dags/example_sensors.py
[2025-02-01T15:01:17.554+0000] {processor.py:914} INFO - Processing file /home/airflow/.local/lib/python3.12/site-packages/airflow/example_dags/example_sensors.py for tasks to queue
[2025-02-01T15:01:17.555+0000] {logging_mixin.py:190} INFO - [2025-02-01T15:01:17.555+0000] {dagbag.py:588} INFO - Filling up the DagBag from /home/airflow/.local/lib/python3.12/site-packages/airflow/example_dags/example_sensors.py
[2025-02-01T15:01:17.564+0000] {processor.py:925} INFO - DAG(s) 'example_sensors' retrieved from /home/airflow/.local/lib/python3.12/site-packages/airflow/example_dags/example_sensors.py
[2025-02-01T15:01:17.581+0000] {logging_mixin.py:190} INFO - [2025-02-01T15:01:17.581+0000] {dag.py:3239} INFO - Sync 1 DAGs
[2025-02-01T15:01:17.589+0000] {logging_mixin.py:190} INFO - [2025-02-01T15:01:17.589+0000] {dag.py:4180} INFO - Setting next_dagrun for example_sensors to None, run_after=None
[2025-02-01T15:01:17.599+0000] {processor.py:208} INFO - Processing /home/airflow/.local/lib/python3.12/site-packages/airflow/example_dags/example_sensors.py took 0.050 seconds
[2025-02-01T15:01:48.768+0000] {processor.py:186} INFO - Started process (PID=2142) to work on /home/airflow/.local/lib/python3.12/site-packages/airflow/example_dags/example_sensors.py
[2025-02-01T15:01:48.769+0000] {processor.py:914} INFO - Processing file /home/airflow/.local/lib/python3.12/site-packages/airflow/example_dags/example_sensors.py for tasks to queue
[2025-02-01T15:01:48.770+0000] {logging_mixin.py:190} INFO - [2025-02-01T15:01:48.770+0000] {dagbag.py:588} INFO - Filling up the DagBag from /home/airflow/.local/lib/python3.12/site-packages/airflow/example_dags/example_sensors.py
[2025-02-01T15:01:48.776+0000] {processor.py:925} INFO - DAG(s) 'example_sensors' retrieved from /home/airflow/.local/lib/python3.12/site-packages/airflow/example_dags/example_sensors.py
[2025-02-01T15:01:48.790+0000] {logging_mixin.py:190} INFO - [2025-02-01T15:01:48.790+0000] {dag.py:3239} INFO - Sync 1 DAGs
[2025-02-01T15:01:48.797+0000] {logging_mixin.py:190} INFO - [2025-02-01T15:01:48.797+0000] {dag.py:4180} INFO - Setting next_dagrun for example_sensors to None, run_after=None
[2025-02-01T15:01:48.808+0000] {processor.py:208} INFO - Processing /home/airflow/.local/lib/python3.12/site-packages/airflow/example_dags/example_sensors.py took 0.044 seconds
[2025-02-01T15:02:19.470+0000] {processor.py:186} INFO - Started process (PID=2208) to work on /home/airflow/.local/lib/python3.12/site-packages/airflow/example_dags/example_sensors.py
[2025-02-01T15:02:19.470+0000] {processor.py:914} INFO - Processing file /home/airflow/.local/lib/python3.12/site-packages/airflow/example_dags/example_sensors.py for tasks to queue
[2025-02-01T15:02:19.471+0000] {logging_mixin.py:190} INFO - [2025-02-01T15:02:19.471+0000] {dagbag.py:588} INFO - Filling up the DagBag from /home/airflow/.local/lib/python3.12/site-packages/airflow/example_dags/example_sensors.py
[2025-02-01T15:02:19.477+0000] {processor.py:925} INFO - DAG(s) 'example_sensors' retrieved from /home/airflow/.local/lib/python3.12/site-packages/airflow/example_dags/example_sensors.py
[2025-02-01T15:02:19.494+0000] {logging_mixin.py:190} INFO - [2025-02-01T15:02:19.494+0000] {dag.py:3239} INFO - Sync 1 DAGs
[2025-02-01T15:02:19.503+0000] {logging_mixin.py:190} INFO - [2025-02-01T15:02:19.502+0000] {dag.py:4180} INFO - Setting next_dagrun for example_sensors to None, run_after=None
[2025-02-01T15:02:19.512+0000] {processor.py:208} INFO - Processing /home/airflow/.local/lib/python3.12/site-packages/airflow/example_dags/example_sensors.py took 0.047 seconds
[2025-02-01T15:02:50.605+0000] {processor.py:186} INFO - Started process (PID=2275) to work on /home/airflow/.local/lib/python3.12/site-packages/airflow/example_dags/example_sensors.py
[2025-02-01T15:02:50.606+0000] {processor.py:914} INFO - Processing file /home/airflow/.local/lib/python3.12/site-packages/airflow/example_dags/example_sensors.py for tasks to queue
[2025-02-01T15:02:50.608+0000] {logging_mixin.py:190} INFO - [2025-02-01T15:02:50.607+0000] {dagbag.py:588} INFO - Filling up the DagBag from /home/airflow/.local/lib/python3.12/site-packages/airflow/example_dags/example_sensors.py
[2025-02-01T15:02:50.614+0000] {processor.py:925} INFO - DAG(s) 'example_sensors' retrieved from /home/airflow/.local/lib/python3.12/site-packages/airflow/example_dags/example_sensors.py
[2025-02-01T15:02:50.635+0000] {logging_mixin.py:190} INFO - [2025-02-01T15:02:50.635+0000] {dag.py:3239} INFO - Sync 1 DAGs
[2025-02-01T15:02:50.642+0000] {logging_mixin.py:190} INFO - [2025-02-01T15:02:50.642+0000] {dag.py:4180} INFO - Setting next_dagrun for example_sensors to None, run_after=None
[2025-02-01T15:02:50.658+0000] {processor.py:208} INFO - Processing /home/airflow/.local/lib/python3.12/site-packages/airflow/example_dags/example_sensors.py took 0.056 seconds
[2025-02-01T15:03:21.724+0000] {processor.py:186} INFO - Started process (PID=2340) to work on /home/airflow/.local/lib/python3.12/site-packages/airflow/example_dags/example_sensors.py
[2025-02-01T15:03:21.725+0000] {processor.py:914} INFO - Processing file /home/airflow/.local/lib/python3.12/site-packages/airflow/example_dags/example_sensors.py for tasks to queue
[2025-02-01T15:03:21.726+0000] {logging_mixin.py:190} INFO - [2025-02-01T15:03:21.726+0000] {dagbag.py:588} INFO - Filling up the DagBag from /home/airflow/.local/lib/python3.12/site-packages/airflow/example_dags/example_sensors.py
[2025-02-01T15:03:21.731+0000] {processor.py:925} INFO - DAG(s) 'example_sensors' retrieved from /home/airflow/.local/lib/python3.12/site-packages/airflow/example_dags/example_sensors.py
[2025-02-01T15:03:21.743+0000] {logging_mixin.py:190} INFO - [2025-02-01T15:03:21.742+0000] {dag.py:3239} INFO - Sync 1 DAGs
[2025-02-01T15:03:21.749+0000] {logging_mixin.py:190} INFO - [2025-02-01T15:03:21.749+0000] {dag.py:4180} INFO - Setting next_dagrun for example_sensors to None, run_after=None
[2025-02-01T15:03:21.766+0000] {processor.py:208} INFO - Processing /home/airflow/.local/lib/python3.12/site-packages/airflow/example_dags/example_sensors.py took 0.045 seconds
[2025-02-01T15:03:52.869+0000] {processor.py:186} INFO - Started process (PID=2408) to work on /home/airflow/.local/lib/python3.12/site-packages/airflow/example_dags/example_sensors.py
[2025-02-01T15:03:52.869+0000] {processor.py:914} INFO - Processing file /home/airflow/.local/lib/python3.12/site-packages/airflow/example_dags/example_sensors.py for tasks to queue
[2025-02-01T15:03:52.871+0000] {logging_mixin.py:190} INFO - [2025-02-01T15:03:52.870+0000] {dagbag.py:588} INFO - Filling up the DagBag from /home/airflow/.local/lib/python3.12/site-packages/airflow/example_dags/example_sensors.py
[2025-02-01T15:03:52.876+0000] {processor.py:925} INFO - DAG(s) 'example_sensors' retrieved from /home/airflow/.local/lib/python3.12/site-packages/airflow/example_dags/example_sensors.py
[2025-02-01T15:03:52.888+0000] {logging_mixin.py:190} INFO - [2025-02-01T15:03:52.888+0000] {dag.py:3239} INFO - Sync 1 DAGs
[2025-02-01T15:03:52.894+0000] {logging_mixin.py:190} INFO - [2025-02-01T15:03:52.894+0000] {dag.py:4180} INFO - Setting next_dagrun for example_sensors to None, run_after=None
[2025-02-01T15:03:52.903+0000] {processor.py:208} INFO - Processing /home/airflow/.local/lib/python3.12/site-packages/airflow/example_dags/example_sensors.py took 0.037 seconds
[2025-02-01T15:04:24.178+0000] {processor.py:186} INFO - Started process (PID=2473) to work on /home/airflow/.local/lib/python3.12/site-packages/airflow/example_dags/example_sensors.py
[2025-02-01T15:04:24.179+0000] {processor.py:914} INFO - Processing file /home/airflow/.local/lib/python3.12/site-packages/airflow/example_dags/example_sensors.py for tasks to queue
[2025-02-01T15:04:24.181+0000] {logging_mixin.py:190} INFO - [2025-02-01T15:04:24.181+0000] {dagbag.py:588} INFO - Filling up the DagBag from /home/airflow/.local/lib/python3.12/site-packages/airflow/example_dags/example_sensors.py
[2025-02-01T15:04:24.189+0000] {processor.py:925} INFO - DAG(s) 'example_sensors' retrieved from /home/airflow/.local/lib/python3.12/site-packages/airflow/example_dags/example_sensors.py
[2025-02-01T15:04:24.212+0000] {logging_mixin.py:190} INFO - [2025-02-01T15:04:24.212+0000] {dag.py:3239} INFO - Sync 1 DAGs
[2025-02-01T15:04:24.222+0000] {logging_mixin.py:190} INFO - [2025-02-01T15:04:24.222+0000] {dag.py:4180} INFO - Setting next_dagrun for example_sensors to None, run_after=None
[2025-02-01T15:04:24.235+0000] {processor.py:208} INFO - Processing /home/airflow/.local/lib/python3.12/site-packages/airflow/example_dags/example_sensors.py took 0.061 seconds
[2025-02-01T15:04:55.465+0000] {processor.py:186} INFO - Started process (PID=2540) to work on /home/airflow/.local/lib/python3.12/site-packages/airflow/example_dags/example_sensors.py
[2025-02-01T15:04:55.466+0000] {processor.py:914} INFO - Processing file /home/airflow/.local/lib/python3.12/site-packages/airflow/example_dags/example_sensors.py for tasks to queue
[2025-02-01T15:04:55.468+0000] {logging_mixin.py:190} INFO - [2025-02-01T15:04:55.467+0000] {dagbag.py:588} INFO - Filling up the DagBag from /home/airflow/.local/lib/python3.12/site-packages/airflow/example_dags/example_sensors.py
[2025-02-01T15:04:55.473+0000] {processor.py:925} INFO - DAG(s) 'example_sensors' retrieved from /home/airflow/.local/lib/python3.12/site-packages/airflow/example_dags/example_sensors.py
[2025-02-01T15:04:55.485+0000] {logging_mixin.py:190} INFO - [2025-02-01T15:04:55.485+0000] {dag.py:3239} INFO - Sync 1 DAGs
[2025-02-01T15:04:55.492+0000] {logging_mixin.py:190} INFO - [2025-02-01T15:04:55.492+0000] {dag.py:4180} INFO - Setting next_dagrun for example_sensors to None, run_after=None
[2025-02-01T15:04:55.500+0000] {processor.py:208} INFO - Processing /home/airflow/.local/lib/python3.12/site-packages/airflow/example_dags/example_sensors.py took 0.038 seconds
[2025-02-01T15:05:26.171+0000] {processor.py:186} INFO - Started process (PID=2606) to work on /home/airflow/.local/lib/python3.12/site-packages/airflow/example_dags/example_sensors.py
[2025-02-01T15:05:26.173+0000] {processor.py:914} INFO - Processing file /home/airflow/.local/lib/python3.12/site-packages/airflow/example_dags/example_sensors.py for tasks to queue
[2025-02-01T15:05:26.174+0000] {logging_mixin.py:190} INFO - [2025-02-01T15:05:26.174+0000] {dagbag.py:588} INFO - Filling up the DagBag from /home/airflow/.local/lib/python3.12/site-packages/airflow/example_dags/example_sensors.py
[2025-02-01T15:05:26.180+0000] {processor.py:925} INFO - DAG(s) 'example_sensors' retrieved from /home/airflow/.local/lib/python3.12/site-packages/airflow/example_dags/example_sensors.py
[2025-02-01T15:05:26.191+0000] {logging_mixin.py:190} INFO - [2025-02-01T15:05:26.191+0000] {dag.py:3239} INFO - Sync 1 DAGs
[2025-02-01T15:05:26.197+0000] {logging_mixin.py:190} INFO - [2025-02-01T15:05:26.197+0000] {dag.py:4180} INFO - Setting next_dagrun for example_sensors to None, run_after=None
[2025-02-01T15:05:26.204+0000] {processor.py:208} INFO - Processing /home/airflow/.local/lib/python3.12/site-packages/airflow/example_dags/example_sensors.py took 0.035 seconds
[2025-02-01T15:05:57.536+0000] {processor.py:186} INFO - Started process (PID=2672) to work on /home/airflow/.local/lib/python3.12/site-packages/airflow/example_dags/example_sensors.py
[2025-02-01T15:05:57.536+0000] {processor.py:914} INFO - Processing file /home/airflow/.local/lib/python3.12/site-packages/airflow/example_dags/example_sensors.py for tasks to queue
[2025-02-01T15:05:57.538+0000] {logging_mixin.py:190} INFO - [2025-02-01T15:05:57.538+0000] {dagbag.py:588} INFO - Filling up the DagBag from /home/airflow/.local/lib/python3.12/site-packages/airflow/example_dags/example_sensors.py
[2025-02-01T15:05:57.545+0000] {processor.py:925} INFO - DAG(s) 'example_sensors' retrieved from /home/airflow/.local/lib/python3.12/site-packages/airflow/example_dags/example_sensors.py
[2025-02-01T15:05:57.571+0000] {logging_mixin.py:190} INFO - [2025-02-01T15:05:57.571+0000] {dag.py:3239} INFO - Sync 1 DAGs
[2025-02-01T15:05:57.583+0000] {logging_mixin.py:190} INFO - [2025-02-01T15:05:57.582+0000] {dag.py:4180} INFO - Setting next_dagrun for example_sensors to None, run_after=None
[2025-02-01T15:05:57.597+0000] {processor.py:208} INFO - Processing /home/airflow/.local/lib/python3.12/site-packages/airflow/example_dags/example_sensors.py took 0.064 seconds
[2025-02-01T15:06:28.634+0000] {processor.py:186} INFO - Started process (PID=2738) to work on /home/airflow/.local/lib/python3.12/site-packages/airflow/example_dags/example_sensors.py
[2025-02-01T15:06:28.635+0000] {processor.py:914} INFO - Processing file /home/airflow/.local/lib/python3.12/site-packages/airflow/example_dags/example_sensors.py for tasks to queue
[2025-02-01T15:06:28.635+0000] {logging_mixin.py:190} INFO - [2025-02-01T15:06:28.635+0000] {dagbag.py:588} INFO - Filling up the DagBag from /home/airflow/.local/lib/python3.12/site-packages/airflow/example_dags/example_sensors.py
[2025-02-01T15:06:28.640+0000] {processor.py:925} INFO - DAG(s) 'example_sensors' retrieved from /home/airflow/.local/lib/python3.12/site-packages/airflow/example_dags/example_sensors.py
[2025-02-01T15:06:28.651+0000] {logging_mixin.py:190} INFO - [2025-02-01T15:06:28.651+0000] {dag.py:3239} INFO - Sync 1 DAGs
[2025-02-01T15:06:28.656+0000] {logging_mixin.py:190} INFO - [2025-02-01T15:06:28.656+0000] {dag.py:4180} INFO - Setting next_dagrun for example_sensors to None, run_after=None
[2025-02-01T15:06:28.662+0000] {processor.py:208} INFO - Processing /home/airflow/.local/lib/python3.12/site-packages/airflow/example_dags/example_sensors.py took 0.031 seconds
