[2025-02-01T13:35:16.415+0000] {processor.py:186} INFO - Started process (PID=91) to work on /home/airflow/.local/lib/python3.12/site-packages/airflow/example_dags/example_trigger_target_dag.py
[2025-02-01T13:35:16.418+0000] {processor.py:914} INFO - Processing file /home/airflow/.local/lib/python3.12/site-packages/airflow/example_dags/example_trigger_target_dag.py for tasks to queue
[2025-02-01T13:35:16.421+0000] {logging_mixin.py:190} INFO - [2025-02-01T13:35:16.421+0000] {dagbag.py:588} INFO - Filling up the DagBag from /home/airflow/.local/lib/python3.12/site-packages/airflow/example_dags/example_trigger_target_dag.py
[2025-02-01T13:35:16.434+0000] {processor.py:925} INFO - DAG(s) 'example_trigger_target_dag' retrieved from /home/airflow/.local/lib/python3.12/site-packages/airflow/example_dags/example_trigger_target_dag.py
[2025-02-01T13:35:16.475+0000] {logging_mixin.py:190} INFO - [2025-02-01T13:35:16.475+0000] {dag.py:3239} INFO - Sync 1 DAGs
[2025-02-01T13:35:16.493+0000] {logging_mixin.py:190} INFO - [2025-02-01T13:35:16.493+0000] {dag.py:4180} INFO - Setting next_dagrun for example_trigger_target_dag to None, run_after=None
[2025-02-01T13:35:16.523+0000] {processor.py:208} INFO - Processing /home/airflow/.local/lib/python3.12/site-packages/airflow/example_dags/example_trigger_target_dag.py took 0.114 seconds
[2025-02-01T13:35:46.939+0000] {processor.py:186} INFO - Started process (PID=157) to work on /home/airflow/.local/lib/python3.12/site-packages/airflow/example_dags/example_trigger_target_dag.py
[2025-02-01T13:35:46.940+0000] {processor.py:914} INFO - Processing file /home/airflow/.local/lib/python3.12/site-packages/airflow/example_dags/example_trigger_target_dag.py for tasks to queue
[2025-02-01T13:35:46.942+0000] {logging_mixin.py:190} INFO - [2025-02-01T13:35:46.942+0000] {dagbag.py:588} INFO - Filling up the DagBag from /home/airflow/.local/lib/python3.12/site-packages/airflow/example_dags/example_trigger_target_dag.py
[2025-02-01T13:35:46.949+0000] {processor.py:925} INFO - DAG(s) 'example_trigger_target_dag' retrieved from /home/airflow/.local/lib/python3.12/site-packages/airflow/example_dags/example_trigger_target_dag.py
[2025-02-01T13:35:46.964+0000] {logging_mixin.py:190} INFO - [2025-02-01T13:35:46.964+0000] {dag.py:3239} INFO - Sync 1 DAGs
[2025-02-01T13:35:46.972+0000] {logging_mixin.py:190} INFO - [2025-02-01T13:35:46.972+0000] {dag.py:4180} INFO - Setting next_dagrun for example_trigger_target_dag to None, run_after=None
[2025-02-01T13:35:46.992+0000] {processor.py:208} INFO - Processing /home/airflow/.local/lib/python3.12/site-packages/airflow/example_dags/example_trigger_target_dag.py took 0.057 seconds
[2025-02-01T13:36:17.809+0000] {processor.py:186} INFO - Started process (PID=223) to work on /home/airflow/.local/lib/python3.12/site-packages/airflow/example_dags/example_trigger_target_dag.py
[2025-02-01T13:36:17.810+0000] {processor.py:914} INFO - Processing file /home/airflow/.local/lib/python3.12/site-packages/airflow/example_dags/example_trigger_target_dag.py for tasks to queue
[2025-02-01T13:36:17.814+0000] {logging_mixin.py:190} INFO - [2025-02-01T13:36:17.814+0000] {dagbag.py:588} INFO - Filling up the DagBag from /home/airflow/.local/lib/python3.12/site-packages/airflow/example_dags/example_trigger_target_dag.py
[2025-02-01T13:36:17.820+0000] {processor.py:925} INFO - DAG(s) 'example_trigger_target_dag' retrieved from /home/airflow/.local/lib/python3.12/site-packages/airflow/example_dags/example_trigger_target_dag.py
[2025-02-01T13:36:17.840+0000] {logging_mixin.py:190} INFO - [2025-02-01T13:36:17.839+0000] {dag.py:3239} INFO - Sync 1 DAGs
[2025-02-01T13:36:17.852+0000] {logging_mixin.py:190} INFO - [2025-02-01T13:36:17.852+0000] {dag.py:4180} INFO - Setting next_dagrun for example_trigger_target_dag to None, run_after=None
[2025-02-01T13:36:17.885+0000] {processor.py:208} INFO - Processing /home/airflow/.local/lib/python3.12/site-packages/airflow/example_dags/example_trigger_target_dag.py took 0.080 seconds
[2025-02-01T13:36:48.751+0000] {processor.py:186} INFO - Started process (PID=289) to work on /home/airflow/.local/lib/python3.12/site-packages/airflow/example_dags/example_trigger_target_dag.py
[2025-02-01T13:36:48.753+0000] {processor.py:914} INFO - Processing file /home/airflow/.local/lib/python3.12/site-packages/airflow/example_dags/example_trigger_target_dag.py for tasks to queue
[2025-02-01T13:36:48.755+0000] {logging_mixin.py:190} INFO - [2025-02-01T13:36:48.754+0000] {dagbag.py:588} INFO - Filling up the DagBag from /home/airflow/.local/lib/python3.12/site-packages/airflow/example_dags/example_trigger_target_dag.py
[2025-02-01T13:36:48.761+0000] {processor.py:925} INFO - DAG(s) 'example_trigger_target_dag' retrieved from /home/airflow/.local/lib/python3.12/site-packages/airflow/example_dags/example_trigger_target_dag.py
[2025-02-01T13:36:48.781+0000] {logging_mixin.py:190} INFO - [2025-02-01T13:36:48.781+0000] {dag.py:3239} INFO - Sync 1 DAGs
[2025-02-01T13:36:48.792+0000] {logging_mixin.py:190} INFO - [2025-02-01T13:36:48.792+0000] {dag.py:4180} INFO - Setting next_dagrun for example_trigger_target_dag to None, run_after=None
[2025-02-01T13:36:48.811+0000] {processor.py:208} INFO - Processing /home/airflow/.local/lib/python3.12/site-packages/airflow/example_dags/example_trigger_target_dag.py took 0.063 seconds
[2025-02-01T13:37:19.528+0000] {processor.py:186} INFO - Started process (PID=355) to work on /home/airflow/.local/lib/python3.12/site-packages/airflow/example_dags/example_trigger_target_dag.py
[2025-02-01T13:37:19.529+0000] {processor.py:914} INFO - Processing file /home/airflow/.local/lib/python3.12/site-packages/airflow/example_dags/example_trigger_target_dag.py for tasks to queue
[2025-02-01T13:37:19.530+0000] {logging_mixin.py:190} INFO - [2025-02-01T13:37:19.530+0000] {dagbag.py:588} INFO - Filling up the DagBag from /home/airflow/.local/lib/python3.12/site-packages/airflow/example_dags/example_trigger_target_dag.py
[2025-02-01T13:37:19.534+0000] {processor.py:925} INFO - DAG(s) 'example_trigger_target_dag' retrieved from /home/airflow/.local/lib/python3.12/site-packages/airflow/example_dags/example_trigger_target_dag.py
[2025-02-01T13:37:19.555+0000] {logging_mixin.py:190} INFO - [2025-02-01T13:37:19.555+0000] {dag.py:3239} INFO - Sync 1 DAGs
[2025-02-01T13:37:19.571+0000] {logging_mixin.py:190} INFO - [2025-02-01T13:37:19.571+0000] {dag.py:4180} INFO - Setting next_dagrun for example_trigger_target_dag to None, run_after=None
[2025-02-01T13:37:19.586+0000] {processor.py:208} INFO - Processing /home/airflow/.local/lib/python3.12/site-packages/airflow/example_dags/example_trigger_target_dag.py took 0.060 seconds
[2025-02-01T13:37:49.976+0000] {processor.py:186} INFO - Started process (PID=421) to work on /home/airflow/.local/lib/python3.12/site-packages/airflow/example_dags/example_trigger_target_dag.py
[2025-02-01T13:37:49.976+0000] {processor.py:914} INFO - Processing file /home/airflow/.local/lib/python3.12/site-packages/airflow/example_dags/example_trigger_target_dag.py for tasks to queue
[2025-02-01T13:37:49.977+0000] {logging_mixin.py:190} INFO - [2025-02-01T13:37:49.977+0000] {dagbag.py:588} INFO - Filling up the DagBag from /home/airflow/.local/lib/python3.12/site-packages/airflow/example_dags/example_trigger_target_dag.py
[2025-02-01T13:37:49.981+0000] {processor.py:925} INFO - DAG(s) 'example_trigger_target_dag' retrieved from /home/airflow/.local/lib/python3.12/site-packages/airflow/example_dags/example_trigger_target_dag.py
[2025-02-01T13:37:49.995+0000] {logging_mixin.py:190} INFO - [2025-02-01T13:37:49.995+0000] {dag.py:3239} INFO - Sync 1 DAGs
[2025-02-01T13:37:50.002+0000] {logging_mixin.py:190} INFO - [2025-02-01T13:37:50.002+0000] {dag.py:4180} INFO - Setting next_dagrun for example_trigger_target_dag to None, run_after=None
[2025-02-01T13:37:50.017+0000] {processor.py:208} INFO - Processing /home/airflow/.local/lib/python3.12/site-packages/airflow/example_dags/example_trigger_target_dag.py took 0.045 seconds
[2025-02-01T13:38:20.602+0000] {processor.py:186} INFO - Started process (PID=487) to work on /home/airflow/.local/lib/python3.12/site-packages/airflow/example_dags/example_trigger_target_dag.py
[2025-02-01T13:38:20.603+0000] {processor.py:914} INFO - Processing file /home/airflow/.local/lib/python3.12/site-packages/airflow/example_dags/example_trigger_target_dag.py for tasks to queue
[2025-02-01T13:38:20.605+0000] {logging_mixin.py:190} INFO - [2025-02-01T13:38:20.605+0000] {dagbag.py:588} INFO - Filling up the DagBag from /home/airflow/.local/lib/python3.12/site-packages/airflow/example_dags/example_trigger_target_dag.py
[2025-02-01T13:38:20.610+0000] {processor.py:925} INFO - DAG(s) 'example_trigger_target_dag' retrieved from /home/airflow/.local/lib/python3.12/site-packages/airflow/example_dags/example_trigger_target_dag.py
[2025-02-01T13:38:20.628+0000] {logging_mixin.py:190} INFO - [2025-02-01T13:38:20.628+0000] {dag.py:3239} INFO - Sync 1 DAGs
[2025-02-01T13:38:20.633+0000] {logging_mixin.py:190} INFO - [2025-02-01T13:38:20.633+0000] {dag.py:4180} INFO - Setting next_dagrun for example_trigger_target_dag to None, run_after=None
[2025-02-01T13:38:20.644+0000] {processor.py:208} INFO - Processing /home/airflow/.local/lib/python3.12/site-packages/airflow/example_dags/example_trigger_target_dag.py took 0.044 seconds
[2025-02-01T13:38:51.503+0000] {processor.py:186} INFO - Started process (PID=553) to work on /home/airflow/.local/lib/python3.12/site-packages/airflow/example_dags/example_trigger_target_dag.py
[2025-02-01T13:38:51.503+0000] {processor.py:914} INFO - Processing file /home/airflow/.local/lib/python3.12/site-packages/airflow/example_dags/example_trigger_target_dag.py for tasks to queue
[2025-02-01T13:38:51.505+0000] {logging_mixin.py:190} INFO - [2025-02-01T13:38:51.505+0000] {dagbag.py:588} INFO - Filling up the DagBag from /home/airflow/.local/lib/python3.12/site-packages/airflow/example_dags/example_trigger_target_dag.py
[2025-02-01T13:38:51.508+0000] {processor.py:925} INFO - DAG(s) 'example_trigger_target_dag' retrieved from /home/airflow/.local/lib/python3.12/site-packages/airflow/example_dags/example_trigger_target_dag.py
[2025-02-01T13:38:51.519+0000] {logging_mixin.py:190} INFO - [2025-02-01T13:38:51.519+0000] {dag.py:3239} INFO - Sync 1 DAGs
[2025-02-01T13:38:51.525+0000] {logging_mixin.py:190} INFO - [2025-02-01T13:38:51.525+0000] {dag.py:4180} INFO - Setting next_dagrun for example_trigger_target_dag to None, run_after=None
[2025-02-01T13:38:51.540+0000] {processor.py:208} INFO - Processing /home/airflow/.local/lib/python3.12/site-packages/airflow/example_dags/example_trigger_target_dag.py took 0.040 seconds
[2025-02-01T13:39:22.684+0000] {processor.py:186} INFO - Started process (PID=619) to work on /home/airflow/.local/lib/python3.12/site-packages/airflow/example_dags/example_trigger_target_dag.py
[2025-02-01T13:39:22.684+0000] {processor.py:914} INFO - Processing file /home/airflow/.local/lib/python3.12/site-packages/airflow/example_dags/example_trigger_target_dag.py for tasks to queue
[2025-02-01T13:39:22.685+0000] {logging_mixin.py:190} INFO - [2025-02-01T13:39:22.685+0000] {dagbag.py:588} INFO - Filling up the DagBag from /home/airflow/.local/lib/python3.12/site-packages/airflow/example_dags/example_trigger_target_dag.py
[2025-02-01T13:39:22.690+0000] {processor.py:925} INFO - DAG(s) 'example_trigger_target_dag' retrieved from /home/airflow/.local/lib/python3.12/site-packages/airflow/example_dags/example_trigger_target_dag.py
[2025-02-01T13:39:22.703+0000] {logging_mixin.py:190} INFO - [2025-02-01T13:39:22.702+0000] {dag.py:3239} INFO - Sync 1 DAGs
[2025-02-01T13:39:22.711+0000] {logging_mixin.py:190} INFO - [2025-02-01T13:39:22.711+0000] {dag.py:4180} INFO - Setting next_dagrun for example_trigger_target_dag to None, run_after=None
[2025-02-01T13:39:22.723+0000] {processor.py:208} INFO - Processing /home/airflow/.local/lib/python3.12/site-packages/airflow/example_dags/example_trigger_target_dag.py took 0.043 seconds
[2025-02-01T13:39:53.254+0000] {processor.py:186} INFO - Started process (PID=685) to work on /home/airflow/.local/lib/python3.12/site-packages/airflow/example_dags/example_trigger_target_dag.py
[2025-02-01T13:39:53.255+0000] {processor.py:914} INFO - Processing file /home/airflow/.local/lib/python3.12/site-packages/airflow/example_dags/example_trigger_target_dag.py for tasks to queue
[2025-02-01T13:39:53.257+0000] {logging_mixin.py:190} INFO - [2025-02-01T13:39:53.257+0000] {dagbag.py:588} INFO - Filling up the DagBag from /home/airflow/.local/lib/python3.12/site-packages/airflow/example_dags/example_trigger_target_dag.py
[2025-02-01T13:39:53.262+0000] {processor.py:925} INFO - DAG(s) 'example_trigger_target_dag' retrieved from /home/airflow/.local/lib/python3.12/site-packages/airflow/example_dags/example_trigger_target_dag.py
[2025-02-01T13:39:53.271+0000] {logging_mixin.py:190} INFO - [2025-02-01T13:39:53.271+0000] {dag.py:3239} INFO - Sync 1 DAGs
[2025-02-01T13:39:53.278+0000] {logging_mixin.py:190} INFO - [2025-02-01T13:39:53.278+0000] {dag.py:4180} INFO - Setting next_dagrun for example_trigger_target_dag to None, run_after=None
[2025-02-01T13:39:53.284+0000] {processor.py:208} INFO - Processing /home/airflow/.local/lib/python3.12/site-packages/airflow/example_dags/example_trigger_target_dag.py took 0.033 seconds
[2025-02-01T13:40:24.076+0000] {processor.py:186} INFO - Started process (PID=751) to work on /home/airflow/.local/lib/python3.12/site-packages/airflow/example_dags/example_trigger_target_dag.py
[2025-02-01T13:40:24.077+0000] {processor.py:914} INFO - Processing file /home/airflow/.local/lib/python3.12/site-packages/airflow/example_dags/example_trigger_target_dag.py for tasks to queue
[2025-02-01T13:40:24.078+0000] {logging_mixin.py:190} INFO - [2025-02-01T13:40:24.078+0000] {dagbag.py:588} INFO - Filling up the DagBag from /home/airflow/.local/lib/python3.12/site-packages/airflow/example_dags/example_trigger_target_dag.py
[2025-02-01T13:40:24.083+0000] {processor.py:925} INFO - DAG(s) 'example_trigger_target_dag' retrieved from /home/airflow/.local/lib/python3.12/site-packages/airflow/example_dags/example_trigger_target_dag.py
[2025-02-01T13:40:24.104+0000] {logging_mixin.py:190} INFO - [2025-02-01T13:40:24.104+0000] {dag.py:3239} INFO - Sync 1 DAGs
[2025-02-01T13:40:24.117+0000] {logging_mixin.py:190} INFO - [2025-02-01T13:40:24.116+0000] {dag.py:4180} INFO - Setting next_dagrun for example_trigger_target_dag to None, run_after=None
[2025-02-01T13:40:24.128+0000] {processor.py:208} INFO - Processing /home/airflow/.local/lib/python3.12/site-packages/airflow/example_dags/example_trigger_target_dag.py took 0.055 seconds
[2025-02-01T13:40:55.083+0000] {processor.py:186} INFO - Started process (PID=817) to work on /home/airflow/.local/lib/python3.12/site-packages/airflow/example_dags/example_trigger_target_dag.py
[2025-02-01T13:40:55.086+0000] {processor.py:914} INFO - Processing file /home/airflow/.local/lib/python3.12/site-packages/airflow/example_dags/example_trigger_target_dag.py for tasks to queue
[2025-02-01T13:40:55.087+0000] {logging_mixin.py:190} INFO - [2025-02-01T13:40:55.087+0000] {dagbag.py:588} INFO - Filling up the DagBag from /home/airflow/.local/lib/python3.12/site-packages/airflow/example_dags/example_trigger_target_dag.py
[2025-02-01T13:40:55.092+0000] {processor.py:925} INFO - DAG(s) 'example_trigger_target_dag' retrieved from /home/airflow/.local/lib/python3.12/site-packages/airflow/example_dags/example_trigger_target_dag.py
[2025-02-01T13:40:55.107+0000] {logging_mixin.py:190} INFO - [2025-02-01T13:40:55.107+0000] {dag.py:3239} INFO - Sync 1 DAGs
[2025-02-01T13:40:55.113+0000] {logging_mixin.py:190} INFO - [2025-02-01T13:40:55.113+0000] {dag.py:4180} INFO - Setting next_dagrun for example_trigger_target_dag to None, run_after=None
[2025-02-01T13:40:55.119+0000] {processor.py:208} INFO - Processing /home/airflow/.local/lib/python3.12/site-packages/airflow/example_dags/example_trigger_target_dag.py took 0.039 seconds
[2025-02-01T13:41:26.327+0000] {processor.py:186} INFO - Started process (PID=883) to work on /home/airflow/.local/lib/python3.12/site-packages/airflow/example_dags/example_trigger_target_dag.py
[2025-02-01T13:41:26.329+0000] {processor.py:914} INFO - Processing file /home/airflow/.local/lib/python3.12/site-packages/airflow/example_dags/example_trigger_target_dag.py for tasks to queue
[2025-02-01T13:41:26.330+0000] {logging_mixin.py:190} INFO - [2025-02-01T13:41:26.330+0000] {dagbag.py:588} INFO - Filling up the DagBag from /home/airflow/.local/lib/python3.12/site-packages/airflow/example_dags/example_trigger_target_dag.py
[2025-02-01T13:41:26.337+0000] {processor.py:925} INFO - DAG(s) 'example_trigger_target_dag' retrieved from /home/airflow/.local/lib/python3.12/site-packages/airflow/example_dags/example_trigger_target_dag.py
[2025-02-01T13:41:26.353+0000] {logging_mixin.py:190} INFO - [2025-02-01T13:41:26.353+0000] {dag.py:3239} INFO - Sync 1 DAGs
[2025-02-01T13:41:26.361+0000] {logging_mixin.py:190} INFO - [2025-02-01T13:41:26.361+0000] {dag.py:4180} INFO - Setting next_dagrun for example_trigger_target_dag to None, run_after=None
[2025-02-01T13:41:26.375+0000] {processor.py:208} INFO - Processing /home/airflow/.local/lib/python3.12/site-packages/airflow/example_dags/example_trigger_target_dag.py took 0.053 seconds
[2025-02-01T13:41:57.091+0000] {processor.py:186} INFO - Started process (PID=949) to work on /home/airflow/.local/lib/python3.12/site-packages/airflow/example_dags/example_trigger_target_dag.py
[2025-02-01T13:41:57.095+0000] {processor.py:914} INFO - Processing file /home/airflow/.local/lib/python3.12/site-packages/airflow/example_dags/example_trigger_target_dag.py for tasks to queue
[2025-02-01T13:41:57.098+0000] {logging_mixin.py:190} INFO - [2025-02-01T13:41:57.097+0000] {dagbag.py:588} INFO - Filling up the DagBag from /home/airflow/.local/lib/python3.12/site-packages/airflow/example_dags/example_trigger_target_dag.py
[2025-02-01T13:41:57.103+0000] {processor.py:925} INFO - DAG(s) 'example_trigger_target_dag' retrieved from /home/airflow/.local/lib/python3.12/site-packages/airflow/example_dags/example_trigger_target_dag.py
[2025-02-01T13:41:57.120+0000] {logging_mixin.py:190} INFO - [2025-02-01T13:41:57.120+0000] {dag.py:3239} INFO - Sync 1 DAGs
[2025-02-01T13:41:57.133+0000] {logging_mixin.py:190} INFO - [2025-02-01T13:41:57.133+0000] {dag.py:4180} INFO - Setting next_dagrun for example_trigger_target_dag to None, run_after=None
[2025-02-01T13:41:57.150+0000] {processor.py:208} INFO - Processing /home/airflow/.local/lib/python3.12/site-packages/airflow/example_dags/example_trigger_target_dag.py took 0.063 seconds
[2025-02-01T14:45:46.083+0000] {processor.py:186} INFO - Started process (PID=88) to work on /home/airflow/.local/lib/python3.12/site-packages/airflow/example_dags/example_trigger_target_dag.py
[2025-02-01T14:45:46.084+0000] {processor.py:914} INFO - Processing file /home/airflow/.local/lib/python3.12/site-packages/airflow/example_dags/example_trigger_target_dag.py for tasks to queue
[2025-02-01T14:45:46.085+0000] {logging_mixin.py:190} INFO - [2025-02-01T14:45:46.085+0000] {dagbag.py:588} INFO - Filling up the DagBag from /home/airflow/.local/lib/python3.12/site-packages/airflow/example_dags/example_trigger_target_dag.py
[2025-02-01T14:45:46.091+0000] {processor.py:925} INFO - DAG(s) 'example_trigger_target_dag' retrieved from /home/airflow/.local/lib/python3.12/site-packages/airflow/example_dags/example_trigger_target_dag.py
[2025-02-01T14:45:46.105+0000] {logging_mixin.py:190} INFO - [2025-02-01T14:45:46.104+0000] {dag.py:3239} INFO - Sync 1 DAGs
[2025-02-01T14:45:46.113+0000] {logging_mixin.py:190} INFO - [2025-02-01T14:45:46.113+0000] {dag.py:4180} INFO - Setting next_dagrun for example_trigger_target_dag to None, run_after=None
[2025-02-01T14:45:46.124+0000] {processor.py:208} INFO - Processing /home/airflow/.local/lib/python3.12/site-packages/airflow/example_dags/example_trigger_target_dag.py took 0.045 seconds
[2025-02-01T14:46:16.964+0000] {processor.py:186} INFO - Started process (PID=159) to work on /home/airflow/.local/lib/python3.12/site-packages/airflow/example_dags/example_trigger_target_dag.py
[2025-02-01T14:46:16.965+0000] {processor.py:914} INFO - Processing file /home/airflow/.local/lib/python3.12/site-packages/airflow/example_dags/example_trigger_target_dag.py for tasks to queue
[2025-02-01T14:46:16.967+0000] {logging_mixin.py:190} INFO - [2025-02-01T14:46:16.967+0000] {dagbag.py:588} INFO - Filling up the DagBag from /home/airflow/.local/lib/python3.12/site-packages/airflow/example_dags/example_trigger_target_dag.py
[2025-02-01T14:46:16.971+0000] {processor.py:925} INFO - DAG(s) 'example_trigger_target_dag' retrieved from /home/airflow/.local/lib/python3.12/site-packages/airflow/example_dags/example_trigger_target_dag.py
[2025-02-01T14:46:16.981+0000] {logging_mixin.py:190} INFO - [2025-02-01T14:46:16.981+0000] {dag.py:3239} INFO - Sync 1 DAGs
[2025-02-01T14:46:16.987+0000] {logging_mixin.py:190} INFO - [2025-02-01T14:46:16.987+0000] {dag.py:4180} INFO - Setting next_dagrun for example_trigger_target_dag to None, run_after=None
[2025-02-01T14:46:16.995+0000] {processor.py:208} INFO - Processing /home/airflow/.local/lib/python3.12/site-packages/airflow/example_dags/example_trigger_target_dag.py took 0.034 seconds
[2025-02-01T14:46:48.031+0000] {processor.py:186} INFO - Started process (PID=225) to work on /home/airflow/.local/lib/python3.12/site-packages/airflow/example_dags/example_trigger_target_dag.py
[2025-02-01T14:46:48.032+0000] {processor.py:914} INFO - Processing file /home/airflow/.local/lib/python3.12/site-packages/airflow/example_dags/example_trigger_target_dag.py for tasks to queue
[2025-02-01T14:46:48.033+0000] {logging_mixin.py:190} INFO - [2025-02-01T14:46:48.033+0000] {dagbag.py:588} INFO - Filling up the DagBag from /home/airflow/.local/lib/python3.12/site-packages/airflow/example_dags/example_trigger_target_dag.py
[2025-02-01T14:46:48.037+0000] {processor.py:925} INFO - DAG(s) 'example_trigger_target_dag' retrieved from /home/airflow/.local/lib/python3.12/site-packages/airflow/example_dags/example_trigger_target_dag.py
[2025-02-01T14:46:48.051+0000] {logging_mixin.py:190} INFO - [2025-02-01T14:46:48.051+0000] {dag.py:3239} INFO - Sync 1 DAGs
[2025-02-01T14:46:48.059+0000] {logging_mixin.py:190} INFO - [2025-02-01T14:46:48.059+0000] {dag.py:4180} INFO - Setting next_dagrun for example_trigger_target_dag to None, run_after=None
[2025-02-01T14:46:48.067+0000] {processor.py:208} INFO - Processing /home/airflow/.local/lib/python3.12/site-packages/airflow/example_dags/example_trigger_target_dag.py took 0.038 seconds
[2025-02-01T14:47:18.954+0000] {processor.py:186} INFO - Started process (PID=291) to work on /home/airflow/.local/lib/python3.12/site-packages/airflow/example_dags/example_trigger_target_dag.py
[2025-02-01T14:47:18.957+0000] {processor.py:914} INFO - Processing file /home/airflow/.local/lib/python3.12/site-packages/airflow/example_dags/example_trigger_target_dag.py for tasks to queue
[2025-02-01T14:47:18.960+0000] {logging_mixin.py:190} INFO - [2025-02-01T14:47:18.960+0000] {dagbag.py:588} INFO - Filling up the DagBag from /home/airflow/.local/lib/python3.12/site-packages/airflow/example_dags/example_trigger_target_dag.py
[2025-02-01T14:47:18.965+0000] {processor.py:925} INFO - DAG(s) 'example_trigger_target_dag' retrieved from /home/airflow/.local/lib/python3.12/site-packages/airflow/example_dags/example_trigger_target_dag.py
[2025-02-01T14:47:18.978+0000] {logging_mixin.py:190} INFO - [2025-02-01T14:47:18.977+0000] {dag.py:3239} INFO - Sync 1 DAGs
[2025-02-01T14:47:18.984+0000] {logging_mixin.py:190} INFO - [2025-02-01T14:47:18.984+0000] {dag.py:4180} INFO - Setting next_dagrun for example_trigger_target_dag to None, run_after=None
[2025-02-01T14:47:18.993+0000] {processor.py:208} INFO - Processing /home/airflow/.local/lib/python3.12/site-packages/airflow/example_dags/example_trigger_target_dag.py took 0.042 seconds
[2025-02-01T14:47:50.180+0000] {processor.py:186} INFO - Started process (PID=357) to work on /home/airflow/.local/lib/python3.12/site-packages/airflow/example_dags/example_trigger_target_dag.py
[2025-02-01T14:47:50.180+0000] {processor.py:914} INFO - Processing file /home/airflow/.local/lib/python3.12/site-packages/airflow/example_dags/example_trigger_target_dag.py for tasks to queue
[2025-02-01T14:47:50.181+0000] {logging_mixin.py:190} INFO - [2025-02-01T14:47:50.181+0000] {dagbag.py:588} INFO - Filling up the DagBag from /home/airflow/.local/lib/python3.12/site-packages/airflow/example_dags/example_trigger_target_dag.py
[2025-02-01T14:47:50.185+0000] {processor.py:925} INFO - DAG(s) 'example_trigger_target_dag' retrieved from /home/airflow/.local/lib/python3.12/site-packages/airflow/example_dags/example_trigger_target_dag.py
[2025-02-01T14:47:50.194+0000] {logging_mixin.py:190} INFO - [2025-02-01T14:47:50.194+0000] {dag.py:3239} INFO - Sync 1 DAGs
[2025-02-01T14:47:50.201+0000] {logging_mixin.py:190} INFO - [2025-02-01T14:47:50.201+0000] {dag.py:4180} INFO - Setting next_dagrun for example_trigger_target_dag to None, run_after=None
[2025-02-01T14:47:50.209+0000] {processor.py:208} INFO - Processing /home/airflow/.local/lib/python3.12/site-packages/airflow/example_dags/example_trigger_target_dag.py took 0.031 seconds
[2025-02-01T14:48:21.027+0000] {processor.py:186} INFO - Started process (PID=423) to work on /home/airflow/.local/lib/python3.12/site-packages/airflow/example_dags/example_trigger_target_dag.py
[2025-02-01T14:48:21.028+0000] {processor.py:914} INFO - Processing file /home/airflow/.local/lib/python3.12/site-packages/airflow/example_dags/example_trigger_target_dag.py for tasks to queue
[2025-02-01T14:48:21.030+0000] {logging_mixin.py:190} INFO - [2025-02-01T14:48:21.029+0000] {dagbag.py:588} INFO - Filling up the DagBag from /home/airflow/.local/lib/python3.12/site-packages/airflow/example_dags/example_trigger_target_dag.py
[2025-02-01T14:48:21.034+0000] {processor.py:925} INFO - DAG(s) 'example_trigger_target_dag' retrieved from /home/airflow/.local/lib/python3.12/site-packages/airflow/example_dags/example_trigger_target_dag.py
[2025-02-01T14:48:21.045+0000] {logging_mixin.py:190} INFO - [2025-02-01T14:48:21.045+0000] {dag.py:3239} INFO - Sync 1 DAGs
[2025-02-01T14:48:21.052+0000] {logging_mixin.py:190} INFO - [2025-02-01T14:48:21.052+0000] {dag.py:4180} INFO - Setting next_dagrun for example_trigger_target_dag to None, run_after=None
[2025-02-01T14:48:21.062+0000] {processor.py:208} INFO - Processing /home/airflow/.local/lib/python3.12/site-packages/airflow/example_dags/example_trigger_target_dag.py took 0.038 seconds
[2025-02-01T14:48:51.986+0000] {processor.py:186} INFO - Started process (PID=489) to work on /home/airflow/.local/lib/python3.12/site-packages/airflow/example_dags/example_trigger_target_dag.py
[2025-02-01T14:48:51.987+0000] {processor.py:914} INFO - Processing file /home/airflow/.local/lib/python3.12/site-packages/airflow/example_dags/example_trigger_target_dag.py for tasks to queue
[2025-02-01T14:48:51.988+0000] {logging_mixin.py:190} INFO - [2025-02-01T14:48:51.988+0000] {dagbag.py:588} INFO - Filling up the DagBag from /home/airflow/.local/lib/python3.12/site-packages/airflow/example_dags/example_trigger_target_dag.py
[2025-02-01T14:48:51.992+0000] {processor.py:925} INFO - DAG(s) 'example_trigger_target_dag' retrieved from /home/airflow/.local/lib/python3.12/site-packages/airflow/example_dags/example_trigger_target_dag.py
[2025-02-01T14:48:52.007+0000] {logging_mixin.py:190} INFO - [2025-02-01T14:48:52.006+0000] {dag.py:3239} INFO - Sync 1 DAGs
[2025-02-01T14:48:52.016+0000] {logging_mixin.py:190} INFO - [2025-02-01T14:48:52.016+0000] {dag.py:4180} INFO - Setting next_dagrun for example_trigger_target_dag to None, run_after=None
[2025-02-01T14:48:52.031+0000] {processor.py:208} INFO - Processing /home/airflow/.local/lib/python3.12/site-packages/airflow/example_dags/example_trigger_target_dag.py took 0.047 seconds
[2025-02-01T14:49:23.058+0000] {processor.py:186} INFO - Started process (PID=555) to work on /home/airflow/.local/lib/python3.12/site-packages/airflow/example_dags/example_trigger_target_dag.py
[2025-02-01T14:49:23.058+0000] {processor.py:914} INFO - Processing file /home/airflow/.local/lib/python3.12/site-packages/airflow/example_dags/example_trigger_target_dag.py for tasks to queue
[2025-02-01T14:49:23.059+0000] {logging_mixin.py:190} INFO - [2025-02-01T14:49:23.059+0000] {dagbag.py:588} INFO - Filling up the DagBag from /home/airflow/.local/lib/python3.12/site-packages/airflow/example_dags/example_trigger_target_dag.py
[2025-02-01T14:49:23.063+0000] {processor.py:925} INFO - DAG(s) 'example_trigger_target_dag' retrieved from /home/airflow/.local/lib/python3.12/site-packages/airflow/example_dags/example_trigger_target_dag.py
[2025-02-01T14:49:23.071+0000] {logging_mixin.py:190} INFO - [2025-02-01T14:49:23.071+0000] {dag.py:3239} INFO - Sync 1 DAGs
[2025-02-01T14:49:23.076+0000] {logging_mixin.py:190} INFO - [2025-02-01T14:49:23.076+0000] {dag.py:4180} INFO - Setting next_dagrun for example_trigger_target_dag to None, run_after=None
[2025-02-01T14:49:23.083+0000] {processor.py:208} INFO - Processing /home/airflow/.local/lib/python3.12/site-packages/airflow/example_dags/example_trigger_target_dag.py took 0.028 seconds
[2025-02-01T14:49:54.157+0000] {processor.py:186} INFO - Started process (PID=620) to work on /home/airflow/.local/lib/python3.12/site-packages/airflow/example_dags/example_trigger_target_dag.py
[2025-02-01T14:49:54.160+0000] {processor.py:914} INFO - Processing file /home/airflow/.local/lib/python3.12/site-packages/airflow/example_dags/example_trigger_target_dag.py for tasks to queue
[2025-02-01T14:49:54.162+0000] {logging_mixin.py:190} INFO - [2025-02-01T14:49:54.162+0000] {dagbag.py:588} INFO - Filling up the DagBag from /home/airflow/.local/lib/python3.12/site-packages/airflow/example_dags/example_trigger_target_dag.py
[2025-02-01T14:49:54.167+0000] {processor.py:925} INFO - DAG(s) 'example_trigger_target_dag' retrieved from /home/airflow/.local/lib/python3.12/site-packages/airflow/example_dags/example_trigger_target_dag.py
[2025-02-01T14:49:54.176+0000] {logging_mixin.py:190} INFO - [2025-02-01T14:49:54.175+0000] {dag.py:3239} INFO - Sync 1 DAGs
[2025-02-01T14:49:54.182+0000] {logging_mixin.py:190} INFO - [2025-02-01T14:49:54.182+0000] {dag.py:4180} INFO - Setting next_dagrun for example_trigger_target_dag to None, run_after=None
[2025-02-01T14:49:54.192+0000] {processor.py:208} INFO - Processing /home/airflow/.local/lib/python3.12/site-packages/airflow/example_dags/example_trigger_target_dag.py took 0.038 seconds
[2025-02-01T14:50:25.022+0000] {processor.py:186} INFO - Started process (PID=686) to work on /home/airflow/.local/lib/python3.12/site-packages/airflow/example_dags/example_trigger_target_dag.py
[2025-02-01T14:50:25.023+0000] {processor.py:914} INFO - Processing file /home/airflow/.local/lib/python3.12/site-packages/airflow/example_dags/example_trigger_target_dag.py for tasks to queue
[2025-02-01T14:50:25.024+0000] {logging_mixin.py:190} INFO - [2025-02-01T14:50:25.024+0000] {dagbag.py:588} INFO - Filling up the DagBag from /home/airflow/.local/lib/python3.12/site-packages/airflow/example_dags/example_trigger_target_dag.py
[2025-02-01T14:50:25.028+0000] {processor.py:925} INFO - DAG(s) 'example_trigger_target_dag' retrieved from /home/airflow/.local/lib/python3.12/site-packages/airflow/example_dags/example_trigger_target_dag.py
[2025-02-01T14:50:25.038+0000] {logging_mixin.py:190} INFO - [2025-02-01T14:50:25.037+0000] {dag.py:3239} INFO - Sync 1 DAGs
[2025-02-01T14:50:25.046+0000] {logging_mixin.py:190} INFO - [2025-02-01T14:50:25.046+0000] {dag.py:4180} INFO - Setting next_dagrun for example_trigger_target_dag to None, run_after=None
[2025-02-01T14:50:25.057+0000] {processor.py:208} INFO - Processing /home/airflow/.local/lib/python3.12/site-packages/airflow/example_dags/example_trigger_target_dag.py took 0.037 seconds
[2025-02-01T14:50:56.159+0000] {processor.py:186} INFO - Started process (PID=753) to work on /home/airflow/.local/lib/python3.12/site-packages/airflow/example_dags/example_trigger_target_dag.py
[2025-02-01T14:50:56.163+0000] {processor.py:914} INFO - Processing file /home/airflow/.local/lib/python3.12/site-packages/airflow/example_dags/example_trigger_target_dag.py for tasks to queue
[2025-02-01T14:50:56.164+0000] {logging_mixin.py:190} INFO - [2025-02-01T14:50:56.164+0000] {dagbag.py:588} INFO - Filling up the DagBag from /home/airflow/.local/lib/python3.12/site-packages/airflow/example_dags/example_trigger_target_dag.py
[2025-02-01T14:50:56.170+0000] {processor.py:925} INFO - DAG(s) 'example_trigger_target_dag' retrieved from /home/airflow/.local/lib/python3.12/site-packages/airflow/example_dags/example_trigger_target_dag.py
[2025-02-01T14:50:56.181+0000] {logging_mixin.py:190} INFO - [2025-02-01T14:50:56.181+0000] {dag.py:3239} INFO - Sync 1 DAGs
[2025-02-01T14:50:56.190+0000] {logging_mixin.py:190} INFO - [2025-02-01T14:50:56.190+0000] {dag.py:4180} INFO - Setting next_dagrun for example_trigger_target_dag to None, run_after=None
[2025-02-01T14:50:56.202+0000] {processor.py:208} INFO - Processing /home/airflow/.local/lib/python3.12/site-packages/airflow/example_dags/example_trigger_target_dag.py took 0.047 seconds
[2025-02-01T14:51:27.351+0000] {processor.py:186} INFO - Started process (PID=819) to work on /home/airflow/.local/lib/python3.12/site-packages/airflow/example_dags/example_trigger_target_dag.py
[2025-02-01T14:51:27.354+0000] {processor.py:914} INFO - Processing file /home/airflow/.local/lib/python3.12/site-packages/airflow/example_dags/example_trigger_target_dag.py for tasks to queue
[2025-02-01T14:51:27.355+0000] {logging_mixin.py:190} INFO - [2025-02-01T14:51:27.355+0000] {dagbag.py:588} INFO - Filling up the DagBag from /home/airflow/.local/lib/python3.12/site-packages/airflow/example_dags/example_trigger_target_dag.py
[2025-02-01T14:51:27.359+0000] {processor.py:925} INFO - DAG(s) 'example_trigger_target_dag' retrieved from /home/airflow/.local/lib/python3.12/site-packages/airflow/example_dags/example_trigger_target_dag.py
[2025-02-01T14:51:27.369+0000] {logging_mixin.py:190} INFO - [2025-02-01T14:51:27.369+0000] {dag.py:3239} INFO - Sync 1 DAGs
[2025-02-01T14:51:27.376+0000] {logging_mixin.py:190} INFO - [2025-02-01T14:51:27.376+0000] {dag.py:4180} INFO - Setting next_dagrun for example_trigger_target_dag to None, run_after=None
[2025-02-01T14:51:27.383+0000] {processor.py:208} INFO - Processing /home/airflow/.local/lib/python3.12/site-packages/airflow/example_dags/example_trigger_target_dag.py took 0.034 seconds
[2025-02-01T14:51:58.828+0000] {processor.py:186} INFO - Started process (PID=885) to work on /home/airflow/.local/lib/python3.12/site-packages/airflow/example_dags/example_trigger_target_dag.py
[2025-02-01T14:51:58.828+0000] {processor.py:914} INFO - Processing file /home/airflow/.local/lib/python3.12/site-packages/airflow/example_dags/example_trigger_target_dag.py for tasks to queue
[2025-02-01T14:51:58.830+0000] {logging_mixin.py:190} INFO - [2025-02-01T14:51:58.830+0000] {dagbag.py:588} INFO - Filling up the DagBag from /home/airflow/.local/lib/python3.12/site-packages/airflow/example_dags/example_trigger_target_dag.py
[2025-02-01T14:51:58.835+0000] {processor.py:925} INFO - DAG(s) 'example_trigger_target_dag' retrieved from /home/airflow/.local/lib/python3.12/site-packages/airflow/example_dags/example_trigger_target_dag.py
[2025-02-01T14:51:58.857+0000] {logging_mixin.py:190} INFO - [2025-02-01T14:51:58.856+0000] {dag.py:3239} INFO - Sync 1 DAGs
[2025-02-01T14:51:58.866+0000] {logging_mixin.py:190} INFO - [2025-02-01T14:51:58.866+0000] {dag.py:4180} INFO - Setting next_dagrun for example_trigger_target_dag to None, run_after=None
[2025-02-01T14:51:58.884+0000] {processor.py:208} INFO - Processing /home/airflow/.local/lib/python3.12/site-packages/airflow/example_dags/example_trigger_target_dag.py took 0.060 seconds
[2025-02-01T14:52:30.265+0000] {processor.py:186} INFO - Started process (PID=951) to work on /home/airflow/.local/lib/python3.12/site-packages/airflow/example_dags/example_trigger_target_dag.py
[2025-02-01T14:52:30.265+0000] {processor.py:914} INFO - Processing file /home/airflow/.local/lib/python3.12/site-packages/airflow/example_dags/example_trigger_target_dag.py for tasks to queue
[2025-02-01T14:52:30.266+0000] {logging_mixin.py:190} INFO - [2025-02-01T14:52:30.266+0000] {dagbag.py:588} INFO - Filling up the DagBag from /home/airflow/.local/lib/python3.12/site-packages/airflow/example_dags/example_trigger_target_dag.py
[2025-02-01T14:52:30.270+0000] {processor.py:925} INFO - DAG(s) 'example_trigger_target_dag' retrieved from /home/airflow/.local/lib/python3.12/site-packages/airflow/example_dags/example_trigger_target_dag.py
[2025-02-01T14:52:30.280+0000] {logging_mixin.py:190} INFO - [2025-02-01T14:52:30.280+0000] {dag.py:3239} INFO - Sync 1 DAGs
[2025-02-01T14:52:30.287+0000] {logging_mixin.py:190} INFO - [2025-02-01T14:52:30.287+0000] {dag.py:4180} INFO - Setting next_dagrun for example_trigger_target_dag to None, run_after=None
[2025-02-01T14:52:30.296+0000] {processor.py:208} INFO - Processing /home/airflow/.local/lib/python3.12/site-packages/airflow/example_dags/example_trigger_target_dag.py took 0.034 seconds
[2025-02-01T14:53:00.671+0000] {processor.py:186} INFO - Started process (PID=1017) to work on /home/airflow/.local/lib/python3.12/site-packages/airflow/example_dags/example_trigger_target_dag.py
[2025-02-01T14:53:00.672+0000] {processor.py:914} INFO - Processing file /home/airflow/.local/lib/python3.12/site-packages/airflow/example_dags/example_trigger_target_dag.py for tasks to queue
[2025-02-01T14:53:00.673+0000] {logging_mixin.py:190} INFO - [2025-02-01T14:53:00.673+0000] {dagbag.py:588} INFO - Filling up the DagBag from /home/airflow/.local/lib/python3.12/site-packages/airflow/example_dags/example_trigger_target_dag.py
[2025-02-01T14:53:00.677+0000] {processor.py:925} INFO - DAG(s) 'example_trigger_target_dag' retrieved from /home/airflow/.local/lib/python3.12/site-packages/airflow/example_dags/example_trigger_target_dag.py
[2025-02-01T14:53:00.685+0000] {logging_mixin.py:190} INFO - [2025-02-01T14:53:00.685+0000] {dag.py:3239} INFO - Sync 1 DAGs
[2025-02-01T14:53:00.692+0000] {logging_mixin.py:190} INFO - [2025-02-01T14:53:00.691+0000] {dag.py:4180} INFO - Setting next_dagrun for example_trigger_target_dag to None, run_after=None
[2025-02-01T14:53:00.699+0000] {processor.py:208} INFO - Processing /home/airflow/.local/lib/python3.12/site-packages/airflow/example_dags/example_trigger_target_dag.py took 0.031 seconds
[2025-02-01T14:53:31.668+0000] {processor.py:186} INFO - Started process (PID=1083) to work on /home/airflow/.local/lib/python3.12/site-packages/airflow/example_dags/example_trigger_target_dag.py
[2025-02-01T14:53:31.668+0000] {processor.py:914} INFO - Processing file /home/airflow/.local/lib/python3.12/site-packages/airflow/example_dags/example_trigger_target_dag.py for tasks to queue
[2025-02-01T14:53:31.669+0000] {logging_mixin.py:190} INFO - [2025-02-01T14:53:31.669+0000] {dagbag.py:588} INFO - Filling up the DagBag from /home/airflow/.local/lib/python3.12/site-packages/airflow/example_dags/example_trigger_target_dag.py
[2025-02-01T14:53:31.674+0000] {processor.py:925} INFO - DAG(s) 'example_trigger_target_dag' retrieved from /home/airflow/.local/lib/python3.12/site-packages/airflow/example_dags/example_trigger_target_dag.py
[2025-02-01T14:53:31.684+0000] {logging_mixin.py:190} INFO - [2025-02-01T14:53:31.684+0000] {dag.py:3239} INFO - Sync 1 DAGs
[2025-02-01T14:53:31.690+0000] {logging_mixin.py:190} INFO - [2025-02-01T14:53:31.690+0000] {dag.py:4180} INFO - Setting next_dagrun for example_trigger_target_dag to None, run_after=None
[2025-02-01T14:53:31.697+0000] {processor.py:208} INFO - Processing /home/airflow/.local/lib/python3.12/site-packages/airflow/example_dags/example_trigger_target_dag.py took 0.031 seconds
[2025-02-01T14:54:02.721+0000] {processor.py:186} INFO - Started process (PID=1149) to work on /home/airflow/.local/lib/python3.12/site-packages/airflow/example_dags/example_trigger_target_dag.py
[2025-02-01T14:54:02.722+0000] {processor.py:914} INFO - Processing file /home/airflow/.local/lib/python3.12/site-packages/airflow/example_dags/example_trigger_target_dag.py for tasks to queue
[2025-02-01T14:54:02.723+0000] {logging_mixin.py:190} INFO - [2025-02-01T14:54:02.723+0000] {dagbag.py:588} INFO - Filling up the DagBag from /home/airflow/.local/lib/python3.12/site-packages/airflow/example_dags/example_trigger_target_dag.py
[2025-02-01T14:54:02.727+0000] {processor.py:925} INFO - DAG(s) 'example_trigger_target_dag' retrieved from /home/airflow/.local/lib/python3.12/site-packages/airflow/example_dags/example_trigger_target_dag.py
[2025-02-01T14:54:02.737+0000] {logging_mixin.py:190} INFO - [2025-02-01T14:54:02.737+0000] {dag.py:3239} INFO - Sync 1 DAGs
[2025-02-01T14:54:02.743+0000] {logging_mixin.py:190} INFO - [2025-02-01T14:54:02.743+0000] {dag.py:4180} INFO - Setting next_dagrun for example_trigger_target_dag to None, run_after=None
[2025-02-01T14:54:02.750+0000] {processor.py:208} INFO - Processing /home/airflow/.local/lib/python3.12/site-packages/airflow/example_dags/example_trigger_target_dag.py took 0.032 seconds
[2025-02-01T14:54:33.733+0000] {processor.py:186} INFO - Started process (PID=1215) to work on /home/airflow/.local/lib/python3.12/site-packages/airflow/example_dags/example_trigger_target_dag.py
[2025-02-01T14:54:33.733+0000] {processor.py:914} INFO - Processing file /home/airflow/.local/lib/python3.12/site-packages/airflow/example_dags/example_trigger_target_dag.py for tasks to queue
[2025-02-01T14:54:33.735+0000] {logging_mixin.py:190} INFO - [2025-02-01T14:54:33.735+0000] {dagbag.py:588} INFO - Filling up the DagBag from /home/airflow/.local/lib/python3.12/site-packages/airflow/example_dags/example_trigger_target_dag.py
[2025-02-01T14:54:33.739+0000] {processor.py:925} INFO - DAG(s) 'example_trigger_target_dag' retrieved from /home/airflow/.local/lib/python3.12/site-packages/airflow/example_dags/example_trigger_target_dag.py
[2025-02-01T14:54:33.749+0000] {logging_mixin.py:190} INFO - [2025-02-01T14:54:33.749+0000] {dag.py:3239} INFO - Sync 1 DAGs
[2025-02-01T14:54:33.755+0000] {logging_mixin.py:190} INFO - [2025-02-01T14:54:33.755+0000] {dag.py:4180} INFO - Setting next_dagrun for example_trigger_target_dag to None, run_after=None
[2025-02-01T14:54:33.762+0000] {processor.py:208} INFO - Processing /home/airflow/.local/lib/python3.12/site-packages/airflow/example_dags/example_trigger_target_dag.py took 0.032 seconds
[2025-02-01T14:55:04.857+0000] {processor.py:186} INFO - Started process (PID=1281) to work on /home/airflow/.local/lib/python3.12/site-packages/airflow/example_dags/example_trigger_target_dag.py
[2025-02-01T14:55:04.857+0000] {processor.py:914} INFO - Processing file /home/airflow/.local/lib/python3.12/site-packages/airflow/example_dags/example_trigger_target_dag.py for tasks to queue
[2025-02-01T14:55:04.859+0000] {logging_mixin.py:190} INFO - [2025-02-01T14:55:04.858+0000] {dagbag.py:588} INFO - Filling up the DagBag from /home/airflow/.local/lib/python3.12/site-packages/airflow/example_dags/example_trigger_target_dag.py
[2025-02-01T14:55:04.864+0000] {processor.py:925} INFO - DAG(s) 'example_trigger_target_dag' retrieved from /home/airflow/.local/lib/python3.12/site-packages/airflow/example_dags/example_trigger_target_dag.py
[2025-02-01T14:55:04.879+0000] {logging_mixin.py:190} INFO - [2025-02-01T14:55:04.879+0000] {dag.py:3239} INFO - Sync 1 DAGs
[2025-02-01T14:55:04.888+0000] {logging_mixin.py:190} INFO - [2025-02-01T14:55:04.888+0000] {dag.py:4180} INFO - Setting next_dagrun for example_trigger_target_dag to None, run_after=None
[2025-02-01T14:55:04.899+0000] {processor.py:208} INFO - Processing /home/airflow/.local/lib/python3.12/site-packages/airflow/example_dags/example_trigger_target_dag.py took 0.045 seconds
[2025-02-01T14:55:35.677+0000] {processor.py:186} INFO - Started process (PID=1347) to work on /home/airflow/.local/lib/python3.12/site-packages/airflow/example_dags/example_trigger_target_dag.py
[2025-02-01T14:55:35.678+0000] {processor.py:914} INFO - Processing file /home/airflow/.local/lib/python3.12/site-packages/airflow/example_dags/example_trigger_target_dag.py for tasks to queue
[2025-02-01T14:55:35.680+0000] {logging_mixin.py:190} INFO - [2025-02-01T14:55:35.680+0000] {dagbag.py:588} INFO - Filling up the DagBag from /home/airflow/.local/lib/python3.12/site-packages/airflow/example_dags/example_trigger_target_dag.py
[2025-02-01T14:55:35.684+0000] {processor.py:925} INFO - DAG(s) 'example_trigger_target_dag' retrieved from /home/airflow/.local/lib/python3.12/site-packages/airflow/example_dags/example_trigger_target_dag.py
[2025-02-01T14:55:35.693+0000] {logging_mixin.py:190} INFO - [2025-02-01T14:55:35.693+0000] {dag.py:3239} INFO - Sync 1 DAGs
[2025-02-01T14:55:35.698+0000] {logging_mixin.py:190} INFO - [2025-02-01T14:55:35.698+0000] {dag.py:4180} INFO - Setting next_dagrun for example_trigger_target_dag to None, run_after=None
[2025-02-01T14:55:35.706+0000] {processor.py:208} INFO - Processing /home/airflow/.local/lib/python3.12/site-packages/airflow/example_dags/example_trigger_target_dag.py took 0.032 seconds
[2025-02-01T14:56:06.706+0000] {processor.py:186} INFO - Started process (PID=1413) to work on /home/airflow/.local/lib/python3.12/site-packages/airflow/example_dags/example_trigger_target_dag.py
[2025-02-01T14:56:06.707+0000] {processor.py:914} INFO - Processing file /home/airflow/.local/lib/python3.12/site-packages/airflow/example_dags/example_trigger_target_dag.py for tasks to queue
[2025-02-01T14:56:06.708+0000] {logging_mixin.py:190} INFO - [2025-02-01T14:56:06.708+0000] {dagbag.py:588} INFO - Filling up the DagBag from /home/airflow/.local/lib/python3.12/site-packages/airflow/example_dags/example_trigger_target_dag.py
[2025-02-01T14:56:06.711+0000] {processor.py:925} INFO - DAG(s) 'example_trigger_target_dag' retrieved from /home/airflow/.local/lib/python3.12/site-packages/airflow/example_dags/example_trigger_target_dag.py
[2025-02-01T14:56:06.722+0000] {logging_mixin.py:190} INFO - [2025-02-01T14:56:06.722+0000] {dag.py:3239} INFO - Sync 1 DAGs
[2025-02-01T14:56:06.730+0000] {logging_mixin.py:190} INFO - [2025-02-01T14:56:06.729+0000] {dag.py:4180} INFO - Setting next_dagrun for example_trigger_target_dag to None, run_after=None
[2025-02-01T14:56:06.737+0000] {processor.py:208} INFO - Processing /home/airflow/.local/lib/python3.12/site-packages/airflow/example_dags/example_trigger_target_dag.py took 0.033 seconds
[2025-02-01T14:56:37.725+0000] {processor.py:186} INFO - Started process (PID=1479) to work on /home/airflow/.local/lib/python3.12/site-packages/airflow/example_dags/example_trigger_target_dag.py
[2025-02-01T14:56:37.725+0000] {processor.py:914} INFO - Processing file /home/airflow/.local/lib/python3.12/site-packages/airflow/example_dags/example_trigger_target_dag.py for tasks to queue
[2025-02-01T14:56:37.726+0000] {logging_mixin.py:190} INFO - [2025-02-01T14:56:37.726+0000] {dagbag.py:588} INFO - Filling up the DagBag from /home/airflow/.local/lib/python3.12/site-packages/airflow/example_dags/example_trigger_target_dag.py
[2025-02-01T14:56:37.731+0000] {processor.py:925} INFO - DAG(s) 'example_trigger_target_dag' retrieved from /home/airflow/.local/lib/python3.12/site-packages/airflow/example_dags/example_trigger_target_dag.py
[2025-02-01T14:56:37.740+0000] {logging_mixin.py:190} INFO - [2025-02-01T14:56:37.740+0000] {dag.py:3239} INFO - Sync 1 DAGs
[2025-02-01T14:56:37.746+0000] {logging_mixin.py:190} INFO - [2025-02-01T14:56:37.746+0000] {dag.py:4180} INFO - Setting next_dagrun for example_trigger_target_dag to None, run_after=None
[2025-02-01T14:56:37.754+0000] {processor.py:208} INFO - Processing /home/airflow/.local/lib/python3.12/site-packages/airflow/example_dags/example_trigger_target_dag.py took 0.032 seconds
[2025-02-01T14:57:08.764+0000] {processor.py:186} INFO - Started process (PID=1545) to work on /home/airflow/.local/lib/python3.12/site-packages/airflow/example_dags/example_trigger_target_dag.py
[2025-02-01T14:57:08.764+0000] {processor.py:914} INFO - Processing file /home/airflow/.local/lib/python3.12/site-packages/airflow/example_dags/example_trigger_target_dag.py for tasks to queue
[2025-02-01T14:57:08.766+0000] {logging_mixin.py:190} INFO - [2025-02-01T14:57:08.765+0000] {dagbag.py:588} INFO - Filling up the DagBag from /home/airflow/.local/lib/python3.12/site-packages/airflow/example_dags/example_trigger_target_dag.py
[2025-02-01T14:57:08.770+0000] {processor.py:925} INFO - DAG(s) 'example_trigger_target_dag' retrieved from /home/airflow/.local/lib/python3.12/site-packages/airflow/example_dags/example_trigger_target_dag.py
[2025-02-01T14:57:08.779+0000] {logging_mixin.py:190} INFO - [2025-02-01T14:57:08.779+0000] {dag.py:3239} INFO - Sync 1 DAGs
[2025-02-01T14:57:08.786+0000] {logging_mixin.py:190} INFO - [2025-02-01T14:57:08.786+0000] {dag.py:4180} INFO - Setting next_dagrun for example_trigger_target_dag to None, run_after=None
[2025-02-01T14:57:08.794+0000] {processor.py:208} INFO - Processing /home/airflow/.local/lib/python3.12/site-packages/airflow/example_dags/example_trigger_target_dag.py took 0.034 seconds
[2025-02-01T14:57:39.814+0000] {processor.py:186} INFO - Started process (PID=1611) to work on /home/airflow/.local/lib/python3.12/site-packages/airflow/example_dags/example_trigger_target_dag.py
[2025-02-01T14:57:39.815+0000] {processor.py:914} INFO - Processing file /home/airflow/.local/lib/python3.12/site-packages/airflow/example_dags/example_trigger_target_dag.py for tasks to queue
[2025-02-01T14:57:39.816+0000] {logging_mixin.py:190} INFO - [2025-02-01T14:57:39.815+0000] {dagbag.py:588} INFO - Filling up the DagBag from /home/airflow/.local/lib/python3.12/site-packages/airflow/example_dags/example_trigger_target_dag.py
[2025-02-01T14:57:39.819+0000] {processor.py:925} INFO - DAG(s) 'example_trigger_target_dag' retrieved from /home/airflow/.local/lib/python3.12/site-packages/airflow/example_dags/example_trigger_target_dag.py
[2025-02-01T14:57:39.829+0000] {logging_mixin.py:190} INFO - [2025-02-01T14:57:39.828+0000] {dag.py:3239} INFO - Sync 1 DAGs
[2025-02-01T14:57:39.835+0000] {logging_mixin.py:190} INFO - [2025-02-01T14:57:39.835+0000] {dag.py:4180} INFO - Setting next_dagrun for example_trigger_target_dag to None, run_after=None
[2025-02-01T14:57:39.842+0000] {processor.py:208} INFO - Processing /home/airflow/.local/lib/python3.12/site-packages/airflow/example_dags/example_trigger_target_dag.py took 0.031 seconds
[2025-02-01T14:58:10.720+0000] {processor.py:186} INFO - Started process (PID=1677) to work on /home/airflow/.local/lib/python3.12/site-packages/airflow/example_dags/example_trigger_target_dag.py
[2025-02-01T14:58:10.720+0000] {processor.py:914} INFO - Processing file /home/airflow/.local/lib/python3.12/site-packages/airflow/example_dags/example_trigger_target_dag.py for tasks to queue
[2025-02-01T14:58:10.721+0000] {logging_mixin.py:190} INFO - [2025-02-01T14:58:10.721+0000] {dagbag.py:588} INFO - Filling up the DagBag from /home/airflow/.local/lib/python3.12/site-packages/airflow/example_dags/example_trigger_target_dag.py
[2025-02-01T14:58:10.726+0000] {processor.py:925} INFO - DAG(s) 'example_trigger_target_dag' retrieved from /home/airflow/.local/lib/python3.12/site-packages/airflow/example_dags/example_trigger_target_dag.py
[2025-02-01T14:58:10.735+0000] {logging_mixin.py:190} INFO - [2025-02-01T14:58:10.735+0000] {dag.py:3239} INFO - Sync 1 DAGs
[2025-02-01T14:58:10.741+0000] {logging_mixin.py:190} INFO - [2025-02-01T14:58:10.741+0000] {dag.py:4180} INFO - Setting next_dagrun for example_trigger_target_dag to None, run_after=None
[2025-02-01T14:58:10.749+0000] {processor.py:208} INFO - Processing /home/airflow/.local/lib/python3.12/site-packages/airflow/example_dags/example_trigger_target_dag.py took 0.031 seconds
[2025-02-01T14:58:41.391+0000] {processor.py:186} INFO - Started process (PID=1742) to work on /home/airflow/.local/lib/python3.12/site-packages/airflow/example_dags/example_trigger_target_dag.py
[2025-02-01T14:58:41.391+0000] {processor.py:914} INFO - Processing file /home/airflow/.local/lib/python3.12/site-packages/airflow/example_dags/example_trigger_target_dag.py for tasks to queue
[2025-02-01T14:58:41.392+0000] {logging_mixin.py:190} INFO - [2025-02-01T14:58:41.392+0000] {dagbag.py:588} INFO - Filling up the DagBag from /home/airflow/.local/lib/python3.12/site-packages/airflow/example_dags/example_trigger_target_dag.py
[2025-02-01T14:58:41.396+0000] {processor.py:925} INFO - DAG(s) 'example_trigger_target_dag' retrieved from /home/airflow/.local/lib/python3.12/site-packages/airflow/example_dags/example_trigger_target_dag.py
[2025-02-01T14:58:41.408+0000] {logging_mixin.py:190} INFO - [2025-02-01T14:58:41.408+0000] {dag.py:3239} INFO - Sync 1 DAGs
[2025-02-01T14:58:41.414+0000] {logging_mixin.py:190} INFO - [2025-02-01T14:58:41.414+0000] {dag.py:4180} INFO - Setting next_dagrun for example_trigger_target_dag to None, run_after=None
[2025-02-01T14:58:41.422+0000] {processor.py:208} INFO - Processing /home/airflow/.local/lib/python3.12/site-packages/airflow/example_dags/example_trigger_target_dag.py took 0.033 seconds
[2025-02-01T14:59:12.451+0000] {processor.py:186} INFO - Started process (PID=1809) to work on /home/airflow/.local/lib/python3.12/site-packages/airflow/example_dags/example_trigger_target_dag.py
[2025-02-01T14:59:12.452+0000] {processor.py:914} INFO - Processing file /home/airflow/.local/lib/python3.12/site-packages/airflow/example_dags/example_trigger_target_dag.py for tasks to queue
[2025-02-01T14:59:12.455+0000] {logging_mixin.py:190} INFO - [2025-02-01T14:59:12.454+0000] {dagbag.py:588} INFO - Filling up the DagBag from /home/airflow/.local/lib/python3.12/site-packages/airflow/example_dags/example_trigger_target_dag.py
[2025-02-01T14:59:12.461+0000] {processor.py:925} INFO - DAG(s) 'example_trigger_target_dag' retrieved from /home/airflow/.local/lib/python3.12/site-packages/airflow/example_dags/example_trigger_target_dag.py
[2025-02-01T14:59:12.480+0000] {logging_mixin.py:190} INFO - [2025-02-01T14:59:12.479+0000] {dag.py:3239} INFO - Sync 1 DAGs
[2025-02-01T14:59:12.489+0000] {logging_mixin.py:190} INFO - [2025-02-01T14:59:12.489+0000] {dag.py:4180} INFO - Setting next_dagrun for example_trigger_target_dag to None, run_after=None
[2025-02-01T14:59:12.500+0000] {processor.py:208} INFO - Processing /home/airflow/.local/lib/python3.12/site-packages/airflow/example_dags/example_trigger_target_dag.py took 0.054 seconds
[2025-02-01T14:59:43.753+0000] {processor.py:186} INFO - Started process (PID=1875) to work on /home/airflow/.local/lib/python3.12/site-packages/airflow/example_dags/example_trigger_target_dag.py
[2025-02-01T14:59:43.754+0000] {processor.py:914} INFO - Processing file /home/airflow/.local/lib/python3.12/site-packages/airflow/example_dags/example_trigger_target_dag.py for tasks to queue
[2025-02-01T14:59:43.755+0000] {logging_mixin.py:190} INFO - [2025-02-01T14:59:43.754+0000] {dagbag.py:588} INFO - Filling up the DagBag from /home/airflow/.local/lib/python3.12/site-packages/airflow/example_dags/example_trigger_target_dag.py
[2025-02-01T14:59:43.760+0000] {processor.py:925} INFO - DAG(s) 'example_trigger_target_dag' retrieved from /home/airflow/.local/lib/python3.12/site-packages/airflow/example_dags/example_trigger_target_dag.py
[2025-02-01T14:59:43.773+0000] {logging_mixin.py:190} INFO - [2025-02-01T14:59:43.773+0000] {dag.py:3239} INFO - Sync 1 DAGs
[2025-02-01T14:59:43.782+0000] {logging_mixin.py:190} INFO - [2025-02-01T14:59:43.782+0000] {dag.py:4180} INFO - Setting next_dagrun for example_trigger_target_dag to None, run_after=None
[2025-02-01T14:59:43.791+0000] {processor.py:208} INFO - Processing /home/airflow/.local/lib/python3.12/site-packages/airflow/example_dags/example_trigger_target_dag.py took 0.041 seconds
[2025-02-01T15:00:14.968+0000] {processor.py:186} INFO - Started process (PID=1941) to work on /home/airflow/.local/lib/python3.12/site-packages/airflow/example_dags/example_trigger_target_dag.py
[2025-02-01T15:00:14.969+0000] {processor.py:914} INFO - Processing file /home/airflow/.local/lib/python3.12/site-packages/airflow/example_dags/example_trigger_target_dag.py for tasks to queue
[2025-02-01T15:00:14.970+0000] {logging_mixin.py:190} INFO - [2025-02-01T15:00:14.970+0000] {dagbag.py:588} INFO - Filling up the DagBag from /home/airflow/.local/lib/python3.12/site-packages/airflow/example_dags/example_trigger_target_dag.py
[2025-02-01T15:00:14.974+0000] {processor.py:925} INFO - DAG(s) 'example_trigger_target_dag' retrieved from /home/airflow/.local/lib/python3.12/site-packages/airflow/example_dags/example_trigger_target_dag.py
[2025-02-01T15:00:14.987+0000] {logging_mixin.py:190} INFO - [2025-02-01T15:00:14.987+0000] {dag.py:3239} INFO - Sync 1 DAGs
[2025-02-01T15:00:14.994+0000] {logging_mixin.py:190} INFO - [2025-02-01T15:00:14.994+0000] {dag.py:4180} INFO - Setting next_dagrun for example_trigger_target_dag to None, run_after=None
[2025-02-01T15:00:15.002+0000] {processor.py:208} INFO - Processing /home/airflow/.local/lib/python3.12/site-packages/airflow/example_dags/example_trigger_target_dag.py took 0.040 seconds
[2025-02-01T15:00:46.204+0000] {processor.py:186} INFO - Started process (PID=2006) to work on /home/airflow/.local/lib/python3.12/site-packages/airflow/example_dags/example_trigger_target_dag.py
[2025-02-01T15:00:46.205+0000] {processor.py:914} INFO - Processing file /home/airflow/.local/lib/python3.12/site-packages/airflow/example_dags/example_trigger_target_dag.py for tasks to queue
[2025-02-01T15:00:46.208+0000] {logging_mixin.py:190} INFO - [2025-02-01T15:00:46.207+0000] {dagbag.py:588} INFO - Filling up the DagBag from /home/airflow/.local/lib/python3.12/site-packages/airflow/example_dags/example_trigger_target_dag.py
[2025-02-01T15:00:46.214+0000] {processor.py:925} INFO - DAG(s) 'example_trigger_target_dag' retrieved from /home/airflow/.local/lib/python3.12/site-packages/airflow/example_dags/example_trigger_target_dag.py
[2025-02-01T15:00:46.230+0000] {logging_mixin.py:190} INFO - [2025-02-01T15:00:46.230+0000] {dag.py:3239} INFO - Sync 1 DAGs
[2025-02-01T15:00:46.242+0000] {logging_mixin.py:190} INFO - [2025-02-01T15:00:46.241+0000] {dag.py:4180} INFO - Setting next_dagrun for example_trigger_target_dag to None, run_after=None
[2025-02-01T15:00:46.256+0000] {processor.py:208} INFO - Processing /home/airflow/.local/lib/python3.12/site-packages/airflow/example_dags/example_trigger_target_dag.py took 0.057 seconds
[2025-02-01T15:01:17.667+0000] {processor.py:186} INFO - Started process (PID=2072) to work on /home/airflow/.local/lib/python3.12/site-packages/airflow/example_dags/example_trigger_target_dag.py
[2025-02-01T15:01:17.668+0000] {processor.py:914} INFO - Processing file /home/airflow/.local/lib/python3.12/site-packages/airflow/example_dags/example_trigger_target_dag.py for tasks to queue
[2025-02-01T15:01:17.670+0000] {logging_mixin.py:190} INFO - [2025-02-01T15:01:17.670+0000] {dagbag.py:588} INFO - Filling up the DagBag from /home/airflow/.local/lib/python3.12/site-packages/airflow/example_dags/example_trigger_target_dag.py
[2025-02-01T15:01:17.675+0000] {processor.py:925} INFO - DAG(s) 'example_trigger_target_dag' retrieved from /home/airflow/.local/lib/python3.12/site-packages/airflow/example_dags/example_trigger_target_dag.py
[2025-02-01T15:01:17.686+0000] {logging_mixin.py:190} INFO - [2025-02-01T15:01:17.686+0000] {dag.py:3239} INFO - Sync 1 DAGs
[2025-02-01T15:01:17.692+0000] {logging_mixin.py:190} INFO - [2025-02-01T15:01:17.692+0000] {dag.py:4180} INFO - Setting next_dagrun for example_trigger_target_dag to None, run_after=None
[2025-02-01T15:01:17.703+0000] {processor.py:208} INFO - Processing /home/airflow/.local/lib/python3.12/site-packages/airflow/example_dags/example_trigger_target_dag.py took 0.040 seconds
[2025-02-01T15:01:48.819+0000] {processor.py:186} INFO - Started process (PID=2144) to work on /home/airflow/.local/lib/python3.12/site-packages/airflow/example_dags/example_trigger_target_dag.py
[2025-02-01T15:01:48.820+0000] {processor.py:914} INFO - Processing file /home/airflow/.local/lib/python3.12/site-packages/airflow/example_dags/example_trigger_target_dag.py for tasks to queue
[2025-02-01T15:01:48.821+0000] {logging_mixin.py:190} INFO - [2025-02-01T15:01:48.821+0000] {dagbag.py:588} INFO - Filling up the DagBag from /home/airflow/.local/lib/python3.12/site-packages/airflow/example_dags/example_trigger_target_dag.py
[2025-02-01T15:01:48.826+0000] {processor.py:925} INFO - DAG(s) 'example_trigger_target_dag' retrieved from /home/airflow/.local/lib/python3.12/site-packages/airflow/example_dags/example_trigger_target_dag.py
[2025-02-01T15:01:48.838+0000] {logging_mixin.py:190} INFO - [2025-02-01T15:01:48.838+0000] {dag.py:3239} INFO - Sync 1 DAGs
[2025-02-01T15:01:48.846+0000] {logging_mixin.py:190} INFO - [2025-02-01T15:01:48.846+0000] {dag.py:4180} INFO - Setting next_dagrun for example_trigger_target_dag to None, run_after=None
[2025-02-01T15:01:48.853+0000] {processor.py:208} INFO - Processing /home/airflow/.local/lib/python3.12/site-packages/airflow/example_dags/example_trigger_target_dag.py took 0.036 seconds
[2025-02-01T15:02:19.580+0000] {processor.py:186} INFO - Started process (PID=2211) to work on /home/airflow/.local/lib/python3.12/site-packages/airflow/example_dags/example_trigger_target_dag.py
[2025-02-01T15:02:19.580+0000] {processor.py:914} INFO - Processing file /home/airflow/.local/lib/python3.12/site-packages/airflow/example_dags/example_trigger_target_dag.py for tasks to queue
[2025-02-01T15:02:19.583+0000] {logging_mixin.py:190} INFO - [2025-02-01T15:02:19.583+0000] {dagbag.py:588} INFO - Filling up the DagBag from /home/airflow/.local/lib/python3.12/site-packages/airflow/example_dags/example_trigger_target_dag.py
[2025-02-01T15:02:19.587+0000] {processor.py:925} INFO - DAG(s) 'example_trigger_target_dag' retrieved from /home/airflow/.local/lib/python3.12/site-packages/airflow/example_dags/example_trigger_target_dag.py
[2025-02-01T15:02:19.596+0000] {logging_mixin.py:190} INFO - [2025-02-01T15:02:19.596+0000] {dag.py:3239} INFO - Sync 1 DAGs
[2025-02-01T15:02:19.604+0000] {logging_mixin.py:190} INFO - [2025-02-01T15:02:19.603+0000] {dag.py:4180} INFO - Setting next_dagrun for example_trigger_target_dag to None, run_after=None
[2025-02-01T15:02:19.611+0000] {processor.py:208} INFO - Processing /home/airflow/.local/lib/python3.12/site-packages/airflow/example_dags/example_trigger_target_dag.py took 0.036 seconds
[2025-02-01T15:02:50.749+0000] {processor.py:186} INFO - Started process (PID=2277) to work on /home/airflow/.local/lib/python3.12/site-packages/airflow/example_dags/example_trigger_target_dag.py
[2025-02-01T15:02:50.750+0000] {processor.py:914} INFO - Processing file /home/airflow/.local/lib/python3.12/site-packages/airflow/example_dags/example_trigger_target_dag.py for tasks to queue
[2025-02-01T15:02:50.752+0000] {logging_mixin.py:190} INFO - [2025-02-01T15:02:50.751+0000] {dagbag.py:588} INFO - Filling up the DagBag from /home/airflow/.local/lib/python3.12/site-packages/airflow/example_dags/example_trigger_target_dag.py
[2025-02-01T15:02:50.757+0000] {processor.py:925} INFO - DAG(s) 'example_trigger_target_dag' retrieved from /home/airflow/.local/lib/python3.12/site-packages/airflow/example_dags/example_trigger_target_dag.py
[2025-02-01T15:02:50.767+0000] {logging_mixin.py:190} INFO - [2025-02-01T15:02:50.766+0000] {dag.py:3239} INFO - Sync 1 DAGs
[2025-02-01T15:02:50.773+0000] {logging_mixin.py:190} INFO - [2025-02-01T15:02:50.773+0000] {dag.py:4180} INFO - Setting next_dagrun for example_trigger_target_dag to None, run_after=None
[2025-02-01T15:02:50.780+0000] {processor.py:208} INFO - Processing /home/airflow/.local/lib/python3.12/site-packages/airflow/example_dags/example_trigger_target_dag.py took 0.033 seconds
[2025-02-01T15:03:21.833+0000] {processor.py:186} INFO - Started process (PID=2343) to work on /home/airflow/.local/lib/python3.12/site-packages/airflow/example_dags/example_trigger_target_dag.py
[2025-02-01T15:03:21.834+0000] {processor.py:914} INFO - Processing file /home/airflow/.local/lib/python3.12/site-packages/airflow/example_dags/example_trigger_target_dag.py for tasks to queue
[2025-02-01T15:03:21.835+0000] {logging_mixin.py:190} INFO - [2025-02-01T15:03:21.835+0000] {dagbag.py:588} INFO - Filling up the DagBag from /home/airflow/.local/lib/python3.12/site-packages/airflow/example_dags/example_trigger_target_dag.py
[2025-02-01T15:03:21.840+0000] {processor.py:925} INFO - DAG(s) 'example_trigger_target_dag' retrieved from /home/airflow/.local/lib/python3.12/site-packages/airflow/example_dags/example_trigger_target_dag.py
[2025-02-01T15:03:21.853+0000] {logging_mixin.py:190} INFO - [2025-02-01T15:03:21.853+0000] {dag.py:3239} INFO - Sync 1 DAGs
[2025-02-01T15:03:21.860+0000] {logging_mixin.py:190} INFO - [2025-02-01T15:03:21.860+0000] {dag.py:4180} INFO - Setting next_dagrun for example_trigger_target_dag to None, run_after=None
[2025-02-01T15:03:21.870+0000] {processor.py:208} INFO - Processing /home/airflow/.local/lib/python3.12/site-packages/airflow/example_dags/example_trigger_target_dag.py took 0.040 seconds
[2025-02-01T15:03:52.967+0000] {processor.py:186} INFO - Started process (PID=2410) to work on /home/airflow/.local/lib/python3.12/site-packages/airflow/example_dags/example_trigger_target_dag.py
[2025-02-01T15:03:52.967+0000] {processor.py:914} INFO - Processing file /home/airflow/.local/lib/python3.12/site-packages/airflow/example_dags/example_trigger_target_dag.py for tasks to queue
[2025-02-01T15:03:52.968+0000] {logging_mixin.py:190} INFO - [2025-02-01T15:03:52.968+0000] {dagbag.py:588} INFO - Filling up the DagBag from /home/airflow/.local/lib/python3.12/site-packages/airflow/example_dags/example_trigger_target_dag.py
[2025-02-01T15:03:52.972+0000] {processor.py:925} INFO - DAG(s) 'example_trigger_target_dag' retrieved from /home/airflow/.local/lib/python3.12/site-packages/airflow/example_dags/example_trigger_target_dag.py
[2025-02-01T15:03:52.980+0000] {logging_mixin.py:190} INFO - [2025-02-01T15:03:52.980+0000] {dag.py:3239} INFO - Sync 1 DAGs
[2025-02-01T15:03:52.987+0000] {logging_mixin.py:190} INFO - [2025-02-01T15:03:52.986+0000] {dag.py:4180} INFO - Setting next_dagrun for example_trigger_target_dag to None, run_after=None
[2025-02-01T15:03:52.996+0000] {processor.py:208} INFO - Processing /home/airflow/.local/lib/python3.12/site-packages/airflow/example_dags/example_trigger_target_dag.py took 0.032 seconds
[2025-02-01T15:04:24.257+0000] {processor.py:186} INFO - Started process (PID=2475) to work on /home/airflow/.local/lib/python3.12/site-packages/airflow/example_dags/example_trigger_target_dag.py
[2025-02-01T15:04:24.257+0000] {processor.py:914} INFO - Processing file /home/airflow/.local/lib/python3.12/site-packages/airflow/example_dags/example_trigger_target_dag.py for tasks to queue
[2025-02-01T15:04:24.263+0000] {logging_mixin.py:190} INFO - [2025-02-01T15:04:24.262+0000] {dagbag.py:588} INFO - Filling up the DagBag from /home/airflow/.local/lib/python3.12/site-packages/airflow/example_dags/example_trigger_target_dag.py
[2025-02-01T15:04:24.270+0000] {processor.py:925} INFO - DAG(s) 'example_trigger_target_dag' retrieved from /home/airflow/.local/lib/python3.12/site-packages/airflow/example_dags/example_trigger_target_dag.py
[2025-02-01T15:04:24.287+0000] {logging_mixin.py:190} INFO - [2025-02-01T15:04:24.287+0000] {dag.py:3239} INFO - Sync 1 DAGs
[2025-02-01T15:04:24.293+0000] {logging_mixin.py:190} INFO - [2025-02-01T15:04:24.293+0000] {dag.py:4180} INFO - Setting next_dagrun for example_trigger_target_dag to None, run_after=None
[2025-02-01T15:04:24.301+0000] {processor.py:208} INFO - Processing /home/airflow/.local/lib/python3.12/site-packages/airflow/example_dags/example_trigger_target_dag.py took 0.047 seconds
[2025-02-01T15:04:55.567+0000] {processor.py:186} INFO - Started process (PID=2542) to work on /home/airflow/.local/lib/python3.12/site-packages/airflow/example_dags/example_trigger_target_dag.py
[2025-02-01T15:04:55.568+0000] {processor.py:914} INFO - Processing file /home/airflow/.local/lib/python3.12/site-packages/airflow/example_dags/example_trigger_target_dag.py for tasks to queue
[2025-02-01T15:04:55.569+0000] {logging_mixin.py:190} INFO - [2025-02-01T15:04:55.569+0000] {dagbag.py:588} INFO - Filling up the DagBag from /home/airflow/.local/lib/python3.12/site-packages/airflow/example_dags/example_trigger_target_dag.py
[2025-02-01T15:04:55.573+0000] {processor.py:925} INFO - DAG(s) 'example_trigger_target_dag' retrieved from /home/airflow/.local/lib/python3.12/site-packages/airflow/example_dags/example_trigger_target_dag.py
[2025-02-01T15:04:55.581+0000] {logging_mixin.py:190} INFO - [2025-02-01T15:04:55.581+0000] {dag.py:3239} INFO - Sync 1 DAGs
[2025-02-01T15:04:55.587+0000] {logging_mixin.py:190} INFO - [2025-02-01T15:04:55.587+0000] {dag.py:4180} INFO - Setting next_dagrun for example_trigger_target_dag to None, run_after=None
[2025-02-01T15:04:55.595+0000] {processor.py:208} INFO - Processing /home/airflow/.local/lib/python3.12/site-packages/airflow/example_dags/example_trigger_target_dag.py took 0.030 seconds
[2025-02-01T15:05:26.260+0000] {processor.py:186} INFO - Started process (PID=2608) to work on /home/airflow/.local/lib/python3.12/site-packages/airflow/example_dags/example_trigger_target_dag.py
[2025-02-01T15:05:26.261+0000] {processor.py:914} INFO - Processing file /home/airflow/.local/lib/python3.12/site-packages/airflow/example_dags/example_trigger_target_dag.py for tasks to queue
[2025-02-01T15:05:26.262+0000] {logging_mixin.py:190} INFO - [2025-02-01T15:05:26.262+0000] {dagbag.py:588} INFO - Filling up the DagBag from /home/airflow/.local/lib/python3.12/site-packages/airflow/example_dags/example_trigger_target_dag.py
[2025-02-01T15:05:26.266+0000] {processor.py:925} INFO - DAG(s) 'example_trigger_target_dag' retrieved from /home/airflow/.local/lib/python3.12/site-packages/airflow/example_dags/example_trigger_target_dag.py
[2025-02-01T15:05:26.274+0000] {logging_mixin.py:190} INFO - [2025-02-01T15:05:26.274+0000] {dag.py:3239} INFO - Sync 1 DAGs
[2025-02-01T15:05:26.281+0000] {logging_mixin.py:190} INFO - [2025-02-01T15:05:26.281+0000] {dag.py:4180} INFO - Setting next_dagrun for example_trigger_target_dag to None, run_after=None
[2025-02-01T15:05:26.288+0000] {processor.py:208} INFO - Processing /home/airflow/.local/lib/python3.12/site-packages/airflow/example_dags/example_trigger_target_dag.py took 0.031 seconds
[2025-02-01T15:05:57.724+0000] {processor.py:186} INFO - Started process (PID=2674) to work on /home/airflow/.local/lib/python3.12/site-packages/airflow/example_dags/example_trigger_target_dag.py
[2025-02-01T15:05:57.725+0000] {processor.py:914} INFO - Processing file /home/airflow/.local/lib/python3.12/site-packages/airflow/example_dags/example_trigger_target_dag.py for tasks to queue
[2025-02-01T15:05:57.731+0000] {logging_mixin.py:190} INFO - [2025-02-01T15:05:57.730+0000] {dagbag.py:588} INFO - Filling up the DagBag from /home/airflow/.local/lib/python3.12/site-packages/airflow/example_dags/example_trigger_target_dag.py
[2025-02-01T15:05:57.744+0000] {processor.py:925} INFO - DAG(s) 'example_trigger_target_dag' retrieved from /home/airflow/.local/lib/python3.12/site-packages/airflow/example_dags/example_trigger_target_dag.py
[2025-02-01T15:05:57.766+0000] {logging_mixin.py:190} INFO - [2025-02-01T15:05:57.766+0000] {dag.py:3239} INFO - Sync 1 DAGs
[2025-02-01T15:05:57.779+0000] {logging_mixin.py:190} INFO - [2025-02-01T15:05:57.778+0000] {dag.py:4180} INFO - Setting next_dagrun for example_trigger_target_dag to None, run_after=None
[2025-02-01T15:05:57.805+0000] {processor.py:208} INFO - Processing /home/airflow/.local/lib/python3.12/site-packages/airflow/example_dags/example_trigger_target_dag.py took 0.087 seconds
[2025-02-01T15:06:28.717+0000] {processor.py:186} INFO - Started process (PID=2740) to work on /home/airflow/.local/lib/python3.12/site-packages/airflow/example_dags/example_trigger_target_dag.py
[2025-02-01T15:06:28.718+0000] {processor.py:914} INFO - Processing file /home/airflow/.local/lib/python3.12/site-packages/airflow/example_dags/example_trigger_target_dag.py for tasks to queue
[2025-02-01T15:06:28.719+0000] {logging_mixin.py:190} INFO - [2025-02-01T15:06:28.719+0000] {dagbag.py:588} INFO - Filling up the DagBag from /home/airflow/.local/lib/python3.12/site-packages/airflow/example_dags/example_trigger_target_dag.py
[2025-02-01T15:06:28.722+0000] {processor.py:925} INFO - DAG(s) 'example_trigger_target_dag' retrieved from /home/airflow/.local/lib/python3.12/site-packages/airflow/example_dags/example_trigger_target_dag.py
[2025-02-01T15:06:28.730+0000] {logging_mixin.py:190} INFO - [2025-02-01T15:06:28.730+0000] {dag.py:3239} INFO - Sync 1 DAGs
[2025-02-01T15:06:28.735+0000] {logging_mixin.py:190} INFO - [2025-02-01T15:06:28.735+0000] {dag.py:4180} INFO - Setting next_dagrun for example_trigger_target_dag to None, run_after=None
[2025-02-01T15:06:28.741+0000] {processor.py:208} INFO - Processing /home/airflow/.local/lib/python3.12/site-packages/airflow/example_dags/example_trigger_target_dag.py took 0.025 seconds
