[2025-02-01T13:35:16.563+0000] {processor.py:186} INFO - Started process (PID=93) to work on /home/airflow/.local/lib/python3.12/site-packages/airflow/example_dags/example_sla_dag.py
[2025-02-01T13:35:16.567+0000] {processor.py:914} INFO - Processing file /home/airflow/.local/lib/python3.12/site-packages/airflow/example_dags/example_sla_dag.py for tasks to queue
[2025-02-01T13:35:16.573+0000] {logging_mixin.py:190} INFO - [2025-02-01T13:35:16.573+0000] {dagbag.py:588} INFO - Filling up the DagBag from /home/airflow/.local/lib/python3.12/site-packages/airflow/example_dags/example_sla_dag.py
[2025-02-01T13:35:16.586+0000] {processor.py:925} INFO - DAG(s) 'example_sla_dag' retrieved from /home/airflow/.local/lib/python3.12/site-packages/airflow/example_dags/example_sla_dag.py
[2025-02-01T13:35:16.617+0000] {logging_mixin.py:190} INFO - [2025-02-01T13:35:16.616+0000] {dag.py:3239} INFO - Sync 1 DAGs
[2025-02-01T13:35:16.667+0000] {logging_mixin.py:190} INFO - [2025-02-01T13:35:16.666+0000] {dag.py:4180} INFO - Setting next_dagrun for example_sla_dag to 2025-02-01 13:32:00+00:00, run_after=2025-02-01 13:34:00+00:00
[2025-02-01T13:35:16.692+0000] {processor.py:208} INFO - Processing /home/airflow/.local/lib/python3.12/site-packages/airflow/example_dags/example_sla_dag.py took 0.137 seconds
[2025-02-01T13:35:47.002+0000] {processor.py:186} INFO - Started process (PID=159) to work on /home/airflow/.local/lib/python3.12/site-packages/airflow/example_dags/example_sla_dag.py
[2025-02-01T13:35:47.003+0000] {processor.py:914} INFO - Processing file /home/airflow/.local/lib/python3.12/site-packages/airflow/example_dags/example_sla_dag.py for tasks to queue
[2025-02-01T13:35:47.005+0000] {logging_mixin.py:190} INFO - [2025-02-01T13:35:47.005+0000] {dagbag.py:588} INFO - Filling up the DagBag from /home/airflow/.local/lib/python3.12/site-packages/airflow/example_dags/example_sla_dag.py
[2025-02-01T13:35:47.014+0000] {processor.py:925} INFO - DAG(s) 'example_sla_dag' retrieved from /home/airflow/.local/lib/python3.12/site-packages/airflow/example_dags/example_sla_dag.py
[2025-02-01T13:35:47.036+0000] {logging_mixin.py:190} INFO - [2025-02-01T13:35:47.035+0000] {dag.py:3239} INFO - Sync 1 DAGs
[2025-02-01T13:35:47.062+0000] {logging_mixin.py:190} INFO - [2025-02-01T13:35:47.062+0000] {dag.py:4180} INFO - Setting next_dagrun for example_sla_dag to 2025-02-01 13:32:00+00:00, run_after=2025-02-01 13:34:00+00:00
[2025-02-01T13:35:47.081+0000] {processor.py:208} INFO - Processing /home/airflow/.local/lib/python3.12/site-packages/airflow/example_dags/example_sla_dag.py took 0.082 seconds
[2025-02-01T13:36:17.935+0000] {processor.py:186} INFO - Started process (PID=225) to work on /home/airflow/.local/lib/python3.12/site-packages/airflow/example_dags/example_sla_dag.py
[2025-02-01T13:36:17.940+0000] {processor.py:914} INFO - Processing file /home/airflow/.local/lib/python3.12/site-packages/airflow/example_dags/example_sla_dag.py for tasks to queue
[2025-02-01T13:36:17.945+0000] {logging_mixin.py:190} INFO - [2025-02-01T13:36:17.945+0000] {dagbag.py:588} INFO - Filling up the DagBag from /home/airflow/.local/lib/python3.12/site-packages/airflow/example_dags/example_sla_dag.py
[2025-02-01T13:36:17.970+0000] {processor.py:925} INFO - DAG(s) 'example_sla_dag' retrieved from /home/airflow/.local/lib/python3.12/site-packages/airflow/example_dags/example_sla_dag.py
[2025-02-01T13:36:17.991+0000] {logging_mixin.py:190} INFO - [2025-02-01T13:36:17.991+0000] {dag.py:3239} INFO - Sync 1 DAGs
[2025-02-01T13:36:18.026+0000] {logging_mixin.py:190} INFO - [2025-02-01T13:36:18.026+0000] {dag.py:4180} INFO - Setting next_dagrun for example_sla_dag to 2025-02-01 13:34:00+00:00, run_after=2025-02-01 13:36:00+00:00
[2025-02-01T13:36:18.053+0000] {processor.py:208} INFO - Processing /home/airflow/.local/lib/python3.12/site-packages/airflow/example_dags/example_sla_dag.py took 0.130 seconds
[2025-02-01T13:36:48.826+0000] {processor.py:186} INFO - Started process (PID=291) to work on /home/airflow/.local/lib/python3.12/site-packages/airflow/example_dags/example_sla_dag.py
[2025-02-01T13:36:48.833+0000] {processor.py:914} INFO - Processing file /home/airflow/.local/lib/python3.12/site-packages/airflow/example_dags/example_sla_dag.py for tasks to queue
[2025-02-01T13:36:48.834+0000] {logging_mixin.py:190} INFO - [2025-02-01T13:36:48.834+0000] {dagbag.py:588} INFO - Filling up the DagBag from /home/airflow/.local/lib/python3.12/site-packages/airflow/example_dags/example_sla_dag.py
[2025-02-01T13:36:48.843+0000] {processor.py:925} INFO - DAG(s) 'example_sla_dag' retrieved from /home/airflow/.local/lib/python3.12/site-packages/airflow/example_dags/example_sla_dag.py
[2025-02-01T13:36:48.857+0000] {logging_mixin.py:190} INFO - [2025-02-01T13:36:48.857+0000] {dag.py:3239} INFO - Sync 1 DAGs
[2025-02-01T13:36:48.873+0000] {logging_mixin.py:190} INFO - [2025-02-01T13:36:48.872+0000] {dag.py:4180} INFO - Setting next_dagrun for example_sla_dag to 2025-02-01 13:34:00+00:00, run_after=2025-02-01 13:36:00+00:00
[2025-02-01T13:36:48.888+0000] {processor.py:208} INFO - Processing /home/airflow/.local/lib/python3.12/site-packages/airflow/example_dags/example_sla_dag.py took 0.065 seconds
[2025-02-01T13:37:19.603+0000] {processor.py:186} INFO - Started process (PID=357) to work on /home/airflow/.local/lib/python3.12/site-packages/airflow/example_dags/example_sla_dag.py
[2025-02-01T13:37:19.604+0000] {processor.py:914} INFO - Processing file /home/airflow/.local/lib/python3.12/site-packages/airflow/example_dags/example_sla_dag.py for tasks to queue
[2025-02-01T13:37:19.606+0000] {logging_mixin.py:190} INFO - [2025-02-01T13:37:19.606+0000] {dagbag.py:588} INFO - Filling up the DagBag from /home/airflow/.local/lib/python3.12/site-packages/airflow/example_dags/example_sla_dag.py
[2025-02-01T13:37:19.612+0000] {processor.py:925} INFO - DAG(s) 'example_sla_dag' retrieved from /home/airflow/.local/lib/python3.12/site-packages/airflow/example_dags/example_sla_dag.py
[2025-02-01T13:37:19.624+0000] {logging_mixin.py:190} INFO - [2025-02-01T13:37:19.624+0000] {dag.py:3239} INFO - Sync 1 DAGs
[2025-02-01T13:37:19.639+0000] {logging_mixin.py:190} INFO - [2025-02-01T13:37:19.639+0000] {dag.py:4180} INFO - Setting next_dagrun for example_sla_dag to 2025-02-01 13:34:00+00:00, run_after=2025-02-01 13:36:00+00:00
[2025-02-01T13:37:19.658+0000] {processor.py:208} INFO - Processing /home/airflow/.local/lib/python3.12/site-packages/airflow/example_dags/example_sla_dag.py took 0.058 seconds
[2025-02-01T13:37:50.053+0000] {processor.py:186} INFO - Started process (PID=423) to work on /home/airflow/.local/lib/python3.12/site-packages/airflow/example_dags/example_sla_dag.py
[2025-02-01T13:37:50.055+0000] {processor.py:914} INFO - Processing file /home/airflow/.local/lib/python3.12/site-packages/airflow/example_dags/example_sla_dag.py for tasks to queue
[2025-02-01T13:37:50.056+0000] {logging_mixin.py:190} INFO - [2025-02-01T13:37:50.056+0000] {dagbag.py:588} INFO - Filling up the DagBag from /home/airflow/.local/lib/python3.12/site-packages/airflow/example_dags/example_sla_dag.py
[2025-02-01T13:37:50.067+0000] {processor.py:925} INFO - DAG(s) 'example_sla_dag' retrieved from /home/airflow/.local/lib/python3.12/site-packages/airflow/example_dags/example_sla_dag.py
[2025-02-01T13:37:50.085+0000] {logging_mixin.py:190} INFO - [2025-02-01T13:37:50.085+0000] {dag.py:3239} INFO - Sync 1 DAGs
[2025-02-01T13:37:50.110+0000] {logging_mixin.py:190} INFO - [2025-02-01T13:37:50.110+0000] {dag.py:4180} INFO - Setting next_dagrun for example_sla_dag to 2025-02-01 13:34:00+00:00, run_after=2025-02-01 13:36:00+00:00
[2025-02-01T13:37:50.123+0000] {processor.py:208} INFO - Processing /home/airflow/.local/lib/python3.12/site-packages/airflow/example_dags/example_sla_dag.py took 0.073 seconds
[2025-02-01T13:38:20.659+0000] {processor.py:186} INFO - Started process (PID=489) to work on /home/airflow/.local/lib/python3.12/site-packages/airflow/example_dags/example_sla_dag.py
[2025-02-01T13:38:20.660+0000] {processor.py:914} INFO - Processing file /home/airflow/.local/lib/python3.12/site-packages/airflow/example_dags/example_sla_dag.py for tasks to queue
[2025-02-01T13:38:20.661+0000] {logging_mixin.py:190} INFO - [2025-02-01T13:38:20.660+0000] {dagbag.py:588} INFO - Filling up the DagBag from /home/airflow/.local/lib/python3.12/site-packages/airflow/example_dags/example_sla_dag.py
[2025-02-01T13:38:20.669+0000] {processor.py:925} INFO - DAG(s) 'example_sla_dag' retrieved from /home/airflow/.local/lib/python3.12/site-packages/airflow/example_dags/example_sla_dag.py
[2025-02-01T13:38:20.685+0000] {logging_mixin.py:190} INFO - [2025-02-01T13:38:20.684+0000] {dag.py:3239} INFO - Sync 1 DAGs
[2025-02-01T13:38:20.697+0000] {logging_mixin.py:190} INFO - [2025-02-01T13:38:20.697+0000] {dag.py:4180} INFO - Setting next_dagrun for example_sla_dag to 2025-02-01 13:36:00+00:00, run_after=2025-02-01 13:38:00+00:00
[2025-02-01T13:38:20.706+0000] {processor.py:208} INFO - Processing /home/airflow/.local/lib/python3.12/site-packages/airflow/example_dags/example_sla_dag.py took 0.049 seconds
[2025-02-01T13:38:51.564+0000] {processor.py:186} INFO - Started process (PID=555) to work on /home/airflow/.local/lib/python3.12/site-packages/airflow/example_dags/example_sla_dag.py
[2025-02-01T13:38:51.565+0000] {processor.py:914} INFO - Processing file /home/airflow/.local/lib/python3.12/site-packages/airflow/example_dags/example_sla_dag.py for tasks to queue
[2025-02-01T13:38:51.566+0000] {logging_mixin.py:190} INFO - [2025-02-01T13:38:51.566+0000] {dagbag.py:588} INFO - Filling up the DagBag from /home/airflow/.local/lib/python3.12/site-packages/airflow/example_dags/example_sla_dag.py
[2025-02-01T13:38:51.578+0000] {processor.py:925} INFO - DAG(s) 'example_sla_dag' retrieved from /home/airflow/.local/lib/python3.12/site-packages/airflow/example_dags/example_sla_dag.py
[2025-02-01T13:38:51.590+0000] {logging_mixin.py:190} INFO - [2025-02-01T13:38:51.590+0000] {dag.py:3239} INFO - Sync 1 DAGs
[2025-02-01T13:38:51.602+0000] {logging_mixin.py:190} INFO - [2025-02-01T13:38:51.602+0000] {dag.py:4180} INFO - Setting next_dagrun for example_sla_dag to 2025-02-01 13:36:00+00:00, run_after=2025-02-01 13:38:00+00:00
[2025-02-01T13:38:51.609+0000] {processor.py:208} INFO - Processing /home/airflow/.local/lib/python3.12/site-packages/airflow/example_dags/example_sla_dag.py took 0.048 seconds
[2025-02-01T13:39:22.743+0000] {processor.py:186} INFO - Started process (PID=621) to work on /home/airflow/.local/lib/python3.12/site-packages/airflow/example_dags/example_sla_dag.py
[2025-02-01T13:39:22.743+0000] {processor.py:914} INFO - Processing file /home/airflow/.local/lib/python3.12/site-packages/airflow/example_dags/example_sla_dag.py for tasks to queue
[2025-02-01T13:39:22.744+0000] {logging_mixin.py:190} INFO - [2025-02-01T13:39:22.744+0000] {dagbag.py:588} INFO - Filling up the DagBag from /home/airflow/.local/lib/python3.12/site-packages/airflow/example_dags/example_sla_dag.py
[2025-02-01T13:39:22.752+0000] {processor.py:925} INFO - DAG(s) 'example_sla_dag' retrieved from /home/airflow/.local/lib/python3.12/site-packages/airflow/example_dags/example_sla_dag.py
[2025-02-01T13:39:22.764+0000] {logging_mixin.py:190} INFO - [2025-02-01T13:39:22.764+0000] {dag.py:3239} INFO - Sync 1 DAGs
[2025-02-01T13:39:22.777+0000] {logging_mixin.py:190} INFO - [2025-02-01T13:39:22.777+0000] {dag.py:4180} INFO - Setting next_dagrun for example_sla_dag to 2025-02-01 13:36:00+00:00, run_after=2025-02-01 13:38:00+00:00
[2025-02-01T13:39:22.788+0000] {processor.py:208} INFO - Processing /home/airflow/.local/lib/python3.12/site-packages/airflow/example_dags/example_sla_dag.py took 0.047 seconds
[2025-02-01T13:39:53.298+0000] {processor.py:186} INFO - Started process (PID=687) to work on /home/airflow/.local/lib/python3.12/site-packages/airflow/example_dags/example_sla_dag.py
[2025-02-01T13:39:53.299+0000] {processor.py:914} INFO - Processing file /home/airflow/.local/lib/python3.12/site-packages/airflow/example_dags/example_sla_dag.py for tasks to queue
[2025-02-01T13:39:53.302+0000] {logging_mixin.py:190} INFO - [2025-02-01T13:39:53.302+0000] {dagbag.py:588} INFO - Filling up the DagBag from /home/airflow/.local/lib/python3.12/site-packages/airflow/example_dags/example_sla_dag.py
[2025-02-01T13:39:53.308+0000] {processor.py:925} INFO - DAG(s) 'example_sla_dag' retrieved from /home/airflow/.local/lib/python3.12/site-packages/airflow/example_dags/example_sla_dag.py
[2025-02-01T13:39:53.323+0000] {logging_mixin.py:190} INFO - [2025-02-01T13:39:53.323+0000] {dag.py:3239} INFO - Sync 1 DAGs
[2025-02-01T13:39:53.334+0000] {logging_mixin.py:190} INFO - [2025-02-01T13:39:53.334+0000] {dag.py:4180} INFO - Setting next_dagrun for example_sla_dag to 2025-02-01 13:36:00+00:00, run_after=2025-02-01 13:38:00+00:00
[2025-02-01T13:39:53.342+0000] {processor.py:208} INFO - Processing /home/airflow/.local/lib/python3.12/site-packages/airflow/example_dags/example_sla_dag.py took 0.048 seconds
[2025-02-01T13:40:24.177+0000] {processor.py:186} INFO - Started process (PID=753) to work on /home/airflow/.local/lib/python3.12/site-packages/airflow/example_dags/example_sla_dag.py
[2025-02-01T13:40:24.178+0000] {processor.py:914} INFO - Processing file /home/airflow/.local/lib/python3.12/site-packages/airflow/example_dags/example_sla_dag.py for tasks to queue
[2025-02-01T13:40:24.179+0000] {logging_mixin.py:190} INFO - [2025-02-01T13:40:24.179+0000] {dagbag.py:588} INFO - Filling up the DagBag from /home/airflow/.local/lib/python3.12/site-packages/airflow/example_dags/example_sla_dag.py
[2025-02-01T13:40:24.185+0000] {processor.py:925} INFO - DAG(s) 'example_sla_dag' retrieved from /home/airflow/.local/lib/python3.12/site-packages/airflow/example_dags/example_sla_dag.py
[2025-02-01T13:40:24.199+0000] {logging_mixin.py:190} INFO - [2025-02-01T13:40:24.199+0000] {dag.py:3239} INFO - Sync 1 DAGs
[2025-02-01T13:40:24.211+0000] {logging_mixin.py:190} INFO - [2025-02-01T13:40:24.211+0000] {dag.py:4180} INFO - Setting next_dagrun for example_sla_dag to 2025-02-01 13:38:00+00:00, run_after=2025-02-01 13:40:00+00:00
[2025-02-01T13:40:24.222+0000] {processor.py:208} INFO - Processing /home/airflow/.local/lib/python3.12/site-packages/airflow/example_dags/example_sla_dag.py took 0.047 seconds
[2025-02-01T13:40:55.176+0000] {processor.py:186} INFO - Started process (PID=819) to work on /home/airflow/.local/lib/python3.12/site-packages/airflow/example_dags/example_sla_dag.py
[2025-02-01T13:40:55.177+0000] {processor.py:914} INFO - Processing file /home/airflow/.local/lib/python3.12/site-packages/airflow/example_dags/example_sla_dag.py for tasks to queue
[2025-02-01T13:40:55.177+0000] {logging_mixin.py:190} INFO - [2025-02-01T13:40:55.177+0000] {dagbag.py:588} INFO - Filling up the DagBag from /home/airflow/.local/lib/python3.12/site-packages/airflow/example_dags/example_sla_dag.py
[2025-02-01T13:40:55.183+0000] {processor.py:925} INFO - DAG(s) 'example_sla_dag' retrieved from /home/airflow/.local/lib/python3.12/site-packages/airflow/example_dags/example_sla_dag.py
[2025-02-01T13:40:55.193+0000] {logging_mixin.py:190} INFO - [2025-02-01T13:40:55.193+0000] {dag.py:3239} INFO - Sync 1 DAGs
[2025-02-01T13:40:55.202+0000] {logging_mixin.py:190} INFO - [2025-02-01T13:40:55.202+0000] {dag.py:4180} INFO - Setting next_dagrun for example_sla_dag to 2025-02-01 13:38:00+00:00, run_after=2025-02-01 13:40:00+00:00
[2025-02-01T13:40:55.209+0000] {processor.py:208} INFO - Processing /home/airflow/.local/lib/python3.12/site-packages/airflow/example_dags/example_sla_dag.py took 0.035 seconds
[2025-02-01T13:41:26.450+0000] {processor.py:186} INFO - Started process (PID=885) to work on /home/airflow/.local/lib/python3.12/site-packages/airflow/example_dags/example_sla_dag.py
[2025-02-01T13:41:26.450+0000] {processor.py:914} INFO - Processing file /home/airflow/.local/lib/python3.12/site-packages/airflow/example_dags/example_sla_dag.py for tasks to queue
[2025-02-01T13:41:26.451+0000] {logging_mixin.py:190} INFO - [2025-02-01T13:41:26.451+0000] {dagbag.py:588} INFO - Filling up the DagBag from /home/airflow/.local/lib/python3.12/site-packages/airflow/example_dags/example_sla_dag.py
[2025-02-01T13:41:26.458+0000] {processor.py:925} INFO - DAG(s) 'example_sla_dag' retrieved from /home/airflow/.local/lib/python3.12/site-packages/airflow/example_dags/example_sla_dag.py
[2025-02-01T13:41:26.472+0000] {logging_mixin.py:190} INFO - [2025-02-01T13:41:26.471+0000] {dag.py:3239} INFO - Sync 1 DAGs
[2025-02-01T13:41:26.487+0000] {logging_mixin.py:190} INFO - [2025-02-01T13:41:26.487+0000] {dag.py:4180} INFO - Setting next_dagrun for example_sla_dag to 2025-02-01 13:38:00+00:00, run_after=2025-02-01 13:40:00+00:00
[2025-02-01T13:41:26.503+0000] {processor.py:208} INFO - Processing /home/airflow/.local/lib/python3.12/site-packages/airflow/example_dags/example_sla_dag.py took 0.057 seconds
[2025-02-01T13:41:57.166+0000] {processor.py:186} INFO - Started process (PID=951) to work on /home/airflow/.local/lib/python3.12/site-packages/airflow/example_dags/example_sla_dag.py
[2025-02-01T13:41:57.169+0000] {processor.py:914} INFO - Processing file /home/airflow/.local/lib/python3.12/site-packages/airflow/example_dags/example_sla_dag.py for tasks to queue
[2025-02-01T13:41:57.170+0000] {logging_mixin.py:190} INFO - [2025-02-01T13:41:57.170+0000] {dagbag.py:588} INFO - Filling up the DagBag from /home/airflow/.local/lib/python3.12/site-packages/airflow/example_dags/example_sla_dag.py
[2025-02-01T13:41:57.175+0000] {processor.py:925} INFO - DAG(s) 'example_sla_dag' retrieved from /home/airflow/.local/lib/python3.12/site-packages/airflow/example_dags/example_sla_dag.py
[2025-02-01T13:41:57.186+0000] {logging_mixin.py:190} INFO - [2025-02-01T13:41:57.186+0000] {dag.py:3239} INFO - Sync 1 DAGs
[2025-02-01T13:41:57.202+0000] {logging_mixin.py:190} INFO - [2025-02-01T13:41:57.201+0000] {dag.py:4180} INFO - Setting next_dagrun for example_sla_dag to 2025-02-01 13:38:00+00:00, run_after=2025-02-01 13:40:00+00:00
[2025-02-01T13:41:57.216+0000] {processor.py:208} INFO - Processing /home/airflow/.local/lib/python3.12/site-packages/airflow/example_dags/example_sla_dag.py took 0.053 seconds
[2025-02-01T14:45:46.341+0000] {processor.py:186} INFO - Started process (PID=96) to work on /home/airflow/.local/lib/python3.12/site-packages/airflow/example_dags/example_sla_dag.py
[2025-02-01T14:45:46.348+0000] {processor.py:914} INFO - Processing file /home/airflow/.local/lib/python3.12/site-packages/airflow/example_dags/example_sla_dag.py for tasks to queue
[2025-02-01T14:45:46.359+0000] {logging_mixin.py:190} INFO - [2025-02-01T14:45:46.359+0000] {dagbag.py:588} INFO - Filling up the DagBag from /home/airflow/.local/lib/python3.12/site-packages/airflow/example_dags/example_sla_dag.py
[2025-02-01T14:45:46.378+0000] {processor.py:925} INFO - DAG(s) 'example_sla_dag' retrieved from /home/airflow/.local/lib/python3.12/site-packages/airflow/example_dags/example_sla_dag.py
[2025-02-01T14:45:46.407+0000] {logging_mixin.py:190} INFO - [2025-02-01T14:45:46.407+0000] {dag.py:3239} INFO - Sync 1 DAGs
[2025-02-01T14:45:46.433+0000] {logging_mixin.py:190} INFO - [2025-02-01T14:45:46.433+0000] {dag.py:4180} INFO - Setting next_dagrun for example_sla_dag to 2025-02-01 14:42:00+00:00, run_after=2025-02-01 14:44:00+00:00
[2025-02-01T14:45:46.469+0000] {processor.py:208} INFO - Processing /home/airflow/.local/lib/python3.12/site-packages/airflow/example_dags/example_sla_dag.py took 0.135 seconds
[2025-02-01T14:46:17.051+0000] {processor.py:186} INFO - Started process (PID=161) to work on /home/airflow/.local/lib/python3.12/site-packages/airflow/example_dags/example_sla_dag.py
[2025-02-01T14:46:17.051+0000] {processor.py:914} INFO - Processing file /home/airflow/.local/lib/python3.12/site-packages/airflow/example_dags/example_sla_dag.py for tasks to queue
[2025-02-01T14:46:17.052+0000] {logging_mixin.py:190} INFO - [2025-02-01T14:46:17.052+0000] {dagbag.py:588} INFO - Filling up the DagBag from /home/airflow/.local/lib/python3.12/site-packages/airflow/example_dags/example_sla_dag.py
[2025-02-01T14:46:17.057+0000] {processor.py:925} INFO - DAG(s) 'example_sla_dag' retrieved from /home/airflow/.local/lib/python3.12/site-packages/airflow/example_dags/example_sla_dag.py
[2025-02-01T14:46:17.070+0000] {logging_mixin.py:190} INFO - [2025-02-01T14:46:17.070+0000] {dag.py:3239} INFO - Sync 1 DAGs
[2025-02-01T14:46:17.082+0000] {logging_mixin.py:190} INFO - [2025-02-01T14:46:17.082+0000] {dag.py:4180} INFO - Setting next_dagrun for example_sla_dag to 2025-02-01 14:44:00+00:00, run_after=2025-02-01 14:46:00+00:00
[2025-02-01T14:46:17.092+0000] {processor.py:208} INFO - Processing /home/airflow/.local/lib/python3.12/site-packages/airflow/example_dags/example_sla_dag.py took 0.044 seconds
[2025-02-01T14:46:48.125+0000] {processor.py:186} INFO - Started process (PID=227) to work on /home/airflow/.local/lib/python3.12/site-packages/airflow/example_dags/example_sla_dag.py
[2025-02-01T14:46:48.126+0000] {processor.py:914} INFO - Processing file /home/airflow/.local/lib/python3.12/site-packages/airflow/example_dags/example_sla_dag.py for tasks to queue
[2025-02-01T14:46:48.127+0000] {logging_mixin.py:190} INFO - [2025-02-01T14:46:48.126+0000] {dagbag.py:588} INFO - Filling up the DagBag from /home/airflow/.local/lib/python3.12/site-packages/airflow/example_dags/example_sla_dag.py
[2025-02-01T14:46:48.131+0000] {processor.py:925} INFO - DAG(s) 'example_sla_dag' retrieved from /home/airflow/.local/lib/python3.12/site-packages/airflow/example_dags/example_sla_dag.py
[2025-02-01T14:46:48.140+0000] {logging_mixin.py:190} INFO - [2025-02-01T14:46:48.140+0000] {dag.py:3239} INFO - Sync 1 DAGs
[2025-02-01T14:46:48.151+0000] {logging_mixin.py:190} INFO - [2025-02-01T14:46:48.151+0000] {dag.py:4180} INFO - Setting next_dagrun for example_sla_dag to 2025-02-01 14:44:00+00:00, run_after=2025-02-01 14:46:00+00:00
[2025-02-01T14:46:48.157+0000] {processor.py:208} INFO - Processing /home/airflow/.local/lib/python3.12/site-packages/airflow/example_dags/example_sla_dag.py took 0.035 seconds
[2025-02-01T14:47:19.047+0000] {processor.py:186} INFO - Started process (PID=293) to work on /home/airflow/.local/lib/python3.12/site-packages/airflow/example_dags/example_sla_dag.py
[2025-02-01T14:47:19.047+0000] {processor.py:914} INFO - Processing file /home/airflow/.local/lib/python3.12/site-packages/airflow/example_dags/example_sla_dag.py for tasks to queue
[2025-02-01T14:47:19.049+0000] {logging_mixin.py:190} INFO - [2025-02-01T14:47:19.049+0000] {dagbag.py:588} INFO - Filling up the DagBag from /home/airflow/.local/lib/python3.12/site-packages/airflow/example_dags/example_sla_dag.py
[2025-02-01T14:47:19.055+0000] {processor.py:925} INFO - DAG(s) 'example_sla_dag' retrieved from /home/airflow/.local/lib/python3.12/site-packages/airflow/example_dags/example_sla_dag.py
[2025-02-01T14:47:19.067+0000] {logging_mixin.py:190} INFO - [2025-02-01T14:47:19.067+0000] {dag.py:3239} INFO - Sync 1 DAGs
[2025-02-01T14:47:19.080+0000] {logging_mixin.py:190} INFO - [2025-02-01T14:47:19.079+0000] {dag.py:4180} INFO - Setting next_dagrun for example_sla_dag to 2025-02-01 14:44:00+00:00, run_after=2025-02-01 14:46:00+00:00
[2025-02-01T14:47:19.091+0000] {processor.py:208} INFO - Processing /home/airflow/.local/lib/python3.12/site-packages/airflow/example_dags/example_sla_dag.py took 0.047 seconds
[2025-02-01T14:47:50.264+0000] {processor.py:186} INFO - Started process (PID=359) to work on /home/airflow/.local/lib/python3.12/site-packages/airflow/example_dags/example_sla_dag.py
[2025-02-01T14:47:50.264+0000] {processor.py:914} INFO - Processing file /home/airflow/.local/lib/python3.12/site-packages/airflow/example_dags/example_sla_dag.py for tasks to queue
[2025-02-01T14:47:50.265+0000] {logging_mixin.py:190} INFO - [2025-02-01T14:47:50.265+0000] {dagbag.py:588} INFO - Filling up the DagBag from /home/airflow/.local/lib/python3.12/site-packages/airflow/example_dags/example_sla_dag.py
[2025-02-01T14:47:50.270+0000] {processor.py:925} INFO - DAG(s) 'example_sla_dag' retrieved from /home/airflow/.local/lib/python3.12/site-packages/airflow/example_dags/example_sla_dag.py
[2025-02-01T14:47:50.279+0000] {logging_mixin.py:190} INFO - [2025-02-01T14:47:50.279+0000] {dag.py:3239} INFO - Sync 1 DAGs
[2025-02-01T14:47:50.293+0000] {logging_mixin.py:190} INFO - [2025-02-01T14:47:50.292+0000] {dag.py:4180} INFO - Setting next_dagrun for example_sla_dag to 2025-02-01 14:44:00+00:00, run_after=2025-02-01 14:46:00+00:00
[2025-02-01T14:47:50.301+0000] {processor.py:208} INFO - Processing /home/airflow/.local/lib/python3.12/site-packages/airflow/example_dags/example_sla_dag.py took 0.039 seconds
[2025-02-01T14:48:21.121+0000] {processor.py:186} INFO - Started process (PID=425) to work on /home/airflow/.local/lib/python3.12/site-packages/airflow/example_dags/example_sla_dag.py
[2025-02-01T14:48:21.122+0000] {processor.py:914} INFO - Processing file /home/airflow/.local/lib/python3.12/site-packages/airflow/example_dags/example_sla_dag.py for tasks to queue
[2025-02-01T14:48:21.123+0000] {logging_mixin.py:190} INFO - [2025-02-01T14:48:21.123+0000] {dagbag.py:588} INFO - Filling up the DagBag from /home/airflow/.local/lib/python3.12/site-packages/airflow/example_dags/example_sla_dag.py
[2025-02-01T14:48:21.130+0000] {processor.py:925} INFO - DAG(s) 'example_sla_dag' retrieved from /home/airflow/.local/lib/python3.12/site-packages/airflow/example_dags/example_sla_dag.py
[2025-02-01T14:48:21.140+0000] {logging_mixin.py:190} INFO - [2025-02-01T14:48:21.140+0000] {dag.py:3239} INFO - Sync 1 DAGs
[2025-02-01T14:48:21.151+0000] {logging_mixin.py:190} INFO - [2025-02-01T14:48:21.151+0000] {dag.py:4180} INFO - Setting next_dagrun for example_sla_dag to 2025-02-01 14:46:00+00:00, run_after=2025-02-01 14:48:00+00:00
[2025-02-01T14:48:21.158+0000] {processor.py:208} INFO - Processing /home/airflow/.local/lib/python3.12/site-packages/airflow/example_dags/example_sla_dag.py took 0.039 seconds
[2025-02-01T14:48:52.095+0000] {processor.py:186} INFO - Started process (PID=491) to work on /home/airflow/.local/lib/python3.12/site-packages/airflow/example_dags/example_sla_dag.py
[2025-02-01T14:48:52.095+0000] {processor.py:914} INFO - Processing file /home/airflow/.local/lib/python3.12/site-packages/airflow/example_dags/example_sla_dag.py for tasks to queue
[2025-02-01T14:48:52.096+0000] {logging_mixin.py:190} INFO - [2025-02-01T14:48:52.096+0000] {dagbag.py:588} INFO - Filling up the DagBag from /home/airflow/.local/lib/python3.12/site-packages/airflow/example_dags/example_sla_dag.py
[2025-02-01T14:48:52.101+0000] {processor.py:925} INFO - DAG(s) 'example_sla_dag' retrieved from /home/airflow/.local/lib/python3.12/site-packages/airflow/example_dags/example_sla_dag.py
[2025-02-01T14:48:52.109+0000] {logging_mixin.py:190} INFO - [2025-02-01T14:48:52.109+0000] {dag.py:3239} INFO - Sync 1 DAGs
[2025-02-01T14:48:52.119+0000] {logging_mixin.py:190} INFO - [2025-02-01T14:48:52.119+0000] {dag.py:4180} INFO - Setting next_dagrun for example_sla_dag to 2025-02-01 14:46:00+00:00, run_after=2025-02-01 14:48:00+00:00
[2025-02-01T14:48:52.130+0000] {processor.py:208} INFO - Processing /home/airflow/.local/lib/python3.12/site-packages/airflow/example_dags/example_sla_dag.py took 0.037 seconds
[2025-02-01T14:49:23.135+0000] {processor.py:186} INFO - Started process (PID=557) to work on /home/airflow/.local/lib/python3.12/site-packages/airflow/example_dags/example_sla_dag.py
[2025-02-01T14:49:23.135+0000] {processor.py:914} INFO - Processing file /home/airflow/.local/lib/python3.12/site-packages/airflow/example_dags/example_sla_dag.py for tasks to queue
[2025-02-01T14:49:23.136+0000] {logging_mixin.py:190} INFO - [2025-02-01T14:49:23.136+0000] {dagbag.py:588} INFO - Filling up the DagBag from /home/airflow/.local/lib/python3.12/site-packages/airflow/example_dags/example_sla_dag.py
[2025-02-01T14:49:23.141+0000] {processor.py:925} INFO - DAG(s) 'example_sla_dag' retrieved from /home/airflow/.local/lib/python3.12/site-packages/airflow/example_dags/example_sla_dag.py
[2025-02-01T14:49:23.150+0000] {logging_mixin.py:190} INFO - [2025-02-01T14:49:23.150+0000] {dag.py:3239} INFO - Sync 1 DAGs
[2025-02-01T14:49:23.161+0000] {logging_mixin.py:190} INFO - [2025-02-01T14:49:23.161+0000] {dag.py:4180} INFO - Setting next_dagrun for example_sla_dag to 2025-02-01 14:46:00+00:00, run_after=2025-02-01 14:48:00+00:00
[2025-02-01T14:49:23.168+0000] {processor.py:208} INFO - Processing /home/airflow/.local/lib/python3.12/site-packages/airflow/example_dags/example_sla_dag.py took 0.036 seconds
[2025-02-01T14:49:54.241+0000] {processor.py:186} INFO - Started process (PID=623) to work on /home/airflow/.local/lib/python3.12/site-packages/airflow/example_dags/example_sla_dag.py
[2025-02-01T14:49:54.242+0000] {processor.py:914} INFO - Processing file /home/airflow/.local/lib/python3.12/site-packages/airflow/example_dags/example_sla_dag.py for tasks to queue
[2025-02-01T14:49:54.243+0000] {logging_mixin.py:190} INFO - [2025-02-01T14:49:54.242+0000] {dagbag.py:588} INFO - Filling up the DagBag from /home/airflow/.local/lib/python3.12/site-packages/airflow/example_dags/example_sla_dag.py
[2025-02-01T14:49:54.249+0000] {processor.py:925} INFO - DAG(s) 'example_sla_dag' retrieved from /home/airflow/.local/lib/python3.12/site-packages/airflow/example_dags/example_sla_dag.py
[2025-02-01T14:49:54.257+0000] {logging_mixin.py:190} INFO - [2025-02-01T14:49:54.257+0000] {dag.py:3239} INFO - Sync 1 DAGs
[2025-02-01T14:49:54.267+0000] {logging_mixin.py:190} INFO - [2025-02-01T14:49:54.267+0000] {dag.py:4180} INFO - Setting next_dagrun for example_sla_dag to 2025-02-01 14:46:00+00:00, run_after=2025-02-01 14:48:00+00:00
[2025-02-01T14:49:54.273+0000] {processor.py:208} INFO - Processing /home/airflow/.local/lib/python3.12/site-packages/airflow/example_dags/example_sla_dag.py took 0.034 seconds
[2025-02-01T14:50:25.070+0000] {processor.py:186} INFO - Started process (PID=688) to work on /home/airflow/.local/lib/python3.12/site-packages/airflow/example_dags/example_sla_dag.py
[2025-02-01T14:50:25.070+0000] {processor.py:914} INFO - Processing file /home/airflow/.local/lib/python3.12/site-packages/airflow/example_dags/example_sla_dag.py for tasks to queue
[2025-02-01T14:50:25.072+0000] {logging_mixin.py:190} INFO - [2025-02-01T14:50:25.071+0000] {dagbag.py:588} INFO - Filling up the DagBag from /home/airflow/.local/lib/python3.12/site-packages/airflow/example_dags/example_sla_dag.py
[2025-02-01T14:50:25.076+0000] {processor.py:925} INFO - DAG(s) 'example_sla_dag' retrieved from /home/airflow/.local/lib/python3.12/site-packages/airflow/example_dags/example_sla_dag.py
[2025-02-01T14:50:25.088+0000] {logging_mixin.py:190} INFO - [2025-02-01T14:50:25.088+0000] {dag.py:3239} INFO - Sync 1 DAGs
[2025-02-01T14:50:25.099+0000] {logging_mixin.py:190} INFO - [2025-02-01T14:50:25.099+0000] {dag.py:4180} INFO - Setting next_dagrun for example_sla_dag to 2025-02-01 14:48:00+00:00, run_after=2025-02-01 14:50:00+00:00
[2025-02-01T14:50:25.109+0000] {processor.py:208} INFO - Processing /home/airflow/.local/lib/python3.12/site-packages/airflow/example_dags/example_sla_dag.py took 0.042 seconds
[2025-02-01T14:50:56.224+0000] {processor.py:186} INFO - Started process (PID=755) to work on /home/airflow/.local/lib/python3.12/site-packages/airflow/example_dags/example_sla_dag.py
[2025-02-01T14:50:56.224+0000] {processor.py:914} INFO - Processing file /home/airflow/.local/lib/python3.12/site-packages/airflow/example_dags/example_sla_dag.py for tasks to queue
[2025-02-01T14:50:56.225+0000] {logging_mixin.py:190} INFO - [2025-02-01T14:50:56.225+0000] {dagbag.py:588} INFO - Filling up the DagBag from /home/airflow/.local/lib/python3.12/site-packages/airflow/example_dags/example_sla_dag.py
[2025-02-01T14:50:56.230+0000] {processor.py:925} INFO - DAG(s) 'example_sla_dag' retrieved from /home/airflow/.local/lib/python3.12/site-packages/airflow/example_dags/example_sla_dag.py
[2025-02-01T14:50:56.243+0000] {logging_mixin.py:190} INFO - [2025-02-01T14:50:56.243+0000] {dag.py:3239} INFO - Sync 1 DAGs
[2025-02-01T14:50:56.253+0000] {logging_mixin.py:190} INFO - [2025-02-01T14:50:56.253+0000] {dag.py:4180} INFO - Setting next_dagrun for example_sla_dag to 2025-02-01 14:48:00+00:00, run_after=2025-02-01 14:50:00+00:00
[2025-02-01T14:50:56.267+0000] {processor.py:208} INFO - Processing /home/airflow/.local/lib/python3.12/site-packages/airflow/example_dags/example_sla_dag.py took 0.046 seconds
[2025-02-01T14:51:27.396+0000] {processor.py:186} INFO - Started process (PID=821) to work on /home/airflow/.local/lib/python3.12/site-packages/airflow/example_dags/example_sla_dag.py
[2025-02-01T14:51:27.399+0000] {processor.py:914} INFO - Processing file /home/airflow/.local/lib/python3.12/site-packages/airflow/example_dags/example_sla_dag.py for tasks to queue
[2025-02-01T14:51:27.402+0000] {logging_mixin.py:190} INFO - [2025-02-01T14:51:27.402+0000] {dagbag.py:588} INFO - Filling up the DagBag from /home/airflow/.local/lib/python3.12/site-packages/airflow/example_dags/example_sla_dag.py
[2025-02-01T14:51:27.407+0000] {processor.py:925} INFO - DAG(s) 'example_sla_dag' retrieved from /home/airflow/.local/lib/python3.12/site-packages/airflow/example_dags/example_sla_dag.py
[2025-02-01T14:51:27.418+0000] {logging_mixin.py:190} INFO - [2025-02-01T14:51:27.418+0000] {dag.py:3239} INFO - Sync 1 DAGs
[2025-02-01T14:51:27.428+0000] {logging_mixin.py:190} INFO - [2025-02-01T14:51:27.428+0000] {dag.py:4180} INFO - Setting next_dagrun for example_sla_dag to 2025-02-01 14:48:00+00:00, run_after=2025-02-01 14:50:00+00:00
[2025-02-01T14:51:27.440+0000] {processor.py:208} INFO - Processing /home/airflow/.local/lib/python3.12/site-packages/airflow/example_dags/example_sla_dag.py took 0.046 seconds
[2025-02-01T14:51:58.898+0000] {processor.py:186} INFO - Started process (PID=887) to work on /home/airflow/.local/lib/python3.12/site-packages/airflow/example_dags/example_sla_dag.py
[2025-02-01T14:51:58.898+0000] {processor.py:914} INFO - Processing file /home/airflow/.local/lib/python3.12/site-packages/airflow/example_dags/example_sla_dag.py for tasks to queue
[2025-02-01T14:51:58.900+0000] {logging_mixin.py:190} INFO - [2025-02-01T14:51:58.900+0000] {dagbag.py:588} INFO - Filling up the DagBag from /home/airflow/.local/lib/python3.12/site-packages/airflow/example_dags/example_sla_dag.py
[2025-02-01T14:51:58.907+0000] {processor.py:925} INFO - DAG(s) 'example_sla_dag' retrieved from /home/airflow/.local/lib/python3.12/site-packages/airflow/example_dags/example_sla_dag.py
[2025-02-01T14:51:58.918+0000] {logging_mixin.py:190} INFO - [2025-02-01T14:51:58.918+0000] {dag.py:3239} INFO - Sync 1 DAGs
[2025-02-01T14:51:58.932+0000] {logging_mixin.py:190} INFO - [2025-02-01T14:51:58.932+0000] {dag.py:4180} INFO - Setting next_dagrun for example_sla_dag to 2025-02-01 14:48:00+00:00, run_after=2025-02-01 14:50:00+00:00
[2025-02-01T14:51:58.948+0000] {processor.py:208} INFO - Processing /home/airflow/.local/lib/python3.12/site-packages/airflow/example_dags/example_sla_dag.py took 0.053 seconds
[2025-02-01T14:52:30.379+0000] {processor.py:186} INFO - Started process (PID=953) to work on /home/airflow/.local/lib/python3.12/site-packages/airflow/example_dags/example_sla_dag.py
[2025-02-01T14:52:30.380+0000] {processor.py:914} INFO - Processing file /home/airflow/.local/lib/python3.12/site-packages/airflow/example_dags/example_sla_dag.py for tasks to queue
[2025-02-01T14:52:30.383+0000] {logging_mixin.py:190} INFO - [2025-02-01T14:52:30.382+0000] {dagbag.py:588} INFO - Filling up the DagBag from /home/airflow/.local/lib/python3.12/site-packages/airflow/example_dags/example_sla_dag.py
[2025-02-01T14:52:30.389+0000] {processor.py:925} INFO - DAG(s) 'example_sla_dag' retrieved from /home/airflow/.local/lib/python3.12/site-packages/airflow/example_dags/example_sla_dag.py
[2025-02-01T14:52:30.409+0000] {logging_mixin.py:190} INFO - [2025-02-01T14:52:30.409+0000] {dag.py:3239} INFO - Sync 1 DAGs
[2025-02-01T14:52:30.429+0000] {logging_mixin.py:190} INFO - [2025-02-01T14:52:30.428+0000] {dag.py:4180} INFO - Setting next_dagrun for example_sla_dag to 2025-02-01 14:50:00+00:00, run_after=2025-02-01 14:52:00+00:00
[2025-02-01T14:52:30.445+0000] {processor.py:208} INFO - Processing /home/airflow/.local/lib/python3.12/site-packages/airflow/example_dags/example_sla_dag.py took 0.069 seconds
[2025-02-01T14:53:00.755+0000] {processor.py:186} INFO - Started process (PID=1019) to work on /home/airflow/.local/lib/python3.12/site-packages/airflow/example_dags/example_sla_dag.py
[2025-02-01T14:53:00.756+0000] {processor.py:914} INFO - Processing file /home/airflow/.local/lib/python3.12/site-packages/airflow/example_dags/example_sla_dag.py for tasks to queue
[2025-02-01T14:53:00.757+0000] {logging_mixin.py:190} INFO - [2025-02-01T14:53:00.756+0000] {dagbag.py:588} INFO - Filling up the DagBag from /home/airflow/.local/lib/python3.12/site-packages/airflow/example_dags/example_sla_dag.py
[2025-02-01T14:53:00.761+0000] {processor.py:925} INFO - DAG(s) 'example_sla_dag' retrieved from /home/airflow/.local/lib/python3.12/site-packages/airflow/example_dags/example_sla_dag.py
[2025-02-01T14:53:00.771+0000] {logging_mixin.py:190} INFO - [2025-02-01T14:53:00.771+0000] {dag.py:3239} INFO - Sync 1 DAGs
[2025-02-01T14:53:00.783+0000] {logging_mixin.py:190} INFO - [2025-02-01T14:53:00.783+0000] {dag.py:4180} INFO - Setting next_dagrun for example_sla_dag to 2025-02-01 14:50:00+00:00, run_after=2025-02-01 14:52:00+00:00
[2025-02-01T14:53:00.792+0000] {processor.py:208} INFO - Processing /home/airflow/.local/lib/python3.12/site-packages/airflow/example_dags/example_sla_dag.py took 0.039 seconds
[2025-02-01T14:53:31.746+0000] {processor.py:186} INFO - Started process (PID=1085) to work on /home/airflow/.local/lib/python3.12/site-packages/airflow/example_dags/example_sla_dag.py
[2025-02-01T14:53:31.746+0000] {processor.py:914} INFO - Processing file /home/airflow/.local/lib/python3.12/site-packages/airflow/example_dags/example_sla_dag.py for tasks to queue
[2025-02-01T14:53:31.747+0000] {logging_mixin.py:190} INFO - [2025-02-01T14:53:31.747+0000] {dagbag.py:588} INFO - Filling up the DagBag from /home/airflow/.local/lib/python3.12/site-packages/airflow/example_dags/example_sla_dag.py
[2025-02-01T14:53:31.752+0000] {processor.py:925} INFO - DAG(s) 'example_sla_dag' retrieved from /home/airflow/.local/lib/python3.12/site-packages/airflow/example_dags/example_sla_dag.py
[2025-02-01T14:53:31.760+0000] {logging_mixin.py:190} INFO - [2025-02-01T14:53:31.760+0000] {dag.py:3239} INFO - Sync 1 DAGs
[2025-02-01T14:53:31.769+0000] {logging_mixin.py:190} INFO - [2025-02-01T14:53:31.769+0000] {dag.py:4180} INFO - Setting next_dagrun for example_sla_dag to 2025-02-01 14:50:00+00:00, run_after=2025-02-01 14:52:00+00:00
[2025-02-01T14:53:31.775+0000] {processor.py:208} INFO - Processing /home/airflow/.local/lib/python3.12/site-packages/airflow/example_dags/example_sla_dag.py took 0.032 seconds
[2025-02-01T14:54:02.805+0000] {processor.py:186} INFO - Started process (PID=1151) to work on /home/airflow/.local/lib/python3.12/site-packages/airflow/example_dags/example_sla_dag.py
[2025-02-01T14:54:02.806+0000] {processor.py:914} INFO - Processing file /home/airflow/.local/lib/python3.12/site-packages/airflow/example_dags/example_sla_dag.py for tasks to queue
[2025-02-01T14:54:02.807+0000] {logging_mixin.py:190} INFO - [2025-02-01T14:54:02.807+0000] {dagbag.py:588} INFO - Filling up the DagBag from /home/airflow/.local/lib/python3.12/site-packages/airflow/example_dags/example_sla_dag.py
[2025-02-01T14:54:02.812+0000] {processor.py:925} INFO - DAG(s) 'example_sla_dag' retrieved from /home/airflow/.local/lib/python3.12/site-packages/airflow/example_dags/example_sla_dag.py
[2025-02-01T14:54:02.820+0000] {logging_mixin.py:190} INFO - [2025-02-01T14:54:02.820+0000] {dag.py:3239} INFO - Sync 1 DAGs
[2025-02-01T14:54:02.833+0000] {logging_mixin.py:190} INFO - [2025-02-01T14:54:02.832+0000] {dag.py:4180} INFO - Setting next_dagrun for example_sla_dag to 2025-02-01 14:52:00+00:00, run_after=2025-02-01 14:54:00+00:00
[2025-02-01T14:54:02.847+0000] {processor.py:208} INFO - Processing /home/airflow/.local/lib/python3.12/site-packages/airflow/example_dags/example_sla_dag.py took 0.046 seconds
[2025-02-01T14:54:33.816+0000] {processor.py:186} INFO - Started process (PID=1217) to work on /home/airflow/.local/lib/python3.12/site-packages/airflow/example_dags/example_sla_dag.py
[2025-02-01T14:54:33.816+0000] {processor.py:914} INFO - Processing file /home/airflow/.local/lib/python3.12/site-packages/airflow/example_dags/example_sla_dag.py for tasks to queue
[2025-02-01T14:54:33.817+0000] {logging_mixin.py:190} INFO - [2025-02-01T14:54:33.817+0000] {dagbag.py:588} INFO - Filling up the DagBag from /home/airflow/.local/lib/python3.12/site-packages/airflow/example_dags/example_sla_dag.py
[2025-02-01T14:54:33.822+0000] {processor.py:925} INFO - DAG(s) 'example_sla_dag' retrieved from /home/airflow/.local/lib/python3.12/site-packages/airflow/example_dags/example_sla_dag.py
[2025-02-01T14:54:33.832+0000] {logging_mixin.py:190} INFO - [2025-02-01T14:54:33.831+0000] {dag.py:3239} INFO - Sync 1 DAGs
[2025-02-01T14:54:33.848+0000] {logging_mixin.py:190} INFO - [2025-02-01T14:54:33.848+0000] {dag.py:4180} INFO - Setting next_dagrun for example_sla_dag to 2025-02-01 14:52:00+00:00, run_after=2025-02-01 14:54:00+00:00
[2025-02-01T14:54:33.859+0000] {processor.py:208} INFO - Processing /home/airflow/.local/lib/python3.12/site-packages/airflow/example_dags/example_sla_dag.py took 0.045 seconds
[2025-02-01T14:55:04.910+0000] {processor.py:186} INFO - Started process (PID=1283) to work on /home/airflow/.local/lib/python3.12/site-packages/airflow/example_dags/example_sla_dag.py
[2025-02-01T14:55:04.911+0000] {processor.py:914} INFO - Processing file /home/airflow/.local/lib/python3.12/site-packages/airflow/example_dags/example_sla_dag.py for tasks to queue
[2025-02-01T14:55:04.912+0000] {logging_mixin.py:190} INFO - [2025-02-01T14:55:04.912+0000] {dagbag.py:588} INFO - Filling up the DagBag from /home/airflow/.local/lib/python3.12/site-packages/airflow/example_dags/example_sla_dag.py
[2025-02-01T14:55:04.917+0000] {processor.py:925} INFO - DAG(s) 'example_sla_dag' retrieved from /home/airflow/.local/lib/python3.12/site-packages/airflow/example_dags/example_sla_dag.py
[2025-02-01T14:55:04.928+0000] {logging_mixin.py:190} INFO - [2025-02-01T14:55:04.928+0000] {dag.py:3239} INFO - Sync 1 DAGs
[2025-02-01T14:55:04.940+0000] {logging_mixin.py:190} INFO - [2025-02-01T14:55:04.940+0000] {dag.py:4180} INFO - Setting next_dagrun for example_sla_dag to 2025-02-01 14:52:00+00:00, run_after=2025-02-01 14:54:00+00:00
[2025-02-01T14:55:04.949+0000] {processor.py:208} INFO - Processing /home/airflow/.local/lib/python3.12/site-packages/airflow/example_dags/example_sla_dag.py took 0.042 seconds
[2025-02-01T14:55:35.758+0000] {processor.py:186} INFO - Started process (PID=1349) to work on /home/airflow/.local/lib/python3.12/site-packages/airflow/example_dags/example_sla_dag.py
[2025-02-01T14:55:35.758+0000] {processor.py:914} INFO - Processing file /home/airflow/.local/lib/python3.12/site-packages/airflow/example_dags/example_sla_dag.py for tasks to queue
[2025-02-01T14:55:35.759+0000] {logging_mixin.py:190} INFO - [2025-02-01T14:55:35.759+0000] {dagbag.py:588} INFO - Filling up the DagBag from /home/airflow/.local/lib/python3.12/site-packages/airflow/example_dags/example_sla_dag.py
[2025-02-01T14:55:35.764+0000] {processor.py:925} INFO - DAG(s) 'example_sla_dag' retrieved from /home/airflow/.local/lib/python3.12/site-packages/airflow/example_dags/example_sla_dag.py
[2025-02-01T14:55:35.773+0000] {logging_mixin.py:190} INFO - [2025-02-01T14:55:35.773+0000] {dag.py:3239} INFO - Sync 1 DAGs
[2025-02-01T14:55:35.783+0000] {logging_mixin.py:190} INFO - [2025-02-01T14:55:35.783+0000] {dag.py:4180} INFO - Setting next_dagrun for example_sla_dag to 2025-02-01 14:52:00+00:00, run_after=2025-02-01 14:54:00+00:00
[2025-02-01T14:55:35.793+0000] {processor.py:208} INFO - Processing /home/airflow/.local/lib/python3.12/site-packages/airflow/example_dags/example_sla_dag.py took 0.037 seconds
[2025-02-01T14:56:06.797+0000] {processor.py:186} INFO - Started process (PID=1415) to work on /home/airflow/.local/lib/python3.12/site-packages/airflow/example_dags/example_sla_dag.py
[2025-02-01T14:56:06.798+0000] {processor.py:914} INFO - Processing file /home/airflow/.local/lib/python3.12/site-packages/airflow/example_dags/example_sla_dag.py for tasks to queue
[2025-02-01T14:56:06.800+0000] {logging_mixin.py:190} INFO - [2025-02-01T14:56:06.799+0000] {dagbag.py:588} INFO - Filling up the DagBag from /home/airflow/.local/lib/python3.12/site-packages/airflow/example_dags/example_sla_dag.py
[2025-02-01T14:56:06.805+0000] {processor.py:925} INFO - DAG(s) 'example_sla_dag' retrieved from /home/airflow/.local/lib/python3.12/site-packages/airflow/example_dags/example_sla_dag.py
[2025-02-01T14:56:06.818+0000] {logging_mixin.py:190} INFO - [2025-02-01T14:56:06.818+0000] {dag.py:3239} INFO - Sync 1 DAGs
[2025-02-01T14:56:06.835+0000] {logging_mixin.py:190} INFO - [2025-02-01T14:56:06.835+0000] {dag.py:4180} INFO - Setting next_dagrun for example_sla_dag to 2025-02-01 14:54:00+00:00, run_after=2025-02-01 14:56:00+00:00
[2025-02-01T14:56:06.853+0000] {processor.py:208} INFO - Processing /home/airflow/.local/lib/python3.12/site-packages/airflow/example_dags/example_sla_dag.py took 0.060 seconds
[2025-02-01T14:56:37.806+0000] {processor.py:186} INFO - Started process (PID=1481) to work on /home/airflow/.local/lib/python3.12/site-packages/airflow/example_dags/example_sla_dag.py
[2025-02-01T14:56:37.806+0000] {processor.py:914} INFO - Processing file /home/airflow/.local/lib/python3.12/site-packages/airflow/example_dags/example_sla_dag.py for tasks to queue
[2025-02-01T14:56:37.807+0000] {logging_mixin.py:190} INFO - [2025-02-01T14:56:37.807+0000] {dagbag.py:588} INFO - Filling up the DagBag from /home/airflow/.local/lib/python3.12/site-packages/airflow/example_dags/example_sla_dag.py
[2025-02-01T14:56:37.813+0000] {processor.py:925} INFO - DAG(s) 'example_sla_dag' retrieved from /home/airflow/.local/lib/python3.12/site-packages/airflow/example_dags/example_sla_dag.py
[2025-02-01T14:56:37.823+0000] {logging_mixin.py:190} INFO - [2025-02-01T14:56:37.823+0000] {dag.py:3239} INFO - Sync 1 DAGs
[2025-02-01T14:56:37.835+0000] {logging_mixin.py:190} INFO - [2025-02-01T14:56:37.834+0000] {dag.py:4180} INFO - Setting next_dagrun for example_sla_dag to 2025-02-01 14:54:00+00:00, run_after=2025-02-01 14:56:00+00:00
[2025-02-01T14:56:37.849+0000] {processor.py:208} INFO - Processing /home/airflow/.local/lib/python3.12/site-packages/airflow/example_dags/example_sla_dag.py took 0.046 seconds
[2025-02-01T14:57:08.854+0000] {processor.py:186} INFO - Started process (PID=1547) to work on /home/airflow/.local/lib/python3.12/site-packages/airflow/example_dags/example_sla_dag.py
[2025-02-01T14:57:08.855+0000] {processor.py:914} INFO - Processing file /home/airflow/.local/lib/python3.12/site-packages/airflow/example_dags/example_sla_dag.py for tasks to queue
[2025-02-01T14:57:08.857+0000] {logging_mixin.py:190} INFO - [2025-02-01T14:57:08.856+0000] {dagbag.py:588} INFO - Filling up the DagBag from /home/airflow/.local/lib/python3.12/site-packages/airflow/example_dags/example_sla_dag.py
[2025-02-01T14:57:08.862+0000] {processor.py:925} INFO - DAG(s) 'example_sla_dag' retrieved from /home/airflow/.local/lib/python3.12/site-packages/airflow/example_dags/example_sla_dag.py
[2025-02-01T14:57:08.871+0000] {logging_mixin.py:190} INFO - [2025-02-01T14:57:08.871+0000] {dag.py:3239} INFO - Sync 1 DAGs
[2025-02-01T14:57:08.881+0000] {logging_mixin.py:190} INFO - [2025-02-01T14:57:08.880+0000] {dag.py:4180} INFO - Setting next_dagrun for example_sla_dag to 2025-02-01 14:54:00+00:00, run_after=2025-02-01 14:56:00+00:00
[2025-02-01T14:57:08.888+0000] {processor.py:208} INFO - Processing /home/airflow/.local/lib/python3.12/site-packages/airflow/example_dags/example_sla_dag.py took 0.036 seconds
[2025-02-01T14:57:39.893+0000] {processor.py:186} INFO - Started process (PID=1613) to work on /home/airflow/.local/lib/python3.12/site-packages/airflow/example_dags/example_sla_dag.py
[2025-02-01T14:57:39.893+0000] {processor.py:914} INFO - Processing file /home/airflow/.local/lib/python3.12/site-packages/airflow/example_dags/example_sla_dag.py for tasks to queue
[2025-02-01T14:57:39.894+0000] {logging_mixin.py:190} INFO - [2025-02-01T14:57:39.894+0000] {dagbag.py:588} INFO - Filling up the DagBag from /home/airflow/.local/lib/python3.12/site-packages/airflow/example_dags/example_sla_dag.py
[2025-02-01T14:57:39.900+0000] {processor.py:925} INFO - DAG(s) 'example_sla_dag' retrieved from /home/airflow/.local/lib/python3.12/site-packages/airflow/example_dags/example_sla_dag.py
[2025-02-01T14:57:39.910+0000] {logging_mixin.py:190} INFO - [2025-02-01T14:57:39.910+0000] {dag.py:3239} INFO - Sync 1 DAGs
[2025-02-01T14:57:39.924+0000] {logging_mixin.py:190} INFO - [2025-02-01T14:57:39.924+0000] {dag.py:4180} INFO - Setting next_dagrun for example_sla_dag to 2025-02-01 14:54:00+00:00, run_after=2025-02-01 14:56:00+00:00
[2025-02-01T14:57:39.941+0000] {processor.py:208} INFO - Processing /home/airflow/.local/lib/python3.12/site-packages/airflow/example_dags/example_sla_dag.py took 0.051 seconds
[2025-02-01T14:58:10.804+0000] {processor.py:186} INFO - Started process (PID=1679) to work on /home/airflow/.local/lib/python3.12/site-packages/airflow/example_dags/example_sla_dag.py
[2025-02-01T14:58:10.805+0000] {processor.py:914} INFO - Processing file /home/airflow/.local/lib/python3.12/site-packages/airflow/example_dags/example_sla_dag.py for tasks to queue
[2025-02-01T14:58:10.806+0000] {logging_mixin.py:190} INFO - [2025-02-01T14:58:10.806+0000] {dagbag.py:588} INFO - Filling up the DagBag from /home/airflow/.local/lib/python3.12/site-packages/airflow/example_dags/example_sla_dag.py
[2025-02-01T14:58:10.810+0000] {processor.py:925} INFO - DAG(s) 'example_sla_dag' retrieved from /home/airflow/.local/lib/python3.12/site-packages/airflow/example_dags/example_sla_dag.py
[2025-02-01T14:58:10.818+0000] {logging_mixin.py:190} INFO - [2025-02-01T14:58:10.818+0000] {dag.py:3239} INFO - Sync 1 DAGs
[2025-02-01T14:58:10.828+0000] {logging_mixin.py:190} INFO - [2025-02-01T14:58:10.828+0000] {dag.py:4180} INFO - Setting next_dagrun for example_sla_dag to 2025-02-01 14:56:00+00:00, run_after=2025-02-01 14:58:00+00:00
[2025-02-01T14:58:10.839+0000] {processor.py:208} INFO - Processing /home/airflow/.local/lib/python3.12/site-packages/airflow/example_dags/example_sla_dag.py took 0.037 seconds
[2025-02-01T14:58:41.439+0000] {processor.py:186} INFO - Started process (PID=1744) to work on /home/airflow/.local/lib/python3.12/site-packages/airflow/example_dags/example_sla_dag.py
[2025-02-01T14:58:41.439+0000] {processor.py:914} INFO - Processing file /home/airflow/.local/lib/python3.12/site-packages/airflow/example_dags/example_sla_dag.py for tasks to queue
[2025-02-01T14:58:41.440+0000] {logging_mixin.py:190} INFO - [2025-02-01T14:58:41.440+0000] {dagbag.py:588} INFO - Filling up the DagBag from /home/airflow/.local/lib/python3.12/site-packages/airflow/example_dags/example_sla_dag.py
[2025-02-01T14:58:41.445+0000] {processor.py:925} INFO - DAG(s) 'example_sla_dag' retrieved from /home/airflow/.local/lib/python3.12/site-packages/airflow/example_dags/example_sla_dag.py
[2025-02-01T14:58:41.457+0000] {logging_mixin.py:190} INFO - [2025-02-01T14:58:41.457+0000] {dag.py:3239} INFO - Sync 1 DAGs
[2025-02-01T14:58:41.467+0000] {logging_mixin.py:190} INFO - [2025-02-01T14:58:41.467+0000] {dag.py:4180} INFO - Setting next_dagrun for example_sla_dag to 2025-02-01 14:56:00+00:00, run_after=2025-02-01 14:58:00+00:00
[2025-02-01T14:58:41.478+0000] {processor.py:208} INFO - Processing /home/airflow/.local/lib/python3.12/site-packages/airflow/example_dags/example_sla_dag.py took 0.043 seconds
[2025-02-01T14:59:12.586+0000] {processor.py:186} INFO - Started process (PID=1811) to work on /home/airflow/.local/lib/python3.12/site-packages/airflow/example_dags/example_sla_dag.py
[2025-02-01T14:59:12.587+0000] {processor.py:914} INFO - Processing file /home/airflow/.local/lib/python3.12/site-packages/airflow/example_dags/example_sla_dag.py for tasks to queue
[2025-02-01T14:59:12.592+0000] {logging_mixin.py:190} INFO - [2025-02-01T14:59:12.591+0000] {dagbag.py:588} INFO - Filling up the DagBag from /home/airflow/.local/lib/python3.12/site-packages/airflow/example_dags/example_sla_dag.py
[2025-02-01T14:59:12.603+0000] {processor.py:925} INFO - DAG(s) 'example_sla_dag' retrieved from /home/airflow/.local/lib/python3.12/site-packages/airflow/example_dags/example_sla_dag.py
[2025-02-01T14:59:12.621+0000] {logging_mixin.py:190} INFO - [2025-02-01T14:59:12.621+0000] {dag.py:3239} INFO - Sync 1 DAGs
[2025-02-01T14:59:12.650+0000] {logging_mixin.py:190} INFO - [2025-02-01T14:59:12.650+0000] {dag.py:4180} INFO - Setting next_dagrun for example_sla_dag to 2025-02-01 14:56:00+00:00, run_after=2025-02-01 14:58:00+00:00
[2025-02-01T14:59:12.660+0000] {processor.py:208} INFO - Processing /home/airflow/.local/lib/python3.12/site-packages/airflow/example_dags/example_sla_dag.py took 0.079 seconds
[2025-02-01T14:59:43.813+0000] {processor.py:186} INFO - Started process (PID=1877) to work on /home/airflow/.local/lib/python3.12/site-packages/airflow/example_dags/example_sla_dag.py
[2025-02-01T14:59:43.815+0000] {processor.py:914} INFO - Processing file /home/airflow/.local/lib/python3.12/site-packages/airflow/example_dags/example_sla_dag.py for tasks to queue
[2025-02-01T14:59:43.816+0000] {logging_mixin.py:190} INFO - [2025-02-01T14:59:43.816+0000] {dagbag.py:588} INFO - Filling up the DagBag from /home/airflow/.local/lib/python3.12/site-packages/airflow/example_dags/example_sla_dag.py
[2025-02-01T14:59:43.822+0000] {processor.py:925} INFO - DAG(s) 'example_sla_dag' retrieved from /home/airflow/.local/lib/python3.12/site-packages/airflow/example_dags/example_sla_dag.py
[2025-02-01T14:59:43.836+0000] {logging_mixin.py:190} INFO - [2025-02-01T14:59:43.836+0000] {dag.py:3239} INFO - Sync 1 DAGs
[2025-02-01T14:59:43.851+0000] {logging_mixin.py:190} INFO - [2025-02-01T14:59:43.851+0000] {dag.py:4180} INFO - Setting next_dagrun for example_sla_dag to 2025-02-01 14:56:00+00:00, run_after=2025-02-01 14:58:00+00:00
[2025-02-01T14:59:43.858+0000] {processor.py:208} INFO - Processing /home/airflow/.local/lib/python3.12/site-packages/airflow/example_dags/example_sla_dag.py took 0.051 seconds
[2025-02-01T15:00:15.060+0000] {processor.py:186} INFO - Started process (PID=1943) to work on /home/airflow/.local/lib/python3.12/site-packages/airflow/example_dags/example_sla_dag.py
[2025-02-01T15:00:15.061+0000] {processor.py:914} INFO - Processing file /home/airflow/.local/lib/python3.12/site-packages/airflow/example_dags/example_sla_dag.py for tasks to queue
[2025-02-01T15:00:15.062+0000] {logging_mixin.py:190} INFO - [2025-02-01T15:00:15.062+0000] {dagbag.py:588} INFO - Filling up the DagBag from /home/airflow/.local/lib/python3.12/site-packages/airflow/example_dags/example_sla_dag.py
[2025-02-01T15:00:15.070+0000] {processor.py:925} INFO - DAG(s) 'example_sla_dag' retrieved from /home/airflow/.local/lib/python3.12/site-packages/airflow/example_dags/example_sla_dag.py
[2025-02-01T15:00:15.080+0000] {logging_mixin.py:190} INFO - [2025-02-01T15:00:15.080+0000] {dag.py:3239} INFO - Sync 1 DAGs
[2025-02-01T15:00:15.093+0000] {logging_mixin.py:190} INFO - [2025-02-01T15:00:15.093+0000] {dag.py:4180} INFO - Setting next_dagrun for example_sla_dag to 2025-02-01 14:58:00+00:00, run_after=2025-02-01 15:00:00+00:00
[2025-02-01T15:00:15.104+0000] {processor.py:208} INFO - Processing /home/airflow/.local/lib/python3.12/site-packages/airflow/example_dags/example_sla_dag.py took 0.047 seconds
[2025-02-01T15:00:46.323+0000] {processor.py:186} INFO - Started process (PID=2009) to work on /home/airflow/.local/lib/python3.12/site-packages/airflow/example_dags/example_sla_dag.py
[2025-02-01T15:00:46.325+0000] {processor.py:914} INFO - Processing file /home/airflow/.local/lib/python3.12/site-packages/airflow/example_dags/example_sla_dag.py for tasks to queue
[2025-02-01T15:00:46.327+0000] {logging_mixin.py:190} INFO - [2025-02-01T15:00:46.326+0000] {dagbag.py:588} INFO - Filling up the DagBag from /home/airflow/.local/lib/python3.12/site-packages/airflow/example_dags/example_sla_dag.py
[2025-02-01T15:00:46.333+0000] {processor.py:925} INFO - DAG(s) 'example_sla_dag' retrieved from /home/airflow/.local/lib/python3.12/site-packages/airflow/example_dags/example_sla_dag.py
[2025-02-01T15:00:46.344+0000] {logging_mixin.py:190} INFO - [2025-02-01T15:00:46.344+0000] {dag.py:3239} INFO - Sync 1 DAGs
[2025-02-01T15:00:46.355+0000] {logging_mixin.py:190} INFO - [2025-02-01T15:00:46.355+0000] {dag.py:4180} INFO - Setting next_dagrun for example_sla_dag to 2025-02-01 14:58:00+00:00, run_after=2025-02-01 15:00:00+00:00
[2025-02-01T15:00:46.363+0000] {processor.py:208} INFO - Processing /home/airflow/.local/lib/python3.12/site-packages/airflow/example_dags/example_sla_dag.py took 0.042 seconds
[2025-02-01T15:01:17.716+0000] {processor.py:186} INFO - Started process (PID=2074) to work on /home/airflow/.local/lib/python3.12/site-packages/airflow/example_dags/example_sla_dag.py
[2025-02-01T15:01:17.717+0000] {processor.py:914} INFO - Processing file /home/airflow/.local/lib/python3.12/site-packages/airflow/example_dags/example_sla_dag.py for tasks to queue
[2025-02-01T15:01:17.719+0000] {logging_mixin.py:190} INFO - [2025-02-01T15:01:17.718+0000] {dagbag.py:588} INFO - Filling up the DagBag from /home/airflow/.local/lib/python3.12/site-packages/airflow/example_dags/example_sla_dag.py
[2025-02-01T15:01:17.725+0000] {processor.py:925} INFO - DAG(s) 'example_sla_dag' retrieved from /home/airflow/.local/lib/python3.12/site-packages/airflow/example_dags/example_sla_dag.py
[2025-02-01T15:01:17.736+0000] {logging_mixin.py:190} INFO - [2025-02-01T15:01:17.736+0000] {dag.py:3239} INFO - Sync 1 DAGs
[2025-02-01T15:01:17.746+0000] {logging_mixin.py:190} INFO - [2025-02-01T15:01:17.746+0000] {dag.py:4180} INFO - Setting next_dagrun for example_sla_dag to 2025-02-01 14:58:00+00:00, run_after=2025-02-01 15:00:00+00:00
[2025-02-01T15:01:17.756+0000] {processor.py:208} INFO - Processing /home/airflow/.local/lib/python3.12/site-packages/airflow/example_dags/example_sla_dag.py took 0.043 seconds
[2025-02-01T15:01:48.867+0000] {processor.py:186} INFO - Started process (PID=2146) to work on /home/airflow/.local/lib/python3.12/site-packages/airflow/example_dags/example_sla_dag.py
[2025-02-01T15:01:48.870+0000] {processor.py:914} INFO - Processing file /home/airflow/.local/lib/python3.12/site-packages/airflow/example_dags/example_sla_dag.py for tasks to queue
[2025-02-01T15:01:48.872+0000] {logging_mixin.py:190} INFO - [2025-02-01T15:01:48.872+0000] {dagbag.py:588} INFO - Filling up the DagBag from /home/airflow/.local/lib/python3.12/site-packages/airflow/example_dags/example_sla_dag.py
[2025-02-01T15:01:48.879+0000] {processor.py:925} INFO - DAG(s) 'example_sla_dag' retrieved from /home/airflow/.local/lib/python3.12/site-packages/airflow/example_dags/example_sla_dag.py
[2025-02-01T15:01:48.890+0000] {logging_mixin.py:190} INFO - [2025-02-01T15:01:48.889+0000] {dag.py:3239} INFO - Sync 1 DAGs
[2025-02-01T15:01:48.900+0000] {logging_mixin.py:190} INFO - [2025-02-01T15:01:48.900+0000] {dag.py:4180} INFO - Setting next_dagrun for example_sla_dag to 2025-02-01 14:58:00+00:00, run_after=2025-02-01 15:00:00+00:00
[2025-02-01T15:01:48.907+0000] {processor.py:208} INFO - Processing /home/airflow/.local/lib/python3.12/site-packages/airflow/example_dags/example_sla_dag.py took 0.044 seconds
[2025-02-01T15:02:19.669+0000] {processor.py:186} INFO - Started process (PID=2213) to work on /home/airflow/.local/lib/python3.12/site-packages/airflow/example_dags/example_sla_dag.py
[2025-02-01T15:02:19.669+0000] {processor.py:914} INFO - Processing file /home/airflow/.local/lib/python3.12/site-packages/airflow/example_dags/example_sla_dag.py for tasks to queue
[2025-02-01T15:02:19.670+0000] {logging_mixin.py:190} INFO - [2025-02-01T15:02:19.670+0000] {dagbag.py:588} INFO - Filling up the DagBag from /home/airflow/.local/lib/python3.12/site-packages/airflow/example_dags/example_sla_dag.py
[2025-02-01T15:02:19.677+0000] {processor.py:925} INFO - DAG(s) 'example_sla_dag' retrieved from /home/airflow/.local/lib/python3.12/site-packages/airflow/example_dags/example_sla_dag.py
[2025-02-01T15:02:19.689+0000] {logging_mixin.py:190} INFO - [2025-02-01T15:02:19.689+0000] {dag.py:3239} INFO - Sync 1 DAGs
[2025-02-01T15:02:19.699+0000] {logging_mixin.py:190} INFO - [2025-02-01T15:02:19.699+0000] {dag.py:4180} INFO - Setting next_dagrun for example_sla_dag to 2025-02-01 15:00:00+00:00, run_after=2025-02-01 15:02:00+00:00
[2025-02-01T15:02:19.706+0000] {processor.py:208} INFO - Processing /home/airflow/.local/lib/python3.12/site-packages/airflow/example_dags/example_sla_dag.py took 0.040 seconds
[2025-02-01T15:02:50.846+0000] {processor.py:186} INFO - Started process (PID=2279) to work on /home/airflow/.local/lib/python3.12/site-packages/airflow/example_dags/example_sla_dag.py
[2025-02-01T15:02:50.847+0000] {processor.py:914} INFO - Processing file /home/airflow/.local/lib/python3.12/site-packages/airflow/example_dags/example_sla_dag.py for tasks to queue
[2025-02-01T15:02:50.849+0000] {logging_mixin.py:190} INFO - [2025-02-01T15:02:50.849+0000] {dagbag.py:588} INFO - Filling up the DagBag from /home/airflow/.local/lib/python3.12/site-packages/airflow/example_dags/example_sla_dag.py
[2025-02-01T15:02:50.856+0000] {processor.py:925} INFO - DAG(s) 'example_sla_dag' retrieved from /home/airflow/.local/lib/python3.12/site-packages/airflow/example_dags/example_sla_dag.py
[2025-02-01T15:02:50.869+0000] {logging_mixin.py:190} INFO - [2025-02-01T15:02:50.869+0000] {dag.py:3239} INFO - Sync 1 DAGs
[2025-02-01T15:02:50.883+0000] {logging_mixin.py:190} INFO - [2025-02-01T15:02:50.883+0000] {dag.py:4180} INFO - Setting next_dagrun for example_sla_dag to 2025-02-01 15:00:00+00:00, run_after=2025-02-01 15:02:00+00:00
[2025-02-01T15:02:50.894+0000] {processor.py:208} INFO - Processing /home/airflow/.local/lib/python3.12/site-packages/airflow/example_dags/example_sla_dag.py took 0.054 seconds
[2025-02-01T15:03:21.928+0000] {processor.py:186} INFO - Started process (PID=2345) to work on /home/airflow/.local/lib/python3.12/site-packages/airflow/example_dags/example_sla_dag.py
[2025-02-01T15:03:21.928+0000] {processor.py:914} INFO - Processing file /home/airflow/.local/lib/python3.12/site-packages/airflow/example_dags/example_sla_dag.py for tasks to queue
[2025-02-01T15:03:21.929+0000] {logging_mixin.py:190} INFO - [2025-02-01T15:03:21.929+0000] {dagbag.py:588} INFO - Filling up the DagBag from /home/airflow/.local/lib/python3.12/site-packages/airflow/example_dags/example_sla_dag.py
[2025-02-01T15:03:21.936+0000] {processor.py:925} INFO - DAG(s) 'example_sla_dag' retrieved from /home/airflow/.local/lib/python3.12/site-packages/airflow/example_dags/example_sla_dag.py
[2025-02-01T15:03:21.945+0000] {logging_mixin.py:190} INFO - [2025-02-01T15:03:21.945+0000] {dag.py:3239} INFO - Sync 1 DAGs
[2025-02-01T15:03:21.957+0000] {logging_mixin.py:190} INFO - [2025-02-01T15:03:21.957+0000] {dag.py:4180} INFO - Setting next_dagrun for example_sla_dag to 2025-02-01 15:00:00+00:00, run_after=2025-02-01 15:02:00+00:00
[2025-02-01T15:03:21.963+0000] {processor.py:208} INFO - Processing /home/airflow/.local/lib/python3.12/site-packages/airflow/example_dags/example_sla_dag.py took 0.037 seconds
[2025-02-01T15:03:53.055+0000] {processor.py:186} INFO - Started process (PID=2412) to work on /home/airflow/.local/lib/python3.12/site-packages/airflow/example_dags/example_sla_dag.py
[2025-02-01T15:03:53.055+0000] {processor.py:914} INFO - Processing file /home/airflow/.local/lib/python3.12/site-packages/airflow/example_dags/example_sla_dag.py for tasks to queue
[2025-02-01T15:03:53.056+0000] {logging_mixin.py:190} INFO - [2025-02-01T15:03:53.056+0000] {dagbag.py:588} INFO - Filling up the DagBag from /home/airflow/.local/lib/python3.12/site-packages/airflow/example_dags/example_sla_dag.py
[2025-02-01T15:03:53.062+0000] {processor.py:925} INFO - DAG(s) 'example_sla_dag' retrieved from /home/airflow/.local/lib/python3.12/site-packages/airflow/example_dags/example_sla_dag.py
[2025-02-01T15:03:53.073+0000] {logging_mixin.py:190} INFO - [2025-02-01T15:03:53.073+0000] {dag.py:3239} INFO - Sync 1 DAGs
[2025-02-01T15:03:53.085+0000] {logging_mixin.py:190} INFO - [2025-02-01T15:03:53.085+0000] {dag.py:4180} INFO - Setting next_dagrun for example_sla_dag to 2025-02-01 15:00:00+00:00, run_after=2025-02-01 15:02:00+00:00
[2025-02-01T15:03:53.097+0000] {processor.py:208} INFO - Processing /home/airflow/.local/lib/python3.12/site-packages/airflow/example_dags/example_sla_dag.py took 0.045 seconds
[2025-02-01T15:04:24.359+0000] {processor.py:186} INFO - Started process (PID=2478) to work on /home/airflow/.local/lib/python3.12/site-packages/airflow/example_dags/example_sla_dag.py
[2025-02-01T15:04:24.361+0000] {processor.py:914} INFO - Processing file /home/airflow/.local/lib/python3.12/site-packages/airflow/example_dags/example_sla_dag.py for tasks to queue
[2025-02-01T15:04:24.363+0000] {logging_mixin.py:190} INFO - [2025-02-01T15:04:24.363+0000] {dagbag.py:588} INFO - Filling up the DagBag from /home/airflow/.local/lib/python3.12/site-packages/airflow/example_dags/example_sla_dag.py
[2025-02-01T15:04:24.369+0000] {processor.py:925} INFO - DAG(s) 'example_sla_dag' retrieved from /home/airflow/.local/lib/python3.12/site-packages/airflow/example_dags/example_sla_dag.py
[2025-02-01T15:04:24.379+0000] {logging_mixin.py:190} INFO - [2025-02-01T15:04:24.379+0000] {dag.py:3239} INFO - Sync 1 DAGs
[2025-02-01T15:04:24.391+0000] {logging_mixin.py:190} INFO - [2025-02-01T15:04:24.391+0000] {dag.py:4180} INFO - Setting next_dagrun for example_sla_dag to 2025-02-01 15:02:00+00:00, run_after=2025-02-01 15:04:00+00:00
[2025-02-01T15:04:24.400+0000] {processor.py:208} INFO - Processing /home/airflow/.local/lib/python3.12/site-packages/airflow/example_dags/example_sla_dag.py took 0.043 seconds
[2025-02-01T15:04:55.656+0000] {processor.py:186} INFO - Started process (PID=2544) to work on /home/airflow/.local/lib/python3.12/site-packages/airflow/example_dags/example_sla_dag.py
[2025-02-01T15:04:55.658+0000] {processor.py:914} INFO - Processing file /home/airflow/.local/lib/python3.12/site-packages/airflow/example_dags/example_sla_dag.py for tasks to queue
[2025-02-01T15:04:55.659+0000] {logging_mixin.py:190} INFO - [2025-02-01T15:04:55.659+0000] {dagbag.py:588} INFO - Filling up the DagBag from /home/airflow/.local/lib/python3.12/site-packages/airflow/example_dags/example_sla_dag.py
[2025-02-01T15:04:55.665+0000] {processor.py:925} INFO - DAG(s) 'example_sla_dag' retrieved from /home/airflow/.local/lib/python3.12/site-packages/airflow/example_dags/example_sla_dag.py
[2025-02-01T15:04:55.682+0000] {logging_mixin.py:190} INFO - [2025-02-01T15:04:55.682+0000] {dag.py:3239} INFO - Sync 1 DAGs
[2025-02-01T15:04:55.710+0000] {logging_mixin.py:190} INFO - [2025-02-01T15:04:55.710+0000] {dag.py:4180} INFO - Setting next_dagrun for example_sla_dag to 2025-02-01 15:02:00+00:00, run_after=2025-02-01 15:04:00+00:00
[2025-02-01T15:04:55.729+0000] {processor.py:208} INFO - Processing /home/airflow/.local/lib/python3.12/site-packages/airflow/example_dags/example_sla_dag.py took 0.076 seconds
[2025-02-01T15:05:26.338+0000] {processor.py:186} INFO - Started process (PID=2610) to work on /home/airflow/.local/lib/python3.12/site-packages/airflow/example_dags/example_sla_dag.py
[2025-02-01T15:05:26.338+0000] {processor.py:914} INFO - Processing file /home/airflow/.local/lib/python3.12/site-packages/airflow/example_dags/example_sla_dag.py for tasks to queue
[2025-02-01T15:05:26.339+0000] {logging_mixin.py:190} INFO - [2025-02-01T15:05:26.339+0000] {dagbag.py:588} INFO - Filling up the DagBag from /home/airflow/.local/lib/python3.12/site-packages/airflow/example_dags/example_sla_dag.py
[2025-02-01T15:05:26.344+0000] {processor.py:925} INFO - DAG(s) 'example_sla_dag' retrieved from /home/airflow/.local/lib/python3.12/site-packages/airflow/example_dags/example_sla_dag.py
[2025-02-01T15:05:26.352+0000] {logging_mixin.py:190} INFO - [2025-02-01T15:05:26.352+0000] {dag.py:3239} INFO - Sync 1 DAGs
[2025-02-01T15:05:26.363+0000] {logging_mixin.py:190} INFO - [2025-02-01T15:05:26.363+0000] {dag.py:4180} INFO - Setting next_dagrun for example_sla_dag to 2025-02-01 15:02:00+00:00, run_after=2025-02-01 15:04:00+00:00
[2025-02-01T15:05:26.374+0000] {processor.py:208} INFO - Processing /home/airflow/.local/lib/python3.12/site-packages/airflow/example_dags/example_sla_dag.py took 0.038 seconds
[2025-02-01T15:05:57.891+0000] {processor.py:186} INFO - Started process (PID=2676) to work on /home/airflow/.local/lib/python3.12/site-packages/airflow/example_dags/example_sla_dag.py
[2025-02-01T15:05:57.892+0000] {processor.py:914} INFO - Processing file /home/airflow/.local/lib/python3.12/site-packages/airflow/example_dags/example_sla_dag.py for tasks to queue
[2025-02-01T15:05:57.894+0000] {logging_mixin.py:190} INFO - [2025-02-01T15:05:57.894+0000] {dagbag.py:588} INFO - Filling up the DagBag from /home/airflow/.local/lib/python3.12/site-packages/airflow/example_dags/example_sla_dag.py
[2025-02-01T15:05:57.900+0000] {processor.py:925} INFO - DAG(s) 'example_sla_dag' retrieved from /home/airflow/.local/lib/python3.12/site-packages/airflow/example_dags/example_sla_dag.py
[2025-02-01T15:05:57.913+0000] {logging_mixin.py:190} INFO - [2025-02-01T15:05:57.913+0000] {dag.py:3239} INFO - Sync 1 DAGs
[2025-02-01T15:05:57.936+0000] {logging_mixin.py:190} INFO - [2025-02-01T15:05:57.936+0000] {dag.py:4180} INFO - Setting next_dagrun for example_sla_dag to 2025-02-01 15:02:00+00:00, run_after=2025-02-01 15:04:00+00:00
[2025-02-01T15:05:57.945+0000] {processor.py:208} INFO - Processing /home/airflow/.local/lib/python3.12/site-packages/airflow/example_dags/example_sla_dag.py took 0.060 seconds
[2025-02-01T15:06:28.786+0000] {processor.py:186} INFO - Started process (PID=2742) to work on /home/airflow/.local/lib/python3.12/site-packages/airflow/example_dags/example_sla_dag.py
[2025-02-01T15:06:28.786+0000] {processor.py:914} INFO - Processing file /home/airflow/.local/lib/python3.12/site-packages/airflow/example_dags/example_sla_dag.py for tasks to queue
[2025-02-01T15:06:28.787+0000] {logging_mixin.py:190} INFO - [2025-02-01T15:06:28.787+0000] {dagbag.py:588} INFO - Filling up the DagBag from /home/airflow/.local/lib/python3.12/site-packages/airflow/example_dags/example_sla_dag.py
[2025-02-01T15:06:28.791+0000] {processor.py:925} INFO - DAG(s) 'example_sla_dag' retrieved from /home/airflow/.local/lib/python3.12/site-packages/airflow/example_dags/example_sla_dag.py
[2025-02-01T15:06:28.799+0000] {logging_mixin.py:190} INFO - [2025-02-01T15:06:28.799+0000] {dag.py:3239} INFO - Sync 1 DAGs
[2025-02-01T15:06:28.808+0000] {logging_mixin.py:190} INFO - [2025-02-01T15:06:28.808+0000] {dag.py:4180} INFO - Setting next_dagrun for example_sla_dag to 2025-02-01 15:04:00+00:00, run_after=2025-02-01 15:06:00+00:00
[2025-02-01T15:06:28.818+0000] {processor.py:208} INFO - Processing /home/airflow/.local/lib/python3.12/site-packages/airflow/example_dags/example_sla_dag.py took 0.035 seconds
