[2025-02-01T13:35:16.864+0000] {processor.py:186} INFO - Started process (PID=98) to work on /home/airflow/.local/lib/python3.12/site-packages/airflow/example_dags/example_branch_labels.py
[2025-02-01T13:35:16.865+0000] {processor.py:914} INFO - Processing file /home/airflow/.local/lib/python3.12/site-packages/airflow/example_dags/example_branch_labels.py for tasks to queue
[2025-02-01T13:35:16.867+0000] {logging_mixin.py:190} INFO - [2025-02-01T13:35:16.867+0000] {dagbag.py:588} INFO - Filling up the DagBag from /home/airflow/.local/lib/python3.12/site-packages/airflow/example_dags/example_branch_labels.py
[2025-02-01T13:35:16.875+0000] {processor.py:925} INFO - DAG(s) 'example_branch_labels' retrieved from /home/airflow/.local/lib/python3.12/site-packages/airflow/example_dags/example_branch_labels.py
[2025-02-01T13:35:16.904+0000] {logging_mixin.py:190} INFO - [2025-02-01T13:35:16.903+0000] {dag.py:3239} INFO - Sync 1 DAGs
[2025-02-01T13:35:16.918+0000] {logging_mixin.py:190} INFO - [2025-02-01T13:35:16.918+0000] {dag.py:4180} INFO - Setting next_dagrun for example_branch_labels to 2025-01-31 00:00:00+00:00, run_after=2025-02-01 00:00:00+00:00
[2025-02-01T13:35:16.934+0000] {processor.py:208} INFO - Processing /home/airflow/.local/lib/python3.12/site-packages/airflow/example_dags/example_branch_labels.py took 0.074 seconds
[2025-02-01T13:35:47.223+0000] {processor.py:186} INFO - Started process (PID=164) to work on /home/airflow/.local/lib/python3.12/site-packages/airflow/example_dags/example_branch_labels.py
[2025-02-01T13:35:47.224+0000] {processor.py:914} INFO - Processing file /home/airflow/.local/lib/python3.12/site-packages/airflow/example_dags/example_branch_labels.py for tasks to queue
[2025-02-01T13:35:47.225+0000] {logging_mixin.py:190} INFO - [2025-02-01T13:35:47.225+0000] {dagbag.py:588} INFO - Filling up the DagBag from /home/airflow/.local/lib/python3.12/site-packages/airflow/example_dags/example_branch_labels.py
[2025-02-01T13:35:47.234+0000] {processor.py:925} INFO - DAG(s) 'example_branch_labels' retrieved from /home/airflow/.local/lib/python3.12/site-packages/airflow/example_dags/example_branch_labels.py
[2025-02-01T13:35:47.251+0000] {logging_mixin.py:190} INFO - [2025-02-01T13:35:47.250+0000] {dag.py:3239} INFO - Sync 1 DAGs
[2025-02-01T13:35:47.265+0000] {logging_mixin.py:190} INFO - [2025-02-01T13:35:47.265+0000] {dag.py:4180} INFO - Setting next_dagrun for example_branch_labels to 2025-01-31 00:00:00+00:00, run_after=2025-02-01 00:00:00+00:00
[2025-02-01T13:35:47.281+0000] {processor.py:208} INFO - Processing /home/airflow/.local/lib/python3.12/site-packages/airflow/example_dags/example_branch_labels.py took 0.061 seconds
[2025-02-01T13:36:18.172+0000] {processor.py:186} INFO - Started process (PID=230) to work on /home/airflow/.local/lib/python3.12/site-packages/airflow/example_dags/example_branch_labels.py
[2025-02-01T13:36:18.173+0000] {processor.py:914} INFO - Processing file /home/airflow/.local/lib/python3.12/site-packages/airflow/example_dags/example_branch_labels.py for tasks to queue
[2025-02-01T13:36:18.174+0000] {logging_mixin.py:190} INFO - [2025-02-01T13:36:18.174+0000] {dagbag.py:588} INFO - Filling up the DagBag from /home/airflow/.local/lib/python3.12/site-packages/airflow/example_dags/example_branch_labels.py
[2025-02-01T13:36:18.180+0000] {processor.py:925} INFO - DAG(s) 'example_branch_labels' retrieved from /home/airflow/.local/lib/python3.12/site-packages/airflow/example_dags/example_branch_labels.py
[2025-02-01T13:36:18.194+0000] {logging_mixin.py:190} INFO - [2025-02-01T13:36:18.194+0000] {dag.py:3239} INFO - Sync 1 DAGs
[2025-02-01T13:36:18.209+0000] {logging_mixin.py:190} INFO - [2025-02-01T13:36:18.209+0000] {dag.py:4180} INFO - Setting next_dagrun for example_branch_labels to 2025-01-31 00:00:00+00:00, run_after=2025-02-01 00:00:00+00:00
[2025-02-01T13:36:18.223+0000] {processor.py:208} INFO - Processing /home/airflow/.local/lib/python3.12/site-packages/airflow/example_dags/example_branch_labels.py took 0.054 seconds
[2025-02-01T13:36:49.060+0000] {processor.py:186} INFO - Started process (PID=296) to work on /home/airflow/.local/lib/python3.12/site-packages/airflow/example_dags/example_branch_labels.py
[2025-02-01T13:36:49.061+0000] {processor.py:914} INFO - Processing file /home/airflow/.local/lib/python3.12/site-packages/airflow/example_dags/example_branch_labels.py for tasks to queue
[2025-02-01T13:36:49.063+0000] {logging_mixin.py:190} INFO - [2025-02-01T13:36:49.063+0000] {dagbag.py:588} INFO - Filling up the DagBag from /home/airflow/.local/lib/python3.12/site-packages/airflow/example_dags/example_branch_labels.py
[2025-02-01T13:36:49.072+0000] {processor.py:925} INFO - DAG(s) 'example_branch_labels' retrieved from /home/airflow/.local/lib/python3.12/site-packages/airflow/example_dags/example_branch_labels.py
[2025-02-01T13:36:49.086+0000] {logging_mixin.py:190} INFO - [2025-02-01T13:36:49.086+0000] {dag.py:3239} INFO - Sync 1 DAGs
[2025-02-01T13:36:49.102+0000] {logging_mixin.py:190} INFO - [2025-02-01T13:36:49.102+0000] {dag.py:4180} INFO - Setting next_dagrun for example_branch_labels to 2025-01-31 00:00:00+00:00, run_after=2025-02-01 00:00:00+00:00
[2025-02-01T13:36:49.117+0000] {processor.py:208} INFO - Processing /home/airflow/.local/lib/python3.12/site-packages/airflow/example_dags/example_branch_labels.py took 0.060 seconds
[2025-02-01T13:37:19.779+0000] {processor.py:186} INFO - Started process (PID=362) to work on /home/airflow/.local/lib/python3.12/site-packages/airflow/example_dags/example_branch_labels.py
[2025-02-01T13:37:19.782+0000] {processor.py:914} INFO - Processing file /home/airflow/.local/lib/python3.12/site-packages/airflow/example_dags/example_branch_labels.py for tasks to queue
[2025-02-01T13:37:19.783+0000] {logging_mixin.py:190} INFO - [2025-02-01T13:37:19.783+0000] {dagbag.py:588} INFO - Filling up the DagBag from /home/airflow/.local/lib/python3.12/site-packages/airflow/example_dags/example_branch_labels.py
[2025-02-01T13:37:19.794+0000] {processor.py:925} INFO - DAG(s) 'example_branch_labels' retrieved from /home/airflow/.local/lib/python3.12/site-packages/airflow/example_dags/example_branch_labels.py
[2025-02-01T13:37:19.811+0000] {logging_mixin.py:190} INFO - [2025-02-01T13:37:19.811+0000] {dag.py:3239} INFO - Sync 1 DAGs
[2025-02-01T13:37:19.825+0000] {logging_mixin.py:190} INFO - [2025-02-01T13:37:19.825+0000] {dag.py:4180} INFO - Setting next_dagrun for example_branch_labels to 2025-01-31 00:00:00+00:00, run_after=2025-02-01 00:00:00+00:00
[2025-02-01T13:37:19.839+0000] {processor.py:208} INFO - Processing /home/airflow/.local/lib/python3.12/site-packages/airflow/example_dags/example_branch_labels.py took 0.063 seconds
[2025-02-01T13:37:50.312+0000] {processor.py:186} INFO - Started process (PID=428) to work on /home/airflow/.local/lib/python3.12/site-packages/airflow/example_dags/example_branch_labels.py
[2025-02-01T13:37:50.315+0000] {processor.py:914} INFO - Processing file /home/airflow/.local/lib/python3.12/site-packages/airflow/example_dags/example_branch_labels.py for tasks to queue
[2025-02-01T13:37:50.317+0000] {logging_mixin.py:190} INFO - [2025-02-01T13:37:50.317+0000] {dagbag.py:588} INFO - Filling up the DagBag from /home/airflow/.local/lib/python3.12/site-packages/airflow/example_dags/example_branch_labels.py
[2025-02-01T13:37:50.329+0000] {processor.py:925} INFO - DAG(s) 'example_branch_labels' retrieved from /home/airflow/.local/lib/python3.12/site-packages/airflow/example_dags/example_branch_labels.py
[2025-02-01T13:37:50.356+0000] {logging_mixin.py:190} INFO - [2025-02-01T13:37:50.353+0000] {dag.py:3239} INFO - Sync 1 DAGs
[2025-02-01T13:37:50.378+0000] {logging_mixin.py:190} INFO - [2025-02-01T13:37:50.377+0000] {dag.py:4180} INFO - Setting next_dagrun for example_branch_labels to 2025-01-31 00:00:00+00:00, run_after=2025-02-01 00:00:00+00:00
[2025-02-01T13:37:50.397+0000] {processor.py:208} INFO - Processing /home/airflow/.local/lib/python3.12/site-packages/airflow/example_dags/example_branch_labels.py took 0.091 seconds
[2025-02-01T13:38:20.834+0000] {processor.py:186} INFO - Started process (PID=494) to work on /home/airflow/.local/lib/python3.12/site-packages/airflow/example_dags/example_branch_labels.py
[2025-02-01T13:38:20.835+0000] {processor.py:914} INFO - Processing file /home/airflow/.local/lib/python3.12/site-packages/airflow/example_dags/example_branch_labels.py for tasks to queue
[2025-02-01T13:38:20.836+0000] {logging_mixin.py:190} INFO - [2025-02-01T13:38:20.836+0000] {dagbag.py:588} INFO - Filling up the DagBag from /home/airflow/.local/lib/python3.12/site-packages/airflow/example_dags/example_branch_labels.py
[2025-02-01T13:38:20.842+0000] {processor.py:925} INFO - DAG(s) 'example_branch_labels' retrieved from /home/airflow/.local/lib/python3.12/site-packages/airflow/example_dags/example_branch_labels.py
[2025-02-01T13:38:20.861+0000] {logging_mixin.py:190} INFO - [2025-02-01T13:38:20.860+0000] {dag.py:3239} INFO - Sync 1 DAGs
[2025-02-01T13:38:20.884+0000] {logging_mixin.py:190} INFO - [2025-02-01T13:38:20.883+0000] {dag.py:4180} INFO - Setting next_dagrun for example_branch_labels to 2025-01-31 00:00:00+00:00, run_after=2025-02-01 00:00:00+00:00
[2025-02-01T13:38:20.901+0000] {processor.py:208} INFO - Processing /home/airflow/.local/lib/python3.12/site-packages/airflow/example_dags/example_branch_labels.py took 0.070 seconds
[2025-02-01T13:38:51.714+0000] {processor.py:186} INFO - Started process (PID=560) to work on /home/airflow/.local/lib/python3.12/site-packages/airflow/example_dags/example_branch_labels.py
[2025-02-01T13:38:51.714+0000] {processor.py:914} INFO - Processing file /home/airflow/.local/lib/python3.12/site-packages/airflow/example_dags/example_branch_labels.py for tasks to queue
[2025-02-01T13:38:51.715+0000] {logging_mixin.py:190} INFO - [2025-02-01T13:38:51.715+0000] {dagbag.py:588} INFO - Filling up the DagBag from /home/airflow/.local/lib/python3.12/site-packages/airflow/example_dags/example_branch_labels.py
[2025-02-01T13:38:51.720+0000] {processor.py:925} INFO - DAG(s) 'example_branch_labels' retrieved from /home/airflow/.local/lib/python3.12/site-packages/airflow/example_dags/example_branch_labels.py
[2025-02-01T13:38:51.728+0000] {logging_mixin.py:190} INFO - [2025-02-01T13:38:51.728+0000] {dag.py:3239} INFO - Sync 1 DAGs
[2025-02-01T13:38:51.737+0000] {logging_mixin.py:190} INFO - [2025-02-01T13:38:51.737+0000] {dag.py:4180} INFO - Setting next_dagrun for example_branch_labels to 2025-01-31 00:00:00+00:00, run_after=2025-02-01 00:00:00+00:00
[2025-02-01T13:38:51.743+0000] {processor.py:208} INFO - Processing /home/airflow/.local/lib/python3.12/site-packages/airflow/example_dags/example_branch_labels.py took 0.031 seconds
[2025-02-01T13:39:22.934+0000] {processor.py:186} INFO - Started process (PID=626) to work on /home/airflow/.local/lib/python3.12/site-packages/airflow/example_dags/example_branch_labels.py
[2025-02-01T13:39:22.935+0000] {processor.py:914} INFO - Processing file /home/airflow/.local/lib/python3.12/site-packages/airflow/example_dags/example_branch_labels.py for tasks to queue
[2025-02-01T13:39:22.936+0000] {logging_mixin.py:190} INFO - [2025-02-01T13:39:22.936+0000] {dagbag.py:588} INFO - Filling up the DagBag from /home/airflow/.local/lib/python3.12/site-packages/airflow/example_dags/example_branch_labels.py
[2025-02-01T13:39:22.943+0000] {processor.py:925} INFO - DAG(s) 'example_branch_labels' retrieved from /home/airflow/.local/lib/python3.12/site-packages/airflow/example_dags/example_branch_labels.py
[2025-02-01T13:39:22.958+0000] {logging_mixin.py:190} INFO - [2025-02-01T13:39:22.958+0000] {dag.py:3239} INFO - Sync 1 DAGs
[2025-02-01T13:39:22.971+0000] {logging_mixin.py:190} INFO - [2025-02-01T13:39:22.971+0000] {dag.py:4180} INFO - Setting next_dagrun for example_branch_labels to 2025-01-31 00:00:00+00:00, run_after=2025-02-01 00:00:00+00:00
[2025-02-01T13:39:22.985+0000] {processor.py:208} INFO - Processing /home/airflow/.local/lib/python3.12/site-packages/airflow/example_dags/example_branch_labels.py took 0.054 seconds
[2025-02-01T13:39:53.459+0000] {processor.py:186} INFO - Started process (PID=692) to work on /home/airflow/.local/lib/python3.12/site-packages/airflow/example_dags/example_branch_labels.py
[2025-02-01T13:39:53.460+0000] {processor.py:914} INFO - Processing file /home/airflow/.local/lib/python3.12/site-packages/airflow/example_dags/example_branch_labels.py for tasks to queue
[2025-02-01T13:39:53.461+0000] {logging_mixin.py:190} INFO - [2025-02-01T13:39:53.460+0000] {dagbag.py:588} INFO - Filling up the DagBag from /home/airflow/.local/lib/python3.12/site-packages/airflow/example_dags/example_branch_labels.py
[2025-02-01T13:39:53.465+0000] {processor.py:925} INFO - DAG(s) 'example_branch_labels' retrieved from /home/airflow/.local/lib/python3.12/site-packages/airflow/example_dags/example_branch_labels.py
[2025-02-01T13:39:53.477+0000] {logging_mixin.py:190} INFO - [2025-02-01T13:39:53.477+0000] {dag.py:3239} INFO - Sync 1 DAGs
[2025-02-01T13:39:53.493+0000] {logging_mixin.py:190} INFO - [2025-02-01T13:39:53.493+0000] {dag.py:4180} INFO - Setting next_dagrun for example_branch_labels to 2025-01-31 00:00:00+00:00, run_after=2025-02-01 00:00:00+00:00
[2025-02-01T13:39:53.505+0000] {processor.py:208} INFO - Processing /home/airflow/.local/lib/python3.12/site-packages/airflow/example_dags/example_branch_labels.py took 0.048 seconds
[2025-02-01T13:40:24.334+0000] {processor.py:186} INFO - Started process (PID=758) to work on /home/airflow/.local/lib/python3.12/site-packages/airflow/example_dags/example_branch_labels.py
[2025-02-01T13:40:24.335+0000] {processor.py:914} INFO - Processing file /home/airflow/.local/lib/python3.12/site-packages/airflow/example_dags/example_branch_labels.py for tasks to queue
[2025-02-01T13:40:24.337+0000] {logging_mixin.py:190} INFO - [2025-02-01T13:40:24.336+0000] {dagbag.py:588} INFO - Filling up the DagBag from /home/airflow/.local/lib/python3.12/site-packages/airflow/example_dags/example_branch_labels.py
[2025-02-01T13:40:24.341+0000] {processor.py:925} INFO - DAG(s) 'example_branch_labels' retrieved from /home/airflow/.local/lib/python3.12/site-packages/airflow/example_dags/example_branch_labels.py
[2025-02-01T13:40:24.352+0000] {logging_mixin.py:190} INFO - [2025-02-01T13:40:24.352+0000] {dag.py:3239} INFO - Sync 1 DAGs
[2025-02-01T13:40:24.362+0000] {logging_mixin.py:190} INFO - [2025-02-01T13:40:24.362+0000] {dag.py:4180} INFO - Setting next_dagrun for example_branch_labels to 2025-01-31 00:00:00+00:00, run_after=2025-02-01 00:00:00+00:00
[2025-02-01T13:40:24.376+0000] {processor.py:208} INFO - Processing /home/airflow/.local/lib/python3.12/site-packages/airflow/example_dags/example_branch_labels.py took 0.044 seconds
[2025-02-01T13:40:55.331+0000] {processor.py:186} INFO - Started process (PID=824) to work on /home/airflow/.local/lib/python3.12/site-packages/airflow/example_dags/example_branch_labels.py
[2025-02-01T13:40:55.331+0000] {processor.py:914} INFO - Processing file /home/airflow/.local/lib/python3.12/site-packages/airflow/example_dags/example_branch_labels.py for tasks to queue
[2025-02-01T13:40:55.332+0000] {logging_mixin.py:190} INFO - [2025-02-01T13:40:55.332+0000] {dagbag.py:588} INFO - Filling up the DagBag from /home/airflow/.local/lib/python3.12/site-packages/airflow/example_dags/example_branch_labels.py
[2025-02-01T13:40:55.337+0000] {processor.py:925} INFO - DAG(s) 'example_branch_labels' retrieved from /home/airflow/.local/lib/python3.12/site-packages/airflow/example_dags/example_branch_labels.py
[2025-02-01T13:40:55.346+0000] {logging_mixin.py:190} INFO - [2025-02-01T13:40:55.346+0000] {dag.py:3239} INFO - Sync 1 DAGs
[2025-02-01T13:40:55.355+0000] {logging_mixin.py:190} INFO - [2025-02-01T13:40:55.355+0000] {dag.py:4180} INFO - Setting next_dagrun for example_branch_labels to 2025-01-31 00:00:00+00:00, run_after=2025-02-01 00:00:00+00:00
[2025-02-01T13:40:55.361+0000] {processor.py:208} INFO - Processing /home/airflow/.local/lib/python3.12/site-packages/airflow/example_dags/example_branch_labels.py took 0.033 seconds
[2025-02-01T13:41:26.740+0000] {processor.py:186} INFO - Started process (PID=890) to work on /home/airflow/.local/lib/python3.12/site-packages/airflow/example_dags/example_branch_labels.py
[2025-02-01T13:41:26.741+0000] {processor.py:914} INFO - Processing file /home/airflow/.local/lib/python3.12/site-packages/airflow/example_dags/example_branch_labels.py for tasks to queue
[2025-02-01T13:41:26.743+0000] {logging_mixin.py:190} INFO - [2025-02-01T13:41:26.743+0000] {dagbag.py:588} INFO - Filling up the DagBag from /home/airflow/.local/lib/python3.12/site-packages/airflow/example_dags/example_branch_labels.py
[2025-02-01T13:41:26.755+0000] {processor.py:925} INFO - DAG(s) 'example_branch_labels' retrieved from /home/airflow/.local/lib/python3.12/site-packages/airflow/example_dags/example_branch_labels.py
[2025-02-01T13:41:26.776+0000] {logging_mixin.py:190} INFO - [2025-02-01T13:41:26.776+0000] {dag.py:3239} INFO - Sync 1 DAGs
[2025-02-01T13:41:26.798+0000] {logging_mixin.py:190} INFO - [2025-02-01T13:41:26.797+0000] {dag.py:4180} INFO - Setting next_dagrun for example_branch_labels to 2025-01-31 00:00:00+00:00, run_after=2025-02-01 00:00:00+00:00
[2025-02-01T13:41:26.814+0000] {processor.py:208} INFO - Processing /home/airflow/.local/lib/python3.12/site-packages/airflow/example_dags/example_branch_labels.py took 0.077 seconds
[2025-02-01T13:41:57.330+0000] {processor.py:186} INFO - Started process (PID=956) to work on /home/airflow/.local/lib/python3.12/site-packages/airflow/example_dags/example_branch_labels.py
[2025-02-01T13:41:57.330+0000] {processor.py:914} INFO - Processing file /home/airflow/.local/lib/python3.12/site-packages/airflow/example_dags/example_branch_labels.py for tasks to queue
[2025-02-01T13:41:57.331+0000] {logging_mixin.py:190} INFO - [2025-02-01T13:41:57.331+0000] {dagbag.py:588} INFO - Filling up the DagBag from /home/airflow/.local/lib/python3.12/site-packages/airflow/example_dags/example_branch_labels.py
[2025-02-01T13:41:57.336+0000] {processor.py:925} INFO - DAG(s) 'example_branch_labels' retrieved from /home/airflow/.local/lib/python3.12/site-packages/airflow/example_dags/example_branch_labels.py
[2025-02-01T13:41:57.349+0000] {logging_mixin.py:190} INFO - [2025-02-01T13:41:57.348+0000] {dag.py:3239} INFO - Sync 1 DAGs
[2025-02-01T13:41:57.364+0000] {logging_mixin.py:190} INFO - [2025-02-01T13:41:57.364+0000] {dag.py:4180} INFO - Setting next_dagrun for example_branch_labels to 2025-01-31 00:00:00+00:00, run_after=2025-02-01 00:00:00+00:00
[2025-02-01T13:41:57.378+0000] {processor.py:208} INFO - Processing /home/airflow/.local/lib/python3.12/site-packages/airflow/example_dags/example_branch_labels.py took 0.052 seconds
[2025-02-01T14:45:46.612+0000] {processor.py:186} INFO - Started process (PID=101) to work on /home/airflow/.local/lib/python3.12/site-packages/airflow/example_dags/example_branch_labels.py
[2025-02-01T14:45:46.612+0000] {processor.py:914} INFO - Processing file /home/airflow/.local/lib/python3.12/site-packages/airflow/example_dags/example_branch_labels.py for tasks to queue
[2025-02-01T14:45:46.613+0000] {logging_mixin.py:190} INFO - [2025-02-01T14:45:46.613+0000] {dagbag.py:588} INFO - Filling up the DagBag from /home/airflow/.local/lib/python3.12/site-packages/airflow/example_dags/example_branch_labels.py
[2025-02-01T14:45:46.619+0000] {processor.py:925} INFO - DAG(s) 'example_branch_labels' retrieved from /home/airflow/.local/lib/python3.12/site-packages/airflow/example_dags/example_branch_labels.py
[2025-02-01T14:45:46.638+0000] {logging_mixin.py:190} INFO - [2025-02-01T14:45:46.638+0000] {dag.py:3239} INFO - Sync 1 DAGs
[2025-02-01T14:45:46.655+0000] {logging_mixin.py:190} INFO - [2025-02-01T14:45:46.655+0000] {dag.py:4180} INFO - Setting next_dagrun for example_branch_labels to 2025-01-31 00:00:00+00:00, run_after=2025-02-01 00:00:00+00:00
[2025-02-01T14:45:46.669+0000] {processor.py:208} INFO - Processing /home/airflow/.local/lib/python3.12/site-packages/airflow/example_dags/example_branch_labels.py took 0.061 seconds
[2025-02-01T14:46:17.218+0000] {processor.py:186} INFO - Started process (PID=166) to work on /home/airflow/.local/lib/python3.12/site-packages/airflow/example_dags/example_branch_labels.py
[2025-02-01T14:46:17.222+0000] {processor.py:914} INFO - Processing file /home/airflow/.local/lib/python3.12/site-packages/airflow/example_dags/example_branch_labels.py for tasks to queue
[2025-02-01T14:46:17.225+0000] {logging_mixin.py:190} INFO - [2025-02-01T14:46:17.225+0000] {dagbag.py:588} INFO - Filling up the DagBag from /home/airflow/.local/lib/python3.12/site-packages/airflow/example_dags/example_branch_labels.py
[2025-02-01T14:46:17.230+0000] {processor.py:925} INFO - DAG(s) 'example_branch_labels' retrieved from /home/airflow/.local/lib/python3.12/site-packages/airflow/example_dags/example_branch_labels.py
[2025-02-01T14:46:17.247+0000] {logging_mixin.py:190} INFO - [2025-02-01T14:46:17.247+0000] {dag.py:3239} INFO - Sync 1 DAGs
[2025-02-01T14:46:17.260+0000] {logging_mixin.py:190} INFO - [2025-02-01T14:46:17.260+0000] {dag.py:4180} INFO - Setting next_dagrun for example_branch_labels to 2025-01-31 00:00:00+00:00, run_after=2025-02-01 00:00:00+00:00
[2025-02-01T14:46:17.273+0000] {processor.py:208} INFO - Processing /home/airflow/.local/lib/python3.12/site-packages/airflow/example_dags/example_branch_labels.py took 0.060 seconds
[2025-02-01T14:46:48.292+0000] {processor.py:186} INFO - Started process (PID=232) to work on /home/airflow/.local/lib/python3.12/site-packages/airflow/example_dags/example_branch_labels.py
[2025-02-01T14:46:48.292+0000] {processor.py:914} INFO - Processing file /home/airflow/.local/lib/python3.12/site-packages/airflow/example_dags/example_branch_labels.py for tasks to queue
[2025-02-01T14:46:48.294+0000] {logging_mixin.py:190} INFO - [2025-02-01T14:46:48.294+0000] {dagbag.py:588} INFO - Filling up the DagBag from /home/airflow/.local/lib/python3.12/site-packages/airflow/example_dags/example_branch_labels.py
[2025-02-01T14:46:48.299+0000] {processor.py:925} INFO - DAG(s) 'example_branch_labels' retrieved from /home/airflow/.local/lib/python3.12/site-packages/airflow/example_dags/example_branch_labels.py
[2025-02-01T14:46:48.311+0000] {logging_mixin.py:190} INFO - [2025-02-01T14:46:48.311+0000] {dag.py:3239} INFO - Sync 1 DAGs
[2025-02-01T14:46:48.321+0000] {logging_mixin.py:190} INFO - [2025-02-01T14:46:48.321+0000] {dag.py:4180} INFO - Setting next_dagrun for example_branch_labels to 2025-01-31 00:00:00+00:00, run_after=2025-02-01 00:00:00+00:00
[2025-02-01T14:46:48.329+0000] {processor.py:208} INFO - Processing /home/airflow/.local/lib/python3.12/site-packages/airflow/example_dags/example_branch_labels.py took 0.040 seconds
[2025-02-01T14:47:19.202+0000] {processor.py:186} INFO - Started process (PID=298) to work on /home/airflow/.local/lib/python3.12/site-packages/airflow/example_dags/example_branch_labels.py
[2025-02-01T14:47:19.203+0000] {processor.py:914} INFO - Processing file /home/airflow/.local/lib/python3.12/site-packages/airflow/example_dags/example_branch_labels.py for tasks to queue
[2025-02-01T14:47:19.204+0000] {logging_mixin.py:190} INFO - [2025-02-01T14:47:19.204+0000] {dagbag.py:588} INFO - Filling up the DagBag from /home/airflow/.local/lib/python3.12/site-packages/airflow/example_dags/example_branch_labels.py
[2025-02-01T14:47:19.209+0000] {processor.py:925} INFO - DAG(s) 'example_branch_labels' retrieved from /home/airflow/.local/lib/python3.12/site-packages/airflow/example_dags/example_branch_labels.py
[2025-02-01T14:47:19.218+0000] {logging_mixin.py:190} INFO - [2025-02-01T14:47:19.218+0000] {dag.py:3239} INFO - Sync 1 DAGs
[2025-02-01T14:47:19.232+0000] {logging_mixin.py:190} INFO - [2025-02-01T14:47:19.232+0000] {dag.py:4180} INFO - Setting next_dagrun for example_branch_labels to 2025-01-31 00:00:00+00:00, run_after=2025-02-01 00:00:00+00:00
[2025-02-01T14:47:19.238+0000] {processor.py:208} INFO - Processing /home/airflow/.local/lib/python3.12/site-packages/airflow/example_dags/example_branch_labels.py took 0.039 seconds
[2025-02-01T14:47:50.436+0000] {processor.py:186} INFO - Started process (PID=364) to work on /home/airflow/.local/lib/python3.12/site-packages/airflow/example_dags/example_branch_labels.py
[2025-02-01T14:47:50.436+0000] {processor.py:914} INFO - Processing file /home/airflow/.local/lib/python3.12/site-packages/airflow/example_dags/example_branch_labels.py for tasks to queue
[2025-02-01T14:47:50.437+0000] {logging_mixin.py:190} INFO - [2025-02-01T14:47:50.437+0000] {dagbag.py:588} INFO - Filling up the DagBag from /home/airflow/.local/lib/python3.12/site-packages/airflow/example_dags/example_branch_labels.py
[2025-02-01T14:47:50.443+0000] {processor.py:925} INFO - DAG(s) 'example_branch_labels' retrieved from /home/airflow/.local/lib/python3.12/site-packages/airflow/example_dags/example_branch_labels.py
[2025-02-01T14:47:50.452+0000] {logging_mixin.py:190} INFO - [2025-02-01T14:47:50.452+0000] {dag.py:3239} INFO - Sync 1 DAGs
[2025-02-01T14:47:50.461+0000] {logging_mixin.py:190} INFO - [2025-02-01T14:47:50.461+0000] {dag.py:4180} INFO - Setting next_dagrun for example_branch_labels to 2025-01-31 00:00:00+00:00, run_after=2025-02-01 00:00:00+00:00
[2025-02-01T14:47:50.468+0000] {processor.py:208} INFO - Processing /home/airflow/.local/lib/python3.12/site-packages/airflow/example_dags/example_branch_labels.py took 0.035 seconds
[2025-02-01T14:48:21.282+0000] {processor.py:186} INFO - Started process (PID=430) to work on /home/airflow/.local/lib/python3.12/site-packages/airflow/example_dags/example_branch_labels.py
[2025-02-01T14:48:21.283+0000] {processor.py:914} INFO - Processing file /home/airflow/.local/lib/python3.12/site-packages/airflow/example_dags/example_branch_labels.py for tasks to queue
[2025-02-01T14:48:21.284+0000] {logging_mixin.py:190} INFO - [2025-02-01T14:48:21.284+0000] {dagbag.py:588} INFO - Filling up the DagBag from /home/airflow/.local/lib/python3.12/site-packages/airflow/example_dags/example_branch_labels.py
[2025-02-01T14:48:21.289+0000] {processor.py:925} INFO - DAG(s) 'example_branch_labels' retrieved from /home/airflow/.local/lib/python3.12/site-packages/airflow/example_dags/example_branch_labels.py
[2025-02-01T14:48:21.300+0000] {logging_mixin.py:190} INFO - [2025-02-01T14:48:21.299+0000] {dag.py:3239} INFO - Sync 1 DAGs
[2025-02-01T14:48:21.313+0000] {logging_mixin.py:190} INFO - [2025-02-01T14:48:21.313+0000] {dag.py:4180} INFO - Setting next_dagrun for example_branch_labels to 2025-01-31 00:00:00+00:00, run_after=2025-02-01 00:00:00+00:00
[2025-02-01T14:48:21.321+0000] {processor.py:208} INFO - Processing /home/airflow/.local/lib/python3.12/site-packages/airflow/example_dags/example_branch_labels.py took 0.042 seconds
[2025-02-01T14:48:52.298+0000] {processor.py:186} INFO - Started process (PID=496) to work on /home/airflow/.local/lib/python3.12/site-packages/airflow/example_dags/example_branch_labels.py
[2025-02-01T14:48:52.299+0000] {processor.py:914} INFO - Processing file /home/airflow/.local/lib/python3.12/site-packages/airflow/example_dags/example_branch_labels.py for tasks to queue
[2025-02-01T14:48:52.300+0000] {logging_mixin.py:190} INFO - [2025-02-01T14:48:52.300+0000] {dagbag.py:588} INFO - Filling up the DagBag from /home/airflow/.local/lib/python3.12/site-packages/airflow/example_dags/example_branch_labels.py
[2025-02-01T14:48:52.305+0000] {processor.py:925} INFO - DAG(s) 'example_branch_labels' retrieved from /home/airflow/.local/lib/python3.12/site-packages/airflow/example_dags/example_branch_labels.py
[2025-02-01T14:48:52.317+0000] {logging_mixin.py:190} INFO - [2025-02-01T14:48:52.317+0000] {dag.py:3239} INFO - Sync 1 DAGs
[2025-02-01T14:48:52.329+0000] {logging_mixin.py:190} INFO - [2025-02-01T14:48:52.329+0000] {dag.py:4180} INFO - Setting next_dagrun for example_branch_labels to 2025-01-31 00:00:00+00:00, run_after=2025-02-01 00:00:00+00:00
[2025-02-01T14:48:52.338+0000] {processor.py:208} INFO - Processing /home/airflow/.local/lib/python3.12/site-packages/airflow/example_dags/example_branch_labels.py took 0.044 seconds
[2025-02-01T14:49:23.326+0000] {processor.py:186} INFO - Started process (PID=562) to work on /home/airflow/.local/lib/python3.12/site-packages/airflow/example_dags/example_branch_labels.py
[2025-02-01T14:49:23.327+0000] {processor.py:914} INFO - Processing file /home/airflow/.local/lib/python3.12/site-packages/airflow/example_dags/example_branch_labels.py for tasks to queue
[2025-02-01T14:49:23.328+0000] {logging_mixin.py:190} INFO - [2025-02-01T14:49:23.328+0000] {dagbag.py:588} INFO - Filling up the DagBag from /home/airflow/.local/lib/python3.12/site-packages/airflow/example_dags/example_branch_labels.py
[2025-02-01T14:49:23.333+0000] {processor.py:925} INFO - DAG(s) 'example_branch_labels' retrieved from /home/airflow/.local/lib/python3.12/site-packages/airflow/example_dags/example_branch_labels.py
[2025-02-01T14:49:23.342+0000] {logging_mixin.py:190} INFO - [2025-02-01T14:49:23.342+0000] {dag.py:3239} INFO - Sync 1 DAGs
[2025-02-01T14:49:23.351+0000] {logging_mixin.py:190} INFO - [2025-02-01T14:49:23.351+0000] {dag.py:4180} INFO - Setting next_dagrun for example_branch_labels to 2025-01-31 00:00:00+00:00, run_after=2025-02-01 00:00:00+00:00
[2025-02-01T14:49:23.360+0000] {processor.py:208} INFO - Processing /home/airflow/.local/lib/python3.12/site-packages/airflow/example_dags/example_branch_labels.py took 0.036 seconds
[2025-02-01T14:49:54.479+0000] {processor.py:186} INFO - Started process (PID=628) to work on /home/airflow/.local/lib/python3.12/site-packages/airflow/example_dags/example_branch_labels.py
[2025-02-01T14:49:54.480+0000] {processor.py:914} INFO - Processing file /home/airflow/.local/lib/python3.12/site-packages/airflow/example_dags/example_branch_labels.py for tasks to queue
[2025-02-01T14:49:54.481+0000] {logging_mixin.py:190} INFO - [2025-02-01T14:49:54.480+0000] {dagbag.py:588} INFO - Filling up the DagBag from /home/airflow/.local/lib/python3.12/site-packages/airflow/example_dags/example_branch_labels.py
[2025-02-01T14:49:54.488+0000] {processor.py:925} INFO - DAG(s) 'example_branch_labels' retrieved from /home/airflow/.local/lib/python3.12/site-packages/airflow/example_dags/example_branch_labels.py
[2025-02-01T14:49:54.502+0000] {logging_mixin.py:190} INFO - [2025-02-01T14:49:54.502+0000] {dag.py:3239} INFO - Sync 1 DAGs
[2025-02-01T14:49:54.512+0000] {logging_mixin.py:190} INFO - [2025-02-01T14:49:54.512+0000] {dag.py:4180} INFO - Setting next_dagrun for example_branch_labels to 2025-01-31 00:00:00+00:00, run_after=2025-02-01 00:00:00+00:00
[2025-02-01T14:49:54.523+0000] {processor.py:208} INFO - Processing /home/airflow/.local/lib/python3.12/site-packages/airflow/example_dags/example_branch_labels.py took 0.047 seconds
[2025-02-01T14:50:25.247+0000] {processor.py:186} INFO - Started process (PID=694) to work on /home/airflow/.local/lib/python3.12/site-packages/airflow/example_dags/example_branch_labels.py
[2025-02-01T14:50:25.247+0000] {processor.py:914} INFO - Processing file /home/airflow/.local/lib/python3.12/site-packages/airflow/example_dags/example_branch_labels.py for tasks to queue
[2025-02-01T14:50:25.248+0000] {logging_mixin.py:190} INFO - [2025-02-01T14:50:25.248+0000] {dagbag.py:588} INFO - Filling up the DagBag from /home/airflow/.local/lib/python3.12/site-packages/airflow/example_dags/example_branch_labels.py
[2025-02-01T14:50:25.253+0000] {processor.py:925} INFO - DAG(s) 'example_branch_labels' retrieved from /home/airflow/.local/lib/python3.12/site-packages/airflow/example_dags/example_branch_labels.py
[2025-02-01T14:50:25.263+0000] {logging_mixin.py:190} INFO - [2025-02-01T14:50:25.263+0000] {dag.py:3239} INFO - Sync 1 DAGs
[2025-02-01T14:50:25.273+0000] {logging_mixin.py:190} INFO - [2025-02-01T14:50:25.273+0000] {dag.py:4180} INFO - Setting next_dagrun for example_branch_labels to 2025-01-31 00:00:00+00:00, run_after=2025-02-01 00:00:00+00:00
[2025-02-01T14:50:25.279+0000] {processor.py:208} INFO - Processing /home/airflow/.local/lib/python3.12/site-packages/airflow/example_dags/example_branch_labels.py took 0.035 seconds
[2025-02-01T14:50:56.386+0000] {processor.py:186} INFO - Started process (PID=760) to work on /home/airflow/.local/lib/python3.12/site-packages/airflow/example_dags/example_branch_labels.py
[2025-02-01T14:50:56.390+0000] {processor.py:914} INFO - Processing file /home/airflow/.local/lib/python3.12/site-packages/airflow/example_dags/example_branch_labels.py for tasks to queue
[2025-02-01T14:50:56.392+0000] {logging_mixin.py:190} INFO - [2025-02-01T14:50:56.392+0000] {dagbag.py:588} INFO - Filling up the DagBag from /home/airflow/.local/lib/python3.12/site-packages/airflow/example_dags/example_branch_labels.py
[2025-02-01T14:50:56.398+0000] {processor.py:925} INFO - DAG(s) 'example_branch_labels' retrieved from /home/airflow/.local/lib/python3.12/site-packages/airflow/example_dags/example_branch_labels.py
[2025-02-01T14:50:56.418+0000] {logging_mixin.py:190} INFO - [2025-02-01T14:50:56.418+0000] {dag.py:3239} INFO - Sync 1 DAGs
[2025-02-01T14:50:56.429+0000] {logging_mixin.py:190} INFO - [2025-02-01T14:50:56.429+0000] {dag.py:4180} INFO - Setting next_dagrun for example_branch_labels to 2025-01-31 00:00:00+00:00, run_after=2025-02-01 00:00:00+00:00
[2025-02-01T14:50:56.437+0000] {processor.py:208} INFO - Processing /home/airflow/.local/lib/python3.12/site-packages/airflow/example_dags/example_branch_labels.py took 0.055 seconds
[2025-02-01T14:51:27.534+0000] {processor.py:186} INFO - Started process (PID=826) to work on /home/airflow/.local/lib/python3.12/site-packages/airflow/example_dags/example_branch_labels.py
[2025-02-01T14:51:27.534+0000] {processor.py:914} INFO - Processing file /home/airflow/.local/lib/python3.12/site-packages/airflow/example_dags/example_branch_labels.py for tasks to queue
[2025-02-01T14:51:27.535+0000] {logging_mixin.py:190} INFO - [2025-02-01T14:51:27.535+0000] {dagbag.py:588} INFO - Filling up the DagBag from /home/airflow/.local/lib/python3.12/site-packages/airflow/example_dags/example_branch_labels.py
[2025-02-01T14:51:27.539+0000] {processor.py:925} INFO - DAG(s) 'example_branch_labels' retrieved from /home/airflow/.local/lib/python3.12/site-packages/airflow/example_dags/example_branch_labels.py
[2025-02-01T14:51:27.549+0000] {logging_mixin.py:190} INFO - [2025-02-01T14:51:27.549+0000] {dag.py:3239} INFO - Sync 1 DAGs
[2025-02-01T14:51:27.561+0000] {logging_mixin.py:190} INFO - [2025-02-01T14:51:27.561+0000] {dag.py:4180} INFO - Setting next_dagrun for example_branch_labels to 2025-01-31 00:00:00+00:00, run_after=2025-02-01 00:00:00+00:00
[2025-02-01T14:51:27.574+0000] {processor.py:208} INFO - Processing /home/airflow/.local/lib/python3.12/site-packages/airflow/example_dags/example_branch_labels.py took 0.043 seconds
[2025-02-01T14:51:59.124+0000] {processor.py:186} INFO - Started process (PID=892) to work on /home/airflow/.local/lib/python3.12/site-packages/airflow/example_dags/example_branch_labels.py
[2025-02-01T14:51:59.127+0000] {processor.py:914} INFO - Processing file /home/airflow/.local/lib/python3.12/site-packages/airflow/example_dags/example_branch_labels.py for tasks to queue
[2025-02-01T14:51:59.131+0000] {logging_mixin.py:190} INFO - [2025-02-01T14:51:59.130+0000] {dagbag.py:588} INFO - Filling up the DagBag from /home/airflow/.local/lib/python3.12/site-packages/airflow/example_dags/example_branch_labels.py
[2025-02-01T14:51:59.141+0000] {processor.py:925} INFO - DAG(s) 'example_branch_labels' retrieved from /home/airflow/.local/lib/python3.12/site-packages/airflow/example_dags/example_branch_labels.py
[2025-02-01T14:51:59.157+0000] {logging_mixin.py:190} INFO - [2025-02-01T14:51:59.157+0000] {dag.py:3239} INFO - Sync 1 DAGs
[2025-02-01T14:51:59.172+0000] {logging_mixin.py:190} INFO - [2025-02-01T14:51:59.172+0000] {dag.py:4180} INFO - Setting next_dagrun for example_branch_labels to 2025-01-31 00:00:00+00:00, run_after=2025-02-01 00:00:00+00:00
[2025-02-01T14:51:59.184+0000] {processor.py:208} INFO - Processing /home/airflow/.local/lib/python3.12/site-packages/airflow/example_dags/example_branch_labels.py took 0.064 seconds
[2025-02-01T14:52:30.564+0000] {processor.py:186} INFO - Started process (PID=958) to work on /home/airflow/.local/lib/python3.12/site-packages/airflow/example_dags/example_branch_labels.py
[2025-02-01T14:52:30.565+0000] {processor.py:914} INFO - Processing file /home/airflow/.local/lib/python3.12/site-packages/airflow/example_dags/example_branch_labels.py for tasks to queue
[2025-02-01T14:52:30.567+0000] {logging_mixin.py:190} INFO - [2025-02-01T14:52:30.566+0000] {dagbag.py:588} INFO - Filling up the DagBag from /home/airflow/.local/lib/python3.12/site-packages/airflow/example_dags/example_branch_labels.py
[2025-02-01T14:52:30.574+0000] {processor.py:925} INFO - DAG(s) 'example_branch_labels' retrieved from /home/airflow/.local/lib/python3.12/site-packages/airflow/example_dags/example_branch_labels.py
[2025-02-01T14:52:30.588+0000] {logging_mixin.py:190} INFO - [2025-02-01T14:52:30.587+0000] {dag.py:3239} INFO - Sync 1 DAGs
[2025-02-01T14:52:30.601+0000] {logging_mixin.py:190} INFO - [2025-02-01T14:52:30.601+0000] {dag.py:4180} INFO - Setting next_dagrun for example_branch_labels to 2025-01-31 00:00:00+00:00, run_after=2025-02-01 00:00:00+00:00
[2025-02-01T14:52:30.618+0000] {processor.py:208} INFO - Processing /home/airflow/.local/lib/python3.12/site-packages/airflow/example_dags/example_branch_labels.py took 0.057 seconds
[2025-02-01T14:53:00.915+0000] {processor.py:186} INFO - Started process (PID=1024) to work on /home/airflow/.local/lib/python3.12/site-packages/airflow/example_dags/example_branch_labels.py
[2025-02-01T14:53:00.915+0000] {processor.py:914} INFO - Processing file /home/airflow/.local/lib/python3.12/site-packages/airflow/example_dags/example_branch_labels.py for tasks to queue
[2025-02-01T14:53:00.916+0000] {logging_mixin.py:190} INFO - [2025-02-01T14:53:00.916+0000] {dagbag.py:588} INFO - Filling up the DagBag from /home/airflow/.local/lib/python3.12/site-packages/airflow/example_dags/example_branch_labels.py
[2025-02-01T14:53:00.921+0000] {processor.py:925} INFO - DAG(s) 'example_branch_labels' retrieved from /home/airflow/.local/lib/python3.12/site-packages/airflow/example_dags/example_branch_labels.py
[2025-02-01T14:53:00.930+0000] {logging_mixin.py:190} INFO - [2025-02-01T14:53:00.929+0000] {dag.py:3239} INFO - Sync 1 DAGs
[2025-02-01T14:53:00.938+0000] {logging_mixin.py:190} INFO - [2025-02-01T14:53:00.938+0000] {dag.py:4180} INFO - Setting next_dagrun for example_branch_labels to 2025-01-31 00:00:00+00:00, run_after=2025-02-01 00:00:00+00:00
[2025-02-01T14:53:00.944+0000] {processor.py:208} INFO - Processing /home/airflow/.local/lib/python3.12/site-packages/airflow/example_dags/example_branch_labels.py took 0.032 seconds
[2025-02-01T14:53:31.910+0000] {processor.py:186} INFO - Started process (PID=1090) to work on /home/airflow/.local/lib/python3.12/site-packages/airflow/example_dags/example_branch_labels.py
[2025-02-01T14:53:31.910+0000] {processor.py:914} INFO - Processing file /home/airflow/.local/lib/python3.12/site-packages/airflow/example_dags/example_branch_labels.py for tasks to queue
[2025-02-01T14:53:31.911+0000] {logging_mixin.py:190} INFO - [2025-02-01T14:53:31.911+0000] {dagbag.py:588} INFO - Filling up the DagBag from /home/airflow/.local/lib/python3.12/site-packages/airflow/example_dags/example_branch_labels.py
[2025-02-01T14:53:31.916+0000] {processor.py:925} INFO - DAG(s) 'example_branch_labels' retrieved from /home/airflow/.local/lib/python3.12/site-packages/airflow/example_dags/example_branch_labels.py
[2025-02-01T14:53:31.924+0000] {logging_mixin.py:190} INFO - [2025-02-01T14:53:31.924+0000] {dag.py:3239} INFO - Sync 1 DAGs
[2025-02-01T14:53:31.936+0000] {logging_mixin.py:190} INFO - [2025-02-01T14:53:31.936+0000] {dag.py:4180} INFO - Setting next_dagrun for example_branch_labels to 2025-01-31 00:00:00+00:00, run_after=2025-02-01 00:00:00+00:00
[2025-02-01T14:53:31.947+0000] {processor.py:208} INFO - Processing /home/airflow/.local/lib/python3.12/site-packages/airflow/example_dags/example_branch_labels.py took 0.040 seconds
[2025-02-01T14:54:02.973+0000] {processor.py:186} INFO - Started process (PID=1156) to work on /home/airflow/.local/lib/python3.12/site-packages/airflow/example_dags/example_branch_labels.py
[2025-02-01T14:54:02.973+0000] {processor.py:914} INFO - Processing file /home/airflow/.local/lib/python3.12/site-packages/airflow/example_dags/example_branch_labels.py for tasks to queue
[2025-02-01T14:54:02.974+0000] {logging_mixin.py:190} INFO - [2025-02-01T14:54:02.974+0000] {dagbag.py:588} INFO - Filling up the DagBag from /home/airflow/.local/lib/python3.12/site-packages/airflow/example_dags/example_branch_labels.py
[2025-02-01T14:54:02.979+0000] {processor.py:925} INFO - DAG(s) 'example_branch_labels' retrieved from /home/airflow/.local/lib/python3.12/site-packages/airflow/example_dags/example_branch_labels.py
[2025-02-01T14:54:02.988+0000] {logging_mixin.py:190} INFO - [2025-02-01T14:54:02.988+0000] {dag.py:3239} INFO - Sync 1 DAGs
[2025-02-01T14:54:02.998+0000] {logging_mixin.py:190} INFO - [2025-02-01T14:54:02.998+0000] {dag.py:4180} INFO - Setting next_dagrun for example_branch_labels to 2025-01-31 00:00:00+00:00, run_after=2025-02-01 00:00:00+00:00
[2025-02-01T14:54:03.005+0000] {processor.py:208} INFO - Processing /home/airflow/.local/lib/python3.12/site-packages/airflow/example_dags/example_branch_labels.py took 0.034 seconds
[2025-02-01T14:54:33.986+0000] {processor.py:186} INFO - Started process (PID=1222) to work on /home/airflow/.local/lib/python3.12/site-packages/airflow/example_dags/example_branch_labels.py
[2025-02-01T14:54:33.986+0000] {processor.py:914} INFO - Processing file /home/airflow/.local/lib/python3.12/site-packages/airflow/example_dags/example_branch_labels.py for tasks to queue
[2025-02-01T14:54:33.987+0000] {logging_mixin.py:190} INFO - [2025-02-01T14:54:33.987+0000] {dagbag.py:588} INFO - Filling up the DagBag from /home/airflow/.local/lib/python3.12/site-packages/airflow/example_dags/example_branch_labels.py
[2025-02-01T14:54:33.991+0000] {processor.py:925} INFO - DAG(s) 'example_branch_labels' retrieved from /home/airflow/.local/lib/python3.12/site-packages/airflow/example_dags/example_branch_labels.py
[2025-02-01T14:54:34.000+0000] {logging_mixin.py:190} INFO - [2025-02-01T14:54:34.000+0000] {dag.py:3239} INFO - Sync 1 DAGs
[2025-02-01T14:54:34.010+0000] {logging_mixin.py:190} INFO - [2025-02-01T14:54:34.010+0000] {dag.py:4180} INFO - Setting next_dagrun for example_branch_labels to 2025-01-31 00:00:00+00:00, run_after=2025-02-01 00:00:00+00:00
[2025-02-01T14:54:34.017+0000] {processor.py:208} INFO - Processing /home/airflow/.local/lib/python3.12/site-packages/airflow/example_dags/example_branch_labels.py took 0.034 seconds
[2025-02-01T14:55:05.042+0000] {processor.py:186} INFO - Started process (PID=1288) to work on /home/airflow/.local/lib/python3.12/site-packages/airflow/example_dags/example_branch_labels.py
[2025-02-01T14:55:05.043+0000] {processor.py:914} INFO - Processing file /home/airflow/.local/lib/python3.12/site-packages/airflow/example_dags/example_branch_labels.py for tasks to queue
[2025-02-01T14:55:05.045+0000] {logging_mixin.py:190} INFO - [2025-02-01T14:55:05.045+0000] {dagbag.py:588} INFO - Filling up the DagBag from /home/airflow/.local/lib/python3.12/site-packages/airflow/example_dags/example_branch_labels.py
[2025-02-01T14:55:05.052+0000] {processor.py:925} INFO - DAG(s) 'example_branch_labels' retrieved from /home/airflow/.local/lib/python3.12/site-packages/airflow/example_dags/example_branch_labels.py
[2025-02-01T14:55:05.081+0000] {logging_mixin.py:190} INFO - [2025-02-01T14:55:05.081+0000] {dag.py:3239} INFO - Sync 1 DAGs
[2025-02-01T14:55:05.097+0000] {logging_mixin.py:190} INFO - [2025-02-01T14:55:05.096+0000] {dag.py:4180} INFO - Setting next_dagrun for example_branch_labels to 2025-01-31 00:00:00+00:00, run_after=2025-02-01 00:00:00+00:00
[2025-02-01T14:55:05.106+0000] {processor.py:208} INFO - Processing /home/airflow/.local/lib/python3.12/site-packages/airflow/example_dags/example_branch_labels.py took 0.067 seconds
[2025-02-01T14:55:35.924+0000] {processor.py:186} INFO - Started process (PID=1354) to work on /home/airflow/.local/lib/python3.12/site-packages/airflow/example_dags/example_branch_labels.py
[2025-02-01T14:55:35.925+0000] {processor.py:914} INFO - Processing file /home/airflow/.local/lib/python3.12/site-packages/airflow/example_dags/example_branch_labels.py for tasks to queue
[2025-02-01T14:55:35.926+0000] {logging_mixin.py:190} INFO - [2025-02-01T14:55:35.926+0000] {dagbag.py:588} INFO - Filling up the DagBag from /home/airflow/.local/lib/python3.12/site-packages/airflow/example_dags/example_branch_labels.py
[2025-02-01T14:55:35.931+0000] {processor.py:925} INFO - DAG(s) 'example_branch_labels' retrieved from /home/airflow/.local/lib/python3.12/site-packages/airflow/example_dags/example_branch_labels.py
[2025-02-01T14:55:35.942+0000] {logging_mixin.py:190} INFO - [2025-02-01T14:55:35.942+0000] {dag.py:3239} INFO - Sync 1 DAGs
[2025-02-01T14:55:35.953+0000] {logging_mixin.py:190} INFO - [2025-02-01T14:55:35.952+0000] {dag.py:4180} INFO - Setting next_dagrun for example_branch_labels to 2025-01-31 00:00:00+00:00, run_after=2025-02-01 00:00:00+00:00
[2025-02-01T14:55:35.959+0000] {processor.py:208} INFO - Processing /home/airflow/.local/lib/python3.12/site-packages/airflow/example_dags/example_branch_labels.py took 0.038 seconds
[2025-02-01T14:56:06.988+0000] {processor.py:186} INFO - Started process (PID=1420) to work on /home/airflow/.local/lib/python3.12/site-packages/airflow/example_dags/example_branch_labels.py
[2025-02-01T14:56:06.989+0000] {processor.py:914} INFO - Processing file /home/airflow/.local/lib/python3.12/site-packages/airflow/example_dags/example_branch_labels.py for tasks to queue
[2025-02-01T14:56:06.990+0000] {logging_mixin.py:190} INFO - [2025-02-01T14:56:06.990+0000] {dagbag.py:588} INFO - Filling up the DagBag from /home/airflow/.local/lib/python3.12/site-packages/airflow/example_dags/example_branch_labels.py
[2025-02-01T14:56:06.996+0000] {processor.py:925} INFO - DAG(s) 'example_branch_labels' retrieved from /home/airflow/.local/lib/python3.12/site-packages/airflow/example_dags/example_branch_labels.py
[2025-02-01T14:56:07.008+0000] {logging_mixin.py:190} INFO - [2025-02-01T14:56:07.008+0000] {dag.py:3239} INFO - Sync 1 DAGs
[2025-02-01T14:56:07.021+0000] {logging_mixin.py:190} INFO - [2025-02-01T14:56:07.021+0000] {dag.py:4180} INFO - Setting next_dagrun for example_branch_labels to 2025-01-31 00:00:00+00:00, run_after=2025-02-01 00:00:00+00:00
[2025-02-01T14:56:07.031+0000] {processor.py:208} INFO - Processing /home/airflow/.local/lib/python3.12/site-packages/airflow/example_dags/example_branch_labels.py took 0.046 seconds
[2025-02-01T14:56:37.976+0000] {processor.py:186} INFO - Started process (PID=1486) to work on /home/airflow/.local/lib/python3.12/site-packages/airflow/example_dags/example_branch_labels.py
[2025-02-01T14:56:37.977+0000] {processor.py:914} INFO - Processing file /home/airflow/.local/lib/python3.12/site-packages/airflow/example_dags/example_branch_labels.py for tasks to queue
[2025-02-01T14:56:37.978+0000] {logging_mixin.py:190} INFO - [2025-02-01T14:56:37.978+0000] {dagbag.py:588} INFO - Filling up the DagBag from /home/airflow/.local/lib/python3.12/site-packages/airflow/example_dags/example_branch_labels.py
[2025-02-01T14:56:37.983+0000] {processor.py:925} INFO - DAG(s) 'example_branch_labels' retrieved from /home/airflow/.local/lib/python3.12/site-packages/airflow/example_dags/example_branch_labels.py
[2025-02-01T14:56:37.992+0000] {logging_mixin.py:190} INFO - [2025-02-01T14:56:37.992+0000] {dag.py:3239} INFO - Sync 1 DAGs
[2025-02-01T14:56:38.003+0000] {logging_mixin.py:190} INFO - [2025-02-01T14:56:38.003+0000] {dag.py:4180} INFO - Setting next_dagrun for example_branch_labels to 2025-01-31 00:00:00+00:00, run_after=2025-02-01 00:00:00+00:00
[2025-02-01T14:56:38.012+0000] {processor.py:208} INFO - Processing /home/airflow/.local/lib/python3.12/site-packages/airflow/example_dags/example_branch_labels.py took 0.039 seconds
[2025-02-01T14:57:09.048+0000] {processor.py:186} INFO - Started process (PID=1552) to work on /home/airflow/.local/lib/python3.12/site-packages/airflow/example_dags/example_branch_labels.py
[2025-02-01T14:57:09.048+0000] {processor.py:914} INFO - Processing file /home/airflow/.local/lib/python3.12/site-packages/airflow/example_dags/example_branch_labels.py for tasks to queue
[2025-02-01T14:57:09.049+0000] {logging_mixin.py:190} INFO - [2025-02-01T14:57:09.049+0000] {dagbag.py:588} INFO - Filling up the DagBag from /home/airflow/.local/lib/python3.12/site-packages/airflow/example_dags/example_branch_labels.py
[2025-02-01T14:57:09.056+0000] {processor.py:925} INFO - DAG(s) 'example_branch_labels' retrieved from /home/airflow/.local/lib/python3.12/site-packages/airflow/example_dags/example_branch_labels.py
[2025-02-01T14:57:09.071+0000] {logging_mixin.py:190} INFO - [2025-02-01T14:57:09.071+0000] {dag.py:3239} INFO - Sync 1 DAGs
[2025-02-01T14:57:09.085+0000] {logging_mixin.py:190} INFO - [2025-02-01T14:57:09.085+0000] {dag.py:4180} INFO - Setting next_dagrun for example_branch_labels to 2025-01-31 00:00:00+00:00, run_after=2025-02-01 00:00:00+00:00
[2025-02-01T14:57:09.095+0000] {processor.py:208} INFO - Processing /home/airflow/.local/lib/python3.12/site-packages/airflow/example_dags/example_branch_labels.py took 0.051 seconds
[2025-02-01T14:57:40.120+0000] {processor.py:186} INFO - Started process (PID=1618) to work on /home/airflow/.local/lib/python3.12/site-packages/airflow/example_dags/example_branch_labels.py
[2025-02-01T14:57:40.121+0000] {processor.py:914} INFO - Processing file /home/airflow/.local/lib/python3.12/site-packages/airflow/example_dags/example_branch_labels.py for tasks to queue
[2025-02-01T14:57:40.123+0000] {logging_mixin.py:190} INFO - [2025-02-01T14:57:40.122+0000] {dagbag.py:588} INFO - Filling up the DagBag from /home/airflow/.local/lib/python3.12/site-packages/airflow/example_dags/example_branch_labels.py
[2025-02-01T14:57:40.127+0000] {processor.py:925} INFO - DAG(s) 'example_branch_labels' retrieved from /home/airflow/.local/lib/python3.12/site-packages/airflow/example_dags/example_branch_labels.py
[2025-02-01T14:57:40.137+0000] {logging_mixin.py:190} INFO - [2025-02-01T14:57:40.137+0000] {dag.py:3239} INFO - Sync 1 DAGs
[2025-02-01T14:57:40.151+0000] {logging_mixin.py:190} INFO - [2025-02-01T14:57:40.151+0000] {dag.py:4180} INFO - Setting next_dagrun for example_branch_labels to 2025-01-31 00:00:00+00:00, run_after=2025-02-01 00:00:00+00:00
[2025-02-01T14:57:40.166+0000] {processor.py:208} INFO - Processing /home/airflow/.local/lib/python3.12/site-packages/airflow/example_dags/example_branch_labels.py took 0.048 seconds
[2025-02-01T14:58:10.960+0000] {processor.py:186} INFO - Started process (PID=1684) to work on /home/airflow/.local/lib/python3.12/site-packages/airflow/example_dags/example_branch_labels.py
[2025-02-01T14:58:10.962+0000] {processor.py:914} INFO - Processing file /home/airflow/.local/lib/python3.12/site-packages/airflow/example_dags/example_branch_labels.py for tasks to queue
[2025-02-01T14:58:10.964+0000] {logging_mixin.py:190} INFO - [2025-02-01T14:58:10.963+0000] {dagbag.py:588} INFO - Filling up the DagBag from /home/airflow/.local/lib/python3.12/site-packages/airflow/example_dags/example_branch_labels.py
[2025-02-01T14:58:10.968+0000] {processor.py:925} INFO - DAG(s) 'example_branch_labels' retrieved from /home/airflow/.local/lib/python3.12/site-packages/airflow/example_dags/example_branch_labels.py
[2025-02-01T14:58:10.978+0000] {logging_mixin.py:190} INFO - [2025-02-01T14:58:10.978+0000] {dag.py:3239} INFO - Sync 1 DAGs
[2025-02-01T14:58:10.988+0000] {logging_mixin.py:190} INFO - [2025-02-01T14:58:10.988+0000] {dag.py:4180} INFO - Setting next_dagrun for example_branch_labels to 2025-01-31 00:00:00+00:00, run_after=2025-02-01 00:00:00+00:00
[2025-02-01T14:58:10.995+0000] {processor.py:208} INFO - Processing /home/airflow/.local/lib/python3.12/site-packages/airflow/example_dags/example_branch_labels.py took 0.037 seconds
[2025-02-01T14:58:41.678+0000] {processor.py:186} INFO - Started process (PID=1750) to work on /home/airflow/.local/lib/python3.12/site-packages/airflow/example_dags/example_branch_labels.py
[2025-02-01T14:58:41.679+0000] {processor.py:914} INFO - Processing file /home/airflow/.local/lib/python3.12/site-packages/airflow/example_dags/example_branch_labels.py for tasks to queue
[2025-02-01T14:58:41.680+0000] {logging_mixin.py:190} INFO - [2025-02-01T14:58:41.679+0000] {dagbag.py:588} INFO - Filling up the DagBag from /home/airflow/.local/lib/python3.12/site-packages/airflow/example_dags/example_branch_labels.py
[2025-02-01T14:58:41.684+0000] {processor.py:925} INFO - DAG(s) 'example_branch_labels' retrieved from /home/airflow/.local/lib/python3.12/site-packages/airflow/example_dags/example_branch_labels.py
[2025-02-01T14:58:41.693+0000] {logging_mixin.py:190} INFO - [2025-02-01T14:58:41.693+0000] {dag.py:3239} INFO - Sync 1 DAGs
[2025-02-01T14:58:41.703+0000] {logging_mixin.py:190} INFO - [2025-02-01T14:58:41.702+0000] {dag.py:4180} INFO - Setting next_dagrun for example_branch_labels to 2025-01-31 00:00:00+00:00, run_after=2025-02-01 00:00:00+00:00
[2025-02-01T14:58:41.713+0000] {processor.py:208} INFO - Processing /home/airflow/.local/lib/python3.12/site-packages/airflow/example_dags/example_branch_labels.py took 0.037 seconds
[2025-02-01T14:59:12.784+0000] {processor.py:186} INFO - Started process (PID=1816) to work on /home/airflow/.local/lib/python3.12/site-packages/airflow/example_dags/example_branch_labels.py
[2025-02-01T14:59:12.786+0000] {processor.py:914} INFO - Processing file /home/airflow/.local/lib/python3.12/site-packages/airflow/example_dags/example_branch_labels.py for tasks to queue
[2025-02-01T14:59:12.789+0000] {logging_mixin.py:190} INFO - [2025-02-01T14:59:12.789+0000] {dagbag.py:588} INFO - Filling up the DagBag from /home/airflow/.local/lib/python3.12/site-packages/airflow/example_dags/example_branch_labels.py
[2025-02-01T14:59:12.793+0000] {processor.py:925} INFO - DAG(s) 'example_branch_labels' retrieved from /home/airflow/.local/lib/python3.12/site-packages/airflow/example_dags/example_branch_labels.py
[2025-02-01T14:59:12.805+0000] {logging_mixin.py:190} INFO - [2025-02-01T14:59:12.805+0000] {dag.py:3239} INFO - Sync 1 DAGs
[2025-02-01T14:59:12.815+0000] {logging_mixin.py:190} INFO - [2025-02-01T14:59:12.815+0000] {dag.py:4180} INFO - Setting next_dagrun for example_branch_labels to 2025-01-31 00:00:00+00:00, run_after=2025-02-01 00:00:00+00:00
[2025-02-01T14:59:12.828+0000] {processor.py:208} INFO - Processing /home/airflow/.local/lib/python3.12/site-packages/airflow/example_dags/example_branch_labels.py took 0.047 seconds
[2025-02-01T14:59:43.983+0000] {processor.py:186} INFO - Started process (PID=1882) to work on /home/airflow/.local/lib/python3.12/site-packages/airflow/example_dags/example_branch_labels.py
[2025-02-01T14:59:43.984+0000] {processor.py:914} INFO - Processing file /home/airflow/.local/lib/python3.12/site-packages/airflow/example_dags/example_branch_labels.py for tasks to queue
[2025-02-01T14:59:43.985+0000] {logging_mixin.py:190} INFO - [2025-02-01T14:59:43.984+0000] {dagbag.py:588} INFO - Filling up the DagBag from /home/airflow/.local/lib/python3.12/site-packages/airflow/example_dags/example_branch_labels.py
[2025-02-01T14:59:43.989+0000] {processor.py:925} INFO - DAG(s) 'example_branch_labels' retrieved from /home/airflow/.local/lib/python3.12/site-packages/airflow/example_dags/example_branch_labels.py
[2025-02-01T14:59:43.999+0000] {logging_mixin.py:190} INFO - [2025-02-01T14:59:43.999+0000] {dag.py:3239} INFO - Sync 1 DAGs
[2025-02-01T14:59:44.009+0000] {logging_mixin.py:190} INFO - [2025-02-01T14:59:44.009+0000] {dag.py:4180} INFO - Setting next_dagrun for example_branch_labels to 2025-01-31 00:00:00+00:00, run_after=2025-02-01 00:00:00+00:00
[2025-02-01T14:59:44.015+0000] {processor.py:208} INFO - Processing /home/airflow/.local/lib/python3.12/site-packages/airflow/example_dags/example_branch_labels.py took 0.035 seconds
[2025-02-01T15:00:15.261+0000] {processor.py:186} INFO - Started process (PID=1948) to work on /home/airflow/.local/lib/python3.12/site-packages/airflow/example_dags/example_branch_labels.py
[2025-02-01T15:00:15.262+0000] {processor.py:914} INFO - Processing file /home/airflow/.local/lib/python3.12/site-packages/airflow/example_dags/example_branch_labels.py for tasks to queue
[2025-02-01T15:00:15.263+0000] {logging_mixin.py:190} INFO - [2025-02-01T15:00:15.263+0000] {dagbag.py:588} INFO - Filling up the DagBag from /home/airflow/.local/lib/python3.12/site-packages/airflow/example_dags/example_branch_labels.py
[2025-02-01T15:00:15.268+0000] {processor.py:925} INFO - DAG(s) 'example_branch_labels' retrieved from /home/airflow/.local/lib/python3.12/site-packages/airflow/example_dags/example_branch_labels.py
[2025-02-01T15:00:15.279+0000] {logging_mixin.py:190} INFO - [2025-02-01T15:00:15.279+0000] {dag.py:3239} INFO - Sync 1 DAGs
[2025-02-01T15:00:15.292+0000] {logging_mixin.py:190} INFO - [2025-02-01T15:00:15.292+0000] {dag.py:4180} INFO - Setting next_dagrun for example_branch_labels to 2025-01-31 00:00:00+00:00, run_after=2025-02-01 00:00:00+00:00
[2025-02-01T15:00:15.301+0000] {processor.py:208} INFO - Processing /home/airflow/.local/lib/python3.12/site-packages/airflow/example_dags/example_branch_labels.py took 0.043 seconds
[2025-02-01T15:00:46.601+0000] {processor.py:186} INFO - Started process (PID=2014) to work on /home/airflow/.local/lib/python3.12/site-packages/airflow/example_dags/example_branch_labels.py
[2025-02-01T15:00:46.602+0000] {processor.py:914} INFO - Processing file /home/airflow/.local/lib/python3.12/site-packages/airflow/example_dags/example_branch_labels.py for tasks to queue
[2025-02-01T15:00:46.604+0000] {logging_mixin.py:190} INFO - [2025-02-01T15:00:46.604+0000] {dagbag.py:588} INFO - Filling up the DagBag from /home/airflow/.local/lib/python3.12/site-packages/airflow/example_dags/example_branch_labels.py
[2025-02-01T15:00:46.609+0000] {processor.py:925} INFO - DAG(s) 'example_branch_labels' retrieved from /home/airflow/.local/lib/python3.12/site-packages/airflow/example_dags/example_branch_labels.py
[2025-02-01T15:00:46.620+0000] {logging_mixin.py:190} INFO - [2025-02-01T15:00:46.620+0000] {dag.py:3239} INFO - Sync 1 DAGs
[2025-02-01T15:00:46.635+0000] {logging_mixin.py:190} INFO - [2025-02-01T15:00:46.635+0000] {dag.py:4180} INFO - Setting next_dagrun for example_branch_labels to 2025-01-31 00:00:00+00:00, run_after=2025-02-01 00:00:00+00:00
[2025-02-01T15:00:46.645+0000] {processor.py:208} INFO - Processing /home/airflow/.local/lib/python3.12/site-packages/airflow/example_dags/example_branch_labels.py took 0.048 seconds
[2025-02-01T15:01:17.979+0000] {processor.py:186} INFO - Started process (PID=2080) to work on /home/airflow/.local/lib/python3.12/site-packages/airflow/example_dags/example_branch_labels.py
[2025-02-01T15:01:17.980+0000] {processor.py:914} INFO - Processing file /home/airflow/.local/lib/python3.12/site-packages/airflow/example_dags/example_branch_labels.py for tasks to queue
[2025-02-01T15:01:17.981+0000] {logging_mixin.py:190} INFO - [2025-02-01T15:01:17.981+0000] {dagbag.py:588} INFO - Filling up the DagBag from /home/airflow/.local/lib/python3.12/site-packages/airflow/example_dags/example_branch_labels.py
[2025-02-01T15:01:17.989+0000] {processor.py:925} INFO - DAG(s) 'example_branch_labels' retrieved from /home/airflow/.local/lib/python3.12/site-packages/airflow/example_dags/example_branch_labels.py
[2025-02-01T15:01:17.998+0000] {logging_mixin.py:190} INFO - [2025-02-01T15:01:17.998+0000] {dag.py:3239} INFO - Sync 1 DAGs
[2025-02-01T15:01:18.009+0000] {logging_mixin.py:190} INFO - [2025-02-01T15:01:18.009+0000] {dag.py:4180} INFO - Setting next_dagrun for example_branch_labels to 2025-01-31 00:00:00+00:00, run_after=2025-02-01 00:00:00+00:00
[2025-02-01T15:01:18.017+0000] {processor.py:208} INFO - Processing /home/airflow/.local/lib/python3.12/site-packages/airflow/example_dags/example_branch_labels.py took 0.040 seconds
[2025-02-01T15:01:49.124+0000] {processor.py:186} INFO - Started process (PID=2152) to work on /home/airflow/.local/lib/python3.12/site-packages/airflow/example_dags/example_branch_labels.py
[2025-02-01T15:01:49.125+0000] {processor.py:914} INFO - Processing file /home/airflow/.local/lib/python3.12/site-packages/airflow/example_dags/example_branch_labels.py for tasks to queue
[2025-02-01T15:01:49.126+0000] {logging_mixin.py:190} INFO - [2025-02-01T15:01:49.126+0000] {dagbag.py:588} INFO - Filling up the DagBag from /home/airflow/.local/lib/python3.12/site-packages/airflow/example_dags/example_branch_labels.py
[2025-02-01T15:01:49.131+0000] {processor.py:925} INFO - DAG(s) 'example_branch_labels' retrieved from /home/airflow/.local/lib/python3.12/site-packages/airflow/example_dags/example_branch_labels.py
[2025-02-01T15:01:49.141+0000] {logging_mixin.py:190} INFO - [2025-02-01T15:01:49.141+0000] {dag.py:3239} INFO - Sync 1 DAGs
[2025-02-01T15:01:49.155+0000] {logging_mixin.py:190} INFO - [2025-02-01T15:01:49.155+0000] {dag.py:4180} INFO - Setting next_dagrun for example_branch_labels to 2025-01-31 00:00:00+00:00, run_after=2025-02-01 00:00:00+00:00
[2025-02-01T15:01:49.164+0000] {processor.py:208} INFO - Processing /home/airflow/.local/lib/python3.12/site-packages/airflow/example_dags/example_branch_labels.py took 0.043 seconds
[2025-02-01T15:02:19.871+0000] {processor.py:186} INFO - Started process (PID=2218) to work on /home/airflow/.local/lib/python3.12/site-packages/airflow/example_dags/example_branch_labels.py
[2025-02-01T15:02:19.871+0000] {processor.py:914} INFO - Processing file /home/airflow/.local/lib/python3.12/site-packages/airflow/example_dags/example_branch_labels.py for tasks to queue
[2025-02-01T15:02:19.872+0000] {logging_mixin.py:190} INFO - [2025-02-01T15:02:19.872+0000] {dagbag.py:588} INFO - Filling up the DagBag from /home/airflow/.local/lib/python3.12/site-packages/airflow/example_dags/example_branch_labels.py
[2025-02-01T15:02:19.877+0000] {processor.py:925} INFO - DAG(s) 'example_branch_labels' retrieved from /home/airflow/.local/lib/python3.12/site-packages/airflow/example_dags/example_branch_labels.py
[2025-02-01T15:02:19.894+0000] {logging_mixin.py:190} INFO - [2025-02-01T15:02:19.894+0000] {dag.py:3239} INFO - Sync 1 DAGs
[2025-02-01T15:02:19.906+0000] {logging_mixin.py:190} INFO - [2025-02-01T15:02:19.905+0000] {dag.py:4180} INFO - Setting next_dagrun for example_branch_labels to 2025-01-31 00:00:00+00:00, run_after=2025-02-01 00:00:00+00:00
[2025-02-01T15:02:19.913+0000] {processor.py:208} INFO - Processing /home/airflow/.local/lib/python3.12/site-packages/airflow/example_dags/example_branch_labels.py took 0.045 seconds
[2025-02-01T15:02:51.026+0000] {processor.py:186} INFO - Started process (PID=2284) to work on /home/airflow/.local/lib/python3.12/site-packages/airflow/example_dags/example_branch_labels.py
[2025-02-01T15:02:51.026+0000] {processor.py:914} INFO - Processing file /home/airflow/.local/lib/python3.12/site-packages/airflow/example_dags/example_branch_labels.py for tasks to queue
[2025-02-01T15:02:51.028+0000] {logging_mixin.py:190} INFO - [2025-02-01T15:02:51.027+0000] {dagbag.py:588} INFO - Filling up the DagBag from /home/airflow/.local/lib/python3.12/site-packages/airflow/example_dags/example_branch_labels.py
[2025-02-01T15:02:51.034+0000] {processor.py:925} INFO - DAG(s) 'example_branch_labels' retrieved from /home/airflow/.local/lib/python3.12/site-packages/airflow/example_dags/example_branch_labels.py
[2025-02-01T15:02:51.047+0000] {logging_mixin.py:190} INFO - [2025-02-01T15:02:51.047+0000] {dag.py:3239} INFO - Sync 1 DAGs
[2025-02-01T15:02:51.058+0000] {logging_mixin.py:190} INFO - [2025-02-01T15:02:51.058+0000] {dag.py:4180} INFO - Setting next_dagrun for example_branch_labels to 2025-01-31 00:00:00+00:00, run_after=2025-02-01 00:00:00+00:00
[2025-02-01T15:02:51.072+0000] {processor.py:208} INFO - Processing /home/airflow/.local/lib/python3.12/site-packages/airflow/example_dags/example_branch_labels.py took 0.048 seconds
[2025-02-01T15:03:22.123+0000] {processor.py:186} INFO - Started process (PID=2350) to work on /home/airflow/.local/lib/python3.12/site-packages/airflow/example_dags/example_branch_labels.py
[2025-02-01T15:03:22.123+0000] {processor.py:914} INFO - Processing file /home/airflow/.local/lib/python3.12/site-packages/airflow/example_dags/example_branch_labels.py for tasks to queue
[2025-02-01T15:03:22.124+0000] {logging_mixin.py:190} INFO - [2025-02-01T15:03:22.124+0000] {dagbag.py:588} INFO - Filling up the DagBag from /home/airflow/.local/lib/python3.12/site-packages/airflow/example_dags/example_branch_labels.py
[2025-02-01T15:03:22.128+0000] {processor.py:925} INFO - DAG(s) 'example_branch_labels' retrieved from /home/airflow/.local/lib/python3.12/site-packages/airflow/example_dags/example_branch_labels.py
[2025-02-01T15:03:22.138+0000] {logging_mixin.py:190} INFO - [2025-02-01T15:03:22.138+0000] {dag.py:3239} INFO - Sync 1 DAGs
[2025-02-01T15:03:22.147+0000] {logging_mixin.py:190} INFO - [2025-02-01T15:03:22.147+0000] {dag.py:4180} INFO - Setting next_dagrun for example_branch_labels to 2025-01-31 00:00:00+00:00, run_after=2025-02-01 00:00:00+00:00
[2025-02-01T15:03:22.154+0000] {processor.py:208} INFO - Processing /home/airflow/.local/lib/python3.12/site-packages/airflow/example_dags/example_branch_labels.py took 0.033 seconds
[2025-02-01T15:03:53.216+0000] {processor.py:186} INFO - Started process (PID=2417) to work on /home/airflow/.local/lib/python3.12/site-packages/airflow/example_dags/example_branch_labels.py
[2025-02-01T15:03:53.220+0000] {processor.py:914} INFO - Processing file /home/airflow/.local/lib/python3.12/site-packages/airflow/example_dags/example_branch_labels.py for tasks to queue
[2025-02-01T15:03:53.222+0000] {logging_mixin.py:190} INFO - [2025-02-01T15:03:53.222+0000] {dagbag.py:588} INFO - Filling up the DagBag from /home/airflow/.local/lib/python3.12/site-packages/airflow/example_dags/example_branch_labels.py
[2025-02-01T15:03:53.226+0000] {processor.py:925} INFO - DAG(s) 'example_branch_labels' retrieved from /home/airflow/.local/lib/python3.12/site-packages/airflow/example_dags/example_branch_labels.py
[2025-02-01T15:03:53.240+0000] {logging_mixin.py:190} INFO - [2025-02-01T15:03:53.240+0000] {dag.py:3239} INFO - Sync 1 DAGs
[2025-02-01T15:03:53.250+0000] {logging_mixin.py:190} INFO - [2025-02-01T15:03:53.250+0000] {dag.py:4180} INFO - Setting next_dagrun for example_branch_labels to 2025-01-31 00:00:00+00:00, run_after=2025-02-01 00:00:00+00:00
[2025-02-01T15:03:53.257+0000] {processor.py:208} INFO - Processing /home/airflow/.local/lib/python3.12/site-packages/airflow/example_dags/example_branch_labels.py took 0.045 seconds
[2025-02-01T15:04:24.625+0000] {processor.py:186} INFO - Started process (PID=2483) to work on /home/airflow/.local/lib/python3.12/site-packages/airflow/example_dags/example_branch_labels.py
[2025-02-01T15:04:24.626+0000] {processor.py:914} INFO - Processing file /home/airflow/.local/lib/python3.12/site-packages/airflow/example_dags/example_branch_labels.py for tasks to queue
[2025-02-01T15:04:24.628+0000] {logging_mixin.py:190} INFO - [2025-02-01T15:04:24.627+0000] {dagbag.py:588} INFO - Filling up the DagBag from /home/airflow/.local/lib/python3.12/site-packages/airflow/example_dags/example_branch_labels.py
[2025-02-01T15:04:24.633+0000] {processor.py:925} INFO - DAG(s) 'example_branch_labels' retrieved from /home/airflow/.local/lib/python3.12/site-packages/airflow/example_dags/example_branch_labels.py
[2025-02-01T15:04:24.647+0000] {logging_mixin.py:190} INFO - [2025-02-01T15:04:24.647+0000] {dag.py:3239} INFO - Sync 1 DAGs
[2025-02-01T15:04:24.660+0000] {logging_mixin.py:190} INFO - [2025-02-01T15:04:24.660+0000] {dag.py:4180} INFO - Setting next_dagrun for example_branch_labels to 2025-01-31 00:00:00+00:00, run_after=2025-02-01 00:00:00+00:00
[2025-02-01T15:04:24.670+0000] {processor.py:208} INFO - Processing /home/airflow/.local/lib/python3.12/site-packages/airflow/example_dags/example_branch_labels.py took 0.048 seconds
[2025-02-01T15:04:55.867+0000] {processor.py:186} INFO - Started process (PID=2549) to work on /home/airflow/.local/lib/python3.12/site-packages/airflow/example_dags/example_branch_labels.py
[2025-02-01T15:04:55.868+0000] {processor.py:914} INFO - Processing file /home/airflow/.local/lib/python3.12/site-packages/airflow/example_dags/example_branch_labels.py for tasks to queue
[2025-02-01T15:04:55.870+0000] {logging_mixin.py:190} INFO - [2025-02-01T15:04:55.869+0000] {dagbag.py:588} INFO - Filling up the DagBag from /home/airflow/.local/lib/python3.12/site-packages/airflow/example_dags/example_branch_labels.py
[2025-02-01T15:04:55.874+0000] {processor.py:925} INFO - DAG(s) 'example_branch_labels' retrieved from /home/airflow/.local/lib/python3.12/site-packages/airflow/example_dags/example_branch_labels.py
[2025-02-01T15:04:55.884+0000] {logging_mixin.py:190} INFO - [2025-02-01T15:04:55.884+0000] {dag.py:3239} INFO - Sync 1 DAGs
[2025-02-01T15:04:55.897+0000] {logging_mixin.py:190} INFO - [2025-02-01T15:04:55.897+0000] {dag.py:4180} INFO - Setting next_dagrun for example_branch_labels to 2025-01-31 00:00:00+00:00, run_after=2025-02-01 00:00:00+00:00
[2025-02-01T15:04:55.905+0000] {processor.py:208} INFO - Processing /home/airflow/.local/lib/python3.12/site-packages/airflow/example_dags/example_branch_labels.py took 0.041 seconds
[2025-02-01T15:05:26.480+0000] {processor.py:186} INFO - Started process (PID=2615) to work on /home/airflow/.local/lib/python3.12/site-packages/airflow/example_dags/example_branch_labels.py
[2025-02-01T15:05:26.480+0000] {processor.py:914} INFO - Processing file /home/airflow/.local/lib/python3.12/site-packages/airflow/example_dags/example_branch_labels.py for tasks to queue
[2025-02-01T15:05:26.481+0000] {logging_mixin.py:190} INFO - [2025-02-01T15:05:26.481+0000] {dagbag.py:588} INFO - Filling up the DagBag from /home/airflow/.local/lib/python3.12/site-packages/airflow/example_dags/example_branch_labels.py
[2025-02-01T15:05:26.485+0000] {processor.py:925} INFO - DAG(s) 'example_branch_labels' retrieved from /home/airflow/.local/lib/python3.12/site-packages/airflow/example_dags/example_branch_labels.py
[2025-02-01T15:05:26.493+0000] {logging_mixin.py:190} INFO - [2025-02-01T15:05:26.493+0000] {dag.py:3239} INFO - Sync 1 DAGs
[2025-02-01T15:05:26.503+0000] {logging_mixin.py:190} INFO - [2025-02-01T15:05:26.503+0000] {dag.py:4180} INFO - Setting next_dagrun for example_branch_labels to 2025-01-31 00:00:00+00:00, run_after=2025-02-01 00:00:00+00:00
[2025-02-01T15:05:26.508+0000] {processor.py:208} INFO - Processing /home/airflow/.local/lib/python3.12/site-packages/airflow/example_dags/example_branch_labels.py took 0.031 seconds
[2025-02-01T15:05:58.116+0000] {processor.py:186} INFO - Started process (PID=2681) to work on /home/airflow/.local/lib/python3.12/site-packages/airflow/example_dags/example_branch_labels.py
[2025-02-01T15:05:58.116+0000] {processor.py:914} INFO - Processing file /home/airflow/.local/lib/python3.12/site-packages/airflow/example_dags/example_branch_labels.py for tasks to queue
[2025-02-01T15:05:58.117+0000] {logging_mixin.py:190} INFO - [2025-02-01T15:05:58.117+0000] {dagbag.py:588} INFO - Filling up the DagBag from /home/airflow/.local/lib/python3.12/site-packages/airflow/example_dags/example_branch_labels.py
[2025-02-01T15:05:58.124+0000] {processor.py:925} INFO - DAG(s) 'example_branch_labels' retrieved from /home/airflow/.local/lib/python3.12/site-packages/airflow/example_dags/example_branch_labels.py
[2025-02-01T15:05:58.137+0000] {logging_mixin.py:190} INFO - [2025-02-01T15:05:58.137+0000] {dag.py:3239} INFO - Sync 1 DAGs
[2025-02-01T15:05:58.155+0000] {logging_mixin.py:190} INFO - [2025-02-01T15:05:58.154+0000] {dag.py:4180} INFO - Setting next_dagrun for example_branch_labels to 2025-01-31 00:00:00+00:00, run_after=2025-02-01 00:00:00+00:00
[2025-02-01T15:05:58.163+0000] {processor.py:208} INFO - Processing /home/airflow/.local/lib/python3.12/site-packages/airflow/example_dags/example_branch_labels.py took 0.050 seconds
[2025-02-01T15:06:28.928+0000] {processor.py:186} INFO - Started process (PID=2747) to work on /home/airflow/.local/lib/python3.12/site-packages/airflow/example_dags/example_branch_labels.py
[2025-02-01T15:06:28.929+0000] {processor.py:914} INFO - Processing file /home/airflow/.local/lib/python3.12/site-packages/airflow/example_dags/example_branch_labels.py for tasks to queue
[2025-02-01T15:06:28.929+0000] {logging_mixin.py:190} INFO - [2025-02-01T15:06:28.929+0000] {dagbag.py:588} INFO - Filling up the DagBag from /home/airflow/.local/lib/python3.12/site-packages/airflow/example_dags/example_branch_labels.py
[2025-02-01T15:06:28.934+0000] {processor.py:925} INFO - DAG(s) 'example_branch_labels' retrieved from /home/airflow/.local/lib/python3.12/site-packages/airflow/example_dags/example_branch_labels.py
[2025-02-01T15:06:28.943+0000] {logging_mixin.py:190} INFO - [2025-02-01T15:06:28.943+0000] {dag.py:3239} INFO - Sync 1 DAGs
[2025-02-01T15:06:28.952+0000] {logging_mixin.py:190} INFO - [2025-02-01T15:06:28.952+0000] {dag.py:4180} INFO - Setting next_dagrun for example_branch_labels to 2025-01-31 00:00:00+00:00, run_after=2025-02-01 00:00:00+00:00
[2025-02-01T15:06:28.959+0000] {processor.py:208} INFO - Processing /home/airflow/.local/lib/python3.12/site-packages/airflow/example_dags/example_branch_labels.py took 0.033 seconds
