[2025-02-01T13:35:17.438+0000] {processor.py:186} INFO - Started process (PID=109) to work on /home/airflow/.local/lib/python3.12/site-packages/airflow/example_dags/example_nested_branch_dag.py
[2025-02-01T13:35:17.444+0000] {processor.py:914} INFO - Processing file /home/airflow/.local/lib/python3.12/site-packages/airflow/example_dags/example_nested_branch_dag.py for tasks to queue
[2025-02-01T13:35:17.448+0000] {logging_mixin.py:190} INFO - [2025-02-01T13:35:17.448+0000] {dagbag.py:588} INFO - Filling up the DagBag from /home/airflow/.local/lib/python3.12/site-packages/airflow/example_dags/example_nested_branch_dag.py
[2025-02-01T13:35:17.458+0000] {processor.py:925} INFO - DAG(s) 'example_nested_branch_dag' retrieved from /home/airflow/.local/lib/python3.12/site-packages/airflow/example_dags/example_nested_branch_dag.py
[2025-02-01T13:35:17.477+0000] {logging_mixin.py:190} INFO - [2025-02-01T13:35:17.477+0000] {dag.py:3239} INFO - Sync 1 DAGs
[2025-02-01T13:35:17.492+0000] {logging_mixin.py:190} INFO - [2025-02-01T13:35:17.492+0000] {dag.py:4180} INFO - Setting next_dagrun for example_nested_branch_dag to 2025-01-31 00:00:00+00:00, run_after=2025-02-01 00:00:00+00:00
[2025-02-01T13:35:17.532+0000] {processor.py:208} INFO - Processing /home/airflow/.local/lib/python3.12/site-packages/airflow/example_dags/example_nested_branch_dag.py took 0.098 seconds
[2025-02-01T13:35:47.735+0000] {processor.py:186} INFO - Started process (PID=175) to work on /home/airflow/.local/lib/python3.12/site-packages/airflow/example_dags/example_nested_branch_dag.py
[2025-02-01T13:35:47.738+0000] {processor.py:914} INFO - Processing file /home/airflow/.local/lib/python3.12/site-packages/airflow/example_dags/example_nested_branch_dag.py for tasks to queue
[2025-02-01T13:35:47.739+0000] {logging_mixin.py:190} INFO - [2025-02-01T13:35:47.739+0000] {dagbag.py:588} INFO - Filling up the DagBag from /home/airflow/.local/lib/python3.12/site-packages/airflow/example_dags/example_nested_branch_dag.py
[2025-02-01T13:35:47.747+0000] {processor.py:925} INFO - DAG(s) 'example_nested_branch_dag' retrieved from /home/airflow/.local/lib/python3.12/site-packages/airflow/example_dags/example_nested_branch_dag.py
[2025-02-01T13:35:47.760+0000] {logging_mixin.py:190} INFO - [2025-02-01T13:35:47.760+0000] {dag.py:3239} INFO - Sync 1 DAGs
[2025-02-01T13:35:47.772+0000] {logging_mixin.py:190} INFO - [2025-02-01T13:35:47.772+0000] {dag.py:4180} INFO - Setting next_dagrun for example_nested_branch_dag to 2025-01-31 00:00:00+00:00, run_after=2025-02-01 00:00:00+00:00
[2025-02-01T13:35:47.785+0000] {processor.py:208} INFO - Processing /home/airflow/.local/lib/python3.12/site-packages/airflow/example_dags/example_nested_branch_dag.py took 0.052 seconds
[2025-02-01T13:36:18.632+0000] {processor.py:186} INFO - Started process (PID=241) to work on /home/airflow/.local/lib/python3.12/site-packages/airflow/example_dags/example_nested_branch_dag.py
[2025-02-01T13:36:18.632+0000] {processor.py:914} INFO - Processing file /home/airflow/.local/lib/python3.12/site-packages/airflow/example_dags/example_nested_branch_dag.py for tasks to queue
[2025-02-01T13:36:18.634+0000] {logging_mixin.py:190} INFO - [2025-02-01T13:36:18.634+0000] {dagbag.py:588} INFO - Filling up the DagBag from /home/airflow/.local/lib/python3.12/site-packages/airflow/example_dags/example_nested_branch_dag.py
[2025-02-01T13:36:18.650+0000] {processor.py:925} INFO - DAG(s) 'example_nested_branch_dag' retrieved from /home/airflow/.local/lib/python3.12/site-packages/airflow/example_dags/example_nested_branch_dag.py
[2025-02-01T13:36:18.673+0000] {logging_mixin.py:190} INFO - [2025-02-01T13:36:18.673+0000] {dag.py:3239} INFO - Sync 1 DAGs
[2025-02-01T13:36:18.695+0000] {logging_mixin.py:190} INFO - [2025-02-01T13:36:18.695+0000] {dag.py:4180} INFO - Setting next_dagrun for example_nested_branch_dag to 2025-01-31 00:00:00+00:00, run_after=2025-02-01 00:00:00+00:00
[2025-02-01T13:36:18.720+0000] {processor.py:208} INFO - Processing /home/airflow/.local/lib/python3.12/site-packages/airflow/example_dags/example_nested_branch_dag.py took 0.092 seconds
[2025-02-01T13:36:49.629+0000] {processor.py:186} INFO - Started process (PID=307) to work on /home/airflow/.local/lib/python3.12/site-packages/airflow/example_dags/example_nested_branch_dag.py
[2025-02-01T13:36:49.630+0000] {processor.py:914} INFO - Processing file /home/airflow/.local/lib/python3.12/site-packages/airflow/example_dags/example_nested_branch_dag.py for tasks to queue
[2025-02-01T13:36:49.633+0000] {logging_mixin.py:190} INFO - [2025-02-01T13:36:49.633+0000] {dagbag.py:588} INFO - Filling up the DagBag from /home/airflow/.local/lib/python3.12/site-packages/airflow/example_dags/example_nested_branch_dag.py
[2025-02-01T13:36:49.644+0000] {processor.py:925} INFO - DAG(s) 'example_nested_branch_dag' retrieved from /home/airflow/.local/lib/python3.12/site-packages/airflow/example_dags/example_nested_branch_dag.py
[2025-02-01T13:36:49.670+0000] {logging_mixin.py:190} INFO - [2025-02-01T13:36:49.670+0000] {dag.py:3239} INFO - Sync 1 DAGs
[2025-02-01T13:36:49.692+0000] {logging_mixin.py:190} INFO - [2025-02-01T13:36:49.692+0000] {dag.py:4180} INFO - Setting next_dagrun for example_nested_branch_dag to 2025-01-31 00:00:00+00:00, run_after=2025-02-01 00:00:00+00:00
[2025-02-01T13:36:49.748+0000] {processor.py:208} INFO - Processing /home/airflow/.local/lib/python3.12/site-packages/airflow/example_dags/example_nested_branch_dag.py took 0.124 seconds
[2025-02-01T13:37:20.218+0000] {processor.py:186} INFO - Started process (PID=373) to work on /home/airflow/.local/lib/python3.12/site-packages/airflow/example_dags/example_nested_branch_dag.py
[2025-02-01T13:37:20.219+0000] {processor.py:914} INFO - Processing file /home/airflow/.local/lib/python3.12/site-packages/airflow/example_dags/example_nested_branch_dag.py for tasks to queue
[2025-02-01T13:37:20.222+0000] {logging_mixin.py:190} INFO - [2025-02-01T13:37:20.222+0000] {dagbag.py:588} INFO - Filling up the DagBag from /home/airflow/.local/lib/python3.12/site-packages/airflow/example_dags/example_nested_branch_dag.py
[2025-02-01T13:37:20.232+0000] {processor.py:925} INFO - DAG(s) 'example_nested_branch_dag' retrieved from /home/airflow/.local/lib/python3.12/site-packages/airflow/example_dags/example_nested_branch_dag.py
[2025-02-01T13:37:20.251+0000] {logging_mixin.py:190} INFO - [2025-02-01T13:37:20.251+0000] {dag.py:3239} INFO - Sync 1 DAGs
[2025-02-01T13:37:20.268+0000] {logging_mixin.py:190} INFO - [2025-02-01T13:37:20.268+0000] {dag.py:4180} INFO - Setting next_dagrun for example_nested_branch_dag to 2025-01-31 00:00:00+00:00, run_after=2025-02-01 00:00:00+00:00
[2025-02-01T13:37:20.279+0000] {processor.py:208} INFO - Processing /home/airflow/.local/lib/python3.12/site-packages/airflow/example_dags/example_nested_branch_dag.py took 0.065 seconds
[2025-02-01T13:37:50.846+0000] {processor.py:186} INFO - Started process (PID=439) to work on /home/airflow/.local/lib/python3.12/site-packages/airflow/example_dags/example_nested_branch_dag.py
[2025-02-01T13:37:50.847+0000] {processor.py:914} INFO - Processing file /home/airflow/.local/lib/python3.12/site-packages/airflow/example_dags/example_nested_branch_dag.py for tasks to queue
[2025-02-01T13:37:50.850+0000] {logging_mixin.py:190} INFO - [2025-02-01T13:37:50.849+0000] {dagbag.py:588} INFO - Filling up the DagBag from /home/airflow/.local/lib/python3.12/site-packages/airflow/example_dags/example_nested_branch_dag.py
[2025-02-01T13:37:50.864+0000] {processor.py:925} INFO - DAG(s) 'example_nested_branch_dag' retrieved from /home/airflow/.local/lib/python3.12/site-packages/airflow/example_dags/example_nested_branch_dag.py
[2025-02-01T13:37:50.888+0000] {logging_mixin.py:190} INFO - [2025-02-01T13:37:50.887+0000] {dag.py:3239} INFO - Sync 1 DAGs
[2025-02-01T13:37:50.915+0000] {logging_mixin.py:190} INFO - [2025-02-01T13:37:50.915+0000] {dag.py:4180} INFO - Setting next_dagrun for example_nested_branch_dag to 2025-01-31 00:00:00+00:00, run_after=2025-02-01 00:00:00+00:00
[2025-02-01T13:37:50.933+0000] {processor.py:208} INFO - Processing /home/airflow/.local/lib/python3.12/site-packages/airflow/example_dags/example_nested_branch_dag.py took 0.090 seconds
[2025-02-01T13:38:21.196+0000] {processor.py:186} INFO - Started process (PID=505) to work on /home/airflow/.local/lib/python3.12/site-packages/airflow/example_dags/example_nested_branch_dag.py
[2025-02-01T13:38:21.197+0000] {processor.py:914} INFO - Processing file /home/airflow/.local/lib/python3.12/site-packages/airflow/example_dags/example_nested_branch_dag.py for tasks to queue
[2025-02-01T13:38:21.198+0000] {logging_mixin.py:190} INFO - [2025-02-01T13:38:21.198+0000] {dagbag.py:588} INFO - Filling up the DagBag from /home/airflow/.local/lib/python3.12/site-packages/airflow/example_dags/example_nested_branch_dag.py
[2025-02-01T13:38:21.206+0000] {processor.py:925} INFO - DAG(s) 'example_nested_branch_dag' retrieved from /home/airflow/.local/lib/python3.12/site-packages/airflow/example_dags/example_nested_branch_dag.py
[2025-02-01T13:38:21.221+0000] {logging_mixin.py:190} INFO - [2025-02-01T13:38:21.221+0000] {dag.py:3239} INFO - Sync 1 DAGs
[2025-02-01T13:38:21.237+0000] {logging_mixin.py:190} INFO - [2025-02-01T13:38:21.237+0000] {dag.py:4180} INFO - Setting next_dagrun for example_nested_branch_dag to 2025-01-31 00:00:00+00:00, run_after=2025-02-01 00:00:00+00:00
[2025-02-01T13:38:21.256+0000] {processor.py:208} INFO - Processing /home/airflow/.local/lib/python3.12/site-packages/airflow/example_dags/example_nested_branch_dag.py took 0.064 seconds
[2025-02-01T13:38:52.025+0000] {processor.py:186} INFO - Started process (PID=571) to work on /home/airflow/.local/lib/python3.12/site-packages/airflow/example_dags/example_nested_branch_dag.py
[2025-02-01T13:38:52.025+0000] {processor.py:914} INFO - Processing file /home/airflow/.local/lib/python3.12/site-packages/airflow/example_dags/example_nested_branch_dag.py for tasks to queue
[2025-02-01T13:38:52.029+0000] {logging_mixin.py:190} INFO - [2025-02-01T13:38:52.029+0000] {dagbag.py:588} INFO - Filling up the DagBag from /home/airflow/.local/lib/python3.12/site-packages/airflow/example_dags/example_nested_branch_dag.py
[2025-02-01T13:38:52.035+0000] {processor.py:925} INFO - DAG(s) 'example_nested_branch_dag' retrieved from /home/airflow/.local/lib/python3.12/site-packages/airflow/example_dags/example_nested_branch_dag.py
[2025-02-01T13:38:52.046+0000] {logging_mixin.py:190} INFO - [2025-02-01T13:38:52.046+0000] {dag.py:3239} INFO - Sync 1 DAGs
[2025-02-01T13:38:52.057+0000] {logging_mixin.py:190} INFO - [2025-02-01T13:38:52.057+0000] {dag.py:4180} INFO - Setting next_dagrun for example_nested_branch_dag to 2025-01-31 00:00:00+00:00, run_after=2025-02-01 00:00:00+00:00
[2025-02-01T13:38:52.071+0000] {processor.py:208} INFO - Processing /home/airflow/.local/lib/python3.12/site-packages/airflow/example_dags/example_nested_branch_dag.py took 0.050 seconds
[2025-02-01T13:39:23.425+0000] {processor.py:186} INFO - Started process (PID=637) to work on /home/airflow/.local/lib/python3.12/site-packages/airflow/example_dags/example_nested_branch_dag.py
[2025-02-01T13:39:23.426+0000] {processor.py:914} INFO - Processing file /home/airflow/.local/lib/python3.12/site-packages/airflow/example_dags/example_nested_branch_dag.py for tasks to queue
[2025-02-01T13:39:23.427+0000] {logging_mixin.py:190} INFO - [2025-02-01T13:39:23.427+0000] {dagbag.py:588} INFO - Filling up the DagBag from /home/airflow/.local/lib/python3.12/site-packages/airflow/example_dags/example_nested_branch_dag.py
[2025-02-01T13:39:23.434+0000] {processor.py:925} INFO - DAG(s) 'example_nested_branch_dag' retrieved from /home/airflow/.local/lib/python3.12/site-packages/airflow/example_dags/example_nested_branch_dag.py
[2025-02-01T13:39:23.446+0000] {logging_mixin.py:190} INFO - [2025-02-01T13:39:23.446+0000] {dag.py:3239} INFO - Sync 1 DAGs
[2025-02-01T13:39:23.462+0000] {logging_mixin.py:190} INFO - [2025-02-01T13:39:23.462+0000] {dag.py:4180} INFO - Setting next_dagrun for example_nested_branch_dag to 2025-01-31 00:00:00+00:00, run_after=2025-02-01 00:00:00+00:00
[2025-02-01T13:39:23.472+0000] {processor.py:208} INFO - Processing /home/airflow/.local/lib/python3.12/site-packages/airflow/example_dags/example_nested_branch_dag.py took 0.050 seconds
[2025-02-01T13:39:53.802+0000] {processor.py:186} INFO - Started process (PID=703) to work on /home/airflow/.local/lib/python3.12/site-packages/airflow/example_dags/example_nested_branch_dag.py
[2025-02-01T13:39:53.803+0000] {processor.py:914} INFO - Processing file /home/airflow/.local/lib/python3.12/site-packages/airflow/example_dags/example_nested_branch_dag.py for tasks to queue
[2025-02-01T13:39:53.804+0000] {logging_mixin.py:190} INFO - [2025-02-01T13:39:53.804+0000] {dagbag.py:588} INFO - Filling up the DagBag from /home/airflow/.local/lib/python3.12/site-packages/airflow/example_dags/example_nested_branch_dag.py
[2025-02-01T13:39:53.809+0000] {processor.py:925} INFO - DAG(s) 'example_nested_branch_dag' retrieved from /home/airflow/.local/lib/python3.12/site-packages/airflow/example_dags/example_nested_branch_dag.py
[2025-02-01T13:39:53.824+0000] {logging_mixin.py:190} INFO - [2025-02-01T13:39:53.824+0000] {dag.py:3239} INFO - Sync 1 DAGs
[2025-02-01T13:39:53.838+0000] {logging_mixin.py:190} INFO - [2025-02-01T13:39:53.838+0000] {dag.py:4180} INFO - Setting next_dagrun for example_nested_branch_dag to 2025-01-31 00:00:00+00:00, run_after=2025-02-01 00:00:00+00:00
[2025-02-01T13:39:53.848+0000] {processor.py:208} INFO - Processing /home/airflow/.local/lib/python3.12/site-packages/airflow/example_dags/example_nested_branch_dag.py took 0.049 seconds
[2025-02-01T13:40:24.657+0000] {processor.py:186} INFO - Started process (PID=769) to work on /home/airflow/.local/lib/python3.12/site-packages/airflow/example_dags/example_nested_branch_dag.py
[2025-02-01T13:40:24.658+0000] {processor.py:914} INFO - Processing file /home/airflow/.local/lib/python3.12/site-packages/airflow/example_dags/example_nested_branch_dag.py for tasks to queue
[2025-02-01T13:40:24.659+0000] {logging_mixin.py:190} INFO - [2025-02-01T13:40:24.659+0000] {dagbag.py:588} INFO - Filling up the DagBag from /home/airflow/.local/lib/python3.12/site-packages/airflow/example_dags/example_nested_branch_dag.py
[2025-02-01T13:40:24.664+0000] {processor.py:925} INFO - DAG(s) 'example_nested_branch_dag' retrieved from /home/airflow/.local/lib/python3.12/site-packages/airflow/example_dags/example_nested_branch_dag.py
[2025-02-01T13:40:24.673+0000] {logging_mixin.py:190} INFO - [2025-02-01T13:40:24.673+0000] {dag.py:3239} INFO - Sync 1 DAGs
[2025-02-01T13:40:24.683+0000] {logging_mixin.py:190} INFO - [2025-02-01T13:40:24.683+0000] {dag.py:4180} INFO - Setting next_dagrun for example_nested_branch_dag to 2025-01-31 00:00:00+00:00, run_after=2025-02-01 00:00:00+00:00
[2025-02-01T13:40:24.691+0000] {processor.py:208} INFO - Processing /home/airflow/.local/lib/python3.12/site-packages/airflow/example_dags/example_nested_branch_dag.py took 0.036 seconds
[2025-02-01T13:40:55.637+0000] {processor.py:186} INFO - Started process (PID=835) to work on /home/airflow/.local/lib/python3.12/site-packages/airflow/example_dags/example_nested_branch_dag.py
[2025-02-01T13:40:55.638+0000] {processor.py:914} INFO - Processing file /home/airflow/.local/lib/python3.12/site-packages/airflow/example_dags/example_nested_branch_dag.py for tasks to queue
[2025-02-01T13:40:55.639+0000] {logging_mixin.py:190} INFO - [2025-02-01T13:40:55.639+0000] {dagbag.py:588} INFO - Filling up the DagBag from /home/airflow/.local/lib/python3.12/site-packages/airflow/example_dags/example_nested_branch_dag.py
[2025-02-01T13:40:55.645+0000] {processor.py:925} INFO - DAG(s) 'example_nested_branch_dag' retrieved from /home/airflow/.local/lib/python3.12/site-packages/airflow/example_dags/example_nested_branch_dag.py
[2025-02-01T13:40:55.656+0000] {logging_mixin.py:190} INFO - [2025-02-01T13:40:55.656+0000] {dag.py:3239} INFO - Sync 1 DAGs
[2025-02-01T13:40:55.667+0000] {logging_mixin.py:190} INFO - [2025-02-01T13:40:55.667+0000] {dag.py:4180} INFO - Setting next_dagrun for example_nested_branch_dag to 2025-01-31 00:00:00+00:00, run_after=2025-02-01 00:00:00+00:00
[2025-02-01T13:40:55.681+0000] {processor.py:208} INFO - Processing /home/airflow/.local/lib/python3.12/site-packages/airflow/example_dags/example_nested_branch_dag.py took 0.047 seconds
[2025-02-01T13:41:27.182+0000] {processor.py:186} INFO - Started process (PID=901) to work on /home/airflow/.local/lib/python3.12/site-packages/airflow/example_dags/example_nested_branch_dag.py
[2025-02-01T13:41:27.182+0000] {processor.py:914} INFO - Processing file /home/airflow/.local/lib/python3.12/site-packages/airflow/example_dags/example_nested_branch_dag.py for tasks to queue
[2025-02-01T13:41:27.184+0000] {logging_mixin.py:190} INFO - [2025-02-01T13:41:27.184+0000] {dagbag.py:588} INFO - Filling up the DagBag from /home/airflow/.local/lib/python3.12/site-packages/airflow/example_dags/example_nested_branch_dag.py
[2025-02-01T13:41:27.189+0000] {processor.py:925} INFO - DAG(s) 'example_nested_branch_dag' retrieved from /home/airflow/.local/lib/python3.12/site-packages/airflow/example_dags/example_nested_branch_dag.py
[2025-02-01T13:41:27.199+0000] {logging_mixin.py:190} INFO - [2025-02-01T13:41:27.199+0000] {dag.py:3239} INFO - Sync 1 DAGs
[2025-02-01T13:41:27.212+0000] {logging_mixin.py:190} INFO - [2025-02-01T13:41:27.212+0000] {dag.py:4180} INFO - Setting next_dagrun for example_nested_branch_dag to 2025-01-31 00:00:00+00:00, run_after=2025-02-01 00:00:00+00:00
[2025-02-01T13:41:27.219+0000] {processor.py:208} INFO - Processing /home/airflow/.local/lib/python3.12/site-packages/airflow/example_dags/example_nested_branch_dag.py took 0.040 seconds
[2025-02-01T13:41:57.757+0000] {processor.py:186} INFO - Started process (PID=967) to work on /home/airflow/.local/lib/python3.12/site-packages/airflow/example_dags/example_nested_branch_dag.py
[2025-02-01T13:41:57.759+0000] {processor.py:914} INFO - Processing file /home/airflow/.local/lib/python3.12/site-packages/airflow/example_dags/example_nested_branch_dag.py for tasks to queue
[2025-02-01T13:41:57.761+0000] {logging_mixin.py:190} INFO - [2025-02-01T13:41:57.761+0000] {dagbag.py:588} INFO - Filling up the DagBag from /home/airflow/.local/lib/python3.12/site-packages/airflow/example_dags/example_nested_branch_dag.py
[2025-02-01T13:41:57.769+0000] {processor.py:925} INFO - DAG(s) 'example_nested_branch_dag' retrieved from /home/airflow/.local/lib/python3.12/site-packages/airflow/example_dags/example_nested_branch_dag.py
[2025-02-01T13:41:57.793+0000] {logging_mixin.py:190} INFO - [2025-02-01T13:41:57.793+0000] {dag.py:3239} INFO - Sync 1 DAGs
[2025-02-01T13:41:57.812+0000] {logging_mixin.py:190} INFO - [2025-02-01T13:41:57.812+0000] {dag.py:4180} INFO - Setting next_dagrun for example_nested_branch_dag to 2025-01-31 00:00:00+00:00, run_after=2025-02-01 00:00:00+00:00
[2025-02-01T13:41:57.852+0000] {processor.py:208} INFO - Processing /home/airflow/.local/lib/python3.12/site-packages/airflow/example_dags/example_nested_branch_dag.py took 0.098 seconds
[2025-02-01T14:45:47.096+0000] {processor.py:186} INFO - Started process (PID=112) to work on /home/airflow/.local/lib/python3.12/site-packages/airflow/example_dags/example_nested_branch_dag.py
[2025-02-01T14:45:47.100+0000] {processor.py:914} INFO - Processing file /home/airflow/.local/lib/python3.12/site-packages/airflow/example_dags/example_nested_branch_dag.py for tasks to queue
[2025-02-01T14:45:47.103+0000] {logging_mixin.py:190} INFO - [2025-02-01T14:45:47.103+0000] {dagbag.py:588} INFO - Filling up the DagBag from /home/airflow/.local/lib/python3.12/site-packages/airflow/example_dags/example_nested_branch_dag.py
[2025-02-01T14:45:47.112+0000] {processor.py:925} INFO - DAG(s) 'example_nested_branch_dag' retrieved from /home/airflow/.local/lib/python3.12/site-packages/airflow/example_dags/example_nested_branch_dag.py
[2025-02-01T14:45:47.142+0000] {logging_mixin.py:190} INFO - [2025-02-01T14:45:47.142+0000] {dag.py:3239} INFO - Sync 1 DAGs
[2025-02-01T14:45:47.158+0000] {logging_mixin.py:190} INFO - [2025-02-01T14:45:47.157+0000] {dag.py:4180} INFO - Setting next_dagrun for example_nested_branch_dag to 2025-01-31 00:00:00+00:00, run_after=2025-02-01 00:00:00+00:00
[2025-02-01T14:45:47.171+0000] {processor.py:208} INFO - Processing /home/airflow/.local/lib/python3.12/site-packages/airflow/example_dags/example_nested_branch_dag.py took 0.078 seconds
[2025-02-01T14:46:17.544+0000] {processor.py:186} INFO - Started process (PID=176) to work on /home/airflow/.local/lib/python3.12/site-packages/airflow/example_dags/example_nested_branch_dag.py
[2025-02-01T14:46:17.544+0000] {processor.py:914} INFO - Processing file /home/airflow/.local/lib/python3.12/site-packages/airflow/example_dags/example_nested_branch_dag.py for tasks to queue
[2025-02-01T14:46:17.550+0000] {logging_mixin.py:190} INFO - [2025-02-01T14:46:17.549+0000] {dagbag.py:588} INFO - Filling up the DagBag from /home/airflow/.local/lib/python3.12/site-packages/airflow/example_dags/example_nested_branch_dag.py
[2025-02-01T14:46:17.560+0000] {processor.py:925} INFO - DAG(s) 'example_nested_branch_dag' retrieved from /home/airflow/.local/lib/python3.12/site-packages/airflow/example_dags/example_nested_branch_dag.py
[2025-02-01T14:46:17.578+0000] {logging_mixin.py:190} INFO - [2025-02-01T14:46:17.578+0000] {dag.py:3239} INFO - Sync 1 DAGs
[2025-02-01T14:46:17.590+0000] {logging_mixin.py:190} INFO - [2025-02-01T14:46:17.590+0000] {dag.py:4180} INFO - Setting next_dagrun for example_nested_branch_dag to 2025-01-31 00:00:00+00:00, run_after=2025-02-01 00:00:00+00:00
[2025-02-01T14:46:17.603+0000] {processor.py:208} INFO - Processing /home/airflow/.local/lib/python3.12/site-packages/airflow/example_dags/example_nested_branch_dag.py took 0.062 seconds
[2025-02-01T14:46:48.592+0000] {processor.py:186} INFO - Started process (PID=243) to work on /home/airflow/.local/lib/python3.12/site-packages/airflow/example_dags/example_nested_branch_dag.py
[2025-02-01T14:46:48.592+0000] {processor.py:914} INFO - Processing file /home/airflow/.local/lib/python3.12/site-packages/airflow/example_dags/example_nested_branch_dag.py for tasks to queue
[2025-02-01T14:46:48.594+0000] {logging_mixin.py:190} INFO - [2025-02-01T14:46:48.593+0000] {dagbag.py:588} INFO - Filling up the DagBag from /home/airflow/.local/lib/python3.12/site-packages/airflow/example_dags/example_nested_branch_dag.py
[2025-02-01T14:46:48.599+0000] {processor.py:925} INFO - DAG(s) 'example_nested_branch_dag' retrieved from /home/airflow/.local/lib/python3.12/site-packages/airflow/example_dags/example_nested_branch_dag.py
[2025-02-01T14:46:48.610+0000] {logging_mixin.py:190} INFO - [2025-02-01T14:46:48.610+0000] {dag.py:3239} INFO - Sync 1 DAGs
[2025-02-01T14:46:48.622+0000] {logging_mixin.py:190} INFO - [2025-02-01T14:46:48.622+0000] {dag.py:4180} INFO - Setting next_dagrun for example_nested_branch_dag to 2025-01-31 00:00:00+00:00, run_after=2025-02-01 00:00:00+00:00
[2025-02-01T14:46:48.632+0000] {processor.py:208} INFO - Processing /home/airflow/.local/lib/python3.12/site-packages/airflow/example_dags/example_nested_branch_dag.py took 0.043 seconds
[2025-02-01T14:47:19.890+0000] {processor.py:186} INFO - Started process (PID=309) to work on /home/airflow/.local/lib/python3.12/site-packages/airflow/example_dags/example_nested_branch_dag.py
[2025-02-01T14:47:19.892+0000] {processor.py:914} INFO - Processing file /home/airflow/.local/lib/python3.12/site-packages/airflow/example_dags/example_nested_branch_dag.py for tasks to queue
[2025-02-01T14:47:19.897+0000] {logging_mixin.py:190} INFO - [2025-02-01T14:47:19.897+0000] {dagbag.py:588} INFO - Filling up the DagBag from /home/airflow/.local/lib/python3.12/site-packages/airflow/example_dags/example_nested_branch_dag.py
[2025-02-01T14:47:19.908+0000] {processor.py:925} INFO - DAG(s) 'example_nested_branch_dag' retrieved from /home/airflow/.local/lib/python3.12/site-packages/airflow/example_dags/example_nested_branch_dag.py
[2025-02-01T14:47:19.942+0000] {logging_mixin.py:190} INFO - [2025-02-01T14:47:19.942+0000] {dag.py:3239} INFO - Sync 1 DAGs
[2025-02-01T14:47:19.981+0000] {logging_mixin.py:190} INFO - [2025-02-01T14:47:19.981+0000] {dag.py:4180} INFO - Setting next_dagrun for example_nested_branch_dag to 2025-01-31 00:00:00+00:00, run_after=2025-02-01 00:00:00+00:00
[2025-02-01T14:47:20.024+0000] {processor.py:208} INFO - Processing /home/airflow/.local/lib/python3.12/site-packages/airflow/example_dags/example_nested_branch_dag.py took 0.139 seconds
[2025-02-01T14:47:50.734+0000] {processor.py:186} INFO - Started process (PID=375) to work on /home/airflow/.local/lib/python3.12/site-packages/airflow/example_dags/example_nested_branch_dag.py
[2025-02-01T14:47:50.734+0000] {processor.py:914} INFO - Processing file /home/airflow/.local/lib/python3.12/site-packages/airflow/example_dags/example_nested_branch_dag.py for tasks to queue
[2025-02-01T14:47:50.735+0000] {logging_mixin.py:190} INFO - [2025-02-01T14:47:50.735+0000] {dagbag.py:588} INFO - Filling up the DagBag from /home/airflow/.local/lib/python3.12/site-packages/airflow/example_dags/example_nested_branch_dag.py
[2025-02-01T14:47:50.741+0000] {processor.py:925} INFO - DAG(s) 'example_nested_branch_dag' retrieved from /home/airflow/.local/lib/python3.12/site-packages/airflow/example_dags/example_nested_branch_dag.py
[2025-02-01T14:47:50.755+0000] {logging_mixin.py:190} INFO - [2025-02-01T14:47:50.755+0000] {dag.py:3239} INFO - Sync 1 DAGs
[2025-02-01T14:47:50.767+0000] {logging_mixin.py:190} INFO - [2025-02-01T14:47:50.766+0000] {dag.py:4180} INFO - Setting next_dagrun for example_nested_branch_dag to 2025-01-31 00:00:00+00:00, run_after=2025-02-01 00:00:00+00:00
[2025-02-01T14:47:50.775+0000] {processor.py:208} INFO - Processing /home/airflow/.local/lib/python3.12/site-packages/airflow/example_dags/example_nested_branch_dag.py took 0.045 seconds
[2025-02-01T14:48:21.572+0000] {processor.py:186} INFO - Started process (PID=441) to work on /home/airflow/.local/lib/python3.12/site-packages/airflow/example_dags/example_nested_branch_dag.py
[2025-02-01T14:48:21.573+0000] {processor.py:914} INFO - Processing file /home/airflow/.local/lib/python3.12/site-packages/airflow/example_dags/example_nested_branch_dag.py for tasks to queue
[2025-02-01T14:48:21.574+0000] {logging_mixin.py:190} INFO - [2025-02-01T14:48:21.574+0000] {dagbag.py:588} INFO - Filling up the DagBag from /home/airflow/.local/lib/python3.12/site-packages/airflow/example_dags/example_nested_branch_dag.py
[2025-02-01T14:48:21.579+0000] {processor.py:925} INFO - DAG(s) 'example_nested_branch_dag' retrieved from /home/airflow/.local/lib/python3.12/site-packages/airflow/example_dags/example_nested_branch_dag.py
[2025-02-01T14:48:21.590+0000] {logging_mixin.py:190} INFO - [2025-02-01T14:48:21.590+0000] {dag.py:3239} INFO - Sync 1 DAGs
[2025-02-01T14:48:21.600+0000] {logging_mixin.py:190} INFO - [2025-02-01T14:48:21.599+0000] {dag.py:4180} INFO - Setting next_dagrun for example_nested_branch_dag to 2025-01-31 00:00:00+00:00, run_after=2025-02-01 00:00:00+00:00
[2025-02-01T14:48:21.612+0000] {processor.py:208} INFO - Processing /home/airflow/.local/lib/python3.12/site-packages/airflow/example_dags/example_nested_branch_dag.py took 0.042 seconds
[2025-02-01T14:48:52.636+0000] {processor.py:186} INFO - Started process (PID=507) to work on /home/airflow/.local/lib/python3.12/site-packages/airflow/example_dags/example_nested_branch_dag.py
[2025-02-01T14:48:52.637+0000] {processor.py:914} INFO - Processing file /home/airflow/.local/lib/python3.12/site-packages/airflow/example_dags/example_nested_branch_dag.py for tasks to queue
[2025-02-01T14:48:52.638+0000] {logging_mixin.py:190} INFO - [2025-02-01T14:48:52.638+0000] {dagbag.py:588} INFO - Filling up the DagBag from /home/airflow/.local/lib/python3.12/site-packages/airflow/example_dags/example_nested_branch_dag.py
[2025-02-01T14:48:52.644+0000] {processor.py:925} INFO - DAG(s) 'example_nested_branch_dag' retrieved from /home/airflow/.local/lib/python3.12/site-packages/airflow/example_dags/example_nested_branch_dag.py
[2025-02-01T14:48:52.655+0000] {logging_mixin.py:190} INFO - [2025-02-01T14:48:52.655+0000] {dag.py:3239} INFO - Sync 1 DAGs
[2025-02-01T14:48:52.664+0000] {logging_mixin.py:190} INFO - [2025-02-01T14:48:52.664+0000] {dag.py:4180} INFO - Setting next_dagrun for example_nested_branch_dag to 2025-01-31 00:00:00+00:00, run_after=2025-02-01 00:00:00+00:00
[2025-02-01T14:48:52.671+0000] {processor.py:208} INFO - Processing /home/airflow/.local/lib/python3.12/site-packages/airflow/example_dags/example_nested_branch_dag.py took 0.038 seconds
[2025-02-01T14:49:23.605+0000] {processor.py:186} INFO - Started process (PID=573) to work on /home/airflow/.local/lib/python3.12/site-packages/airflow/example_dags/example_nested_branch_dag.py
[2025-02-01T14:49:23.606+0000] {processor.py:914} INFO - Processing file /home/airflow/.local/lib/python3.12/site-packages/airflow/example_dags/example_nested_branch_dag.py for tasks to queue
[2025-02-01T14:49:23.608+0000] {logging_mixin.py:190} INFO - [2025-02-01T14:49:23.608+0000] {dagbag.py:588} INFO - Filling up the DagBag from /home/airflow/.local/lib/python3.12/site-packages/airflow/example_dags/example_nested_branch_dag.py
[2025-02-01T14:49:23.613+0000] {processor.py:925} INFO - DAG(s) 'example_nested_branch_dag' retrieved from /home/airflow/.local/lib/python3.12/site-packages/airflow/example_dags/example_nested_branch_dag.py
[2025-02-01T14:49:23.624+0000] {logging_mixin.py:190} INFO - [2025-02-01T14:49:23.624+0000] {dag.py:3239} INFO - Sync 1 DAGs
[2025-02-01T14:49:23.633+0000] {logging_mixin.py:190} INFO - [2025-02-01T14:49:23.633+0000] {dag.py:4180} INFO - Setting next_dagrun for example_nested_branch_dag to 2025-01-31 00:00:00+00:00, run_after=2025-02-01 00:00:00+00:00
[2025-02-01T14:49:23.642+0000] {processor.py:208} INFO - Processing /home/airflow/.local/lib/python3.12/site-packages/airflow/example_dags/example_nested_branch_dag.py took 0.039 seconds
[2025-02-01T14:49:54.810+0000] {processor.py:186} INFO - Started process (PID=639) to work on /home/airflow/.local/lib/python3.12/site-packages/airflow/example_dags/example_nested_branch_dag.py
[2025-02-01T14:49:54.810+0000] {processor.py:914} INFO - Processing file /home/airflow/.local/lib/python3.12/site-packages/airflow/example_dags/example_nested_branch_dag.py for tasks to queue
[2025-02-01T14:49:54.811+0000] {logging_mixin.py:190} INFO - [2025-02-01T14:49:54.811+0000] {dagbag.py:588} INFO - Filling up the DagBag from /home/airflow/.local/lib/python3.12/site-packages/airflow/example_dags/example_nested_branch_dag.py
[2025-02-01T14:49:54.817+0000] {processor.py:925} INFO - DAG(s) 'example_nested_branch_dag' retrieved from /home/airflow/.local/lib/python3.12/site-packages/airflow/example_dags/example_nested_branch_dag.py
[2025-02-01T14:49:54.829+0000] {logging_mixin.py:190} INFO - [2025-02-01T14:49:54.829+0000] {dag.py:3239} INFO - Sync 1 DAGs
[2025-02-01T14:49:54.838+0000] {logging_mixin.py:190} INFO - [2025-02-01T14:49:54.838+0000] {dag.py:4180} INFO - Setting next_dagrun for example_nested_branch_dag to 2025-01-31 00:00:00+00:00, run_after=2025-02-01 00:00:00+00:00
[2025-02-01T14:49:54.846+0000] {processor.py:208} INFO - Processing /home/airflow/.local/lib/python3.12/site-packages/airflow/example_dags/example_nested_branch_dag.py took 0.039 seconds
[2025-02-01T14:50:25.689+0000] {processor.py:186} INFO - Started process (PID=705) to work on /home/airflow/.local/lib/python3.12/site-packages/airflow/example_dags/example_nested_branch_dag.py
[2025-02-01T14:50:25.691+0000] {processor.py:914} INFO - Processing file /home/airflow/.local/lib/python3.12/site-packages/airflow/example_dags/example_nested_branch_dag.py for tasks to queue
[2025-02-01T14:50:25.692+0000] {logging_mixin.py:190} INFO - [2025-02-01T14:50:25.692+0000] {dagbag.py:588} INFO - Filling up the DagBag from /home/airflow/.local/lib/python3.12/site-packages/airflow/example_dags/example_nested_branch_dag.py
[2025-02-01T14:50:25.698+0000] {processor.py:925} INFO - DAG(s) 'example_nested_branch_dag' retrieved from /home/airflow/.local/lib/python3.12/site-packages/airflow/example_dags/example_nested_branch_dag.py
[2025-02-01T14:50:25.710+0000] {logging_mixin.py:190} INFO - [2025-02-01T14:50:25.710+0000] {dag.py:3239} INFO - Sync 1 DAGs
[2025-02-01T14:50:25.721+0000] {logging_mixin.py:190} INFO - [2025-02-01T14:50:25.721+0000] {dag.py:4180} INFO - Setting next_dagrun for example_nested_branch_dag to 2025-01-31 00:00:00+00:00, run_after=2025-02-01 00:00:00+00:00
[2025-02-01T14:50:25.729+0000] {processor.py:208} INFO - Processing /home/airflow/.local/lib/python3.12/site-packages/airflow/example_dags/example_nested_branch_dag.py took 0.043 seconds
[2025-02-01T14:50:56.722+0000] {processor.py:186} INFO - Started process (PID=771) to work on /home/airflow/.local/lib/python3.12/site-packages/airflow/example_dags/example_nested_branch_dag.py
[2025-02-01T14:50:56.723+0000] {processor.py:914} INFO - Processing file /home/airflow/.local/lib/python3.12/site-packages/airflow/example_dags/example_nested_branch_dag.py for tasks to queue
[2025-02-01T14:50:56.724+0000] {logging_mixin.py:190} INFO - [2025-02-01T14:50:56.724+0000] {dagbag.py:588} INFO - Filling up the DagBag from /home/airflow/.local/lib/python3.12/site-packages/airflow/example_dags/example_nested_branch_dag.py
[2025-02-01T14:50:56.731+0000] {processor.py:925} INFO - DAG(s) 'example_nested_branch_dag' retrieved from /home/airflow/.local/lib/python3.12/site-packages/airflow/example_dags/example_nested_branch_dag.py
[2025-02-01T14:50:56.742+0000] {logging_mixin.py:190} INFO - [2025-02-01T14:50:56.742+0000] {dag.py:3239} INFO - Sync 1 DAGs
[2025-02-01T14:50:56.753+0000] {logging_mixin.py:190} INFO - [2025-02-01T14:50:56.752+0000] {dag.py:4180} INFO - Setting next_dagrun for example_nested_branch_dag to 2025-01-31 00:00:00+00:00, run_after=2025-02-01 00:00:00+00:00
[2025-02-01T14:50:56.766+0000] {processor.py:208} INFO - Processing /home/airflow/.local/lib/python3.12/site-packages/airflow/example_dags/example_nested_branch_dag.py took 0.047 seconds
[2025-02-01T14:51:27.812+0000] {processor.py:186} INFO - Started process (PID=837) to work on /home/airflow/.local/lib/python3.12/site-packages/airflow/example_dags/example_nested_branch_dag.py
[2025-02-01T14:51:27.813+0000] {processor.py:914} INFO - Processing file /home/airflow/.local/lib/python3.12/site-packages/airflow/example_dags/example_nested_branch_dag.py for tasks to queue
[2025-02-01T14:51:27.815+0000] {logging_mixin.py:190} INFO - [2025-02-01T14:51:27.815+0000] {dagbag.py:588} INFO - Filling up the DagBag from /home/airflow/.local/lib/python3.12/site-packages/airflow/example_dags/example_nested_branch_dag.py
[2025-02-01T14:51:27.822+0000] {processor.py:925} INFO - DAG(s) 'example_nested_branch_dag' retrieved from /home/airflow/.local/lib/python3.12/site-packages/airflow/example_dags/example_nested_branch_dag.py
[2025-02-01T14:51:27.834+0000] {logging_mixin.py:190} INFO - [2025-02-01T14:51:27.834+0000] {dag.py:3239} INFO - Sync 1 DAGs
[2025-02-01T14:51:27.845+0000] {logging_mixin.py:190} INFO - [2025-02-01T14:51:27.845+0000] {dag.py:4180} INFO - Setting next_dagrun for example_nested_branch_dag to 2025-01-31 00:00:00+00:00, run_after=2025-02-01 00:00:00+00:00
[2025-02-01T14:51:27.856+0000] {processor.py:208} INFO - Processing /home/airflow/.local/lib/python3.12/site-packages/airflow/example_dags/example_nested_branch_dag.py took 0.047 seconds
[2025-02-01T14:51:59.442+0000] {processor.py:186} INFO - Started process (PID=903) to work on /home/airflow/.local/lib/python3.12/site-packages/airflow/example_dags/example_nested_branch_dag.py
[2025-02-01T14:51:59.442+0000] {processor.py:914} INFO - Processing file /home/airflow/.local/lib/python3.12/site-packages/airflow/example_dags/example_nested_branch_dag.py for tasks to queue
[2025-02-01T14:51:59.444+0000] {logging_mixin.py:190} INFO - [2025-02-01T14:51:59.444+0000] {dagbag.py:588} INFO - Filling up the DagBag from /home/airflow/.local/lib/python3.12/site-packages/airflow/example_dags/example_nested_branch_dag.py
[2025-02-01T14:51:59.450+0000] {processor.py:925} INFO - DAG(s) 'example_nested_branch_dag' retrieved from /home/airflow/.local/lib/python3.12/site-packages/airflow/example_dags/example_nested_branch_dag.py
[2025-02-01T14:51:59.465+0000] {logging_mixin.py:190} INFO - [2025-02-01T14:51:59.464+0000] {dag.py:3239} INFO - Sync 1 DAGs
[2025-02-01T14:51:59.477+0000] {logging_mixin.py:190} INFO - [2025-02-01T14:51:59.477+0000] {dag.py:4180} INFO - Setting next_dagrun for example_nested_branch_dag to 2025-01-31 00:00:00+00:00, run_after=2025-02-01 00:00:00+00:00
[2025-02-01T14:51:59.484+0000] {processor.py:208} INFO - Processing /home/airflow/.local/lib/python3.12/site-packages/airflow/example_dags/example_nested_branch_dag.py took 0.045 seconds
[2025-02-01T14:52:30.931+0000] {processor.py:186} INFO - Started process (PID=969) to work on /home/airflow/.local/lib/python3.12/site-packages/airflow/example_dags/example_nested_branch_dag.py
[2025-02-01T14:52:30.935+0000] {processor.py:914} INFO - Processing file /home/airflow/.local/lib/python3.12/site-packages/airflow/example_dags/example_nested_branch_dag.py for tasks to queue
[2025-02-01T14:52:30.938+0000] {logging_mixin.py:190} INFO - [2025-02-01T14:52:30.938+0000] {dagbag.py:588} INFO - Filling up the DagBag from /home/airflow/.local/lib/python3.12/site-packages/airflow/example_dags/example_nested_branch_dag.py
[2025-02-01T14:52:30.947+0000] {processor.py:925} INFO - DAG(s) 'example_nested_branch_dag' retrieved from /home/airflow/.local/lib/python3.12/site-packages/airflow/example_dags/example_nested_branch_dag.py
[2025-02-01T14:52:30.965+0000] {logging_mixin.py:190} INFO - [2025-02-01T14:52:30.964+0000] {dag.py:3239} INFO - Sync 1 DAGs
[2025-02-01T14:52:30.981+0000] {logging_mixin.py:190} INFO - [2025-02-01T14:52:30.981+0000] {dag.py:4180} INFO - Setting next_dagrun for example_nested_branch_dag to 2025-01-31 00:00:00+00:00, run_after=2025-02-01 00:00:00+00:00
[2025-02-01T14:52:30.992+0000] {processor.py:208} INFO - Processing /home/airflow/.local/lib/python3.12/site-packages/airflow/example_dags/example_nested_branch_dag.py took 0.065 seconds
[2025-02-01T14:53:01.256+0000] {processor.py:186} INFO - Started process (PID=1035) to work on /home/airflow/.local/lib/python3.12/site-packages/airflow/example_dags/example_nested_branch_dag.py
[2025-02-01T14:53:01.256+0000] {processor.py:914} INFO - Processing file /home/airflow/.local/lib/python3.12/site-packages/airflow/example_dags/example_nested_branch_dag.py for tasks to queue
[2025-02-01T14:53:01.258+0000] {logging_mixin.py:190} INFO - [2025-02-01T14:53:01.258+0000] {dagbag.py:588} INFO - Filling up the DagBag from /home/airflow/.local/lib/python3.12/site-packages/airflow/example_dags/example_nested_branch_dag.py
[2025-02-01T14:53:01.266+0000] {processor.py:925} INFO - DAG(s) 'example_nested_branch_dag' retrieved from /home/airflow/.local/lib/python3.12/site-packages/airflow/example_dags/example_nested_branch_dag.py
[2025-02-01T14:53:01.283+0000] {logging_mixin.py:190} INFO - [2025-02-01T14:53:01.283+0000] {dag.py:3239} INFO - Sync 1 DAGs
[2025-02-01T14:53:01.300+0000] {logging_mixin.py:190} INFO - [2025-02-01T14:53:01.300+0000] {dag.py:4180} INFO - Setting next_dagrun for example_nested_branch_dag to 2025-01-31 00:00:00+00:00, run_after=2025-02-01 00:00:00+00:00
[2025-02-01T14:53:01.311+0000] {processor.py:208} INFO - Processing /home/airflow/.local/lib/python3.12/site-packages/airflow/example_dags/example_nested_branch_dag.py took 0.059 seconds
[2025-02-01T14:53:32.178+0000] {processor.py:186} INFO - Started process (PID=1101) to work on /home/airflow/.local/lib/python3.12/site-packages/airflow/example_dags/example_nested_branch_dag.py
[2025-02-01T14:53:32.179+0000] {processor.py:914} INFO - Processing file /home/airflow/.local/lib/python3.12/site-packages/airflow/example_dags/example_nested_branch_dag.py for tasks to queue
[2025-02-01T14:53:32.180+0000] {logging_mixin.py:190} INFO - [2025-02-01T14:53:32.180+0000] {dagbag.py:588} INFO - Filling up the DagBag from /home/airflow/.local/lib/python3.12/site-packages/airflow/example_dags/example_nested_branch_dag.py
[2025-02-01T14:53:32.186+0000] {processor.py:925} INFO - DAG(s) 'example_nested_branch_dag' retrieved from /home/airflow/.local/lib/python3.12/site-packages/airflow/example_dags/example_nested_branch_dag.py
[2025-02-01T14:53:32.195+0000] {logging_mixin.py:190} INFO - [2025-02-01T14:53:32.195+0000] {dag.py:3239} INFO - Sync 1 DAGs
[2025-02-01T14:53:32.205+0000] {logging_mixin.py:190} INFO - [2025-02-01T14:53:32.205+0000] {dag.py:4180} INFO - Setting next_dagrun for example_nested_branch_dag to 2025-01-31 00:00:00+00:00, run_after=2025-02-01 00:00:00+00:00
[2025-02-01T14:53:32.213+0000] {processor.py:208} INFO - Processing /home/airflow/.local/lib/python3.12/site-packages/airflow/example_dags/example_nested_branch_dag.py took 0.037 seconds
[2025-02-01T14:54:03.299+0000] {processor.py:186} INFO - Started process (PID=1167) to work on /home/airflow/.local/lib/python3.12/site-packages/airflow/example_dags/example_nested_branch_dag.py
[2025-02-01T14:54:03.301+0000] {processor.py:914} INFO - Processing file /home/airflow/.local/lib/python3.12/site-packages/airflow/example_dags/example_nested_branch_dag.py for tasks to queue
[2025-02-01T14:54:03.303+0000] {logging_mixin.py:190} INFO - [2025-02-01T14:54:03.303+0000] {dagbag.py:588} INFO - Filling up the DagBag from /home/airflow/.local/lib/python3.12/site-packages/airflow/example_dags/example_nested_branch_dag.py
[2025-02-01T14:54:03.310+0000] {processor.py:925} INFO - DAG(s) 'example_nested_branch_dag' retrieved from /home/airflow/.local/lib/python3.12/site-packages/airflow/example_dags/example_nested_branch_dag.py
[2025-02-01T14:54:03.321+0000] {logging_mixin.py:190} INFO - [2025-02-01T14:54:03.321+0000] {dag.py:3239} INFO - Sync 1 DAGs
[2025-02-01T14:54:03.334+0000] {logging_mixin.py:190} INFO - [2025-02-01T14:54:03.334+0000] {dag.py:4180} INFO - Setting next_dagrun for example_nested_branch_dag to 2025-01-31 00:00:00+00:00, run_after=2025-02-01 00:00:00+00:00
[2025-02-01T14:54:03.344+0000] {processor.py:208} INFO - Processing /home/airflow/.local/lib/python3.12/site-packages/airflow/example_dags/example_nested_branch_dag.py took 0.049 seconds
[2025-02-01T14:54:34.305+0000] {processor.py:186} INFO - Started process (PID=1233) to work on /home/airflow/.local/lib/python3.12/site-packages/airflow/example_dags/example_nested_branch_dag.py
[2025-02-01T14:54:34.306+0000] {processor.py:914} INFO - Processing file /home/airflow/.local/lib/python3.12/site-packages/airflow/example_dags/example_nested_branch_dag.py for tasks to queue
[2025-02-01T14:54:34.307+0000] {logging_mixin.py:190} INFO - [2025-02-01T14:54:34.307+0000] {dagbag.py:588} INFO - Filling up the DagBag from /home/airflow/.local/lib/python3.12/site-packages/airflow/example_dags/example_nested_branch_dag.py
[2025-02-01T14:54:34.312+0000] {processor.py:925} INFO - DAG(s) 'example_nested_branch_dag' retrieved from /home/airflow/.local/lib/python3.12/site-packages/airflow/example_dags/example_nested_branch_dag.py
[2025-02-01T14:54:34.323+0000] {logging_mixin.py:190} INFO - [2025-02-01T14:54:34.323+0000] {dag.py:3239} INFO - Sync 1 DAGs
[2025-02-01T14:54:34.333+0000] {logging_mixin.py:190} INFO - [2025-02-01T14:54:34.333+0000] {dag.py:4180} INFO - Setting next_dagrun for example_nested_branch_dag to 2025-01-31 00:00:00+00:00, run_after=2025-02-01 00:00:00+00:00
[2025-02-01T14:54:34.341+0000] {processor.py:208} INFO - Processing /home/airflow/.local/lib/python3.12/site-packages/airflow/example_dags/example_nested_branch_dag.py took 0.038 seconds
[2025-02-01T14:55:05.371+0000] {processor.py:186} INFO - Started process (PID=1299) to work on /home/airflow/.local/lib/python3.12/site-packages/airflow/example_dags/example_nested_branch_dag.py
[2025-02-01T14:55:05.371+0000] {processor.py:914} INFO - Processing file /home/airflow/.local/lib/python3.12/site-packages/airflow/example_dags/example_nested_branch_dag.py for tasks to queue
[2025-02-01T14:55:05.373+0000] {logging_mixin.py:190} INFO - [2025-02-01T14:55:05.373+0000] {dagbag.py:588} INFO - Filling up the DagBag from /home/airflow/.local/lib/python3.12/site-packages/airflow/example_dags/example_nested_branch_dag.py
[2025-02-01T14:55:05.378+0000] {processor.py:925} INFO - DAG(s) 'example_nested_branch_dag' retrieved from /home/airflow/.local/lib/python3.12/site-packages/airflow/example_dags/example_nested_branch_dag.py
[2025-02-01T14:55:05.389+0000] {logging_mixin.py:190} INFO - [2025-02-01T14:55:05.389+0000] {dag.py:3239} INFO - Sync 1 DAGs
[2025-02-01T14:55:05.401+0000] {logging_mixin.py:190} INFO - [2025-02-01T14:55:05.400+0000] {dag.py:4180} INFO - Setting next_dagrun for example_nested_branch_dag to 2025-01-31 00:00:00+00:00, run_after=2025-02-01 00:00:00+00:00
[2025-02-01T14:55:05.410+0000] {processor.py:208} INFO - Processing /home/airflow/.local/lib/python3.12/site-packages/airflow/example_dags/example_nested_branch_dag.py took 0.043 seconds
[2025-02-01T14:55:36.218+0000] {processor.py:186} INFO - Started process (PID=1365) to work on /home/airflow/.local/lib/python3.12/site-packages/airflow/example_dags/example_nested_branch_dag.py
[2025-02-01T14:55:36.219+0000] {processor.py:914} INFO - Processing file /home/airflow/.local/lib/python3.12/site-packages/airflow/example_dags/example_nested_branch_dag.py for tasks to queue
[2025-02-01T14:55:36.220+0000] {logging_mixin.py:190} INFO - [2025-02-01T14:55:36.220+0000] {dagbag.py:588} INFO - Filling up the DagBag from /home/airflow/.local/lib/python3.12/site-packages/airflow/example_dags/example_nested_branch_dag.py
[2025-02-01T14:55:36.225+0000] {processor.py:925} INFO - DAG(s) 'example_nested_branch_dag' retrieved from /home/airflow/.local/lib/python3.12/site-packages/airflow/example_dags/example_nested_branch_dag.py
[2025-02-01T14:55:36.234+0000] {logging_mixin.py:190} INFO - [2025-02-01T14:55:36.234+0000] {dag.py:3239} INFO - Sync 1 DAGs
[2025-02-01T14:55:36.245+0000] {logging_mixin.py:190} INFO - [2025-02-01T14:55:36.245+0000] {dag.py:4180} INFO - Setting next_dagrun for example_nested_branch_dag to 2025-01-31 00:00:00+00:00, run_after=2025-02-01 00:00:00+00:00
[2025-02-01T14:55:36.252+0000] {processor.py:208} INFO - Processing /home/airflow/.local/lib/python3.12/site-packages/airflow/example_dags/example_nested_branch_dag.py took 0.036 seconds
[2025-02-01T14:56:07.348+0000] {processor.py:186} INFO - Started process (PID=1431) to work on /home/airflow/.local/lib/python3.12/site-packages/airflow/example_dags/example_nested_branch_dag.py
[2025-02-01T14:56:07.349+0000] {processor.py:914} INFO - Processing file /home/airflow/.local/lib/python3.12/site-packages/airflow/example_dags/example_nested_branch_dag.py for tasks to queue
[2025-02-01T14:56:07.350+0000] {logging_mixin.py:190} INFO - [2025-02-01T14:56:07.350+0000] {dagbag.py:588} INFO - Filling up the DagBag from /home/airflow/.local/lib/python3.12/site-packages/airflow/example_dags/example_nested_branch_dag.py
[2025-02-01T14:56:07.356+0000] {processor.py:925} INFO - DAG(s) 'example_nested_branch_dag' retrieved from /home/airflow/.local/lib/python3.12/site-packages/airflow/example_dags/example_nested_branch_dag.py
[2025-02-01T14:56:07.375+0000] {logging_mixin.py:190} INFO - [2025-02-01T14:56:07.375+0000] {dag.py:3239} INFO - Sync 1 DAGs
[2025-02-01T14:56:07.387+0000] {logging_mixin.py:190} INFO - [2025-02-01T14:56:07.387+0000] {dag.py:4180} INFO - Setting next_dagrun for example_nested_branch_dag to 2025-01-31 00:00:00+00:00, run_after=2025-02-01 00:00:00+00:00
[2025-02-01T14:56:07.399+0000] {processor.py:208} INFO - Processing /home/airflow/.local/lib/python3.12/site-packages/airflow/example_dags/example_nested_branch_dag.py took 0.055 seconds
[2025-02-01T14:56:38.321+0000] {processor.py:186} INFO - Started process (PID=1497) to work on /home/airflow/.local/lib/python3.12/site-packages/airflow/example_dags/example_nested_branch_dag.py
[2025-02-01T14:56:38.323+0000] {processor.py:914} INFO - Processing file /home/airflow/.local/lib/python3.12/site-packages/airflow/example_dags/example_nested_branch_dag.py for tasks to queue
[2025-02-01T14:56:38.325+0000] {logging_mixin.py:190} INFO - [2025-02-01T14:56:38.325+0000] {dagbag.py:588} INFO - Filling up the DagBag from /home/airflow/.local/lib/python3.12/site-packages/airflow/example_dags/example_nested_branch_dag.py
[2025-02-01T14:56:38.334+0000] {processor.py:925} INFO - DAG(s) 'example_nested_branch_dag' retrieved from /home/airflow/.local/lib/python3.12/site-packages/airflow/example_dags/example_nested_branch_dag.py
[2025-02-01T14:56:38.349+0000] {logging_mixin.py:190} INFO - [2025-02-01T14:56:38.349+0000] {dag.py:3239} INFO - Sync 1 DAGs
[2025-02-01T14:56:38.359+0000] {logging_mixin.py:190} INFO - [2025-02-01T14:56:38.359+0000] {dag.py:4180} INFO - Setting next_dagrun for example_nested_branch_dag to 2025-01-31 00:00:00+00:00, run_after=2025-02-01 00:00:00+00:00
[2025-02-01T14:56:38.372+0000] {processor.py:208} INFO - Processing /home/airflow/.local/lib/python3.12/site-packages/airflow/example_dags/example_nested_branch_dag.py took 0.054 seconds
[2025-02-01T14:57:09.407+0000] {processor.py:186} INFO - Started process (PID=1563) to work on /home/airflow/.local/lib/python3.12/site-packages/airflow/example_dags/example_nested_branch_dag.py
[2025-02-01T14:57:09.407+0000] {processor.py:914} INFO - Processing file /home/airflow/.local/lib/python3.12/site-packages/airflow/example_dags/example_nested_branch_dag.py for tasks to queue
[2025-02-01T14:57:09.409+0000] {logging_mixin.py:190} INFO - [2025-02-01T14:57:09.409+0000] {dagbag.py:588} INFO - Filling up the DagBag from /home/airflow/.local/lib/python3.12/site-packages/airflow/example_dags/example_nested_branch_dag.py
[2025-02-01T14:57:09.415+0000] {processor.py:925} INFO - DAG(s) 'example_nested_branch_dag' retrieved from /home/airflow/.local/lib/python3.12/site-packages/airflow/example_dags/example_nested_branch_dag.py
[2025-02-01T14:57:09.426+0000] {logging_mixin.py:190} INFO - [2025-02-01T14:57:09.425+0000] {dag.py:3239} INFO - Sync 1 DAGs
[2025-02-01T14:57:09.437+0000] {logging_mixin.py:190} INFO - [2025-02-01T14:57:09.437+0000] {dag.py:4180} INFO - Setting next_dagrun for example_nested_branch_dag to 2025-01-31 00:00:00+00:00, run_after=2025-02-01 00:00:00+00:00
[2025-02-01T14:57:09.452+0000] {processor.py:208} INFO - Processing /home/airflow/.local/lib/python3.12/site-packages/airflow/example_dags/example_nested_branch_dag.py took 0.047 seconds
[2025-02-01T14:57:40.499+0000] {processor.py:186} INFO - Started process (PID=1629) to work on /home/airflow/.local/lib/python3.12/site-packages/airflow/example_dags/example_nested_branch_dag.py
[2025-02-01T14:57:40.500+0000] {processor.py:914} INFO - Processing file /home/airflow/.local/lib/python3.12/site-packages/airflow/example_dags/example_nested_branch_dag.py for tasks to queue
[2025-02-01T14:57:40.501+0000] {logging_mixin.py:190} INFO - [2025-02-01T14:57:40.501+0000] {dagbag.py:588} INFO - Filling up the DagBag from /home/airflow/.local/lib/python3.12/site-packages/airflow/example_dags/example_nested_branch_dag.py
[2025-02-01T14:57:40.508+0000] {processor.py:925} INFO - DAG(s) 'example_nested_branch_dag' retrieved from /home/airflow/.local/lib/python3.12/site-packages/airflow/example_dags/example_nested_branch_dag.py
[2025-02-01T14:57:40.521+0000] {logging_mixin.py:190} INFO - [2025-02-01T14:57:40.521+0000] {dag.py:3239} INFO - Sync 1 DAGs
[2025-02-01T14:57:40.537+0000] {logging_mixin.py:190} INFO - [2025-02-01T14:57:40.536+0000] {dag.py:4180} INFO - Setting next_dagrun for example_nested_branch_dag to 2025-01-31 00:00:00+00:00, run_after=2025-02-01 00:00:00+00:00
[2025-02-01T14:57:40.551+0000] {processor.py:208} INFO - Processing /home/airflow/.local/lib/python3.12/site-packages/airflow/example_dags/example_nested_branch_dag.py took 0.059 seconds
[2025-02-01T14:58:11.256+0000] {processor.py:186} INFO - Started process (PID=1695) to work on /home/airflow/.local/lib/python3.12/site-packages/airflow/example_dags/example_nested_branch_dag.py
[2025-02-01T14:58:11.257+0000] {processor.py:914} INFO - Processing file /home/airflow/.local/lib/python3.12/site-packages/airflow/example_dags/example_nested_branch_dag.py for tasks to queue
[2025-02-01T14:58:11.258+0000] {logging_mixin.py:190} INFO - [2025-02-01T14:58:11.258+0000] {dagbag.py:588} INFO - Filling up the DagBag from /home/airflow/.local/lib/python3.12/site-packages/airflow/example_dags/example_nested_branch_dag.py
[2025-02-01T14:58:11.264+0000] {processor.py:925} INFO - DAG(s) 'example_nested_branch_dag' retrieved from /home/airflow/.local/lib/python3.12/site-packages/airflow/example_dags/example_nested_branch_dag.py
[2025-02-01T14:58:11.275+0000] {logging_mixin.py:190} INFO - [2025-02-01T14:58:11.275+0000] {dag.py:3239} INFO - Sync 1 DAGs
[2025-02-01T14:58:11.287+0000] {logging_mixin.py:190} INFO - [2025-02-01T14:58:11.287+0000] {dag.py:4180} INFO - Setting next_dagrun for example_nested_branch_dag to 2025-01-31 00:00:00+00:00, run_after=2025-02-01 00:00:00+00:00
[2025-02-01T14:58:11.295+0000] {processor.py:208} INFO - Processing /home/airflow/.local/lib/python3.12/site-packages/airflow/example_dags/example_nested_branch_dag.py took 0.042 seconds
[2025-02-01T14:58:42.031+0000] {processor.py:186} INFO - Started process (PID=1761) to work on /home/airflow/.local/lib/python3.12/site-packages/airflow/example_dags/example_nested_branch_dag.py
[2025-02-01T14:58:42.032+0000] {processor.py:914} INFO - Processing file /home/airflow/.local/lib/python3.12/site-packages/airflow/example_dags/example_nested_branch_dag.py for tasks to queue
[2025-02-01T14:58:42.033+0000] {logging_mixin.py:190} INFO - [2025-02-01T14:58:42.033+0000] {dagbag.py:588} INFO - Filling up the DagBag from /home/airflow/.local/lib/python3.12/site-packages/airflow/example_dags/example_nested_branch_dag.py
[2025-02-01T14:58:42.039+0000] {processor.py:925} INFO - DAG(s) 'example_nested_branch_dag' retrieved from /home/airflow/.local/lib/python3.12/site-packages/airflow/example_dags/example_nested_branch_dag.py
[2025-02-01T14:58:42.052+0000] {logging_mixin.py:190} INFO - [2025-02-01T14:58:42.052+0000] {dag.py:3239} INFO - Sync 1 DAGs
[2025-02-01T14:58:42.060+0000] {logging_mixin.py:190} INFO - [2025-02-01T14:58:42.060+0000] {dag.py:4180} INFO - Setting next_dagrun for example_nested_branch_dag to 2025-01-31 00:00:00+00:00, run_after=2025-02-01 00:00:00+00:00
[2025-02-01T14:58:42.071+0000] {processor.py:208} INFO - Processing /home/airflow/.local/lib/python3.12/site-packages/airflow/example_dags/example_nested_branch_dag.py took 0.042 seconds
[2025-02-01T14:59:13.154+0000] {processor.py:186} INFO - Started process (PID=1827) to work on /home/airflow/.local/lib/python3.12/site-packages/airflow/example_dags/example_nested_branch_dag.py
[2025-02-01T14:59:13.154+0000] {processor.py:914} INFO - Processing file /home/airflow/.local/lib/python3.12/site-packages/airflow/example_dags/example_nested_branch_dag.py for tasks to queue
[2025-02-01T14:59:13.156+0000] {logging_mixin.py:190} INFO - [2025-02-01T14:59:13.155+0000] {dagbag.py:588} INFO - Filling up the DagBag from /home/airflow/.local/lib/python3.12/site-packages/airflow/example_dags/example_nested_branch_dag.py
[2025-02-01T14:59:13.161+0000] {processor.py:925} INFO - DAG(s) 'example_nested_branch_dag' retrieved from /home/airflow/.local/lib/python3.12/site-packages/airflow/example_dags/example_nested_branch_dag.py
[2025-02-01T14:59:13.171+0000] {logging_mixin.py:190} INFO - [2025-02-01T14:59:13.171+0000] {dag.py:3239} INFO - Sync 1 DAGs
[2025-02-01T14:59:13.182+0000] {logging_mixin.py:190} INFO - [2025-02-01T14:59:13.181+0000] {dag.py:4180} INFO - Setting next_dagrun for example_nested_branch_dag to 2025-01-31 00:00:00+00:00, run_after=2025-02-01 00:00:00+00:00
[2025-02-01T14:59:13.191+0000] {processor.py:208} INFO - Processing /home/airflow/.local/lib/python3.12/site-packages/airflow/example_dags/example_nested_branch_dag.py took 0.041 seconds
[2025-02-01T14:59:44.348+0000] {processor.py:186} INFO - Started process (PID=1893) to work on /home/airflow/.local/lib/python3.12/site-packages/airflow/example_dags/example_nested_branch_dag.py
[2025-02-01T14:59:44.349+0000] {processor.py:914} INFO - Processing file /home/airflow/.local/lib/python3.12/site-packages/airflow/example_dags/example_nested_branch_dag.py for tasks to queue
[2025-02-01T14:59:44.350+0000] {logging_mixin.py:190} INFO - [2025-02-01T14:59:44.350+0000] {dagbag.py:588} INFO - Filling up the DagBag from /home/airflow/.local/lib/python3.12/site-packages/airflow/example_dags/example_nested_branch_dag.py
[2025-02-01T14:59:44.357+0000] {processor.py:925} INFO - DAG(s) 'example_nested_branch_dag' retrieved from /home/airflow/.local/lib/python3.12/site-packages/airflow/example_dags/example_nested_branch_dag.py
[2025-02-01T14:59:44.368+0000] {logging_mixin.py:190} INFO - [2025-02-01T14:59:44.368+0000] {dag.py:3239} INFO - Sync 1 DAGs
[2025-02-01T14:59:44.379+0000] {logging_mixin.py:190} INFO - [2025-02-01T14:59:44.379+0000] {dag.py:4180} INFO - Setting next_dagrun for example_nested_branch_dag to 2025-01-31 00:00:00+00:00, run_after=2025-02-01 00:00:00+00:00
[2025-02-01T14:59:44.390+0000] {processor.py:208} INFO - Processing /home/airflow/.local/lib/python3.12/site-packages/airflow/example_dags/example_nested_branch_dag.py took 0.053 seconds
[2025-02-01T15:00:15.610+0000] {processor.py:186} INFO - Started process (PID=1959) to work on /home/airflow/.local/lib/python3.12/site-packages/airflow/example_dags/example_nested_branch_dag.py
[2025-02-01T15:00:15.610+0000] {processor.py:914} INFO - Processing file /home/airflow/.local/lib/python3.12/site-packages/airflow/example_dags/example_nested_branch_dag.py for tasks to queue
[2025-02-01T15:00:15.612+0000] {logging_mixin.py:190} INFO - [2025-02-01T15:00:15.612+0000] {dagbag.py:588} INFO - Filling up the DagBag from /home/airflow/.local/lib/python3.12/site-packages/airflow/example_dags/example_nested_branch_dag.py
[2025-02-01T15:00:15.620+0000] {processor.py:925} INFO - DAG(s) 'example_nested_branch_dag' retrieved from /home/airflow/.local/lib/python3.12/site-packages/airflow/example_dags/example_nested_branch_dag.py
[2025-02-01T15:00:15.634+0000] {logging_mixin.py:190} INFO - [2025-02-01T15:00:15.634+0000] {dag.py:3239} INFO - Sync 1 DAGs
[2025-02-01T15:00:15.646+0000] {logging_mixin.py:190} INFO - [2025-02-01T15:00:15.646+0000] {dag.py:4180} INFO - Setting next_dagrun for example_nested_branch_dag to 2025-01-31 00:00:00+00:00, run_after=2025-02-01 00:00:00+00:00
[2025-02-01T15:00:15.657+0000] {processor.py:208} INFO - Processing /home/airflow/.local/lib/python3.12/site-packages/airflow/example_dags/example_nested_branch_dag.py took 0.050 seconds
[2025-02-01T15:00:46.952+0000] {processor.py:186} INFO - Started process (PID=2025) to work on /home/airflow/.local/lib/python3.12/site-packages/airflow/example_dags/example_nested_branch_dag.py
[2025-02-01T15:00:46.953+0000] {processor.py:914} INFO - Processing file /home/airflow/.local/lib/python3.12/site-packages/airflow/example_dags/example_nested_branch_dag.py for tasks to queue
[2025-02-01T15:00:46.954+0000] {logging_mixin.py:190} INFO - [2025-02-01T15:00:46.954+0000] {dagbag.py:588} INFO - Filling up the DagBag from /home/airflow/.local/lib/python3.12/site-packages/airflow/example_dags/example_nested_branch_dag.py
[2025-02-01T15:00:46.961+0000] {processor.py:925} INFO - DAG(s) 'example_nested_branch_dag' retrieved from /home/airflow/.local/lib/python3.12/site-packages/airflow/example_dags/example_nested_branch_dag.py
[2025-02-01T15:00:46.976+0000] {logging_mixin.py:190} INFO - [2025-02-01T15:00:46.976+0000] {dag.py:3239} INFO - Sync 1 DAGs
[2025-02-01T15:00:46.988+0000] {logging_mixin.py:190} INFO - [2025-02-01T15:00:46.988+0000] {dag.py:4180} INFO - Setting next_dagrun for example_nested_branch_dag to 2025-01-31 00:00:00+00:00, run_after=2025-02-01 00:00:00+00:00
[2025-02-01T15:00:46.997+0000] {processor.py:208} INFO - Processing /home/airflow/.local/lib/python3.12/site-packages/airflow/example_dags/example_nested_branch_dag.py took 0.049 seconds
[2025-02-01T15:01:18.365+0000] {processor.py:186} INFO - Started process (PID=2097) to work on /home/airflow/.local/lib/python3.12/site-packages/airflow/example_dags/example_nested_branch_dag.py
[2025-02-01T15:01:18.370+0000] {processor.py:914} INFO - Processing file /home/airflow/.local/lib/python3.12/site-packages/airflow/example_dags/example_nested_branch_dag.py for tasks to queue
[2025-02-01T15:01:18.372+0000] {logging_mixin.py:190} INFO - [2025-02-01T15:01:18.371+0000] {dagbag.py:588} INFO - Filling up the DagBag from /home/airflow/.local/lib/python3.12/site-packages/airflow/example_dags/example_nested_branch_dag.py
[2025-02-01T15:01:18.378+0000] {processor.py:925} INFO - DAG(s) 'example_nested_branch_dag' retrieved from /home/airflow/.local/lib/python3.12/site-packages/airflow/example_dags/example_nested_branch_dag.py
[2025-02-01T15:01:18.393+0000] {logging_mixin.py:190} INFO - [2025-02-01T15:01:18.393+0000] {dag.py:3239} INFO - Sync 1 DAGs
[2025-02-01T15:01:18.404+0000] {logging_mixin.py:190} INFO - [2025-02-01T15:01:18.404+0000] {dag.py:4180} INFO - Setting next_dagrun for example_nested_branch_dag to 2025-01-31 00:00:00+00:00, run_after=2025-02-01 00:00:00+00:00
[2025-02-01T15:01:18.411+0000] {processor.py:208} INFO - Processing /home/airflow/.local/lib/python3.12/site-packages/airflow/example_dags/example_nested_branch_dag.py took 0.049 seconds
[2025-02-01T15:01:49.561+0000] {processor.py:186} INFO - Started process (PID=2163) to work on /home/airflow/.local/lib/python3.12/site-packages/airflow/example_dags/example_nested_branch_dag.py
[2025-02-01T15:01:49.561+0000] {processor.py:914} INFO - Processing file /home/airflow/.local/lib/python3.12/site-packages/airflow/example_dags/example_nested_branch_dag.py for tasks to queue
[2025-02-01T15:01:49.562+0000] {logging_mixin.py:190} INFO - [2025-02-01T15:01:49.562+0000] {dagbag.py:588} INFO - Filling up the DagBag from /home/airflow/.local/lib/python3.12/site-packages/airflow/example_dags/example_nested_branch_dag.py
[2025-02-01T15:01:49.570+0000] {processor.py:925} INFO - DAG(s) 'example_nested_branch_dag' retrieved from /home/airflow/.local/lib/python3.12/site-packages/airflow/example_dags/example_nested_branch_dag.py
[2025-02-01T15:01:49.584+0000] {logging_mixin.py:190} INFO - [2025-02-01T15:01:49.584+0000] {dag.py:3239} INFO - Sync 1 DAGs
[2025-02-01T15:01:49.596+0000] {logging_mixin.py:190} INFO - [2025-02-01T15:01:49.596+0000] {dag.py:4180} INFO - Setting next_dagrun for example_nested_branch_dag to 2025-01-31 00:00:00+00:00, run_after=2025-02-01 00:00:00+00:00
[2025-02-01T15:01:49.607+0000] {processor.py:208} INFO - Processing /home/airflow/.local/lib/python3.12/site-packages/airflow/example_dags/example_nested_branch_dag.py took 0.049 seconds
[2025-02-01T15:02:20.164+0000] {processor.py:186} INFO - Started process (PID=2229) to work on /home/airflow/.local/lib/python3.12/site-packages/airflow/example_dags/example_nested_branch_dag.py
[2025-02-01T15:02:20.165+0000] {processor.py:914} INFO - Processing file /home/airflow/.local/lib/python3.12/site-packages/airflow/example_dags/example_nested_branch_dag.py for tasks to queue
[2025-02-01T15:02:20.166+0000] {logging_mixin.py:190} INFO - [2025-02-01T15:02:20.166+0000] {dagbag.py:588} INFO - Filling up the DagBag from /home/airflow/.local/lib/python3.12/site-packages/airflow/example_dags/example_nested_branch_dag.py
[2025-02-01T15:02:20.171+0000] {processor.py:925} INFO - DAG(s) 'example_nested_branch_dag' retrieved from /home/airflow/.local/lib/python3.12/site-packages/airflow/example_dags/example_nested_branch_dag.py
[2025-02-01T15:02:20.181+0000] {logging_mixin.py:190} INFO - [2025-02-01T15:02:20.181+0000] {dag.py:3239} INFO - Sync 1 DAGs
[2025-02-01T15:02:20.193+0000] {logging_mixin.py:190} INFO - [2025-02-01T15:02:20.193+0000] {dag.py:4180} INFO - Setting next_dagrun for example_nested_branch_dag to 2025-01-31 00:00:00+00:00, run_after=2025-02-01 00:00:00+00:00
[2025-02-01T15:02:20.201+0000] {processor.py:208} INFO - Processing /home/airflow/.local/lib/python3.12/site-packages/airflow/example_dags/example_nested_branch_dag.py took 0.040 seconds
[2025-02-01T15:02:51.368+0000] {processor.py:186} INFO - Started process (PID=2295) to work on /home/airflow/.local/lib/python3.12/site-packages/airflow/example_dags/example_nested_branch_dag.py
[2025-02-01T15:02:51.369+0000] {processor.py:914} INFO - Processing file /home/airflow/.local/lib/python3.12/site-packages/airflow/example_dags/example_nested_branch_dag.py for tasks to queue
[2025-02-01T15:02:51.371+0000] {logging_mixin.py:190} INFO - [2025-02-01T15:02:51.371+0000] {dagbag.py:588} INFO - Filling up the DagBag from /home/airflow/.local/lib/python3.12/site-packages/airflow/example_dags/example_nested_branch_dag.py
[2025-02-01T15:02:51.377+0000] {processor.py:925} INFO - DAG(s) 'example_nested_branch_dag' retrieved from /home/airflow/.local/lib/python3.12/site-packages/airflow/example_dags/example_nested_branch_dag.py
[2025-02-01T15:02:51.388+0000] {logging_mixin.py:190} INFO - [2025-02-01T15:02:51.388+0000] {dag.py:3239} INFO - Sync 1 DAGs
[2025-02-01T15:02:51.399+0000] {logging_mixin.py:190} INFO - [2025-02-01T15:02:51.399+0000] {dag.py:4180} INFO - Setting next_dagrun for example_nested_branch_dag to 2025-01-31 00:00:00+00:00, run_after=2025-02-01 00:00:00+00:00
[2025-02-01T15:02:51.410+0000] {processor.py:208} INFO - Processing /home/airflow/.local/lib/python3.12/site-packages/airflow/example_dags/example_nested_branch_dag.py took 0.045 seconds
[2025-02-01T15:03:22.475+0000] {processor.py:186} INFO - Started process (PID=2361) to work on /home/airflow/.local/lib/python3.12/site-packages/airflow/example_dags/example_nested_branch_dag.py
[2025-02-01T15:03:22.476+0000] {processor.py:914} INFO - Processing file /home/airflow/.local/lib/python3.12/site-packages/airflow/example_dags/example_nested_branch_dag.py for tasks to queue
[2025-02-01T15:03:22.478+0000] {logging_mixin.py:190} INFO - [2025-02-01T15:03:22.478+0000] {dagbag.py:588} INFO - Filling up the DagBag from /home/airflow/.local/lib/python3.12/site-packages/airflow/example_dags/example_nested_branch_dag.py
[2025-02-01T15:03:22.485+0000] {processor.py:925} INFO - DAG(s) 'example_nested_branch_dag' retrieved from /home/airflow/.local/lib/python3.12/site-packages/airflow/example_dags/example_nested_branch_dag.py
[2025-02-01T15:03:22.495+0000] {logging_mixin.py:190} INFO - [2025-02-01T15:03:22.495+0000] {dag.py:3239} INFO - Sync 1 DAGs
[2025-02-01T15:03:22.508+0000] {logging_mixin.py:190} INFO - [2025-02-01T15:03:22.508+0000] {dag.py:4180} INFO - Setting next_dagrun for example_nested_branch_dag to 2025-01-31 00:00:00+00:00, run_after=2025-02-01 00:00:00+00:00
[2025-02-01T15:03:22.526+0000] {processor.py:208} INFO - Processing /home/airflow/.local/lib/python3.12/site-packages/airflow/example_dags/example_nested_branch_dag.py took 0.053 seconds
[2025-02-01T15:03:53.561+0000] {processor.py:186} INFO - Started process (PID=2428) to work on /home/airflow/.local/lib/python3.12/site-packages/airflow/example_dags/example_nested_branch_dag.py
[2025-02-01T15:03:53.563+0000] {processor.py:914} INFO - Processing file /home/airflow/.local/lib/python3.12/site-packages/airflow/example_dags/example_nested_branch_dag.py for tasks to queue
[2025-02-01T15:03:53.565+0000] {logging_mixin.py:190} INFO - [2025-02-01T15:03:53.565+0000] {dagbag.py:588} INFO - Filling up the DagBag from /home/airflow/.local/lib/python3.12/site-packages/airflow/example_dags/example_nested_branch_dag.py
[2025-02-01T15:03:53.571+0000] {processor.py:925} INFO - DAG(s) 'example_nested_branch_dag' retrieved from /home/airflow/.local/lib/python3.12/site-packages/airflow/example_dags/example_nested_branch_dag.py
[2025-02-01T15:03:53.582+0000] {logging_mixin.py:190} INFO - [2025-02-01T15:03:53.582+0000] {dag.py:3239} INFO - Sync 1 DAGs
[2025-02-01T15:03:53.594+0000] {logging_mixin.py:190} INFO - [2025-02-01T15:03:53.594+0000] {dag.py:4180} INFO - Setting next_dagrun for example_nested_branch_dag to 2025-01-31 00:00:00+00:00, run_after=2025-02-01 00:00:00+00:00
[2025-02-01T15:03:53.604+0000] {processor.py:208} INFO - Processing /home/airflow/.local/lib/python3.12/site-packages/airflow/example_dags/example_nested_branch_dag.py took 0.045 seconds
[2025-02-01T15:04:24.963+0000] {processor.py:186} INFO - Started process (PID=2494) to work on /home/airflow/.local/lib/python3.12/site-packages/airflow/example_dags/example_nested_branch_dag.py
[2025-02-01T15:04:24.963+0000] {processor.py:914} INFO - Processing file /home/airflow/.local/lib/python3.12/site-packages/airflow/example_dags/example_nested_branch_dag.py for tasks to queue
[2025-02-01T15:04:24.965+0000] {logging_mixin.py:190} INFO - [2025-02-01T15:04:24.964+0000] {dagbag.py:588} INFO - Filling up the DagBag from /home/airflow/.local/lib/python3.12/site-packages/airflow/example_dags/example_nested_branch_dag.py
[2025-02-01T15:04:24.971+0000] {processor.py:925} INFO - DAG(s) 'example_nested_branch_dag' retrieved from /home/airflow/.local/lib/python3.12/site-packages/airflow/example_dags/example_nested_branch_dag.py
[2025-02-01T15:04:24.986+0000] {logging_mixin.py:190} INFO - [2025-02-01T15:04:24.986+0000] {dag.py:3239} INFO - Sync 1 DAGs
[2025-02-01T15:04:25.005+0000] {logging_mixin.py:190} INFO - [2025-02-01T15:04:25.005+0000] {dag.py:4180} INFO - Setting next_dagrun for example_nested_branch_dag to 2025-01-31 00:00:00+00:00, run_after=2025-02-01 00:00:00+00:00
[2025-02-01T15:04:25.015+0000] {processor.py:208} INFO - Processing /home/airflow/.local/lib/python3.12/site-packages/airflow/example_dags/example_nested_branch_dag.py took 0.054 seconds
[2025-02-01T15:04:56.197+0000] {processor.py:186} INFO - Started process (PID=2560) to work on /home/airflow/.local/lib/python3.12/site-packages/airflow/example_dags/example_nested_branch_dag.py
[2025-02-01T15:04:56.198+0000] {processor.py:914} INFO - Processing file /home/airflow/.local/lib/python3.12/site-packages/airflow/example_dags/example_nested_branch_dag.py for tasks to queue
[2025-02-01T15:04:56.199+0000] {logging_mixin.py:190} INFO - [2025-02-01T15:04:56.199+0000] {dagbag.py:588} INFO - Filling up the DagBag from /home/airflow/.local/lib/python3.12/site-packages/airflow/example_dags/example_nested_branch_dag.py
[2025-02-01T15:04:56.205+0000] {processor.py:925} INFO - DAG(s) 'example_nested_branch_dag' retrieved from /home/airflow/.local/lib/python3.12/site-packages/airflow/example_dags/example_nested_branch_dag.py
[2025-02-01T15:04:56.216+0000] {logging_mixin.py:190} INFO - [2025-02-01T15:04:56.216+0000] {dag.py:3239} INFO - Sync 1 DAGs
[2025-02-01T15:04:56.227+0000] {logging_mixin.py:190} INFO - [2025-02-01T15:04:56.227+0000] {dag.py:4180} INFO - Setting next_dagrun for example_nested_branch_dag to 2025-01-31 00:00:00+00:00, run_after=2025-02-01 00:00:00+00:00
[2025-02-01T15:04:56.238+0000] {processor.py:208} INFO - Processing /home/airflow/.local/lib/python3.12/site-packages/airflow/example_dags/example_nested_branch_dag.py took 0.044 seconds
[2025-02-01T15:05:26.773+0000] {processor.py:186} INFO - Started process (PID=2626) to work on /home/airflow/.local/lib/python3.12/site-packages/airflow/example_dags/example_nested_branch_dag.py
[2025-02-01T15:05:26.774+0000] {processor.py:914} INFO - Processing file /home/airflow/.local/lib/python3.12/site-packages/airflow/example_dags/example_nested_branch_dag.py for tasks to queue
[2025-02-01T15:05:26.775+0000] {logging_mixin.py:190} INFO - [2025-02-01T15:05:26.775+0000] {dagbag.py:588} INFO - Filling up the DagBag from /home/airflow/.local/lib/python3.12/site-packages/airflow/example_dags/example_nested_branch_dag.py
[2025-02-01T15:05:26.780+0000] {processor.py:925} INFO - DAG(s) 'example_nested_branch_dag' retrieved from /home/airflow/.local/lib/python3.12/site-packages/airflow/example_dags/example_nested_branch_dag.py
[2025-02-01T15:05:26.789+0000] {logging_mixin.py:190} INFO - [2025-02-01T15:05:26.789+0000] {dag.py:3239} INFO - Sync 1 DAGs
[2025-02-01T15:05:26.798+0000] {logging_mixin.py:190} INFO - [2025-02-01T15:05:26.798+0000] {dag.py:4180} INFO - Setting next_dagrun for example_nested_branch_dag to 2025-01-31 00:00:00+00:00, run_after=2025-02-01 00:00:00+00:00
[2025-02-01T15:05:26.812+0000] {processor.py:208} INFO - Processing /home/airflow/.local/lib/python3.12/site-packages/airflow/example_dags/example_nested_branch_dag.py took 0.041 seconds
[2025-02-01T15:05:58.547+0000] {processor.py:186} INFO - Started process (PID=2692) to work on /home/airflow/.local/lib/python3.12/site-packages/airflow/example_dags/example_nested_branch_dag.py
[2025-02-01T15:05:58.550+0000] {processor.py:914} INFO - Processing file /home/airflow/.local/lib/python3.12/site-packages/airflow/example_dags/example_nested_branch_dag.py for tasks to queue
[2025-02-01T15:05:58.552+0000] {logging_mixin.py:190} INFO - [2025-02-01T15:05:58.552+0000] {dagbag.py:588} INFO - Filling up the DagBag from /home/airflow/.local/lib/python3.12/site-packages/airflow/example_dags/example_nested_branch_dag.py
[2025-02-01T15:05:58.558+0000] {processor.py:925} INFO - DAG(s) 'example_nested_branch_dag' retrieved from /home/airflow/.local/lib/python3.12/site-packages/airflow/example_dags/example_nested_branch_dag.py
[2025-02-01T15:05:58.571+0000] {logging_mixin.py:190} INFO - [2025-02-01T15:05:58.571+0000] {dag.py:3239} INFO - Sync 1 DAGs
[2025-02-01T15:05:58.581+0000] {logging_mixin.py:190} INFO - [2025-02-01T15:05:58.581+0000] {dag.py:4180} INFO - Setting next_dagrun for example_nested_branch_dag to 2025-01-31 00:00:00+00:00, run_after=2025-02-01 00:00:00+00:00
[2025-02-01T15:05:58.589+0000] {processor.py:208} INFO - Processing /home/airflow/.local/lib/python3.12/site-packages/airflow/example_dags/example_nested_branch_dag.py took 0.045 seconds
[2025-02-01T15:06:29.162+0000] {processor.py:186} INFO - Started process (PID=2758) to work on /home/airflow/.local/lib/python3.12/site-packages/airflow/example_dags/example_nested_branch_dag.py
[2025-02-01T15:06:29.163+0000] {processor.py:914} INFO - Processing file /home/airflow/.local/lib/python3.12/site-packages/airflow/example_dags/example_nested_branch_dag.py for tasks to queue
[2025-02-01T15:06:29.167+0000] {logging_mixin.py:190} INFO - [2025-02-01T15:06:29.167+0000] {dagbag.py:588} INFO - Filling up the DagBag from /home/airflow/.local/lib/python3.12/site-packages/airflow/example_dags/example_nested_branch_dag.py
[2025-02-01T15:06:29.172+0000] {processor.py:925} INFO - DAG(s) 'example_nested_branch_dag' retrieved from /home/airflow/.local/lib/python3.12/site-packages/airflow/example_dags/example_nested_branch_dag.py
[2025-02-01T15:06:29.182+0000] {logging_mixin.py:190} INFO - [2025-02-01T15:06:29.182+0000] {dag.py:3239} INFO - Sync 1 DAGs
[2025-02-01T15:06:29.193+0000] {logging_mixin.py:190} INFO - [2025-02-01T15:06:29.192+0000] {dag.py:4180} INFO - Setting next_dagrun for example_nested_branch_dag to 2025-01-31 00:00:00+00:00, run_after=2025-02-01 00:00:00+00:00
[2025-02-01T15:06:29.200+0000] {processor.py:208} INFO - Processing /home/airflow/.local/lib/python3.12/site-packages/airflow/example_dags/example_nested_branch_dag.py took 0.040 seconds
