[2025-02-01T13:35:17.040+0000] {processor.py:186} INFO - Started process (PID=101) to work on /home/airflow/.local/lib/python3.12/site-packages/airflow/example_dags/example_workday_timetable.py
[2025-02-01T13:35:17.041+0000] {processor.py:914} INFO - Processing file /home/airflow/.local/lib/python3.12/site-packages/airflow/example_dags/example_workday_timetable.py for tasks to queue
[2025-02-01T13:35:17.042+0000] {logging_mixin.py:190} INFO - [2025-02-01T13:35:17.041+0000] {dagbag.py:588} INFO - Filling up the DagBag from /home/airflow/.local/lib/python3.12/site-packages/airflow/example_dags/example_workday_timetable.py
[2025-02-01T13:35:17.046+0000] {processor.py:925} INFO - DAG(s) 'example_workday_timetable' retrieved from /home/airflow/.local/lib/python3.12/site-packages/airflow/example_dags/example_workday_timetable.py
[2025-02-01T13:35:17.060+0000] {logging_mixin.py:190} INFO - [2025-02-01T13:35:17.059+0000] {dag.py:3239} INFO - Sync 1 DAGs
[2025-02-01T13:35:17.119+0000] {logging_mixin.py:190} INFO - [2025-02-01T13:35:17.119+0000] {dag.py:4180} INFO - Setting next_dagrun for example_workday_timetable to 2021-01-04 00:00:00+00:00, run_after=2021-01-05 00:00:00+00:00
[2025-02-01T13:35:17.140+0000] {processor.py:208} INFO - Processing /home/airflow/.local/lib/python3.12/site-packages/airflow/example_dags/example_workday_timetable.py took 0.103 seconds
[2025-02-01T13:35:47.385+0000] {processor.py:186} INFO - Started process (PID=167) to work on /home/airflow/.local/lib/python3.12/site-packages/airflow/example_dags/example_workday_timetable.py
[2025-02-01T13:35:47.386+0000] {processor.py:914} INFO - Processing file /home/airflow/.local/lib/python3.12/site-packages/airflow/example_dags/example_workday_timetable.py for tasks to queue
[2025-02-01T13:35:47.388+0000] {logging_mixin.py:190} INFO - [2025-02-01T13:35:47.388+0000] {dagbag.py:588} INFO - Filling up the DagBag from /home/airflow/.local/lib/python3.12/site-packages/airflow/example_dags/example_workday_timetable.py
[2025-02-01T13:35:47.392+0000] {processor.py:925} INFO - DAG(s) 'example_workday_timetable' retrieved from /home/airflow/.local/lib/python3.12/site-packages/airflow/example_dags/example_workday_timetable.py
[2025-02-01T13:35:47.406+0000] {logging_mixin.py:190} INFO - [2025-02-01T13:35:47.406+0000] {dag.py:3239} INFO - Sync 1 DAGs
[2025-02-01T13:35:47.451+0000] {logging_mixin.py:190} INFO - [2025-02-01T13:35:47.451+0000] {dag.py:4180} INFO - Setting next_dagrun for example_workday_timetable to 2021-01-04 00:00:00+00:00, run_after=2021-01-05 00:00:00+00:00
[2025-02-01T13:35:47.468+0000] {processor.py:208} INFO - Processing /home/airflow/.local/lib/python3.12/site-packages/airflow/example_dags/example_workday_timetable.py took 0.087 seconds
[2025-02-01T13:36:18.313+0000] {processor.py:186} INFO - Started process (PID=233) to work on /home/airflow/.local/lib/python3.12/site-packages/airflow/example_dags/example_workday_timetable.py
[2025-02-01T13:36:18.313+0000] {processor.py:914} INFO - Processing file /home/airflow/.local/lib/python3.12/site-packages/airflow/example_dags/example_workday_timetable.py for tasks to queue
[2025-02-01T13:36:18.316+0000] {logging_mixin.py:190} INFO - [2025-02-01T13:36:18.316+0000] {dagbag.py:588} INFO - Filling up the DagBag from /home/airflow/.local/lib/python3.12/site-packages/airflow/example_dags/example_workday_timetable.py
[2025-02-01T13:36:18.321+0000] {processor.py:925} INFO - DAG(s) 'example_workday_timetable' retrieved from /home/airflow/.local/lib/python3.12/site-packages/airflow/example_dags/example_workday_timetable.py
[2025-02-01T13:36:18.339+0000] {logging_mixin.py:190} INFO - [2025-02-01T13:36:18.339+0000] {dag.py:3239} INFO - Sync 1 DAGs
[2025-02-01T13:36:18.386+0000] {logging_mixin.py:190} INFO - [2025-02-01T13:36:18.386+0000] {dag.py:4180} INFO - Setting next_dagrun for example_workday_timetable to 2021-01-04 00:00:00+00:00, run_after=2021-01-05 00:00:00+00:00
[2025-02-01T13:36:18.401+0000] {processor.py:208} INFO - Processing /home/airflow/.local/lib/python3.12/site-packages/airflow/example_dags/example_workday_timetable.py took 0.091 seconds
[2025-02-01T13:36:49.187+0000] {processor.py:186} INFO - Started process (PID=299) to work on /home/airflow/.local/lib/python3.12/site-packages/airflow/example_dags/example_workday_timetable.py
[2025-02-01T13:36:49.188+0000] {processor.py:914} INFO - Processing file /home/airflow/.local/lib/python3.12/site-packages/airflow/example_dags/example_workday_timetable.py for tasks to queue
[2025-02-01T13:36:49.190+0000] {logging_mixin.py:190} INFO - [2025-02-01T13:36:49.190+0000] {dagbag.py:588} INFO - Filling up the DagBag from /home/airflow/.local/lib/python3.12/site-packages/airflow/example_dags/example_workday_timetable.py
[2025-02-01T13:36:49.194+0000] {processor.py:925} INFO - DAG(s) 'example_workday_timetable' retrieved from /home/airflow/.local/lib/python3.12/site-packages/airflow/example_dags/example_workday_timetable.py
[2025-02-01T13:36:49.217+0000] {logging_mixin.py:190} INFO - [2025-02-01T13:36:49.216+0000] {dag.py:3239} INFO - Sync 1 DAGs
[2025-02-01T13:36:49.268+0000] {logging_mixin.py:190} INFO - [2025-02-01T13:36:49.268+0000] {dag.py:4180} INFO - Setting next_dagrun for example_workday_timetable to 2021-01-04 00:00:00+00:00, run_after=2021-01-05 00:00:00+00:00
[2025-02-01T13:36:49.288+0000] {processor.py:208} INFO - Processing /home/airflow/.local/lib/python3.12/site-packages/airflow/example_dags/example_workday_timetable.py took 0.105 seconds
[2025-02-01T13:37:19.865+0000] {processor.py:186} INFO - Started process (PID=365) to work on /home/airflow/.local/lib/python3.12/site-packages/airflow/example_dags/example_workday_timetable.py
[2025-02-01T13:37:19.866+0000] {processor.py:914} INFO - Processing file /home/airflow/.local/lib/python3.12/site-packages/airflow/example_dags/example_workday_timetable.py for tasks to queue
[2025-02-01T13:37:19.868+0000] {logging_mixin.py:190} INFO - [2025-02-01T13:37:19.868+0000] {dagbag.py:588} INFO - Filling up the DagBag from /home/airflow/.local/lib/python3.12/site-packages/airflow/example_dags/example_workday_timetable.py
[2025-02-01T13:37:19.872+0000] {processor.py:925} INFO - DAG(s) 'example_workday_timetable' retrieved from /home/airflow/.local/lib/python3.12/site-packages/airflow/example_dags/example_workday_timetable.py
[2025-02-01T13:37:19.888+0000] {logging_mixin.py:190} INFO - [2025-02-01T13:37:19.888+0000] {dag.py:3239} INFO - Sync 1 DAGs
[2025-02-01T13:37:19.932+0000] {logging_mixin.py:190} INFO - [2025-02-01T13:37:19.932+0000] {dag.py:4180} INFO - Setting next_dagrun for example_workday_timetable to 2021-01-04 00:00:00+00:00, run_after=2021-01-05 00:00:00+00:00
[2025-02-01T13:37:19.944+0000] {processor.py:208} INFO - Processing /home/airflow/.local/lib/python3.12/site-packages/airflow/example_dags/example_workday_timetable.py took 0.083 seconds
[2025-02-01T13:37:50.433+0000] {processor.py:186} INFO - Started process (PID=431) to work on /home/airflow/.local/lib/python3.12/site-packages/airflow/example_dags/example_workday_timetable.py
[2025-02-01T13:37:50.433+0000] {processor.py:914} INFO - Processing file /home/airflow/.local/lib/python3.12/site-packages/airflow/example_dags/example_workday_timetable.py for tasks to queue
[2025-02-01T13:37:50.436+0000] {logging_mixin.py:190} INFO - [2025-02-01T13:37:50.436+0000] {dagbag.py:588} INFO - Filling up the DagBag from /home/airflow/.local/lib/python3.12/site-packages/airflow/example_dags/example_workday_timetable.py
[2025-02-01T13:37:50.445+0000] {processor.py:925} INFO - DAG(s) 'example_workday_timetable' retrieved from /home/airflow/.local/lib/python3.12/site-packages/airflow/example_dags/example_workday_timetable.py
[2025-02-01T13:37:50.471+0000] {logging_mixin.py:190} INFO - [2025-02-01T13:37:50.470+0000] {dag.py:3239} INFO - Sync 1 DAGs
[2025-02-01T13:37:50.514+0000] {logging_mixin.py:190} INFO - [2025-02-01T13:37:50.514+0000] {dag.py:4180} INFO - Setting next_dagrun for example_workday_timetable to 2021-01-04 00:00:00+00:00, run_after=2021-01-05 00:00:00+00:00
[2025-02-01T13:37:50.524+0000] {processor.py:208} INFO - Processing /home/airflow/.local/lib/python3.12/site-packages/airflow/example_dags/example_workday_timetable.py took 0.095 seconds
[2025-02-01T13:38:20.927+0000] {processor.py:186} INFO - Started process (PID=497) to work on /home/airflow/.local/lib/python3.12/site-packages/airflow/example_dags/example_workday_timetable.py
[2025-02-01T13:38:20.928+0000] {processor.py:914} INFO - Processing file /home/airflow/.local/lib/python3.12/site-packages/airflow/example_dags/example_workday_timetable.py for tasks to queue
[2025-02-01T13:38:20.931+0000] {logging_mixin.py:190} INFO - [2025-02-01T13:38:20.930+0000] {dagbag.py:588} INFO - Filling up the DagBag from /home/airflow/.local/lib/python3.12/site-packages/airflow/example_dags/example_workday_timetable.py
[2025-02-01T13:38:20.934+0000] {processor.py:925} INFO - DAG(s) 'example_workday_timetable' retrieved from /home/airflow/.local/lib/python3.12/site-packages/airflow/example_dags/example_workday_timetable.py
[2025-02-01T13:38:20.959+0000] {logging_mixin.py:190} INFO - [2025-02-01T13:38:20.959+0000] {dag.py:3239} INFO - Sync 1 DAGs
[2025-02-01T13:38:20.990+0000] {logging_mixin.py:190} INFO - [2025-02-01T13:38:20.990+0000] {dag.py:4180} INFO - Setting next_dagrun for example_workday_timetable to 2021-01-04 00:00:00+00:00, run_after=2021-01-05 00:00:00+00:00
[2025-02-01T13:38:21.003+0000] {processor.py:208} INFO - Processing /home/airflow/.local/lib/python3.12/site-packages/airflow/example_dags/example_workday_timetable.py took 0.079 seconds
[2025-02-01T13:38:51.802+0000] {processor.py:186} INFO - Started process (PID=563) to work on /home/airflow/.local/lib/python3.12/site-packages/airflow/example_dags/example_workday_timetable.py
[2025-02-01T13:38:51.802+0000] {processor.py:914} INFO - Processing file /home/airflow/.local/lib/python3.12/site-packages/airflow/example_dags/example_workday_timetable.py for tasks to queue
[2025-02-01T13:38:51.803+0000] {logging_mixin.py:190} INFO - [2025-02-01T13:38:51.803+0000] {dagbag.py:588} INFO - Filling up the DagBag from /home/airflow/.local/lib/python3.12/site-packages/airflow/example_dags/example_workday_timetable.py
[2025-02-01T13:38:51.806+0000] {processor.py:925} INFO - DAG(s) 'example_workday_timetable' retrieved from /home/airflow/.local/lib/python3.12/site-packages/airflow/example_dags/example_workday_timetable.py
[2025-02-01T13:38:51.815+0000] {logging_mixin.py:190} INFO - [2025-02-01T13:38:51.815+0000] {dag.py:3239} INFO - Sync 1 DAGs
[2025-02-01T13:38:51.844+0000] {logging_mixin.py:190} INFO - [2025-02-01T13:38:51.843+0000] {dag.py:4180} INFO - Setting next_dagrun for example_workday_timetable to 2021-01-04 00:00:00+00:00, run_after=2021-01-05 00:00:00+00:00
[2025-02-01T13:38:51.851+0000] {processor.py:208} INFO - Processing /home/airflow/.local/lib/python3.12/site-packages/airflow/example_dags/example_workday_timetable.py took 0.052 seconds
[2025-02-01T13:39:23.032+0000] {processor.py:186} INFO - Started process (PID=629) to work on /home/airflow/.local/lib/python3.12/site-packages/airflow/example_dags/example_workday_timetable.py
[2025-02-01T13:39:23.033+0000] {processor.py:914} INFO - Processing file /home/airflow/.local/lib/python3.12/site-packages/airflow/example_dags/example_workday_timetable.py for tasks to queue
[2025-02-01T13:39:23.036+0000] {logging_mixin.py:190} INFO - [2025-02-01T13:39:23.035+0000] {dagbag.py:588} INFO - Filling up the DagBag from /home/airflow/.local/lib/python3.12/site-packages/airflow/example_dags/example_workday_timetable.py
[2025-02-01T13:39:23.039+0000] {processor.py:925} INFO - DAG(s) 'example_workday_timetable' retrieved from /home/airflow/.local/lib/python3.12/site-packages/airflow/example_dags/example_workday_timetable.py
[2025-02-01T13:39:23.060+0000] {logging_mixin.py:190} INFO - [2025-02-01T13:39:23.060+0000] {dag.py:3239} INFO - Sync 1 DAGs
[2025-02-01T13:39:23.107+0000] {logging_mixin.py:190} INFO - [2025-02-01T13:39:23.107+0000] {dag.py:4180} INFO - Setting next_dagrun for example_workday_timetable to 2021-01-04 00:00:00+00:00, run_after=2021-01-05 00:00:00+00:00
[2025-02-01T13:39:23.131+0000] {processor.py:208} INFO - Processing /home/airflow/.local/lib/python3.12/site-packages/airflow/example_dags/example_workday_timetable.py took 0.102 seconds
[2025-02-01T13:39:53.574+0000] {processor.py:186} INFO - Started process (PID=695) to work on /home/airflow/.local/lib/python3.12/site-packages/airflow/example_dags/example_workday_timetable.py
[2025-02-01T13:39:53.575+0000] {processor.py:914} INFO - Processing file /home/airflow/.local/lib/python3.12/site-packages/airflow/example_dags/example_workday_timetable.py for tasks to queue
[2025-02-01T13:39:53.576+0000] {logging_mixin.py:190} INFO - [2025-02-01T13:39:53.576+0000] {dagbag.py:588} INFO - Filling up the DagBag from /home/airflow/.local/lib/python3.12/site-packages/airflow/example_dags/example_workday_timetable.py
[2025-02-01T13:39:53.579+0000] {processor.py:925} INFO - DAG(s) 'example_workday_timetable' retrieved from /home/airflow/.local/lib/python3.12/site-packages/airflow/example_dags/example_workday_timetable.py
[2025-02-01T13:39:53.594+0000] {logging_mixin.py:190} INFO - [2025-02-01T13:39:53.594+0000] {dag.py:3239} INFO - Sync 1 DAGs
[2025-02-01T13:39:53.626+0000] {logging_mixin.py:190} INFO - [2025-02-01T13:39:53.626+0000] {dag.py:4180} INFO - Setting next_dagrun for example_workday_timetable to 2021-01-04 00:00:00+00:00, run_after=2021-01-05 00:00:00+00:00
[2025-02-01T13:39:53.635+0000] {processor.py:208} INFO - Processing /home/airflow/.local/lib/python3.12/site-packages/airflow/example_dags/example_workday_timetable.py took 0.066 seconds
[2025-02-01T13:40:24.401+0000] {processor.py:186} INFO - Started process (PID=761) to work on /home/airflow/.local/lib/python3.12/site-packages/airflow/example_dags/example_workday_timetable.py
[2025-02-01T13:40:24.403+0000] {processor.py:914} INFO - Processing file /home/airflow/.local/lib/python3.12/site-packages/airflow/example_dags/example_workday_timetable.py for tasks to queue
[2025-02-01T13:40:24.404+0000] {logging_mixin.py:190} INFO - [2025-02-01T13:40:24.404+0000] {dagbag.py:588} INFO - Filling up the DagBag from /home/airflow/.local/lib/python3.12/site-packages/airflow/example_dags/example_workday_timetable.py
[2025-02-01T13:40:24.408+0000] {processor.py:925} INFO - DAG(s) 'example_workday_timetable' retrieved from /home/airflow/.local/lib/python3.12/site-packages/airflow/example_dags/example_workday_timetable.py
[2025-02-01T13:40:24.421+0000] {logging_mixin.py:190} INFO - [2025-02-01T13:40:24.420+0000] {dag.py:3239} INFO - Sync 1 DAGs
[2025-02-01T13:40:24.453+0000] {logging_mixin.py:190} INFO - [2025-02-01T13:40:24.453+0000] {dag.py:4180} INFO - Setting next_dagrun for example_workday_timetable to 2021-01-04 00:00:00+00:00, run_after=2021-01-05 00:00:00+00:00
[2025-02-01T13:40:24.468+0000] {processor.py:208} INFO - Processing /home/airflow/.local/lib/python3.12/site-packages/airflow/example_dags/example_workday_timetable.py took 0.069 seconds
[2025-02-01T13:40:55.422+0000] {processor.py:186} INFO - Started process (PID=827) to work on /home/airflow/.local/lib/python3.12/site-packages/airflow/example_dags/example_workday_timetable.py
[2025-02-01T13:40:55.423+0000] {processor.py:914} INFO - Processing file /home/airflow/.local/lib/python3.12/site-packages/airflow/example_dags/example_workday_timetable.py for tasks to queue
[2025-02-01T13:40:55.424+0000] {logging_mixin.py:190} INFO - [2025-02-01T13:40:55.424+0000] {dagbag.py:588} INFO - Filling up the DagBag from /home/airflow/.local/lib/python3.12/site-packages/airflow/example_dags/example_workday_timetable.py
[2025-02-01T13:40:55.427+0000] {processor.py:925} INFO - DAG(s) 'example_workday_timetable' retrieved from /home/airflow/.local/lib/python3.12/site-packages/airflow/example_dags/example_workday_timetable.py
[2025-02-01T13:40:55.439+0000] {logging_mixin.py:190} INFO - [2025-02-01T13:40:55.439+0000] {dag.py:3239} INFO - Sync 1 DAGs
[2025-02-01T13:40:55.465+0000] {logging_mixin.py:190} INFO - [2025-02-01T13:40:55.465+0000] {dag.py:4180} INFO - Setting next_dagrun for example_workday_timetable to 2021-01-04 00:00:00+00:00, run_after=2021-01-05 00:00:00+00:00
[2025-02-01T13:40:55.475+0000] {processor.py:208} INFO - Processing /home/airflow/.local/lib/python3.12/site-packages/airflow/example_dags/example_workday_timetable.py took 0.055 seconds
[2025-02-01T13:41:26.846+0000] {processor.py:186} INFO - Started process (PID=893) to work on /home/airflow/.local/lib/python3.12/site-packages/airflow/example_dags/example_workday_timetable.py
[2025-02-01T13:41:26.847+0000] {processor.py:914} INFO - Processing file /home/airflow/.local/lib/python3.12/site-packages/airflow/example_dags/example_workday_timetable.py for tasks to queue
[2025-02-01T13:41:26.850+0000] {logging_mixin.py:190} INFO - [2025-02-01T13:41:26.850+0000] {dagbag.py:588} INFO - Filling up the DagBag from /home/airflow/.local/lib/python3.12/site-packages/airflow/example_dags/example_workday_timetable.py
[2025-02-01T13:41:26.856+0000] {processor.py:925} INFO - DAG(s) 'example_workday_timetable' retrieved from /home/airflow/.local/lib/python3.12/site-packages/airflow/example_dags/example_workday_timetable.py
[2025-02-01T13:41:26.872+0000] {logging_mixin.py:190} INFO - [2025-02-01T13:41:26.872+0000] {dag.py:3239} INFO - Sync 1 DAGs
[2025-02-01T13:41:26.922+0000] {logging_mixin.py:190} INFO - [2025-02-01T13:41:26.922+0000] {dag.py:4180} INFO - Setting next_dagrun for example_workday_timetable to 2021-01-04 00:00:00+00:00, run_after=2021-01-05 00:00:00+00:00
[2025-02-01T13:41:26.937+0000] {processor.py:208} INFO - Processing /home/airflow/.local/lib/python3.12/site-packages/airflow/example_dags/example_workday_timetable.py took 0.096 seconds
[2025-02-01T13:41:57.413+0000] {processor.py:186} INFO - Started process (PID=959) to work on /home/airflow/.local/lib/python3.12/site-packages/airflow/example_dags/example_workday_timetable.py
[2025-02-01T13:41:57.415+0000] {processor.py:914} INFO - Processing file /home/airflow/.local/lib/python3.12/site-packages/airflow/example_dags/example_workday_timetable.py for tasks to queue
[2025-02-01T13:41:57.417+0000] {logging_mixin.py:190} INFO - [2025-02-01T13:41:57.417+0000] {dagbag.py:588} INFO - Filling up the DagBag from /home/airflow/.local/lib/python3.12/site-packages/airflow/example_dags/example_workday_timetable.py
[2025-02-01T13:41:57.420+0000] {processor.py:925} INFO - DAG(s) 'example_workday_timetable' retrieved from /home/airflow/.local/lib/python3.12/site-packages/airflow/example_dags/example_workday_timetable.py
[2025-02-01T13:41:57.434+0000] {logging_mixin.py:190} INFO - [2025-02-01T13:41:57.434+0000] {dag.py:3239} INFO - Sync 1 DAGs
[2025-02-01T13:41:57.470+0000] {logging_mixin.py:190} INFO - [2025-02-01T13:41:57.469+0000] {dag.py:4180} INFO - Setting next_dagrun for example_workday_timetable to 2021-01-04 00:00:00+00:00, run_after=2021-01-05 00:00:00+00:00
[2025-02-01T13:41:57.488+0000] {processor.py:208} INFO - Processing /home/airflow/.local/lib/python3.12/site-packages/airflow/example_dags/example_workday_timetable.py took 0.078 seconds
[2025-02-01T14:45:46.710+0000] {processor.py:186} INFO - Started process (PID=104) to work on /home/airflow/.local/lib/python3.12/site-packages/airflow/example_dags/example_workday_timetable.py
[2025-02-01T14:45:46.712+0000] {processor.py:914} INFO - Processing file /home/airflow/.local/lib/python3.12/site-packages/airflow/example_dags/example_workday_timetable.py for tasks to queue
[2025-02-01T14:45:46.715+0000] {logging_mixin.py:190} INFO - [2025-02-01T14:45:46.715+0000] {dagbag.py:588} INFO - Filling up the DagBag from /home/airflow/.local/lib/python3.12/site-packages/airflow/example_dags/example_workday_timetable.py
[2025-02-01T14:45:46.720+0000] {processor.py:925} INFO - DAG(s) 'example_workday_timetable' retrieved from /home/airflow/.local/lib/python3.12/site-packages/airflow/example_dags/example_workday_timetable.py
[2025-02-01T14:45:46.745+0000] {logging_mixin.py:190} INFO - [2025-02-01T14:45:46.745+0000] {dag.py:3239} INFO - Sync 1 DAGs
[2025-02-01T14:45:46.794+0000] {logging_mixin.py:190} INFO - [2025-02-01T14:45:46.794+0000] {dag.py:4180} INFO - Setting next_dagrun for example_workday_timetable to 2021-01-04 00:00:00+00:00, run_after=2021-01-05 00:00:00+00:00
[2025-02-01T14:45:46.809+0000] {processor.py:208} INFO - Processing /home/airflow/.local/lib/python3.12/site-packages/airflow/example_dags/example_workday_timetable.py took 0.102 seconds
[2025-02-01T14:46:17.307+0000] {processor.py:186} INFO - Started process (PID=169) to work on /home/airflow/.local/lib/python3.12/site-packages/airflow/example_dags/example_workday_timetable.py
[2025-02-01T14:46:17.307+0000] {processor.py:914} INFO - Processing file /home/airflow/.local/lib/python3.12/site-packages/airflow/example_dags/example_workday_timetable.py for tasks to queue
[2025-02-01T14:46:17.308+0000] {logging_mixin.py:190} INFO - [2025-02-01T14:46:17.308+0000] {dagbag.py:588} INFO - Filling up the DagBag from /home/airflow/.local/lib/python3.12/site-packages/airflow/example_dags/example_workday_timetable.py
[2025-02-01T14:46:17.312+0000] {processor.py:925} INFO - DAG(s) 'example_workday_timetable' retrieved from /home/airflow/.local/lib/python3.12/site-packages/airflow/example_dags/example_workday_timetable.py
[2025-02-01T14:46:17.331+0000] {logging_mixin.py:190} INFO - [2025-02-01T14:46:17.330+0000] {dag.py:3239} INFO - Sync 1 DAGs
[2025-02-01T14:46:17.364+0000] {logging_mixin.py:190} INFO - [2025-02-01T14:46:17.364+0000] {dag.py:4180} INFO - Setting next_dagrun for example_workday_timetable to 2021-01-04 00:00:00+00:00, run_after=2021-01-05 00:00:00+00:00
[2025-02-01T14:46:17.382+0000] {processor.py:208} INFO - Processing /home/airflow/.local/lib/python3.12/site-packages/airflow/example_dags/example_workday_timetable.py took 0.078 seconds
[2025-02-01T14:46:48.367+0000] {processor.py:186} INFO - Started process (PID=235) to work on /home/airflow/.local/lib/python3.12/site-packages/airflow/example_dags/example_workday_timetable.py
[2025-02-01T14:46:48.369+0000] {processor.py:914} INFO - Processing file /home/airflow/.local/lib/python3.12/site-packages/airflow/example_dags/example_workday_timetable.py for tasks to queue
[2025-02-01T14:46:48.371+0000] {logging_mixin.py:190} INFO - [2025-02-01T14:46:48.371+0000] {dagbag.py:588} INFO - Filling up the DagBag from /home/airflow/.local/lib/python3.12/site-packages/airflow/example_dags/example_workday_timetable.py
[2025-02-01T14:46:48.374+0000] {processor.py:925} INFO - DAG(s) 'example_workday_timetable' retrieved from /home/airflow/.local/lib/python3.12/site-packages/airflow/example_dags/example_workday_timetable.py
[2025-02-01T14:46:48.387+0000] {logging_mixin.py:190} INFO - [2025-02-01T14:46:48.386+0000] {dag.py:3239} INFO - Sync 1 DAGs
[2025-02-01T14:46:48.413+0000] {logging_mixin.py:190} INFO - [2025-02-01T14:46:48.413+0000] {dag.py:4180} INFO - Setting next_dagrun for example_workday_timetable to 2021-01-04 00:00:00+00:00, run_after=2021-01-05 00:00:00+00:00
[2025-02-01T14:46:48.423+0000] {processor.py:208} INFO - Processing /home/airflow/.local/lib/python3.12/site-packages/airflow/example_dags/example_workday_timetable.py took 0.058 seconds
[2025-02-01T14:47:19.333+0000] {processor.py:186} INFO - Started process (PID=301) to work on /home/airflow/.local/lib/python3.12/site-packages/airflow/example_dags/example_workday_timetable.py
[2025-02-01T14:47:19.334+0000] {processor.py:914} INFO - Processing file /home/airflow/.local/lib/python3.12/site-packages/airflow/example_dags/example_workday_timetable.py for tasks to queue
[2025-02-01T14:47:19.336+0000] {logging_mixin.py:190} INFO - [2025-02-01T14:47:19.335+0000] {dagbag.py:588} INFO - Filling up the DagBag from /home/airflow/.local/lib/python3.12/site-packages/airflow/example_dags/example_workday_timetable.py
[2025-02-01T14:47:19.340+0000] {processor.py:925} INFO - DAG(s) 'example_workday_timetable' retrieved from /home/airflow/.local/lib/python3.12/site-packages/airflow/example_dags/example_workday_timetable.py
[2025-02-01T14:47:19.353+0000] {logging_mixin.py:190} INFO - [2025-02-01T14:47:19.353+0000] {dag.py:3239} INFO - Sync 1 DAGs
[2025-02-01T14:47:19.388+0000] {logging_mixin.py:190} INFO - [2025-02-01T14:47:19.388+0000] {dag.py:4180} INFO - Setting next_dagrun for example_workday_timetable to 2021-01-04 00:00:00+00:00, run_after=2021-01-05 00:00:00+00:00
[2025-02-01T14:47:19.401+0000] {processor.py:208} INFO - Processing /home/airflow/.local/lib/python3.12/site-packages/airflow/example_dags/example_workday_timetable.py took 0.074 seconds
[2025-02-01T14:47:50.525+0000] {processor.py:186} INFO - Started process (PID=367) to work on /home/airflow/.local/lib/python3.12/site-packages/airflow/example_dags/example_workday_timetable.py
[2025-02-01T14:47:50.525+0000] {processor.py:914} INFO - Processing file /home/airflow/.local/lib/python3.12/site-packages/airflow/example_dags/example_workday_timetable.py for tasks to queue
[2025-02-01T14:47:50.526+0000] {logging_mixin.py:190} INFO - [2025-02-01T14:47:50.526+0000] {dagbag.py:588} INFO - Filling up the DagBag from /home/airflow/.local/lib/python3.12/site-packages/airflow/example_dags/example_workday_timetable.py
[2025-02-01T14:47:50.529+0000] {processor.py:925} INFO - DAG(s) 'example_workday_timetable' retrieved from /home/airflow/.local/lib/python3.12/site-packages/airflow/example_dags/example_workday_timetable.py
[2025-02-01T14:47:50.539+0000] {logging_mixin.py:190} INFO - [2025-02-01T14:47:50.539+0000] {dag.py:3239} INFO - Sync 1 DAGs
[2025-02-01T14:47:50.568+0000] {logging_mixin.py:190} INFO - [2025-02-01T14:47:50.568+0000] {dag.py:4180} INFO - Setting next_dagrun for example_workday_timetable to 2021-01-04 00:00:00+00:00, run_after=2021-01-05 00:00:00+00:00
[2025-02-01T14:47:50.575+0000] {processor.py:208} INFO - Processing /home/airflow/.local/lib/python3.12/site-packages/airflow/example_dags/example_workday_timetable.py took 0.053 seconds
[2025-02-01T14:48:21.343+0000] {processor.py:186} INFO - Started process (PID=433) to work on /home/airflow/.local/lib/python3.12/site-packages/airflow/example_dags/example_workday_timetable.py
[2025-02-01T14:48:21.343+0000] {processor.py:914} INFO - Processing file /home/airflow/.local/lib/python3.12/site-packages/airflow/example_dags/example_workday_timetable.py for tasks to queue
[2025-02-01T14:48:21.344+0000] {logging_mixin.py:190} INFO - [2025-02-01T14:48:21.344+0000] {dagbag.py:588} INFO - Filling up the DagBag from /home/airflow/.local/lib/python3.12/site-packages/airflow/example_dags/example_workday_timetable.py
[2025-02-01T14:48:21.348+0000] {processor.py:925} INFO - DAG(s) 'example_workday_timetable' retrieved from /home/airflow/.local/lib/python3.12/site-packages/airflow/example_dags/example_workday_timetable.py
[2025-02-01T14:48:21.362+0000] {logging_mixin.py:190} INFO - [2025-02-01T14:48:21.362+0000] {dag.py:3239} INFO - Sync 1 DAGs
[2025-02-01T14:48:21.388+0000] {logging_mixin.py:190} INFO - [2025-02-01T14:48:21.388+0000] {dag.py:4180} INFO - Setting next_dagrun for example_workday_timetable to 2021-01-04 00:00:00+00:00, run_after=2021-01-05 00:00:00+00:00
[2025-02-01T14:48:21.402+0000] {processor.py:208} INFO - Processing /home/airflow/.local/lib/python3.12/site-packages/airflow/example_dags/example_workday_timetable.py took 0.062 seconds
[2025-02-01T14:48:52.420+0000] {processor.py:186} INFO - Started process (PID=499) to work on /home/airflow/.local/lib/python3.12/site-packages/airflow/example_dags/example_workday_timetable.py
[2025-02-01T14:48:52.420+0000] {processor.py:914} INFO - Processing file /home/airflow/.local/lib/python3.12/site-packages/airflow/example_dags/example_workday_timetable.py for tasks to queue
[2025-02-01T14:48:52.422+0000] {logging_mixin.py:190} INFO - [2025-02-01T14:48:52.421+0000] {dagbag.py:588} INFO - Filling up the DagBag from /home/airflow/.local/lib/python3.12/site-packages/airflow/example_dags/example_workday_timetable.py
[2025-02-01T14:48:52.424+0000] {processor.py:925} INFO - DAG(s) 'example_workday_timetable' retrieved from /home/airflow/.local/lib/python3.12/site-packages/airflow/example_dags/example_workday_timetable.py
[2025-02-01T14:48:52.433+0000] {logging_mixin.py:190} INFO - [2025-02-01T14:48:52.433+0000] {dag.py:3239} INFO - Sync 1 DAGs
[2025-02-01T14:48:52.461+0000] {logging_mixin.py:190} INFO - [2025-02-01T14:48:52.461+0000] {dag.py:4180} INFO - Setting next_dagrun for example_workday_timetable to 2021-01-04 00:00:00+00:00, run_after=2021-01-05 00:00:00+00:00
[2025-02-01T14:48:52.468+0000] {processor.py:208} INFO - Processing /home/airflow/.local/lib/python3.12/site-packages/airflow/example_dags/example_workday_timetable.py took 0.051 seconds
[2025-02-01T14:49:23.414+0000] {processor.py:186} INFO - Started process (PID=565) to work on /home/airflow/.local/lib/python3.12/site-packages/airflow/example_dags/example_workday_timetable.py
[2025-02-01T14:49:23.414+0000] {processor.py:914} INFO - Processing file /home/airflow/.local/lib/python3.12/site-packages/airflow/example_dags/example_workday_timetable.py for tasks to queue
[2025-02-01T14:49:23.415+0000] {logging_mixin.py:190} INFO - [2025-02-01T14:49:23.415+0000] {dagbag.py:588} INFO - Filling up the DagBag from /home/airflow/.local/lib/python3.12/site-packages/airflow/example_dags/example_workday_timetable.py
[2025-02-01T14:49:23.418+0000] {processor.py:925} INFO - DAG(s) 'example_workday_timetable' retrieved from /home/airflow/.local/lib/python3.12/site-packages/airflow/example_dags/example_workday_timetable.py
[2025-02-01T14:49:23.428+0000] {logging_mixin.py:190} INFO - [2025-02-01T14:49:23.428+0000] {dag.py:3239} INFO - Sync 1 DAGs
[2025-02-01T14:49:23.453+0000] {logging_mixin.py:190} INFO - [2025-02-01T14:49:23.453+0000] {dag.py:4180} INFO - Setting next_dagrun for example_workday_timetable to 2021-01-04 00:00:00+00:00, run_after=2021-01-05 00:00:00+00:00
[2025-02-01T14:49:23.464+0000] {processor.py:208} INFO - Processing /home/airflow/.local/lib/python3.12/site-packages/airflow/example_dags/example_workday_timetable.py took 0.053 seconds
[2025-02-01T14:49:54.573+0000] {processor.py:186} INFO - Started process (PID=631) to work on /home/airflow/.local/lib/python3.12/site-packages/airflow/example_dags/example_workday_timetable.py
[2025-02-01T14:49:54.575+0000] {processor.py:914} INFO - Processing file /home/airflow/.local/lib/python3.12/site-packages/airflow/example_dags/example_workday_timetable.py for tasks to queue
[2025-02-01T14:49:54.577+0000] {logging_mixin.py:190} INFO - [2025-02-01T14:49:54.577+0000] {dagbag.py:588} INFO - Filling up the DagBag from /home/airflow/.local/lib/python3.12/site-packages/airflow/example_dags/example_workday_timetable.py
[2025-02-01T14:49:54.582+0000] {processor.py:925} INFO - DAG(s) 'example_workday_timetable' retrieved from /home/airflow/.local/lib/python3.12/site-packages/airflow/example_dags/example_workday_timetable.py
[2025-02-01T14:49:54.599+0000] {logging_mixin.py:190} INFO - [2025-02-01T14:49:54.599+0000] {dag.py:3239} INFO - Sync 1 DAGs
[2025-02-01T14:49:54.627+0000] {logging_mixin.py:190} INFO - [2025-02-01T14:49:54.627+0000] {dag.py:4180} INFO - Setting next_dagrun for example_workday_timetable to 2021-01-04 00:00:00+00:00, run_after=2021-01-05 00:00:00+00:00
[2025-02-01T14:49:54.642+0000] {processor.py:208} INFO - Processing /home/airflow/.local/lib/python3.12/site-packages/airflow/example_dags/example_workday_timetable.py took 0.071 seconds
[2025-02-01T14:50:25.402+0000] {processor.py:186} INFO - Started process (PID=697) to work on /home/airflow/.local/lib/python3.12/site-packages/airflow/example_dags/example_workday_timetable.py
[2025-02-01T14:50:25.402+0000] {processor.py:914} INFO - Processing file /home/airflow/.local/lib/python3.12/site-packages/airflow/example_dags/example_workday_timetable.py for tasks to queue
[2025-02-01T14:50:25.404+0000] {logging_mixin.py:190} INFO - [2025-02-01T14:50:25.404+0000] {dagbag.py:588} INFO - Filling up the DagBag from /home/airflow/.local/lib/python3.12/site-packages/airflow/example_dags/example_workday_timetable.py
[2025-02-01T14:50:25.408+0000] {processor.py:925} INFO - DAG(s) 'example_workday_timetable' retrieved from /home/airflow/.local/lib/python3.12/site-packages/airflow/example_dags/example_workday_timetable.py
[2025-02-01T14:50:25.418+0000] {logging_mixin.py:190} INFO - [2025-02-01T14:50:25.418+0000] {dag.py:3239} INFO - Sync 1 DAGs
[2025-02-01T14:50:25.476+0000] {logging_mixin.py:190} INFO - [2025-02-01T14:50:25.476+0000] {dag.py:4180} INFO - Setting next_dagrun for example_workday_timetable to 2021-01-04 00:00:00+00:00, run_after=2021-01-05 00:00:00+00:00
[2025-02-01T14:50:25.492+0000] {processor.py:208} INFO - Processing /home/airflow/.local/lib/python3.12/site-packages/airflow/example_dags/example_workday_timetable.py took 0.094 seconds
[2025-02-01T14:50:56.506+0000] {processor.py:186} INFO - Started process (PID=763) to work on /home/airflow/.local/lib/python3.12/site-packages/airflow/example_dags/example_workday_timetable.py
[2025-02-01T14:50:56.506+0000] {processor.py:914} INFO - Processing file /home/airflow/.local/lib/python3.12/site-packages/airflow/example_dags/example_workday_timetable.py for tasks to queue
[2025-02-01T14:50:56.508+0000] {logging_mixin.py:190} INFO - [2025-02-01T14:50:56.507+0000] {dagbag.py:588} INFO - Filling up the DagBag from /home/airflow/.local/lib/python3.12/site-packages/airflow/example_dags/example_workday_timetable.py
[2025-02-01T14:50:56.511+0000] {processor.py:925} INFO - DAG(s) 'example_workday_timetable' retrieved from /home/airflow/.local/lib/python3.12/site-packages/airflow/example_dags/example_workday_timetable.py
[2025-02-01T14:50:56.523+0000] {logging_mixin.py:190} INFO - [2025-02-01T14:50:56.523+0000] {dag.py:3239} INFO - Sync 1 DAGs
[2025-02-01T14:50:56.553+0000] {logging_mixin.py:190} INFO - [2025-02-01T14:50:56.553+0000] {dag.py:4180} INFO - Setting next_dagrun for example_workday_timetable to 2021-01-04 00:00:00+00:00, run_after=2021-01-05 00:00:00+00:00
[2025-02-01T14:50:56.565+0000] {processor.py:208} INFO - Processing /home/airflow/.local/lib/python3.12/site-packages/airflow/example_dags/example_workday_timetable.py took 0.062 seconds
[2025-02-01T14:51:27.601+0000] {processor.py:186} INFO - Started process (PID=829) to work on /home/airflow/.local/lib/python3.12/site-packages/airflow/example_dags/example_workday_timetable.py
[2025-02-01T14:51:27.602+0000] {processor.py:914} INFO - Processing file /home/airflow/.local/lib/python3.12/site-packages/airflow/example_dags/example_workday_timetable.py for tasks to queue
[2025-02-01T14:51:27.604+0000] {logging_mixin.py:190} INFO - [2025-02-01T14:51:27.604+0000] {dagbag.py:588} INFO - Filling up the DagBag from /home/airflow/.local/lib/python3.12/site-packages/airflow/example_dags/example_workday_timetable.py
[2025-02-01T14:51:27.607+0000] {processor.py:925} INFO - DAG(s) 'example_workday_timetable' retrieved from /home/airflow/.local/lib/python3.12/site-packages/airflow/example_dags/example_workday_timetable.py
[2025-02-01T14:51:27.618+0000] {logging_mixin.py:190} INFO - [2025-02-01T14:51:27.617+0000] {dag.py:3239} INFO - Sync 1 DAGs
[2025-02-01T14:51:27.647+0000] {logging_mixin.py:190} INFO - [2025-02-01T14:51:27.647+0000] {dag.py:4180} INFO - Setting next_dagrun for example_workday_timetable to 2021-01-04 00:00:00+00:00, run_after=2021-01-05 00:00:00+00:00
[2025-02-01T14:51:27.661+0000] {processor.py:208} INFO - Processing /home/airflow/.local/lib/python3.12/site-packages/airflow/example_dags/example_workday_timetable.py took 0.062 seconds
[2025-02-01T14:51:59.246+0000] {processor.py:186} INFO - Started process (PID=895) to work on /home/airflow/.local/lib/python3.12/site-packages/airflow/example_dags/example_workday_timetable.py
[2025-02-01T14:51:59.247+0000] {processor.py:914} INFO - Processing file /home/airflow/.local/lib/python3.12/site-packages/airflow/example_dags/example_workday_timetable.py for tasks to queue
[2025-02-01T14:51:59.248+0000] {logging_mixin.py:190} INFO - [2025-02-01T14:51:59.248+0000] {dagbag.py:588} INFO - Filling up the DagBag from /home/airflow/.local/lib/python3.12/site-packages/airflow/example_dags/example_workday_timetable.py
[2025-02-01T14:51:59.251+0000] {processor.py:925} INFO - DAG(s) 'example_workday_timetable' retrieved from /home/airflow/.local/lib/python3.12/site-packages/airflow/example_dags/example_workday_timetable.py
[2025-02-01T14:51:59.260+0000] {logging_mixin.py:190} INFO - [2025-02-01T14:51:59.260+0000] {dag.py:3239} INFO - Sync 1 DAGs
[2025-02-01T14:51:59.284+0000] {logging_mixin.py:190} INFO - [2025-02-01T14:51:59.284+0000] {dag.py:4180} INFO - Setting next_dagrun for example_workday_timetable to 2021-01-04 00:00:00+00:00, run_after=2021-01-05 00:00:00+00:00
[2025-02-01T14:51:59.294+0000] {processor.py:208} INFO - Processing /home/airflow/.local/lib/python3.12/site-packages/airflow/example_dags/example_workday_timetable.py took 0.050 seconds
[2025-02-01T14:52:30.653+0000] {processor.py:186} INFO - Started process (PID=961) to work on /home/airflow/.local/lib/python3.12/site-packages/airflow/example_dags/example_workday_timetable.py
[2025-02-01T14:52:30.654+0000] {processor.py:914} INFO - Processing file /home/airflow/.local/lib/python3.12/site-packages/airflow/example_dags/example_workday_timetable.py for tasks to queue
[2025-02-01T14:52:30.655+0000] {logging_mixin.py:190} INFO - [2025-02-01T14:52:30.655+0000] {dagbag.py:588} INFO - Filling up the DagBag from /home/airflow/.local/lib/python3.12/site-packages/airflow/example_dags/example_workday_timetable.py
[2025-02-01T14:52:30.659+0000] {processor.py:925} INFO - DAG(s) 'example_workday_timetable' retrieved from /home/airflow/.local/lib/python3.12/site-packages/airflow/example_dags/example_workday_timetable.py
[2025-02-01T14:52:30.675+0000] {logging_mixin.py:190} INFO - [2025-02-01T14:52:30.674+0000] {dag.py:3239} INFO - Sync 1 DAGs
[2025-02-01T14:52:30.708+0000] {logging_mixin.py:190} INFO - [2025-02-01T14:52:30.708+0000] {dag.py:4180} INFO - Setting next_dagrun for example_workday_timetable to 2021-01-04 00:00:00+00:00, run_after=2021-01-05 00:00:00+00:00
[2025-02-01T14:52:30.724+0000] {processor.py:208} INFO - Processing /home/airflow/.local/lib/python3.12/site-packages/airflow/example_dags/example_workday_timetable.py took 0.074 seconds
[2025-02-01T14:53:01.000+0000] {processor.py:186} INFO - Started process (PID=1027) to work on /home/airflow/.local/lib/python3.12/site-packages/airflow/example_dags/example_workday_timetable.py
[2025-02-01T14:53:01.001+0000] {processor.py:914} INFO - Processing file /home/airflow/.local/lib/python3.12/site-packages/airflow/example_dags/example_workday_timetable.py for tasks to queue
[2025-02-01T14:53:01.002+0000] {logging_mixin.py:190} INFO - [2025-02-01T14:53:01.001+0000] {dagbag.py:588} INFO - Filling up the DagBag from /home/airflow/.local/lib/python3.12/site-packages/airflow/example_dags/example_workday_timetable.py
[2025-02-01T14:53:01.005+0000] {processor.py:925} INFO - DAG(s) 'example_workday_timetable' retrieved from /home/airflow/.local/lib/python3.12/site-packages/airflow/example_dags/example_workday_timetable.py
[2025-02-01T14:53:01.016+0000] {logging_mixin.py:190} INFO - [2025-02-01T14:53:01.016+0000] {dag.py:3239} INFO - Sync 1 DAGs
[2025-02-01T14:53:01.042+0000] {logging_mixin.py:190} INFO - [2025-02-01T14:53:01.042+0000] {dag.py:4180} INFO - Setting next_dagrun for example_workday_timetable to 2021-01-04 00:00:00+00:00, run_after=2021-01-05 00:00:00+00:00
[2025-02-01T14:53:01.049+0000] {processor.py:208} INFO - Processing /home/airflow/.local/lib/python3.12/site-packages/airflow/example_dags/example_workday_timetable.py took 0.052 seconds
[2025-02-01T14:53:31.971+0000] {processor.py:186} INFO - Started process (PID=1093) to work on /home/airflow/.local/lib/python3.12/site-packages/airflow/example_dags/example_workday_timetable.py
[2025-02-01T14:53:31.974+0000] {processor.py:914} INFO - Processing file /home/airflow/.local/lib/python3.12/site-packages/airflow/example_dags/example_workday_timetable.py for tasks to queue
[2025-02-01T14:53:31.976+0000] {logging_mixin.py:190} INFO - [2025-02-01T14:53:31.976+0000] {dagbag.py:588} INFO - Filling up the DagBag from /home/airflow/.local/lib/python3.12/site-packages/airflow/example_dags/example_workday_timetable.py
[2025-02-01T14:53:31.980+0000] {processor.py:925} INFO - DAG(s) 'example_workday_timetable' retrieved from /home/airflow/.local/lib/python3.12/site-packages/airflow/example_dags/example_workday_timetable.py
[2025-02-01T14:53:31.991+0000] {logging_mixin.py:190} INFO - [2025-02-01T14:53:31.991+0000] {dag.py:3239} INFO - Sync 1 DAGs
[2025-02-01T14:53:32.016+0000] {logging_mixin.py:190} INFO - [2025-02-01T14:53:32.016+0000] {dag.py:4180} INFO - Setting next_dagrun for example_workday_timetable to 2021-01-04 00:00:00+00:00, run_after=2021-01-05 00:00:00+00:00
[2025-02-01T14:53:32.031+0000] {processor.py:208} INFO - Processing /home/airflow/.local/lib/python3.12/site-packages/airflow/example_dags/example_workday_timetable.py took 0.063 seconds
[2025-02-01T14:54:03.035+0000] {processor.py:186} INFO - Started process (PID=1159) to work on /home/airflow/.local/lib/python3.12/site-packages/airflow/example_dags/example_workday_timetable.py
[2025-02-01T14:54:03.038+0000] {processor.py:914} INFO - Processing file /home/airflow/.local/lib/python3.12/site-packages/airflow/example_dags/example_workday_timetable.py for tasks to queue
[2025-02-01T14:54:03.040+0000] {logging_mixin.py:190} INFO - [2025-02-01T14:54:03.040+0000] {dagbag.py:588} INFO - Filling up the DagBag from /home/airflow/.local/lib/python3.12/site-packages/airflow/example_dags/example_workday_timetable.py
[2025-02-01T14:54:03.046+0000] {processor.py:925} INFO - DAG(s) 'example_workday_timetable' retrieved from /home/airflow/.local/lib/python3.12/site-packages/airflow/example_dags/example_workday_timetable.py
[2025-02-01T14:54:03.061+0000] {logging_mixin.py:190} INFO - [2025-02-01T14:54:03.060+0000] {dag.py:3239} INFO - Sync 1 DAGs
[2025-02-01T14:54:03.088+0000] {logging_mixin.py:190} INFO - [2025-02-01T14:54:03.088+0000] {dag.py:4180} INFO - Setting next_dagrun for example_workday_timetable to 2021-01-04 00:00:00+00:00, run_after=2021-01-05 00:00:00+00:00
[2025-02-01T14:54:03.103+0000] {processor.py:208} INFO - Processing /home/airflow/.local/lib/python3.12/site-packages/airflow/example_dags/example_workday_timetable.py took 0.071 seconds
[2025-02-01T14:54:34.087+0000] {processor.py:186} INFO - Started process (PID=1225) to work on /home/airflow/.local/lib/python3.12/site-packages/airflow/example_dags/example_workday_timetable.py
[2025-02-01T14:54:34.088+0000] {processor.py:914} INFO - Processing file /home/airflow/.local/lib/python3.12/site-packages/airflow/example_dags/example_workday_timetable.py for tasks to queue
[2025-02-01T14:54:34.089+0000] {logging_mixin.py:190} INFO - [2025-02-01T14:54:34.089+0000] {dagbag.py:588} INFO - Filling up the DagBag from /home/airflow/.local/lib/python3.12/site-packages/airflow/example_dags/example_workday_timetable.py
[2025-02-01T14:54:34.092+0000] {processor.py:925} INFO - DAG(s) 'example_workday_timetable' retrieved from /home/airflow/.local/lib/python3.12/site-packages/airflow/example_dags/example_workday_timetable.py
[2025-02-01T14:54:34.100+0000] {logging_mixin.py:190} INFO - [2025-02-01T14:54:34.099+0000] {dag.py:3239} INFO - Sync 1 DAGs
[2025-02-01T14:54:34.124+0000] {logging_mixin.py:190} INFO - [2025-02-01T14:54:34.124+0000] {dag.py:4180} INFO - Setting next_dagrun for example_workday_timetable to 2021-01-04 00:00:00+00:00, run_after=2021-01-05 00:00:00+00:00
[2025-02-01T14:54:34.130+0000] {processor.py:208} INFO - Processing /home/airflow/.local/lib/python3.12/site-packages/airflow/example_dags/example_workday_timetable.py took 0.046 seconds
[2025-02-01T14:55:05.144+0000] {processor.py:186} INFO - Started process (PID=1291) to work on /home/airflow/.local/lib/python3.12/site-packages/airflow/example_dags/example_workday_timetable.py
[2025-02-01T14:55:05.145+0000] {processor.py:914} INFO - Processing file /home/airflow/.local/lib/python3.12/site-packages/airflow/example_dags/example_workday_timetable.py for tasks to queue
[2025-02-01T14:55:05.147+0000] {logging_mixin.py:190} INFO - [2025-02-01T14:55:05.147+0000] {dagbag.py:588} INFO - Filling up the DagBag from /home/airflow/.local/lib/python3.12/site-packages/airflow/example_dags/example_workday_timetable.py
[2025-02-01T14:55:05.150+0000] {processor.py:925} INFO - DAG(s) 'example_workday_timetable' retrieved from /home/airflow/.local/lib/python3.12/site-packages/airflow/example_dags/example_workday_timetable.py
[2025-02-01T14:55:05.160+0000] {logging_mixin.py:190} INFO - [2025-02-01T14:55:05.159+0000] {dag.py:3239} INFO - Sync 1 DAGs
[2025-02-01T14:55:05.186+0000] {logging_mixin.py:190} INFO - [2025-02-01T14:55:05.186+0000] {dag.py:4180} INFO - Setting next_dagrun for example_workday_timetable to 2021-01-04 00:00:00+00:00, run_after=2021-01-05 00:00:00+00:00
[2025-02-01T14:55:05.198+0000] {processor.py:208} INFO - Processing /home/airflow/.local/lib/python3.12/site-packages/airflow/example_dags/example_workday_timetable.py took 0.057 seconds
[2025-02-01T14:55:35.987+0000] {processor.py:186} INFO - Started process (PID=1357) to work on /home/airflow/.local/lib/python3.12/site-packages/airflow/example_dags/example_workday_timetable.py
[2025-02-01T14:55:35.989+0000] {processor.py:914} INFO - Processing file /home/airflow/.local/lib/python3.12/site-packages/airflow/example_dags/example_workday_timetable.py for tasks to queue
[2025-02-01T14:55:35.990+0000] {logging_mixin.py:190} INFO - [2025-02-01T14:55:35.990+0000] {dagbag.py:588} INFO - Filling up the DagBag from /home/airflow/.local/lib/python3.12/site-packages/airflow/example_dags/example_workday_timetable.py
[2025-02-01T14:55:35.993+0000] {processor.py:925} INFO - DAG(s) 'example_workday_timetable' retrieved from /home/airflow/.local/lib/python3.12/site-packages/airflow/example_dags/example_workday_timetable.py
[2025-02-01T14:55:36.010+0000] {logging_mixin.py:190} INFO - [2025-02-01T14:55:36.010+0000] {dag.py:3239} INFO - Sync 1 DAGs
[2025-02-01T14:55:36.033+0000] {logging_mixin.py:190} INFO - [2025-02-01T14:55:36.033+0000] {dag.py:4180} INFO - Setting next_dagrun for example_workday_timetable to 2021-01-04 00:00:00+00:00, run_after=2021-01-05 00:00:00+00:00
[2025-02-01T14:55:36.051+0000] {processor.py:208} INFO - Processing /home/airflow/.local/lib/python3.12/site-packages/airflow/example_dags/example_workday_timetable.py took 0.067 seconds
[2025-02-01T14:56:07.089+0000] {processor.py:186} INFO - Started process (PID=1423) to work on /home/airflow/.local/lib/python3.12/site-packages/airflow/example_dags/example_workday_timetable.py
[2025-02-01T14:56:07.093+0000] {processor.py:914} INFO - Processing file /home/airflow/.local/lib/python3.12/site-packages/airflow/example_dags/example_workday_timetable.py for tasks to queue
[2025-02-01T14:56:07.095+0000] {logging_mixin.py:190} INFO - [2025-02-01T14:56:07.094+0000] {dagbag.py:588} INFO - Filling up the DagBag from /home/airflow/.local/lib/python3.12/site-packages/airflow/example_dags/example_workday_timetable.py
[2025-02-01T14:56:07.098+0000] {processor.py:925} INFO - DAG(s) 'example_workday_timetable' retrieved from /home/airflow/.local/lib/python3.12/site-packages/airflow/example_dags/example_workday_timetable.py
[2025-02-01T14:56:07.108+0000] {logging_mixin.py:190} INFO - [2025-02-01T14:56:07.108+0000] {dag.py:3239} INFO - Sync 1 DAGs
[2025-02-01T14:56:07.141+0000] {logging_mixin.py:190} INFO - [2025-02-01T14:56:07.141+0000] {dag.py:4180} INFO - Setting next_dagrun for example_workday_timetable to 2021-01-04 00:00:00+00:00, run_after=2021-01-05 00:00:00+00:00
[2025-02-01T14:56:07.154+0000] {processor.py:208} INFO - Processing /home/airflow/.local/lib/python3.12/site-packages/airflow/example_dags/example_workday_timetable.py took 0.068 seconds
[2025-02-01T14:56:38.049+0000] {processor.py:186} INFO - Started process (PID=1489) to work on /home/airflow/.local/lib/python3.12/site-packages/airflow/example_dags/example_workday_timetable.py
[2025-02-01T14:56:38.049+0000] {processor.py:914} INFO - Processing file /home/airflow/.local/lib/python3.12/site-packages/airflow/example_dags/example_workday_timetable.py for tasks to queue
[2025-02-01T14:56:38.050+0000] {logging_mixin.py:190} INFO - [2025-02-01T14:56:38.050+0000] {dagbag.py:588} INFO - Filling up the DagBag from /home/airflow/.local/lib/python3.12/site-packages/airflow/example_dags/example_workday_timetable.py
[2025-02-01T14:56:38.053+0000] {processor.py:925} INFO - DAG(s) 'example_workday_timetable' retrieved from /home/airflow/.local/lib/python3.12/site-packages/airflow/example_dags/example_workday_timetable.py
[2025-02-01T14:56:38.065+0000] {logging_mixin.py:190} INFO - [2025-02-01T14:56:38.065+0000] {dag.py:3239} INFO - Sync 1 DAGs
[2025-02-01T14:56:38.091+0000] {logging_mixin.py:190} INFO - [2025-02-01T14:56:38.091+0000] {dag.py:4180} INFO - Setting next_dagrun for example_workday_timetable to 2021-01-04 00:00:00+00:00, run_after=2021-01-05 00:00:00+00:00
[2025-02-01T14:56:38.104+0000] {processor.py:208} INFO - Processing /home/airflow/.local/lib/python3.12/site-packages/airflow/example_dags/example_workday_timetable.py took 0.058 seconds
[2025-02-01T14:57:09.186+0000] {processor.py:186} INFO - Started process (PID=1555) to work on /home/airflow/.local/lib/python3.12/site-packages/airflow/example_dags/example_workday_timetable.py
[2025-02-01T14:57:09.186+0000] {processor.py:914} INFO - Processing file /home/airflow/.local/lib/python3.12/site-packages/airflow/example_dags/example_workday_timetable.py for tasks to queue
[2025-02-01T14:57:09.188+0000] {logging_mixin.py:190} INFO - [2025-02-01T14:57:09.187+0000] {dagbag.py:588} INFO - Filling up the DagBag from /home/airflow/.local/lib/python3.12/site-packages/airflow/example_dags/example_workday_timetable.py
[2025-02-01T14:57:09.191+0000] {processor.py:925} INFO - DAG(s) 'example_workday_timetable' retrieved from /home/airflow/.local/lib/python3.12/site-packages/airflow/example_dags/example_workday_timetable.py
[2025-02-01T14:57:09.200+0000] {logging_mixin.py:190} INFO - [2025-02-01T14:57:09.200+0000] {dag.py:3239} INFO - Sync 1 DAGs
[2025-02-01T14:57:09.229+0000] {logging_mixin.py:190} INFO - [2025-02-01T14:57:09.229+0000] {dag.py:4180} INFO - Setting next_dagrun for example_workday_timetable to 2021-01-04 00:00:00+00:00, run_after=2021-01-05 00:00:00+00:00
[2025-02-01T14:57:09.239+0000] {processor.py:208} INFO - Processing /home/airflow/.local/lib/python3.12/site-packages/airflow/example_dags/example_workday_timetable.py took 0.057 seconds
[2025-02-01T14:57:40.205+0000] {processor.py:186} INFO - Started process (PID=1621) to work on /home/airflow/.local/lib/python3.12/site-packages/airflow/example_dags/example_workday_timetable.py
[2025-02-01T14:57:40.208+0000] {processor.py:914} INFO - Processing file /home/airflow/.local/lib/python3.12/site-packages/airflow/example_dags/example_workday_timetable.py for tasks to queue
[2025-02-01T14:57:40.212+0000] {logging_mixin.py:190} INFO - [2025-02-01T14:57:40.212+0000] {dagbag.py:588} INFO - Filling up the DagBag from /home/airflow/.local/lib/python3.12/site-packages/airflow/example_dags/example_workday_timetable.py
[2025-02-01T14:57:40.217+0000] {processor.py:925} INFO - DAG(s) 'example_workday_timetable' retrieved from /home/airflow/.local/lib/python3.12/site-packages/airflow/example_dags/example_workday_timetable.py
[2025-02-01T14:57:40.229+0000] {logging_mixin.py:190} INFO - [2025-02-01T14:57:40.228+0000] {dag.py:3239} INFO - Sync 1 DAGs
[2025-02-01T14:57:40.272+0000] {logging_mixin.py:190} INFO - [2025-02-01T14:57:40.272+0000] {dag.py:4180} INFO - Setting next_dagrun for example_workday_timetable to 2021-01-04 00:00:00+00:00, run_after=2021-01-05 00:00:00+00:00
[2025-02-01T14:57:40.289+0000] {processor.py:208} INFO - Processing /home/airflow/.local/lib/python3.12/site-packages/airflow/example_dags/example_workday_timetable.py took 0.088 seconds
[2025-02-01T14:58:11.035+0000] {processor.py:186} INFO - Started process (PID=1687) to work on /home/airflow/.local/lib/python3.12/site-packages/airflow/example_dags/example_workday_timetable.py
[2025-02-01T14:58:11.035+0000] {processor.py:914} INFO - Processing file /home/airflow/.local/lib/python3.12/site-packages/airflow/example_dags/example_workday_timetable.py for tasks to queue
[2025-02-01T14:58:11.036+0000] {logging_mixin.py:190} INFO - [2025-02-01T14:58:11.036+0000] {dagbag.py:588} INFO - Filling up the DagBag from /home/airflow/.local/lib/python3.12/site-packages/airflow/example_dags/example_workday_timetable.py
[2025-02-01T14:58:11.039+0000] {processor.py:925} INFO - DAG(s) 'example_workday_timetable' retrieved from /home/airflow/.local/lib/python3.12/site-packages/airflow/example_dags/example_workday_timetable.py
[2025-02-01T14:58:11.048+0000] {logging_mixin.py:190} INFO - [2025-02-01T14:58:11.047+0000] {dag.py:3239} INFO - Sync 1 DAGs
[2025-02-01T14:58:11.077+0000] {logging_mixin.py:190} INFO - [2025-02-01T14:58:11.077+0000] {dag.py:4180} INFO - Setting next_dagrun for example_workday_timetable to 2021-01-04 00:00:00+00:00, run_after=2021-01-05 00:00:00+00:00
[2025-02-01T14:58:11.088+0000] {processor.py:208} INFO - Processing /home/airflow/.local/lib/python3.12/site-packages/airflow/example_dags/example_workday_timetable.py took 0.056 seconds
[2025-02-01T14:58:41.805+0000] {processor.py:186} INFO - Started process (PID=1753) to work on /home/airflow/.local/lib/python3.12/site-packages/airflow/example_dags/example_workday_timetable.py
[2025-02-01T14:58:41.806+0000] {processor.py:914} INFO - Processing file /home/airflow/.local/lib/python3.12/site-packages/airflow/example_dags/example_workday_timetable.py for tasks to queue
[2025-02-01T14:58:41.807+0000] {logging_mixin.py:190} INFO - [2025-02-01T14:58:41.807+0000] {dagbag.py:588} INFO - Filling up the DagBag from /home/airflow/.local/lib/python3.12/site-packages/airflow/example_dags/example_workday_timetable.py
[2025-02-01T14:58:41.813+0000] {processor.py:925} INFO - DAG(s) 'example_workday_timetable' retrieved from /home/airflow/.local/lib/python3.12/site-packages/airflow/example_dags/example_workday_timetable.py
[2025-02-01T14:58:41.826+0000] {logging_mixin.py:190} INFO - [2025-02-01T14:58:41.825+0000] {dag.py:3239} INFO - Sync 1 DAGs
[2025-02-01T14:58:41.852+0000] {logging_mixin.py:190} INFO - [2025-02-01T14:58:41.851+0000] {dag.py:4180} INFO - Setting next_dagrun for example_workday_timetable to 2021-01-04 00:00:00+00:00, run_after=2021-01-05 00:00:00+00:00
[2025-02-01T14:58:41.861+0000] {processor.py:208} INFO - Processing /home/airflow/.local/lib/python3.12/site-packages/airflow/example_dags/example_workday_timetable.py took 0.058 seconds
[2025-02-01T14:59:12.883+0000] {processor.py:186} INFO - Started process (PID=1819) to work on /home/airflow/.local/lib/python3.12/site-packages/airflow/example_dags/example_workday_timetable.py
[2025-02-01T14:59:12.885+0000] {processor.py:914} INFO - Processing file /home/airflow/.local/lib/python3.12/site-packages/airflow/example_dags/example_workday_timetable.py for tasks to queue
[2025-02-01T14:59:12.887+0000] {logging_mixin.py:190} INFO - [2025-02-01T14:59:12.887+0000] {dagbag.py:588} INFO - Filling up the DagBag from /home/airflow/.local/lib/python3.12/site-packages/airflow/example_dags/example_workday_timetable.py
[2025-02-01T14:59:12.890+0000] {processor.py:925} INFO - DAG(s) 'example_workday_timetable' retrieved from /home/airflow/.local/lib/python3.12/site-packages/airflow/example_dags/example_workday_timetable.py
[2025-02-01T14:59:12.902+0000] {logging_mixin.py:190} INFO - [2025-02-01T14:59:12.902+0000] {dag.py:3239} INFO - Sync 1 DAGs
[2025-02-01T14:59:12.931+0000] {logging_mixin.py:190} INFO - [2025-02-01T14:59:12.930+0000] {dag.py:4180} INFO - Setting next_dagrun for example_workday_timetable to 2021-01-04 00:00:00+00:00, run_after=2021-01-05 00:00:00+00:00
[2025-02-01T14:59:12.939+0000] {processor.py:208} INFO - Processing /home/airflow/.local/lib/python3.12/site-packages/airflow/example_dags/example_workday_timetable.py took 0.059 seconds
[2025-02-01T14:59:44.079+0000] {processor.py:186} INFO - Started process (PID=1885) to work on /home/airflow/.local/lib/python3.12/site-packages/airflow/example_dags/example_workday_timetable.py
[2025-02-01T14:59:44.079+0000] {processor.py:914} INFO - Processing file /home/airflow/.local/lib/python3.12/site-packages/airflow/example_dags/example_workday_timetable.py for tasks to queue
[2025-02-01T14:59:44.080+0000] {logging_mixin.py:190} INFO - [2025-02-01T14:59:44.080+0000] {dagbag.py:588} INFO - Filling up the DagBag from /home/airflow/.local/lib/python3.12/site-packages/airflow/example_dags/example_workday_timetable.py
[2025-02-01T14:59:44.083+0000] {processor.py:925} INFO - DAG(s) 'example_workday_timetable' retrieved from /home/airflow/.local/lib/python3.12/site-packages/airflow/example_dags/example_workday_timetable.py
[2025-02-01T14:59:44.092+0000] {logging_mixin.py:190} INFO - [2025-02-01T14:59:44.092+0000] {dag.py:3239} INFO - Sync 1 DAGs
[2025-02-01T14:59:44.118+0000] {logging_mixin.py:190} INFO - [2025-02-01T14:59:44.117+0000] {dag.py:4180} INFO - Setting next_dagrun for example_workday_timetable to 2021-01-04 00:00:00+00:00, run_after=2021-01-05 00:00:00+00:00
[2025-02-01T14:59:44.125+0000] {processor.py:208} INFO - Processing /home/airflow/.local/lib/python3.12/site-packages/airflow/example_dags/example_workday_timetable.py took 0.048 seconds
[2025-02-01T15:00:15.362+0000] {processor.py:186} INFO - Started process (PID=1951) to work on /home/airflow/.local/lib/python3.12/site-packages/airflow/example_dags/example_workday_timetable.py
[2025-02-01T15:00:15.362+0000] {processor.py:914} INFO - Processing file /home/airflow/.local/lib/python3.12/site-packages/airflow/example_dags/example_workday_timetable.py for tasks to queue
[2025-02-01T15:00:15.364+0000] {logging_mixin.py:190} INFO - [2025-02-01T15:00:15.364+0000] {dagbag.py:588} INFO - Filling up the DagBag from /home/airflow/.local/lib/python3.12/site-packages/airflow/example_dags/example_workday_timetable.py
[2025-02-01T15:00:15.368+0000] {processor.py:925} INFO - DAG(s) 'example_workday_timetable' retrieved from /home/airflow/.local/lib/python3.12/site-packages/airflow/example_dags/example_workday_timetable.py
[2025-02-01T15:00:15.378+0000] {logging_mixin.py:190} INFO - [2025-02-01T15:00:15.378+0000] {dag.py:3239} INFO - Sync 1 DAGs
[2025-02-01T15:00:15.415+0000] {logging_mixin.py:190} INFO - [2025-02-01T15:00:15.414+0000] {dag.py:4180} INFO - Setting next_dagrun for example_workday_timetable to 2021-01-04 00:00:00+00:00, run_after=2021-01-05 00:00:00+00:00
[2025-02-01T15:00:15.426+0000] {processor.py:208} INFO - Processing /home/airflow/.local/lib/python3.12/site-packages/airflow/example_dags/example_workday_timetable.py took 0.066 seconds
[2025-02-01T15:00:46.708+0000] {processor.py:186} INFO - Started process (PID=2017) to work on /home/airflow/.local/lib/python3.12/site-packages/airflow/example_dags/example_workday_timetable.py
[2025-02-01T15:00:46.709+0000] {processor.py:914} INFO - Processing file /home/airflow/.local/lib/python3.12/site-packages/airflow/example_dags/example_workday_timetable.py for tasks to queue
[2025-02-01T15:00:46.710+0000] {logging_mixin.py:190} INFO - [2025-02-01T15:00:46.710+0000] {dagbag.py:588} INFO - Filling up the DagBag from /home/airflow/.local/lib/python3.12/site-packages/airflow/example_dags/example_workday_timetable.py
[2025-02-01T15:00:46.715+0000] {processor.py:925} INFO - DAG(s) 'example_workday_timetable' retrieved from /home/airflow/.local/lib/python3.12/site-packages/airflow/example_dags/example_workday_timetable.py
[2025-02-01T15:00:46.726+0000] {logging_mixin.py:190} INFO - [2025-02-01T15:00:46.725+0000] {dag.py:3239} INFO - Sync 1 DAGs
[2025-02-01T15:00:46.756+0000] {logging_mixin.py:190} INFO - [2025-02-01T15:00:46.756+0000] {dag.py:4180} INFO - Setting next_dagrun for example_workday_timetable to 2021-01-04 00:00:00+00:00, run_after=2021-01-05 00:00:00+00:00
[2025-02-01T15:00:46.764+0000] {processor.py:208} INFO - Processing /home/airflow/.local/lib/python3.12/site-packages/airflow/example_dags/example_workday_timetable.py took 0.058 seconds
[2025-02-01T15:01:18.097+0000] {processor.py:186} INFO - Started process (PID=2083) to work on /home/airflow/.local/lib/python3.12/site-packages/airflow/example_dags/example_workday_timetable.py
[2025-02-01T15:01:18.098+0000] {processor.py:914} INFO - Processing file /home/airflow/.local/lib/python3.12/site-packages/airflow/example_dags/example_workday_timetable.py for tasks to queue
[2025-02-01T15:01:18.100+0000] {logging_mixin.py:190} INFO - [2025-02-01T15:01:18.100+0000] {dagbag.py:588} INFO - Filling up the DagBag from /home/airflow/.local/lib/python3.12/site-packages/airflow/example_dags/example_workday_timetable.py
[2025-02-01T15:01:18.105+0000] {processor.py:925} INFO - DAG(s) 'example_workday_timetable' retrieved from /home/airflow/.local/lib/python3.12/site-packages/airflow/example_dags/example_workday_timetable.py
[2025-02-01T15:01:18.116+0000] {logging_mixin.py:190} INFO - [2025-02-01T15:01:18.115+0000] {dag.py:3239} INFO - Sync 1 DAGs
[2025-02-01T15:01:18.160+0000] {logging_mixin.py:190} INFO - [2025-02-01T15:01:18.159+0000] {dag.py:4180} INFO - Setting next_dagrun for example_workday_timetable to 2021-01-04 00:00:00+00:00, run_after=2021-01-05 00:00:00+00:00
[2025-02-01T15:01:18.176+0000] {processor.py:208} INFO - Processing /home/airflow/.local/lib/python3.12/site-packages/airflow/example_dags/example_workday_timetable.py took 0.083 seconds
[2025-02-01T15:01:49.268+0000] {processor.py:186} INFO - Started process (PID=2155) to work on /home/airflow/.local/lib/python3.12/site-packages/airflow/example_dags/example_workday_timetable.py
[2025-02-01T15:01:49.269+0000] {processor.py:914} INFO - Processing file /home/airflow/.local/lib/python3.12/site-packages/airflow/example_dags/example_workday_timetable.py for tasks to queue
[2025-02-01T15:01:49.272+0000] {logging_mixin.py:190} INFO - [2025-02-01T15:01:49.271+0000] {dagbag.py:588} INFO - Filling up the DagBag from /home/airflow/.local/lib/python3.12/site-packages/airflow/example_dags/example_workday_timetable.py
[2025-02-01T15:01:49.278+0000] {processor.py:925} INFO - DAG(s) 'example_workday_timetable' retrieved from /home/airflow/.local/lib/python3.12/site-packages/airflow/example_dags/example_workday_timetable.py
[2025-02-01T15:01:49.294+0000] {logging_mixin.py:190} INFO - [2025-02-01T15:01:49.294+0000] {dag.py:3239} INFO - Sync 1 DAGs
[2025-02-01T15:01:49.325+0000] {logging_mixin.py:190} INFO - [2025-02-01T15:01:49.325+0000] {dag.py:4180} INFO - Setting next_dagrun for example_workday_timetable to 2021-01-04 00:00:00+00:00, run_after=2021-01-05 00:00:00+00:00
[2025-02-01T15:01:49.339+0000] {processor.py:208} INFO - Processing /home/airflow/.local/lib/python3.12/site-packages/airflow/example_dags/example_workday_timetable.py took 0.076 seconds
[2025-02-01T15:02:19.936+0000] {processor.py:186} INFO - Started process (PID=2221) to work on /home/airflow/.local/lib/python3.12/site-packages/airflow/example_dags/example_workday_timetable.py
[2025-02-01T15:02:19.937+0000] {processor.py:914} INFO - Processing file /home/airflow/.local/lib/python3.12/site-packages/airflow/example_dags/example_workday_timetable.py for tasks to queue
[2025-02-01T15:02:19.938+0000] {logging_mixin.py:190} INFO - [2025-02-01T15:02:19.938+0000] {dagbag.py:588} INFO - Filling up the DagBag from /home/airflow/.local/lib/python3.12/site-packages/airflow/example_dags/example_workday_timetable.py
[2025-02-01T15:02:19.944+0000] {processor.py:925} INFO - DAG(s) 'example_workday_timetable' retrieved from /home/airflow/.local/lib/python3.12/site-packages/airflow/example_dags/example_workday_timetable.py
[2025-02-01T15:02:19.958+0000] {logging_mixin.py:190} INFO - [2025-02-01T15:02:19.956+0000] {dag.py:3239} INFO - Sync 1 DAGs
[2025-02-01T15:02:19.984+0000] {logging_mixin.py:190} INFO - [2025-02-01T15:02:19.984+0000] {dag.py:4180} INFO - Setting next_dagrun for example_workday_timetable to 2021-01-04 00:00:00+00:00, run_after=2021-01-05 00:00:00+00:00
[2025-02-01T15:02:19.998+0000] {processor.py:208} INFO - Processing /home/airflow/.local/lib/python3.12/site-packages/airflow/example_dags/example_workday_timetable.py took 0.064 seconds
[2025-02-01T15:02:51.100+0000] {processor.py:186} INFO - Started process (PID=2287) to work on /home/airflow/.local/lib/python3.12/site-packages/airflow/example_dags/example_workday_timetable.py
[2025-02-01T15:02:51.101+0000] {processor.py:914} INFO - Processing file /home/airflow/.local/lib/python3.12/site-packages/airflow/example_dags/example_workday_timetable.py for tasks to queue
[2025-02-01T15:02:51.103+0000] {logging_mixin.py:190} INFO - [2025-02-01T15:02:51.103+0000] {dagbag.py:588} INFO - Filling up the DagBag from /home/airflow/.local/lib/python3.12/site-packages/airflow/example_dags/example_workday_timetable.py
[2025-02-01T15:02:51.106+0000] {processor.py:925} INFO - DAG(s) 'example_workday_timetable' retrieved from /home/airflow/.local/lib/python3.12/site-packages/airflow/example_dags/example_workday_timetable.py
[2025-02-01T15:02:51.120+0000] {logging_mixin.py:190} INFO - [2025-02-01T15:02:51.119+0000] {dag.py:3239} INFO - Sync 1 DAGs
[2025-02-01T15:02:51.155+0000] {logging_mixin.py:190} INFO - [2025-02-01T15:02:51.155+0000] {dag.py:4180} INFO - Setting next_dagrun for example_workday_timetable to 2021-01-04 00:00:00+00:00, run_after=2021-01-05 00:00:00+00:00
[2025-02-01T15:02:51.166+0000] {processor.py:208} INFO - Processing /home/airflow/.local/lib/python3.12/site-packages/airflow/example_dags/example_workday_timetable.py took 0.069 seconds
[2025-02-01T15:03:22.220+0000] {processor.py:186} INFO - Started process (PID=2353) to work on /home/airflow/.local/lib/python3.12/site-packages/airflow/example_dags/example_workday_timetable.py
[2025-02-01T15:03:22.220+0000] {processor.py:914} INFO - Processing file /home/airflow/.local/lib/python3.12/site-packages/airflow/example_dags/example_workday_timetable.py for tasks to queue
[2025-02-01T15:03:22.221+0000] {logging_mixin.py:190} INFO - [2025-02-01T15:03:22.221+0000] {dagbag.py:588} INFO - Filling up the DagBag from /home/airflow/.local/lib/python3.12/site-packages/airflow/example_dags/example_workday_timetable.py
[2025-02-01T15:03:22.225+0000] {processor.py:925} INFO - DAG(s) 'example_workday_timetable' retrieved from /home/airflow/.local/lib/python3.12/site-packages/airflow/example_dags/example_workday_timetable.py
[2025-02-01T15:03:22.236+0000] {logging_mixin.py:190} INFO - [2025-02-01T15:03:22.236+0000] {dag.py:3239} INFO - Sync 1 DAGs
[2025-02-01T15:03:22.267+0000] {logging_mixin.py:190} INFO - [2025-02-01T15:03:22.267+0000] {dag.py:4180} INFO - Setting next_dagrun for example_workday_timetable to 2021-01-04 00:00:00+00:00, run_after=2021-01-05 00:00:00+00:00
[2025-02-01T15:03:22.275+0000] {processor.py:208} INFO - Processing /home/airflow/.local/lib/python3.12/site-packages/airflow/example_dags/example_workday_timetable.py took 0.058 seconds
[2025-02-01T15:03:53.319+0000] {processor.py:186} INFO - Started process (PID=2420) to work on /home/airflow/.local/lib/python3.12/site-packages/airflow/example_dags/example_workday_timetable.py
[2025-02-01T15:03:53.320+0000] {processor.py:914} INFO - Processing file /home/airflow/.local/lib/python3.12/site-packages/airflow/example_dags/example_workday_timetable.py for tasks to queue
[2025-02-01T15:03:53.321+0000] {logging_mixin.py:190} INFO - [2025-02-01T15:03:53.321+0000] {dagbag.py:588} INFO - Filling up the DagBag from /home/airflow/.local/lib/python3.12/site-packages/airflow/example_dags/example_workday_timetable.py
[2025-02-01T15:03:53.323+0000] {processor.py:925} INFO - DAG(s) 'example_workday_timetable' retrieved from /home/airflow/.local/lib/python3.12/site-packages/airflow/example_dags/example_workday_timetable.py
[2025-02-01T15:03:53.336+0000] {logging_mixin.py:190} INFO - [2025-02-01T15:03:53.335+0000] {dag.py:3239} INFO - Sync 1 DAGs
[2025-02-01T15:03:53.363+0000] {logging_mixin.py:190} INFO - [2025-02-01T15:03:53.363+0000] {dag.py:4180} INFO - Setting next_dagrun for example_workday_timetable to 2021-01-04 00:00:00+00:00, run_after=2021-01-05 00:00:00+00:00
[2025-02-01T15:03:53.372+0000] {processor.py:208} INFO - Processing /home/airflow/.local/lib/python3.12/site-packages/airflow/example_dags/example_workday_timetable.py took 0.057 seconds
[2025-02-01T15:04:24.738+0000] {processor.py:186} INFO - Started process (PID=2486) to work on /home/airflow/.local/lib/python3.12/site-packages/airflow/example_dags/example_workday_timetable.py
[2025-02-01T15:04:24.739+0000] {processor.py:914} INFO - Processing file /home/airflow/.local/lib/python3.12/site-packages/airflow/example_dags/example_workday_timetable.py for tasks to queue
[2025-02-01T15:04:24.741+0000] {logging_mixin.py:190} INFO - [2025-02-01T15:04:24.741+0000] {dagbag.py:588} INFO - Filling up the DagBag from /home/airflow/.local/lib/python3.12/site-packages/airflow/example_dags/example_workday_timetable.py
[2025-02-01T15:04:24.744+0000] {processor.py:925} INFO - DAG(s) 'example_workday_timetable' retrieved from /home/airflow/.local/lib/python3.12/site-packages/airflow/example_dags/example_workday_timetable.py
[2025-02-01T15:04:24.753+0000] {logging_mixin.py:190} INFO - [2025-02-01T15:04:24.753+0000] {dag.py:3239} INFO - Sync 1 DAGs
[2025-02-01T15:04:24.782+0000] {logging_mixin.py:190} INFO - [2025-02-01T15:04:24.782+0000] {dag.py:4180} INFO - Setting next_dagrun for example_workday_timetable to 2021-01-04 00:00:00+00:00, run_after=2021-01-05 00:00:00+00:00
[2025-02-01T15:04:24.794+0000] {processor.py:208} INFO - Processing /home/airflow/.local/lib/python3.12/site-packages/airflow/example_dags/example_workday_timetable.py took 0.058 seconds
[2025-02-01T15:04:55.968+0000] {processor.py:186} INFO - Started process (PID=2552) to work on /home/airflow/.local/lib/python3.12/site-packages/airflow/example_dags/example_workday_timetable.py
[2025-02-01T15:04:55.969+0000] {processor.py:914} INFO - Processing file /home/airflow/.local/lib/python3.12/site-packages/airflow/example_dags/example_workday_timetable.py for tasks to queue
[2025-02-01T15:04:55.970+0000] {logging_mixin.py:190} INFO - [2025-02-01T15:04:55.970+0000] {dagbag.py:588} INFO - Filling up the DagBag from /home/airflow/.local/lib/python3.12/site-packages/airflow/example_dags/example_workday_timetable.py
[2025-02-01T15:04:55.973+0000] {processor.py:925} INFO - DAG(s) 'example_workday_timetable' retrieved from /home/airflow/.local/lib/python3.12/site-packages/airflow/example_dags/example_workday_timetable.py
[2025-02-01T15:04:55.988+0000] {logging_mixin.py:190} INFO - [2025-02-01T15:04:55.988+0000] {dag.py:3239} INFO - Sync 1 DAGs
[2025-02-01T15:04:56.018+0000] {logging_mixin.py:190} INFO - [2025-02-01T15:04:56.018+0000] {dag.py:4180} INFO - Setting next_dagrun for example_workday_timetable to 2021-01-04 00:00:00+00:00, run_after=2021-01-05 00:00:00+00:00
[2025-02-01T15:04:56.029+0000] {processor.py:208} INFO - Processing /home/airflow/.local/lib/python3.12/site-packages/airflow/example_dags/example_workday_timetable.py took 0.064 seconds
[2025-02-01T15:05:26.564+0000] {processor.py:186} INFO - Started process (PID=2618) to work on /home/airflow/.local/lib/python3.12/site-packages/airflow/example_dags/example_workday_timetable.py
[2025-02-01T15:05:26.565+0000] {processor.py:914} INFO - Processing file /home/airflow/.local/lib/python3.12/site-packages/airflow/example_dags/example_workday_timetable.py for tasks to queue
[2025-02-01T15:05:26.566+0000] {logging_mixin.py:190} INFO - [2025-02-01T15:05:26.566+0000] {dagbag.py:588} INFO - Filling up the DagBag from /home/airflow/.local/lib/python3.12/site-packages/airflow/example_dags/example_workday_timetable.py
[2025-02-01T15:05:26.569+0000] {processor.py:925} INFO - DAG(s) 'example_workday_timetable' retrieved from /home/airflow/.local/lib/python3.12/site-packages/airflow/example_dags/example_workday_timetable.py
[2025-02-01T15:05:26.576+0000] {logging_mixin.py:190} INFO - [2025-02-01T15:05:26.576+0000] {dag.py:3239} INFO - Sync 1 DAGs
[2025-02-01T15:05:26.597+0000] {logging_mixin.py:190} INFO - [2025-02-01T15:05:26.597+0000] {dag.py:4180} INFO - Setting next_dagrun for example_workday_timetable to 2021-01-04 00:00:00+00:00, run_after=2021-01-05 00:00:00+00:00
[2025-02-01T15:05:26.603+0000] {processor.py:208} INFO - Processing /home/airflow/.local/lib/python3.12/site-packages/airflow/example_dags/example_workday_timetable.py took 0.041 seconds
[2025-02-01T15:05:58.255+0000] {processor.py:186} INFO - Started process (PID=2684) to work on /home/airflow/.local/lib/python3.12/site-packages/airflow/example_dags/example_workday_timetable.py
[2025-02-01T15:05:58.255+0000] {processor.py:914} INFO - Processing file /home/airflow/.local/lib/python3.12/site-packages/airflow/example_dags/example_workday_timetable.py for tasks to queue
[2025-02-01T15:05:58.256+0000] {logging_mixin.py:190} INFO - [2025-02-01T15:05:58.256+0000] {dagbag.py:588} INFO - Filling up the DagBag from /home/airflow/.local/lib/python3.12/site-packages/airflow/example_dags/example_workday_timetable.py
[2025-02-01T15:05:58.259+0000] {processor.py:925} INFO - DAG(s) 'example_workday_timetable' retrieved from /home/airflow/.local/lib/python3.12/site-packages/airflow/example_dags/example_workday_timetable.py
[2025-02-01T15:05:58.267+0000] {logging_mixin.py:190} INFO - [2025-02-01T15:05:58.267+0000] {dag.py:3239} INFO - Sync 1 DAGs
[2025-02-01T15:05:58.291+0000] {logging_mixin.py:190} INFO - [2025-02-01T15:05:58.291+0000] {dag.py:4180} INFO - Setting next_dagrun for example_workday_timetable to 2021-01-04 00:00:00+00:00, run_after=2021-01-05 00:00:00+00:00
[2025-02-01T15:05:58.297+0000] {processor.py:208} INFO - Processing /home/airflow/.local/lib/python3.12/site-packages/airflow/example_dags/example_workday_timetable.py took 0.045 seconds
[2025-02-01T15:06:28.979+0000] {processor.py:186} INFO - Started process (PID=2750) to work on /home/airflow/.local/lib/python3.12/site-packages/airflow/example_dags/example_workday_timetable.py
[2025-02-01T15:06:28.980+0000] {processor.py:914} INFO - Processing file /home/airflow/.local/lib/python3.12/site-packages/airflow/example_dags/example_workday_timetable.py for tasks to queue
[2025-02-01T15:06:28.981+0000] {logging_mixin.py:190} INFO - [2025-02-01T15:06:28.980+0000] {dagbag.py:588} INFO - Filling up the DagBag from /home/airflow/.local/lib/python3.12/site-packages/airflow/example_dags/example_workday_timetable.py
[2025-02-01T15:06:28.984+0000] {processor.py:925} INFO - DAG(s) 'example_workday_timetable' retrieved from /home/airflow/.local/lib/python3.12/site-packages/airflow/example_dags/example_workday_timetable.py
[2025-02-01T15:06:28.995+0000] {logging_mixin.py:190} INFO - [2025-02-01T15:06:28.995+0000] {dag.py:3239} INFO - Sync 1 DAGs
[2025-02-01T15:06:29.016+0000] {logging_mixin.py:190} INFO - [2025-02-01T15:06:29.016+0000] {dag.py:4180} INFO - Setting next_dagrun for example_workday_timetable to 2021-01-04 00:00:00+00:00, run_after=2021-01-05 00:00:00+00:00
[2025-02-01T15:06:29.028+0000] {processor.py:208} INFO - Processing /home/airflow/.local/lib/python3.12/site-packages/airflow/example_dags/example_workday_timetable.py took 0.051 seconds
