[2025-02-01T13:35:09.705+0000] {processor.py:186} INFO - Started process (PID=70) to work on /home/airflow/.local/lib/python3.12/site-packages/airflow/example_dags/example_latest_only_with_trigger.py
[2025-02-01T13:35:09.707+0000] {processor.py:914} INFO - Processing file /home/airflow/.local/lib/python3.12/site-packages/airflow/example_dags/example_latest_only_with_trigger.py for tasks to queue
[2025-02-01T13:35:09.721+0000] {logging_mixin.py:190} INFO - [2025-02-01T13:35:09.721+0000] {dagbag.py:588} INFO - Filling up the DagBag from /home/airflow/.local/lib/python3.12/site-packages/airflow/example_dags/example_latest_only_with_trigger.py
[2025-02-01T13:35:09.736+0000] {processor.py:925} INFO - DAG(s) 'latest_only_with_trigger' retrieved from /home/airflow/.local/lib/python3.12/site-packages/airflow/example_dags/example_latest_only_with_trigger.py
[2025-02-01T13:35:09.774+0000] {logging_mixin.py:190} INFO - [2025-02-01T13:35:09.774+0000] {dag.py:3239} INFO - Sync 1 DAGs
[2025-02-01T13:35:09.829+0000] {logging_mixin.py:190} INFO - [2025-02-01T13:35:09.829+0000] {dag.py:4180} INFO - Setting next_dagrun for latest_only_with_trigger to 2025-02-01 08:00:00+00:00, run_after=2025-02-01 12:00:00+00:00
[2025-02-01T13:35:09.861+0000] {processor.py:208} INFO - Processing /home/airflow/.local/lib/python3.12/site-packages/airflow/example_dags/example_latest_only_with_trigger.py took 0.162 seconds
[2025-02-01T13:35:40.750+0000] {processor.py:186} INFO - Started process (PID=136) to work on /home/airflow/.local/lib/python3.12/site-packages/airflow/example_dags/example_latest_only_with_trigger.py
[2025-02-01T13:35:40.753+0000] {processor.py:914} INFO - Processing file /home/airflow/.local/lib/python3.12/site-packages/airflow/example_dags/example_latest_only_with_trigger.py for tasks to queue
[2025-02-01T13:35:40.755+0000] {logging_mixin.py:190} INFO - [2025-02-01T13:35:40.755+0000] {dagbag.py:588} INFO - Filling up the DagBag from /home/airflow/.local/lib/python3.12/site-packages/airflow/example_dags/example_latest_only_with_trigger.py
[2025-02-01T13:35:40.763+0000] {processor.py:925} INFO - DAG(s) 'latest_only_with_trigger' retrieved from /home/airflow/.local/lib/python3.12/site-packages/airflow/example_dags/example_latest_only_with_trigger.py
[2025-02-01T13:35:40.788+0000] {logging_mixin.py:190} INFO - [2025-02-01T13:35:40.788+0000] {dag.py:3239} INFO - Sync 1 DAGs
[2025-02-01T13:35:40.805+0000] {logging_mixin.py:190} INFO - [2025-02-01T13:35:40.805+0000] {dag.py:4180} INFO - Setting next_dagrun for latest_only_with_trigger to 2025-02-01 08:00:00+00:00, run_after=2025-02-01 12:00:00+00:00
[2025-02-01T13:35:40.824+0000] {processor.py:208} INFO - Processing /home/airflow/.local/lib/python3.12/site-packages/airflow/example_dags/example_latest_only_with_trigger.py took 0.079 seconds
[2025-02-01T13:36:10.936+0000] {processor.py:186} INFO - Started process (PID=202) to work on /home/airflow/.local/lib/python3.12/site-packages/airflow/example_dags/example_latest_only_with_trigger.py
[2025-02-01T13:36:10.941+0000] {processor.py:914} INFO - Processing file /home/airflow/.local/lib/python3.12/site-packages/airflow/example_dags/example_latest_only_with_trigger.py for tasks to queue
[2025-02-01T13:36:10.945+0000] {logging_mixin.py:190} INFO - [2025-02-01T13:36:10.944+0000] {dagbag.py:588} INFO - Filling up the DagBag from /home/airflow/.local/lib/python3.12/site-packages/airflow/example_dags/example_latest_only_with_trigger.py
[2025-02-01T13:36:10.951+0000] {processor.py:925} INFO - DAG(s) 'latest_only_with_trigger' retrieved from /home/airflow/.local/lib/python3.12/site-packages/airflow/example_dags/example_latest_only_with_trigger.py
[2025-02-01T13:36:10.963+0000] {logging_mixin.py:190} INFO - [2025-02-01T13:36:10.963+0000] {dag.py:3239} INFO - Sync 1 DAGs
[2025-02-01T13:36:10.976+0000] {logging_mixin.py:190} INFO - [2025-02-01T13:36:10.975+0000] {dag.py:4180} INFO - Setting next_dagrun for latest_only_with_trigger to 2025-02-01 08:00:00+00:00, run_after=2025-02-01 12:00:00+00:00
[2025-02-01T13:36:10.986+0000] {processor.py:208} INFO - Processing /home/airflow/.local/lib/python3.12/site-packages/airflow/example_dags/example_latest_only_with_trigger.py took 0.053 seconds
[2025-02-01T13:36:41.703+0000] {processor.py:186} INFO - Started process (PID=268) to work on /home/airflow/.local/lib/python3.12/site-packages/airflow/example_dags/example_latest_only_with_trigger.py
[2025-02-01T13:36:41.704+0000] {processor.py:914} INFO - Processing file /home/airflow/.local/lib/python3.12/site-packages/airflow/example_dags/example_latest_only_with_trigger.py for tasks to queue
[2025-02-01T13:36:41.707+0000] {logging_mixin.py:190} INFO - [2025-02-01T13:36:41.706+0000] {dagbag.py:588} INFO - Filling up the DagBag from /home/airflow/.local/lib/python3.12/site-packages/airflow/example_dags/example_latest_only_with_trigger.py
[2025-02-01T13:36:41.711+0000] {processor.py:925} INFO - DAG(s) 'latest_only_with_trigger' retrieved from /home/airflow/.local/lib/python3.12/site-packages/airflow/example_dags/example_latest_only_with_trigger.py
[2025-02-01T13:36:41.724+0000] {logging_mixin.py:190} INFO - [2025-02-01T13:36:41.724+0000] {dag.py:3239} INFO - Sync 1 DAGs
[2025-02-01T13:36:41.737+0000] {logging_mixin.py:190} INFO - [2025-02-01T13:36:41.737+0000] {dag.py:4180} INFO - Setting next_dagrun for latest_only_with_trigger to 2025-02-01 08:00:00+00:00, run_after=2025-02-01 12:00:00+00:00
[2025-02-01T13:36:41.750+0000] {processor.py:208} INFO - Processing /home/airflow/.local/lib/python3.12/site-packages/airflow/example_dags/example_latest_only_with_trigger.py took 0.050 seconds
[2025-02-01T13:37:12.734+0000] {processor.py:186} INFO - Started process (PID=334) to work on /home/airflow/.local/lib/python3.12/site-packages/airflow/example_dags/example_latest_only_with_trigger.py
[2025-02-01T13:37:12.735+0000] {processor.py:914} INFO - Processing file /home/airflow/.local/lib/python3.12/site-packages/airflow/example_dags/example_latest_only_with_trigger.py for tasks to queue
[2025-02-01T13:37:12.736+0000] {logging_mixin.py:190} INFO - [2025-02-01T13:37:12.736+0000] {dagbag.py:588} INFO - Filling up the DagBag from /home/airflow/.local/lib/python3.12/site-packages/airflow/example_dags/example_latest_only_with_trigger.py
[2025-02-01T13:37:12.740+0000] {processor.py:925} INFO - DAG(s) 'latest_only_with_trigger' retrieved from /home/airflow/.local/lib/python3.12/site-packages/airflow/example_dags/example_latest_only_with_trigger.py
[2025-02-01T13:37:12.751+0000] {logging_mixin.py:190} INFO - [2025-02-01T13:37:12.751+0000] {dag.py:3239} INFO - Sync 1 DAGs
[2025-02-01T13:37:12.764+0000] {logging_mixin.py:190} INFO - [2025-02-01T13:37:12.764+0000] {dag.py:4180} INFO - Setting next_dagrun for latest_only_with_trigger to 2025-02-01 08:00:00+00:00, run_after=2025-02-01 12:00:00+00:00
[2025-02-01T13:37:12.774+0000] {processor.py:208} INFO - Processing /home/airflow/.local/lib/python3.12/site-packages/airflow/example_dags/example_latest_only_with_trigger.py took 0.043 seconds
[2025-02-01T13:37:43.422+0000] {processor.py:186} INFO - Started process (PID=400) to work on /home/airflow/.local/lib/python3.12/site-packages/airflow/example_dags/example_latest_only_with_trigger.py
[2025-02-01T13:37:43.422+0000] {processor.py:914} INFO - Processing file /home/airflow/.local/lib/python3.12/site-packages/airflow/example_dags/example_latest_only_with_trigger.py for tasks to queue
[2025-02-01T13:37:43.423+0000] {logging_mixin.py:190} INFO - [2025-02-01T13:37:43.423+0000] {dagbag.py:588} INFO - Filling up the DagBag from /home/airflow/.local/lib/python3.12/site-packages/airflow/example_dags/example_latest_only_with_trigger.py
[2025-02-01T13:37:43.428+0000] {processor.py:925} INFO - DAG(s) 'latest_only_with_trigger' retrieved from /home/airflow/.local/lib/python3.12/site-packages/airflow/example_dags/example_latest_only_with_trigger.py
[2025-02-01T13:37:43.448+0000] {logging_mixin.py:190} INFO - [2025-02-01T13:37:43.447+0000] {dag.py:3239} INFO - Sync 1 DAGs
[2025-02-01T13:37:43.461+0000] {logging_mixin.py:190} INFO - [2025-02-01T13:37:43.461+0000] {dag.py:4180} INFO - Setting next_dagrun for latest_only_with_trigger to 2025-02-01 08:00:00+00:00, run_after=2025-02-01 12:00:00+00:00
[2025-02-01T13:37:43.472+0000] {processor.py:208} INFO - Processing /home/airflow/.local/lib/python3.12/site-packages/airflow/example_dags/example_latest_only_with_trigger.py took 0.053 seconds
[2025-02-01T13:38:13.804+0000] {processor.py:186} INFO - Started process (PID=466) to work on /home/airflow/.local/lib/python3.12/site-packages/airflow/example_dags/example_latest_only_with_trigger.py
[2025-02-01T13:38:13.806+0000] {processor.py:914} INFO - Processing file /home/airflow/.local/lib/python3.12/site-packages/airflow/example_dags/example_latest_only_with_trigger.py for tasks to queue
[2025-02-01T13:38:13.808+0000] {logging_mixin.py:190} INFO - [2025-02-01T13:38:13.808+0000] {dagbag.py:588} INFO - Filling up the DagBag from /home/airflow/.local/lib/python3.12/site-packages/airflow/example_dags/example_latest_only_with_trigger.py
[2025-02-01T13:38:13.813+0000] {processor.py:925} INFO - DAG(s) 'latest_only_with_trigger' retrieved from /home/airflow/.local/lib/python3.12/site-packages/airflow/example_dags/example_latest_only_with_trigger.py
[2025-02-01T13:38:13.828+0000] {logging_mixin.py:190} INFO - [2025-02-01T13:38:13.828+0000] {dag.py:3239} INFO - Sync 1 DAGs
[2025-02-01T13:38:13.842+0000] {logging_mixin.py:190} INFO - [2025-02-01T13:38:13.842+0000] {dag.py:4180} INFO - Setting next_dagrun for latest_only_with_trigger to 2025-02-01 08:00:00+00:00, run_after=2025-02-01 12:00:00+00:00
[2025-02-01T13:38:13.854+0000] {processor.py:208} INFO - Processing /home/airflow/.local/lib/python3.12/site-packages/airflow/example_dags/example_latest_only_with_trigger.py took 0.053 seconds
[2025-02-01T13:38:44.056+0000] {processor.py:186} INFO - Started process (PID=532) to work on /home/airflow/.local/lib/python3.12/site-packages/airflow/example_dags/example_latest_only_with_trigger.py
[2025-02-01T13:38:44.056+0000] {processor.py:914} INFO - Processing file /home/airflow/.local/lib/python3.12/site-packages/airflow/example_dags/example_latest_only_with_trigger.py for tasks to queue
[2025-02-01T13:38:44.057+0000] {logging_mixin.py:190} INFO - [2025-02-01T13:38:44.057+0000] {dagbag.py:588} INFO - Filling up the DagBag from /home/airflow/.local/lib/python3.12/site-packages/airflow/example_dags/example_latest_only_with_trigger.py
[2025-02-01T13:38:44.061+0000] {processor.py:925} INFO - DAG(s) 'latest_only_with_trigger' retrieved from /home/airflow/.local/lib/python3.12/site-packages/airflow/example_dags/example_latest_only_with_trigger.py
[2025-02-01T13:38:44.079+0000] {logging_mixin.py:190} INFO - [2025-02-01T13:38:44.079+0000] {dag.py:3239} INFO - Sync 1 DAGs
[2025-02-01T13:38:44.092+0000] {logging_mixin.py:190} INFO - [2025-02-01T13:38:44.091+0000] {dag.py:4180} INFO - Setting next_dagrun for latest_only_with_trigger to 2025-02-01 08:00:00+00:00, run_after=2025-02-01 12:00:00+00:00
[2025-02-01T13:38:44.100+0000] {processor.py:208} INFO - Processing /home/airflow/.local/lib/python3.12/site-packages/airflow/example_dags/example_latest_only_with_trigger.py took 0.048 seconds
[2025-02-01T13:39:14.971+0000] {processor.py:186} INFO - Started process (PID=598) to work on /home/airflow/.local/lib/python3.12/site-packages/airflow/example_dags/example_latest_only_with_trigger.py
[2025-02-01T13:39:14.972+0000] {processor.py:914} INFO - Processing file /home/airflow/.local/lib/python3.12/site-packages/airflow/example_dags/example_latest_only_with_trigger.py for tasks to queue
[2025-02-01T13:39:14.972+0000] {logging_mixin.py:190} INFO - [2025-02-01T13:39:14.972+0000] {dagbag.py:588} INFO - Filling up the DagBag from /home/airflow/.local/lib/python3.12/site-packages/airflow/example_dags/example_latest_only_with_trigger.py
[2025-02-01T13:39:14.976+0000] {processor.py:925} INFO - DAG(s) 'latest_only_with_trigger' retrieved from /home/airflow/.local/lib/python3.12/site-packages/airflow/example_dags/example_latest_only_with_trigger.py
[2025-02-01T13:39:14.990+0000] {logging_mixin.py:190} INFO - [2025-02-01T13:39:14.990+0000] {dag.py:3239} INFO - Sync 1 DAGs
[2025-02-01T13:39:15.000+0000] {logging_mixin.py:190} INFO - [2025-02-01T13:39:15.000+0000] {dag.py:4180} INFO - Setting next_dagrun for latest_only_with_trigger to 2025-02-01 08:00:00+00:00, run_after=2025-02-01 12:00:00+00:00
[2025-02-01T13:39:15.012+0000] {processor.py:208} INFO - Processing /home/airflow/.local/lib/python3.12/site-packages/airflow/example_dags/example_latest_only_with_trigger.py took 0.044 seconds
[2025-02-01T13:39:45.434+0000] {processor.py:186} INFO - Started process (PID=664) to work on /home/airflow/.local/lib/python3.12/site-packages/airflow/example_dags/example_latest_only_with_trigger.py
[2025-02-01T13:39:45.434+0000] {processor.py:914} INFO - Processing file /home/airflow/.local/lib/python3.12/site-packages/airflow/example_dags/example_latest_only_with_trigger.py for tasks to queue
[2025-02-01T13:39:45.436+0000] {logging_mixin.py:190} INFO - [2025-02-01T13:39:45.435+0000] {dagbag.py:588} INFO - Filling up the DagBag from /home/airflow/.local/lib/python3.12/site-packages/airflow/example_dags/example_latest_only_with_trigger.py
[2025-02-01T13:39:45.440+0000] {processor.py:925} INFO - DAG(s) 'latest_only_with_trigger' retrieved from /home/airflow/.local/lib/python3.12/site-packages/airflow/example_dags/example_latest_only_with_trigger.py
[2025-02-01T13:39:45.460+0000] {logging_mixin.py:190} INFO - [2025-02-01T13:39:45.460+0000] {dag.py:3239} INFO - Sync 1 DAGs
[2025-02-01T13:39:45.471+0000] {logging_mixin.py:190} INFO - [2025-02-01T13:39:45.471+0000] {dag.py:4180} INFO - Setting next_dagrun for latest_only_with_trigger to 2025-02-01 08:00:00+00:00, run_after=2025-02-01 12:00:00+00:00
[2025-02-01T13:39:45.480+0000] {processor.py:208} INFO - Processing /home/airflow/.local/lib/python3.12/site-packages/airflow/example_dags/example_latest_only_with_trigger.py took 0.050 seconds
[2025-02-01T13:40:15.747+0000] {processor.py:186} INFO - Started process (PID=730) to work on /home/airflow/.local/lib/python3.12/site-packages/airflow/example_dags/example_latest_only_with_trigger.py
[2025-02-01T13:40:15.747+0000] {processor.py:914} INFO - Processing file /home/airflow/.local/lib/python3.12/site-packages/airflow/example_dags/example_latest_only_with_trigger.py for tasks to queue
[2025-02-01T13:40:15.748+0000] {logging_mixin.py:190} INFO - [2025-02-01T13:40:15.748+0000] {dagbag.py:588} INFO - Filling up the DagBag from /home/airflow/.local/lib/python3.12/site-packages/airflow/example_dags/example_latest_only_with_trigger.py
[2025-02-01T13:40:15.752+0000] {processor.py:925} INFO - DAG(s) 'latest_only_with_trigger' retrieved from /home/airflow/.local/lib/python3.12/site-packages/airflow/example_dags/example_latest_only_with_trigger.py
[2025-02-01T13:40:15.763+0000] {logging_mixin.py:190} INFO - [2025-02-01T13:40:15.762+0000] {dag.py:3239} INFO - Sync 1 DAGs
[2025-02-01T13:40:15.776+0000] {logging_mixin.py:190} INFO - [2025-02-01T13:40:15.776+0000] {dag.py:4180} INFO - Setting next_dagrun for latest_only_with_trigger to 2025-02-01 08:00:00+00:00, run_after=2025-02-01 12:00:00+00:00
[2025-02-01T13:40:15.788+0000] {processor.py:208} INFO - Processing /home/airflow/.local/lib/python3.12/site-packages/airflow/example_dags/example_latest_only_with_trigger.py took 0.044 seconds
[2025-02-01T13:40:46.737+0000] {processor.py:186} INFO - Started process (PID=796) to work on /home/airflow/.local/lib/python3.12/site-packages/airflow/example_dags/example_latest_only_with_trigger.py
[2025-02-01T13:40:46.737+0000] {processor.py:914} INFO - Processing file /home/airflow/.local/lib/python3.12/site-packages/airflow/example_dags/example_latest_only_with_trigger.py for tasks to queue
[2025-02-01T13:40:46.739+0000] {logging_mixin.py:190} INFO - [2025-02-01T13:40:46.738+0000] {dagbag.py:588} INFO - Filling up the DagBag from /home/airflow/.local/lib/python3.12/site-packages/airflow/example_dags/example_latest_only_with_trigger.py
[2025-02-01T13:40:46.744+0000] {processor.py:925} INFO - DAG(s) 'latest_only_with_trigger' retrieved from /home/airflow/.local/lib/python3.12/site-packages/airflow/example_dags/example_latest_only_with_trigger.py
[2025-02-01T13:40:46.756+0000] {logging_mixin.py:190} INFO - [2025-02-01T13:40:46.756+0000] {dag.py:3239} INFO - Sync 1 DAGs
[2025-02-01T13:40:46.767+0000] {logging_mixin.py:190} INFO - [2025-02-01T13:40:46.766+0000] {dag.py:4180} INFO - Setting next_dagrun for latest_only_with_trigger to 2025-02-01 08:00:00+00:00, run_after=2025-02-01 12:00:00+00:00
[2025-02-01T13:40:46.774+0000] {processor.py:208} INFO - Processing /home/airflow/.local/lib/python3.12/site-packages/airflow/example_dags/example_latest_only_with_trigger.py took 0.041 seconds
[2025-02-01T13:41:17.657+0000] {processor.py:186} INFO - Started process (PID=862) to work on /home/airflow/.local/lib/python3.12/site-packages/airflow/example_dags/example_latest_only_with_trigger.py
[2025-02-01T13:41:17.657+0000] {processor.py:914} INFO - Processing file /home/airflow/.local/lib/python3.12/site-packages/airflow/example_dags/example_latest_only_with_trigger.py for tasks to queue
[2025-02-01T13:41:17.658+0000] {logging_mixin.py:190} INFO - [2025-02-01T13:41:17.658+0000] {dagbag.py:588} INFO - Filling up the DagBag from /home/airflow/.local/lib/python3.12/site-packages/airflow/example_dags/example_latest_only_with_trigger.py
[2025-02-01T13:41:17.662+0000] {processor.py:925} INFO - DAG(s) 'latest_only_with_trigger' retrieved from /home/airflow/.local/lib/python3.12/site-packages/airflow/example_dags/example_latest_only_with_trigger.py
[2025-02-01T13:41:17.676+0000] {logging_mixin.py:190} INFO - [2025-02-01T13:41:17.676+0000] {dag.py:3239} INFO - Sync 1 DAGs
[2025-02-01T13:41:17.686+0000] {logging_mixin.py:190} INFO - [2025-02-01T13:41:17.686+0000] {dag.py:4180} INFO - Setting next_dagrun for latest_only_with_trigger to 2025-02-01 08:00:00+00:00, run_after=2025-02-01 12:00:00+00:00
[2025-02-01T13:41:17.699+0000] {processor.py:208} INFO - Processing /home/airflow/.local/lib/python3.12/site-packages/airflow/example_dags/example_latest_only_with_trigger.py took 0.047 seconds
[2025-02-01T13:41:48.213+0000] {processor.py:186} INFO - Started process (PID=928) to work on /home/airflow/.local/lib/python3.12/site-packages/airflow/example_dags/example_latest_only_with_trigger.py
[2025-02-01T13:41:48.214+0000] {processor.py:914} INFO - Processing file /home/airflow/.local/lib/python3.12/site-packages/airflow/example_dags/example_latest_only_with_trigger.py for tasks to queue
[2025-02-01T13:41:48.215+0000] {logging_mixin.py:190} INFO - [2025-02-01T13:41:48.215+0000] {dagbag.py:588} INFO - Filling up the DagBag from /home/airflow/.local/lib/python3.12/site-packages/airflow/example_dags/example_latest_only_with_trigger.py
[2025-02-01T13:41:48.219+0000] {processor.py:925} INFO - DAG(s) 'latest_only_with_trigger' retrieved from /home/airflow/.local/lib/python3.12/site-packages/airflow/example_dags/example_latest_only_with_trigger.py
[2025-02-01T13:41:48.228+0000] {logging_mixin.py:190} INFO - [2025-02-01T13:41:48.228+0000] {dag.py:3239} INFO - Sync 1 DAGs
[2025-02-01T13:41:48.239+0000] {logging_mixin.py:190} INFO - [2025-02-01T13:41:48.239+0000] {dag.py:4180} INFO - Setting next_dagrun for latest_only_with_trigger to 2025-02-01 08:00:00+00:00, run_after=2025-02-01 12:00:00+00:00
[2025-02-01T13:41:48.252+0000] {processor.py:208} INFO - Processing /home/airflow/.local/lib/python3.12/site-packages/airflow/example_dags/example_latest_only_with_trigger.py took 0.041 seconds
[2025-02-01T13:42:18.444+0000] {processor.py:186} INFO - Started process (PID=994) to work on /home/airflow/.local/lib/python3.12/site-packages/airflow/example_dags/example_latest_only_with_trigger.py
[2025-02-01T13:42:18.444+0000] {processor.py:914} INFO - Processing file /home/airflow/.local/lib/python3.12/site-packages/airflow/example_dags/example_latest_only_with_trigger.py for tasks to queue
[2025-02-01T13:42:18.446+0000] {logging_mixin.py:190} INFO - [2025-02-01T13:42:18.446+0000] {dagbag.py:588} INFO - Filling up the DagBag from /home/airflow/.local/lib/python3.12/site-packages/airflow/example_dags/example_latest_only_with_trigger.py
[2025-02-01T13:42:18.452+0000] {processor.py:925} INFO - DAG(s) 'latest_only_with_trigger' retrieved from /home/airflow/.local/lib/python3.12/site-packages/airflow/example_dags/example_latest_only_with_trigger.py
[2025-02-01T13:42:18.463+0000] {logging_mixin.py:190} INFO - [2025-02-01T13:42:18.463+0000] {dag.py:3239} INFO - Sync 1 DAGs
[2025-02-01T13:42:18.475+0000] {logging_mixin.py:190} INFO - [2025-02-01T13:42:18.475+0000] {dag.py:4180} INFO - Setting next_dagrun for latest_only_with_trigger to 2025-02-01 08:00:00+00:00, run_after=2025-02-01 12:00:00+00:00
[2025-02-01T13:42:18.482+0000] {processor.py:208} INFO - Processing /home/airflow/.local/lib/python3.12/site-packages/airflow/example_dags/example_latest_only_with_trigger.py took 0.041 seconds
[2025-02-01T14:45:43.853+0000] {processor.py:186} INFO - Started process (PID=67) to work on /home/airflow/.local/lib/python3.12/site-packages/airflow/example_dags/example_latest_only_with_trigger.py
[2025-02-01T14:45:43.855+0000] {processor.py:914} INFO - Processing file /home/airflow/.local/lib/python3.12/site-packages/airflow/example_dags/example_latest_only_with_trigger.py for tasks to queue
[2025-02-01T14:45:43.859+0000] {logging_mixin.py:190} INFO - [2025-02-01T14:45:43.859+0000] {dagbag.py:588} INFO - Filling up the DagBag from /home/airflow/.local/lib/python3.12/site-packages/airflow/example_dags/example_latest_only_with_trigger.py
[2025-02-01T14:45:43.864+0000] {processor.py:925} INFO - DAG(s) 'latest_only_with_trigger' retrieved from /home/airflow/.local/lib/python3.12/site-packages/airflow/example_dags/example_latest_only_with_trigger.py
[2025-02-01T14:45:43.877+0000] {logging_mixin.py:190} INFO - [2025-02-01T14:45:43.877+0000] {dag.py:3239} INFO - Sync 1 DAGs
[2025-02-01T14:45:43.890+0000] {logging_mixin.py:190} INFO - [2025-02-01T14:45:43.890+0000] {dag.py:4180} INFO - Setting next_dagrun for latest_only_with_trigger to 2025-02-01 08:00:00+00:00, run_after=2025-02-01 12:00:00+00:00
[2025-02-01T14:45:43.902+0000] {processor.py:208} INFO - Processing /home/airflow/.local/lib/python3.12/site-packages/airflow/example_dags/example_latest_only_with_trigger.py took 0.053 seconds
[2025-02-01T14:46:14.482+0000] {processor.py:186} INFO - Started process (PID=133) to work on /home/airflow/.local/lib/python3.12/site-packages/airflow/example_dags/example_latest_only_with_trigger.py
[2025-02-01T14:46:14.483+0000] {processor.py:914} INFO - Processing file /home/airflow/.local/lib/python3.12/site-packages/airflow/example_dags/example_latest_only_with_trigger.py for tasks to queue
[2025-02-01T14:46:14.484+0000] {logging_mixin.py:190} INFO - [2025-02-01T14:46:14.484+0000] {dagbag.py:588} INFO - Filling up the DagBag from /home/airflow/.local/lib/python3.12/site-packages/airflow/example_dags/example_latest_only_with_trigger.py
[2025-02-01T14:46:14.490+0000] {processor.py:925} INFO - DAG(s) 'latest_only_with_trigger' retrieved from /home/airflow/.local/lib/python3.12/site-packages/airflow/example_dags/example_latest_only_with_trigger.py
[2025-02-01T14:46:14.508+0000] {logging_mixin.py:190} INFO - [2025-02-01T14:46:14.508+0000] {dag.py:3239} INFO - Sync 1 DAGs
[2025-02-01T14:46:14.520+0000] {logging_mixin.py:190} INFO - [2025-02-01T14:46:14.519+0000] {dag.py:4180} INFO - Setting next_dagrun for latest_only_with_trigger to 2025-02-01 08:00:00+00:00, run_after=2025-02-01 12:00:00+00:00
[2025-02-01T14:46:14.530+0000] {processor.py:208} INFO - Processing /home/airflow/.local/lib/python3.12/site-packages/airflow/example_dags/example_latest_only_with_trigger.py took 0.051 seconds
[2025-02-01T14:46:44.611+0000] {processor.py:186} INFO - Started process (PID=198) to work on /home/airflow/.local/lib/python3.12/site-packages/airflow/example_dags/example_latest_only_with_trigger.py
[2025-02-01T14:46:44.612+0000] {processor.py:914} INFO - Processing file /home/airflow/.local/lib/python3.12/site-packages/airflow/example_dags/example_latest_only_with_trigger.py for tasks to queue
[2025-02-01T14:46:44.613+0000] {logging_mixin.py:190} INFO - [2025-02-01T14:46:44.613+0000] {dagbag.py:588} INFO - Filling up the DagBag from /home/airflow/.local/lib/python3.12/site-packages/airflow/example_dags/example_latest_only_with_trigger.py
[2025-02-01T14:46:44.621+0000] {processor.py:925} INFO - DAG(s) 'latest_only_with_trigger' retrieved from /home/airflow/.local/lib/python3.12/site-packages/airflow/example_dags/example_latest_only_with_trigger.py
[2025-02-01T14:46:44.638+0000] {logging_mixin.py:190} INFO - [2025-02-01T14:46:44.638+0000] {dag.py:3239} INFO - Sync 1 DAGs
[2025-02-01T14:46:44.651+0000] {logging_mixin.py:190} INFO - [2025-02-01T14:46:44.651+0000] {dag.py:4180} INFO - Setting next_dagrun for latest_only_with_trigger to 2025-02-01 08:00:00+00:00, run_after=2025-02-01 12:00:00+00:00
[2025-02-01T14:46:44.659+0000] {processor.py:208} INFO - Processing /home/airflow/.local/lib/python3.12/site-packages/airflow/example_dags/example_latest_only_with_trigger.py took 0.051 seconds
[2025-02-01T14:47:15.560+0000] {processor.py:186} INFO - Started process (PID=264) to work on /home/airflow/.local/lib/python3.12/site-packages/airflow/example_dags/example_latest_only_with_trigger.py
[2025-02-01T14:47:15.564+0000] {processor.py:914} INFO - Processing file /home/airflow/.local/lib/python3.12/site-packages/airflow/example_dags/example_latest_only_with_trigger.py for tasks to queue
[2025-02-01T14:47:15.566+0000] {logging_mixin.py:190} INFO - [2025-02-01T14:47:15.566+0000] {dagbag.py:588} INFO - Filling up the DagBag from /home/airflow/.local/lib/python3.12/site-packages/airflow/example_dags/example_latest_only_with_trigger.py
[2025-02-01T14:47:15.570+0000] {processor.py:925} INFO - DAG(s) 'latest_only_with_trigger' retrieved from /home/airflow/.local/lib/python3.12/site-packages/airflow/example_dags/example_latest_only_with_trigger.py
[2025-02-01T14:47:15.586+0000] {logging_mixin.py:190} INFO - [2025-02-01T14:47:15.586+0000] {dag.py:3239} INFO - Sync 1 DAGs
[2025-02-01T14:47:15.598+0000] {logging_mixin.py:190} INFO - [2025-02-01T14:47:15.598+0000] {dag.py:4180} INFO - Setting next_dagrun for latest_only_with_trigger to 2025-02-01 08:00:00+00:00, run_after=2025-02-01 12:00:00+00:00
[2025-02-01T14:47:15.605+0000] {processor.py:208} INFO - Processing /home/airflow/.local/lib/python3.12/site-packages/airflow/example_dags/example_latest_only_with_trigger.py took 0.047 seconds
[2025-02-01T14:47:45.918+0000] {processor.py:186} INFO - Started process (PID=330) to work on /home/airflow/.local/lib/python3.12/site-packages/airflow/example_dags/example_latest_only_with_trigger.py
[2025-02-01T14:47:45.919+0000] {processor.py:914} INFO - Processing file /home/airflow/.local/lib/python3.12/site-packages/airflow/example_dags/example_latest_only_with_trigger.py for tasks to queue
[2025-02-01T14:47:45.920+0000] {logging_mixin.py:190} INFO - [2025-02-01T14:47:45.920+0000] {dagbag.py:588} INFO - Filling up the DagBag from /home/airflow/.local/lib/python3.12/site-packages/airflow/example_dags/example_latest_only_with_trigger.py
[2025-02-01T14:47:45.924+0000] {processor.py:925} INFO - DAG(s) 'latest_only_with_trigger' retrieved from /home/airflow/.local/lib/python3.12/site-packages/airflow/example_dags/example_latest_only_with_trigger.py
[2025-02-01T14:47:45.938+0000] {logging_mixin.py:190} INFO - [2025-02-01T14:47:45.938+0000] {dag.py:3239} INFO - Sync 1 DAGs
[2025-02-01T14:47:45.952+0000] {logging_mixin.py:190} INFO - [2025-02-01T14:47:45.951+0000] {dag.py:4180} INFO - Setting next_dagrun for latest_only_with_trigger to 2025-02-01 08:00:00+00:00, run_after=2025-02-01 12:00:00+00:00
[2025-02-01T14:47:45.959+0000] {processor.py:208} INFO - Processing /home/airflow/.local/lib/python3.12/site-packages/airflow/example_dags/example_latest_only_with_trigger.py took 0.044 seconds
[2025-02-01T14:48:16.602+0000] {processor.py:186} INFO - Started process (PID=402) to work on /home/airflow/.local/lib/python3.12/site-packages/airflow/example_dags/example_latest_only_with_trigger.py
[2025-02-01T14:48:16.606+0000] {processor.py:914} INFO - Processing file /home/airflow/.local/lib/python3.12/site-packages/airflow/example_dags/example_latest_only_with_trigger.py for tasks to queue
[2025-02-01T14:48:16.608+0000] {logging_mixin.py:190} INFO - [2025-02-01T14:48:16.608+0000] {dagbag.py:588} INFO - Filling up the DagBag from /home/airflow/.local/lib/python3.12/site-packages/airflow/example_dags/example_latest_only_with_trigger.py
[2025-02-01T14:48:16.615+0000] {processor.py:925} INFO - DAG(s) 'latest_only_with_trigger' retrieved from /home/airflow/.local/lib/python3.12/site-packages/airflow/example_dags/example_latest_only_with_trigger.py
[2025-02-01T14:48:16.628+0000] {logging_mixin.py:190} INFO - [2025-02-01T14:48:16.628+0000] {dag.py:3239} INFO - Sync 1 DAGs
[2025-02-01T14:48:16.648+0000] {logging_mixin.py:190} INFO - [2025-02-01T14:48:16.648+0000] {dag.py:4180} INFO - Setting next_dagrun for latest_only_with_trigger to 2025-02-01 08:00:00+00:00, run_after=2025-02-01 12:00:00+00:00
[2025-02-01T14:48:16.663+0000] {processor.py:208} INFO - Processing /home/airflow/.local/lib/python3.12/site-packages/airflow/example_dags/example_latest_only_with_trigger.py took 0.064 seconds
[2025-02-01T14:48:47.557+0000] {processor.py:186} INFO - Started process (PID=468) to work on /home/airflow/.local/lib/python3.12/site-packages/airflow/example_dags/example_latest_only_with_trigger.py
[2025-02-01T14:48:47.559+0000] {processor.py:914} INFO - Processing file /home/airflow/.local/lib/python3.12/site-packages/airflow/example_dags/example_latest_only_with_trigger.py for tasks to queue
[2025-02-01T14:48:47.561+0000] {logging_mixin.py:190} INFO - [2025-02-01T14:48:47.561+0000] {dagbag.py:588} INFO - Filling up the DagBag from /home/airflow/.local/lib/python3.12/site-packages/airflow/example_dags/example_latest_only_with_trigger.py
[2025-02-01T14:48:47.581+0000] {processor.py:925} INFO - DAG(s) 'latest_only_with_trigger' retrieved from /home/airflow/.local/lib/python3.12/site-packages/airflow/example_dags/example_latest_only_with_trigger.py
[2025-02-01T14:48:47.621+0000] {logging_mixin.py:190} INFO - [2025-02-01T14:48:47.620+0000] {dag.py:3239} INFO - Sync 1 DAGs
[2025-02-01T14:48:47.645+0000] {logging_mixin.py:190} INFO - [2025-02-01T14:48:47.645+0000] {dag.py:4180} INFO - Setting next_dagrun for latest_only_with_trigger to 2025-02-01 08:00:00+00:00, run_after=2025-02-01 12:00:00+00:00
[2025-02-01T14:48:47.656+0000] {processor.py:208} INFO - Processing /home/airflow/.local/lib/python3.12/site-packages/airflow/example_dags/example_latest_only_with_trigger.py took 0.103 seconds
[2025-02-01T14:49:18.523+0000] {processor.py:186} INFO - Started process (PID=534) to work on /home/airflow/.local/lib/python3.12/site-packages/airflow/example_dags/example_latest_only_with_trigger.py
[2025-02-01T14:49:18.524+0000] {processor.py:914} INFO - Processing file /home/airflow/.local/lib/python3.12/site-packages/airflow/example_dags/example_latest_only_with_trigger.py for tasks to queue
[2025-02-01T14:49:18.527+0000] {logging_mixin.py:190} INFO - [2025-02-01T14:49:18.526+0000] {dagbag.py:588} INFO - Filling up the DagBag from /home/airflow/.local/lib/python3.12/site-packages/airflow/example_dags/example_latest_only_with_trigger.py
[2025-02-01T14:49:18.534+0000] {processor.py:925} INFO - DAG(s) 'latest_only_with_trigger' retrieved from /home/airflow/.local/lib/python3.12/site-packages/airflow/example_dags/example_latest_only_with_trigger.py
[2025-02-01T14:49:18.551+0000] {logging_mixin.py:190} INFO - [2025-02-01T14:49:18.551+0000] {dag.py:3239} INFO - Sync 1 DAGs
[2025-02-01T14:49:18.569+0000] {logging_mixin.py:190} INFO - [2025-02-01T14:49:18.568+0000] {dag.py:4180} INFO - Setting next_dagrun for latest_only_with_trigger to 2025-02-01 08:00:00+00:00, run_after=2025-02-01 12:00:00+00:00
[2025-02-01T14:49:18.582+0000] {processor.py:208} INFO - Processing /home/airflow/.local/lib/python3.12/site-packages/airflow/example_dags/example_latest_only_with_trigger.py took 0.062 seconds
[2025-02-01T14:49:48.769+0000] {processor.py:186} INFO - Started process (PID=600) to work on /home/airflow/.local/lib/python3.12/site-packages/airflow/example_dags/example_latest_only_with_trigger.py
[2025-02-01T14:49:48.770+0000] {processor.py:914} INFO - Processing file /home/airflow/.local/lib/python3.12/site-packages/airflow/example_dags/example_latest_only_with_trigger.py for tasks to queue
[2025-02-01T14:49:48.772+0000] {logging_mixin.py:190} INFO - [2025-02-01T14:49:48.772+0000] {dagbag.py:588} INFO - Filling up the DagBag from /home/airflow/.local/lib/python3.12/site-packages/airflow/example_dags/example_latest_only_with_trigger.py
[2025-02-01T14:49:48.775+0000] {processor.py:925} INFO - DAG(s) 'latest_only_with_trigger' retrieved from /home/airflow/.local/lib/python3.12/site-packages/airflow/example_dags/example_latest_only_with_trigger.py
[2025-02-01T14:49:48.798+0000] {logging_mixin.py:190} INFO - [2025-02-01T14:49:48.798+0000] {dag.py:3239} INFO - Sync 1 DAGs
[2025-02-01T14:49:48.851+0000] {logging_mixin.py:190} INFO - [2025-02-01T14:49:48.851+0000] {dag.py:4180} INFO - Setting next_dagrun for latest_only_with_trigger to 2025-02-01 08:00:00+00:00, run_after=2025-02-01 12:00:00+00:00
[2025-02-01T14:49:48.866+0000] {processor.py:208} INFO - Processing /home/airflow/.local/lib/python3.12/site-packages/airflow/example_dags/example_latest_only_with_trigger.py took 0.102 seconds
[2025-02-01T14:50:19.678+0000] {processor.py:186} INFO - Started process (PID=666) to work on /home/airflow/.local/lib/python3.12/site-packages/airflow/example_dags/example_latest_only_with_trigger.py
[2025-02-01T14:50:19.681+0000] {processor.py:914} INFO - Processing file /home/airflow/.local/lib/python3.12/site-packages/airflow/example_dags/example_latest_only_with_trigger.py for tasks to queue
[2025-02-01T14:50:19.683+0000] {logging_mixin.py:190} INFO - [2025-02-01T14:50:19.682+0000] {dagbag.py:588} INFO - Filling up the DagBag from /home/airflow/.local/lib/python3.12/site-packages/airflow/example_dags/example_latest_only_with_trigger.py
[2025-02-01T14:50:19.686+0000] {processor.py:925} INFO - DAG(s) 'latest_only_with_trigger' retrieved from /home/airflow/.local/lib/python3.12/site-packages/airflow/example_dags/example_latest_only_with_trigger.py
[2025-02-01T14:50:19.695+0000] {logging_mixin.py:190} INFO - [2025-02-01T14:50:19.694+0000] {dag.py:3239} INFO - Sync 1 DAGs
[2025-02-01T14:50:19.704+0000] {logging_mixin.py:190} INFO - [2025-02-01T14:50:19.704+0000] {dag.py:4180} INFO - Setting next_dagrun for latest_only_with_trigger to 2025-02-01 08:00:00+00:00, run_after=2025-02-01 12:00:00+00:00
[2025-02-01T14:50:19.714+0000] {processor.py:208} INFO - Processing /home/airflow/.local/lib/python3.12/site-packages/airflow/example_dags/example_latest_only_with_trigger.py took 0.039 seconds
[2025-02-01T14:50:50.660+0000] {processor.py:186} INFO - Started process (PID=732) to work on /home/airflow/.local/lib/python3.12/site-packages/airflow/example_dags/example_latest_only_with_trigger.py
[2025-02-01T14:50:50.662+0000] {processor.py:914} INFO - Processing file /home/airflow/.local/lib/python3.12/site-packages/airflow/example_dags/example_latest_only_with_trigger.py for tasks to queue
[2025-02-01T14:50:50.665+0000] {logging_mixin.py:190} INFO - [2025-02-01T14:50:50.665+0000] {dagbag.py:588} INFO - Filling up the DagBag from /home/airflow/.local/lib/python3.12/site-packages/airflow/example_dags/example_latest_only_with_trigger.py
[2025-02-01T14:50:50.674+0000] {processor.py:925} INFO - DAG(s) 'latest_only_with_trigger' retrieved from /home/airflow/.local/lib/python3.12/site-packages/airflow/example_dags/example_latest_only_with_trigger.py
[2025-02-01T14:50:50.687+0000] {logging_mixin.py:190} INFO - [2025-02-01T14:50:50.687+0000] {dag.py:3239} INFO - Sync 1 DAGs
[2025-02-01T14:50:50.699+0000] {logging_mixin.py:190} INFO - [2025-02-01T14:50:50.699+0000] {dag.py:4180} INFO - Setting next_dagrun for latest_only_with_trigger to 2025-02-01 08:00:00+00:00, run_after=2025-02-01 12:00:00+00:00
[2025-02-01T14:50:50.713+0000] {processor.py:208} INFO - Processing /home/airflow/.local/lib/python3.12/site-packages/airflow/example_dags/example_latest_only_with_trigger.py took 0.058 seconds
[2025-02-01T14:51:21.612+0000] {processor.py:186} INFO - Started process (PID=798) to work on /home/airflow/.local/lib/python3.12/site-packages/airflow/example_dags/example_latest_only_with_trigger.py
[2025-02-01T14:51:21.614+0000] {processor.py:914} INFO - Processing file /home/airflow/.local/lib/python3.12/site-packages/airflow/example_dags/example_latest_only_with_trigger.py for tasks to queue
[2025-02-01T14:51:21.616+0000] {logging_mixin.py:190} INFO - [2025-02-01T14:51:21.616+0000] {dagbag.py:588} INFO - Filling up the DagBag from /home/airflow/.local/lib/python3.12/site-packages/airflow/example_dags/example_latest_only_with_trigger.py
[2025-02-01T14:51:21.622+0000] {processor.py:925} INFO - DAG(s) 'latest_only_with_trigger' retrieved from /home/airflow/.local/lib/python3.12/site-packages/airflow/example_dags/example_latest_only_with_trigger.py
[2025-02-01T14:51:21.639+0000] {logging_mixin.py:190} INFO - [2025-02-01T14:51:21.639+0000] {dag.py:3239} INFO - Sync 1 DAGs
[2025-02-01T14:51:21.653+0000] {logging_mixin.py:190} INFO - [2025-02-01T14:51:21.653+0000] {dag.py:4180} INFO - Setting next_dagrun for latest_only_with_trigger to 2025-02-01 08:00:00+00:00, run_after=2025-02-01 12:00:00+00:00
[2025-02-01T14:51:21.668+0000] {processor.py:208} INFO - Processing /home/airflow/.local/lib/python3.12/site-packages/airflow/example_dags/example_latest_only_with_trigger.py took 0.060 seconds
[2025-02-01T14:51:51.828+0000] {processor.py:186} INFO - Started process (PID=864) to work on /home/airflow/.local/lib/python3.12/site-packages/airflow/example_dags/example_latest_only_with_trigger.py
[2025-02-01T14:51:51.829+0000] {processor.py:914} INFO - Processing file /home/airflow/.local/lib/python3.12/site-packages/airflow/example_dags/example_latest_only_with_trigger.py for tasks to queue
[2025-02-01T14:51:51.830+0000] {logging_mixin.py:190} INFO - [2025-02-01T14:51:51.830+0000] {dagbag.py:588} INFO - Filling up the DagBag from /home/airflow/.local/lib/python3.12/site-packages/airflow/example_dags/example_latest_only_with_trigger.py
[2025-02-01T14:51:51.834+0000] {processor.py:925} INFO - DAG(s) 'latest_only_with_trigger' retrieved from /home/airflow/.local/lib/python3.12/site-packages/airflow/example_dags/example_latest_only_with_trigger.py
[2025-02-01T14:51:51.848+0000] {logging_mixin.py:190} INFO - [2025-02-01T14:51:51.848+0000] {dag.py:3239} INFO - Sync 1 DAGs
[2025-02-01T14:51:51.859+0000] {logging_mixin.py:190} INFO - [2025-02-01T14:51:51.858+0000] {dag.py:4180} INFO - Setting next_dagrun for latest_only_with_trigger to 2025-02-01 08:00:00+00:00, run_after=2025-02-01 12:00:00+00:00
[2025-02-01T14:51:51.870+0000] {processor.py:208} INFO - Processing /home/airflow/.local/lib/python3.12/site-packages/airflow/example_dags/example_latest_only_with_trigger.py took 0.045 seconds
[2025-02-01T14:52:22.388+0000] {processor.py:186} INFO - Started process (PID=930) to work on /home/airflow/.local/lib/python3.12/site-packages/airflow/example_dags/example_latest_only_with_trigger.py
[2025-02-01T14:52:22.389+0000] {processor.py:914} INFO - Processing file /home/airflow/.local/lib/python3.12/site-packages/airflow/example_dags/example_latest_only_with_trigger.py for tasks to queue
[2025-02-01T14:52:22.391+0000] {logging_mixin.py:190} INFO - [2025-02-01T14:52:22.391+0000] {dagbag.py:588} INFO - Filling up the DagBag from /home/airflow/.local/lib/python3.12/site-packages/airflow/example_dags/example_latest_only_with_trigger.py
[2025-02-01T14:52:22.396+0000] {processor.py:925} INFO - DAG(s) 'latest_only_with_trigger' retrieved from /home/airflow/.local/lib/python3.12/site-packages/airflow/example_dags/example_latest_only_with_trigger.py
[2025-02-01T14:52:22.411+0000] {logging_mixin.py:190} INFO - [2025-02-01T14:52:22.411+0000] {dag.py:3239} INFO - Sync 1 DAGs
[2025-02-01T14:52:22.426+0000] {logging_mixin.py:190} INFO - [2025-02-01T14:52:22.426+0000] {dag.py:4180} INFO - Setting next_dagrun for latest_only_with_trigger to 2025-02-01 08:00:00+00:00, run_after=2025-02-01 12:00:00+00:00
[2025-02-01T14:52:22.438+0000] {processor.py:208} INFO - Processing /home/airflow/.local/lib/python3.12/site-packages/airflow/example_dags/example_latest_only_with_trigger.py took 0.054 seconds
[2025-02-01T14:52:53.142+0000] {processor.py:186} INFO - Started process (PID=996) to work on /home/airflow/.local/lib/python3.12/site-packages/airflow/example_dags/example_latest_only_with_trigger.py
[2025-02-01T14:52:53.143+0000] {processor.py:914} INFO - Processing file /home/airflow/.local/lib/python3.12/site-packages/airflow/example_dags/example_latest_only_with_trigger.py for tasks to queue
[2025-02-01T14:52:53.145+0000] {logging_mixin.py:190} INFO - [2025-02-01T14:52:53.144+0000] {dagbag.py:588} INFO - Filling up the DagBag from /home/airflow/.local/lib/python3.12/site-packages/airflow/example_dags/example_latest_only_with_trigger.py
[2025-02-01T14:52:53.148+0000] {processor.py:925} INFO - DAG(s) 'latest_only_with_trigger' retrieved from /home/airflow/.local/lib/python3.12/site-packages/airflow/example_dags/example_latest_only_with_trigger.py
[2025-02-01T14:52:53.164+0000] {logging_mixin.py:190} INFO - [2025-02-01T14:52:53.163+0000] {dag.py:3239} INFO - Sync 1 DAGs
[2025-02-01T14:52:53.175+0000] {logging_mixin.py:190} INFO - [2025-02-01T14:52:53.175+0000] {dag.py:4180} INFO - Setting next_dagrun for latest_only_with_trigger to 2025-02-01 08:00:00+00:00, run_after=2025-02-01 12:00:00+00:00
[2025-02-01T14:52:53.187+0000] {processor.py:208} INFO - Processing /home/airflow/.local/lib/python3.12/site-packages/airflow/example_dags/example_latest_only_with_trigger.py took 0.048 seconds
[2025-02-01T14:53:23.255+0000] {processor.py:186} INFO - Started process (PID=1062) to work on /home/airflow/.local/lib/python3.12/site-packages/airflow/example_dags/example_latest_only_with_trigger.py
[2025-02-01T14:53:23.255+0000] {processor.py:914} INFO - Processing file /home/airflow/.local/lib/python3.12/site-packages/airflow/example_dags/example_latest_only_with_trigger.py for tasks to queue
[2025-02-01T14:53:23.256+0000] {logging_mixin.py:190} INFO - [2025-02-01T14:53:23.256+0000] {dagbag.py:588} INFO - Filling up the DagBag from /home/airflow/.local/lib/python3.12/site-packages/airflow/example_dags/example_latest_only_with_trigger.py
[2025-02-01T14:53:23.260+0000] {processor.py:925} INFO - DAG(s) 'latest_only_with_trigger' retrieved from /home/airflow/.local/lib/python3.12/site-packages/airflow/example_dags/example_latest_only_with_trigger.py
[2025-02-01T14:53:23.271+0000] {logging_mixin.py:190} INFO - [2025-02-01T14:53:23.271+0000] {dag.py:3239} INFO - Sync 1 DAGs
[2025-02-01T14:53:23.281+0000] {logging_mixin.py:190} INFO - [2025-02-01T14:53:23.281+0000] {dag.py:4180} INFO - Setting next_dagrun for latest_only_with_trigger to 2025-02-01 08:00:00+00:00, run_after=2025-02-01 12:00:00+00:00
[2025-02-01T14:53:23.291+0000] {processor.py:208} INFO - Processing /home/airflow/.local/lib/python3.12/site-packages/airflow/example_dags/example_latest_only_with_trigger.py took 0.038 seconds
[2025-02-01T14:53:54.043+0000] {processor.py:186} INFO - Started process (PID=1128) to work on /home/airflow/.local/lib/python3.12/site-packages/airflow/example_dags/example_latest_only_with_trigger.py
[2025-02-01T14:53:54.044+0000] {processor.py:914} INFO - Processing file /home/airflow/.local/lib/python3.12/site-packages/airflow/example_dags/example_latest_only_with_trigger.py for tasks to queue
[2025-02-01T14:53:54.046+0000] {logging_mixin.py:190} INFO - [2025-02-01T14:53:54.046+0000] {dagbag.py:588} INFO - Filling up the DagBag from /home/airflow/.local/lib/python3.12/site-packages/airflow/example_dags/example_latest_only_with_trigger.py
[2025-02-01T14:53:54.050+0000] {processor.py:925} INFO - DAG(s) 'latest_only_with_trigger' retrieved from /home/airflow/.local/lib/python3.12/site-packages/airflow/example_dags/example_latest_only_with_trigger.py
[2025-02-01T14:53:54.062+0000] {logging_mixin.py:190} INFO - [2025-02-01T14:53:54.062+0000] {dag.py:3239} INFO - Sync 1 DAGs
[2025-02-01T14:53:54.074+0000] {logging_mixin.py:190} INFO - [2025-02-01T14:53:54.073+0000] {dag.py:4180} INFO - Setting next_dagrun for latest_only_with_trigger to 2025-02-01 08:00:00+00:00, run_after=2025-02-01 12:00:00+00:00
[2025-02-01T14:53:54.081+0000] {processor.py:208} INFO - Processing /home/airflow/.local/lib/python3.12/site-packages/airflow/example_dags/example_latest_only_with_trigger.py took 0.042 seconds
[2025-02-01T14:54:24.168+0000] {processor.py:186} INFO - Started process (PID=1194) to work on /home/airflow/.local/lib/python3.12/site-packages/airflow/example_dags/example_latest_only_with_trigger.py
[2025-02-01T14:54:24.169+0000] {processor.py:914} INFO - Processing file /home/airflow/.local/lib/python3.12/site-packages/airflow/example_dags/example_latest_only_with_trigger.py for tasks to queue
[2025-02-01T14:54:24.170+0000] {logging_mixin.py:190} INFO - [2025-02-01T14:54:24.170+0000] {dagbag.py:588} INFO - Filling up the DagBag from /home/airflow/.local/lib/python3.12/site-packages/airflow/example_dags/example_latest_only_with_trigger.py
[2025-02-01T14:54:24.174+0000] {processor.py:925} INFO - DAG(s) 'latest_only_with_trigger' retrieved from /home/airflow/.local/lib/python3.12/site-packages/airflow/example_dags/example_latest_only_with_trigger.py
[2025-02-01T14:54:24.187+0000] {logging_mixin.py:190} INFO - [2025-02-01T14:54:24.187+0000] {dag.py:3239} INFO - Sync 1 DAGs
[2025-02-01T14:54:24.196+0000] {logging_mixin.py:190} INFO - [2025-02-01T14:54:24.196+0000] {dag.py:4180} INFO - Setting next_dagrun for latest_only_with_trigger to 2025-02-01 08:00:00+00:00, run_after=2025-02-01 12:00:00+00:00
[2025-02-01T14:54:24.206+0000] {processor.py:208} INFO - Processing /home/airflow/.local/lib/python3.12/site-packages/airflow/example_dags/example_latest_only_with_trigger.py took 0.041 seconds
[2025-02-01T14:54:55.065+0000] {processor.py:186} INFO - Started process (PID=1260) to work on /home/airflow/.local/lib/python3.12/site-packages/airflow/example_dags/example_latest_only_with_trigger.py
[2025-02-01T14:54:55.065+0000] {processor.py:914} INFO - Processing file /home/airflow/.local/lib/python3.12/site-packages/airflow/example_dags/example_latest_only_with_trigger.py for tasks to queue
[2025-02-01T14:54:55.066+0000] {logging_mixin.py:190} INFO - [2025-02-01T14:54:55.066+0000] {dagbag.py:588} INFO - Filling up the DagBag from /home/airflow/.local/lib/python3.12/site-packages/airflow/example_dags/example_latest_only_with_trigger.py
[2025-02-01T14:54:55.072+0000] {processor.py:925} INFO - DAG(s) 'latest_only_with_trigger' retrieved from /home/airflow/.local/lib/python3.12/site-packages/airflow/example_dags/example_latest_only_with_trigger.py
[2025-02-01T14:54:55.089+0000] {logging_mixin.py:190} INFO - [2025-02-01T14:54:55.089+0000] {dag.py:3239} INFO - Sync 1 DAGs
[2025-02-01T14:54:55.103+0000] {logging_mixin.py:190} INFO - [2025-02-01T14:54:55.103+0000] {dag.py:4180} INFO - Setting next_dagrun for latest_only_with_trigger to 2025-02-01 08:00:00+00:00, run_after=2025-02-01 12:00:00+00:00
[2025-02-01T14:54:55.136+0000] {processor.py:208} INFO - Processing /home/airflow/.local/lib/python3.12/site-packages/airflow/example_dags/example_latest_only_with_trigger.py took 0.074 seconds
[2025-02-01T14:55:26.135+0000] {processor.py:186} INFO - Started process (PID=1326) to work on /home/airflow/.local/lib/python3.12/site-packages/airflow/example_dags/example_latest_only_with_trigger.py
[2025-02-01T14:55:26.135+0000] {processor.py:914} INFO - Processing file /home/airflow/.local/lib/python3.12/site-packages/airflow/example_dags/example_latest_only_with_trigger.py for tasks to queue
[2025-02-01T14:55:26.136+0000] {logging_mixin.py:190} INFO - [2025-02-01T14:55:26.136+0000] {dagbag.py:588} INFO - Filling up the DagBag from /home/airflow/.local/lib/python3.12/site-packages/airflow/example_dags/example_latest_only_with_trigger.py
[2025-02-01T14:55:26.142+0000] {processor.py:925} INFO - DAG(s) 'latest_only_with_trigger' retrieved from /home/airflow/.local/lib/python3.12/site-packages/airflow/example_dags/example_latest_only_with_trigger.py
[2025-02-01T14:55:26.155+0000] {logging_mixin.py:190} INFO - [2025-02-01T14:55:26.155+0000] {dag.py:3239} INFO - Sync 1 DAGs
[2025-02-01T14:55:26.166+0000] {logging_mixin.py:190} INFO - [2025-02-01T14:55:26.166+0000] {dag.py:4180} INFO - Setting next_dagrun for latest_only_with_trigger to 2025-02-01 08:00:00+00:00, run_after=2025-02-01 12:00:00+00:00
[2025-02-01T14:55:26.178+0000] {processor.py:208} INFO - Processing /home/airflow/.local/lib/python3.12/site-packages/airflow/example_dags/example_latest_only_with_trigger.py took 0.046 seconds
[2025-02-01T14:55:57.064+0000] {processor.py:186} INFO - Started process (PID=1392) to work on /home/airflow/.local/lib/python3.12/site-packages/airflow/example_dags/example_latest_only_with_trigger.py
[2025-02-01T14:55:57.067+0000] {processor.py:914} INFO - Processing file /home/airflow/.local/lib/python3.12/site-packages/airflow/example_dags/example_latest_only_with_trigger.py for tasks to queue
[2025-02-01T14:55:57.070+0000] {logging_mixin.py:190} INFO - [2025-02-01T14:55:57.069+0000] {dagbag.py:588} INFO - Filling up the DagBag from /home/airflow/.local/lib/python3.12/site-packages/airflow/example_dags/example_latest_only_with_trigger.py
[2025-02-01T14:55:57.074+0000] {processor.py:925} INFO - DAG(s) 'latest_only_with_trigger' retrieved from /home/airflow/.local/lib/python3.12/site-packages/airflow/example_dags/example_latest_only_with_trigger.py
[2025-02-01T14:55:57.093+0000] {logging_mixin.py:190} INFO - [2025-02-01T14:55:57.092+0000] {dag.py:3239} INFO - Sync 1 DAGs
[2025-02-01T14:55:57.103+0000] {logging_mixin.py:190} INFO - [2025-02-01T14:55:57.102+0000] {dag.py:4180} INFO - Setting next_dagrun for latest_only_with_trigger to 2025-02-01 08:00:00+00:00, run_after=2025-02-01 12:00:00+00:00
[2025-02-01T14:55:57.115+0000] {processor.py:208} INFO - Processing /home/airflow/.local/lib/python3.12/site-packages/airflow/example_dags/example_latest_only_with_trigger.py took 0.054 seconds
[2025-02-01T14:56:27.218+0000] {processor.py:186} INFO - Started process (PID=1458) to work on /home/airflow/.local/lib/python3.12/site-packages/airflow/example_dags/example_latest_only_with_trigger.py
[2025-02-01T14:56:27.218+0000] {processor.py:914} INFO - Processing file /home/airflow/.local/lib/python3.12/site-packages/airflow/example_dags/example_latest_only_with_trigger.py for tasks to queue
[2025-02-01T14:56:27.219+0000] {logging_mixin.py:190} INFO - [2025-02-01T14:56:27.219+0000] {dagbag.py:588} INFO - Filling up the DagBag from /home/airflow/.local/lib/python3.12/site-packages/airflow/example_dags/example_latest_only_with_trigger.py
[2025-02-01T14:56:27.223+0000] {processor.py:925} INFO - DAG(s) 'latest_only_with_trigger' retrieved from /home/airflow/.local/lib/python3.12/site-packages/airflow/example_dags/example_latest_only_with_trigger.py
[2025-02-01T14:56:27.239+0000] {logging_mixin.py:190} INFO - [2025-02-01T14:56:27.239+0000] {dag.py:3239} INFO - Sync 1 DAGs
[2025-02-01T14:56:27.256+0000] {logging_mixin.py:190} INFO - [2025-02-01T14:56:27.256+0000] {dag.py:4180} INFO - Setting next_dagrun for latest_only_with_trigger to 2025-02-01 08:00:00+00:00, run_after=2025-02-01 12:00:00+00:00
[2025-02-01T14:56:27.273+0000] {processor.py:208} INFO - Processing /home/airflow/.local/lib/python3.12/site-packages/airflow/example_dags/example_latest_only_with_trigger.py took 0.058 seconds
[2025-02-01T14:56:57.365+0000] {processor.py:186} INFO - Started process (PID=1524) to work on /home/airflow/.local/lib/python3.12/site-packages/airflow/example_dags/example_latest_only_with_trigger.py
[2025-02-01T14:56:57.367+0000] {processor.py:914} INFO - Processing file /home/airflow/.local/lib/python3.12/site-packages/airflow/example_dags/example_latest_only_with_trigger.py for tasks to queue
[2025-02-01T14:56:57.369+0000] {logging_mixin.py:190} INFO - [2025-02-01T14:56:57.369+0000] {dagbag.py:588} INFO - Filling up the DagBag from /home/airflow/.local/lib/python3.12/site-packages/airflow/example_dags/example_latest_only_with_trigger.py
[2025-02-01T14:56:57.373+0000] {processor.py:925} INFO - DAG(s) 'latest_only_with_trigger' retrieved from /home/airflow/.local/lib/python3.12/site-packages/airflow/example_dags/example_latest_only_with_trigger.py
[2025-02-01T14:56:57.388+0000] {logging_mixin.py:190} INFO - [2025-02-01T14:56:57.388+0000] {dag.py:3239} INFO - Sync 1 DAGs
[2025-02-01T14:56:57.400+0000] {logging_mixin.py:190} INFO - [2025-02-01T14:56:57.400+0000] {dag.py:4180} INFO - Setting next_dagrun for latest_only_with_trigger to 2025-02-01 08:00:00+00:00, run_after=2025-02-01 12:00:00+00:00
[2025-02-01T14:56:57.409+0000] {processor.py:208} INFO - Processing /home/airflow/.local/lib/python3.12/site-packages/airflow/example_dags/example_latest_only_with_trigger.py took 0.048 seconds
[2025-02-01T14:57:28.223+0000] {processor.py:186} INFO - Started process (PID=1590) to work on /home/airflow/.local/lib/python3.12/site-packages/airflow/example_dags/example_latest_only_with_trigger.py
[2025-02-01T14:57:28.226+0000] {processor.py:914} INFO - Processing file /home/airflow/.local/lib/python3.12/site-packages/airflow/example_dags/example_latest_only_with_trigger.py for tasks to queue
[2025-02-01T14:57:28.228+0000] {logging_mixin.py:190} INFO - [2025-02-01T14:57:28.228+0000] {dagbag.py:588} INFO - Filling up the DagBag from /home/airflow/.local/lib/python3.12/site-packages/airflow/example_dags/example_latest_only_with_trigger.py
[2025-02-01T14:57:28.233+0000] {processor.py:925} INFO - DAG(s) 'latest_only_with_trigger' retrieved from /home/airflow/.local/lib/python3.12/site-packages/airflow/example_dags/example_latest_only_with_trigger.py
[2025-02-01T14:57:28.316+0000] {logging_mixin.py:190} INFO - [2025-02-01T14:57:28.316+0000] {dag.py:3239} INFO - Sync 1 DAGs
[2025-02-01T14:57:28.335+0000] {logging_mixin.py:190} INFO - [2025-02-01T14:57:28.334+0000] {dag.py:4180} INFO - Setting next_dagrun for latest_only_with_trigger to 2025-02-01 08:00:00+00:00, run_after=2025-02-01 12:00:00+00:00
[2025-02-01T14:57:28.344+0000] {processor.py:208} INFO - Processing /home/airflow/.local/lib/python3.12/site-packages/airflow/example_dags/example_latest_only_with_trigger.py took 0.124 seconds
[2025-02-01T14:57:59.317+0000] {processor.py:186} INFO - Started process (PID=1656) to work on /home/airflow/.local/lib/python3.12/site-packages/airflow/example_dags/example_latest_only_with_trigger.py
[2025-02-01T14:57:59.317+0000] {processor.py:914} INFO - Processing file /home/airflow/.local/lib/python3.12/site-packages/airflow/example_dags/example_latest_only_with_trigger.py for tasks to queue
[2025-02-01T14:57:59.320+0000] {logging_mixin.py:190} INFO - [2025-02-01T14:57:59.320+0000] {dagbag.py:588} INFO - Filling up the DagBag from /home/airflow/.local/lib/python3.12/site-packages/airflow/example_dags/example_latest_only_with_trigger.py
[2025-02-01T14:57:59.323+0000] {processor.py:925} INFO - DAG(s) 'latest_only_with_trigger' retrieved from /home/airflow/.local/lib/python3.12/site-packages/airflow/example_dags/example_latest_only_with_trigger.py
[2025-02-01T14:57:59.338+0000] {logging_mixin.py:190} INFO - [2025-02-01T14:57:59.338+0000] {dag.py:3239} INFO - Sync 1 DAGs
[2025-02-01T14:57:59.350+0000] {logging_mixin.py:190} INFO - [2025-02-01T14:57:59.350+0000] {dag.py:4180} INFO - Setting next_dagrun for latest_only_with_trigger to 2025-02-01 08:00:00+00:00, run_after=2025-02-01 12:00:00+00:00
[2025-02-01T14:57:59.361+0000] {processor.py:208} INFO - Processing /home/airflow/.local/lib/python3.12/site-packages/airflow/example_dags/example_latest_only_with_trigger.py took 0.047 seconds
[2025-02-01T14:58:30.075+0000] {processor.py:186} INFO - Started process (PID=1722) to work on /home/airflow/.local/lib/python3.12/site-packages/airflow/example_dags/example_latest_only_with_trigger.py
[2025-02-01T14:58:30.075+0000] {processor.py:914} INFO - Processing file /home/airflow/.local/lib/python3.12/site-packages/airflow/example_dags/example_latest_only_with_trigger.py for tasks to queue
[2025-02-01T14:58:30.077+0000] {logging_mixin.py:190} INFO - [2025-02-01T14:58:30.076+0000] {dagbag.py:588} INFO - Filling up the DagBag from /home/airflow/.local/lib/python3.12/site-packages/airflow/example_dags/example_latest_only_with_trigger.py
[2025-02-01T14:58:30.080+0000] {processor.py:925} INFO - DAG(s) 'latest_only_with_trigger' retrieved from /home/airflow/.local/lib/python3.12/site-packages/airflow/example_dags/example_latest_only_with_trigger.py
[2025-02-01T14:58:30.091+0000] {logging_mixin.py:190} INFO - [2025-02-01T14:58:30.091+0000] {dag.py:3239} INFO - Sync 1 DAGs
[2025-02-01T14:58:30.101+0000] {logging_mixin.py:190} INFO - [2025-02-01T14:58:30.101+0000] {dag.py:4180} INFO - Setting next_dagrun for latest_only_with_trigger to 2025-02-01 08:00:00+00:00, run_after=2025-02-01 12:00:00+00:00
[2025-02-01T14:58:30.108+0000] {processor.py:208} INFO - Processing /home/airflow/.local/lib/python3.12/site-packages/airflow/example_dags/example_latest_only_with_trigger.py took 0.037 seconds
[2025-02-01T14:59:00.922+0000] {processor.py:186} INFO - Started process (PID=1788) to work on /home/airflow/.local/lib/python3.12/site-packages/airflow/example_dags/example_latest_only_with_trigger.py
[2025-02-01T14:59:00.923+0000] {processor.py:914} INFO - Processing file /home/airflow/.local/lib/python3.12/site-packages/airflow/example_dags/example_latest_only_with_trigger.py for tasks to queue
[2025-02-01T14:59:00.925+0000] {logging_mixin.py:190} INFO - [2025-02-01T14:59:00.925+0000] {dagbag.py:588} INFO - Filling up the DagBag from /home/airflow/.local/lib/python3.12/site-packages/airflow/example_dags/example_latest_only_with_trigger.py
[2025-02-01T14:59:00.928+0000] {processor.py:925} INFO - DAG(s) 'latest_only_with_trigger' retrieved from /home/airflow/.local/lib/python3.12/site-packages/airflow/example_dags/example_latest_only_with_trigger.py
[2025-02-01T14:59:00.942+0000] {logging_mixin.py:190} INFO - [2025-02-01T14:59:00.942+0000] {dag.py:3239} INFO - Sync 1 DAGs
[2025-02-01T14:59:00.953+0000] {logging_mixin.py:190} INFO - [2025-02-01T14:59:00.953+0000] {dag.py:4180} INFO - Setting next_dagrun for latest_only_with_trigger to 2025-02-01 08:00:00+00:00, run_after=2025-02-01 12:00:00+00:00
[2025-02-01T14:59:00.963+0000] {processor.py:208} INFO - Processing /home/airflow/.local/lib/python3.12/site-packages/airflow/example_dags/example_latest_only_with_trigger.py took 0.044 seconds
[2025-02-01T14:59:31.963+0000] {processor.py:186} INFO - Started process (PID=1854) to work on /home/airflow/.local/lib/python3.12/site-packages/airflow/example_dags/example_latest_only_with_trigger.py
[2025-02-01T14:59:31.963+0000] {processor.py:914} INFO - Processing file /home/airflow/.local/lib/python3.12/site-packages/airflow/example_dags/example_latest_only_with_trigger.py for tasks to queue
[2025-02-01T14:59:31.965+0000] {logging_mixin.py:190} INFO - [2025-02-01T14:59:31.964+0000] {dagbag.py:588} INFO - Filling up the DagBag from /home/airflow/.local/lib/python3.12/site-packages/airflow/example_dags/example_latest_only_with_trigger.py
[2025-02-01T14:59:31.970+0000] {processor.py:925} INFO - DAG(s) 'latest_only_with_trigger' retrieved from /home/airflow/.local/lib/python3.12/site-packages/airflow/example_dags/example_latest_only_with_trigger.py
[2025-02-01T14:59:31.984+0000] {logging_mixin.py:190} INFO - [2025-02-01T14:59:31.984+0000] {dag.py:3239} INFO - Sync 1 DAGs
[2025-02-01T14:59:31.995+0000] {logging_mixin.py:190} INFO - [2025-02-01T14:59:31.995+0000] {dag.py:4180} INFO - Setting next_dagrun for latest_only_with_trigger to 2025-02-01 08:00:00+00:00, run_after=2025-02-01 12:00:00+00:00
[2025-02-01T14:59:32.009+0000] {processor.py:208} INFO - Processing /home/airflow/.local/lib/python3.12/site-packages/airflow/example_dags/example_latest_only_with_trigger.py took 0.049 seconds
[2025-02-01T15:00:02.291+0000] {processor.py:186} INFO - Started process (PID=1920) to work on /home/airflow/.local/lib/python3.12/site-packages/airflow/example_dags/example_latest_only_with_trigger.py
[2025-02-01T15:00:02.293+0000] {processor.py:914} INFO - Processing file /home/airflow/.local/lib/python3.12/site-packages/airflow/example_dags/example_latest_only_with_trigger.py for tasks to queue
[2025-02-01T15:00:02.294+0000] {logging_mixin.py:190} INFO - [2025-02-01T15:00:02.294+0000] {dagbag.py:588} INFO - Filling up the DagBag from /home/airflow/.local/lib/python3.12/site-packages/airflow/example_dags/example_latest_only_with_trigger.py
[2025-02-01T15:00:02.299+0000] {processor.py:925} INFO - DAG(s) 'latest_only_with_trigger' retrieved from /home/airflow/.local/lib/python3.12/site-packages/airflow/example_dags/example_latest_only_with_trigger.py
[2025-02-01T15:00:02.312+0000] {logging_mixin.py:190} INFO - [2025-02-01T15:00:02.312+0000] {dag.py:3239} INFO - Sync 1 DAGs
[2025-02-01T15:00:02.323+0000] {logging_mixin.py:190} INFO - [2025-02-01T15:00:02.323+0000] {dag.py:4180} INFO - Setting next_dagrun for latest_only_with_trigger to 2025-02-01 08:00:00+00:00, run_after=2025-02-01 12:00:00+00:00
[2025-02-01T15:00:02.334+0000] {processor.py:208} INFO - Processing /home/airflow/.local/lib/python3.12/site-packages/airflow/example_dags/example_latest_only_with_trigger.py took 0.051 seconds
[2025-02-01T15:00:32.539+0000] {processor.py:186} INFO - Started process (PID=1986) to work on /home/airflow/.local/lib/python3.12/site-packages/airflow/example_dags/example_latest_only_with_trigger.py
[2025-02-01T15:00:32.540+0000] {processor.py:914} INFO - Processing file /home/airflow/.local/lib/python3.12/site-packages/airflow/example_dags/example_latest_only_with_trigger.py for tasks to queue
[2025-02-01T15:00:32.545+0000] {logging_mixin.py:190} INFO - [2025-02-01T15:00:32.545+0000] {dagbag.py:588} INFO - Filling up the DagBag from /home/airflow/.local/lib/python3.12/site-packages/airflow/example_dags/example_latest_only_with_trigger.py
[2025-02-01T15:00:32.556+0000] {processor.py:925} INFO - DAG(s) 'latest_only_with_trigger' retrieved from /home/airflow/.local/lib/python3.12/site-packages/airflow/example_dags/example_latest_only_with_trigger.py
[2025-02-01T15:00:32.580+0000] {logging_mixin.py:190} INFO - [2025-02-01T15:00:32.580+0000] {dag.py:3239} INFO - Sync 1 DAGs
[2025-02-01T15:00:32.600+0000] {logging_mixin.py:190} INFO - [2025-02-01T15:00:32.600+0000] {dag.py:4180} INFO - Setting next_dagrun for latest_only_with_trigger to 2025-02-01 08:00:00+00:00, run_after=2025-02-01 12:00:00+00:00
[2025-02-01T15:00:32.626+0000] {processor.py:208} INFO - Processing /home/airflow/.local/lib/python3.12/site-packages/airflow/example_dags/example_latest_only_with_trigger.py took 0.092 seconds
[2025-02-01T15:01:02.890+0000] {processor.py:186} INFO - Started process (PID=2052) to work on /home/airflow/.local/lib/python3.12/site-packages/airflow/example_dags/example_latest_only_with_trigger.py
[2025-02-01T15:01:02.891+0000] {processor.py:914} INFO - Processing file /home/airflow/.local/lib/python3.12/site-packages/airflow/example_dags/example_latest_only_with_trigger.py for tasks to queue
[2025-02-01T15:01:02.893+0000] {logging_mixin.py:190} INFO - [2025-02-01T15:01:02.893+0000] {dagbag.py:588} INFO - Filling up the DagBag from /home/airflow/.local/lib/python3.12/site-packages/airflow/example_dags/example_latest_only_with_trigger.py
[2025-02-01T15:01:02.899+0000] {processor.py:925} INFO - DAG(s) 'latest_only_with_trigger' retrieved from /home/airflow/.local/lib/python3.12/site-packages/airflow/example_dags/example_latest_only_with_trigger.py
[2025-02-01T15:01:02.923+0000] {logging_mixin.py:190} INFO - [2025-02-01T15:01:02.922+0000] {dag.py:3239} INFO - Sync 1 DAGs
[2025-02-01T15:01:02.948+0000] {logging_mixin.py:190} INFO - [2025-02-01T15:01:02.948+0000] {dag.py:4180} INFO - Setting next_dagrun for latest_only_with_trigger to 2025-02-01 08:00:00+00:00, run_after=2025-02-01 12:00:00+00:00
[2025-02-01T15:01:02.963+0000] {processor.py:208} INFO - Processing /home/airflow/.local/lib/python3.12/site-packages/airflow/example_dags/example_latest_only_with_trigger.py took 0.078 seconds
[2025-02-01T15:01:33.352+0000] {processor.py:186} INFO - Started process (PID=2118) to work on /home/airflow/.local/lib/python3.12/site-packages/airflow/example_dags/example_latest_only_with_trigger.py
[2025-02-01T15:01:33.353+0000] {processor.py:914} INFO - Processing file /home/airflow/.local/lib/python3.12/site-packages/airflow/example_dags/example_latest_only_with_trigger.py for tasks to queue
[2025-02-01T15:01:33.355+0000] {logging_mixin.py:190} INFO - [2025-02-01T15:01:33.355+0000] {dagbag.py:588} INFO - Filling up the DagBag from /home/airflow/.local/lib/python3.12/site-packages/airflow/example_dags/example_latest_only_with_trigger.py
[2025-02-01T15:01:33.360+0000] {processor.py:925} INFO - DAG(s) 'latest_only_with_trigger' retrieved from /home/airflow/.local/lib/python3.12/site-packages/airflow/example_dags/example_latest_only_with_trigger.py
[2025-02-01T15:01:33.369+0000] {logging_mixin.py:190} INFO - [2025-02-01T15:01:33.369+0000] {dag.py:3239} INFO - Sync 1 DAGs
[2025-02-01T15:01:33.380+0000] {logging_mixin.py:190} INFO - [2025-02-01T15:01:33.380+0000] {dag.py:4180} INFO - Setting next_dagrun for latest_only_with_trigger to 2025-02-01 08:00:00+00:00, run_after=2025-02-01 12:00:00+00:00
[2025-02-01T15:01:33.396+0000] {processor.py:208} INFO - Processing /home/airflow/.local/lib/python3.12/site-packages/airflow/example_dags/example_latest_only_with_trigger.py took 0.047 seconds
[2025-02-01T15:02:03.780+0000] {processor.py:186} INFO - Started process (PID=2184) to work on /home/airflow/.local/lib/python3.12/site-packages/airflow/example_dags/example_latest_only_with_trigger.py
[2025-02-01T15:02:03.782+0000] {processor.py:914} INFO - Processing file /home/airflow/.local/lib/python3.12/site-packages/airflow/example_dags/example_latest_only_with_trigger.py for tasks to queue
[2025-02-01T15:02:03.785+0000] {logging_mixin.py:190} INFO - [2025-02-01T15:02:03.785+0000] {dagbag.py:588} INFO - Filling up the DagBag from /home/airflow/.local/lib/python3.12/site-packages/airflow/example_dags/example_latest_only_with_trigger.py
[2025-02-01T15:02:03.790+0000] {processor.py:925} INFO - DAG(s) 'latest_only_with_trigger' retrieved from /home/airflow/.local/lib/python3.12/site-packages/airflow/example_dags/example_latest_only_with_trigger.py
[2025-02-01T15:02:03.818+0000] {logging_mixin.py:190} INFO - [2025-02-01T15:02:03.817+0000] {dag.py:3239} INFO - Sync 1 DAGs
[2025-02-01T15:02:03.843+0000] {logging_mixin.py:190} INFO - [2025-02-01T15:02:03.843+0000] {dag.py:4180} INFO - Setting next_dagrun for latest_only_with_trigger to 2025-02-01 08:00:00+00:00, run_after=2025-02-01 12:00:00+00:00
[2025-02-01T15:02:03.874+0000] {processor.py:208} INFO - Processing /home/airflow/.local/lib/python3.12/site-packages/airflow/example_dags/example_latest_only_with_trigger.py took 0.097 seconds
[2025-02-01T15:02:33.901+0000] {processor.py:186} INFO - Started process (PID=2250) to work on /home/airflow/.local/lib/python3.12/site-packages/airflow/example_dags/example_latest_only_with_trigger.py
[2025-02-01T15:02:33.902+0000] {processor.py:914} INFO - Processing file /home/airflow/.local/lib/python3.12/site-packages/airflow/example_dags/example_latest_only_with_trigger.py for tasks to queue
[2025-02-01T15:02:33.903+0000] {logging_mixin.py:190} INFO - [2025-02-01T15:02:33.903+0000] {dagbag.py:588} INFO - Filling up the DagBag from /home/airflow/.local/lib/python3.12/site-packages/airflow/example_dags/example_latest_only_with_trigger.py
[2025-02-01T15:02:33.907+0000] {processor.py:925} INFO - DAG(s) 'latest_only_with_trigger' retrieved from /home/airflow/.local/lib/python3.12/site-packages/airflow/example_dags/example_latest_only_with_trigger.py
[2025-02-01T15:02:33.919+0000] {logging_mixin.py:190} INFO - [2025-02-01T15:02:33.919+0000] {dag.py:3239} INFO - Sync 1 DAGs
[2025-02-01T15:02:33.930+0000] {logging_mixin.py:190} INFO - [2025-02-01T15:02:33.930+0000] {dag.py:4180} INFO - Setting next_dagrun for latest_only_with_trigger to 2025-02-01 08:00:00+00:00, run_after=2025-02-01 12:00:00+00:00
[2025-02-01T15:02:33.937+0000] {processor.py:208} INFO - Processing /home/airflow/.local/lib/python3.12/site-packages/airflow/example_dags/example_latest_only_with_trigger.py took 0.039 seconds
[2025-02-01T15:03:04.200+0000] {processor.py:186} INFO - Started process (PID=2316) to work on /home/airflow/.local/lib/python3.12/site-packages/airflow/example_dags/example_latest_only_with_trigger.py
[2025-02-01T15:03:04.201+0000] {processor.py:914} INFO - Processing file /home/airflow/.local/lib/python3.12/site-packages/airflow/example_dags/example_latest_only_with_trigger.py for tasks to queue
[2025-02-01T15:03:04.202+0000] {logging_mixin.py:190} INFO - [2025-02-01T15:03:04.202+0000] {dagbag.py:588} INFO - Filling up the DagBag from /home/airflow/.local/lib/python3.12/site-packages/airflow/example_dags/example_latest_only_with_trigger.py
[2025-02-01T15:03:04.206+0000] {processor.py:925} INFO - DAG(s) 'latest_only_with_trigger' retrieved from /home/airflow/.local/lib/python3.12/site-packages/airflow/example_dags/example_latest_only_with_trigger.py
[2025-02-01T15:03:04.214+0000] {logging_mixin.py:190} INFO - [2025-02-01T15:03:04.214+0000] {dag.py:3239} INFO - Sync 1 DAGs
[2025-02-01T15:03:04.223+0000] {logging_mixin.py:190} INFO - [2025-02-01T15:03:04.223+0000] {dag.py:4180} INFO - Setting next_dagrun for latest_only_with_trigger to 2025-02-01 08:00:00+00:00, run_after=2025-02-01 12:00:00+00:00
[2025-02-01T15:03:04.229+0000] {processor.py:208} INFO - Processing /home/airflow/.local/lib/python3.12/site-packages/airflow/example_dags/example_latest_only_with_trigger.py took 0.032 seconds
[2025-02-01T15:03:34.309+0000] {processor.py:186} INFO - Started process (PID=2382) to work on /home/airflow/.local/lib/python3.12/site-packages/airflow/example_dags/example_latest_only_with_trigger.py
[2025-02-01T15:03:34.310+0000] {processor.py:914} INFO - Processing file /home/airflow/.local/lib/python3.12/site-packages/airflow/example_dags/example_latest_only_with_trigger.py for tasks to queue
[2025-02-01T15:03:34.312+0000] {logging_mixin.py:190} INFO - [2025-02-01T15:03:34.312+0000] {dagbag.py:588} INFO - Filling up the DagBag from /home/airflow/.local/lib/python3.12/site-packages/airflow/example_dags/example_latest_only_with_trigger.py
[2025-02-01T15:03:34.318+0000] {processor.py:925} INFO - DAG(s) 'latest_only_with_trigger' retrieved from /home/airflow/.local/lib/python3.12/site-packages/airflow/example_dags/example_latest_only_with_trigger.py
[2025-02-01T15:03:34.337+0000] {logging_mixin.py:190} INFO - [2025-02-01T15:03:34.337+0000] {dag.py:3239} INFO - Sync 1 DAGs
[2025-02-01T15:03:34.354+0000] {logging_mixin.py:190} INFO - [2025-02-01T15:03:34.354+0000] {dag.py:4180} INFO - Setting next_dagrun for latest_only_with_trigger to 2025-02-01 08:00:00+00:00, run_after=2025-02-01 12:00:00+00:00
[2025-02-01T15:03:34.365+0000] {processor.py:208} INFO - Processing /home/airflow/.local/lib/python3.12/site-packages/airflow/example_dags/example_latest_only_with_trigger.py took 0.060 seconds
[2025-02-01T15:04:05.610+0000] {processor.py:186} INFO - Started process (PID=2449) to work on /home/airflow/.local/lib/python3.12/site-packages/airflow/example_dags/example_latest_only_with_trigger.py
[2025-02-01T15:04:05.610+0000] {processor.py:914} INFO - Processing file /home/airflow/.local/lib/python3.12/site-packages/airflow/example_dags/example_latest_only_with_trigger.py for tasks to queue
[2025-02-01T15:04:05.612+0000] {logging_mixin.py:190} INFO - [2025-02-01T15:04:05.611+0000] {dagbag.py:588} INFO - Filling up the DagBag from /home/airflow/.local/lib/python3.12/site-packages/airflow/example_dags/example_latest_only_with_trigger.py
[2025-02-01T15:04:05.616+0000] {processor.py:925} INFO - DAG(s) 'latest_only_with_trigger' retrieved from /home/airflow/.local/lib/python3.12/site-packages/airflow/example_dags/example_latest_only_with_trigger.py
[2025-02-01T15:04:05.636+0000] {logging_mixin.py:190} INFO - [2025-02-01T15:04:05.636+0000] {dag.py:3239} INFO - Sync 1 DAGs
[2025-02-01T15:04:05.652+0000] {logging_mixin.py:190} INFO - [2025-02-01T15:04:05.652+0000] {dag.py:4180} INFO - Setting next_dagrun for latest_only_with_trigger to 2025-02-01 08:00:00+00:00, run_after=2025-02-01 12:00:00+00:00
[2025-02-01T15:04:05.666+0000] {processor.py:208} INFO - Processing /home/airflow/.local/lib/python3.12/site-packages/airflow/example_dags/example_latest_only_with_trigger.py took 0.058 seconds
[2025-02-01T15:04:35.776+0000] {processor.py:186} INFO - Started process (PID=2515) to work on /home/airflow/.local/lib/python3.12/site-packages/airflow/example_dags/example_latest_only_with_trigger.py
[2025-02-01T15:04:35.780+0000] {processor.py:914} INFO - Processing file /home/airflow/.local/lib/python3.12/site-packages/airflow/example_dags/example_latest_only_with_trigger.py for tasks to queue
[2025-02-01T15:04:35.781+0000] {logging_mixin.py:190} INFO - [2025-02-01T15:04:35.781+0000] {dagbag.py:588} INFO - Filling up the DagBag from /home/airflow/.local/lib/python3.12/site-packages/airflow/example_dags/example_latest_only_with_trigger.py
[2025-02-01T15:04:35.786+0000] {processor.py:925} INFO - DAG(s) 'latest_only_with_trigger' retrieved from /home/airflow/.local/lib/python3.12/site-packages/airflow/example_dags/example_latest_only_with_trigger.py
[2025-02-01T15:04:35.796+0000] {logging_mixin.py:190} INFO - [2025-02-01T15:04:35.796+0000] {dag.py:3239} INFO - Sync 1 DAGs
[2025-02-01T15:04:35.811+0000] {logging_mixin.py:190} INFO - [2025-02-01T15:04:35.811+0000] {dag.py:4180} INFO - Setting next_dagrun for latest_only_with_trigger to 2025-02-01 08:00:00+00:00, run_after=2025-02-01 12:00:00+00:00
[2025-02-01T15:04:35.827+0000] {processor.py:208} INFO - Processing /home/airflow/.local/lib/python3.12/site-packages/airflow/example_dags/example_latest_only_with_trigger.py took 0.054 seconds
[2025-02-01T15:05:05.938+0000] {processor.py:186} INFO - Started process (PID=2581) to work on /home/airflow/.local/lib/python3.12/site-packages/airflow/example_dags/example_latest_only_with_trigger.py
[2025-02-01T15:05:05.939+0000] {processor.py:914} INFO - Processing file /home/airflow/.local/lib/python3.12/site-packages/airflow/example_dags/example_latest_only_with_trigger.py for tasks to queue
[2025-02-01T15:05:05.940+0000] {logging_mixin.py:190} INFO - [2025-02-01T15:05:05.940+0000] {dagbag.py:588} INFO - Filling up the DagBag from /home/airflow/.local/lib/python3.12/site-packages/airflow/example_dags/example_latest_only_with_trigger.py
[2025-02-01T15:05:05.945+0000] {processor.py:925} INFO - DAG(s) 'latest_only_with_trigger' retrieved from /home/airflow/.local/lib/python3.12/site-packages/airflow/example_dags/example_latest_only_with_trigger.py
[2025-02-01T15:05:05.958+0000] {logging_mixin.py:190} INFO - [2025-02-01T15:05:05.958+0000] {dag.py:3239} INFO - Sync 1 DAGs
[2025-02-01T15:05:05.966+0000] {logging_mixin.py:190} INFO - [2025-02-01T15:05:05.966+0000] {dag.py:4180} INFO - Setting next_dagrun for latest_only_with_trigger to 2025-02-01 08:00:00+00:00, run_after=2025-02-01 12:00:00+00:00
[2025-02-01T15:05:05.982+0000] {processor.py:208} INFO - Processing /home/airflow/.local/lib/python3.12/site-packages/airflow/example_dags/example_latest_only_with_trigger.py took 0.046 seconds
[2025-02-01T15:05:36.653+0000] {processor.py:186} INFO - Started process (PID=2647) to work on /home/airflow/.local/lib/python3.12/site-packages/airflow/example_dags/example_latest_only_with_trigger.py
[2025-02-01T15:05:36.653+0000] {processor.py:914} INFO - Processing file /home/airflow/.local/lib/python3.12/site-packages/airflow/example_dags/example_latest_only_with_trigger.py for tasks to queue
[2025-02-01T15:05:36.654+0000] {logging_mixin.py:190} INFO - [2025-02-01T15:05:36.654+0000] {dagbag.py:588} INFO - Filling up the DagBag from /home/airflow/.local/lib/python3.12/site-packages/airflow/example_dags/example_latest_only_with_trigger.py
[2025-02-01T15:05:36.659+0000] {processor.py:925} INFO - DAG(s) 'latest_only_with_trigger' retrieved from /home/airflow/.local/lib/python3.12/site-packages/airflow/example_dags/example_latest_only_with_trigger.py
[2025-02-01T15:05:36.669+0000] {logging_mixin.py:190} INFO - [2025-02-01T15:05:36.669+0000] {dag.py:3239} INFO - Sync 1 DAGs
[2025-02-01T15:05:36.681+0000] {logging_mixin.py:190} INFO - [2025-02-01T15:05:36.681+0000] {dag.py:4180} INFO - Setting next_dagrun for latest_only_with_trigger to 2025-02-01 08:00:00+00:00, run_after=2025-02-01 12:00:00+00:00
[2025-02-01T15:05:36.692+0000] {processor.py:208} INFO - Processing /home/airflow/.local/lib/python3.12/site-packages/airflow/example_dags/example_latest_only_with_trigger.py took 0.041 seconds
[2025-02-01T15:06:07.499+0000] {processor.py:186} INFO - Started process (PID=2713) to work on /home/airflow/.local/lib/python3.12/site-packages/airflow/example_dags/example_latest_only_with_trigger.py
[2025-02-01T15:06:07.500+0000] {processor.py:914} INFO - Processing file /home/airflow/.local/lib/python3.12/site-packages/airflow/example_dags/example_latest_only_with_trigger.py for tasks to queue
[2025-02-01T15:06:07.502+0000] {logging_mixin.py:190} INFO - [2025-02-01T15:06:07.501+0000] {dagbag.py:588} INFO - Filling up the DagBag from /home/airflow/.local/lib/python3.12/site-packages/airflow/example_dags/example_latest_only_with_trigger.py
[2025-02-01T15:06:07.507+0000] {processor.py:925} INFO - DAG(s) 'latest_only_with_trigger' retrieved from /home/airflow/.local/lib/python3.12/site-packages/airflow/example_dags/example_latest_only_with_trigger.py
[2025-02-01T15:06:07.516+0000] {logging_mixin.py:190} INFO - [2025-02-01T15:06:07.516+0000] {dag.py:3239} INFO - Sync 1 DAGs
[2025-02-01T15:06:07.528+0000] {logging_mixin.py:190} INFO - [2025-02-01T15:06:07.528+0000] {dag.py:4180} INFO - Setting next_dagrun for latest_only_with_trigger to 2025-02-01 08:00:00+00:00, run_after=2025-02-01 12:00:00+00:00
[2025-02-01T15:06:07.540+0000] {processor.py:208} INFO - Processing /home/airflow/.local/lib/python3.12/site-packages/airflow/example_dags/example_latest_only_with_trigger.py took 0.044 seconds
