[2025-02-01T13:35:17.334+0000] {processor.py:186} INFO - Started process (PID=107) to work on /home/airflow/.local/lib/python3.12/site-packages/airflow/example_dags/example_latest_only.py
[2025-02-01T13:35:17.335+0000] {processor.py:914} INFO - Processing file /home/airflow/.local/lib/python3.12/site-packages/airflow/example_dags/example_latest_only.py for tasks to queue
[2025-02-01T13:35:17.339+0000] {logging_mixin.py:190} INFO - [2025-02-01T13:35:17.339+0000] {dagbag.py:588} INFO - Filling up the DagBag from /home/airflow/.local/lib/python3.12/site-packages/airflow/example_dags/example_latest_only.py
[2025-02-01T13:35:17.345+0000] {processor.py:925} INFO - DAG(s) 'latest_only' retrieved from /home/airflow/.local/lib/python3.12/site-packages/airflow/example_dags/example_latest_only.py
[2025-02-01T13:35:17.372+0000] {logging_mixin.py:190} INFO - [2025-02-01T13:35:17.372+0000] {dag.py:3239} INFO - Sync 1 DAGs
[2025-02-01T13:35:17.388+0000] {logging_mixin.py:190} INFO - [2025-02-01T13:35:17.388+0000] {dag.py:4180} INFO - Setting next_dagrun for latest_only to 2025-02-01 08:00:00+00:00, run_after=2025-02-01 12:00:00+00:00
[2025-02-01T13:35:17.402+0000] {processor.py:208} INFO - Processing /home/airflow/.local/lib/python3.12/site-packages/airflow/example_dags/example_latest_only.py took 0.076 seconds
[2025-02-01T13:35:47.679+0000] {processor.py:186} INFO - Started process (PID=173) to work on /home/airflow/.local/lib/python3.12/site-packages/airflow/example_dags/example_latest_only.py
[2025-02-01T13:35:47.680+0000] {processor.py:914} INFO - Processing file /home/airflow/.local/lib/python3.12/site-packages/airflow/example_dags/example_latest_only.py for tasks to queue
[2025-02-01T13:35:47.681+0000] {logging_mixin.py:190} INFO - [2025-02-01T13:35:47.681+0000] {dagbag.py:588} INFO - Filling up the DagBag from /home/airflow/.local/lib/python3.12/site-packages/airflow/example_dags/example_latest_only.py
[2025-02-01T13:35:47.685+0000] {processor.py:925} INFO - DAG(s) 'latest_only' retrieved from /home/airflow/.local/lib/python3.12/site-packages/airflow/example_dags/example_latest_only.py
[2025-02-01T13:35:47.699+0000] {logging_mixin.py:190} INFO - [2025-02-01T13:35:47.699+0000] {dag.py:3239} INFO - Sync 1 DAGs
[2025-02-01T13:35:47.713+0000] {logging_mixin.py:190} INFO - [2025-02-01T13:35:47.713+0000] {dag.py:4180} INFO - Setting next_dagrun for latest_only to 2025-02-01 08:00:00+00:00, run_after=2025-02-01 12:00:00+00:00
[2025-02-01T13:35:47.721+0000] {processor.py:208} INFO - Processing /home/airflow/.local/lib/python3.12/site-packages/airflow/example_dags/example_latest_only.py took 0.048 seconds
[2025-02-01T13:36:18.534+0000] {processor.py:186} INFO - Started process (PID=239) to work on /home/airflow/.local/lib/python3.12/site-packages/airflow/example_dags/example_latest_only.py
[2025-02-01T13:36:18.535+0000] {processor.py:914} INFO - Processing file /home/airflow/.local/lib/python3.12/site-packages/airflow/example_dags/example_latest_only.py for tasks to queue
[2025-02-01T13:36:18.540+0000] {logging_mixin.py:190} INFO - [2025-02-01T13:36:18.539+0000] {dagbag.py:588} INFO - Filling up the DagBag from /home/airflow/.local/lib/python3.12/site-packages/airflow/example_dags/example_latest_only.py
[2025-02-01T13:36:18.545+0000] {processor.py:925} INFO - DAG(s) 'latest_only' retrieved from /home/airflow/.local/lib/python3.12/site-packages/airflow/example_dags/example_latest_only.py
[2025-02-01T13:36:18.570+0000] {logging_mixin.py:190} INFO - [2025-02-01T13:36:18.570+0000] {dag.py:3239} INFO - Sync 1 DAGs
[2025-02-01T13:36:18.592+0000] {logging_mixin.py:190} INFO - [2025-02-01T13:36:18.591+0000] {dag.py:4180} INFO - Setting next_dagrun for latest_only to 2025-02-01 08:00:00+00:00, run_after=2025-02-01 12:00:00+00:00
[2025-02-01T13:36:18.611+0000] {processor.py:208} INFO - Processing /home/airflow/.local/lib/python3.12/site-packages/airflow/example_dags/example_latest_only.py took 0.081 seconds
[2025-02-01T13:36:49.484+0000] {processor.py:186} INFO - Started process (PID=305) to work on /home/airflow/.local/lib/python3.12/site-packages/airflow/example_dags/example_latest_only.py
[2025-02-01T13:36:49.486+0000] {processor.py:914} INFO - Processing file /home/airflow/.local/lib/python3.12/site-packages/airflow/example_dags/example_latest_only.py for tasks to queue
[2025-02-01T13:36:49.488+0000] {logging_mixin.py:190} INFO - [2025-02-01T13:36:49.488+0000] {dagbag.py:588} INFO - Filling up the DagBag from /home/airflow/.local/lib/python3.12/site-packages/airflow/example_dags/example_latest_only.py
[2025-02-01T13:36:49.495+0000] {processor.py:925} INFO - DAG(s) 'latest_only' retrieved from /home/airflow/.local/lib/python3.12/site-packages/airflow/example_dags/example_latest_only.py
[2025-02-01T13:36:49.527+0000] {logging_mixin.py:190} INFO - [2025-02-01T13:36:49.527+0000] {dag.py:3239} INFO - Sync 1 DAGs
[2025-02-01T13:36:49.567+0000] {logging_mixin.py:190} INFO - [2025-02-01T13:36:49.567+0000] {dag.py:4180} INFO - Setting next_dagrun for latest_only to 2025-02-01 08:00:00+00:00, run_after=2025-02-01 12:00:00+00:00
[2025-02-01T13:36:49.597+0000] {processor.py:208} INFO - Processing /home/airflow/.local/lib/python3.12/site-packages/airflow/example_dags/example_latest_only.py took 0.118 seconds
[2025-02-01T13:37:20.155+0000] {processor.py:186} INFO - Started process (PID=371) to work on /home/airflow/.local/lib/python3.12/site-packages/airflow/example_dags/example_latest_only.py
[2025-02-01T13:37:20.156+0000] {processor.py:914} INFO - Processing file /home/airflow/.local/lib/python3.12/site-packages/airflow/example_dags/example_latest_only.py for tasks to queue
[2025-02-01T13:37:20.157+0000] {logging_mixin.py:190} INFO - [2025-02-01T13:37:20.157+0000] {dagbag.py:588} INFO - Filling up the DagBag from /home/airflow/.local/lib/python3.12/site-packages/airflow/example_dags/example_latest_only.py
[2025-02-01T13:37:20.162+0000] {processor.py:925} INFO - DAG(s) 'latest_only' retrieved from /home/airflow/.local/lib/python3.12/site-packages/airflow/example_dags/example_latest_only.py
[2025-02-01T13:37:20.174+0000] {logging_mixin.py:190} INFO - [2025-02-01T13:37:20.174+0000] {dag.py:3239} INFO - Sync 1 DAGs
[2025-02-01T13:37:20.188+0000] {logging_mixin.py:190} INFO - [2025-02-01T13:37:20.188+0000] {dag.py:4180} INFO - Setting next_dagrun for latest_only to 2025-02-01 08:00:00+00:00, run_after=2025-02-01 12:00:00+00:00
[2025-02-01T13:37:20.200+0000] {processor.py:208} INFO - Processing /home/airflow/.local/lib/python3.12/site-packages/airflow/example_dags/example_latest_only.py took 0.049 seconds
[2025-02-01T13:37:50.751+0000] {processor.py:186} INFO - Started process (PID=437) to work on /home/airflow/.local/lib/python3.12/site-packages/airflow/example_dags/example_latest_only.py
[2025-02-01T13:37:50.752+0000] {processor.py:914} INFO - Processing file /home/airflow/.local/lib/python3.12/site-packages/airflow/example_dags/example_latest_only.py for tasks to queue
[2025-02-01T13:37:50.754+0000] {logging_mixin.py:190} INFO - [2025-02-01T13:37:50.754+0000] {dagbag.py:588} INFO - Filling up the DagBag from /home/airflow/.local/lib/python3.12/site-packages/airflow/example_dags/example_latest_only.py
[2025-02-01T13:37:50.760+0000] {processor.py:925} INFO - DAG(s) 'latest_only' retrieved from /home/airflow/.local/lib/python3.12/site-packages/airflow/example_dags/example_latest_only.py
[2025-02-01T13:37:50.779+0000] {logging_mixin.py:190} INFO - [2025-02-01T13:37:50.779+0000] {dag.py:3239} INFO - Sync 1 DAGs
[2025-02-01T13:37:50.810+0000] {logging_mixin.py:190} INFO - [2025-02-01T13:37:50.810+0000] {dag.py:4180} INFO - Setting next_dagrun for latest_only to 2025-02-01 08:00:00+00:00, run_after=2025-02-01 12:00:00+00:00
[2025-02-01T13:37:50.825+0000] {processor.py:208} INFO - Processing /home/airflow/.local/lib/python3.12/site-packages/airflow/example_dags/example_latest_only.py took 0.077 seconds
[2025-02-01T13:38:21.129+0000] {processor.py:186} INFO - Started process (PID=503) to work on /home/airflow/.local/lib/python3.12/site-packages/airflow/example_dags/example_latest_only.py
[2025-02-01T13:38:21.130+0000] {processor.py:914} INFO - Processing file /home/airflow/.local/lib/python3.12/site-packages/airflow/example_dags/example_latest_only.py for tasks to queue
[2025-02-01T13:38:21.133+0000] {logging_mixin.py:190} INFO - [2025-02-01T13:38:21.133+0000] {dagbag.py:588} INFO - Filling up the DagBag from /home/airflow/.local/lib/python3.12/site-packages/airflow/example_dags/example_latest_only.py
[2025-02-01T13:38:21.137+0000] {processor.py:925} INFO - DAG(s) 'latest_only' retrieved from /home/airflow/.local/lib/python3.12/site-packages/airflow/example_dags/example_latest_only.py
[2025-02-01T13:38:21.146+0000] {logging_mixin.py:190} INFO - [2025-02-01T13:38:21.145+0000] {dag.py:3239} INFO - Sync 1 DAGs
[2025-02-01T13:38:21.160+0000] {logging_mixin.py:190} INFO - [2025-02-01T13:38:21.160+0000] {dag.py:4180} INFO - Setting next_dagrun for latest_only to 2025-02-01 08:00:00+00:00, run_after=2025-02-01 12:00:00+00:00
[2025-02-01T13:38:21.175+0000] {processor.py:208} INFO - Processing /home/airflow/.local/lib/python3.12/site-packages/airflow/example_dags/example_latest_only.py took 0.049 seconds
[2025-02-01T13:38:51.961+0000] {processor.py:186} INFO - Started process (PID=569) to work on /home/airflow/.local/lib/python3.12/site-packages/airflow/example_dags/example_latest_only.py
[2025-02-01T13:38:51.962+0000] {processor.py:914} INFO - Processing file /home/airflow/.local/lib/python3.12/site-packages/airflow/example_dags/example_latest_only.py for tasks to queue
[2025-02-01T13:38:51.964+0000] {logging_mixin.py:190} INFO - [2025-02-01T13:38:51.963+0000] {dagbag.py:588} INFO - Filling up the DagBag from /home/airflow/.local/lib/python3.12/site-packages/airflow/example_dags/example_latest_only.py
[2025-02-01T13:38:51.968+0000] {processor.py:925} INFO - DAG(s) 'latest_only' retrieved from /home/airflow/.local/lib/python3.12/site-packages/airflow/example_dags/example_latest_only.py
[2025-02-01T13:38:51.981+0000] {logging_mixin.py:190} INFO - [2025-02-01T13:38:51.981+0000] {dag.py:3239} INFO - Sync 1 DAGs
[2025-02-01T13:38:51.992+0000] {logging_mixin.py:190} INFO - [2025-02-01T13:38:51.992+0000] {dag.py:4180} INFO - Setting next_dagrun for latest_only to 2025-02-01 08:00:00+00:00, run_after=2025-02-01 12:00:00+00:00
[2025-02-01T13:38:52.008+0000] {processor.py:208} INFO - Processing /home/airflow/.local/lib/python3.12/site-packages/airflow/example_dags/example_latest_only.py took 0.050 seconds
[2025-02-01T13:39:23.344+0000] {processor.py:186} INFO - Started process (PID=635) to work on /home/airflow/.local/lib/python3.12/site-packages/airflow/example_dags/example_latest_only.py
[2025-02-01T13:39:23.345+0000] {processor.py:914} INFO - Processing file /home/airflow/.local/lib/python3.12/site-packages/airflow/example_dags/example_latest_only.py for tasks to queue
[2025-02-01T13:39:23.346+0000] {logging_mixin.py:190} INFO - [2025-02-01T13:39:23.346+0000] {dagbag.py:588} INFO - Filling up the DagBag from /home/airflow/.local/lib/python3.12/site-packages/airflow/example_dags/example_latest_only.py
[2025-02-01T13:39:23.353+0000] {processor.py:925} INFO - DAG(s) 'latest_only' retrieved from /home/airflow/.local/lib/python3.12/site-packages/airflow/example_dags/example_latest_only.py
[2025-02-01T13:39:23.370+0000] {logging_mixin.py:190} INFO - [2025-02-01T13:39:23.370+0000] {dag.py:3239} INFO - Sync 1 DAGs
[2025-02-01T13:39:23.384+0000] {logging_mixin.py:190} INFO - [2025-02-01T13:39:23.383+0000] {dag.py:4180} INFO - Setting next_dagrun for latest_only to 2025-02-01 08:00:00+00:00, run_after=2025-02-01 12:00:00+00:00
[2025-02-01T13:39:23.403+0000] {processor.py:208} INFO - Processing /home/airflow/.local/lib/python3.12/site-packages/airflow/example_dags/example_latest_only.py took 0.062 seconds
[2025-02-01T13:39:53.747+0000] {processor.py:186} INFO - Started process (PID=701) to work on /home/airflow/.local/lib/python3.12/site-packages/airflow/example_dags/example_latest_only.py
[2025-02-01T13:39:53.747+0000] {processor.py:914} INFO - Processing file /home/airflow/.local/lib/python3.12/site-packages/airflow/example_dags/example_latest_only.py for tasks to queue
[2025-02-01T13:39:53.748+0000] {logging_mixin.py:190} INFO - [2025-02-01T13:39:53.748+0000] {dagbag.py:588} INFO - Filling up the DagBag from /home/airflow/.local/lib/python3.12/site-packages/airflow/example_dags/example_latest_only.py
[2025-02-01T13:39:53.751+0000] {processor.py:925} INFO - DAG(s) 'latest_only' retrieved from /home/airflow/.local/lib/python3.12/site-packages/airflow/example_dags/example_latest_only.py
[2025-02-01T13:39:53.761+0000] {logging_mixin.py:190} INFO - [2025-02-01T13:39:53.761+0000] {dag.py:3239} INFO - Sync 1 DAGs
[2025-02-01T13:39:53.775+0000] {logging_mixin.py:190} INFO - [2025-02-01T13:39:53.775+0000] {dag.py:4180} INFO - Setting next_dagrun for latest_only to 2025-02-01 08:00:00+00:00, run_after=2025-02-01 12:00:00+00:00
[2025-02-01T13:39:53.789+0000] {processor.py:208} INFO - Processing /home/airflow/.local/lib/python3.12/site-packages/airflow/example_dags/example_latest_only.py took 0.045 seconds
[2025-02-01T13:40:24.597+0000] {processor.py:186} INFO - Started process (PID=767) to work on /home/airflow/.local/lib/python3.12/site-packages/airflow/example_dags/example_latest_only.py
[2025-02-01T13:40:24.600+0000] {processor.py:914} INFO - Processing file /home/airflow/.local/lib/python3.12/site-packages/airflow/example_dags/example_latest_only.py for tasks to queue
[2025-02-01T13:40:24.601+0000] {logging_mixin.py:190} INFO - [2025-02-01T13:40:24.601+0000] {dagbag.py:588} INFO - Filling up the DagBag from /home/airflow/.local/lib/python3.12/site-packages/airflow/example_dags/example_latest_only.py
[2025-02-01T13:40:24.605+0000] {processor.py:925} INFO - DAG(s) 'latest_only' retrieved from /home/airflow/.local/lib/python3.12/site-packages/airflow/example_dags/example_latest_only.py
[2025-02-01T13:40:24.619+0000] {logging_mixin.py:190} INFO - [2025-02-01T13:40:24.619+0000] {dag.py:3239} INFO - Sync 1 DAGs
[2025-02-01T13:40:24.633+0000] {logging_mixin.py:190} INFO - [2025-02-01T13:40:24.633+0000] {dag.py:4180} INFO - Setting next_dagrun for latest_only to 2025-02-01 08:00:00+00:00, run_after=2025-02-01 12:00:00+00:00
[2025-02-01T13:40:24.644+0000] {processor.py:208} INFO - Processing /home/airflow/.local/lib/python3.12/site-packages/airflow/example_dags/example_latest_only.py took 0.049 seconds
[2025-02-01T13:40:55.588+0000] {processor.py:186} INFO - Started process (PID=833) to work on /home/airflow/.local/lib/python3.12/site-packages/airflow/example_dags/example_latest_only.py
[2025-02-01T13:40:55.590+0000] {processor.py:914} INFO - Processing file /home/airflow/.local/lib/python3.12/site-packages/airflow/example_dags/example_latest_only.py for tasks to queue
[2025-02-01T13:40:55.592+0000] {logging_mixin.py:190} INFO - [2025-02-01T13:40:55.592+0000] {dagbag.py:588} INFO - Filling up the DagBag from /home/airflow/.local/lib/python3.12/site-packages/airflow/example_dags/example_latest_only.py
[2025-02-01T13:40:55.597+0000] {processor.py:925} INFO - DAG(s) 'latest_only' retrieved from /home/airflow/.local/lib/python3.12/site-packages/airflow/example_dags/example_latest_only.py
[2025-02-01T13:40:55.606+0000] {logging_mixin.py:190} INFO - [2025-02-01T13:40:55.606+0000] {dag.py:3239} INFO - Sync 1 DAGs
[2025-02-01T13:40:55.617+0000] {logging_mixin.py:190} INFO - [2025-02-01T13:40:55.617+0000] {dag.py:4180} INFO - Setting next_dagrun for latest_only to 2025-02-01 08:00:00+00:00, run_after=2025-02-01 12:00:00+00:00
[2025-02-01T13:40:55.624+0000] {processor.py:208} INFO - Processing /home/airflow/.local/lib/python3.12/site-packages/airflow/example_dags/example_latest_only.py took 0.038 seconds
[2025-02-01T13:41:27.118+0000] {processor.py:186} INFO - Started process (PID=899) to work on /home/airflow/.local/lib/python3.12/site-packages/airflow/example_dags/example_latest_only.py
[2025-02-01T13:41:27.118+0000] {processor.py:914} INFO - Processing file /home/airflow/.local/lib/python3.12/site-packages/airflow/example_dags/example_latest_only.py for tasks to queue
[2025-02-01T13:41:27.119+0000] {logging_mixin.py:190} INFO - [2025-02-01T13:41:27.119+0000] {dagbag.py:588} INFO - Filling up the DagBag from /home/airflow/.local/lib/python3.12/site-packages/airflow/example_dags/example_latest_only.py
[2025-02-01T13:41:27.123+0000] {processor.py:925} INFO - DAG(s) 'latest_only' retrieved from /home/airflow/.local/lib/python3.12/site-packages/airflow/example_dags/example_latest_only.py
[2025-02-01T13:41:27.137+0000] {logging_mixin.py:190} INFO - [2025-02-01T13:41:27.136+0000] {dag.py:3239} INFO - Sync 1 DAGs
[2025-02-01T13:41:27.152+0000] {logging_mixin.py:190} INFO - [2025-02-01T13:41:27.152+0000] {dag.py:4180} INFO - Setting next_dagrun for latest_only to 2025-02-01 08:00:00+00:00, run_after=2025-02-01 12:00:00+00:00
[2025-02-01T13:41:27.165+0000] {processor.py:208} INFO - Processing /home/airflow/.local/lib/python3.12/site-packages/airflow/example_dags/example_latest_only.py took 0.051 seconds
[2025-02-01T13:41:57.688+0000] {processor.py:186} INFO - Started process (PID=965) to work on /home/airflow/.local/lib/python3.12/site-packages/airflow/example_dags/example_latest_only.py
[2025-02-01T13:41:57.692+0000] {processor.py:914} INFO - Processing file /home/airflow/.local/lib/python3.12/site-packages/airflow/example_dags/example_latest_only.py for tasks to queue
[2025-02-01T13:41:57.694+0000] {logging_mixin.py:190} INFO - [2025-02-01T13:41:57.694+0000] {dagbag.py:588} INFO - Filling up the DagBag from /home/airflow/.local/lib/python3.12/site-packages/airflow/example_dags/example_latest_only.py
[2025-02-01T13:41:57.699+0000] {processor.py:925} INFO - DAG(s) 'latest_only' retrieved from /home/airflow/.local/lib/python3.12/site-packages/airflow/example_dags/example_latest_only.py
[2025-02-01T13:41:57.715+0000] {logging_mixin.py:190} INFO - [2025-02-01T13:41:57.714+0000] {dag.py:3239} INFO - Sync 1 DAGs
[2025-02-01T13:41:57.731+0000] {logging_mixin.py:190} INFO - [2025-02-01T13:41:57.731+0000] {dag.py:4180} INFO - Setting next_dagrun for latest_only to 2025-02-01 08:00:00+00:00, run_after=2025-02-01 12:00:00+00:00
[2025-02-01T13:41:57.741+0000] {processor.py:208} INFO - Processing /home/airflow/.local/lib/python3.12/site-packages/airflow/example_dags/example_latest_only.py took 0.059 seconds
[2025-02-01T14:45:47.006+0000] {processor.py:186} INFO - Started process (PID=110) to work on /home/airflow/.local/lib/python3.12/site-packages/airflow/example_dags/example_latest_only.py
[2025-02-01T14:45:47.007+0000] {processor.py:914} INFO - Processing file /home/airflow/.local/lib/python3.12/site-packages/airflow/example_dags/example_latest_only.py for tasks to queue
[2025-02-01T14:45:47.008+0000] {logging_mixin.py:190} INFO - [2025-02-01T14:45:47.008+0000] {dagbag.py:588} INFO - Filling up the DagBag from /home/airflow/.local/lib/python3.12/site-packages/airflow/example_dags/example_latest_only.py
[2025-02-01T14:45:47.014+0000] {processor.py:925} INFO - DAG(s) 'latest_only' retrieved from /home/airflow/.local/lib/python3.12/site-packages/airflow/example_dags/example_latest_only.py
[2025-02-01T14:45:47.034+0000] {logging_mixin.py:190} INFO - [2025-02-01T14:45:47.034+0000] {dag.py:3239} INFO - Sync 1 DAGs
[2025-02-01T14:45:47.058+0000] {logging_mixin.py:190} INFO - [2025-02-01T14:45:47.057+0000] {dag.py:4180} INFO - Setting next_dagrun for latest_only to 2025-02-01 08:00:00+00:00, run_after=2025-02-01 12:00:00+00:00
[2025-02-01T14:45:47.070+0000] {processor.py:208} INFO - Processing /home/airflow/.local/lib/python3.12/site-packages/airflow/example_dags/example_latest_only.py took 0.069 seconds
[2025-02-01T14:46:17.531+0000] {processor.py:186} INFO - Started process (PID=175) to work on /home/airflow/.local/lib/python3.12/site-packages/airflow/example_dags/example_latest_only.py
[2025-02-01T14:46:17.532+0000] {processor.py:914} INFO - Processing file /home/airflow/.local/lib/python3.12/site-packages/airflow/example_dags/example_latest_only.py for tasks to queue
[2025-02-01T14:46:17.534+0000] {logging_mixin.py:190} INFO - [2025-02-01T14:46:17.533+0000] {dagbag.py:588} INFO - Filling up the DagBag from /home/airflow/.local/lib/python3.12/site-packages/airflow/example_dags/example_latest_only.py
[2025-02-01T14:46:17.539+0000] {processor.py:925} INFO - DAG(s) 'latest_only' retrieved from /home/airflow/.local/lib/python3.12/site-packages/airflow/example_dags/example_latest_only.py
[2025-02-01T14:46:17.548+0000] {logging_mixin.py:190} INFO - [2025-02-01T14:46:17.548+0000] {dag.py:3239} INFO - Sync 1 DAGs
[2025-02-01T14:46:17.562+0000] {logging_mixin.py:190} INFO - [2025-02-01T14:46:17.562+0000] {dag.py:4180} INFO - Setting next_dagrun for latest_only to 2025-02-01 08:00:00+00:00, run_after=2025-02-01 12:00:00+00:00
[2025-02-01T14:46:17.575+0000] {processor.py:208} INFO - Processing /home/airflow/.local/lib/python3.12/site-packages/airflow/example_dags/example_latest_only.py took 0.047 seconds
[2025-02-01T14:46:48.539+0000] {processor.py:186} INFO - Started process (PID=241) to work on /home/airflow/.local/lib/python3.12/site-packages/airflow/example_dags/example_latest_only.py
[2025-02-01T14:46:48.539+0000] {processor.py:914} INFO - Processing file /home/airflow/.local/lib/python3.12/site-packages/airflow/example_dags/example_latest_only.py for tasks to queue
[2025-02-01T14:46:48.541+0000] {logging_mixin.py:190} INFO - [2025-02-01T14:46:48.540+0000] {dagbag.py:588} INFO - Filling up the DagBag from /home/airflow/.local/lib/python3.12/site-packages/airflow/example_dags/example_latest_only.py
[2025-02-01T14:46:48.544+0000] {processor.py:925} INFO - DAG(s) 'latest_only' retrieved from /home/airflow/.local/lib/python3.12/site-packages/airflow/example_dags/example_latest_only.py
[2025-02-01T14:46:48.554+0000] {logging_mixin.py:190} INFO - [2025-02-01T14:46:48.554+0000] {dag.py:3239} INFO - Sync 1 DAGs
[2025-02-01T14:46:48.567+0000] {logging_mixin.py:190} INFO - [2025-02-01T14:46:48.567+0000] {dag.py:4180} INFO - Setting next_dagrun for latest_only to 2025-02-01 08:00:00+00:00, run_after=2025-02-01 12:00:00+00:00
[2025-02-01T14:46:48.578+0000] {processor.py:208} INFO - Processing /home/airflow/.local/lib/python3.12/site-packages/airflow/example_dags/example_latest_only.py took 0.042 seconds
[2025-02-01T14:47:19.805+0000] {processor.py:186} INFO - Started process (PID=307) to work on /home/airflow/.local/lib/python3.12/site-packages/airflow/example_dags/example_latest_only.py
[2025-02-01T14:47:19.806+0000] {processor.py:914} INFO - Processing file /home/airflow/.local/lib/python3.12/site-packages/airflow/example_dags/example_latest_only.py for tasks to queue
[2025-02-01T14:47:19.808+0000] {logging_mixin.py:190} INFO - [2025-02-01T14:47:19.808+0000] {dagbag.py:588} INFO - Filling up the DagBag from /home/airflow/.local/lib/python3.12/site-packages/airflow/example_dags/example_latest_only.py
[2025-02-01T14:47:19.816+0000] {processor.py:925} INFO - DAG(s) 'latest_only' retrieved from /home/airflow/.local/lib/python3.12/site-packages/airflow/example_dags/example_latest_only.py
[2025-02-01T14:47:19.835+0000] {logging_mixin.py:190} INFO - [2025-02-01T14:47:19.835+0000] {dag.py:3239} INFO - Sync 1 DAGs
[2025-02-01T14:47:19.856+0000] {logging_mixin.py:190} INFO - [2025-02-01T14:47:19.856+0000] {dag.py:4180} INFO - Setting next_dagrun for latest_only to 2025-02-01 08:00:00+00:00, run_after=2025-02-01 12:00:00+00:00
[2025-02-01T14:47:19.868+0000] {processor.py:208} INFO - Processing /home/airflow/.local/lib/python3.12/site-packages/airflow/example_dags/example_latest_only.py took 0.078 seconds
[2025-02-01T14:47:50.682+0000] {processor.py:186} INFO - Started process (PID=373) to work on /home/airflow/.local/lib/python3.12/site-packages/airflow/example_dags/example_latest_only.py
[2025-02-01T14:47:50.682+0000] {processor.py:914} INFO - Processing file /home/airflow/.local/lib/python3.12/site-packages/airflow/example_dags/example_latest_only.py for tasks to queue
[2025-02-01T14:47:50.684+0000] {logging_mixin.py:190} INFO - [2025-02-01T14:47:50.683+0000] {dagbag.py:588} INFO - Filling up the DagBag from /home/airflow/.local/lib/python3.12/site-packages/airflow/example_dags/example_latest_only.py
[2025-02-01T14:47:50.687+0000] {processor.py:925} INFO - DAG(s) 'latest_only' retrieved from /home/airflow/.local/lib/python3.12/site-packages/airflow/example_dags/example_latest_only.py
[2025-02-01T14:47:50.702+0000] {logging_mixin.py:190} INFO - [2025-02-01T14:47:50.702+0000] {dag.py:3239} INFO - Sync 1 DAGs
[2025-02-01T14:47:50.713+0000] {logging_mixin.py:190} INFO - [2025-02-01T14:47:50.713+0000] {dag.py:4180} INFO - Setting next_dagrun for latest_only to 2025-02-01 08:00:00+00:00, run_after=2025-02-01 12:00:00+00:00
[2025-02-01T14:47:50.722+0000] {processor.py:208} INFO - Processing /home/airflow/.local/lib/python3.12/site-packages/airflow/example_dags/example_latest_only.py took 0.043 seconds
[2025-02-01T14:48:21.517+0000] {processor.py:186} INFO - Started process (PID=439) to work on /home/airflow/.local/lib/python3.12/site-packages/airflow/example_dags/example_latest_only.py
[2025-02-01T14:48:21.518+0000] {processor.py:914} INFO - Processing file /home/airflow/.local/lib/python3.12/site-packages/airflow/example_dags/example_latest_only.py for tasks to queue
[2025-02-01T14:48:21.519+0000] {logging_mixin.py:190} INFO - [2025-02-01T14:48:21.519+0000] {dagbag.py:588} INFO - Filling up the DagBag from /home/airflow/.local/lib/python3.12/site-packages/airflow/example_dags/example_latest_only.py
[2025-02-01T14:48:21.523+0000] {processor.py:925} INFO - DAG(s) 'latest_only' retrieved from /home/airflow/.local/lib/python3.12/site-packages/airflow/example_dags/example_latest_only.py
[2025-02-01T14:48:21.534+0000] {logging_mixin.py:190} INFO - [2025-02-01T14:48:21.534+0000] {dag.py:3239} INFO - Sync 1 DAGs
[2025-02-01T14:48:21.546+0000] {logging_mixin.py:190} INFO - [2025-02-01T14:48:21.545+0000] {dag.py:4180} INFO - Setting next_dagrun for latest_only to 2025-02-01 08:00:00+00:00, run_after=2025-02-01 12:00:00+00:00
[2025-02-01T14:48:21.558+0000] {processor.py:208} INFO - Processing /home/airflow/.local/lib/python3.12/site-packages/airflow/example_dags/example_latest_only.py took 0.044 seconds
[2025-02-01T14:48:52.585+0000] {processor.py:186} INFO - Started process (PID=505) to work on /home/airflow/.local/lib/python3.12/site-packages/airflow/example_dags/example_latest_only.py
[2025-02-01T14:48:52.586+0000] {processor.py:914} INFO - Processing file /home/airflow/.local/lib/python3.12/site-packages/airflow/example_dags/example_latest_only.py for tasks to queue
[2025-02-01T14:48:52.587+0000] {logging_mixin.py:190} INFO - [2025-02-01T14:48:52.587+0000] {dagbag.py:588} INFO - Filling up the DagBag from /home/airflow/.local/lib/python3.12/site-packages/airflow/example_dags/example_latest_only.py
[2025-02-01T14:48:52.590+0000] {processor.py:925} INFO - DAG(s) 'latest_only' retrieved from /home/airflow/.local/lib/python3.12/site-packages/airflow/example_dags/example_latest_only.py
[2025-02-01T14:48:52.602+0000] {logging_mixin.py:190} INFO - [2025-02-01T14:48:52.602+0000] {dag.py:3239} INFO - Sync 1 DAGs
[2025-02-01T14:48:52.611+0000] {logging_mixin.py:190} INFO - [2025-02-01T14:48:52.611+0000] {dag.py:4180} INFO - Setting next_dagrun for latest_only to 2025-02-01 08:00:00+00:00, run_after=2025-02-01 12:00:00+00:00
[2025-02-01T14:48:52.620+0000] {processor.py:208} INFO - Processing /home/airflow/.local/lib/python3.12/site-packages/airflow/example_dags/example_latest_only.py took 0.037 seconds
[2025-02-01T14:49:23.567+0000] {processor.py:186} INFO - Started process (PID=571) to work on /home/airflow/.local/lib/python3.12/site-packages/airflow/example_dags/example_latest_only.py
[2025-02-01T14:49:23.568+0000] {processor.py:914} INFO - Processing file /home/airflow/.local/lib/python3.12/site-packages/airflow/example_dags/example_latest_only.py for tasks to queue
[2025-02-01T14:49:23.569+0000] {logging_mixin.py:190} INFO - [2025-02-01T14:49:23.568+0000] {dagbag.py:588} INFO - Filling up the DagBag from /home/airflow/.local/lib/python3.12/site-packages/airflow/example_dags/example_latest_only.py
[2025-02-01T14:49:23.572+0000] {processor.py:925} INFO - DAG(s) 'latest_only' retrieved from /home/airflow/.local/lib/python3.12/site-packages/airflow/example_dags/example_latest_only.py
[2025-02-01T14:49:23.579+0000] {logging_mixin.py:190} INFO - [2025-02-01T14:49:23.579+0000] {dag.py:3239} INFO - Sync 1 DAGs
[2025-02-01T14:49:23.587+0000] {logging_mixin.py:190} INFO - [2025-02-01T14:49:23.587+0000] {dag.py:4180} INFO - Setting next_dagrun for latest_only to 2025-02-01 08:00:00+00:00, run_after=2025-02-01 12:00:00+00:00
[2025-02-01T14:49:23.594+0000] {processor.py:208} INFO - Processing /home/airflow/.local/lib/python3.12/site-packages/airflow/example_dags/example_latest_only.py took 0.029 seconds
[2025-02-01T14:49:54.759+0000] {processor.py:186} INFO - Started process (PID=637) to work on /home/airflow/.local/lib/python3.12/site-packages/airflow/example_dags/example_latest_only.py
[2025-02-01T14:49:54.760+0000] {processor.py:914} INFO - Processing file /home/airflow/.local/lib/python3.12/site-packages/airflow/example_dags/example_latest_only.py for tasks to queue
[2025-02-01T14:49:54.760+0000] {logging_mixin.py:190} INFO - [2025-02-01T14:49:54.760+0000] {dagbag.py:588} INFO - Filling up the DagBag from /home/airflow/.local/lib/python3.12/site-packages/airflow/example_dags/example_latest_only.py
[2025-02-01T14:49:54.764+0000] {processor.py:925} INFO - DAG(s) 'latest_only' retrieved from /home/airflow/.local/lib/python3.12/site-packages/airflow/example_dags/example_latest_only.py
[2025-02-01T14:49:54.774+0000] {logging_mixin.py:190} INFO - [2025-02-01T14:49:54.774+0000] {dag.py:3239} INFO - Sync 1 DAGs
[2025-02-01T14:49:54.788+0000] {logging_mixin.py:190} INFO - [2025-02-01T14:49:54.788+0000] {dag.py:4180} INFO - Setting next_dagrun for latest_only to 2025-02-01 08:00:00+00:00, run_after=2025-02-01 12:00:00+00:00
[2025-02-01T14:49:54.797+0000] {processor.py:208} INFO - Processing /home/airflow/.local/lib/python3.12/site-packages/airflow/example_dags/example_latest_only.py took 0.040 seconds
[2025-02-01T14:50:25.628+0000] {processor.py:186} INFO - Started process (PID=703) to work on /home/airflow/.local/lib/python3.12/site-packages/airflow/example_dags/example_latest_only.py
[2025-02-01T14:50:25.630+0000] {processor.py:914} INFO - Processing file /home/airflow/.local/lib/python3.12/site-packages/airflow/example_dags/example_latest_only.py for tasks to queue
[2025-02-01T14:50:25.632+0000] {logging_mixin.py:190} INFO - [2025-02-01T14:50:25.631+0000] {dagbag.py:588} INFO - Filling up the DagBag from /home/airflow/.local/lib/python3.12/site-packages/airflow/example_dags/example_latest_only.py
[2025-02-01T14:50:25.637+0000] {processor.py:925} INFO - DAG(s) 'latest_only' retrieved from /home/airflow/.local/lib/python3.12/site-packages/airflow/example_dags/example_latest_only.py
[2025-02-01T14:50:25.652+0000] {logging_mixin.py:190} INFO - [2025-02-01T14:50:25.652+0000] {dag.py:3239} INFO - Sync 1 DAGs
[2025-02-01T14:50:25.665+0000] {logging_mixin.py:190} INFO - [2025-02-01T14:50:25.665+0000] {dag.py:4180} INFO - Setting next_dagrun for latest_only to 2025-02-01 08:00:00+00:00, run_after=2025-02-01 12:00:00+00:00
[2025-02-01T14:50:25.672+0000] {processor.py:208} INFO - Processing /home/airflow/.local/lib/python3.12/site-packages/airflow/example_dags/example_latest_only.py took 0.048 seconds
[2025-02-01T14:50:56.667+0000] {processor.py:186} INFO - Started process (PID=769) to work on /home/airflow/.local/lib/python3.12/site-packages/airflow/example_dags/example_latest_only.py
[2025-02-01T14:50:56.668+0000] {processor.py:914} INFO - Processing file /home/airflow/.local/lib/python3.12/site-packages/airflow/example_dags/example_latest_only.py for tasks to queue
[2025-02-01T14:50:56.669+0000] {logging_mixin.py:190} INFO - [2025-02-01T14:50:56.669+0000] {dagbag.py:588} INFO - Filling up the DagBag from /home/airflow/.local/lib/python3.12/site-packages/airflow/example_dags/example_latest_only.py
[2025-02-01T14:50:56.674+0000] {processor.py:925} INFO - DAG(s) 'latest_only' retrieved from /home/airflow/.local/lib/python3.12/site-packages/airflow/example_dags/example_latest_only.py
[2025-02-01T14:50:56.683+0000] {logging_mixin.py:190} INFO - [2025-02-01T14:50:56.682+0000] {dag.py:3239} INFO - Sync 1 DAGs
[2025-02-01T14:50:56.693+0000] {logging_mixin.py:190} INFO - [2025-02-01T14:50:56.692+0000] {dag.py:4180} INFO - Setting next_dagrun for latest_only to 2025-02-01 08:00:00+00:00, run_after=2025-02-01 12:00:00+00:00
[2025-02-01T14:50:56.709+0000] {processor.py:208} INFO - Processing /home/airflow/.local/lib/python3.12/site-packages/airflow/example_dags/example_latest_only.py took 0.045 seconds
[2025-02-01T14:51:27.772+0000] {processor.py:186} INFO - Started process (PID=835) to work on /home/airflow/.local/lib/python3.12/site-packages/airflow/example_dags/example_latest_only.py
[2025-02-01T14:51:27.773+0000] {processor.py:914} INFO - Processing file /home/airflow/.local/lib/python3.12/site-packages/airflow/example_dags/example_latest_only.py for tasks to queue
[2025-02-01T14:51:27.774+0000] {logging_mixin.py:190} INFO - [2025-02-01T14:51:27.774+0000] {dagbag.py:588} INFO - Filling up the DagBag from /home/airflow/.local/lib/python3.12/site-packages/airflow/example_dags/example_latest_only.py
[2025-02-01T14:51:27.777+0000] {processor.py:925} INFO - DAG(s) 'latest_only' retrieved from /home/airflow/.local/lib/python3.12/site-packages/airflow/example_dags/example_latest_only.py
[2025-02-01T14:51:27.785+0000] {logging_mixin.py:190} INFO - [2025-02-01T14:51:27.785+0000] {dag.py:3239} INFO - Sync 1 DAGs
[2025-02-01T14:51:27.793+0000] {logging_mixin.py:190} INFO - [2025-02-01T14:51:27.793+0000] {dag.py:4180} INFO - Setting next_dagrun for latest_only to 2025-02-01 08:00:00+00:00, run_after=2025-02-01 12:00:00+00:00
[2025-02-01T14:51:27.798+0000] {processor.py:208} INFO - Processing /home/airflow/.local/lib/python3.12/site-packages/airflow/example_dags/example_latest_only.py took 0.028 seconds
[2025-02-01T14:51:59.394+0000] {processor.py:186} INFO - Started process (PID=901) to work on /home/airflow/.local/lib/python3.12/site-packages/airflow/example_dags/example_latest_only.py
[2025-02-01T14:51:59.394+0000] {processor.py:914} INFO - Processing file /home/airflow/.local/lib/python3.12/site-packages/airflow/example_dags/example_latest_only.py for tasks to queue
[2025-02-01T14:51:59.395+0000] {logging_mixin.py:190} INFO - [2025-02-01T14:51:59.395+0000] {dagbag.py:588} INFO - Filling up the DagBag from /home/airflow/.local/lib/python3.12/site-packages/airflow/example_dags/example_latest_only.py
[2025-02-01T14:51:59.399+0000] {processor.py:925} INFO - DAG(s) 'latest_only' retrieved from /home/airflow/.local/lib/python3.12/site-packages/airflow/example_dags/example_latest_only.py
[2025-02-01T14:51:59.409+0000] {logging_mixin.py:190} INFO - [2025-02-01T14:51:59.409+0000] {dag.py:3239} INFO - Sync 1 DAGs
[2025-02-01T14:51:59.420+0000] {logging_mixin.py:190} INFO - [2025-02-01T14:51:59.420+0000] {dag.py:4180} INFO - Setting next_dagrun for latest_only to 2025-02-01 08:00:00+00:00, run_after=2025-02-01 12:00:00+00:00
[2025-02-01T14:51:59.428+0000] {processor.py:208} INFO - Processing /home/airflow/.local/lib/python3.12/site-packages/airflow/example_dags/example_latest_only.py took 0.037 seconds
[2025-02-01T14:52:30.877+0000] {processor.py:186} INFO - Started process (PID=967) to work on /home/airflow/.local/lib/python3.12/site-packages/airflow/example_dags/example_latest_only.py
[2025-02-01T14:52:30.878+0000] {processor.py:914} INFO - Processing file /home/airflow/.local/lib/python3.12/site-packages/airflow/example_dags/example_latest_only.py for tasks to queue
[2025-02-01T14:52:30.879+0000] {logging_mixin.py:190} INFO - [2025-02-01T14:52:30.879+0000] {dagbag.py:588} INFO - Filling up the DagBag from /home/airflow/.local/lib/python3.12/site-packages/airflow/example_dags/example_latest_only.py
[2025-02-01T14:52:30.883+0000] {processor.py:925} INFO - DAG(s) 'latest_only' retrieved from /home/airflow/.local/lib/python3.12/site-packages/airflow/example_dags/example_latest_only.py
[2025-02-01T14:52:30.893+0000] {logging_mixin.py:190} INFO - [2025-02-01T14:52:30.893+0000] {dag.py:3239} INFO - Sync 1 DAGs
[2025-02-01T14:52:30.903+0000] {logging_mixin.py:190} INFO - [2025-02-01T14:52:30.902+0000] {dag.py:4180} INFO - Setting next_dagrun for latest_only to 2025-02-01 08:00:00+00:00, run_after=2025-02-01 12:00:00+00:00
[2025-02-01T14:52:30.910+0000] {processor.py:208} INFO - Processing /home/airflow/.local/lib/python3.12/site-packages/airflow/example_dags/example_latest_only.py took 0.036 seconds
[2025-02-01T14:53:01.182+0000] {processor.py:186} INFO - Started process (PID=1033) to work on /home/airflow/.local/lib/python3.12/site-packages/airflow/example_dags/example_latest_only.py
[2025-02-01T14:53:01.183+0000] {processor.py:914} INFO - Processing file /home/airflow/.local/lib/python3.12/site-packages/airflow/example_dags/example_latest_only.py for tasks to queue
[2025-02-01T14:53:01.184+0000] {logging_mixin.py:190} INFO - [2025-02-01T14:53:01.184+0000] {dagbag.py:588} INFO - Filling up the DagBag from /home/airflow/.local/lib/python3.12/site-packages/airflow/example_dags/example_latest_only.py
[2025-02-01T14:53:01.188+0000] {processor.py:925} INFO - DAG(s) 'latest_only' retrieved from /home/airflow/.local/lib/python3.12/site-packages/airflow/example_dags/example_latest_only.py
[2025-02-01T14:53:01.204+0000] {logging_mixin.py:190} INFO - [2025-02-01T14:53:01.204+0000] {dag.py:3239} INFO - Sync 1 DAGs
[2025-02-01T14:53:01.216+0000] {logging_mixin.py:190} INFO - [2025-02-01T14:53:01.216+0000] {dag.py:4180} INFO - Setting next_dagrun for latest_only to 2025-02-01 08:00:00+00:00, run_after=2025-02-01 12:00:00+00:00
[2025-02-01T14:53:01.232+0000] {processor.py:208} INFO - Processing /home/airflow/.local/lib/python3.12/site-packages/airflow/example_dags/example_latest_only.py took 0.053 seconds
[2025-02-01T14:53:32.140+0000] {processor.py:186} INFO - Started process (PID=1099) to work on /home/airflow/.local/lib/python3.12/site-packages/airflow/example_dags/example_latest_only.py
[2025-02-01T14:53:32.140+0000] {processor.py:914} INFO - Processing file /home/airflow/.local/lib/python3.12/site-packages/airflow/example_dags/example_latest_only.py for tasks to queue
[2025-02-01T14:53:32.141+0000] {logging_mixin.py:190} INFO - [2025-02-01T14:53:32.141+0000] {dagbag.py:588} INFO - Filling up the DagBag from /home/airflow/.local/lib/python3.12/site-packages/airflow/example_dags/example_latest_only.py
[2025-02-01T14:53:32.144+0000] {processor.py:925} INFO - DAG(s) 'latest_only' retrieved from /home/airflow/.local/lib/python3.12/site-packages/airflow/example_dags/example_latest_only.py
[2025-02-01T14:53:32.153+0000] {logging_mixin.py:190} INFO - [2025-02-01T14:53:32.153+0000] {dag.py:3239} INFO - Sync 1 DAGs
[2025-02-01T14:53:32.160+0000] {logging_mixin.py:190} INFO - [2025-02-01T14:53:32.160+0000] {dag.py:4180} INFO - Setting next_dagrun for latest_only to 2025-02-01 08:00:00+00:00, run_after=2025-02-01 12:00:00+00:00
[2025-02-01T14:53:32.166+0000] {processor.py:208} INFO - Processing /home/airflow/.local/lib/python3.12/site-packages/airflow/example_dags/example_latest_only.py took 0.029 seconds
[2025-02-01T14:54:03.208+0000] {processor.py:186} INFO - Started process (PID=1165) to work on /home/airflow/.local/lib/python3.12/site-packages/airflow/example_dags/example_latest_only.py
[2025-02-01T14:54:03.209+0000] {processor.py:914} INFO - Processing file /home/airflow/.local/lib/python3.12/site-packages/airflow/example_dags/example_latest_only.py for tasks to queue
[2025-02-01T14:54:03.209+0000] {logging_mixin.py:190} INFO - [2025-02-01T14:54:03.209+0000] {dagbag.py:588} INFO - Filling up the DagBag from /home/airflow/.local/lib/python3.12/site-packages/airflow/example_dags/example_latest_only.py
[2025-02-01T14:54:03.214+0000] {processor.py:925} INFO - DAG(s) 'latest_only' retrieved from /home/airflow/.local/lib/python3.12/site-packages/airflow/example_dags/example_latest_only.py
[2025-02-01T14:54:03.224+0000] {logging_mixin.py:190} INFO - [2025-02-01T14:54:03.224+0000] {dag.py:3239} INFO - Sync 1 DAGs
[2025-02-01T14:54:03.233+0000] {logging_mixin.py:190} INFO - [2025-02-01T14:54:03.233+0000] {dag.py:4180} INFO - Setting next_dagrun for latest_only to 2025-02-01 08:00:00+00:00, run_after=2025-02-01 12:00:00+00:00
[2025-02-01T14:54:03.246+0000] {processor.py:208} INFO - Processing /home/airflow/.local/lib/python3.12/site-packages/airflow/example_dags/example_latest_only.py took 0.040 seconds
[2025-02-01T14:54:34.257+0000] {processor.py:186} INFO - Started process (PID=1231) to work on /home/airflow/.local/lib/python3.12/site-packages/airflow/example_dags/example_latest_only.py
[2025-02-01T14:54:34.258+0000] {processor.py:914} INFO - Processing file /home/airflow/.local/lib/python3.12/site-packages/airflow/example_dags/example_latest_only.py for tasks to queue
[2025-02-01T14:54:34.259+0000] {logging_mixin.py:190} INFO - [2025-02-01T14:54:34.259+0000] {dagbag.py:588} INFO - Filling up the DagBag from /home/airflow/.local/lib/python3.12/site-packages/airflow/example_dags/example_latest_only.py
[2025-02-01T14:54:34.263+0000] {processor.py:925} INFO - DAG(s) 'latest_only' retrieved from /home/airflow/.local/lib/python3.12/site-packages/airflow/example_dags/example_latest_only.py
[2025-02-01T14:54:34.275+0000] {logging_mixin.py:190} INFO - [2025-02-01T14:54:34.275+0000] {dag.py:3239} INFO - Sync 1 DAGs
[2025-02-01T14:54:34.286+0000] {logging_mixin.py:190} INFO - [2025-02-01T14:54:34.286+0000] {dag.py:4180} INFO - Setting next_dagrun for latest_only to 2025-02-01 08:00:00+00:00, run_after=2025-02-01 12:00:00+00:00
[2025-02-01T14:54:34.292+0000] {processor.py:208} INFO - Processing /home/airflow/.local/lib/python3.12/site-packages/airflow/example_dags/example_latest_only.py took 0.038 seconds
[2025-02-01T14:55:05.315+0000] {processor.py:186} INFO - Started process (PID=1297) to work on /home/airflow/.local/lib/python3.12/site-packages/airflow/example_dags/example_latest_only.py
[2025-02-01T14:55:05.316+0000] {processor.py:914} INFO - Processing file /home/airflow/.local/lib/python3.12/site-packages/airflow/example_dags/example_latest_only.py for tasks to queue
[2025-02-01T14:55:05.317+0000] {logging_mixin.py:190} INFO - [2025-02-01T14:55:05.317+0000] {dagbag.py:588} INFO - Filling up the DagBag from /home/airflow/.local/lib/python3.12/site-packages/airflow/example_dags/example_latest_only.py
[2025-02-01T14:55:05.320+0000] {processor.py:925} INFO - DAG(s) 'latest_only' retrieved from /home/airflow/.local/lib/python3.12/site-packages/airflow/example_dags/example_latest_only.py
[2025-02-01T14:55:05.332+0000] {logging_mixin.py:190} INFO - [2025-02-01T14:55:05.332+0000] {dag.py:3239} INFO - Sync 1 DAGs
[2025-02-01T14:55:05.346+0000] {logging_mixin.py:190} INFO - [2025-02-01T14:55:05.346+0000] {dag.py:4180} INFO - Setting next_dagrun for latest_only to 2025-02-01 08:00:00+00:00, run_after=2025-02-01 12:00:00+00:00
[2025-02-01T14:55:05.355+0000] {processor.py:208} INFO - Processing /home/airflow/.local/lib/python3.12/site-packages/airflow/example_dags/example_latest_only.py took 0.042 seconds
[2025-02-01T14:55:36.164+0000] {processor.py:186} INFO - Started process (PID=1363) to work on /home/airflow/.local/lib/python3.12/site-packages/airflow/example_dags/example_latest_only.py
[2025-02-01T14:55:36.165+0000] {processor.py:914} INFO - Processing file /home/airflow/.local/lib/python3.12/site-packages/airflow/example_dags/example_latest_only.py for tasks to queue
[2025-02-01T14:55:36.166+0000] {logging_mixin.py:190} INFO - [2025-02-01T14:55:36.166+0000] {dagbag.py:588} INFO - Filling up the DagBag from /home/airflow/.local/lib/python3.12/site-packages/airflow/example_dags/example_latest_only.py
[2025-02-01T14:55:36.170+0000] {processor.py:925} INFO - DAG(s) 'latest_only' retrieved from /home/airflow/.local/lib/python3.12/site-packages/airflow/example_dags/example_latest_only.py
[2025-02-01T14:55:36.181+0000] {logging_mixin.py:190} INFO - [2025-02-01T14:55:36.181+0000] {dag.py:3239} INFO - Sync 1 DAGs
[2025-02-01T14:55:36.191+0000] {logging_mixin.py:190} INFO - [2025-02-01T14:55:36.191+0000] {dag.py:4180} INFO - Setting next_dagrun for latest_only to 2025-02-01 08:00:00+00:00, run_after=2025-02-01 12:00:00+00:00
[2025-02-01T14:55:36.205+0000] {processor.py:208} INFO - Processing /home/airflow/.local/lib/python3.12/site-packages/airflow/example_dags/example_latest_only.py took 0.043 seconds
[2025-02-01T14:56:07.287+0000] {processor.py:186} INFO - Started process (PID=1429) to work on /home/airflow/.local/lib/python3.12/site-packages/airflow/example_dags/example_latest_only.py
[2025-02-01T14:56:07.290+0000] {processor.py:914} INFO - Processing file /home/airflow/.local/lib/python3.12/site-packages/airflow/example_dags/example_latest_only.py for tasks to queue
[2025-02-01T14:56:07.292+0000] {logging_mixin.py:190} INFO - [2025-02-01T14:56:07.292+0000] {dagbag.py:588} INFO - Filling up the DagBag from /home/airflow/.local/lib/python3.12/site-packages/airflow/example_dags/example_latest_only.py
[2025-02-01T14:56:07.298+0000] {processor.py:925} INFO - DAG(s) 'latest_only' retrieved from /home/airflow/.local/lib/python3.12/site-packages/airflow/example_dags/example_latest_only.py
[2025-02-01T14:56:07.310+0000] {logging_mixin.py:190} INFO - [2025-02-01T14:56:07.310+0000] {dag.py:3239} INFO - Sync 1 DAGs
[2025-02-01T14:56:07.321+0000] {logging_mixin.py:190} INFO - [2025-02-01T14:56:07.321+0000] {dag.py:4180} INFO - Setting next_dagrun for latest_only to 2025-02-01 08:00:00+00:00, run_after=2025-02-01 12:00:00+00:00
[2025-02-01T14:56:07.329+0000] {processor.py:208} INFO - Processing /home/airflow/.local/lib/python3.12/site-packages/airflow/example_dags/example_latest_only.py took 0.046 seconds
[2025-02-01T14:56:38.222+0000] {processor.py:186} INFO - Started process (PID=1495) to work on /home/airflow/.local/lib/python3.12/site-packages/airflow/example_dags/example_latest_only.py
[2025-02-01T14:56:38.222+0000] {processor.py:914} INFO - Processing file /home/airflow/.local/lib/python3.12/site-packages/airflow/example_dags/example_latest_only.py for tasks to queue
[2025-02-01T14:56:38.224+0000] {logging_mixin.py:190} INFO - [2025-02-01T14:56:38.224+0000] {dagbag.py:588} INFO - Filling up the DagBag from /home/airflow/.local/lib/python3.12/site-packages/airflow/example_dags/example_latest_only.py
[2025-02-01T14:56:38.227+0000] {processor.py:925} INFO - DAG(s) 'latest_only' retrieved from /home/airflow/.local/lib/python3.12/site-packages/airflow/example_dags/example_latest_only.py
[2025-02-01T14:56:38.238+0000] {logging_mixin.py:190} INFO - [2025-02-01T14:56:38.237+0000] {dag.py:3239} INFO - Sync 1 DAGs
[2025-02-01T14:56:38.251+0000] {logging_mixin.py:190} INFO - [2025-02-01T14:56:38.251+0000] {dag.py:4180} INFO - Setting next_dagrun for latest_only to 2025-02-01 08:00:00+00:00, run_after=2025-02-01 12:00:00+00:00
[2025-02-01T14:56:38.262+0000] {processor.py:208} INFO - Processing /home/airflow/.local/lib/python3.12/site-packages/airflow/example_dags/example_latest_only.py took 0.043 seconds
[2025-02-01T14:57:09.349+0000] {processor.py:186} INFO - Started process (PID=1561) to work on /home/airflow/.local/lib/python3.12/site-packages/airflow/example_dags/example_latest_only.py
[2025-02-01T14:57:09.350+0000] {processor.py:914} INFO - Processing file /home/airflow/.local/lib/python3.12/site-packages/airflow/example_dags/example_latest_only.py for tasks to queue
[2025-02-01T14:57:09.351+0000] {logging_mixin.py:190} INFO - [2025-02-01T14:57:09.351+0000] {dagbag.py:588} INFO - Filling up the DagBag from /home/airflow/.local/lib/python3.12/site-packages/airflow/example_dags/example_latest_only.py
[2025-02-01T14:57:09.354+0000] {processor.py:925} INFO - DAG(s) 'latest_only' retrieved from /home/airflow/.local/lib/python3.12/site-packages/airflow/example_dags/example_latest_only.py
[2025-02-01T14:57:09.366+0000] {logging_mixin.py:190} INFO - [2025-02-01T14:57:09.365+0000] {dag.py:3239} INFO - Sync 1 DAGs
[2025-02-01T14:57:09.379+0000] {logging_mixin.py:190} INFO - [2025-02-01T14:57:09.379+0000] {dag.py:4180} INFO - Setting next_dagrun for latest_only to 2025-02-01 08:00:00+00:00, run_after=2025-02-01 12:00:00+00:00
[2025-02-01T14:57:09.391+0000] {processor.py:208} INFO - Processing /home/airflow/.local/lib/python3.12/site-packages/airflow/example_dags/example_latest_only.py took 0.045 seconds
[2025-02-01T14:57:40.425+0000] {processor.py:186} INFO - Started process (PID=1627) to work on /home/airflow/.local/lib/python3.12/site-packages/airflow/example_dags/example_latest_only.py
[2025-02-01T14:57:40.425+0000] {processor.py:914} INFO - Processing file /home/airflow/.local/lib/python3.12/site-packages/airflow/example_dags/example_latest_only.py for tasks to queue
[2025-02-01T14:57:40.426+0000] {logging_mixin.py:190} INFO - [2025-02-01T14:57:40.426+0000] {dagbag.py:588} INFO - Filling up the DagBag from /home/airflow/.local/lib/python3.12/site-packages/airflow/example_dags/example_latest_only.py
[2025-02-01T14:57:40.430+0000] {processor.py:925} INFO - DAG(s) 'latest_only' retrieved from /home/airflow/.local/lib/python3.12/site-packages/airflow/example_dags/example_latest_only.py
[2025-02-01T14:57:40.445+0000] {logging_mixin.py:190} INFO - [2025-02-01T14:57:40.445+0000] {dag.py:3239} INFO - Sync 1 DAGs
[2025-02-01T14:57:40.460+0000] {logging_mixin.py:190} INFO - [2025-02-01T14:57:40.460+0000] {dag.py:4180} INFO - Setting next_dagrun for latest_only to 2025-02-01 08:00:00+00:00, run_after=2025-02-01 12:00:00+00:00
[2025-02-01T14:57:40.478+0000] {processor.py:208} INFO - Processing /home/airflow/.local/lib/python3.12/site-packages/airflow/example_dags/example_latest_only.py took 0.056 seconds
[2025-02-01T14:58:11.197+0000] {processor.py:186} INFO - Started process (PID=1693) to work on /home/airflow/.local/lib/python3.12/site-packages/airflow/example_dags/example_latest_only.py
[2025-02-01T14:58:11.199+0000] {processor.py:914} INFO - Processing file /home/airflow/.local/lib/python3.12/site-packages/airflow/example_dags/example_latest_only.py for tasks to queue
[2025-02-01T14:58:11.202+0000] {logging_mixin.py:190} INFO - [2025-02-01T14:58:11.200+0000] {dagbag.py:588} INFO - Filling up the DagBag from /home/airflow/.local/lib/python3.12/site-packages/airflow/example_dags/example_latest_only.py
[2025-02-01T14:58:11.206+0000] {processor.py:925} INFO - DAG(s) 'latest_only' retrieved from /home/airflow/.local/lib/python3.12/site-packages/airflow/example_dags/example_latest_only.py
[2025-02-01T14:58:11.221+0000] {logging_mixin.py:190} INFO - [2025-02-01T14:58:11.220+0000] {dag.py:3239} INFO - Sync 1 DAGs
[2025-02-01T14:58:11.234+0000] {logging_mixin.py:190} INFO - [2025-02-01T14:58:11.233+0000] {dag.py:4180} INFO - Setting next_dagrun for latest_only to 2025-02-01 08:00:00+00:00, run_after=2025-02-01 12:00:00+00:00
[2025-02-01T14:58:11.240+0000] {processor.py:208} INFO - Processing /home/airflow/.local/lib/python3.12/site-packages/airflow/example_dags/example_latest_only.py took 0.047 seconds
[2025-02-01T14:58:41.983+0000] {processor.py:186} INFO - Started process (PID=1759) to work on /home/airflow/.local/lib/python3.12/site-packages/airflow/example_dags/example_latest_only.py
[2025-02-01T14:58:41.984+0000] {processor.py:914} INFO - Processing file /home/airflow/.local/lib/python3.12/site-packages/airflow/example_dags/example_latest_only.py for tasks to queue
[2025-02-01T14:58:41.985+0000] {logging_mixin.py:190} INFO - [2025-02-01T14:58:41.985+0000] {dagbag.py:588} INFO - Filling up the DagBag from /home/airflow/.local/lib/python3.12/site-packages/airflow/example_dags/example_latest_only.py
[2025-02-01T14:58:41.988+0000] {processor.py:925} INFO - DAG(s) 'latest_only' retrieved from /home/airflow/.local/lib/python3.12/site-packages/airflow/example_dags/example_latest_only.py
[2025-02-01T14:58:42.000+0000] {logging_mixin.py:190} INFO - [2025-02-01T14:58:42.000+0000] {dag.py:3239} INFO - Sync 1 DAGs
[2025-02-01T14:58:42.011+0000] {logging_mixin.py:190} INFO - [2025-02-01T14:58:42.011+0000] {dag.py:4180} INFO - Setting next_dagrun for latest_only to 2025-02-01 08:00:00+00:00, run_after=2025-02-01 12:00:00+00:00
[2025-02-01T14:58:42.019+0000] {processor.py:208} INFO - Processing /home/airflow/.local/lib/python3.12/site-packages/airflow/example_dags/example_latest_only.py took 0.038 seconds
[2025-02-01T14:59:13.079+0000] {processor.py:186} INFO - Started process (PID=1825) to work on /home/airflow/.local/lib/python3.12/site-packages/airflow/example_dags/example_latest_only.py
[2025-02-01T14:59:13.081+0000] {processor.py:914} INFO - Processing file /home/airflow/.local/lib/python3.12/site-packages/airflow/example_dags/example_latest_only.py for tasks to queue
[2025-02-01T14:59:13.082+0000] {logging_mixin.py:190} INFO - [2025-02-01T14:59:13.082+0000] {dagbag.py:588} INFO - Filling up the DagBag from /home/airflow/.local/lib/python3.12/site-packages/airflow/example_dags/example_latest_only.py
[2025-02-01T14:59:13.087+0000] {processor.py:925} INFO - DAG(s) 'latest_only' retrieved from /home/airflow/.local/lib/python3.12/site-packages/airflow/example_dags/example_latest_only.py
[2025-02-01T14:59:13.100+0000] {logging_mixin.py:190} INFO - [2025-02-01T14:59:13.100+0000] {dag.py:3239} INFO - Sync 1 DAGs
[2025-02-01T14:59:13.120+0000] {logging_mixin.py:190} INFO - [2025-02-01T14:59:13.119+0000] {dag.py:4180} INFO - Setting next_dagrun for latest_only to 2025-02-01 08:00:00+00:00, run_after=2025-02-01 12:00:00+00:00
[2025-02-01T14:59:13.136+0000] {processor.py:208} INFO - Processing /home/airflow/.local/lib/python3.12/site-packages/airflow/example_dags/example_latest_only.py took 0.062 seconds
[2025-02-01T14:59:44.294+0000] {processor.py:186} INFO - Started process (PID=1891) to work on /home/airflow/.local/lib/python3.12/site-packages/airflow/example_dags/example_latest_only.py
[2025-02-01T14:59:44.295+0000] {processor.py:914} INFO - Processing file /home/airflow/.local/lib/python3.12/site-packages/airflow/example_dags/example_latest_only.py for tasks to queue
[2025-02-01T14:59:44.296+0000] {logging_mixin.py:190} INFO - [2025-02-01T14:59:44.296+0000] {dagbag.py:588} INFO - Filling up the DagBag from /home/airflow/.local/lib/python3.12/site-packages/airflow/example_dags/example_latest_only.py
[2025-02-01T14:59:44.299+0000] {processor.py:925} INFO - DAG(s) 'latest_only' retrieved from /home/airflow/.local/lib/python3.12/site-packages/airflow/example_dags/example_latest_only.py
[2025-02-01T14:59:44.308+0000] {logging_mixin.py:190} INFO - [2025-02-01T14:59:44.308+0000] {dag.py:3239} INFO - Sync 1 DAGs
[2025-02-01T14:59:44.317+0000] {logging_mixin.py:190} INFO - [2025-02-01T14:59:44.317+0000] {dag.py:4180} INFO - Setting next_dagrun for latest_only to 2025-02-01 08:00:00+00:00, run_after=2025-02-01 12:00:00+00:00
[2025-02-01T14:59:44.323+0000] {processor.py:208} INFO - Processing /home/airflow/.local/lib/python3.12/site-packages/airflow/example_dags/example_latest_only.py took 0.031 seconds
[2025-02-01T15:00:15.564+0000] {processor.py:186} INFO - Started process (PID=1957) to work on /home/airflow/.local/lib/python3.12/site-packages/airflow/example_dags/example_latest_only.py
[2025-02-01T15:00:15.565+0000] {processor.py:914} INFO - Processing file /home/airflow/.local/lib/python3.12/site-packages/airflow/example_dags/example_latest_only.py for tasks to queue
[2025-02-01T15:00:15.566+0000] {logging_mixin.py:190} INFO - [2025-02-01T15:00:15.565+0000] {dagbag.py:588} INFO - Filling up the DagBag from /home/airflow/.local/lib/python3.12/site-packages/airflow/example_dags/example_latest_only.py
[2025-02-01T15:00:15.569+0000] {processor.py:925} INFO - DAG(s) 'latest_only' retrieved from /home/airflow/.local/lib/python3.12/site-packages/airflow/example_dags/example_latest_only.py
[2025-02-01T15:00:15.578+0000] {logging_mixin.py:190} INFO - [2025-02-01T15:00:15.578+0000] {dag.py:3239} INFO - Sync 1 DAGs
[2025-02-01T15:00:15.589+0000] {logging_mixin.py:190} INFO - [2025-02-01T15:00:15.589+0000] {dag.py:4180} INFO - Setting next_dagrun for latest_only to 2025-02-01 08:00:00+00:00, run_after=2025-02-01 12:00:00+00:00
[2025-02-01T15:00:15.595+0000] {processor.py:208} INFO - Processing /home/airflow/.local/lib/python3.12/site-packages/airflow/example_dags/example_latest_only.py took 0.034 seconds
[2025-02-01T15:00:46.895+0000] {processor.py:186} INFO - Started process (PID=2023) to work on /home/airflow/.local/lib/python3.12/site-packages/airflow/example_dags/example_latest_only.py
[2025-02-01T15:00:46.897+0000] {processor.py:914} INFO - Processing file /home/airflow/.local/lib/python3.12/site-packages/airflow/example_dags/example_latest_only.py for tasks to queue
[2025-02-01T15:00:46.898+0000] {logging_mixin.py:190} INFO - [2025-02-01T15:00:46.898+0000] {dagbag.py:588} INFO - Filling up the DagBag from /home/airflow/.local/lib/python3.12/site-packages/airflow/example_dags/example_latest_only.py
[2025-02-01T15:00:46.903+0000] {processor.py:925} INFO - DAG(s) 'latest_only' retrieved from /home/airflow/.local/lib/python3.12/site-packages/airflow/example_dags/example_latest_only.py
[2025-02-01T15:00:46.912+0000] {logging_mixin.py:190} INFO - [2025-02-01T15:00:46.912+0000] {dag.py:3239} INFO - Sync 1 DAGs
[2025-02-01T15:00:46.923+0000] {logging_mixin.py:190} INFO - [2025-02-01T15:00:46.923+0000] {dag.py:4180} INFO - Setting next_dagrun for latest_only to 2025-02-01 08:00:00+00:00, run_after=2025-02-01 12:00:00+00:00
[2025-02-01T15:00:46.935+0000] {processor.py:208} INFO - Processing /home/airflow/.local/lib/python3.12/site-packages/airflow/example_dags/example_latest_only.py took 0.042 seconds
[2025-02-01T15:01:18.316+0000] {processor.py:186} INFO - Started process (PID=2095) to work on /home/airflow/.local/lib/python3.12/site-packages/airflow/example_dags/example_latest_only.py
[2025-02-01T15:01:18.316+0000] {processor.py:914} INFO - Processing file /home/airflow/.local/lib/python3.12/site-packages/airflow/example_dags/example_latest_only.py for tasks to queue
[2025-02-01T15:01:18.317+0000] {logging_mixin.py:190} INFO - [2025-02-01T15:01:18.317+0000] {dagbag.py:588} INFO - Filling up the DagBag from /home/airflow/.local/lib/python3.12/site-packages/airflow/example_dags/example_latest_only.py
[2025-02-01T15:01:18.321+0000] {processor.py:925} INFO - DAG(s) 'latest_only' retrieved from /home/airflow/.local/lib/python3.12/site-packages/airflow/example_dags/example_latest_only.py
[2025-02-01T15:01:18.330+0000] {logging_mixin.py:190} INFO - [2025-02-01T15:01:18.330+0000] {dag.py:3239} INFO - Sync 1 DAGs
[2025-02-01T15:01:18.339+0000] {logging_mixin.py:190} INFO - [2025-02-01T15:01:18.339+0000] {dag.py:4180} INFO - Setting next_dagrun for latest_only to 2025-02-01 08:00:00+00:00, run_after=2025-02-01 12:00:00+00:00
[2025-02-01T15:01:18.345+0000] {processor.py:208} INFO - Processing /home/airflow/.local/lib/python3.12/site-packages/airflow/example_dags/example_latest_only.py took 0.032 seconds
[2025-02-01T15:01:49.460+0000] {processor.py:186} INFO - Started process (PID=2161) to work on /home/airflow/.local/lib/python3.12/site-packages/airflow/example_dags/example_latest_only.py
[2025-02-01T15:01:49.461+0000] {processor.py:914} INFO - Processing file /home/airflow/.local/lib/python3.12/site-packages/airflow/example_dags/example_latest_only.py for tasks to queue
[2025-02-01T15:01:49.462+0000] {logging_mixin.py:190} INFO - [2025-02-01T15:01:49.462+0000] {dagbag.py:588} INFO - Filling up the DagBag from /home/airflow/.local/lib/python3.12/site-packages/airflow/example_dags/example_latest_only.py
[2025-02-01T15:01:49.467+0000] {processor.py:925} INFO - DAG(s) 'latest_only' retrieved from /home/airflow/.local/lib/python3.12/site-packages/airflow/example_dags/example_latest_only.py
[2025-02-01T15:01:49.478+0000] {logging_mixin.py:190} INFO - [2025-02-01T15:01:49.478+0000] {dag.py:3239} INFO - Sync 1 DAGs
[2025-02-01T15:01:49.491+0000] {logging_mixin.py:190} INFO - [2025-02-01T15:01:49.491+0000] {dag.py:4180} INFO - Setting next_dagrun for latest_only to 2025-02-01 08:00:00+00:00, run_after=2025-02-01 12:00:00+00:00
[2025-02-01T15:01:49.505+0000] {processor.py:208} INFO - Processing /home/airflow/.local/lib/python3.12/site-packages/airflow/example_dags/example_latest_only.py took 0.047 seconds
[2025-02-01T15:02:20.114+0000] {processor.py:186} INFO - Started process (PID=2227) to work on /home/airflow/.local/lib/python3.12/site-packages/airflow/example_dags/example_latest_only.py
[2025-02-01T15:02:20.114+0000] {processor.py:914} INFO - Processing file /home/airflow/.local/lib/python3.12/site-packages/airflow/example_dags/example_latest_only.py for tasks to queue
[2025-02-01T15:02:20.115+0000] {logging_mixin.py:190} INFO - [2025-02-01T15:02:20.115+0000] {dagbag.py:588} INFO - Filling up the DagBag from /home/airflow/.local/lib/python3.12/site-packages/airflow/example_dags/example_latest_only.py
[2025-02-01T15:02:20.119+0000] {processor.py:925} INFO - DAG(s) 'latest_only' retrieved from /home/airflow/.local/lib/python3.12/site-packages/airflow/example_dags/example_latest_only.py
[2025-02-01T15:02:20.128+0000] {logging_mixin.py:190} INFO - [2025-02-01T15:02:20.127+0000] {dag.py:3239} INFO - Sync 1 DAGs
[2025-02-01T15:02:20.138+0000] {logging_mixin.py:190} INFO - [2025-02-01T15:02:20.138+0000] {dag.py:4180} INFO - Setting next_dagrun for latest_only to 2025-02-01 08:00:00+00:00, run_after=2025-02-01 12:00:00+00:00
[2025-02-01T15:02:20.149+0000] {processor.py:208} INFO - Processing /home/airflow/.local/lib/python3.12/site-packages/airflow/example_dags/example_latest_only.py took 0.038 seconds
[2025-02-01T15:02:51.302+0000] {processor.py:186} INFO - Started process (PID=2293) to work on /home/airflow/.local/lib/python3.12/site-packages/airflow/example_dags/example_latest_only.py
[2025-02-01T15:02:51.302+0000] {processor.py:914} INFO - Processing file /home/airflow/.local/lib/python3.12/site-packages/airflow/example_dags/example_latest_only.py for tasks to queue
[2025-02-01T15:02:51.303+0000] {logging_mixin.py:190} INFO - [2025-02-01T15:02:51.303+0000] {dagbag.py:588} INFO - Filling up the DagBag from /home/airflow/.local/lib/python3.12/site-packages/airflow/example_dags/example_latest_only.py
[2025-02-01T15:02:51.309+0000] {processor.py:925} INFO - DAG(s) 'latest_only' retrieved from /home/airflow/.local/lib/python3.12/site-packages/airflow/example_dags/example_latest_only.py
[2025-02-01T15:02:51.328+0000] {logging_mixin.py:190} INFO - [2025-02-01T15:02:51.328+0000] {dag.py:3239} INFO - Sync 1 DAGs
[2025-02-01T15:02:51.341+0000] {logging_mixin.py:190} INFO - [2025-02-01T15:02:51.341+0000] {dag.py:4180} INFO - Setting next_dagrun for latest_only to 2025-02-01 08:00:00+00:00, run_after=2025-02-01 12:00:00+00:00
[2025-02-01T15:02:51.353+0000] {processor.py:208} INFO - Processing /home/airflow/.local/lib/python3.12/site-packages/airflow/example_dags/example_latest_only.py took 0.055 seconds
[2025-02-01T15:03:22.430+0000] {processor.py:186} INFO - Started process (PID=2359) to work on /home/airflow/.local/lib/python3.12/site-packages/airflow/example_dags/example_latest_only.py
[2025-02-01T15:03:22.430+0000] {processor.py:914} INFO - Processing file /home/airflow/.local/lib/python3.12/site-packages/airflow/example_dags/example_latest_only.py for tasks to queue
[2025-02-01T15:03:22.431+0000] {logging_mixin.py:190} INFO - [2025-02-01T15:03:22.431+0000] {dagbag.py:588} INFO - Filling up the DagBag from /home/airflow/.local/lib/python3.12/site-packages/airflow/example_dags/example_latest_only.py
[2025-02-01T15:03:22.435+0000] {processor.py:925} INFO - DAG(s) 'latest_only' retrieved from /home/airflow/.local/lib/python3.12/site-packages/airflow/example_dags/example_latest_only.py
[2025-02-01T15:03:22.444+0000] {logging_mixin.py:190} INFO - [2025-02-01T15:03:22.444+0000] {dag.py:3239} INFO - Sync 1 DAGs
[2025-02-01T15:03:22.454+0000] {logging_mixin.py:190} INFO - [2025-02-01T15:03:22.454+0000] {dag.py:4180} INFO - Setting next_dagrun for latest_only to 2025-02-01 08:00:00+00:00, run_after=2025-02-01 12:00:00+00:00
[2025-02-01T15:03:22.461+0000] {processor.py:208} INFO - Processing /home/airflow/.local/lib/python3.12/site-packages/airflow/example_dags/example_latest_only.py took 0.033 seconds
[2025-02-01T15:03:53.502+0000] {processor.py:186} INFO - Started process (PID=2426) to work on /home/airflow/.local/lib/python3.12/site-packages/airflow/example_dags/example_latest_only.py
[2025-02-01T15:03:53.505+0000] {processor.py:914} INFO - Processing file /home/airflow/.local/lib/python3.12/site-packages/airflow/example_dags/example_latest_only.py for tasks to queue
[2025-02-01T15:03:53.507+0000] {logging_mixin.py:190} INFO - [2025-02-01T15:03:53.507+0000] {dagbag.py:588} INFO - Filling up the DagBag from /home/airflow/.local/lib/python3.12/site-packages/airflow/example_dags/example_latest_only.py
[2025-02-01T15:03:53.511+0000] {processor.py:925} INFO - DAG(s) 'latest_only' retrieved from /home/airflow/.local/lib/python3.12/site-packages/airflow/example_dags/example_latest_only.py
[2025-02-01T15:03:53.524+0000] {logging_mixin.py:190} INFO - [2025-02-01T15:03:53.524+0000] {dag.py:3239} INFO - Sync 1 DAGs
[2025-02-01T15:03:53.537+0000] {logging_mixin.py:190} INFO - [2025-02-01T15:03:53.537+0000] {dag.py:4180} INFO - Setting next_dagrun for latest_only to 2025-02-01 08:00:00+00:00, run_after=2025-02-01 12:00:00+00:00
[2025-02-01T15:03:53.544+0000] {processor.py:208} INFO - Processing /home/airflow/.local/lib/python3.12/site-packages/airflow/example_dags/example_latest_only.py took 0.046 seconds
[2025-02-01T15:04:24.918+0000] {processor.py:186} INFO - Started process (PID=2492) to work on /home/airflow/.local/lib/python3.12/site-packages/airflow/example_dags/example_latest_only.py
[2025-02-01T15:04:24.919+0000] {processor.py:914} INFO - Processing file /home/airflow/.local/lib/python3.12/site-packages/airflow/example_dags/example_latest_only.py for tasks to queue
[2025-02-01T15:04:24.920+0000] {logging_mixin.py:190} INFO - [2025-02-01T15:04:24.920+0000] {dagbag.py:588} INFO - Filling up the DagBag from /home/airflow/.local/lib/python3.12/site-packages/airflow/example_dags/example_latest_only.py
[2025-02-01T15:04:24.923+0000] {processor.py:925} INFO - DAG(s) 'latest_only' retrieved from /home/airflow/.local/lib/python3.12/site-packages/airflow/example_dags/example_latest_only.py
[2025-02-01T15:04:24.931+0000] {logging_mixin.py:190} INFO - [2025-02-01T15:04:24.931+0000] {dag.py:3239} INFO - Sync 1 DAGs
[2025-02-01T15:04:24.941+0000] {logging_mixin.py:190} INFO - [2025-02-01T15:04:24.941+0000] {dag.py:4180} INFO - Setting next_dagrun for latest_only to 2025-02-01 08:00:00+00:00, run_after=2025-02-01 12:00:00+00:00
[2025-02-01T15:04:24.949+0000] {processor.py:208} INFO - Processing /home/airflow/.local/lib/python3.12/site-packages/airflow/example_dags/example_latest_only.py took 0.034 seconds
[2025-02-01T15:04:56.147+0000] {processor.py:186} INFO - Started process (PID=2558) to work on /home/airflow/.local/lib/python3.12/site-packages/airflow/example_dags/example_latest_only.py
[2025-02-01T15:04:56.148+0000] {processor.py:914} INFO - Processing file /home/airflow/.local/lib/python3.12/site-packages/airflow/example_dags/example_latest_only.py for tasks to queue
[2025-02-01T15:04:56.149+0000] {logging_mixin.py:190} INFO - [2025-02-01T15:04:56.149+0000] {dagbag.py:588} INFO - Filling up the DagBag from /home/airflow/.local/lib/python3.12/site-packages/airflow/example_dags/example_latest_only.py
[2025-02-01T15:04:56.153+0000] {processor.py:925} INFO - DAG(s) 'latest_only' retrieved from /home/airflow/.local/lib/python3.12/site-packages/airflow/example_dags/example_latest_only.py
[2025-02-01T15:04:56.163+0000] {logging_mixin.py:190} INFO - [2025-02-01T15:04:56.163+0000] {dag.py:3239} INFO - Sync 1 DAGs
[2025-02-01T15:04:56.173+0000] {logging_mixin.py:190} INFO - [2025-02-01T15:04:56.173+0000] {dag.py:4180} INFO - Setting next_dagrun for latest_only to 2025-02-01 08:00:00+00:00, run_after=2025-02-01 12:00:00+00:00
[2025-02-01T15:04:56.180+0000] {processor.py:208} INFO - Processing /home/airflow/.local/lib/python3.12/site-packages/airflow/example_dags/example_latest_only.py took 0.035 seconds
[2025-02-01T15:05:26.714+0000] {processor.py:186} INFO - Started process (PID=2624) to work on /home/airflow/.local/lib/python3.12/site-packages/airflow/example_dags/example_latest_only.py
[2025-02-01T15:05:26.717+0000] {processor.py:914} INFO - Processing file /home/airflow/.local/lib/python3.12/site-packages/airflow/example_dags/example_latest_only.py for tasks to queue
[2025-02-01T15:05:26.718+0000] {logging_mixin.py:190} INFO - [2025-02-01T15:05:26.718+0000] {dagbag.py:588} INFO - Filling up the DagBag from /home/airflow/.local/lib/python3.12/site-packages/airflow/example_dags/example_latest_only.py
[2025-02-01T15:05:26.722+0000] {processor.py:925} INFO - DAG(s) 'latest_only' retrieved from /home/airflow/.local/lib/python3.12/site-packages/airflow/example_dags/example_latest_only.py
[2025-02-01T15:05:26.732+0000] {logging_mixin.py:190} INFO - [2025-02-01T15:05:26.731+0000] {dag.py:3239} INFO - Sync 1 DAGs
[2025-02-01T15:05:26.743+0000] {logging_mixin.py:190} INFO - [2025-02-01T15:05:26.743+0000] {dag.py:4180} INFO - Setting next_dagrun for latest_only to 2025-02-01 08:00:00+00:00, run_after=2025-02-01 12:00:00+00:00
[2025-02-01T15:05:26.755+0000] {processor.py:208} INFO - Processing /home/airflow/.local/lib/python3.12/site-packages/airflow/example_dags/example_latest_only.py took 0.043 seconds
[2025-02-01T15:05:58.497+0000] {processor.py:186} INFO - Started process (PID=2690) to work on /home/airflow/.local/lib/python3.12/site-packages/airflow/example_dags/example_latest_only.py
[2025-02-01T15:05:58.497+0000] {processor.py:914} INFO - Processing file /home/airflow/.local/lib/python3.12/site-packages/airflow/example_dags/example_latest_only.py for tasks to queue
[2025-02-01T15:05:58.498+0000] {logging_mixin.py:190} INFO - [2025-02-01T15:05:58.498+0000] {dagbag.py:588} INFO - Filling up the DagBag from /home/airflow/.local/lib/python3.12/site-packages/airflow/example_dags/example_latest_only.py
[2025-02-01T15:05:58.502+0000] {processor.py:925} INFO - DAG(s) 'latest_only' retrieved from /home/airflow/.local/lib/python3.12/site-packages/airflow/example_dags/example_latest_only.py
[2025-02-01T15:05:58.511+0000] {logging_mixin.py:190} INFO - [2025-02-01T15:05:58.511+0000] {dag.py:3239} INFO - Sync 1 DAGs
[2025-02-01T15:05:58.520+0000] {logging_mixin.py:190} INFO - [2025-02-01T15:05:58.520+0000] {dag.py:4180} INFO - Setting next_dagrun for latest_only to 2025-02-01 08:00:00+00:00, run_after=2025-02-01 12:00:00+00:00
[2025-02-01T15:05:58.526+0000] {processor.py:208} INFO - Processing /home/airflow/.local/lib/python3.12/site-packages/airflow/example_dags/example_latest_only.py took 0.033 seconds
[2025-02-01T15:06:29.127+0000] {processor.py:186} INFO - Started process (PID=2756) to work on /home/airflow/.local/lib/python3.12/site-packages/airflow/example_dags/example_latest_only.py
[2025-02-01T15:06:29.127+0000] {processor.py:914} INFO - Processing file /home/airflow/.local/lib/python3.12/site-packages/airflow/example_dags/example_latest_only.py for tasks to queue
[2025-02-01T15:06:29.128+0000] {logging_mixin.py:190} INFO - [2025-02-01T15:06:29.128+0000] {dagbag.py:588} INFO - Filling up the DagBag from /home/airflow/.local/lib/python3.12/site-packages/airflow/example_dags/example_latest_only.py
[2025-02-01T15:06:29.131+0000] {processor.py:925} INFO - DAG(s) 'latest_only' retrieved from /home/airflow/.local/lib/python3.12/site-packages/airflow/example_dags/example_latest_only.py
[2025-02-01T15:06:29.138+0000] {logging_mixin.py:190} INFO - [2025-02-01T15:06:29.137+0000] {dag.py:3239} INFO - Sync 1 DAGs
[2025-02-01T15:06:29.145+0000] {logging_mixin.py:190} INFO - [2025-02-01T15:06:29.145+0000] {dag.py:4180} INFO - Setting next_dagrun for latest_only to 2025-02-01 08:00:00+00:00, run_after=2025-02-01 12:00:00+00:00
[2025-02-01T15:06:29.150+0000] {processor.py:208} INFO - Processing /home/airflow/.local/lib/python3.12/site-packages/airflow/example_dags/example_latest_only.py took 0.025 seconds
