[2025-02-01T13:35:16.439+0000] {processor.py:186} INFO - Started process (PID=92) to work on /home/airflow/.local/lib/python3.12/site-packages/airflow/example_dags/example_task_group.py
[2025-02-01T13:35:16.440+0000] {processor.py:914} INFO - Processing file /home/airflow/.local/lib/python3.12/site-packages/airflow/example_dags/example_task_group.py for tasks to queue
[2025-02-01T13:35:16.443+0000] {logging_mixin.py:190} INFO - [2025-02-01T13:35:16.443+0000] {dagbag.py:588} INFO - Filling up the DagBag from /home/airflow/.local/lib/python3.12/site-packages/airflow/example_dags/example_task_group.py
[2025-02-01T13:35:16.454+0000] {processor.py:925} INFO - DAG(s) 'example_task_group' retrieved from /home/airflow/.local/lib/python3.12/site-packages/airflow/example_dags/example_task_group.py
[2025-02-01T13:35:16.509+0000] {logging_mixin.py:190} INFO - [2025-02-01T13:35:16.509+0000] {dag.py:3239} INFO - Sync 1 DAGs
[2025-02-01T13:35:16.520+0000] {logging_mixin.py:190} INFO - [2025-02-01T13:35:16.520+0000] {dag.py:4180} INFO - Setting next_dagrun for example_task_group to None, run_after=None
[2025-02-01T13:35:16.548+0000] {processor.py:208} INFO - Processing /home/airflow/.local/lib/python3.12/site-packages/airflow/example_dags/example_task_group.py took 0.115 seconds
[2025-02-01T13:35:46.941+0000] {processor.py:186} INFO - Started process (PID=158) to work on /home/airflow/.local/lib/python3.12/site-packages/airflow/example_dags/example_task_group.py
[2025-02-01T13:35:46.942+0000] {processor.py:914} INFO - Processing file /home/airflow/.local/lib/python3.12/site-packages/airflow/example_dags/example_task_group.py for tasks to queue
[2025-02-01T13:35:46.944+0000] {logging_mixin.py:190} INFO - [2025-02-01T13:35:46.943+0000] {dagbag.py:588} INFO - Filling up the DagBag from /home/airflow/.local/lib/python3.12/site-packages/airflow/example_dags/example_task_group.py
[2025-02-01T13:35:46.950+0000] {processor.py:925} INFO - DAG(s) 'example_task_group' retrieved from /home/airflow/.local/lib/python3.12/site-packages/airflow/example_dags/example_task_group.py
[2025-02-01T13:35:46.962+0000] {logging_mixin.py:190} INFO - [2025-02-01T13:35:46.961+0000] {dag.py:3239} INFO - Sync 1 DAGs
[2025-02-01T13:35:46.971+0000] {logging_mixin.py:190} INFO - [2025-02-01T13:35:46.971+0000] {dag.py:4180} INFO - Setting next_dagrun for example_task_group to None, run_after=None
[2025-02-01T13:35:46.985+0000] {processor.py:208} INFO - Processing /home/airflow/.local/lib/python3.12/site-packages/airflow/example_dags/example_task_group.py took 0.048 seconds
[2025-02-01T13:36:17.837+0000] {processor.py:186} INFO - Started process (PID=224) to work on /home/airflow/.local/lib/python3.12/site-packages/airflow/example_dags/example_task_group.py
[2025-02-01T13:36:17.839+0000] {processor.py:914} INFO - Processing file /home/airflow/.local/lib/python3.12/site-packages/airflow/example_dags/example_task_group.py for tasks to queue
[2025-02-01T13:36:17.842+0000] {logging_mixin.py:190} INFO - [2025-02-01T13:36:17.842+0000] {dagbag.py:588} INFO - Filling up the DagBag from /home/airflow/.local/lib/python3.12/site-packages/airflow/example_dags/example_task_group.py
[2025-02-01T13:36:17.853+0000] {processor.py:925} INFO - DAG(s) 'example_task_group' retrieved from /home/airflow/.local/lib/python3.12/site-packages/airflow/example_dags/example_task_group.py
[2025-02-01T13:36:17.877+0000] {logging_mixin.py:190} INFO - [2025-02-01T13:36:17.876+0000] {dag.py:3239} INFO - Sync 1 DAGs
[2025-02-01T13:36:17.893+0000] {logging_mixin.py:190} INFO - [2025-02-01T13:36:17.893+0000] {dag.py:4180} INFO - Setting next_dagrun for example_task_group to None, run_after=None
[2025-02-01T13:36:17.933+0000] {processor.py:208} INFO - Processing /home/airflow/.local/lib/python3.12/site-packages/airflow/example_dags/example_task_group.py took 0.100 seconds
[2025-02-01T13:36:48.754+0000] {processor.py:186} INFO - Started process (PID=290) to work on /home/airflow/.local/lib/python3.12/site-packages/airflow/example_dags/example_task_group.py
[2025-02-01T13:36:48.755+0000] {processor.py:914} INFO - Processing file /home/airflow/.local/lib/python3.12/site-packages/airflow/example_dags/example_task_group.py for tasks to queue
[2025-02-01T13:36:48.757+0000] {logging_mixin.py:190} INFO - [2025-02-01T13:36:48.757+0000] {dagbag.py:588} INFO - Filling up the DagBag from /home/airflow/.local/lib/python3.12/site-packages/airflow/example_dags/example_task_group.py
[2025-02-01T13:36:48.762+0000] {processor.py:925} INFO - DAG(s) 'example_task_group' retrieved from /home/airflow/.local/lib/python3.12/site-packages/airflow/example_dags/example_task_group.py
[2025-02-01T13:36:48.780+0000] {logging_mixin.py:190} INFO - [2025-02-01T13:36:48.780+0000] {dag.py:3239} INFO - Sync 1 DAGs
[2025-02-01T13:36:48.790+0000] {logging_mixin.py:190} INFO - [2025-02-01T13:36:48.789+0000] {dag.py:4180} INFO - Setting next_dagrun for example_task_group to None, run_after=None
[2025-02-01T13:36:48.806+0000] {processor.py:208} INFO - Processing /home/airflow/.local/lib/python3.12/site-packages/airflow/example_dags/example_task_group.py took 0.056 seconds
[2025-02-01T13:37:19.566+0000] {processor.py:186} INFO - Started process (PID=356) to work on /home/airflow/.local/lib/python3.12/site-packages/airflow/example_dags/example_task_group.py
[2025-02-01T13:37:19.567+0000] {processor.py:914} INFO - Processing file /home/airflow/.local/lib/python3.12/site-packages/airflow/example_dags/example_task_group.py for tasks to queue
[2025-02-01T13:37:19.569+0000] {logging_mixin.py:190} INFO - [2025-02-01T13:37:19.569+0000] {dagbag.py:588} INFO - Filling up the DagBag from /home/airflow/.local/lib/python3.12/site-packages/airflow/example_dags/example_task_group.py
[2025-02-01T13:37:19.577+0000] {processor.py:925} INFO - DAG(s) 'example_task_group' retrieved from /home/airflow/.local/lib/python3.12/site-packages/airflow/example_dags/example_task_group.py
[2025-02-01T13:37:19.598+0000] {logging_mixin.py:190} INFO - [2025-02-01T13:37:19.598+0000] {dag.py:3239} INFO - Sync 1 DAGs
[2025-02-01T13:37:19.610+0000] {logging_mixin.py:190} INFO - [2025-02-01T13:37:19.610+0000] {dag.py:4180} INFO - Setting next_dagrun for example_task_group to None, run_after=None
[2025-02-01T13:37:19.626+0000] {processor.py:208} INFO - Processing /home/airflow/.local/lib/python3.12/site-packages/airflow/example_dags/example_task_group.py took 0.063 seconds
[2025-02-01T13:37:50.039+0000] {processor.py:186} INFO - Started process (PID=422) to work on /home/airflow/.local/lib/python3.12/site-packages/airflow/example_dags/example_task_group.py
[2025-02-01T13:37:50.041+0000] {processor.py:914} INFO - Processing file /home/airflow/.local/lib/python3.12/site-packages/airflow/example_dags/example_task_group.py for tasks to queue
[2025-02-01T13:37:50.042+0000] {logging_mixin.py:190} INFO - [2025-02-01T13:37:50.042+0000] {dagbag.py:588} INFO - Filling up the DagBag from /home/airflow/.local/lib/python3.12/site-packages/airflow/example_dags/example_task_group.py
[2025-02-01T13:37:50.048+0000] {processor.py:925} INFO - DAG(s) 'example_task_group' retrieved from /home/airflow/.local/lib/python3.12/site-packages/airflow/example_dags/example_task_group.py
[2025-02-01T13:37:50.064+0000] {logging_mixin.py:190} INFO - [2025-02-01T13:37:50.064+0000] {dag.py:3239} INFO - Sync 1 DAGs
[2025-02-01T13:37:50.077+0000] {logging_mixin.py:190} INFO - [2025-02-01T13:37:50.077+0000] {dag.py:4180} INFO - Setting next_dagrun for example_task_group to None, run_after=None
[2025-02-01T13:37:50.097+0000] {processor.py:208} INFO - Processing /home/airflow/.local/lib/python3.12/site-packages/airflow/example_dags/example_task_group.py took 0.062 seconds
[2025-02-01T13:38:20.650+0000] {processor.py:186} INFO - Started process (PID=488) to work on /home/airflow/.local/lib/python3.12/site-packages/airflow/example_dags/example_task_group.py
[2025-02-01T13:38:20.651+0000] {processor.py:914} INFO - Processing file /home/airflow/.local/lib/python3.12/site-packages/airflow/example_dags/example_task_group.py for tasks to queue
[2025-02-01T13:38:20.652+0000] {logging_mixin.py:190} INFO - [2025-02-01T13:38:20.652+0000] {dagbag.py:588} INFO - Filling up the DagBag from /home/airflow/.local/lib/python3.12/site-packages/airflow/example_dags/example_task_group.py
[2025-02-01T13:38:20.657+0000] {processor.py:925} INFO - DAG(s) 'example_task_group' retrieved from /home/airflow/.local/lib/python3.12/site-packages/airflow/example_dags/example_task_group.py
[2025-02-01T13:38:20.669+0000] {logging_mixin.py:190} INFO - [2025-02-01T13:38:20.669+0000] {dag.py:3239} INFO - Sync 1 DAGs
[2025-02-01T13:38:20.676+0000] {logging_mixin.py:190} INFO - [2025-02-01T13:38:20.676+0000] {dag.py:4180} INFO - Setting next_dagrun for example_task_group to None, run_after=None
[2025-02-01T13:38:20.689+0000] {processor.py:208} INFO - Processing /home/airflow/.local/lib/python3.12/site-packages/airflow/example_dags/example_task_group.py took 0.041 seconds
[2025-02-01T13:38:51.555+0000] {processor.py:186} INFO - Started process (PID=554) to work on /home/airflow/.local/lib/python3.12/site-packages/airflow/example_dags/example_task_group.py
[2025-02-01T13:38:51.556+0000] {processor.py:914} INFO - Processing file /home/airflow/.local/lib/python3.12/site-packages/airflow/example_dags/example_task_group.py for tasks to queue
[2025-02-01T13:38:51.558+0000] {logging_mixin.py:190} INFO - [2025-02-01T13:38:51.557+0000] {dagbag.py:588} INFO - Filling up the DagBag from /home/airflow/.local/lib/python3.12/site-packages/airflow/example_dags/example_task_group.py
[2025-02-01T13:38:51.561+0000] {processor.py:925} INFO - DAG(s) 'example_task_group' retrieved from /home/airflow/.local/lib/python3.12/site-packages/airflow/example_dags/example_task_group.py
[2025-02-01T13:38:51.576+0000] {logging_mixin.py:190} INFO - [2025-02-01T13:38:51.576+0000] {dag.py:3239} INFO - Sync 1 DAGs
[2025-02-01T13:38:51.582+0000] {logging_mixin.py:190} INFO - [2025-02-01T13:38:51.582+0000] {dag.py:4180} INFO - Setting next_dagrun for example_task_group to None, run_after=None
[2025-02-01T13:38:51.598+0000] {processor.py:208} INFO - Processing /home/airflow/.local/lib/python3.12/site-packages/airflow/example_dags/example_task_group.py took 0.046 seconds
[2025-02-01T13:39:22.734+0000] {processor.py:186} INFO - Started process (PID=620) to work on /home/airflow/.local/lib/python3.12/site-packages/airflow/example_dags/example_task_group.py
[2025-02-01T13:39:22.735+0000] {processor.py:914} INFO - Processing file /home/airflow/.local/lib/python3.12/site-packages/airflow/example_dags/example_task_group.py for tasks to queue
[2025-02-01T13:39:22.736+0000] {logging_mixin.py:190} INFO - [2025-02-01T13:39:22.736+0000] {dagbag.py:588} INFO - Filling up the DagBag from /home/airflow/.local/lib/python3.12/site-packages/airflow/example_dags/example_task_group.py
[2025-02-01T13:39:22.740+0000] {processor.py:925} INFO - DAG(s) 'example_task_group' retrieved from /home/airflow/.local/lib/python3.12/site-packages/airflow/example_dags/example_task_group.py
[2025-02-01T13:39:22.754+0000] {logging_mixin.py:190} INFO - [2025-02-01T13:39:22.754+0000] {dag.py:3239} INFO - Sync 1 DAGs
[2025-02-01T13:39:22.761+0000] {logging_mixin.py:190} INFO - [2025-02-01T13:39:22.761+0000] {dag.py:4180} INFO - Setting next_dagrun for example_task_group to None, run_after=None
[2025-02-01T13:39:22.773+0000] {processor.py:208} INFO - Processing /home/airflow/.local/lib/python3.12/site-packages/airflow/example_dags/example_task_group.py took 0.042 seconds
[2025-02-01T13:39:53.292+0000] {processor.py:186} INFO - Started process (PID=686) to work on /home/airflow/.local/lib/python3.12/site-packages/airflow/example_dags/example_task_group.py
[2025-02-01T13:39:53.292+0000] {processor.py:914} INFO - Processing file /home/airflow/.local/lib/python3.12/site-packages/airflow/example_dags/example_task_group.py for tasks to queue
[2025-02-01T13:39:53.293+0000] {logging_mixin.py:190} INFO - [2025-02-01T13:39:53.293+0000] {dagbag.py:588} INFO - Filling up the DagBag from /home/airflow/.local/lib/python3.12/site-packages/airflow/example_dags/example_task_group.py
[2025-02-01T13:39:53.298+0000] {processor.py:925} INFO - DAG(s) 'example_task_group' retrieved from /home/airflow/.local/lib/python3.12/site-packages/airflow/example_dags/example_task_group.py
[2025-02-01T13:39:53.313+0000] {logging_mixin.py:190} INFO - [2025-02-01T13:39:53.312+0000] {dag.py:3239} INFO - Sync 1 DAGs
[2025-02-01T13:39:53.319+0000] {logging_mixin.py:190} INFO - [2025-02-01T13:39:53.319+0000] {dag.py:4180} INFO - Setting next_dagrun for example_task_group to None, run_after=None
[2025-02-01T13:39:53.334+0000] {processor.py:208} INFO - Processing /home/airflow/.local/lib/python3.12/site-packages/airflow/example_dags/example_task_group.py took 0.045 seconds
[2025-02-01T13:40:24.140+0000] {processor.py:186} INFO - Started process (PID=752) to work on /home/airflow/.local/lib/python3.12/site-packages/airflow/example_dags/example_task_group.py
[2025-02-01T13:40:24.140+0000] {processor.py:914} INFO - Processing file /home/airflow/.local/lib/python3.12/site-packages/airflow/example_dags/example_task_group.py for tasks to queue
[2025-02-01T13:40:24.141+0000] {logging_mixin.py:190} INFO - [2025-02-01T13:40:24.141+0000] {dagbag.py:588} INFO - Filling up the DagBag from /home/airflow/.local/lib/python3.12/site-packages/airflow/example_dags/example_task_group.py
[2025-02-01T13:40:24.146+0000] {processor.py:925} INFO - DAG(s) 'example_task_group' retrieved from /home/airflow/.local/lib/python3.12/site-packages/airflow/example_dags/example_task_group.py
[2025-02-01T13:40:24.155+0000] {logging_mixin.py:190} INFO - [2025-02-01T13:40:24.154+0000] {dag.py:3239} INFO - Sync 1 DAGs
[2025-02-01T13:40:24.160+0000] {logging_mixin.py:190} INFO - [2025-02-01T13:40:24.160+0000] {dag.py:4180} INFO - Setting next_dagrun for example_task_group to None, run_after=None
[2025-02-01T13:40:24.166+0000] {processor.py:208} INFO - Processing /home/airflow/.local/lib/python3.12/site-packages/airflow/example_dags/example_task_group.py took 0.029 seconds
[2025-02-01T13:40:55.132+0000] {processor.py:186} INFO - Started process (PID=818) to work on /home/airflow/.local/lib/python3.12/site-packages/airflow/example_dags/example_task_group.py
[2025-02-01T13:40:55.133+0000] {processor.py:914} INFO - Processing file /home/airflow/.local/lib/python3.12/site-packages/airflow/example_dags/example_task_group.py for tasks to queue
[2025-02-01T13:40:55.134+0000] {logging_mixin.py:190} INFO - [2025-02-01T13:40:55.134+0000] {dagbag.py:588} INFO - Filling up the DagBag from /home/airflow/.local/lib/python3.12/site-packages/airflow/example_dags/example_task_group.py
[2025-02-01T13:40:55.138+0000] {processor.py:925} INFO - DAG(s) 'example_task_group' retrieved from /home/airflow/.local/lib/python3.12/site-packages/airflow/example_dags/example_task_group.py
[2025-02-01T13:40:55.148+0000] {logging_mixin.py:190} INFO - [2025-02-01T13:40:55.148+0000] {dag.py:3239} INFO - Sync 1 DAGs
[2025-02-01T13:40:55.155+0000] {logging_mixin.py:190} INFO - [2025-02-01T13:40:55.155+0000] {dag.py:4180} INFO - Setting next_dagrun for example_task_group to None, run_after=None
[2025-02-01T13:40:55.169+0000] {processor.py:208} INFO - Processing /home/airflow/.local/lib/python3.12/site-packages/airflow/example_dags/example_task_group.py took 0.039 seconds
[2025-02-01T13:41:26.392+0000] {processor.py:186} INFO - Started process (PID=884) to work on /home/airflow/.local/lib/python3.12/site-packages/airflow/example_dags/example_task_group.py
[2025-02-01T13:41:26.393+0000] {processor.py:914} INFO - Processing file /home/airflow/.local/lib/python3.12/site-packages/airflow/example_dags/example_task_group.py for tasks to queue
[2025-02-01T13:41:26.395+0000] {logging_mixin.py:190} INFO - [2025-02-01T13:41:26.394+0000] {dagbag.py:588} INFO - Filling up the DagBag from /home/airflow/.local/lib/python3.12/site-packages/airflow/example_dags/example_task_group.py
[2025-02-01T13:41:26.400+0000] {processor.py:925} INFO - DAG(s) 'example_task_group' retrieved from /home/airflow/.local/lib/python3.12/site-packages/airflow/example_dags/example_task_group.py
[2025-02-01T13:41:26.413+0000] {logging_mixin.py:190} INFO - [2025-02-01T13:41:26.413+0000] {dag.py:3239} INFO - Sync 1 DAGs
[2025-02-01T13:41:26.421+0000] {logging_mixin.py:190} INFO - [2025-02-01T13:41:26.420+0000] {dag.py:4180} INFO - Setting next_dagrun for example_task_group to None, run_after=None
[2025-02-01T13:41:26.432+0000] {processor.py:208} INFO - Processing /home/airflow/.local/lib/python3.12/site-packages/airflow/example_dags/example_task_group.py took 0.042 seconds
[2025-02-01T13:41:57.110+0000] {processor.py:186} INFO - Started process (PID=950) to work on /home/airflow/.local/lib/python3.12/site-packages/airflow/example_dags/example_task_group.py
[2025-02-01T13:41:57.111+0000] {processor.py:914} INFO - Processing file /home/airflow/.local/lib/python3.12/site-packages/airflow/example_dags/example_task_group.py for tasks to queue
[2025-02-01T13:41:57.112+0000] {logging_mixin.py:190} INFO - [2025-02-01T13:41:57.112+0000] {dagbag.py:588} INFO - Filling up the DagBag from /home/airflow/.local/lib/python3.12/site-packages/airflow/example_dags/example_task_group.py
[2025-02-01T13:41:57.117+0000] {processor.py:925} INFO - DAG(s) 'example_task_group' retrieved from /home/airflow/.local/lib/python3.12/site-packages/airflow/example_dags/example_task_group.py
[2025-02-01T13:41:57.136+0000] {logging_mixin.py:190} INFO - [2025-02-01T13:41:57.136+0000] {dag.py:3239} INFO - Sync 1 DAGs
[2025-02-01T13:41:57.145+0000] {logging_mixin.py:190} INFO - [2025-02-01T13:41:57.145+0000] {dag.py:4180} INFO - Setting next_dagrun for example_task_group to None, run_after=None
[2025-02-01T13:41:57.165+0000] {processor.py:208} INFO - Processing /home/airflow/.local/lib/python3.12/site-packages/airflow/example_dags/example_task_group.py took 0.057 seconds
[2025-02-01T14:45:46.138+0000] {processor.py:186} INFO - Started process (PID=89) to work on /home/airflow/.local/lib/python3.12/site-packages/airflow/example_dags/example_task_group.py
[2025-02-01T14:45:46.139+0000] {processor.py:914} INFO - Processing file /home/airflow/.local/lib/python3.12/site-packages/airflow/example_dags/example_task_group.py for tasks to queue
[2025-02-01T14:45:46.141+0000] {logging_mixin.py:190} INFO - [2025-02-01T14:45:46.141+0000] {dagbag.py:588} INFO - Filling up the DagBag from /home/airflow/.local/lib/python3.12/site-packages/airflow/example_dags/example_task_group.py
[2025-02-01T14:45:46.152+0000] {processor.py:925} INFO - DAG(s) 'example_task_group' retrieved from /home/airflow/.local/lib/python3.12/site-packages/airflow/example_dags/example_task_group.py
[2025-02-01T14:45:46.199+0000] {logging_mixin.py:190} INFO - [2025-02-01T14:45:46.199+0000] {dag.py:3239} INFO - Sync 1 DAGs
[2025-02-01T14:45:46.219+0000] {logging_mixin.py:190} INFO - [2025-02-01T14:45:46.219+0000] {dag.py:4180} INFO - Setting next_dagrun for example_task_group to None, run_after=None
[2025-02-01T14:45:46.290+0000] {processor.py:208} INFO - Processing /home/airflow/.local/lib/python3.12/site-packages/airflow/example_dags/example_task_group.py took 0.155 seconds
[2025-02-01T14:46:17.009+0000] {processor.py:186} INFO - Started process (PID=160) to work on /home/airflow/.local/lib/python3.12/site-packages/airflow/example_dags/example_task_group.py
[2025-02-01T14:46:17.009+0000] {processor.py:914} INFO - Processing file /home/airflow/.local/lib/python3.12/site-packages/airflow/example_dags/example_task_group.py for tasks to queue
[2025-02-01T14:46:17.011+0000] {logging_mixin.py:190} INFO - [2025-02-01T14:46:17.010+0000] {dagbag.py:588} INFO - Filling up the DagBag from /home/airflow/.local/lib/python3.12/site-packages/airflow/example_dags/example_task_group.py
[2025-02-01T14:46:17.015+0000] {processor.py:925} INFO - DAG(s) 'example_task_group' retrieved from /home/airflow/.local/lib/python3.12/site-packages/airflow/example_dags/example_task_group.py
[2025-02-01T14:46:17.025+0000] {logging_mixin.py:190} INFO - [2025-02-01T14:46:17.025+0000] {dag.py:3239} INFO - Sync 1 DAGs
[2025-02-01T14:46:17.030+0000] {logging_mixin.py:190} INFO - [2025-02-01T14:46:17.030+0000] {dag.py:4180} INFO - Setting next_dagrun for example_task_group to None, run_after=None
[2025-02-01T14:46:17.038+0000] {processor.py:208} INFO - Processing /home/airflow/.local/lib/python3.12/site-packages/airflow/example_dags/example_task_group.py took 0.032 seconds
[2025-02-01T14:46:48.080+0000] {processor.py:186} INFO - Started process (PID=226) to work on /home/airflow/.local/lib/python3.12/site-packages/airflow/example_dags/example_task_group.py
[2025-02-01T14:46:48.081+0000] {processor.py:914} INFO - Processing file /home/airflow/.local/lib/python3.12/site-packages/airflow/example_dags/example_task_group.py for tasks to queue
[2025-02-01T14:46:48.082+0000] {logging_mixin.py:190} INFO - [2025-02-01T14:46:48.082+0000] {dagbag.py:588} INFO - Filling up the DagBag from /home/airflow/.local/lib/python3.12/site-packages/airflow/example_dags/example_task_group.py
[2025-02-01T14:46:48.087+0000] {processor.py:925} INFO - DAG(s) 'example_task_group' retrieved from /home/airflow/.local/lib/python3.12/site-packages/airflow/example_dags/example_task_group.py
[2025-02-01T14:46:48.097+0000] {logging_mixin.py:190} INFO - [2025-02-01T14:46:48.097+0000] {dag.py:3239} INFO - Sync 1 DAGs
[2025-02-01T14:46:48.104+0000] {logging_mixin.py:190} INFO - [2025-02-01T14:46:48.104+0000] {dag.py:4180} INFO - Setting next_dagrun for example_task_group to None, run_after=None
[2025-02-01T14:46:48.113+0000] {processor.py:208} INFO - Processing /home/airflow/.local/lib/python3.12/site-packages/airflow/example_dags/example_task_group.py took 0.035 seconds
[2025-02-01T14:47:19.008+0000] {processor.py:186} INFO - Started process (PID=292) to work on /home/airflow/.local/lib/python3.12/site-packages/airflow/example_dags/example_task_group.py
[2025-02-01T14:47:19.009+0000] {processor.py:914} INFO - Processing file /home/airflow/.local/lib/python3.12/site-packages/airflow/example_dags/example_task_group.py for tasks to queue
[2025-02-01T14:47:19.010+0000] {logging_mixin.py:190} INFO - [2025-02-01T14:47:19.010+0000] {dagbag.py:588} INFO - Filling up the DagBag from /home/airflow/.local/lib/python3.12/site-packages/airflow/example_dags/example_task_group.py
[2025-02-01T14:47:19.014+0000] {processor.py:925} INFO - DAG(s) 'example_task_group' retrieved from /home/airflow/.local/lib/python3.12/site-packages/airflow/example_dags/example_task_group.py
[2025-02-01T14:47:19.023+0000] {logging_mixin.py:190} INFO - [2025-02-01T14:47:19.022+0000] {dag.py:3239} INFO - Sync 1 DAGs
[2025-02-01T14:47:19.028+0000] {logging_mixin.py:190} INFO - [2025-02-01T14:47:19.028+0000] {dag.py:4180} INFO - Setting next_dagrun for example_task_group to None, run_after=None
[2025-02-01T14:47:19.035+0000] {processor.py:208} INFO - Processing /home/airflow/.local/lib/python3.12/site-packages/airflow/example_dags/example_task_group.py took 0.029 seconds
[2025-02-01T14:47:50.221+0000] {processor.py:186} INFO - Started process (PID=358) to work on /home/airflow/.local/lib/python3.12/site-packages/airflow/example_dags/example_task_group.py
[2025-02-01T14:47:50.222+0000] {processor.py:914} INFO - Processing file /home/airflow/.local/lib/python3.12/site-packages/airflow/example_dags/example_task_group.py for tasks to queue
[2025-02-01T14:47:50.223+0000] {logging_mixin.py:190} INFO - [2025-02-01T14:47:50.223+0000] {dagbag.py:588} INFO - Filling up the DagBag from /home/airflow/.local/lib/python3.12/site-packages/airflow/example_dags/example_task_group.py
[2025-02-01T14:47:50.227+0000] {processor.py:925} INFO - DAG(s) 'example_task_group' retrieved from /home/airflow/.local/lib/python3.12/site-packages/airflow/example_dags/example_task_group.py
[2025-02-01T14:47:50.238+0000] {logging_mixin.py:190} INFO - [2025-02-01T14:47:50.238+0000] {dag.py:3239} INFO - Sync 1 DAGs
[2025-02-01T14:47:50.244+0000] {logging_mixin.py:190} INFO - [2025-02-01T14:47:50.244+0000] {dag.py:4180} INFO - Setting next_dagrun for example_task_group to None, run_after=None
[2025-02-01T14:47:50.253+0000] {processor.py:208} INFO - Processing /home/airflow/.local/lib/python3.12/site-packages/airflow/example_dags/example_task_group.py took 0.034 seconds
[2025-02-01T14:48:21.074+0000] {processor.py:186} INFO - Started process (PID=424) to work on /home/airflow/.local/lib/python3.12/site-packages/airflow/example_dags/example_task_group.py
[2025-02-01T14:48:21.074+0000] {processor.py:914} INFO - Processing file /home/airflow/.local/lib/python3.12/site-packages/airflow/example_dags/example_task_group.py for tasks to queue
[2025-02-01T14:48:21.075+0000] {logging_mixin.py:190} INFO - [2025-02-01T14:48:21.075+0000] {dagbag.py:588} INFO - Filling up the DagBag from /home/airflow/.local/lib/python3.12/site-packages/airflow/example_dags/example_task_group.py
[2025-02-01T14:48:21.079+0000] {processor.py:925} INFO - DAG(s) 'example_task_group' retrieved from /home/airflow/.local/lib/python3.12/site-packages/airflow/example_dags/example_task_group.py
[2025-02-01T14:48:21.088+0000] {logging_mixin.py:190} INFO - [2025-02-01T14:48:21.088+0000] {dag.py:3239} INFO - Sync 1 DAGs
[2025-02-01T14:48:21.094+0000] {logging_mixin.py:190} INFO - [2025-02-01T14:48:21.094+0000] {dag.py:4180} INFO - Setting next_dagrun for example_task_group to None, run_after=None
[2025-02-01T14:48:21.109+0000] {processor.py:208} INFO - Processing /home/airflow/.local/lib/python3.12/site-packages/airflow/example_dags/example_task_group.py took 0.038 seconds
[2025-02-01T14:48:52.054+0000] {processor.py:186} INFO - Started process (PID=490) to work on /home/airflow/.local/lib/python3.12/site-packages/airflow/example_dags/example_task_group.py
[2025-02-01T14:48:52.055+0000] {processor.py:914} INFO - Processing file /home/airflow/.local/lib/python3.12/site-packages/airflow/example_dags/example_task_group.py for tasks to queue
[2025-02-01T14:48:52.056+0000] {logging_mixin.py:190} INFO - [2025-02-01T14:48:52.056+0000] {dagbag.py:588} INFO - Filling up the DagBag from /home/airflow/.local/lib/python3.12/site-packages/airflow/example_dags/example_task_group.py
[2025-02-01T14:48:52.060+0000] {processor.py:925} INFO - DAG(s) 'example_task_group' retrieved from /home/airflow/.local/lib/python3.12/site-packages/airflow/example_dags/example_task_group.py
[2025-02-01T14:48:52.071+0000] {logging_mixin.py:190} INFO - [2025-02-01T14:48:52.071+0000] {dag.py:3239} INFO - Sync 1 DAGs
[2025-02-01T14:48:52.078+0000] {logging_mixin.py:190} INFO - [2025-02-01T14:48:52.078+0000] {dag.py:4180} INFO - Setting next_dagrun for example_task_group to None, run_after=None
[2025-02-01T14:48:52.085+0000] {processor.py:208} INFO - Processing /home/airflow/.local/lib/python3.12/site-packages/airflow/example_dags/example_task_group.py took 0.034 seconds
[2025-02-01T14:49:23.095+0000] {processor.py:186} INFO - Started process (PID=556) to work on /home/airflow/.local/lib/python3.12/site-packages/airflow/example_dags/example_task_group.py
[2025-02-01T14:49:23.096+0000] {processor.py:914} INFO - Processing file /home/airflow/.local/lib/python3.12/site-packages/airflow/example_dags/example_task_group.py for tasks to queue
[2025-02-01T14:49:23.097+0000] {logging_mixin.py:190} INFO - [2025-02-01T14:49:23.097+0000] {dagbag.py:588} INFO - Filling up the DagBag from /home/airflow/.local/lib/python3.12/site-packages/airflow/example_dags/example_task_group.py
[2025-02-01T14:49:23.101+0000] {processor.py:925} INFO - DAG(s) 'example_task_group' retrieved from /home/airflow/.local/lib/python3.12/site-packages/airflow/example_dags/example_task_group.py
[2025-02-01T14:49:23.110+0000] {logging_mixin.py:190} INFO - [2025-02-01T14:49:23.110+0000] {dag.py:3239} INFO - Sync 1 DAGs
[2025-02-01T14:49:23.116+0000] {logging_mixin.py:190} INFO - [2025-02-01T14:49:23.116+0000] {dag.py:4180} INFO - Setting next_dagrun for example_task_group to None, run_after=None
[2025-02-01T14:49:23.123+0000] {processor.py:208} INFO - Processing /home/airflow/.local/lib/python3.12/site-packages/airflow/example_dags/example_task_group.py took 0.030 seconds
[2025-02-01T14:49:54.198+0000] {processor.py:186} INFO - Started process (PID=621) to work on /home/airflow/.local/lib/python3.12/site-packages/airflow/example_dags/example_task_group.py
[2025-02-01T14:49:54.199+0000] {processor.py:914} INFO - Processing file /home/airflow/.local/lib/python3.12/site-packages/airflow/example_dags/example_task_group.py for tasks to queue
[2025-02-01T14:49:54.200+0000] {logging_mixin.py:190} INFO - [2025-02-01T14:49:54.200+0000] {dagbag.py:588} INFO - Filling up the DagBag from /home/airflow/.local/lib/python3.12/site-packages/airflow/example_dags/example_task_group.py
[2025-02-01T14:49:54.205+0000] {processor.py:925} INFO - DAG(s) 'example_task_group' retrieved from /home/airflow/.local/lib/python3.12/site-packages/airflow/example_dags/example_task_group.py
[2025-02-01T14:49:54.218+0000] {logging_mixin.py:190} INFO - [2025-02-01T14:49:54.218+0000] {dag.py:3239} INFO - Sync 1 DAGs
[2025-02-01T14:49:54.223+0000] {logging_mixin.py:190} INFO - [2025-02-01T14:49:54.223+0000] {dag.py:4180} INFO - Setting next_dagrun for example_task_group to None, run_after=None
[2025-02-01T14:49:54.230+0000] {processor.py:208} INFO - Processing /home/airflow/.local/lib/python3.12/site-packages/airflow/example_dags/example_task_group.py took 0.034 seconds
[2025-02-01T14:50:25.051+0000] {processor.py:186} INFO - Started process (PID=687) to work on /home/airflow/.local/lib/python3.12/site-packages/airflow/example_dags/example_task_group.py
[2025-02-01T14:50:25.051+0000] {processor.py:914} INFO - Processing file /home/airflow/.local/lib/python3.12/site-packages/airflow/example_dags/example_task_group.py for tasks to queue
[2025-02-01T14:50:25.052+0000] {logging_mixin.py:190} INFO - [2025-02-01T14:50:25.052+0000] {dagbag.py:588} INFO - Filling up the DagBag from /home/airflow/.local/lib/python3.12/site-packages/airflow/example_dags/example_task_group.py
[2025-02-01T14:50:25.057+0000] {processor.py:925} INFO - DAG(s) 'example_task_group' retrieved from /home/airflow/.local/lib/python3.12/site-packages/airflow/example_dags/example_task_group.py
[2025-02-01T14:50:25.067+0000] {logging_mixin.py:190} INFO - [2025-02-01T14:50:25.067+0000] {dag.py:3239} INFO - Sync 1 DAGs
[2025-02-01T14:50:25.072+0000] {logging_mixin.py:190} INFO - [2025-02-01T14:50:25.072+0000] {dag.py:4180} INFO - Setting next_dagrun for example_task_group to None, run_after=None
[2025-02-01T14:50:25.080+0000] {processor.py:208} INFO - Processing /home/airflow/.local/lib/python3.12/site-packages/airflow/example_dags/example_task_group.py took 0.032 seconds
[2025-02-01T14:50:56.214+0000] {processor.py:186} INFO - Started process (PID=754) to work on /home/airflow/.local/lib/python3.12/site-packages/airflow/example_dags/example_task_group.py
[2025-02-01T14:50:56.214+0000] {processor.py:914} INFO - Processing file /home/airflow/.local/lib/python3.12/site-packages/airflow/example_dags/example_task_group.py for tasks to queue
[2025-02-01T14:50:56.215+0000] {logging_mixin.py:190} INFO - [2025-02-01T14:50:56.215+0000] {dagbag.py:588} INFO - Filling up the DagBag from /home/airflow/.local/lib/python3.12/site-packages/airflow/example_dags/example_task_group.py
[2025-02-01T14:50:56.220+0000] {processor.py:925} INFO - DAG(s) 'example_task_group' retrieved from /home/airflow/.local/lib/python3.12/site-packages/airflow/example_dags/example_task_group.py
[2025-02-01T14:50:56.235+0000] {logging_mixin.py:190} INFO - [2025-02-01T14:50:56.235+0000] {dag.py:3239} INFO - Sync 1 DAGs
[2025-02-01T14:50:56.245+0000] {logging_mixin.py:190} INFO - [2025-02-01T14:50:56.245+0000] {dag.py:4180} INFO - Setting next_dagrun for example_task_group to None, run_after=None
[2025-02-01T14:50:56.259+0000] {processor.py:208} INFO - Processing /home/airflow/.local/lib/python3.12/site-packages/airflow/example_dags/example_task_group.py took 0.047 seconds
[2025-02-01T14:51:27.385+0000] {processor.py:186} INFO - Started process (PID=820) to work on /home/airflow/.local/lib/python3.12/site-packages/airflow/example_dags/example_task_group.py
[2025-02-01T14:51:27.386+0000] {processor.py:914} INFO - Processing file /home/airflow/.local/lib/python3.12/site-packages/airflow/example_dags/example_task_group.py for tasks to queue
[2025-02-01T14:51:27.387+0000] {logging_mixin.py:190} INFO - [2025-02-01T14:51:27.387+0000] {dagbag.py:588} INFO - Filling up the DagBag from /home/airflow/.local/lib/python3.12/site-packages/airflow/example_dags/example_task_group.py
[2025-02-01T14:51:27.391+0000] {processor.py:925} INFO - DAG(s) 'example_task_group' retrieved from /home/airflow/.local/lib/python3.12/site-packages/airflow/example_dags/example_task_group.py
[2025-02-01T14:51:27.399+0000] {logging_mixin.py:190} INFO - [2025-02-01T14:51:27.399+0000] {dag.py:3239} INFO - Sync 1 DAGs
[2025-02-01T14:51:27.405+0000] {logging_mixin.py:190} INFO - [2025-02-01T14:51:27.405+0000] {dag.py:4180} INFO - Setting next_dagrun for example_task_group to None, run_after=None
[2025-02-01T14:51:27.412+0000] {processor.py:208} INFO - Processing /home/airflow/.local/lib/python3.12/site-packages/airflow/example_dags/example_task_group.py took 0.030 seconds
[2025-02-01T14:51:58.833+0000] {processor.py:186} INFO - Started process (PID=886) to work on /home/airflow/.local/lib/python3.12/site-packages/airflow/example_dags/example_task_group.py
[2025-02-01T14:51:58.834+0000] {processor.py:914} INFO - Processing file /home/airflow/.local/lib/python3.12/site-packages/airflow/example_dags/example_task_group.py for tasks to queue
[2025-02-01T14:51:58.838+0000] {logging_mixin.py:190} INFO - [2025-02-01T14:51:58.838+0000] {dagbag.py:588} INFO - Filling up the DagBag from /home/airflow/.local/lib/python3.12/site-packages/airflow/example_dags/example_task_group.py
[2025-02-01T14:51:58.846+0000] {processor.py:925} INFO - DAG(s) 'example_task_group' retrieved from /home/airflow/.local/lib/python3.12/site-packages/airflow/example_dags/example_task_group.py
[2025-02-01T14:51:58.859+0000] {logging_mixin.py:190} INFO - [2025-02-01T14:51:58.859+0000] {dag.py:3239} INFO - Sync 1 DAGs
[2025-02-01T14:51:58.867+0000] {logging_mixin.py:190} INFO - [2025-02-01T14:51:58.867+0000] {dag.py:4180} INFO - Setting next_dagrun for example_task_group to None, run_after=None
[2025-02-01T14:51:58.883+0000] {processor.py:208} INFO - Processing /home/airflow/.local/lib/python3.12/site-packages/airflow/example_dags/example_task_group.py took 0.053 seconds
[2025-02-01T14:52:30.312+0000] {processor.py:186} INFO - Started process (PID=952) to work on /home/airflow/.local/lib/python3.12/site-packages/airflow/example_dags/example_task_group.py
[2025-02-01T14:52:30.312+0000] {processor.py:914} INFO - Processing file /home/airflow/.local/lib/python3.12/site-packages/airflow/example_dags/example_task_group.py for tasks to queue
[2025-02-01T14:52:30.314+0000] {logging_mixin.py:190} INFO - [2025-02-01T14:52:30.313+0000] {dagbag.py:588} INFO - Filling up the DagBag from /home/airflow/.local/lib/python3.12/site-packages/airflow/example_dags/example_task_group.py
[2025-02-01T14:52:30.319+0000] {processor.py:925} INFO - DAG(s) 'example_task_group' retrieved from /home/airflow/.local/lib/python3.12/site-packages/airflow/example_dags/example_task_group.py
[2025-02-01T14:52:30.334+0000] {logging_mixin.py:190} INFO - [2025-02-01T14:52:30.334+0000] {dag.py:3239} INFO - Sync 1 DAGs
[2025-02-01T14:52:30.343+0000] {logging_mixin.py:190} INFO - [2025-02-01T14:52:30.343+0000] {dag.py:4180} INFO - Setting next_dagrun for example_task_group to None, run_after=None
[2025-02-01T14:52:30.362+0000] {processor.py:208} INFO - Processing /home/airflow/.local/lib/python3.12/site-packages/airflow/example_dags/example_task_group.py took 0.054 seconds
[2025-02-01T14:53:00.711+0000] {processor.py:186} INFO - Started process (PID=1018) to work on /home/airflow/.local/lib/python3.12/site-packages/airflow/example_dags/example_task_group.py
[2025-02-01T14:53:00.711+0000] {processor.py:914} INFO - Processing file /home/airflow/.local/lib/python3.12/site-packages/airflow/example_dags/example_task_group.py for tasks to queue
[2025-02-01T14:53:00.712+0000] {logging_mixin.py:190} INFO - [2025-02-01T14:53:00.712+0000] {dagbag.py:588} INFO - Filling up the DagBag from /home/airflow/.local/lib/python3.12/site-packages/airflow/example_dags/example_task_group.py
[2025-02-01T14:53:00.716+0000] {processor.py:925} INFO - DAG(s) 'example_task_group' retrieved from /home/airflow/.local/lib/python3.12/site-packages/airflow/example_dags/example_task_group.py
[2025-02-01T14:53:00.727+0000] {logging_mixin.py:190} INFO - [2025-02-01T14:53:00.726+0000] {dag.py:3239} INFO - Sync 1 DAGs
[2025-02-01T14:53:00.737+0000] {logging_mixin.py:190} INFO - [2025-02-01T14:53:00.737+0000] {dag.py:4180} INFO - Setting next_dagrun for example_task_group to None, run_after=None
[2025-02-01T14:53:00.744+0000] {processor.py:208} INFO - Processing /home/airflow/.local/lib/python3.12/site-packages/airflow/example_dags/example_task_group.py took 0.035 seconds
[2025-02-01T14:53:31.709+0000] {processor.py:186} INFO - Started process (PID=1084) to work on /home/airflow/.local/lib/python3.12/site-packages/airflow/example_dags/example_task_group.py
[2025-02-01T14:53:31.709+0000] {processor.py:914} INFO - Processing file /home/airflow/.local/lib/python3.12/site-packages/airflow/example_dags/example_task_group.py for tasks to queue
[2025-02-01T14:53:31.710+0000] {logging_mixin.py:190} INFO - [2025-02-01T14:53:31.710+0000] {dagbag.py:588} INFO - Filling up the DagBag from /home/airflow/.local/lib/python3.12/site-packages/airflow/example_dags/example_task_group.py
[2025-02-01T14:53:31.715+0000] {processor.py:925} INFO - DAG(s) 'example_task_group' retrieved from /home/airflow/.local/lib/python3.12/site-packages/airflow/example_dags/example_task_group.py
[2025-02-01T14:53:31.724+0000] {logging_mixin.py:190} INFO - [2025-02-01T14:53:31.724+0000] {dag.py:3239} INFO - Sync 1 DAGs
[2025-02-01T14:53:31.729+0000] {logging_mixin.py:190} INFO - [2025-02-01T14:53:31.729+0000] {dag.py:4180} INFO - Setting next_dagrun for example_task_group to None, run_after=None
[2025-02-01T14:53:31.735+0000] {processor.py:208} INFO - Processing /home/airflow/.local/lib/python3.12/site-packages/airflow/example_dags/example_task_group.py took 0.029 seconds
[2025-02-01T14:54:02.761+0000] {processor.py:186} INFO - Started process (PID=1150) to work on /home/airflow/.local/lib/python3.12/site-packages/airflow/example_dags/example_task_group.py
[2025-02-01T14:54:02.762+0000] {processor.py:914} INFO - Processing file /home/airflow/.local/lib/python3.12/site-packages/airflow/example_dags/example_task_group.py for tasks to queue
[2025-02-01T14:54:02.763+0000] {logging_mixin.py:190} INFO - [2025-02-01T14:54:02.763+0000] {dagbag.py:588} INFO - Filling up the DagBag from /home/airflow/.local/lib/python3.12/site-packages/airflow/example_dags/example_task_group.py
[2025-02-01T14:54:02.768+0000] {processor.py:925} INFO - DAG(s) 'example_task_group' retrieved from /home/airflow/.local/lib/python3.12/site-packages/airflow/example_dags/example_task_group.py
[2025-02-01T14:54:02.777+0000] {logging_mixin.py:190} INFO - [2025-02-01T14:54:02.776+0000] {dag.py:3239} INFO - Sync 1 DAGs
[2025-02-01T14:54:02.782+0000] {logging_mixin.py:190} INFO - [2025-02-01T14:54:02.782+0000] {dag.py:4180} INFO - Setting next_dagrun for example_task_group to None, run_after=None
[2025-02-01T14:54:02.789+0000] {processor.py:208} INFO - Processing /home/airflow/.local/lib/python3.12/site-packages/airflow/example_dags/example_task_group.py took 0.031 seconds
[2025-02-01T14:54:33.774+0000] {processor.py:186} INFO - Started process (PID=1216) to work on /home/airflow/.local/lib/python3.12/site-packages/airflow/example_dags/example_task_group.py
[2025-02-01T14:54:33.774+0000] {processor.py:914} INFO - Processing file /home/airflow/.local/lib/python3.12/site-packages/airflow/example_dags/example_task_group.py for tasks to queue
[2025-02-01T14:54:33.775+0000] {logging_mixin.py:190} INFO - [2025-02-01T14:54:33.775+0000] {dagbag.py:588} INFO - Filling up the DagBag from /home/airflow/.local/lib/python3.12/site-packages/airflow/example_dags/example_task_group.py
[2025-02-01T14:54:33.781+0000] {processor.py:925} INFO - DAG(s) 'example_task_group' retrieved from /home/airflow/.local/lib/python3.12/site-packages/airflow/example_dags/example_task_group.py
[2025-02-01T14:54:33.790+0000] {logging_mixin.py:190} INFO - [2025-02-01T14:54:33.790+0000] {dag.py:3239} INFO - Sync 1 DAGs
[2025-02-01T14:54:33.796+0000] {logging_mixin.py:190} INFO - [2025-02-01T14:54:33.796+0000] {dag.py:4180} INFO - Setting next_dagrun for example_task_group to None, run_after=None
[2025-02-01T14:54:33.803+0000] {processor.py:208} INFO - Processing /home/airflow/.local/lib/python3.12/site-packages/airflow/example_dags/example_task_group.py took 0.032 seconds
[2025-02-01T14:55:04.861+0000] {processor.py:186} INFO - Started process (PID=1282) to work on /home/airflow/.local/lib/python3.12/site-packages/airflow/example_dags/example_task_group.py
[2025-02-01T14:55:04.863+0000] {processor.py:914} INFO - Processing file /home/airflow/.local/lib/python3.12/site-packages/airflow/example_dags/example_task_group.py for tasks to queue
[2025-02-01T14:55:04.864+0000] {logging_mixin.py:190} INFO - [2025-02-01T14:55:04.864+0000] {dagbag.py:588} INFO - Filling up the DagBag from /home/airflow/.local/lib/python3.12/site-packages/airflow/example_dags/example_task_group.py
[2025-02-01T14:55:04.870+0000] {processor.py:925} INFO - DAG(s) 'example_task_group' retrieved from /home/airflow/.local/lib/python3.12/site-packages/airflow/example_dags/example_task_group.py
[2025-02-01T14:55:04.883+0000] {logging_mixin.py:190} INFO - [2025-02-01T14:55:04.883+0000] {dag.py:3239} INFO - Sync 1 DAGs
[2025-02-01T14:55:04.893+0000] {logging_mixin.py:190} INFO - [2025-02-01T14:55:04.892+0000] {dag.py:4180} INFO - Setting next_dagrun for example_task_group to None, run_after=None
[2025-02-01T14:55:04.903+0000] {processor.py:208} INFO - Processing /home/airflow/.local/lib/python3.12/site-packages/airflow/example_dags/example_task_group.py took 0.045 seconds
[2025-02-01T14:55:35.717+0000] {processor.py:186} INFO - Started process (PID=1348) to work on /home/airflow/.local/lib/python3.12/site-packages/airflow/example_dags/example_task_group.py
[2025-02-01T14:55:35.718+0000] {processor.py:914} INFO - Processing file /home/airflow/.local/lib/python3.12/site-packages/airflow/example_dags/example_task_group.py for tasks to queue
[2025-02-01T14:55:35.719+0000] {logging_mixin.py:190} INFO - [2025-02-01T14:55:35.719+0000] {dagbag.py:588} INFO - Filling up the DagBag from /home/airflow/.local/lib/python3.12/site-packages/airflow/example_dags/example_task_group.py
[2025-02-01T14:55:35.723+0000] {processor.py:925} INFO - DAG(s) 'example_task_group' retrieved from /home/airflow/.local/lib/python3.12/site-packages/airflow/example_dags/example_task_group.py
[2025-02-01T14:55:35.732+0000] {logging_mixin.py:190} INFO - [2025-02-01T14:55:35.732+0000] {dag.py:3239} INFO - Sync 1 DAGs
[2025-02-01T14:55:35.738+0000] {logging_mixin.py:190} INFO - [2025-02-01T14:55:35.738+0000] {dag.py:4180} INFO - Setting next_dagrun for example_task_group to None, run_after=None
[2025-02-01T14:55:35.746+0000] {processor.py:208} INFO - Processing /home/airflow/.local/lib/python3.12/site-packages/airflow/example_dags/example_task_group.py took 0.031 seconds
[2025-02-01T14:56:06.749+0000] {processor.py:186} INFO - Started process (PID=1414) to work on /home/airflow/.local/lib/python3.12/site-packages/airflow/example_dags/example_task_group.py
[2025-02-01T14:56:06.750+0000] {processor.py:914} INFO - Processing file /home/airflow/.local/lib/python3.12/site-packages/airflow/example_dags/example_task_group.py for tasks to queue
[2025-02-01T14:56:06.751+0000] {logging_mixin.py:190} INFO - [2025-02-01T14:56:06.751+0000] {dagbag.py:588} INFO - Filling up the DagBag from /home/airflow/.local/lib/python3.12/site-packages/airflow/example_dags/example_task_group.py
[2025-02-01T14:56:06.755+0000] {processor.py:925} INFO - DAG(s) 'example_task_group' retrieved from /home/airflow/.local/lib/python3.12/site-packages/airflow/example_dags/example_task_group.py
[2025-02-01T14:56:06.767+0000] {logging_mixin.py:190} INFO - [2025-02-01T14:56:06.767+0000] {dag.py:3239} INFO - Sync 1 DAGs
[2025-02-01T14:56:06.773+0000] {logging_mixin.py:190} INFO - [2025-02-01T14:56:06.773+0000] {dag.py:4180} INFO - Setting next_dagrun for example_task_group to None, run_after=None
[2025-02-01T14:56:06.783+0000] {processor.py:208} INFO - Processing /home/airflow/.local/lib/python3.12/site-packages/airflow/example_dags/example_task_group.py took 0.037 seconds
[2025-02-01T14:56:37.766+0000] {processor.py:186} INFO - Started process (PID=1480) to work on /home/airflow/.local/lib/python3.12/site-packages/airflow/example_dags/example_task_group.py
[2025-02-01T14:56:37.766+0000] {processor.py:914} INFO - Processing file /home/airflow/.local/lib/python3.12/site-packages/airflow/example_dags/example_task_group.py for tasks to queue
[2025-02-01T14:56:37.767+0000] {logging_mixin.py:190} INFO - [2025-02-01T14:56:37.767+0000] {dagbag.py:588} INFO - Filling up the DagBag from /home/airflow/.local/lib/python3.12/site-packages/airflow/example_dags/example_task_group.py
[2025-02-01T14:56:37.771+0000] {processor.py:925} INFO - DAG(s) 'example_task_group' retrieved from /home/airflow/.local/lib/python3.12/site-packages/airflow/example_dags/example_task_group.py
[2025-02-01T14:56:37.782+0000] {logging_mixin.py:190} INFO - [2025-02-01T14:56:37.781+0000] {dag.py:3239} INFO - Sync 1 DAGs
[2025-02-01T14:56:37.787+0000] {logging_mixin.py:190} INFO - [2025-02-01T14:56:37.787+0000] {dag.py:4180} INFO - Setting next_dagrun for example_task_group to None, run_after=None
[2025-02-01T14:56:37.794+0000] {processor.py:208} INFO - Processing /home/airflow/.local/lib/python3.12/site-packages/airflow/example_dags/example_task_group.py took 0.031 seconds
[2025-02-01T14:57:08.808+0000] {processor.py:186} INFO - Started process (PID=1546) to work on /home/airflow/.local/lib/python3.12/site-packages/airflow/example_dags/example_task_group.py
[2025-02-01T14:57:08.809+0000] {processor.py:914} INFO - Processing file /home/airflow/.local/lib/python3.12/site-packages/airflow/example_dags/example_task_group.py for tasks to queue
[2025-02-01T14:57:08.810+0000] {logging_mixin.py:190} INFO - [2025-02-01T14:57:08.810+0000] {dagbag.py:588} INFO - Filling up the DagBag from /home/airflow/.local/lib/python3.12/site-packages/airflow/example_dags/example_task_group.py
[2025-02-01T14:57:08.816+0000] {processor.py:925} INFO - DAG(s) 'example_task_group' retrieved from /home/airflow/.local/lib/python3.12/site-packages/airflow/example_dags/example_task_group.py
[2025-02-01T14:57:08.827+0000] {logging_mixin.py:190} INFO - [2025-02-01T14:57:08.827+0000] {dag.py:3239} INFO - Sync 1 DAGs
[2025-02-01T14:57:08.834+0000] {logging_mixin.py:190} INFO - [2025-02-01T14:57:08.833+0000] {dag.py:4180} INFO - Setting next_dagrun for example_task_group to None, run_after=None
[2025-02-01T14:57:08.841+0000] {processor.py:208} INFO - Processing /home/airflow/.local/lib/python3.12/site-packages/airflow/example_dags/example_task_group.py took 0.035 seconds
[2025-02-01T14:57:39.854+0000] {processor.py:186} INFO - Started process (PID=1612) to work on /home/airflow/.local/lib/python3.12/site-packages/airflow/example_dags/example_task_group.py
[2025-02-01T14:57:39.854+0000] {processor.py:914} INFO - Processing file /home/airflow/.local/lib/python3.12/site-packages/airflow/example_dags/example_task_group.py for tasks to queue
[2025-02-01T14:57:39.855+0000] {logging_mixin.py:190} INFO - [2025-02-01T14:57:39.855+0000] {dagbag.py:588} INFO - Filling up the DagBag from /home/airflow/.local/lib/python3.12/site-packages/airflow/example_dags/example_task_group.py
[2025-02-01T14:57:39.859+0000] {processor.py:925} INFO - DAG(s) 'example_task_group' retrieved from /home/airflow/.local/lib/python3.12/site-packages/airflow/example_dags/example_task_group.py
[2025-02-01T14:57:39.868+0000] {logging_mixin.py:190} INFO - [2025-02-01T14:57:39.868+0000] {dag.py:3239} INFO - Sync 1 DAGs
[2025-02-01T14:57:39.874+0000] {logging_mixin.py:190} INFO - [2025-02-01T14:57:39.874+0000] {dag.py:4180} INFO - Setting next_dagrun for example_task_group to None, run_after=None
[2025-02-01T14:57:39.882+0000] {processor.py:208} INFO - Processing /home/airflow/.local/lib/python3.12/site-packages/airflow/example_dags/example_task_group.py took 0.031 seconds
[2025-02-01T14:58:10.760+0000] {processor.py:186} INFO - Started process (PID=1678) to work on /home/airflow/.local/lib/python3.12/site-packages/airflow/example_dags/example_task_group.py
[2025-02-01T14:58:10.761+0000] {processor.py:914} INFO - Processing file /home/airflow/.local/lib/python3.12/site-packages/airflow/example_dags/example_task_group.py for tasks to queue
[2025-02-01T14:58:10.762+0000] {logging_mixin.py:190} INFO - [2025-02-01T14:58:10.761+0000] {dagbag.py:588} INFO - Filling up the DagBag from /home/airflow/.local/lib/python3.12/site-packages/airflow/example_dags/example_task_group.py
[2025-02-01T14:58:10.765+0000] {processor.py:925} INFO - DAG(s) 'example_task_group' retrieved from /home/airflow/.local/lib/python3.12/site-packages/airflow/example_dags/example_task_group.py
[2025-02-01T14:58:10.774+0000] {logging_mixin.py:190} INFO - [2025-02-01T14:58:10.774+0000] {dag.py:3239} INFO - Sync 1 DAGs
[2025-02-01T14:58:10.781+0000] {logging_mixin.py:190} INFO - [2025-02-01T14:58:10.781+0000] {dag.py:4180} INFO - Setting next_dagrun for example_task_group to None, run_after=None
[2025-02-01T14:58:10.794+0000] {processor.py:208} INFO - Processing /home/airflow/.local/lib/python3.12/site-packages/airflow/example_dags/example_task_group.py took 0.036 seconds
[2025-02-01T14:58:41.429+0000] {processor.py:186} INFO - Started process (PID=1743) to work on /home/airflow/.local/lib/python3.12/site-packages/airflow/example_dags/example_task_group.py
[2025-02-01T14:58:41.430+0000] {processor.py:914} INFO - Processing file /home/airflow/.local/lib/python3.12/site-packages/airflow/example_dags/example_task_group.py for tasks to queue
[2025-02-01T14:58:41.431+0000] {logging_mixin.py:190} INFO - [2025-02-01T14:58:41.431+0000] {dagbag.py:588} INFO - Filling up the DagBag from /home/airflow/.local/lib/python3.12/site-packages/airflow/example_dags/example_task_group.py
[2025-02-01T14:58:41.435+0000] {processor.py:925} INFO - DAG(s) 'example_task_group' retrieved from /home/airflow/.local/lib/python3.12/site-packages/airflow/example_dags/example_task_group.py
[2025-02-01T14:58:41.449+0000] {logging_mixin.py:190} INFO - [2025-02-01T14:58:41.449+0000] {dag.py:3239} INFO - Sync 1 DAGs
[2025-02-01T14:58:41.457+0000] {logging_mixin.py:190} INFO - [2025-02-01T14:58:41.457+0000] {dag.py:4180} INFO - Setting next_dagrun for example_task_group to None, run_after=None
[2025-02-01T14:58:41.470+0000] {processor.py:208} INFO - Processing /home/airflow/.local/lib/python3.12/site-packages/airflow/example_dags/example_task_group.py took 0.044 seconds
[2025-02-01T14:59:12.521+0000] {processor.py:186} INFO - Started process (PID=1810) to work on /home/airflow/.local/lib/python3.12/site-packages/airflow/example_dags/example_task_group.py
[2025-02-01T14:59:12.522+0000] {processor.py:914} INFO - Processing file /home/airflow/.local/lib/python3.12/site-packages/airflow/example_dags/example_task_group.py for tasks to queue
[2025-02-01T14:59:12.524+0000] {logging_mixin.py:190} INFO - [2025-02-01T14:59:12.524+0000] {dagbag.py:588} INFO - Filling up the DagBag from /home/airflow/.local/lib/python3.12/site-packages/airflow/example_dags/example_task_group.py
[2025-02-01T14:59:12.530+0000] {processor.py:925} INFO - DAG(s) 'example_task_group' retrieved from /home/airflow/.local/lib/python3.12/site-packages/airflow/example_dags/example_task_group.py
[2025-02-01T14:59:12.544+0000] {logging_mixin.py:190} INFO - [2025-02-01T14:59:12.544+0000] {dag.py:3239} INFO - Sync 1 DAGs
[2025-02-01T14:59:12.553+0000] {logging_mixin.py:190} INFO - [2025-02-01T14:59:12.553+0000] {dag.py:4180} INFO - Setting next_dagrun for example_task_group to None, run_after=None
[2025-02-01T14:59:12.568+0000] {processor.py:208} INFO - Processing /home/airflow/.local/lib/python3.12/site-packages/airflow/example_dags/example_task_group.py took 0.053 seconds
[2025-02-01T14:59:43.799+0000] {processor.py:186} INFO - Started process (PID=1876) to work on /home/airflow/.local/lib/python3.12/site-packages/airflow/example_dags/example_task_group.py
[2025-02-01T14:59:43.799+0000] {processor.py:914} INFO - Processing file /home/airflow/.local/lib/python3.12/site-packages/airflow/example_dags/example_task_group.py for tasks to queue
[2025-02-01T14:59:43.801+0000] {logging_mixin.py:190} INFO - [2025-02-01T14:59:43.801+0000] {dagbag.py:588} INFO - Filling up the DagBag from /home/airflow/.local/lib/python3.12/site-packages/airflow/example_dags/example_task_group.py
[2025-02-01T14:59:43.805+0000] {processor.py:925} INFO - DAG(s) 'example_task_group' retrieved from /home/airflow/.local/lib/python3.12/site-packages/airflow/example_dags/example_task_group.py
[2025-02-01T14:59:43.817+0000] {logging_mixin.py:190} INFO - [2025-02-01T14:59:43.816+0000] {dag.py:3239} INFO - Sync 1 DAGs
[2025-02-01T14:59:43.823+0000] {logging_mixin.py:190} INFO - [2025-02-01T14:59:43.823+0000] {dag.py:4180} INFO - Setting next_dagrun for example_task_group to None, run_after=None
[2025-02-01T14:59:43.841+0000] {processor.py:208} INFO - Processing /home/airflow/.local/lib/python3.12/site-packages/airflow/example_dags/example_task_group.py took 0.045 seconds
[2025-02-01T15:00:15.015+0000] {processor.py:186} INFO - Started process (PID=1942) to work on /home/airflow/.local/lib/python3.12/site-packages/airflow/example_dags/example_task_group.py
[2025-02-01T15:00:15.015+0000] {processor.py:914} INFO - Processing file /home/airflow/.local/lib/python3.12/site-packages/airflow/example_dags/example_task_group.py for tasks to queue
[2025-02-01T15:00:15.017+0000] {logging_mixin.py:190} INFO - [2025-02-01T15:00:15.016+0000] {dagbag.py:588} INFO - Filling up the DagBag from /home/airflow/.local/lib/python3.12/site-packages/airflow/example_dags/example_task_group.py
[2025-02-01T15:00:15.022+0000] {processor.py:925} INFO - DAG(s) 'example_task_group' retrieved from /home/airflow/.local/lib/python3.12/site-packages/airflow/example_dags/example_task_group.py
[2025-02-01T15:00:15.032+0000] {logging_mixin.py:190} INFO - [2025-02-01T15:00:15.032+0000] {dag.py:3239} INFO - Sync 1 DAGs
[2025-02-01T15:00:15.038+0000] {logging_mixin.py:190} INFO - [2025-02-01T15:00:15.038+0000] {dag.py:4180} INFO - Setting next_dagrun for example_task_group to None, run_after=None
[2025-02-01T15:00:15.046+0000] {processor.py:208} INFO - Processing /home/airflow/.local/lib/python3.12/site-packages/airflow/example_dags/example_task_group.py took 0.034 seconds
[2025-02-01T15:00:46.277+0000] {processor.py:186} INFO - Started process (PID=2007) to work on /home/airflow/.local/lib/python3.12/site-packages/airflow/example_dags/example_task_group.py
[2025-02-01T15:00:46.278+0000] {processor.py:914} INFO - Processing file /home/airflow/.local/lib/python3.12/site-packages/airflow/example_dags/example_task_group.py for tasks to queue
[2025-02-01T15:00:46.279+0000] {logging_mixin.py:190} INFO - [2025-02-01T15:00:46.279+0000] {dagbag.py:588} INFO - Filling up the DagBag from /home/airflow/.local/lib/python3.12/site-packages/airflow/example_dags/example_task_group.py
[2025-02-01T15:00:46.284+0000] {processor.py:925} INFO - DAG(s) 'example_task_group' retrieved from /home/airflow/.local/lib/python3.12/site-packages/airflow/example_dags/example_task_group.py
[2025-02-01T15:00:46.294+0000] {logging_mixin.py:190} INFO - [2025-02-01T15:00:46.294+0000] {dag.py:3239} INFO - Sync 1 DAGs
[2025-02-01T15:00:46.300+0000] {logging_mixin.py:190} INFO - [2025-02-01T15:00:46.300+0000] {dag.py:4180} INFO - Setting next_dagrun for example_task_group to None, run_after=None
[2025-02-01T15:00:46.308+0000] {processor.py:208} INFO - Processing /home/airflow/.local/lib/python3.12/site-packages/airflow/example_dags/example_task_group.py took 0.034 seconds
[2025-02-01T15:01:17.668+0000] {processor.py:186} INFO - Started process (PID=2073) to work on /home/airflow/.local/lib/python3.12/site-packages/airflow/example_dags/example_task_group.py
[2025-02-01T15:01:17.669+0000] {processor.py:914} INFO - Processing file /home/airflow/.local/lib/python3.12/site-packages/airflow/example_dags/example_task_group.py for tasks to queue
[2025-02-01T15:01:17.670+0000] {logging_mixin.py:190} INFO - [2025-02-01T15:01:17.670+0000] {dagbag.py:588} INFO - Filling up the DagBag from /home/airflow/.local/lib/python3.12/site-packages/airflow/example_dags/example_task_group.py
[2025-02-01T15:01:17.675+0000] {processor.py:925} INFO - DAG(s) 'example_task_group' retrieved from /home/airflow/.local/lib/python3.12/site-packages/airflow/example_dags/example_task_group.py
[2025-02-01T15:01:17.689+0000] {logging_mixin.py:190} INFO - [2025-02-01T15:01:17.689+0000] {dag.py:3239} INFO - Sync 1 DAGs
[2025-02-01T15:01:17.695+0000] {logging_mixin.py:190} INFO - [2025-02-01T15:01:17.695+0000] {dag.py:4180} INFO - Setting next_dagrun for example_task_group to None, run_after=None
[2025-02-01T15:01:17.709+0000] {processor.py:208} INFO - Processing /home/airflow/.local/lib/python3.12/site-packages/airflow/example_dags/example_task_group.py took 0.044 seconds
[2025-02-01T15:01:48.852+0000] {processor.py:186} INFO - Started process (PID=2145) to work on /home/airflow/.local/lib/python3.12/site-packages/airflow/example_dags/example_task_group.py
[2025-02-01T15:01:48.852+0000] {processor.py:914} INFO - Processing file /home/airflow/.local/lib/python3.12/site-packages/airflow/example_dags/example_task_group.py for tasks to queue
[2025-02-01T15:01:48.855+0000] {logging_mixin.py:190} INFO - [2025-02-01T15:01:48.855+0000] {dagbag.py:588} INFO - Filling up the DagBag from /home/airflow/.local/lib/python3.12/site-packages/airflow/example_dags/example_task_group.py
[2025-02-01T15:01:48.860+0000] {processor.py:925} INFO - DAG(s) 'example_task_group' retrieved from /home/airflow/.local/lib/python3.12/site-packages/airflow/example_dags/example_task_group.py
[2025-02-01T15:01:48.871+0000] {logging_mixin.py:190} INFO - [2025-02-01T15:01:48.870+0000] {dag.py:3239} INFO - Sync 1 DAGs
[2025-02-01T15:01:48.877+0000] {logging_mixin.py:190} INFO - [2025-02-01T15:01:48.877+0000] {dag.py:4180} INFO - Setting next_dagrun for example_task_group to None, run_after=None
[2025-02-01T15:01:48.886+0000] {processor.py:208} INFO - Processing /home/airflow/.local/lib/python3.12/site-packages/airflow/example_dags/example_task_group.py took 0.037 seconds
[2025-02-01T15:02:19.626+0000] {processor.py:186} INFO - Started process (PID=2212) to work on /home/airflow/.local/lib/python3.12/site-packages/airflow/example_dags/example_task_group.py
[2025-02-01T15:02:19.626+0000] {processor.py:914} INFO - Processing file /home/airflow/.local/lib/python3.12/site-packages/airflow/example_dags/example_task_group.py for tasks to queue
[2025-02-01T15:02:19.627+0000] {logging_mixin.py:190} INFO - [2025-02-01T15:02:19.627+0000] {dagbag.py:588} INFO - Filling up the DagBag from /home/airflow/.local/lib/python3.12/site-packages/airflow/example_dags/example_task_group.py
[2025-02-01T15:02:19.631+0000] {processor.py:925} INFO - DAG(s) 'example_task_group' retrieved from /home/airflow/.local/lib/python3.12/site-packages/airflow/example_dags/example_task_group.py
[2025-02-01T15:02:19.642+0000] {logging_mixin.py:190} INFO - [2025-02-01T15:02:19.642+0000] {dag.py:3239} INFO - Sync 1 DAGs
[2025-02-01T15:02:19.649+0000] {logging_mixin.py:190} INFO - [2025-02-01T15:02:19.648+0000] {dag.py:4180} INFO - Setting next_dagrun for example_task_group to None, run_after=None
[2025-02-01T15:02:19.657+0000] {processor.py:208} INFO - Processing /home/airflow/.local/lib/python3.12/site-packages/airflow/example_dags/example_task_group.py took 0.034 seconds
[2025-02-01T15:02:50.793+0000] {processor.py:186} INFO - Started process (PID=2278) to work on /home/airflow/.local/lib/python3.12/site-packages/airflow/example_dags/example_task_group.py
[2025-02-01T15:02:50.795+0000] {processor.py:914} INFO - Processing file /home/airflow/.local/lib/python3.12/site-packages/airflow/example_dags/example_task_group.py for tasks to queue
[2025-02-01T15:02:50.796+0000] {logging_mixin.py:190} INFO - [2025-02-01T15:02:50.796+0000] {dagbag.py:588} INFO - Filling up the DagBag from /home/airflow/.local/lib/python3.12/site-packages/airflow/example_dags/example_task_group.py
[2025-02-01T15:02:50.801+0000] {processor.py:925} INFO - DAG(s) 'example_task_group' retrieved from /home/airflow/.local/lib/python3.12/site-packages/airflow/example_dags/example_task_group.py
[2025-02-01T15:02:50.811+0000] {logging_mixin.py:190} INFO - [2025-02-01T15:02:50.811+0000] {dag.py:3239} INFO - Sync 1 DAGs
[2025-02-01T15:02:50.818+0000] {logging_mixin.py:190} INFO - [2025-02-01T15:02:50.818+0000] {dag.py:4180} INFO - Setting next_dagrun for example_task_group to None, run_after=None
[2025-02-01T15:02:50.826+0000] {processor.py:208} INFO - Processing /home/airflow/.local/lib/python3.12/site-packages/airflow/example_dags/example_task_group.py took 0.036 seconds
[2025-02-01T15:03:21.883+0000] {processor.py:186} INFO - Started process (PID=2344) to work on /home/airflow/.local/lib/python3.12/site-packages/airflow/example_dags/example_task_group.py
[2025-02-01T15:03:21.884+0000] {processor.py:914} INFO - Processing file /home/airflow/.local/lib/python3.12/site-packages/airflow/example_dags/example_task_group.py for tasks to queue
[2025-02-01T15:03:21.885+0000] {logging_mixin.py:190} INFO - [2025-02-01T15:03:21.885+0000] {dagbag.py:588} INFO - Filling up the DagBag from /home/airflow/.local/lib/python3.12/site-packages/airflow/example_dags/example_task_group.py
[2025-02-01T15:03:21.890+0000] {processor.py:925} INFO - DAG(s) 'example_task_group' retrieved from /home/airflow/.local/lib/python3.12/site-packages/airflow/example_dags/example_task_group.py
[2025-02-01T15:03:21.899+0000] {logging_mixin.py:190} INFO - [2025-02-01T15:03:21.899+0000] {dag.py:3239} INFO - Sync 1 DAGs
[2025-02-01T15:03:21.907+0000] {logging_mixin.py:190} INFO - [2025-02-01T15:03:21.906+0000] {dag.py:4180} INFO - Setting next_dagrun for example_task_group to None, run_after=None
[2025-02-01T15:03:21.916+0000] {processor.py:208} INFO - Processing /home/airflow/.local/lib/python3.12/site-packages/airflow/example_dags/example_task_group.py took 0.035 seconds
[2025-02-01T15:03:53.011+0000] {processor.py:186} INFO - Started process (PID=2411) to work on /home/airflow/.local/lib/python3.12/site-packages/airflow/example_dags/example_task_group.py
[2025-02-01T15:03:53.012+0000] {processor.py:914} INFO - Processing file /home/airflow/.local/lib/python3.12/site-packages/airflow/example_dags/example_task_group.py for tasks to queue
[2025-02-01T15:03:53.013+0000] {logging_mixin.py:190} INFO - [2025-02-01T15:03:53.013+0000] {dagbag.py:588} INFO - Filling up the DagBag from /home/airflow/.local/lib/python3.12/site-packages/airflow/example_dags/example_task_group.py
[2025-02-01T15:03:53.019+0000] {processor.py:925} INFO - DAG(s) 'example_task_group' retrieved from /home/airflow/.local/lib/python3.12/site-packages/airflow/example_dags/example_task_group.py
[2025-02-01T15:03:53.029+0000] {logging_mixin.py:190} INFO - [2025-02-01T15:03:53.029+0000] {dag.py:3239} INFO - Sync 1 DAGs
[2025-02-01T15:03:53.036+0000] {logging_mixin.py:190} INFO - [2025-02-01T15:03:53.036+0000] {dag.py:4180} INFO - Setting next_dagrun for example_task_group to None, run_after=None
[2025-02-01T15:03:53.042+0000] {processor.py:208} INFO - Processing /home/airflow/.local/lib/python3.12/site-packages/airflow/example_dags/example_task_group.py took 0.035 seconds
[2025-02-01T15:04:24.295+0000] {processor.py:186} INFO - Started process (PID=2476) to work on /home/airflow/.local/lib/python3.12/site-packages/airflow/example_dags/example_task_group.py
[2025-02-01T15:04:24.297+0000] {processor.py:914} INFO - Processing file /home/airflow/.local/lib/python3.12/site-packages/airflow/example_dags/example_task_group.py for tasks to queue
[2025-02-01T15:04:24.298+0000] {logging_mixin.py:190} INFO - [2025-02-01T15:04:24.298+0000] {dagbag.py:588} INFO - Filling up the DagBag from /home/airflow/.local/lib/python3.12/site-packages/airflow/example_dags/example_task_group.py
[2025-02-01T15:04:24.302+0000] {processor.py:925} INFO - DAG(s) 'example_task_group' retrieved from /home/airflow/.local/lib/python3.12/site-packages/airflow/example_dags/example_task_group.py
[2025-02-01T15:04:24.314+0000] {logging_mixin.py:190} INFO - [2025-02-01T15:04:24.314+0000] {dag.py:3239} INFO - Sync 1 DAGs
[2025-02-01T15:04:24.321+0000] {logging_mixin.py:190} INFO - [2025-02-01T15:04:24.321+0000] {dag.py:4180} INFO - Setting next_dagrun for example_task_group to None, run_after=None
[2025-02-01T15:04:24.343+0000] {processor.py:208} INFO - Processing /home/airflow/.local/lib/python3.12/site-packages/airflow/example_dags/example_task_group.py took 0.052 seconds
[2025-02-01T15:04:55.607+0000] {processor.py:186} INFO - Started process (PID=2543) to work on /home/airflow/.local/lib/python3.12/site-packages/airflow/example_dags/example_task_group.py
[2025-02-01T15:04:55.608+0000] {processor.py:914} INFO - Processing file /home/airflow/.local/lib/python3.12/site-packages/airflow/example_dags/example_task_group.py for tasks to queue
[2025-02-01T15:04:55.609+0000] {logging_mixin.py:190} INFO - [2025-02-01T15:04:55.608+0000] {dagbag.py:588} INFO - Filling up the DagBag from /home/airflow/.local/lib/python3.12/site-packages/airflow/example_dags/example_task_group.py
[2025-02-01T15:04:55.612+0000] {processor.py:925} INFO - DAG(s) 'example_task_group' retrieved from /home/airflow/.local/lib/python3.12/site-packages/airflow/example_dags/example_task_group.py
[2025-02-01T15:04:55.625+0000] {logging_mixin.py:190} INFO - [2025-02-01T15:04:55.625+0000] {dag.py:3239} INFO - Sync 1 DAGs
[2025-02-01T15:04:55.633+0000] {logging_mixin.py:190} INFO - [2025-02-01T15:04:55.633+0000] {dag.py:4180} INFO - Setting next_dagrun for example_task_group to None, run_after=None
[2025-02-01T15:04:55.642+0000] {processor.py:208} INFO - Processing /home/airflow/.local/lib/python3.12/site-packages/airflow/example_dags/example_task_group.py took 0.037 seconds
[2025-02-01T15:05:26.299+0000] {processor.py:186} INFO - Started process (PID=2609) to work on /home/airflow/.local/lib/python3.12/site-packages/airflow/example_dags/example_task_group.py
[2025-02-01T15:05:26.299+0000] {processor.py:914} INFO - Processing file /home/airflow/.local/lib/python3.12/site-packages/airflow/example_dags/example_task_group.py for tasks to queue
[2025-02-01T15:05:26.300+0000] {logging_mixin.py:190} INFO - [2025-02-01T15:05:26.300+0000] {dagbag.py:588} INFO - Filling up the DagBag from /home/airflow/.local/lib/python3.12/site-packages/airflow/example_dags/example_task_group.py
[2025-02-01T15:05:26.304+0000] {processor.py:925} INFO - DAG(s) 'example_task_group' retrieved from /home/airflow/.local/lib/python3.12/site-packages/airflow/example_dags/example_task_group.py
[2025-02-01T15:05:26.314+0000] {logging_mixin.py:190} INFO - [2025-02-01T15:05:26.314+0000] {dag.py:3239} INFO - Sync 1 DAGs
[2025-02-01T15:05:26.321+0000] {logging_mixin.py:190} INFO - [2025-02-01T15:05:26.320+0000] {dag.py:4180} INFO - Setting next_dagrun for example_task_group to None, run_after=None
[2025-02-01T15:05:26.327+0000] {processor.py:208} INFO - Processing /home/airflow/.local/lib/python3.12/site-packages/airflow/example_dags/example_task_group.py took 0.031 seconds
[2025-02-01T15:05:57.823+0000] {processor.py:186} INFO - Started process (PID=2675) to work on /home/airflow/.local/lib/python3.12/site-packages/airflow/example_dags/example_task_group.py
[2025-02-01T15:05:57.823+0000] {processor.py:914} INFO - Processing file /home/airflow/.local/lib/python3.12/site-packages/airflow/example_dags/example_task_group.py for tasks to queue
[2025-02-01T15:05:57.825+0000] {logging_mixin.py:190} INFO - [2025-02-01T15:05:57.824+0000] {dagbag.py:588} INFO - Filling up the DagBag from /home/airflow/.local/lib/python3.12/site-packages/airflow/example_dags/example_task_group.py
[2025-02-01T15:05:57.829+0000] {processor.py:925} INFO - DAG(s) 'example_task_group' retrieved from /home/airflow/.local/lib/python3.12/site-packages/airflow/example_dags/example_task_group.py
[2025-02-01T15:05:57.847+0000] {logging_mixin.py:190} INFO - [2025-02-01T15:05:57.847+0000] {dag.py:3239} INFO - Sync 1 DAGs
[2025-02-01T15:05:57.855+0000] {logging_mixin.py:190} INFO - [2025-02-01T15:05:57.855+0000] {dag.py:4180} INFO - Setting next_dagrun for example_task_group to None, run_after=None
[2025-02-01T15:05:57.865+0000] {processor.py:208} INFO - Processing /home/airflow/.local/lib/python3.12/site-packages/airflow/example_dags/example_task_group.py took 0.048 seconds
[2025-02-01T15:06:28.751+0000] {processor.py:186} INFO - Started process (PID=2741) to work on /home/airflow/.local/lib/python3.12/site-packages/airflow/example_dags/example_task_group.py
[2025-02-01T15:06:28.751+0000] {processor.py:914} INFO - Processing file /home/airflow/.local/lib/python3.12/site-packages/airflow/example_dags/example_task_group.py for tasks to queue
[2025-02-01T15:06:28.752+0000] {logging_mixin.py:190} INFO - [2025-02-01T15:06:28.752+0000] {dagbag.py:588} INFO - Filling up the DagBag from /home/airflow/.local/lib/python3.12/site-packages/airflow/example_dags/example_task_group.py
[2025-02-01T15:06:28.756+0000] {processor.py:925} INFO - DAG(s) 'example_task_group' retrieved from /home/airflow/.local/lib/python3.12/site-packages/airflow/example_dags/example_task_group.py
[2025-02-01T15:06:28.764+0000] {logging_mixin.py:190} INFO - [2025-02-01T15:06:28.764+0000] {dag.py:3239} INFO - Sync 1 DAGs
[2025-02-01T15:06:28.769+0000] {logging_mixin.py:190} INFO - [2025-02-01T15:06:28.769+0000] {dag.py:4180} INFO - Setting next_dagrun for example_task_group to None, run_after=None
[2025-02-01T15:06:28.776+0000] {processor.py:208} INFO - Processing /home/airflow/.local/lib/python3.12/site-packages/airflow/example_dags/example_task_group.py took 0.027 seconds
