[2025-02-01T13:35:09.509+0000] {processor.py:186} INFO - Started process (PID=69) to work on /home/airflow/.local/lib/python3.12/site-packages/airflow/example_dags/example_local_kubernetes_executor.py
[2025-02-01T13:35:09.513+0000] {processor.py:914} INFO - Processing file /home/airflow/.local/lib/python3.12/site-packages/airflow/example_dags/example_local_kubernetes_executor.py for tasks to queue
[2025-02-01T13:35:09.518+0000] {logging_mixin.py:190} INFO - [2025-02-01T13:35:09.516+0000] {dagbag.py:588} INFO - Filling up the DagBag from /home/airflow/.local/lib/python3.12/site-packages/airflow/example_dags/example_local_kubernetes_executor.py
[2025-02-01T13:35:09.530+0000] {processor.py:925} INFO - DAG(s) 'example_local_kubernetes_executor' retrieved from /home/airflow/.local/lib/python3.12/site-packages/airflow/example_dags/example_local_kubernetes_executor.py
[2025-02-01T13:35:09.578+0000] {logging_mixin.py:190} INFO - [2025-02-01T13:35:09.578+0000] {dag.py:3239} INFO - Sync 1 DAGs
[2025-02-01T13:35:09.597+0000] {logging_mixin.py:190} INFO - [2025-02-01T13:35:09.597+0000] {dag.py:4180} INFO - Setting next_dagrun for example_local_kubernetes_executor to None, run_after=None
[2025-02-01T13:35:09.626+0000] {processor.py:208} INFO - Processing /home/airflow/.local/lib/python3.12/site-packages/airflow/example_dags/example_local_kubernetes_executor.py took 0.121 seconds
[2025-02-01T13:35:39.729+0000] {processor.py:186} INFO - Started process (PID=134) to work on /home/airflow/.local/lib/python3.12/site-packages/airflow/example_dags/example_local_kubernetes_executor.py
[2025-02-01T13:35:39.730+0000] {processor.py:914} INFO - Processing file /home/airflow/.local/lib/python3.12/site-packages/airflow/example_dags/example_local_kubernetes_executor.py for tasks to queue
[2025-02-01T13:35:39.731+0000] {logging_mixin.py:190} INFO - [2025-02-01T13:35:39.731+0000] {dagbag.py:588} INFO - Filling up the DagBag from /home/airflow/.local/lib/python3.12/site-packages/airflow/example_dags/example_local_kubernetes_executor.py
[2025-02-01T13:35:39.736+0000] {processor.py:925} INFO - DAG(s) 'example_local_kubernetes_executor' retrieved from /home/airflow/.local/lib/python3.12/site-packages/airflow/example_dags/example_local_kubernetes_executor.py
[2025-02-01T13:35:39.746+0000] {logging_mixin.py:190} INFO - [2025-02-01T13:35:39.746+0000] {dag.py:3239} INFO - Sync 1 DAGs
[2025-02-01T13:35:39.751+0000] {logging_mixin.py:190} INFO - [2025-02-01T13:35:39.751+0000] {dag.py:4180} INFO - Setting next_dagrun for example_local_kubernetes_executor to None, run_after=None
[2025-02-01T13:35:39.758+0000] {processor.py:208} INFO - Processing /home/airflow/.local/lib/python3.12/site-packages/airflow/example_dags/example_local_kubernetes_executor.py took 0.032 seconds
[2025-02-01T13:36:10.863+0000] {processor.py:186} INFO - Started process (PID=200) to work on /home/airflow/.local/lib/python3.12/site-packages/airflow/example_dags/example_local_kubernetes_executor.py
[2025-02-01T13:36:10.866+0000] {processor.py:914} INFO - Processing file /home/airflow/.local/lib/python3.12/site-packages/airflow/example_dags/example_local_kubernetes_executor.py for tasks to queue
[2025-02-01T13:36:10.867+0000] {logging_mixin.py:190} INFO - [2025-02-01T13:36:10.867+0000] {dagbag.py:588} INFO - Filling up the DagBag from /home/airflow/.local/lib/python3.12/site-packages/airflow/example_dags/example_local_kubernetes_executor.py
[2025-02-01T13:36:10.877+0000] {processor.py:925} INFO - DAG(s) 'example_local_kubernetes_executor' retrieved from /home/airflow/.local/lib/python3.12/site-packages/airflow/example_dags/example_local_kubernetes_executor.py
[2025-02-01T13:36:10.895+0000] {logging_mixin.py:190} INFO - [2025-02-01T13:36:10.895+0000] {dag.py:3239} INFO - Sync 1 DAGs
[2025-02-01T13:36:10.907+0000] {logging_mixin.py:190} INFO - [2025-02-01T13:36:10.907+0000] {dag.py:4180} INFO - Setting next_dagrun for example_local_kubernetes_executor to None, run_after=None
[2025-02-01T13:36:10.916+0000] {processor.py:208} INFO - Processing /home/airflow/.local/lib/python3.12/site-packages/airflow/example_dags/example_local_kubernetes_executor.py took 0.056 seconds
[2025-02-01T13:36:41.693+0000] {processor.py:186} INFO - Started process (PID=267) to work on /home/airflow/.local/lib/python3.12/site-packages/airflow/example_dags/example_local_kubernetes_executor.py
[2025-02-01T13:36:41.694+0000] {processor.py:914} INFO - Processing file /home/airflow/.local/lib/python3.12/site-packages/airflow/example_dags/example_local_kubernetes_executor.py for tasks to queue
[2025-02-01T13:36:41.697+0000] {logging_mixin.py:190} INFO - [2025-02-01T13:36:41.697+0000] {dagbag.py:588} INFO - Filling up the DagBag from /home/airflow/.local/lib/python3.12/site-packages/airflow/example_dags/example_local_kubernetes_executor.py
[2025-02-01T13:36:41.708+0000] {processor.py:925} INFO - DAG(s) 'example_local_kubernetes_executor' retrieved from /home/airflow/.local/lib/python3.12/site-packages/airflow/example_dags/example_local_kubernetes_executor.py
[2025-02-01T13:36:41.721+0000] {logging_mixin.py:190} INFO - [2025-02-01T13:36:41.721+0000] {dag.py:3239} INFO - Sync 1 DAGs
[2025-02-01T13:36:41.728+0000] {logging_mixin.py:190} INFO - [2025-02-01T13:36:41.728+0000] {dag.py:4180} INFO - Setting next_dagrun for example_local_kubernetes_executor to None, run_after=None
[2025-02-01T13:36:41.742+0000] {processor.py:208} INFO - Processing /home/airflow/.local/lib/python3.12/site-packages/airflow/example_dags/example_local_kubernetes_executor.py took 0.053 seconds
[2025-02-01T13:37:12.703+0000] {processor.py:186} INFO - Started process (PID=333) to work on /home/airflow/.local/lib/python3.12/site-packages/airflow/example_dags/example_local_kubernetes_executor.py
[2025-02-01T13:37:12.704+0000] {processor.py:914} INFO - Processing file /home/airflow/.local/lib/python3.12/site-packages/airflow/example_dags/example_local_kubernetes_executor.py for tasks to queue
[2025-02-01T13:37:12.706+0000] {logging_mixin.py:190} INFO - [2025-02-01T13:37:12.706+0000] {dagbag.py:588} INFO - Filling up the DagBag from /home/airflow/.local/lib/python3.12/site-packages/airflow/example_dags/example_local_kubernetes_executor.py
[2025-02-01T13:37:12.712+0000] {processor.py:925} INFO - DAG(s) 'example_local_kubernetes_executor' retrieved from /home/airflow/.local/lib/python3.12/site-packages/airflow/example_dags/example_local_kubernetes_executor.py
[2025-02-01T13:37:12.726+0000] {logging_mixin.py:190} INFO - [2025-02-01T13:37:12.726+0000] {dag.py:3239} INFO - Sync 1 DAGs
[2025-02-01T13:37:12.733+0000] {logging_mixin.py:190} INFO - [2025-02-01T13:37:12.733+0000] {dag.py:4180} INFO - Setting next_dagrun for example_local_kubernetes_executor to None, run_after=None
[2025-02-01T13:37:12.741+0000] {processor.py:208} INFO - Processing /home/airflow/.local/lib/python3.12/site-packages/airflow/example_dags/example_local_kubernetes_executor.py took 0.040 seconds
[2025-02-01T13:37:43.414+0000] {processor.py:186} INFO - Started process (PID=399) to work on /home/airflow/.local/lib/python3.12/site-packages/airflow/example_dags/example_local_kubernetes_executor.py
[2025-02-01T13:37:43.414+0000] {processor.py:914} INFO - Processing file /home/airflow/.local/lib/python3.12/site-packages/airflow/example_dags/example_local_kubernetes_executor.py for tasks to queue
[2025-02-01T13:37:43.415+0000] {logging_mixin.py:190} INFO - [2025-02-01T13:37:43.415+0000] {dagbag.py:588} INFO - Filling up the DagBag from /home/airflow/.local/lib/python3.12/site-packages/airflow/example_dags/example_local_kubernetes_executor.py
[2025-02-01T13:37:43.420+0000] {processor.py:925} INFO - DAG(s) 'example_local_kubernetes_executor' retrieved from /home/airflow/.local/lib/python3.12/site-packages/airflow/example_dags/example_local_kubernetes_executor.py
[2025-02-01T13:37:43.447+0000] {logging_mixin.py:190} INFO - [2025-02-01T13:37:43.447+0000] {dag.py:3239} INFO - Sync 1 DAGs
[2025-02-01T13:37:43.454+0000] {logging_mixin.py:190} INFO - [2025-02-01T13:37:43.454+0000] {dag.py:4180} INFO - Setting next_dagrun for example_local_kubernetes_executor to None, run_after=None
[2025-02-01T13:37:43.465+0000] {processor.py:208} INFO - Processing /home/airflow/.local/lib/python3.12/site-packages/airflow/example_dags/example_local_kubernetes_executor.py took 0.054 seconds
[2025-02-01T13:38:13.779+0000] {processor.py:186} INFO - Started process (PID=465) to work on /home/airflow/.local/lib/python3.12/site-packages/airflow/example_dags/example_local_kubernetes_executor.py
[2025-02-01T13:38:13.779+0000] {processor.py:914} INFO - Processing file /home/airflow/.local/lib/python3.12/site-packages/airflow/example_dags/example_local_kubernetes_executor.py for tasks to queue
[2025-02-01T13:38:13.781+0000] {logging_mixin.py:190} INFO - [2025-02-01T13:38:13.781+0000] {dagbag.py:588} INFO - Filling up the DagBag from /home/airflow/.local/lib/python3.12/site-packages/airflow/example_dags/example_local_kubernetes_executor.py
[2025-02-01T13:38:13.792+0000] {processor.py:925} INFO - DAG(s) 'example_local_kubernetes_executor' retrieved from /home/airflow/.local/lib/python3.12/site-packages/airflow/example_dags/example_local_kubernetes_executor.py
[2025-02-01T13:38:13.805+0000] {logging_mixin.py:190} INFO - [2025-02-01T13:38:13.804+0000] {dag.py:3239} INFO - Sync 1 DAGs
[2025-02-01T13:38:13.817+0000] {logging_mixin.py:190} INFO - [2025-02-01T13:38:13.817+0000] {dag.py:4180} INFO - Setting next_dagrun for example_local_kubernetes_executor to None, run_after=None
[2025-02-01T13:38:13.828+0000] {processor.py:208} INFO - Processing /home/airflow/.local/lib/python3.12/site-packages/airflow/example_dags/example_local_kubernetes_executor.py took 0.053 seconds
[2025-02-01T13:38:44.046+0000] {processor.py:186} INFO - Started process (PID=531) to work on /home/airflow/.local/lib/python3.12/site-packages/airflow/example_dags/example_local_kubernetes_executor.py
[2025-02-01T13:38:44.047+0000] {processor.py:914} INFO - Processing file /home/airflow/.local/lib/python3.12/site-packages/airflow/example_dags/example_local_kubernetes_executor.py for tasks to queue
[2025-02-01T13:38:44.048+0000] {logging_mixin.py:190} INFO - [2025-02-01T13:38:44.048+0000] {dagbag.py:588} INFO - Filling up the DagBag from /home/airflow/.local/lib/python3.12/site-packages/airflow/example_dags/example_local_kubernetes_executor.py
[2025-02-01T13:38:44.054+0000] {processor.py:925} INFO - DAG(s) 'example_local_kubernetes_executor' retrieved from /home/airflow/.local/lib/python3.12/site-packages/airflow/example_dags/example_local_kubernetes_executor.py
[2025-02-01T13:38:44.069+0000] {logging_mixin.py:190} INFO - [2025-02-01T13:38:44.068+0000] {dag.py:3239} INFO - Sync 1 DAGs
[2025-02-01T13:38:44.079+0000] {logging_mixin.py:190} INFO - [2025-02-01T13:38:44.079+0000] {dag.py:4180} INFO - Setting next_dagrun for example_local_kubernetes_executor to None, run_after=None
[2025-02-01T13:38:44.090+0000] {processor.py:208} INFO - Processing /home/airflow/.local/lib/python3.12/site-packages/airflow/example_dags/example_local_kubernetes_executor.py took 0.047 seconds
[2025-02-01T13:39:14.917+0000] {processor.py:186} INFO - Started process (PID=597) to work on /home/airflow/.local/lib/python3.12/site-packages/airflow/example_dags/example_local_kubernetes_executor.py
[2025-02-01T13:39:14.918+0000] {processor.py:914} INFO - Processing file /home/airflow/.local/lib/python3.12/site-packages/airflow/example_dags/example_local_kubernetes_executor.py for tasks to queue
[2025-02-01T13:39:14.919+0000] {logging_mixin.py:190} INFO - [2025-02-01T13:39:14.919+0000] {dagbag.py:588} INFO - Filling up the DagBag from /home/airflow/.local/lib/python3.12/site-packages/airflow/example_dags/example_local_kubernetes_executor.py
[2025-02-01T13:39:14.925+0000] {processor.py:925} INFO - DAG(s) 'example_local_kubernetes_executor' retrieved from /home/airflow/.local/lib/python3.12/site-packages/airflow/example_dags/example_local_kubernetes_executor.py
[2025-02-01T13:39:14.937+0000] {logging_mixin.py:190} INFO - [2025-02-01T13:39:14.937+0000] {dag.py:3239} INFO - Sync 1 DAGs
[2025-02-01T13:39:14.948+0000] {logging_mixin.py:190} INFO - [2025-02-01T13:39:14.948+0000] {dag.py:4180} INFO - Setting next_dagrun for example_local_kubernetes_executor to None, run_after=None
[2025-02-01T13:39:14.962+0000] {processor.py:208} INFO - Processing /home/airflow/.local/lib/python3.12/site-packages/airflow/example_dags/example_local_kubernetes_executor.py took 0.048 seconds
[2025-02-01T13:39:45.414+0000] {processor.py:186} INFO - Started process (PID=663) to work on /home/airflow/.local/lib/python3.12/site-packages/airflow/example_dags/example_local_kubernetes_executor.py
[2025-02-01T13:39:45.415+0000] {processor.py:914} INFO - Processing file /home/airflow/.local/lib/python3.12/site-packages/airflow/example_dags/example_local_kubernetes_executor.py for tasks to queue
[2025-02-01T13:39:45.420+0000] {logging_mixin.py:190} INFO - [2025-02-01T13:39:45.420+0000] {dagbag.py:588} INFO - Filling up the DagBag from /home/airflow/.local/lib/python3.12/site-packages/airflow/example_dags/example_local_kubernetes_executor.py
[2025-02-01T13:39:45.427+0000] {processor.py:925} INFO - DAG(s) 'example_local_kubernetes_executor' retrieved from /home/airflow/.local/lib/python3.12/site-packages/airflow/example_dags/example_local_kubernetes_executor.py
[2025-02-01T13:39:45.440+0000] {logging_mixin.py:190} INFO - [2025-02-01T13:39:45.440+0000] {dag.py:3239} INFO - Sync 1 DAGs
[2025-02-01T13:39:45.449+0000] {logging_mixin.py:190} INFO - [2025-02-01T13:39:45.449+0000] {dag.py:4180} INFO - Setting next_dagrun for example_local_kubernetes_executor to None, run_after=None
[2025-02-01T13:39:45.465+0000] {processor.py:208} INFO - Processing /home/airflow/.local/lib/python3.12/site-packages/airflow/example_dags/example_local_kubernetes_executor.py took 0.053 seconds
[2025-02-01T13:40:15.714+0000] {processor.py:186} INFO - Started process (PID=729) to work on /home/airflow/.local/lib/python3.12/site-packages/airflow/example_dags/example_local_kubernetes_executor.py
[2025-02-01T13:40:15.715+0000] {processor.py:914} INFO - Processing file /home/airflow/.local/lib/python3.12/site-packages/airflow/example_dags/example_local_kubernetes_executor.py for tasks to queue
[2025-02-01T13:40:15.717+0000] {logging_mixin.py:190} INFO - [2025-02-01T13:40:15.716+0000] {dagbag.py:588} INFO - Filling up the DagBag from /home/airflow/.local/lib/python3.12/site-packages/airflow/example_dags/example_local_kubernetes_executor.py
[2025-02-01T13:40:15.721+0000] {processor.py:925} INFO - DAG(s) 'example_local_kubernetes_executor' retrieved from /home/airflow/.local/lib/python3.12/site-packages/airflow/example_dags/example_local_kubernetes_executor.py
[2025-02-01T13:40:15.736+0000] {logging_mixin.py:190} INFO - [2025-02-01T13:40:15.736+0000] {dag.py:3239} INFO - Sync 1 DAGs
[2025-02-01T13:40:15.742+0000] {logging_mixin.py:190} INFO - [2025-02-01T13:40:15.742+0000] {dag.py:4180} INFO - Setting next_dagrun for example_local_kubernetes_executor to None, run_after=None
[2025-02-01T13:40:15.751+0000] {processor.py:208} INFO - Processing /home/airflow/.local/lib/python3.12/site-packages/airflow/example_dags/example_local_kubernetes_executor.py took 0.039 seconds
[2025-02-01T13:40:46.716+0000] {processor.py:186} INFO - Started process (PID=795) to work on /home/airflow/.local/lib/python3.12/site-packages/airflow/example_dags/example_local_kubernetes_executor.py
[2025-02-01T13:40:46.717+0000] {processor.py:914} INFO - Processing file /home/airflow/.local/lib/python3.12/site-packages/airflow/example_dags/example_local_kubernetes_executor.py for tasks to queue
[2025-02-01T13:40:46.718+0000] {logging_mixin.py:190} INFO - [2025-02-01T13:40:46.718+0000] {dagbag.py:588} INFO - Filling up the DagBag from /home/airflow/.local/lib/python3.12/site-packages/airflow/example_dags/example_local_kubernetes_executor.py
[2025-02-01T13:40:46.722+0000] {processor.py:925} INFO - DAG(s) 'example_local_kubernetes_executor' retrieved from /home/airflow/.local/lib/python3.12/site-packages/airflow/example_dags/example_local_kubernetes_executor.py
[2025-02-01T13:40:46.733+0000] {logging_mixin.py:190} INFO - [2025-02-01T13:40:46.733+0000] {dag.py:3239} INFO - Sync 1 DAGs
[2025-02-01T13:40:46.739+0000] {logging_mixin.py:190} INFO - [2025-02-01T13:40:46.739+0000] {dag.py:4180} INFO - Setting next_dagrun for example_local_kubernetes_executor to None, run_after=None
[2025-02-01T13:40:46.751+0000] {processor.py:208} INFO - Processing /home/airflow/.local/lib/python3.12/site-packages/airflow/example_dags/example_local_kubernetes_executor.py took 0.038 seconds
[2025-02-01T13:41:17.624+0000] {processor.py:186} INFO - Started process (PID=861) to work on /home/airflow/.local/lib/python3.12/site-packages/airflow/example_dags/example_local_kubernetes_executor.py
[2025-02-01T13:41:17.626+0000] {processor.py:914} INFO - Processing file /home/airflow/.local/lib/python3.12/site-packages/airflow/example_dags/example_local_kubernetes_executor.py for tasks to queue
[2025-02-01T13:41:17.629+0000] {logging_mixin.py:190} INFO - [2025-02-01T13:41:17.629+0000] {dagbag.py:588} INFO - Filling up the DagBag from /home/airflow/.local/lib/python3.12/site-packages/airflow/example_dags/example_local_kubernetes_executor.py
[2025-02-01T13:41:17.639+0000] {processor.py:925} INFO - DAG(s) 'example_local_kubernetes_executor' retrieved from /home/airflow/.local/lib/python3.12/site-packages/airflow/example_dags/example_local_kubernetes_executor.py
[2025-02-01T13:41:17.652+0000] {logging_mixin.py:190} INFO - [2025-02-01T13:41:17.652+0000] {dag.py:3239} INFO - Sync 1 DAGs
[2025-02-01T13:41:17.659+0000] {logging_mixin.py:190} INFO - [2025-02-01T13:41:17.659+0000] {dag.py:4180} INFO - Setting next_dagrun for example_local_kubernetes_executor to None, run_after=None
[2025-02-01T13:41:17.671+0000] {processor.py:208} INFO - Processing /home/airflow/.local/lib/python3.12/site-packages/airflow/example_dags/example_local_kubernetes_executor.py took 0.051 seconds
[2025-02-01T13:41:48.181+0000] {processor.py:186} INFO - Started process (PID=927) to work on /home/airflow/.local/lib/python3.12/site-packages/airflow/example_dags/example_local_kubernetes_executor.py
[2025-02-01T13:41:48.182+0000] {processor.py:914} INFO - Processing file /home/airflow/.local/lib/python3.12/site-packages/airflow/example_dags/example_local_kubernetes_executor.py for tasks to queue
[2025-02-01T13:41:48.183+0000] {logging_mixin.py:190} INFO - [2025-02-01T13:41:48.183+0000] {dagbag.py:588} INFO - Filling up the DagBag from /home/airflow/.local/lib/python3.12/site-packages/airflow/example_dags/example_local_kubernetes_executor.py
[2025-02-01T13:41:48.189+0000] {processor.py:925} INFO - DAG(s) 'example_local_kubernetes_executor' retrieved from /home/airflow/.local/lib/python3.12/site-packages/airflow/example_dags/example_local_kubernetes_executor.py
[2025-02-01T13:41:48.200+0000] {logging_mixin.py:190} INFO - [2025-02-01T13:41:48.200+0000] {dag.py:3239} INFO - Sync 1 DAGs
[2025-02-01T13:41:48.209+0000] {logging_mixin.py:190} INFO - [2025-02-01T13:41:48.209+0000] {dag.py:4180} INFO - Setting next_dagrun for example_local_kubernetes_executor to None, run_after=None
[2025-02-01T13:41:48.217+0000] {processor.py:208} INFO - Processing /home/airflow/.local/lib/python3.12/site-packages/airflow/example_dags/example_local_kubernetes_executor.py took 0.038 seconds
[2025-02-01T13:42:18.418+0000] {processor.py:186} INFO - Started process (PID=993) to work on /home/airflow/.local/lib/python3.12/site-packages/airflow/example_dags/example_local_kubernetes_executor.py
[2025-02-01T13:42:18.419+0000] {processor.py:914} INFO - Processing file /home/airflow/.local/lib/python3.12/site-packages/airflow/example_dags/example_local_kubernetes_executor.py for tasks to queue
[2025-02-01T13:42:18.420+0000] {logging_mixin.py:190} INFO - [2025-02-01T13:42:18.420+0000] {dagbag.py:588} INFO - Filling up the DagBag from /home/airflow/.local/lib/python3.12/site-packages/airflow/example_dags/example_local_kubernetes_executor.py
[2025-02-01T13:42:18.426+0000] {processor.py:925} INFO - DAG(s) 'example_local_kubernetes_executor' retrieved from /home/airflow/.local/lib/python3.12/site-packages/airflow/example_dags/example_local_kubernetes_executor.py
[2025-02-01T13:42:18.440+0000] {logging_mixin.py:190} INFO - [2025-02-01T13:42:18.440+0000] {dag.py:3239} INFO - Sync 1 DAGs
[2025-02-01T13:42:18.446+0000] {logging_mixin.py:190} INFO - [2025-02-01T13:42:18.446+0000] {dag.py:4180} INFO - Setting next_dagrun for example_local_kubernetes_executor to None, run_after=None
[2025-02-01T13:42:18.459+0000] {processor.py:208} INFO - Processing /home/airflow/.local/lib/python3.12/site-packages/airflow/example_dags/example_local_kubernetes_executor.py took 0.044 seconds
[2025-02-01T14:45:43.789+0000] {processor.py:186} INFO - Started process (PID=66) to work on /home/airflow/.local/lib/python3.12/site-packages/airflow/example_dags/example_local_kubernetes_executor.py
[2025-02-01T14:45:43.793+0000] {processor.py:914} INFO - Processing file /home/airflow/.local/lib/python3.12/site-packages/airflow/example_dags/example_local_kubernetes_executor.py for tasks to queue
[2025-02-01T14:45:43.794+0000] {logging_mixin.py:190} INFO - [2025-02-01T14:45:43.794+0000] {dagbag.py:588} INFO - Filling up the DagBag from /home/airflow/.local/lib/python3.12/site-packages/airflow/example_dags/example_local_kubernetes_executor.py
[2025-02-01T14:45:43.800+0000] {processor.py:925} INFO - DAG(s) 'example_local_kubernetes_executor' retrieved from /home/airflow/.local/lib/python3.12/site-packages/airflow/example_dags/example_local_kubernetes_executor.py
[2025-02-01T14:45:43.812+0000] {logging_mixin.py:190} INFO - [2025-02-01T14:45:43.812+0000] {dag.py:3239} INFO - Sync 1 DAGs
[2025-02-01T14:45:43.819+0000] {logging_mixin.py:190} INFO - [2025-02-01T14:45:43.819+0000] {dag.py:4180} INFO - Setting next_dagrun for example_local_kubernetes_executor to None, run_after=None
[2025-02-01T14:45:43.829+0000] {processor.py:208} INFO - Processing /home/airflow/.local/lib/python3.12/site-packages/airflow/example_dags/example_local_kubernetes_executor.py took 0.043 seconds
[2025-02-01T14:46:14.468+0000] {processor.py:186} INFO - Started process (PID=132) to work on /home/airflow/.local/lib/python3.12/site-packages/airflow/example_dags/example_local_kubernetes_executor.py
[2025-02-01T14:46:14.469+0000] {processor.py:914} INFO - Processing file /home/airflow/.local/lib/python3.12/site-packages/airflow/example_dags/example_local_kubernetes_executor.py for tasks to queue
[2025-02-01T14:46:14.470+0000] {logging_mixin.py:190} INFO - [2025-02-01T14:46:14.470+0000] {dagbag.py:588} INFO - Filling up the DagBag from /home/airflow/.local/lib/python3.12/site-packages/airflow/example_dags/example_local_kubernetes_executor.py
[2025-02-01T14:46:14.476+0000] {processor.py:925} INFO - DAG(s) 'example_local_kubernetes_executor' retrieved from /home/airflow/.local/lib/python3.12/site-packages/airflow/example_dags/example_local_kubernetes_executor.py
[2025-02-01T14:46:14.489+0000] {logging_mixin.py:190} INFO - [2025-02-01T14:46:14.488+0000] {dag.py:3239} INFO - Sync 1 DAGs
[2025-02-01T14:46:14.495+0000] {logging_mixin.py:190} INFO - [2025-02-01T14:46:14.495+0000] {dag.py:4180} INFO - Setting next_dagrun for example_local_kubernetes_executor to None, run_after=None
[2025-02-01T14:46:14.508+0000] {processor.py:208} INFO - Processing /home/airflow/.local/lib/python3.12/site-packages/airflow/example_dags/example_local_kubernetes_executor.py took 0.045 seconds
[2025-02-01T14:46:44.597+0000] {processor.py:186} INFO - Started process (PID=197) to work on /home/airflow/.local/lib/python3.12/site-packages/airflow/example_dags/example_local_kubernetes_executor.py
[2025-02-01T14:46:44.598+0000] {processor.py:914} INFO - Processing file /home/airflow/.local/lib/python3.12/site-packages/airflow/example_dags/example_local_kubernetes_executor.py for tasks to queue
[2025-02-01T14:46:44.599+0000] {logging_mixin.py:190} INFO - [2025-02-01T14:46:44.599+0000] {dagbag.py:588} INFO - Filling up the DagBag from /home/airflow/.local/lib/python3.12/site-packages/airflow/example_dags/example_local_kubernetes_executor.py
[2025-02-01T14:46:44.606+0000] {processor.py:925} INFO - DAG(s) 'example_local_kubernetes_executor' retrieved from /home/airflow/.local/lib/python3.12/site-packages/airflow/example_dags/example_local_kubernetes_executor.py
[2025-02-01T14:46:44.622+0000] {logging_mixin.py:190} INFO - [2025-02-01T14:46:44.621+0000] {dag.py:3239} INFO - Sync 1 DAGs
[2025-02-01T14:46:44.628+0000] {logging_mixin.py:190} INFO - [2025-02-01T14:46:44.628+0000] {dag.py:4180} INFO - Setting next_dagrun for example_local_kubernetes_executor to None, run_after=None
[2025-02-01T14:46:44.645+0000] {processor.py:208} INFO - Processing /home/airflow/.local/lib/python3.12/site-packages/airflow/example_dags/example_local_kubernetes_executor.py took 0.051 seconds
[2025-02-01T14:47:15.543+0000] {processor.py:186} INFO - Started process (PID=263) to work on /home/airflow/.local/lib/python3.12/site-packages/airflow/example_dags/example_local_kubernetes_executor.py
[2025-02-01T14:47:15.544+0000] {processor.py:914} INFO - Processing file /home/airflow/.local/lib/python3.12/site-packages/airflow/example_dags/example_local_kubernetes_executor.py for tasks to queue
[2025-02-01T14:47:15.549+0000] {logging_mixin.py:190} INFO - [2025-02-01T14:47:15.549+0000] {dagbag.py:588} INFO - Filling up the DagBag from /home/airflow/.local/lib/python3.12/site-packages/airflow/example_dags/example_local_kubernetes_executor.py
[2025-02-01T14:47:15.555+0000] {processor.py:925} INFO - DAG(s) 'example_local_kubernetes_executor' retrieved from /home/airflow/.local/lib/python3.12/site-packages/airflow/example_dags/example_local_kubernetes_executor.py
[2025-02-01T14:47:15.566+0000] {logging_mixin.py:190} INFO - [2025-02-01T14:47:15.566+0000] {dag.py:3239} INFO - Sync 1 DAGs
[2025-02-01T14:47:15.576+0000] {logging_mixin.py:190} INFO - [2025-02-01T14:47:15.576+0000] {dag.py:4180} INFO - Setting next_dagrun for example_local_kubernetes_executor to None, run_after=None
[2025-02-01T14:47:15.590+0000] {processor.py:208} INFO - Processing /home/airflow/.local/lib/python3.12/site-packages/airflow/example_dags/example_local_kubernetes_executor.py took 0.049 seconds
[2025-02-01T14:47:45.894+0000] {processor.py:186} INFO - Started process (PID=329) to work on /home/airflow/.local/lib/python3.12/site-packages/airflow/example_dags/example_local_kubernetes_executor.py
[2025-02-01T14:47:45.895+0000] {processor.py:914} INFO - Processing file /home/airflow/.local/lib/python3.12/site-packages/airflow/example_dags/example_local_kubernetes_executor.py for tasks to queue
[2025-02-01T14:47:45.896+0000] {logging_mixin.py:190} INFO - [2025-02-01T14:47:45.896+0000] {dagbag.py:588} INFO - Filling up the DagBag from /home/airflow/.local/lib/python3.12/site-packages/airflow/example_dags/example_local_kubernetes_executor.py
[2025-02-01T14:47:45.902+0000] {processor.py:925} INFO - DAG(s) 'example_local_kubernetes_executor' retrieved from /home/airflow/.local/lib/python3.12/site-packages/airflow/example_dags/example_local_kubernetes_executor.py
[2025-02-01T14:47:45.915+0000] {logging_mixin.py:190} INFO - [2025-02-01T14:47:45.915+0000] {dag.py:3239} INFO - Sync 1 DAGs
[2025-02-01T14:47:45.922+0000] {logging_mixin.py:190} INFO - [2025-02-01T14:47:45.922+0000] {dag.py:4180} INFO - Setting next_dagrun for example_local_kubernetes_executor to None, run_after=None
[2025-02-01T14:47:45.940+0000] {processor.py:208} INFO - Processing /home/airflow/.local/lib/python3.12/site-packages/airflow/example_dags/example_local_kubernetes_executor.py took 0.048 seconds
[2025-02-01T14:48:16.588+0000] {processor.py:186} INFO - Started process (PID=401) to work on /home/airflow/.local/lib/python3.12/site-packages/airflow/example_dags/example_local_kubernetes_executor.py
[2025-02-01T14:48:16.589+0000] {processor.py:914} INFO - Processing file /home/airflow/.local/lib/python3.12/site-packages/airflow/example_dags/example_local_kubernetes_executor.py for tasks to queue
[2025-02-01T14:48:16.590+0000] {logging_mixin.py:190} INFO - [2025-02-01T14:48:16.590+0000] {dagbag.py:588} INFO - Filling up the DagBag from /home/airflow/.local/lib/python3.12/site-packages/airflow/example_dags/example_local_kubernetes_executor.py
[2025-02-01T14:48:16.596+0000] {processor.py:925} INFO - DAG(s) 'example_local_kubernetes_executor' retrieved from /home/airflow/.local/lib/python3.12/site-packages/airflow/example_dags/example_local_kubernetes_executor.py
[2025-02-01T14:48:16.607+0000] {logging_mixin.py:190} INFO - [2025-02-01T14:48:16.607+0000] {dag.py:3239} INFO - Sync 1 DAGs
[2025-02-01T14:48:16.615+0000] {logging_mixin.py:190} INFO - [2025-02-01T14:48:16.615+0000] {dag.py:4180} INFO - Setting next_dagrun for example_local_kubernetes_executor to None, run_after=None
[2025-02-01T14:48:16.629+0000] {processor.py:208} INFO - Processing /home/airflow/.local/lib/python3.12/site-packages/airflow/example_dags/example_local_kubernetes_executor.py took 0.044 seconds
[2025-02-01T14:48:47.542+0000] {processor.py:186} INFO - Started process (PID=467) to work on /home/airflow/.local/lib/python3.12/site-packages/airflow/example_dags/example_local_kubernetes_executor.py
[2025-02-01T14:48:47.544+0000] {processor.py:914} INFO - Processing file /home/airflow/.local/lib/python3.12/site-packages/airflow/example_dags/example_local_kubernetes_executor.py for tasks to queue
[2025-02-01T14:48:47.545+0000] {logging_mixin.py:190} INFO - [2025-02-01T14:48:47.545+0000] {dagbag.py:588} INFO - Filling up the DagBag from /home/airflow/.local/lib/python3.12/site-packages/airflow/example_dags/example_local_kubernetes_executor.py
[2025-02-01T14:48:47.551+0000] {processor.py:925} INFO - DAG(s) 'example_local_kubernetes_executor' retrieved from /home/airflow/.local/lib/python3.12/site-packages/airflow/example_dags/example_local_kubernetes_executor.py
[2025-02-01T14:48:47.581+0000] {logging_mixin.py:190} INFO - [2025-02-01T14:48:47.581+0000] {dag.py:3239} INFO - Sync 1 DAGs
[2025-02-01T14:48:47.603+0000] {logging_mixin.py:190} INFO - [2025-02-01T14:48:47.603+0000] {dag.py:4180} INFO - Setting next_dagrun for example_local_kubernetes_executor to None, run_after=None
[2025-02-01T14:48:47.629+0000] {processor.py:208} INFO - Processing /home/airflow/.local/lib/python3.12/site-packages/airflow/example_dags/example_local_kubernetes_executor.py took 0.091 seconds
[2025-02-01T14:49:18.506+0000] {processor.py:186} INFO - Started process (PID=533) to work on /home/airflow/.local/lib/python3.12/site-packages/airflow/example_dags/example_local_kubernetes_executor.py
[2025-02-01T14:49:18.508+0000] {processor.py:914} INFO - Processing file /home/airflow/.local/lib/python3.12/site-packages/airflow/example_dags/example_local_kubernetes_executor.py for tasks to queue
[2025-02-01T14:49:18.510+0000] {logging_mixin.py:190} INFO - [2025-02-01T14:49:18.510+0000] {dagbag.py:588} INFO - Filling up the DagBag from /home/airflow/.local/lib/python3.12/site-packages/airflow/example_dags/example_local_kubernetes_executor.py
[2025-02-01T14:49:18.516+0000] {processor.py:925} INFO - DAG(s) 'example_local_kubernetes_executor' retrieved from /home/airflow/.local/lib/python3.12/site-packages/airflow/example_dags/example_local_kubernetes_executor.py
[2025-02-01T14:49:18.532+0000] {logging_mixin.py:190} INFO - [2025-02-01T14:49:18.532+0000] {dag.py:3239} INFO - Sync 1 DAGs
[2025-02-01T14:49:18.539+0000] {logging_mixin.py:190} INFO - [2025-02-01T14:49:18.539+0000] {dag.py:4180} INFO - Setting next_dagrun for example_local_kubernetes_executor to None, run_after=None
[2025-02-01T14:49:18.557+0000] {processor.py:208} INFO - Processing /home/airflow/.local/lib/python3.12/site-packages/airflow/example_dags/example_local_kubernetes_executor.py took 0.055 seconds
[2025-02-01T14:49:48.735+0000] {processor.py:186} INFO - Started process (PID=599) to work on /home/airflow/.local/lib/python3.12/site-packages/airflow/example_dags/example_local_kubernetes_executor.py
[2025-02-01T14:49:48.736+0000] {processor.py:914} INFO - Processing file /home/airflow/.local/lib/python3.12/site-packages/airflow/example_dags/example_local_kubernetes_executor.py for tasks to queue
[2025-02-01T14:49:48.738+0000] {logging_mixin.py:190} INFO - [2025-02-01T14:49:48.737+0000] {dagbag.py:588} INFO - Filling up the DagBag from /home/airflow/.local/lib/python3.12/site-packages/airflow/example_dags/example_local_kubernetes_executor.py
[2025-02-01T14:49:48.746+0000] {processor.py:925} INFO - DAG(s) 'example_local_kubernetes_executor' retrieved from /home/airflow/.local/lib/python3.12/site-packages/airflow/example_dags/example_local_kubernetes_executor.py
[2025-02-01T14:49:48.764+0000] {logging_mixin.py:190} INFO - [2025-02-01T14:49:48.763+0000] {dag.py:3239} INFO - Sync 1 DAGs
[2025-02-01T14:49:48.773+0000] {logging_mixin.py:190} INFO - [2025-02-01T14:49:48.773+0000] {dag.py:4180} INFO - Setting next_dagrun for example_local_kubernetes_executor to None, run_after=None
[2025-02-01T14:49:48.794+0000] {processor.py:208} INFO - Processing /home/airflow/.local/lib/python3.12/site-packages/airflow/example_dags/example_local_kubernetes_executor.py took 0.065 seconds
[2025-02-01T14:50:19.646+0000] {processor.py:186} INFO - Started process (PID=665) to work on /home/airflow/.local/lib/python3.12/site-packages/airflow/example_dags/example_local_kubernetes_executor.py
[2025-02-01T14:50:19.647+0000] {processor.py:914} INFO - Processing file /home/airflow/.local/lib/python3.12/site-packages/airflow/example_dags/example_local_kubernetes_executor.py for tasks to queue
[2025-02-01T14:50:19.649+0000] {logging_mixin.py:190} INFO - [2025-02-01T14:50:19.648+0000] {dagbag.py:588} INFO - Filling up the DagBag from /home/airflow/.local/lib/python3.12/site-packages/airflow/example_dags/example_local_kubernetes_executor.py
[2025-02-01T14:50:19.654+0000] {processor.py:925} INFO - DAG(s) 'example_local_kubernetes_executor' retrieved from /home/airflow/.local/lib/python3.12/site-packages/airflow/example_dags/example_local_kubernetes_executor.py
[2025-02-01T14:50:19.666+0000] {logging_mixin.py:190} INFO - [2025-02-01T14:50:19.666+0000] {dag.py:3239} INFO - Sync 1 DAGs
[2025-02-01T14:50:19.671+0000] {logging_mixin.py:190} INFO - [2025-02-01T14:50:19.671+0000] {dag.py:4180} INFO - Setting next_dagrun for example_local_kubernetes_executor to None, run_after=None
[2025-02-01T14:50:19.678+0000] {processor.py:208} INFO - Processing /home/airflow/.local/lib/python3.12/site-packages/airflow/example_dags/example_local_kubernetes_executor.py took 0.035 seconds
[2025-02-01T14:50:50.635+0000] {processor.py:186} INFO - Started process (PID=731) to work on /home/airflow/.local/lib/python3.12/site-packages/airflow/example_dags/example_local_kubernetes_executor.py
[2025-02-01T14:50:50.636+0000] {processor.py:914} INFO - Processing file /home/airflow/.local/lib/python3.12/site-packages/airflow/example_dags/example_local_kubernetes_executor.py for tasks to queue
[2025-02-01T14:50:50.637+0000] {logging_mixin.py:190} INFO - [2025-02-01T14:50:50.637+0000] {dagbag.py:588} INFO - Filling up the DagBag from /home/airflow/.local/lib/python3.12/site-packages/airflow/example_dags/example_local_kubernetes_executor.py
[2025-02-01T14:50:50.645+0000] {processor.py:925} INFO - DAG(s) 'example_local_kubernetes_executor' retrieved from /home/airflow/.local/lib/python3.12/site-packages/airflow/example_dags/example_local_kubernetes_executor.py
[2025-02-01T14:50:50.658+0000] {logging_mixin.py:190} INFO - [2025-02-01T14:50:50.658+0000] {dag.py:3239} INFO - Sync 1 DAGs
[2025-02-01T14:50:50.671+0000] {logging_mixin.py:190} INFO - [2025-02-01T14:50:50.671+0000] {dag.py:4180} INFO - Setting next_dagrun for example_local_kubernetes_executor to None, run_after=None
[2025-02-01T14:50:50.682+0000] {processor.py:208} INFO - Processing /home/airflow/.local/lib/python3.12/site-packages/airflow/example_dags/example_local_kubernetes_executor.py took 0.051 seconds
[2025-02-01T14:51:21.588+0000] {processor.py:186} INFO - Started process (PID=797) to work on /home/airflow/.local/lib/python3.12/site-packages/airflow/example_dags/example_local_kubernetes_executor.py
[2025-02-01T14:51:21.589+0000] {processor.py:914} INFO - Processing file /home/airflow/.local/lib/python3.12/site-packages/airflow/example_dags/example_local_kubernetes_executor.py for tasks to queue
[2025-02-01T14:51:21.591+0000] {logging_mixin.py:190} INFO - [2025-02-01T14:51:21.591+0000] {dagbag.py:588} INFO - Filling up the DagBag from /home/airflow/.local/lib/python3.12/site-packages/airflow/example_dags/example_local_kubernetes_executor.py
[2025-02-01T14:51:21.599+0000] {processor.py:925} INFO - DAG(s) 'example_local_kubernetes_executor' retrieved from /home/airflow/.local/lib/python3.12/site-packages/airflow/example_dags/example_local_kubernetes_executor.py
[2025-02-01T14:51:21.610+0000] {logging_mixin.py:190} INFO - [2025-02-01T14:51:21.610+0000] {dag.py:3239} INFO - Sync 1 DAGs
[2025-02-01T14:51:21.620+0000] {logging_mixin.py:190} INFO - [2025-02-01T14:51:21.620+0000] {dag.py:4180} INFO - Setting next_dagrun for example_local_kubernetes_executor to None, run_after=None
[2025-02-01T14:51:21.631+0000] {processor.py:208} INFO - Processing /home/airflow/.local/lib/python3.12/site-packages/airflow/example_dags/example_local_kubernetes_executor.py took 0.046 seconds
[2025-02-01T14:51:51.791+0000] {processor.py:186} INFO - Started process (PID=863) to work on /home/airflow/.local/lib/python3.12/site-packages/airflow/example_dags/example_local_kubernetes_executor.py
[2025-02-01T14:51:51.791+0000] {processor.py:914} INFO - Processing file /home/airflow/.local/lib/python3.12/site-packages/airflow/example_dags/example_local_kubernetes_executor.py for tasks to queue
[2025-02-01T14:51:51.792+0000] {logging_mixin.py:190} INFO - [2025-02-01T14:51:51.792+0000] {dagbag.py:588} INFO - Filling up the DagBag from /home/airflow/.local/lib/python3.12/site-packages/airflow/example_dags/example_local_kubernetes_executor.py
[2025-02-01T14:51:51.797+0000] {processor.py:925} INFO - DAG(s) 'example_local_kubernetes_executor' retrieved from /home/airflow/.local/lib/python3.12/site-packages/airflow/example_dags/example_local_kubernetes_executor.py
[2025-02-01T14:51:51.807+0000] {logging_mixin.py:190} INFO - [2025-02-01T14:51:51.807+0000] {dag.py:3239} INFO - Sync 1 DAGs
[2025-02-01T14:51:51.812+0000] {logging_mixin.py:190} INFO - [2025-02-01T14:51:51.812+0000] {dag.py:4180} INFO - Setting next_dagrun for example_local_kubernetes_executor to None, run_after=None
[2025-02-01T14:51:51.818+0000] {processor.py:208} INFO - Processing /home/airflow/.local/lib/python3.12/site-packages/airflow/example_dags/example_local_kubernetes_executor.py took 0.030 seconds
[2025-02-01T14:52:22.323+0000] {processor.py:186} INFO - Started process (PID=929) to work on /home/airflow/.local/lib/python3.12/site-packages/airflow/example_dags/example_local_kubernetes_executor.py
[2025-02-01T14:52:22.325+0000] {processor.py:914} INFO - Processing file /home/airflow/.local/lib/python3.12/site-packages/airflow/example_dags/example_local_kubernetes_executor.py for tasks to queue
[2025-02-01T14:52:22.328+0000] {logging_mixin.py:190} INFO - [2025-02-01T14:52:22.328+0000] {dagbag.py:588} INFO - Filling up the DagBag from /home/airflow/.local/lib/python3.12/site-packages/airflow/example_dags/example_local_kubernetes_executor.py
[2025-02-01T14:52:22.338+0000] {processor.py:925} INFO - DAG(s) 'example_local_kubernetes_executor' retrieved from /home/airflow/.local/lib/python3.12/site-packages/airflow/example_dags/example_local_kubernetes_executor.py
[2025-02-01T14:52:22.373+0000] {logging_mixin.py:190} INFO - [2025-02-01T14:52:22.372+0000] {dag.py:3239} INFO - Sync 1 DAGs
[2025-02-01T14:52:22.383+0000] {logging_mixin.py:190} INFO - [2025-02-01T14:52:22.383+0000] {dag.py:4180} INFO - Setting next_dagrun for example_local_kubernetes_executor to None, run_after=None
[2025-02-01T14:52:22.395+0000] {processor.py:208} INFO - Processing /home/airflow/.local/lib/python3.12/site-packages/airflow/example_dags/example_local_kubernetes_executor.py took 0.076 seconds
[2025-02-01T14:52:53.104+0000] {processor.py:186} INFO - Started process (PID=995) to work on /home/airflow/.local/lib/python3.12/site-packages/airflow/example_dags/example_local_kubernetes_executor.py
[2025-02-01T14:52:53.105+0000] {processor.py:914} INFO - Processing file /home/airflow/.local/lib/python3.12/site-packages/airflow/example_dags/example_local_kubernetes_executor.py for tasks to queue
[2025-02-01T14:52:53.107+0000] {logging_mixin.py:190} INFO - [2025-02-01T14:52:53.107+0000] {dagbag.py:588} INFO - Filling up the DagBag from /home/airflow/.local/lib/python3.12/site-packages/airflow/example_dags/example_local_kubernetes_executor.py
[2025-02-01T14:52:53.113+0000] {processor.py:925} INFO - DAG(s) 'example_local_kubernetes_executor' retrieved from /home/airflow/.local/lib/python3.12/site-packages/airflow/example_dags/example_local_kubernetes_executor.py
[2025-02-01T14:52:53.127+0000] {logging_mixin.py:190} INFO - [2025-02-01T14:52:53.127+0000] {dag.py:3239} INFO - Sync 1 DAGs
[2025-02-01T14:52:53.138+0000] {logging_mixin.py:190} INFO - [2025-02-01T14:52:53.137+0000] {dag.py:4180} INFO - Setting next_dagrun for example_local_kubernetes_executor to None, run_after=None
[2025-02-01T14:52:53.148+0000] {processor.py:208} INFO - Processing /home/airflow/.local/lib/python3.12/site-packages/airflow/example_dags/example_local_kubernetes_executor.py took 0.049 seconds
[2025-02-01T14:53:23.253+0000] {processor.py:186} INFO - Started process (PID=1061) to work on /home/airflow/.local/lib/python3.12/site-packages/airflow/example_dags/example_local_kubernetes_executor.py
[2025-02-01T14:53:23.253+0000] {processor.py:914} INFO - Processing file /home/airflow/.local/lib/python3.12/site-packages/airflow/example_dags/example_local_kubernetes_executor.py for tasks to queue
[2025-02-01T14:53:23.254+0000] {logging_mixin.py:190} INFO - [2025-02-01T14:53:23.254+0000] {dagbag.py:588} INFO - Filling up the DagBag from /home/airflow/.local/lib/python3.12/site-packages/airflow/example_dags/example_local_kubernetes_executor.py
[2025-02-01T14:53:23.260+0000] {processor.py:925} INFO - DAG(s) 'example_local_kubernetes_executor' retrieved from /home/airflow/.local/lib/python3.12/site-packages/airflow/example_dags/example_local_kubernetes_executor.py
[2025-02-01T14:53:23.273+0000] {logging_mixin.py:190} INFO - [2025-02-01T14:53:23.273+0000] {dag.py:3239} INFO - Sync 1 DAGs
[2025-02-01T14:53:23.281+0000] {logging_mixin.py:190} INFO - [2025-02-01T14:53:23.281+0000] {dag.py:4180} INFO - Setting next_dagrun for example_local_kubernetes_executor to None, run_after=None
[2025-02-01T14:53:23.289+0000] {processor.py:208} INFO - Processing /home/airflow/.local/lib/python3.12/site-packages/airflow/example_dags/example_local_kubernetes_executor.py took 0.040 seconds
[2025-02-01T14:53:54.027+0000] {processor.py:186} INFO - Started process (PID=1127) to work on /home/airflow/.local/lib/python3.12/site-packages/airflow/example_dags/example_local_kubernetes_executor.py
[2025-02-01T14:53:54.028+0000] {processor.py:914} INFO - Processing file /home/airflow/.local/lib/python3.12/site-packages/airflow/example_dags/example_local_kubernetes_executor.py for tasks to queue
[2025-02-01T14:53:54.031+0000] {logging_mixin.py:190} INFO - [2025-02-01T14:53:54.031+0000] {dagbag.py:588} INFO - Filling up the DagBag from /home/airflow/.local/lib/python3.12/site-packages/airflow/example_dags/example_local_kubernetes_executor.py
[2025-02-01T14:53:54.037+0000] {processor.py:925} INFO - DAG(s) 'example_local_kubernetes_executor' retrieved from /home/airflow/.local/lib/python3.12/site-packages/airflow/example_dags/example_local_kubernetes_executor.py
[2025-02-01T14:53:54.050+0000] {logging_mixin.py:190} INFO - [2025-02-01T14:53:54.050+0000] {dag.py:3239} INFO - Sync 1 DAGs
[2025-02-01T14:53:54.058+0000] {logging_mixin.py:190} INFO - [2025-02-01T14:53:54.058+0000] {dag.py:4180} INFO - Setting next_dagrun for example_local_kubernetes_executor to None, run_after=None
[2025-02-01T14:53:54.067+0000] {processor.py:208} INFO - Processing /home/airflow/.local/lib/python3.12/site-packages/airflow/example_dags/example_local_kubernetes_executor.py took 0.044 seconds
[2025-02-01T14:54:24.167+0000] {processor.py:186} INFO - Started process (PID=1193) to work on /home/airflow/.local/lib/python3.12/site-packages/airflow/example_dags/example_local_kubernetes_executor.py
[2025-02-01T14:54:24.168+0000] {processor.py:914} INFO - Processing file /home/airflow/.local/lib/python3.12/site-packages/airflow/example_dags/example_local_kubernetes_executor.py for tasks to queue
[2025-02-01T14:54:24.171+0000] {logging_mixin.py:190} INFO - [2025-02-01T14:54:24.171+0000] {dagbag.py:588} INFO - Filling up the DagBag from /home/airflow/.local/lib/python3.12/site-packages/airflow/example_dags/example_local_kubernetes_executor.py
[2025-02-01T14:54:24.176+0000] {processor.py:925} INFO - DAG(s) 'example_local_kubernetes_executor' retrieved from /home/airflow/.local/lib/python3.12/site-packages/airflow/example_dags/example_local_kubernetes_executor.py
[2025-02-01T14:54:24.188+0000] {logging_mixin.py:190} INFO - [2025-02-01T14:54:24.187+0000] {dag.py:3239} INFO - Sync 1 DAGs
[2025-02-01T14:54:24.196+0000] {logging_mixin.py:190} INFO - [2025-02-01T14:54:24.196+0000] {dag.py:4180} INFO - Setting next_dagrun for example_local_kubernetes_executor to None, run_after=None
[2025-02-01T14:54:24.208+0000] {processor.py:208} INFO - Processing /home/airflow/.local/lib/python3.12/site-packages/airflow/example_dags/example_local_kubernetes_executor.py took 0.045 seconds
[2025-02-01T14:54:55.023+0000] {processor.py:186} INFO - Started process (PID=1259) to work on /home/airflow/.local/lib/python3.12/site-packages/airflow/example_dags/example_local_kubernetes_executor.py
[2025-02-01T14:54:55.024+0000] {processor.py:914} INFO - Processing file /home/airflow/.local/lib/python3.12/site-packages/airflow/example_dags/example_local_kubernetes_executor.py for tasks to queue
[2025-02-01T14:54:55.025+0000] {logging_mixin.py:190} INFO - [2025-02-01T14:54:55.025+0000] {dagbag.py:588} INFO - Filling up the DagBag from /home/airflow/.local/lib/python3.12/site-packages/airflow/example_dags/example_local_kubernetes_executor.py
[2025-02-01T14:54:55.030+0000] {processor.py:925} INFO - DAG(s) 'example_local_kubernetes_executor' retrieved from /home/airflow/.local/lib/python3.12/site-packages/airflow/example_dags/example_local_kubernetes_executor.py
[2025-02-01T14:54:55.040+0000] {logging_mixin.py:190} INFO - [2025-02-01T14:54:55.040+0000] {dag.py:3239} INFO - Sync 1 DAGs
[2025-02-01T14:54:55.049+0000] {logging_mixin.py:190} INFO - [2025-02-01T14:54:55.049+0000] {dag.py:4180} INFO - Setting next_dagrun for example_local_kubernetes_executor to None, run_after=None
[2025-02-01T14:54:55.056+0000] {processor.py:208} INFO - Processing /home/airflow/.local/lib/python3.12/site-packages/airflow/example_dags/example_local_kubernetes_executor.py took 0.037 seconds
[2025-02-01T14:55:26.132+0000] {processor.py:186} INFO - Started process (PID=1325) to work on /home/airflow/.local/lib/python3.12/site-packages/airflow/example_dags/example_local_kubernetes_executor.py
[2025-02-01T14:55:26.133+0000] {processor.py:914} INFO - Processing file /home/airflow/.local/lib/python3.12/site-packages/airflow/example_dags/example_local_kubernetes_executor.py for tasks to queue
[2025-02-01T14:55:26.134+0000] {logging_mixin.py:190} INFO - [2025-02-01T14:55:26.134+0000] {dagbag.py:588} INFO - Filling up the DagBag from /home/airflow/.local/lib/python3.12/site-packages/airflow/example_dags/example_local_kubernetes_executor.py
[2025-02-01T14:55:26.141+0000] {processor.py:925} INFO - DAG(s) 'example_local_kubernetes_executor' retrieved from /home/airflow/.local/lib/python3.12/site-packages/airflow/example_dags/example_local_kubernetes_executor.py
[2025-02-01T14:55:26.155+0000] {logging_mixin.py:190} INFO - [2025-02-01T14:55:26.154+0000] {dag.py:3239} INFO - Sync 1 DAGs
[2025-02-01T14:55:26.162+0000] {logging_mixin.py:190} INFO - [2025-02-01T14:55:26.162+0000] {dag.py:4180} INFO - Setting next_dagrun for example_local_kubernetes_executor to None, run_after=None
[2025-02-01T14:55:26.174+0000] {processor.py:208} INFO - Processing /home/airflow/.local/lib/python3.12/site-packages/airflow/example_dags/example_local_kubernetes_executor.py took 0.046 seconds
[2025-02-01T14:55:57.060+0000] {processor.py:186} INFO - Started process (PID=1391) to work on /home/airflow/.local/lib/python3.12/site-packages/airflow/example_dags/example_local_kubernetes_executor.py
[2025-02-01T14:55:57.061+0000] {processor.py:914} INFO - Processing file /home/airflow/.local/lib/python3.12/site-packages/airflow/example_dags/example_local_kubernetes_executor.py for tasks to queue
[2025-02-01T14:55:57.062+0000] {logging_mixin.py:190} INFO - [2025-02-01T14:55:57.062+0000] {dagbag.py:588} INFO - Filling up the DagBag from /home/airflow/.local/lib/python3.12/site-packages/airflow/example_dags/example_local_kubernetes_executor.py
[2025-02-01T14:55:57.067+0000] {processor.py:925} INFO - DAG(s) 'example_local_kubernetes_executor' retrieved from /home/airflow/.local/lib/python3.12/site-packages/airflow/example_dags/example_local_kubernetes_executor.py
[2025-02-01T14:55:57.080+0000] {logging_mixin.py:190} INFO - [2025-02-01T14:55:57.080+0000] {dag.py:3239} INFO - Sync 1 DAGs
[2025-02-01T14:55:57.090+0000] {logging_mixin.py:190} INFO - [2025-02-01T14:55:57.090+0000] {dag.py:4180} INFO - Setting next_dagrun for example_local_kubernetes_executor to None, run_after=None
[2025-02-01T14:55:57.108+0000] {processor.py:208} INFO - Processing /home/airflow/.local/lib/python3.12/site-packages/airflow/example_dags/example_local_kubernetes_executor.py took 0.051 seconds
[2025-02-01T14:56:27.155+0000] {processor.py:186} INFO - Started process (PID=1457) to work on /home/airflow/.local/lib/python3.12/site-packages/airflow/example_dags/example_local_kubernetes_executor.py
[2025-02-01T14:56:27.156+0000] {processor.py:914} INFO - Processing file /home/airflow/.local/lib/python3.12/site-packages/airflow/example_dags/example_local_kubernetes_executor.py for tasks to queue
[2025-02-01T14:56:27.157+0000] {logging_mixin.py:190} INFO - [2025-02-01T14:56:27.157+0000] {dagbag.py:588} INFO - Filling up the DagBag from /home/airflow/.local/lib/python3.12/site-packages/airflow/example_dags/example_local_kubernetes_executor.py
[2025-02-01T14:56:27.167+0000] {processor.py:925} INFO - DAG(s) 'example_local_kubernetes_executor' retrieved from /home/airflow/.local/lib/python3.12/site-packages/airflow/example_dags/example_local_kubernetes_executor.py
[2025-02-01T14:56:27.184+0000] {logging_mixin.py:190} INFO - [2025-02-01T14:56:27.184+0000] {dag.py:3239} INFO - Sync 1 DAGs
[2025-02-01T14:56:27.194+0000] {logging_mixin.py:190} INFO - [2025-02-01T14:56:27.193+0000] {dag.py:4180} INFO - Setting next_dagrun for example_local_kubernetes_executor to None, run_after=None
[2025-02-01T14:56:27.209+0000] {processor.py:208} INFO - Processing /home/airflow/.local/lib/python3.12/site-packages/airflow/example_dags/example_local_kubernetes_executor.py took 0.058 seconds
[2025-02-01T14:56:57.323+0000] {processor.py:186} INFO - Started process (PID=1523) to work on /home/airflow/.local/lib/python3.12/site-packages/airflow/example_dags/example_local_kubernetes_executor.py
[2025-02-01T14:56:57.324+0000] {processor.py:914} INFO - Processing file /home/airflow/.local/lib/python3.12/site-packages/airflow/example_dags/example_local_kubernetes_executor.py for tasks to queue
[2025-02-01T14:56:57.325+0000] {logging_mixin.py:190} INFO - [2025-02-01T14:56:57.325+0000] {dagbag.py:588} INFO - Filling up the DagBag from /home/airflow/.local/lib/python3.12/site-packages/airflow/example_dags/example_local_kubernetes_executor.py
[2025-02-01T14:56:57.330+0000] {processor.py:925} INFO - DAG(s) 'example_local_kubernetes_executor' retrieved from /home/airflow/.local/lib/python3.12/site-packages/airflow/example_dags/example_local_kubernetes_executor.py
[2025-02-01T14:56:57.339+0000] {logging_mixin.py:190} INFO - [2025-02-01T14:56:57.339+0000] {dag.py:3239} INFO - Sync 1 DAGs
[2025-02-01T14:56:57.344+0000] {logging_mixin.py:190} INFO - [2025-02-01T14:56:57.344+0000] {dag.py:4180} INFO - Setting next_dagrun for example_local_kubernetes_executor to None, run_after=None
[2025-02-01T14:56:57.353+0000] {processor.py:208} INFO - Processing /home/airflow/.local/lib/python3.12/site-packages/airflow/example_dags/example_local_kubernetes_executor.py took 0.032 seconds
[2025-02-01T14:57:28.219+0000] {processor.py:186} INFO - Started process (PID=1589) to work on /home/airflow/.local/lib/python3.12/site-packages/airflow/example_dags/example_local_kubernetes_executor.py
[2025-02-01T14:57:28.219+0000] {processor.py:914} INFO - Processing file /home/airflow/.local/lib/python3.12/site-packages/airflow/example_dags/example_local_kubernetes_executor.py for tasks to queue
[2025-02-01T14:57:28.222+0000] {logging_mixin.py:190} INFO - [2025-02-01T14:57:28.221+0000] {dagbag.py:588} INFO - Filling up the DagBag from /home/airflow/.local/lib/python3.12/site-packages/airflow/example_dags/example_local_kubernetes_executor.py
[2025-02-01T14:57:28.228+0000] {processor.py:925} INFO - DAG(s) 'example_local_kubernetes_executor' retrieved from /home/airflow/.local/lib/python3.12/site-packages/airflow/example_dags/example_local_kubernetes_executor.py
[2025-02-01T14:57:28.247+0000] {logging_mixin.py:190} INFO - [2025-02-01T14:57:28.247+0000] {dag.py:3239} INFO - Sync 1 DAGs
[2025-02-01T14:57:28.316+0000] {logging_mixin.py:190} INFO - [2025-02-01T14:57:28.315+0000] {dag.py:4180} INFO - Setting next_dagrun for example_local_kubernetes_executor to None, run_after=None
[2025-02-01T14:57:28.329+0000] {processor.py:208} INFO - Processing /home/airflow/.local/lib/python3.12/site-packages/airflow/example_dags/example_local_kubernetes_executor.py took 0.114 seconds
[2025-02-01T14:57:59.315+0000] {processor.py:186} INFO - Started process (PID=1655) to work on /home/airflow/.local/lib/python3.12/site-packages/airflow/example_dags/example_local_kubernetes_executor.py
[2025-02-01T14:57:59.317+0000] {processor.py:914} INFO - Processing file /home/airflow/.local/lib/python3.12/site-packages/airflow/example_dags/example_local_kubernetes_executor.py for tasks to queue
[2025-02-01T14:57:59.319+0000] {logging_mixin.py:190} INFO - [2025-02-01T14:57:59.319+0000] {dagbag.py:588} INFO - Filling up the DagBag from /home/airflow/.local/lib/python3.12/site-packages/airflow/example_dags/example_local_kubernetes_executor.py
[2025-02-01T14:57:59.326+0000] {processor.py:925} INFO - DAG(s) 'example_local_kubernetes_executor' retrieved from /home/airflow/.local/lib/python3.12/site-packages/airflow/example_dags/example_local_kubernetes_executor.py
[2025-02-01T14:57:59.340+0000] {logging_mixin.py:190} INFO - [2025-02-01T14:57:59.340+0000] {dag.py:3239} INFO - Sync 1 DAGs
[2025-02-01T14:57:59.346+0000] {logging_mixin.py:190} INFO - [2025-02-01T14:57:59.346+0000] {dag.py:4180} INFO - Setting next_dagrun for example_local_kubernetes_executor to None, run_after=None
[2025-02-01T14:57:59.357+0000] {processor.py:208} INFO - Processing /home/airflow/.local/lib/python3.12/site-packages/airflow/example_dags/example_local_kubernetes_executor.py took 0.046 seconds
[2025-02-01T14:58:30.011+0000] {processor.py:186} INFO - Started process (PID=1721) to work on /home/airflow/.local/lib/python3.12/site-packages/airflow/example_dags/example_local_kubernetes_executor.py
[2025-02-01T14:58:30.015+0000] {processor.py:914} INFO - Processing file /home/airflow/.local/lib/python3.12/site-packages/airflow/example_dags/example_local_kubernetes_executor.py for tasks to queue
[2025-02-01T14:58:30.017+0000] {logging_mixin.py:190} INFO - [2025-02-01T14:58:30.017+0000] {dagbag.py:588} INFO - Filling up the DagBag from /home/airflow/.local/lib/python3.12/site-packages/airflow/example_dags/example_local_kubernetes_executor.py
[2025-02-01T14:58:30.025+0000] {processor.py:925} INFO - DAG(s) 'example_local_kubernetes_executor' retrieved from /home/airflow/.local/lib/python3.12/site-packages/airflow/example_dags/example_local_kubernetes_executor.py
[2025-02-01T14:58:30.042+0000] {logging_mixin.py:190} INFO - [2025-02-01T14:58:30.042+0000] {dag.py:3239} INFO - Sync 1 DAGs
[2025-02-01T14:58:30.048+0000] {logging_mixin.py:190} INFO - [2025-02-01T14:58:30.048+0000] {dag.py:4180} INFO - Setting next_dagrun for example_local_kubernetes_executor to None, run_after=None
[2025-02-01T14:58:30.061+0000] {processor.py:208} INFO - Processing /home/airflow/.local/lib/python3.12/site-packages/airflow/example_dags/example_local_kubernetes_executor.py took 0.052 seconds
[2025-02-01T14:59:00.887+0000] {processor.py:186} INFO - Started process (PID=1787) to work on /home/airflow/.local/lib/python3.12/site-packages/airflow/example_dags/example_local_kubernetes_executor.py
[2025-02-01T14:59:00.889+0000] {processor.py:914} INFO - Processing file /home/airflow/.local/lib/python3.12/site-packages/airflow/example_dags/example_local_kubernetes_executor.py for tasks to queue
[2025-02-01T14:59:00.890+0000] {logging_mixin.py:190} INFO - [2025-02-01T14:59:00.890+0000] {dagbag.py:588} INFO - Filling up the DagBag from /home/airflow/.local/lib/python3.12/site-packages/airflow/example_dags/example_local_kubernetes_executor.py
[2025-02-01T14:59:00.902+0000] {processor.py:925} INFO - DAG(s) 'example_local_kubernetes_executor' retrieved from /home/airflow/.local/lib/python3.12/site-packages/airflow/example_dags/example_local_kubernetes_executor.py
[2025-02-01T14:59:00.914+0000] {logging_mixin.py:190} INFO - [2025-02-01T14:59:00.914+0000] {dag.py:3239} INFO - Sync 1 DAGs
[2025-02-01T14:59:00.923+0000] {logging_mixin.py:190} INFO - [2025-02-01T14:59:00.923+0000] {dag.py:4180} INFO - Setting next_dagrun for example_local_kubernetes_executor to None, run_after=None
[2025-02-01T14:59:00.933+0000] {processor.py:208} INFO - Processing /home/airflow/.local/lib/python3.12/site-packages/airflow/example_dags/example_local_kubernetes_executor.py took 0.050 seconds
[2025-02-01T14:59:31.919+0000] {processor.py:186} INFO - Started process (PID=1853) to work on /home/airflow/.local/lib/python3.12/site-packages/airflow/example_dags/example_local_kubernetes_executor.py
[2025-02-01T14:59:31.919+0000] {processor.py:914} INFO - Processing file /home/airflow/.local/lib/python3.12/site-packages/airflow/example_dags/example_local_kubernetes_executor.py for tasks to queue
[2025-02-01T14:59:31.920+0000] {logging_mixin.py:190} INFO - [2025-02-01T14:59:31.920+0000] {dagbag.py:588} INFO - Filling up the DagBag from /home/airflow/.local/lib/python3.12/site-packages/airflow/example_dags/example_local_kubernetes_executor.py
[2025-02-01T14:59:31.925+0000] {processor.py:925} INFO - DAG(s) 'example_local_kubernetes_executor' retrieved from /home/airflow/.local/lib/python3.12/site-packages/airflow/example_dags/example_local_kubernetes_executor.py
[2025-02-01T14:59:31.938+0000] {logging_mixin.py:190} INFO - [2025-02-01T14:59:31.938+0000] {dag.py:3239} INFO - Sync 1 DAGs
[2025-02-01T14:59:31.944+0000] {logging_mixin.py:190} INFO - [2025-02-01T14:59:31.943+0000] {dag.py:4180} INFO - Setting next_dagrun for example_local_kubernetes_executor to None, run_after=None
[2025-02-01T14:59:31.951+0000] {processor.py:208} INFO - Processing /home/airflow/.local/lib/python3.12/site-packages/airflow/example_dags/example_local_kubernetes_executor.py took 0.034 seconds
[2025-02-01T15:00:02.231+0000] {processor.py:186} INFO - Started process (PID=1919) to work on /home/airflow/.local/lib/python3.12/site-packages/airflow/example_dags/example_local_kubernetes_executor.py
[2025-02-01T15:00:02.232+0000] {processor.py:914} INFO - Processing file /home/airflow/.local/lib/python3.12/site-packages/airflow/example_dags/example_local_kubernetes_executor.py for tasks to queue
[2025-02-01T15:00:02.235+0000] {logging_mixin.py:190} INFO - [2025-02-01T15:00:02.234+0000] {dagbag.py:588} INFO - Filling up the DagBag from /home/airflow/.local/lib/python3.12/site-packages/airflow/example_dags/example_local_kubernetes_executor.py
[2025-02-01T15:00:02.244+0000] {processor.py:925} INFO - DAG(s) 'example_local_kubernetes_executor' retrieved from /home/airflow/.local/lib/python3.12/site-packages/airflow/example_dags/example_local_kubernetes_executor.py
[2025-02-01T15:00:02.257+0000] {logging_mixin.py:190} INFO - [2025-02-01T15:00:02.257+0000] {dag.py:3239} INFO - Sync 1 DAGs
[2025-02-01T15:00:02.263+0000] {logging_mixin.py:190} INFO - [2025-02-01T15:00:02.263+0000] {dag.py:4180} INFO - Setting next_dagrun for example_local_kubernetes_executor to None, run_after=None
[2025-02-01T15:00:02.272+0000] {processor.py:208} INFO - Processing /home/airflow/.local/lib/python3.12/site-packages/airflow/example_dags/example_local_kubernetes_executor.py took 0.045 seconds
[2025-02-01T15:00:32.446+0000] {processor.py:186} INFO - Started process (PID=1985) to work on /home/airflow/.local/lib/python3.12/site-packages/airflow/example_dags/example_local_kubernetes_executor.py
[2025-02-01T15:00:32.447+0000] {processor.py:914} INFO - Processing file /home/airflow/.local/lib/python3.12/site-packages/airflow/example_dags/example_local_kubernetes_executor.py for tasks to queue
[2025-02-01T15:00:32.450+0000] {logging_mixin.py:190} INFO - [2025-02-01T15:00:32.450+0000] {dagbag.py:588} INFO - Filling up the DagBag from /home/airflow/.local/lib/python3.12/site-packages/airflow/example_dags/example_local_kubernetes_executor.py
[2025-02-01T15:00:32.460+0000] {processor.py:925} INFO - DAG(s) 'example_local_kubernetes_executor' retrieved from /home/airflow/.local/lib/python3.12/site-packages/airflow/example_dags/example_local_kubernetes_executor.py
[2025-02-01T15:00:32.480+0000] {logging_mixin.py:190} INFO - [2025-02-01T15:00:32.480+0000] {dag.py:3239} INFO - Sync 1 DAGs
[2025-02-01T15:00:32.493+0000] {logging_mixin.py:190} INFO - [2025-02-01T15:00:32.492+0000] {dag.py:4180} INFO - Setting next_dagrun for example_local_kubernetes_executor to None, run_after=None
[2025-02-01T15:00:32.513+0000] {processor.py:208} INFO - Processing /home/airflow/.local/lib/python3.12/site-packages/airflow/example_dags/example_local_kubernetes_executor.py took 0.072 seconds
[2025-02-01T15:01:02.818+0000] {processor.py:186} INFO - Started process (PID=2051) to work on /home/airflow/.local/lib/python3.12/site-packages/airflow/example_dags/example_local_kubernetes_executor.py
[2025-02-01T15:01:02.819+0000] {processor.py:914} INFO - Processing file /home/airflow/.local/lib/python3.12/site-packages/airflow/example_dags/example_local_kubernetes_executor.py for tasks to queue
[2025-02-01T15:01:02.820+0000] {logging_mixin.py:190} INFO - [2025-02-01T15:01:02.820+0000] {dagbag.py:588} INFO - Filling up the DagBag from /home/airflow/.local/lib/python3.12/site-packages/airflow/example_dags/example_local_kubernetes_executor.py
[2025-02-01T15:01:02.825+0000] {processor.py:925} INFO - DAG(s) 'example_local_kubernetes_executor' retrieved from /home/airflow/.local/lib/python3.12/site-packages/airflow/example_dags/example_local_kubernetes_executor.py
[2025-02-01T15:01:02.839+0000] {logging_mixin.py:190} INFO - [2025-02-01T15:01:02.839+0000] {dag.py:3239} INFO - Sync 1 DAGs
[2025-02-01T15:01:02.848+0000] {logging_mixin.py:190} INFO - [2025-02-01T15:01:02.848+0000] {dag.py:4180} INFO - Setting next_dagrun for example_local_kubernetes_executor to None, run_after=None
[2025-02-01T15:01:02.862+0000] {processor.py:208} INFO - Processing /home/airflow/.local/lib/python3.12/site-packages/airflow/example_dags/example_local_kubernetes_executor.py took 0.046 seconds
[2025-02-01T15:01:33.348+0000] {processor.py:186} INFO - Started process (PID=2117) to work on /home/airflow/.local/lib/python3.12/site-packages/airflow/example_dags/example_local_kubernetes_executor.py
[2025-02-01T15:01:33.348+0000] {processor.py:914} INFO - Processing file /home/airflow/.local/lib/python3.12/site-packages/airflow/example_dags/example_local_kubernetes_executor.py for tasks to queue
[2025-02-01T15:01:33.349+0000] {logging_mixin.py:190} INFO - [2025-02-01T15:01:33.349+0000] {dagbag.py:588} INFO - Filling up the DagBag from /home/airflow/.local/lib/python3.12/site-packages/airflow/example_dags/example_local_kubernetes_executor.py
[2025-02-01T15:01:33.355+0000] {processor.py:925} INFO - DAG(s) 'example_local_kubernetes_executor' retrieved from /home/airflow/.local/lib/python3.12/site-packages/airflow/example_dags/example_local_kubernetes_executor.py
[2025-02-01T15:01:33.370+0000] {logging_mixin.py:190} INFO - [2025-02-01T15:01:33.370+0000] {dag.py:3239} INFO - Sync 1 DAGs
[2025-02-01T15:01:33.380+0000] {logging_mixin.py:190} INFO - [2025-02-01T15:01:33.380+0000] {dag.py:4180} INFO - Setting next_dagrun for example_local_kubernetes_executor to None, run_after=None
[2025-02-01T15:01:33.394+0000] {processor.py:208} INFO - Processing /home/airflow/.local/lib/python3.12/site-packages/airflow/example_dags/example_local_kubernetes_executor.py took 0.050 seconds
[2025-02-01T15:02:03.727+0000] {processor.py:186} INFO - Started process (PID=2183) to work on /home/airflow/.local/lib/python3.12/site-packages/airflow/example_dags/example_local_kubernetes_executor.py
[2025-02-01T15:02:03.729+0000] {processor.py:914} INFO - Processing file /home/airflow/.local/lib/python3.12/site-packages/airflow/example_dags/example_local_kubernetes_executor.py for tasks to queue
[2025-02-01T15:02:03.733+0000] {logging_mixin.py:190} INFO - [2025-02-01T15:02:03.733+0000] {dagbag.py:588} INFO - Filling up the DagBag from /home/airflow/.local/lib/python3.12/site-packages/airflow/example_dags/example_local_kubernetes_executor.py
[2025-02-01T15:02:03.750+0000] {processor.py:925} INFO - DAG(s) 'example_local_kubernetes_executor' retrieved from /home/airflow/.local/lib/python3.12/site-packages/airflow/example_dags/example_local_kubernetes_executor.py
[2025-02-01T15:02:03.787+0000] {logging_mixin.py:190} INFO - [2025-02-01T15:02:03.787+0000] {dag.py:3239} INFO - Sync 1 DAGs
[2025-02-01T15:02:03.802+0000] {logging_mixin.py:190} INFO - [2025-02-01T15:02:03.802+0000] {dag.py:4180} INFO - Setting next_dagrun for example_local_kubernetes_executor to None, run_after=None
[2025-02-01T15:02:03.833+0000] {processor.py:208} INFO - Processing /home/airflow/.local/lib/python3.12/site-packages/airflow/example_dags/example_local_kubernetes_executor.py took 0.110 seconds
[2025-02-01T15:02:33.879+0000] {processor.py:186} INFO - Started process (PID=2249) to work on /home/airflow/.local/lib/python3.12/site-packages/airflow/example_dags/example_local_kubernetes_executor.py
[2025-02-01T15:02:33.879+0000] {processor.py:914} INFO - Processing file /home/airflow/.local/lib/python3.12/site-packages/airflow/example_dags/example_local_kubernetes_executor.py for tasks to queue
[2025-02-01T15:02:33.881+0000] {logging_mixin.py:190} INFO - [2025-02-01T15:02:33.881+0000] {dagbag.py:588} INFO - Filling up the DagBag from /home/airflow/.local/lib/python3.12/site-packages/airflow/example_dags/example_local_kubernetes_executor.py
[2025-02-01T15:02:33.888+0000] {processor.py:925} INFO - DAG(s) 'example_local_kubernetes_executor' retrieved from /home/airflow/.local/lib/python3.12/site-packages/airflow/example_dags/example_local_kubernetes_executor.py
[2025-02-01T15:02:33.898+0000] {logging_mixin.py:190} INFO - [2025-02-01T15:02:33.898+0000] {dag.py:3239} INFO - Sync 1 DAGs
[2025-02-01T15:02:33.905+0000] {logging_mixin.py:190} INFO - [2025-02-01T15:02:33.905+0000] {dag.py:4180} INFO - Setting next_dagrun for example_local_kubernetes_executor to None, run_after=None
[2025-02-01T15:02:33.921+0000] {processor.py:208} INFO - Processing /home/airflow/.local/lib/python3.12/site-packages/airflow/example_dags/example_local_kubernetes_executor.py took 0.046 seconds
[2025-02-01T15:03:04.162+0000] {processor.py:186} INFO - Started process (PID=2315) to work on /home/airflow/.local/lib/python3.12/site-packages/airflow/example_dags/example_local_kubernetes_executor.py
[2025-02-01T15:03:04.162+0000] {processor.py:914} INFO - Processing file /home/airflow/.local/lib/python3.12/site-packages/airflow/example_dags/example_local_kubernetes_executor.py for tasks to queue
[2025-02-01T15:03:04.164+0000] {logging_mixin.py:190} INFO - [2025-02-01T15:03:04.163+0000] {dagbag.py:588} INFO - Filling up the DagBag from /home/airflow/.local/lib/python3.12/site-packages/airflow/example_dags/example_local_kubernetes_executor.py
[2025-02-01T15:03:04.169+0000] {processor.py:925} INFO - DAG(s) 'example_local_kubernetes_executor' retrieved from /home/airflow/.local/lib/python3.12/site-packages/airflow/example_dags/example_local_kubernetes_executor.py
[2025-02-01T15:03:04.183+0000] {logging_mixin.py:190} INFO - [2025-02-01T15:03:04.183+0000] {dag.py:3239} INFO - Sync 1 DAGs
[2025-02-01T15:03:04.190+0000] {logging_mixin.py:190} INFO - [2025-02-01T15:03:04.190+0000] {dag.py:4180} INFO - Setting next_dagrun for example_local_kubernetes_executor to None, run_after=None
[2025-02-01T15:03:04.197+0000] {processor.py:208} INFO - Processing /home/airflow/.local/lib/python3.12/site-packages/airflow/example_dags/example_local_kubernetes_executor.py took 0.038 seconds
[2025-02-01T15:03:34.293+0000] {processor.py:186} INFO - Started process (PID=2381) to work on /home/airflow/.local/lib/python3.12/site-packages/airflow/example_dags/example_local_kubernetes_executor.py
[2025-02-01T15:03:34.296+0000] {processor.py:914} INFO - Processing file /home/airflow/.local/lib/python3.12/site-packages/airflow/example_dags/example_local_kubernetes_executor.py for tasks to queue
[2025-02-01T15:03:34.297+0000] {logging_mixin.py:190} INFO - [2025-02-01T15:03:34.297+0000] {dagbag.py:588} INFO - Filling up the DagBag from /home/airflow/.local/lib/python3.12/site-packages/airflow/example_dags/example_local_kubernetes_executor.py
[2025-02-01T15:03:34.302+0000] {processor.py:925} INFO - DAG(s) 'example_local_kubernetes_executor' retrieved from /home/airflow/.local/lib/python3.12/site-packages/airflow/example_dags/example_local_kubernetes_executor.py
[2025-02-01T15:03:34.315+0000] {logging_mixin.py:190} INFO - [2025-02-01T15:03:34.314+0000] {dag.py:3239} INFO - Sync 1 DAGs
[2025-02-01T15:03:34.328+0000] {logging_mixin.py:190} INFO - [2025-02-01T15:03:34.327+0000] {dag.py:4180} INFO - Setting next_dagrun for example_local_kubernetes_executor to None, run_after=None
[2025-02-01T15:03:34.340+0000] {processor.py:208} INFO - Processing /home/airflow/.local/lib/python3.12/site-packages/airflow/example_dags/example_local_kubernetes_executor.py took 0.049 seconds
[2025-02-01T15:04:05.581+0000] {processor.py:186} INFO - Started process (PID=2448) to work on /home/airflow/.local/lib/python3.12/site-packages/airflow/example_dags/example_local_kubernetes_executor.py
[2025-02-01T15:04:05.582+0000] {processor.py:914} INFO - Processing file /home/airflow/.local/lib/python3.12/site-packages/airflow/example_dags/example_local_kubernetes_executor.py for tasks to queue
[2025-02-01T15:04:05.583+0000] {logging_mixin.py:190} INFO - [2025-02-01T15:04:05.583+0000] {dagbag.py:588} INFO - Filling up the DagBag from /home/airflow/.local/lib/python3.12/site-packages/airflow/example_dags/example_local_kubernetes_executor.py
[2025-02-01T15:04:05.592+0000] {processor.py:925} INFO - DAG(s) 'example_local_kubernetes_executor' retrieved from /home/airflow/.local/lib/python3.12/site-packages/airflow/example_dags/example_local_kubernetes_executor.py
[2025-02-01T15:04:05.606+0000] {logging_mixin.py:190} INFO - [2025-02-01T15:04:05.606+0000] {dag.py:3239} INFO - Sync 1 DAGs
[2025-02-01T15:04:05.617+0000] {logging_mixin.py:190} INFO - [2025-02-01T15:04:05.617+0000] {dag.py:4180} INFO - Setting next_dagrun for example_local_kubernetes_executor to None, run_after=None
[2025-02-01T15:04:05.627+0000] {processor.py:208} INFO - Processing /home/airflow/.local/lib/python3.12/site-packages/airflow/example_dags/example_local_kubernetes_executor.py took 0.050 seconds
[2025-02-01T15:04:35.740+0000] {processor.py:186} INFO - Started process (PID=2514) to work on /home/airflow/.local/lib/python3.12/site-packages/airflow/example_dags/example_local_kubernetes_executor.py
[2025-02-01T15:04:35.741+0000] {processor.py:914} INFO - Processing file /home/airflow/.local/lib/python3.12/site-packages/airflow/example_dags/example_local_kubernetes_executor.py for tasks to queue
[2025-02-01T15:04:35.743+0000] {logging_mixin.py:190} INFO - [2025-02-01T15:04:35.742+0000] {dagbag.py:588} INFO - Filling up the DagBag from /home/airflow/.local/lib/python3.12/site-packages/airflow/example_dags/example_local_kubernetes_executor.py
[2025-02-01T15:04:35.748+0000] {processor.py:925} INFO - DAG(s) 'example_local_kubernetes_executor' retrieved from /home/airflow/.local/lib/python3.12/site-packages/airflow/example_dags/example_local_kubernetes_executor.py
[2025-02-01T15:04:35.761+0000] {logging_mixin.py:190} INFO - [2025-02-01T15:04:35.761+0000] {dag.py:3239} INFO - Sync 1 DAGs
[2025-02-01T15:04:35.767+0000] {logging_mixin.py:190} INFO - [2025-02-01T15:04:35.766+0000] {dag.py:4180} INFO - Setting next_dagrun for example_local_kubernetes_executor to None, run_after=None
[2025-02-01T15:04:35.776+0000] {processor.py:208} INFO - Processing /home/airflow/.local/lib/python3.12/site-packages/airflow/example_dags/example_local_kubernetes_executor.py took 0.039 seconds
[2025-02-01T15:05:05.919+0000] {processor.py:186} INFO - Started process (PID=2580) to work on /home/airflow/.local/lib/python3.12/site-packages/airflow/example_dags/example_local_kubernetes_executor.py
[2025-02-01T15:05:05.920+0000] {processor.py:914} INFO - Processing file /home/airflow/.local/lib/python3.12/site-packages/airflow/example_dags/example_local_kubernetes_executor.py for tasks to queue
[2025-02-01T15:05:05.921+0000] {logging_mixin.py:190} INFO - [2025-02-01T15:05:05.921+0000] {dagbag.py:588} INFO - Filling up the DagBag from /home/airflow/.local/lib/python3.12/site-packages/airflow/example_dags/example_local_kubernetes_executor.py
[2025-02-01T15:05:05.926+0000] {processor.py:925} INFO - DAG(s) 'example_local_kubernetes_executor' retrieved from /home/airflow/.local/lib/python3.12/site-packages/airflow/example_dags/example_local_kubernetes_executor.py
[2025-02-01T15:05:05.935+0000] {logging_mixin.py:190} INFO - [2025-02-01T15:05:05.935+0000] {dag.py:3239} INFO - Sync 1 DAGs
[2025-02-01T15:05:05.941+0000] {logging_mixin.py:190} INFO - [2025-02-01T15:05:05.941+0000] {dag.py:4180} INFO - Setting next_dagrun for example_local_kubernetes_executor to None, run_after=None
[2025-02-01T15:05:05.950+0000] {processor.py:208} INFO - Processing /home/airflow/.local/lib/python3.12/site-packages/airflow/example_dags/example_local_kubernetes_executor.py took 0.033 seconds
[2025-02-01T15:05:36.652+0000] {processor.py:186} INFO - Started process (PID=2646) to work on /home/airflow/.local/lib/python3.12/site-packages/airflow/example_dags/example_local_kubernetes_executor.py
[2025-02-01T15:05:36.653+0000] {processor.py:914} INFO - Processing file /home/airflow/.local/lib/python3.12/site-packages/airflow/example_dags/example_local_kubernetes_executor.py for tasks to queue
[2025-02-01T15:05:36.654+0000] {logging_mixin.py:190} INFO - [2025-02-01T15:05:36.654+0000] {dagbag.py:588} INFO - Filling up the DagBag from /home/airflow/.local/lib/python3.12/site-packages/airflow/example_dags/example_local_kubernetes_executor.py
[2025-02-01T15:05:36.660+0000] {processor.py:925} INFO - DAG(s) 'example_local_kubernetes_executor' retrieved from /home/airflow/.local/lib/python3.12/site-packages/airflow/example_dags/example_local_kubernetes_executor.py
[2025-02-01T15:05:36.671+0000] {logging_mixin.py:190} INFO - [2025-02-01T15:05:36.671+0000] {dag.py:3239} INFO - Sync 1 DAGs
[2025-02-01T15:05:36.680+0000] {logging_mixin.py:190} INFO - [2025-02-01T15:05:36.680+0000] {dag.py:4180} INFO - Setting next_dagrun for example_local_kubernetes_executor to None, run_after=None
[2025-02-01T15:05:36.691+0000] {processor.py:208} INFO - Processing /home/airflow/.local/lib/python3.12/site-packages/airflow/example_dags/example_local_kubernetes_executor.py took 0.042 seconds
[2025-02-01T15:06:07.449+0000] {processor.py:186} INFO - Started process (PID=2712) to work on /home/airflow/.local/lib/python3.12/site-packages/airflow/example_dags/example_local_kubernetes_executor.py
[2025-02-01T15:06:07.450+0000] {processor.py:914} INFO - Processing file /home/airflow/.local/lib/python3.12/site-packages/airflow/example_dags/example_local_kubernetes_executor.py for tasks to queue
[2025-02-01T15:06:07.452+0000] {logging_mixin.py:190} INFO - [2025-02-01T15:06:07.452+0000] {dagbag.py:588} INFO - Filling up the DagBag from /home/airflow/.local/lib/python3.12/site-packages/airflow/example_dags/example_local_kubernetes_executor.py
[2025-02-01T15:06:07.458+0000] {processor.py:925} INFO - DAG(s) 'example_local_kubernetes_executor' retrieved from /home/airflow/.local/lib/python3.12/site-packages/airflow/example_dags/example_local_kubernetes_executor.py
[2025-02-01T15:06:07.470+0000] {logging_mixin.py:190} INFO - [2025-02-01T15:06:07.470+0000] {dag.py:3239} INFO - Sync 1 DAGs
[2025-02-01T15:06:07.477+0000] {logging_mixin.py:190} INFO - [2025-02-01T15:06:07.477+0000] {dag.py:4180} INFO - Setting next_dagrun for example_local_kubernetes_executor to None, run_after=None
[2025-02-01T15:06:07.485+0000] {processor.py:208} INFO - Processing /home/airflow/.local/lib/python3.12/site-packages/airflow/example_dags/example_local_kubernetes_executor.py took 0.039 seconds
