[2025-02-01T13:35:11.194+0000] {processor.py:186} INFO - Started process (PID=75) to work on /home/airflow/.local/lib/python3.12/site-packages/airflow/example_dags/example_skip_dag.py
[2025-02-01T13:35:11.197+0000] {processor.py:914} INFO - Processing file /home/airflow/.local/lib/python3.12/site-packages/airflow/example_dags/example_skip_dag.py for tasks to queue
[2025-02-01T13:35:11.218+0000] {logging_mixin.py:190} INFO - [2025-02-01T13:35:11.217+0000] {dagbag.py:588} INFO - Filling up the DagBag from /home/airflow/.local/lib/python3.12/site-packages/airflow/example_dags/example_skip_dag.py
[2025-02-01T13:35:11.242+0000] {processor.py:925} INFO - DAG(s) 'example_skip_dag' retrieved from /home/airflow/.local/lib/python3.12/site-packages/airflow/example_dags/example_skip_dag.py
[2025-02-01T13:35:11.330+0000] {logging_mixin.py:190} INFO - [2025-02-01T13:35:11.330+0000] {dag.py:3239} INFO - Sync 1 DAGs
[2025-02-01T13:35:11.378+0000] {logging_mixin.py:190} INFO - [2025-02-01T13:35:11.377+0000] {dag.py:4180} INFO - Setting next_dagrun for example_skip_dag to 2025-01-31 00:00:00+00:00, run_after=2025-02-01 00:00:00+00:00
[2025-02-01T13:35:11.429+0000] {processor.py:208} INFO - Processing /home/airflow/.local/lib/python3.12/site-packages/airflow/example_dags/example_skip_dag.py took 0.244 seconds
[2025-02-01T13:35:41.936+0000] {processor.py:186} INFO - Started process (PID=140) to work on /home/airflow/.local/lib/python3.12/site-packages/airflow/example_dags/example_skip_dag.py
[2025-02-01T13:35:41.938+0000] {processor.py:914} INFO - Processing file /home/airflow/.local/lib/python3.12/site-packages/airflow/example_dags/example_skip_dag.py for tasks to queue
[2025-02-01T13:35:41.940+0000] {logging_mixin.py:190} INFO - [2025-02-01T13:35:41.940+0000] {dagbag.py:588} INFO - Filling up the DagBag from /home/airflow/.local/lib/python3.12/site-packages/airflow/example_dags/example_skip_dag.py
[2025-02-01T13:35:41.948+0000] {processor.py:925} INFO - DAG(s) 'example_skip_dag' retrieved from /home/airflow/.local/lib/python3.12/site-packages/airflow/example_dags/example_skip_dag.py
[2025-02-01T13:35:41.966+0000] {logging_mixin.py:190} INFO - [2025-02-01T13:35:41.966+0000] {dag.py:3239} INFO - Sync 1 DAGs
[2025-02-01T13:35:41.979+0000] {logging_mixin.py:190} INFO - [2025-02-01T13:35:41.979+0000] {dag.py:4180} INFO - Setting next_dagrun for example_skip_dag to 2025-01-31 00:00:00+00:00, run_after=2025-02-01 00:00:00+00:00
[2025-02-01T13:35:41.990+0000] {processor.py:208} INFO - Processing /home/airflow/.local/lib/python3.12/site-packages/airflow/example_dags/example_skip_dag.py took 0.057 seconds
[2025-02-01T13:36:12.062+0000] {processor.py:186} INFO - Started process (PID=206) to work on /home/airflow/.local/lib/python3.12/site-packages/airflow/example_dags/example_skip_dag.py
[2025-02-01T13:36:12.065+0000] {processor.py:914} INFO - Processing file /home/airflow/.local/lib/python3.12/site-packages/airflow/example_dags/example_skip_dag.py for tasks to queue
[2025-02-01T13:36:12.068+0000] {logging_mixin.py:190} INFO - [2025-02-01T13:36:12.068+0000] {dagbag.py:588} INFO - Filling up the DagBag from /home/airflow/.local/lib/python3.12/site-packages/airflow/example_dags/example_skip_dag.py
[2025-02-01T13:36:12.073+0000] {processor.py:925} INFO - DAG(s) 'example_skip_dag' retrieved from /home/airflow/.local/lib/python3.12/site-packages/airflow/example_dags/example_skip_dag.py
[2025-02-01T13:36:12.087+0000] {logging_mixin.py:190} INFO - [2025-02-01T13:36:12.087+0000] {dag.py:3239} INFO - Sync 1 DAGs
[2025-02-01T13:36:12.104+0000] {logging_mixin.py:190} INFO - [2025-02-01T13:36:12.104+0000] {dag.py:4180} INFO - Setting next_dagrun for example_skip_dag to 2025-01-31 00:00:00+00:00, run_after=2025-02-01 00:00:00+00:00
[2025-02-01T13:36:12.116+0000] {processor.py:208} INFO - Processing /home/airflow/.local/lib/python3.12/site-packages/airflow/example_dags/example_skip_dag.py took 0.057 seconds
[2025-02-01T13:36:42.845+0000] {processor.py:186} INFO - Started process (PID=272) to work on /home/airflow/.local/lib/python3.12/site-packages/airflow/example_dags/example_skip_dag.py
[2025-02-01T13:36:42.845+0000] {processor.py:914} INFO - Processing file /home/airflow/.local/lib/python3.12/site-packages/airflow/example_dags/example_skip_dag.py for tasks to queue
[2025-02-01T13:36:42.847+0000] {logging_mixin.py:190} INFO - [2025-02-01T13:36:42.847+0000] {dagbag.py:588} INFO - Filling up the DagBag from /home/airflow/.local/lib/python3.12/site-packages/airflow/example_dags/example_skip_dag.py
[2025-02-01T13:36:42.853+0000] {processor.py:925} INFO - DAG(s) 'example_skip_dag' retrieved from /home/airflow/.local/lib/python3.12/site-packages/airflow/example_dags/example_skip_dag.py
[2025-02-01T13:36:42.873+0000] {logging_mixin.py:190} INFO - [2025-02-01T13:36:42.872+0000] {dag.py:3239} INFO - Sync 1 DAGs
[2025-02-01T13:36:42.889+0000] {logging_mixin.py:190} INFO - [2025-02-01T13:36:42.889+0000] {dag.py:4180} INFO - Setting next_dagrun for example_skip_dag to 2025-01-31 00:00:00+00:00, run_after=2025-02-01 00:00:00+00:00
[2025-02-01T13:36:42.903+0000] {processor.py:208} INFO - Processing /home/airflow/.local/lib/python3.12/site-packages/airflow/example_dags/example_skip_dag.py took 0.062 seconds
[2025-02-01T13:37:13.849+0000] {processor.py:186} INFO - Started process (PID=338) to work on /home/airflow/.local/lib/python3.12/site-packages/airflow/example_dags/example_skip_dag.py
[2025-02-01T13:37:13.854+0000] {processor.py:914} INFO - Processing file /home/airflow/.local/lib/python3.12/site-packages/airflow/example_dags/example_skip_dag.py for tasks to queue
[2025-02-01T13:37:13.857+0000] {logging_mixin.py:190} INFO - [2025-02-01T13:37:13.856+0000] {dagbag.py:588} INFO - Filling up the DagBag from /home/airflow/.local/lib/python3.12/site-packages/airflow/example_dags/example_skip_dag.py
[2025-02-01T13:37:13.864+0000] {processor.py:925} INFO - DAG(s) 'example_skip_dag' retrieved from /home/airflow/.local/lib/python3.12/site-packages/airflow/example_dags/example_skip_dag.py
[2025-02-01T13:37:13.880+0000] {logging_mixin.py:190} INFO - [2025-02-01T13:37:13.880+0000] {dag.py:3239} INFO - Sync 1 DAGs
[2025-02-01T13:37:13.891+0000] {logging_mixin.py:190} INFO - [2025-02-01T13:37:13.891+0000] {dag.py:4180} INFO - Setting next_dagrun for example_skip_dag to 2025-01-31 00:00:00+00:00, run_after=2025-02-01 00:00:00+00:00
[2025-02-01T13:37:13.907+0000] {processor.py:208} INFO - Processing /home/airflow/.local/lib/python3.12/site-packages/airflow/example_dags/example_skip_dag.py took 0.064 seconds
[2025-02-01T13:37:44.567+0000] {processor.py:186} INFO - Started process (PID=404) to work on /home/airflow/.local/lib/python3.12/site-packages/airflow/example_dags/example_skip_dag.py
[2025-02-01T13:37:44.570+0000] {processor.py:914} INFO - Processing file /home/airflow/.local/lib/python3.12/site-packages/airflow/example_dags/example_skip_dag.py for tasks to queue
[2025-02-01T13:37:44.574+0000] {logging_mixin.py:190} INFO - [2025-02-01T13:37:44.574+0000] {dagbag.py:588} INFO - Filling up the DagBag from /home/airflow/.local/lib/python3.12/site-packages/airflow/example_dags/example_skip_dag.py
[2025-02-01T13:37:44.583+0000] {processor.py:925} INFO - DAG(s) 'example_skip_dag' retrieved from /home/airflow/.local/lib/python3.12/site-packages/airflow/example_dags/example_skip_dag.py
[2025-02-01T13:37:44.598+0000] {logging_mixin.py:190} INFO - [2025-02-01T13:37:44.598+0000] {dag.py:3239} INFO - Sync 1 DAGs
[2025-02-01T13:37:44.613+0000] {logging_mixin.py:190} INFO - [2025-02-01T13:37:44.613+0000] {dag.py:4180} INFO - Setting next_dagrun for example_skip_dag to 2025-01-31 00:00:00+00:00, run_after=2025-02-01 00:00:00+00:00
[2025-02-01T13:37:44.621+0000] {processor.py:208} INFO - Processing /home/airflow/.local/lib/python3.12/site-packages/airflow/example_dags/example_skip_dag.py took 0.059 seconds
[2025-02-01T13:38:14.957+0000] {processor.py:186} INFO - Started process (PID=470) to work on /home/airflow/.local/lib/python3.12/site-packages/airflow/example_dags/example_skip_dag.py
[2025-02-01T13:38:14.959+0000] {processor.py:914} INFO - Processing file /home/airflow/.local/lib/python3.12/site-packages/airflow/example_dags/example_skip_dag.py for tasks to queue
[2025-02-01T13:38:14.962+0000] {logging_mixin.py:190} INFO - [2025-02-01T13:38:14.962+0000] {dagbag.py:588} INFO - Filling up the DagBag from /home/airflow/.local/lib/python3.12/site-packages/airflow/example_dags/example_skip_dag.py
[2025-02-01T13:38:14.984+0000] {processor.py:925} INFO - DAG(s) 'example_skip_dag' retrieved from /home/airflow/.local/lib/python3.12/site-packages/airflow/example_dags/example_skip_dag.py
[2025-02-01T13:38:15.025+0000] {logging_mixin.py:190} INFO - [2025-02-01T13:38:15.025+0000] {dag.py:3239} INFO - Sync 1 DAGs
[2025-02-01T13:38:15.046+0000] {logging_mixin.py:190} INFO - [2025-02-01T13:38:15.046+0000] {dag.py:4180} INFO - Setting next_dagrun for example_skip_dag to 2025-01-31 00:00:00+00:00, run_after=2025-02-01 00:00:00+00:00
[2025-02-01T13:38:15.065+0000] {processor.py:208} INFO - Processing /home/airflow/.local/lib/python3.12/site-packages/airflow/example_dags/example_skip_dag.py took 0.125 seconds
[2025-02-01T13:38:45.195+0000] {processor.py:186} INFO - Started process (PID=536) to work on /home/airflow/.local/lib/python3.12/site-packages/airflow/example_dags/example_skip_dag.py
[2025-02-01T13:38:45.200+0000] {processor.py:914} INFO - Processing file /home/airflow/.local/lib/python3.12/site-packages/airflow/example_dags/example_skip_dag.py for tasks to queue
[2025-02-01T13:38:45.206+0000] {logging_mixin.py:190} INFO - [2025-02-01T13:38:45.204+0000] {dagbag.py:588} INFO - Filling up the DagBag from /home/airflow/.local/lib/python3.12/site-packages/airflow/example_dags/example_skip_dag.py
[2025-02-01T13:38:45.244+0000] {processor.py:925} INFO - DAG(s) 'example_skip_dag' retrieved from /home/airflow/.local/lib/python3.12/site-packages/airflow/example_dags/example_skip_dag.py
[2025-02-01T13:38:45.266+0000] {logging_mixin.py:190} INFO - [2025-02-01T13:38:45.266+0000] {dag.py:3239} INFO - Sync 1 DAGs
[2025-02-01T13:38:45.283+0000] {logging_mixin.py:190} INFO - [2025-02-01T13:38:45.283+0000] {dag.py:4180} INFO - Setting next_dagrun for example_skip_dag to 2025-01-31 00:00:00+00:00, run_after=2025-02-01 00:00:00+00:00
[2025-02-01T13:38:45.305+0000] {processor.py:208} INFO - Processing /home/airflow/.local/lib/python3.12/site-packages/airflow/example_dags/example_skip_dag.py took 0.115 seconds
[2025-02-01T13:39:16.058+0000] {processor.py:186} INFO - Started process (PID=602) to work on /home/airflow/.local/lib/python3.12/site-packages/airflow/example_dags/example_skip_dag.py
[2025-02-01T13:39:16.059+0000] {processor.py:914} INFO - Processing file /home/airflow/.local/lib/python3.12/site-packages/airflow/example_dags/example_skip_dag.py for tasks to queue
[2025-02-01T13:39:16.060+0000] {logging_mixin.py:190} INFO - [2025-02-01T13:39:16.060+0000] {dagbag.py:588} INFO - Filling up the DagBag from /home/airflow/.local/lib/python3.12/site-packages/airflow/example_dags/example_skip_dag.py
[2025-02-01T13:39:16.068+0000] {processor.py:925} INFO - DAG(s) 'example_skip_dag' retrieved from /home/airflow/.local/lib/python3.12/site-packages/airflow/example_dags/example_skip_dag.py
[2025-02-01T13:39:16.081+0000] {logging_mixin.py:190} INFO - [2025-02-01T13:39:16.081+0000] {dag.py:3239} INFO - Sync 1 DAGs
[2025-02-01T13:39:16.097+0000] {logging_mixin.py:190} INFO - [2025-02-01T13:39:16.097+0000] {dag.py:4180} INFO - Setting next_dagrun for example_skip_dag to 2025-01-31 00:00:00+00:00, run_after=2025-02-01 00:00:00+00:00
[2025-02-01T13:39:16.115+0000] {processor.py:208} INFO - Processing /home/airflow/.local/lib/python3.12/site-packages/airflow/example_dags/example_skip_dag.py took 0.061 seconds
[2025-02-01T13:39:46.558+0000] {processor.py:186} INFO - Started process (PID=668) to work on /home/airflow/.local/lib/python3.12/site-packages/airflow/example_dags/example_skip_dag.py
[2025-02-01T13:39:46.561+0000] {processor.py:914} INFO - Processing file /home/airflow/.local/lib/python3.12/site-packages/airflow/example_dags/example_skip_dag.py for tasks to queue
[2025-02-01T13:39:46.566+0000] {logging_mixin.py:190} INFO - [2025-02-01T13:39:46.566+0000] {dagbag.py:588} INFO - Filling up the DagBag from /home/airflow/.local/lib/python3.12/site-packages/airflow/example_dags/example_skip_dag.py
[2025-02-01T13:39:46.577+0000] {processor.py:925} INFO - DAG(s) 'example_skip_dag' retrieved from /home/airflow/.local/lib/python3.12/site-packages/airflow/example_dags/example_skip_dag.py
[2025-02-01T13:39:46.592+0000] {logging_mixin.py:190} INFO - [2025-02-01T13:39:46.591+0000] {dag.py:3239} INFO - Sync 1 DAGs
[2025-02-01T13:39:46.607+0000] {logging_mixin.py:190} INFO - [2025-02-01T13:39:46.607+0000] {dag.py:4180} INFO - Setting next_dagrun for example_skip_dag to 2025-01-31 00:00:00+00:00, run_after=2025-02-01 00:00:00+00:00
[2025-02-01T13:39:46.625+0000] {processor.py:208} INFO - Processing /home/airflow/.local/lib/python3.12/site-packages/airflow/example_dags/example_skip_dag.py took 0.071 seconds
[2025-02-01T13:40:16.829+0000] {processor.py:186} INFO - Started process (PID=734) to work on /home/airflow/.local/lib/python3.12/site-packages/airflow/example_dags/example_skip_dag.py
[2025-02-01T13:40:16.834+0000] {processor.py:914} INFO - Processing file /home/airflow/.local/lib/python3.12/site-packages/airflow/example_dags/example_skip_dag.py for tasks to queue
[2025-02-01T13:40:16.836+0000] {logging_mixin.py:190} INFO - [2025-02-01T13:40:16.836+0000] {dagbag.py:588} INFO - Filling up the DagBag from /home/airflow/.local/lib/python3.12/site-packages/airflow/example_dags/example_skip_dag.py
[2025-02-01T13:40:16.841+0000] {processor.py:925} INFO - DAG(s) 'example_skip_dag' retrieved from /home/airflow/.local/lib/python3.12/site-packages/airflow/example_dags/example_skip_dag.py
[2025-02-01T13:40:16.859+0000] {logging_mixin.py:190} INFO - [2025-02-01T13:40:16.859+0000] {dag.py:3239} INFO - Sync 1 DAGs
[2025-02-01T13:40:16.871+0000] {logging_mixin.py:190} INFO - [2025-02-01T13:40:16.871+0000] {dag.py:4180} INFO - Setting next_dagrun for example_skip_dag to 2025-01-31 00:00:00+00:00, run_after=2025-02-01 00:00:00+00:00
[2025-02-01T13:40:16.884+0000] {processor.py:208} INFO - Processing /home/airflow/.local/lib/python3.12/site-packages/airflow/example_dags/example_skip_dag.py took 0.059 seconds
[2025-02-01T13:40:47.844+0000] {processor.py:186} INFO - Started process (PID=800) to work on /home/airflow/.local/lib/python3.12/site-packages/airflow/example_dags/example_skip_dag.py
[2025-02-01T13:40:47.850+0000] {processor.py:914} INFO - Processing file /home/airflow/.local/lib/python3.12/site-packages/airflow/example_dags/example_skip_dag.py for tasks to queue
[2025-02-01T13:40:47.851+0000] {logging_mixin.py:190} INFO - [2025-02-01T13:40:47.851+0000] {dagbag.py:588} INFO - Filling up the DagBag from /home/airflow/.local/lib/python3.12/site-packages/airflow/example_dags/example_skip_dag.py
[2025-02-01T13:40:47.857+0000] {processor.py:925} INFO - DAG(s) 'example_skip_dag' retrieved from /home/airflow/.local/lib/python3.12/site-packages/airflow/example_dags/example_skip_dag.py
[2025-02-01T13:40:47.873+0000] {logging_mixin.py:190} INFO - [2025-02-01T13:40:47.873+0000] {dag.py:3239} INFO - Sync 1 DAGs
[2025-02-01T13:40:47.886+0000] {logging_mixin.py:190} INFO - [2025-02-01T13:40:47.886+0000] {dag.py:4180} INFO - Setting next_dagrun for example_skip_dag to 2025-01-31 00:00:00+00:00, run_after=2025-02-01 00:00:00+00:00
[2025-02-01T13:40:47.902+0000] {processor.py:208} INFO - Processing /home/airflow/.local/lib/python3.12/site-packages/airflow/example_dags/example_skip_dag.py took 0.062 seconds
[2025-02-01T13:41:18.774+0000] {processor.py:186} INFO - Started process (PID=866) to work on /home/airflow/.local/lib/python3.12/site-packages/airflow/example_dags/example_skip_dag.py
[2025-02-01T13:41:18.776+0000] {processor.py:914} INFO - Processing file /home/airflow/.local/lib/python3.12/site-packages/airflow/example_dags/example_skip_dag.py for tasks to queue
[2025-02-01T13:41:18.779+0000] {logging_mixin.py:190} INFO - [2025-02-01T13:41:18.779+0000] {dagbag.py:588} INFO - Filling up the DagBag from /home/airflow/.local/lib/python3.12/site-packages/airflow/example_dags/example_skip_dag.py
[2025-02-01T13:41:18.785+0000] {processor.py:925} INFO - DAG(s) 'example_skip_dag' retrieved from /home/airflow/.local/lib/python3.12/site-packages/airflow/example_dags/example_skip_dag.py
[2025-02-01T13:41:18.799+0000] {logging_mixin.py:190} INFO - [2025-02-01T13:41:18.799+0000] {dag.py:3239} INFO - Sync 1 DAGs
[2025-02-01T13:41:18.813+0000] {logging_mixin.py:190} INFO - [2025-02-01T13:41:18.813+0000] {dag.py:4180} INFO - Setting next_dagrun for example_skip_dag to 2025-01-31 00:00:00+00:00, run_after=2025-02-01 00:00:00+00:00
[2025-02-01T13:41:18.823+0000] {processor.py:208} INFO - Processing /home/airflow/.local/lib/python3.12/site-packages/airflow/example_dags/example_skip_dag.py took 0.055 seconds
[2025-02-01T13:41:49.311+0000] {processor.py:186} INFO - Started process (PID=932) to work on /home/airflow/.local/lib/python3.12/site-packages/airflow/example_dags/example_skip_dag.py
[2025-02-01T13:41:49.316+0000] {processor.py:914} INFO - Processing file /home/airflow/.local/lib/python3.12/site-packages/airflow/example_dags/example_skip_dag.py for tasks to queue
[2025-02-01T13:41:49.319+0000] {logging_mixin.py:190} INFO - [2025-02-01T13:41:49.318+0000] {dagbag.py:588} INFO - Filling up the DagBag from /home/airflow/.local/lib/python3.12/site-packages/airflow/example_dags/example_skip_dag.py
[2025-02-01T13:41:49.326+0000] {processor.py:925} INFO - DAG(s) 'example_skip_dag' retrieved from /home/airflow/.local/lib/python3.12/site-packages/airflow/example_dags/example_skip_dag.py
[2025-02-01T13:41:49.347+0000] {logging_mixin.py:190} INFO - [2025-02-01T13:41:49.347+0000] {dag.py:3239} INFO - Sync 1 DAGs
[2025-02-01T13:41:49.360+0000] {logging_mixin.py:190} INFO - [2025-02-01T13:41:49.360+0000] {dag.py:4180} INFO - Setting next_dagrun for example_skip_dag to 2025-01-31 00:00:00+00:00, run_after=2025-02-01 00:00:00+00:00
[2025-02-01T13:41:49.373+0000] {processor.py:208} INFO - Processing /home/airflow/.local/lib/python3.12/site-packages/airflow/example_dags/example_skip_dag.py took 0.068 seconds
[2025-02-01T13:42:19.592+0000] {processor.py:186} INFO - Started process (PID=998) to work on /home/airflow/.local/lib/python3.12/site-packages/airflow/example_dags/example_skip_dag.py
[2025-02-01T13:42:19.600+0000] {processor.py:914} INFO - Processing file /home/airflow/.local/lib/python3.12/site-packages/airflow/example_dags/example_skip_dag.py for tasks to queue
[2025-02-01T13:42:19.613+0000] {logging_mixin.py:190} INFO - [2025-02-01T13:42:19.613+0000] {dagbag.py:588} INFO - Filling up the DagBag from /home/airflow/.local/lib/python3.12/site-packages/airflow/example_dags/example_skip_dag.py
[2025-02-01T13:42:19.640+0000] {processor.py:925} INFO - DAG(s) 'example_skip_dag' retrieved from /home/airflow/.local/lib/python3.12/site-packages/airflow/example_dags/example_skip_dag.py
[2025-02-01T13:42:19.683+0000] {logging_mixin.py:190} INFO - [2025-02-01T13:42:19.683+0000] {dag.py:3239} INFO - Sync 1 DAGs
[2025-02-01T13:42:19.759+0000] {logging_mixin.py:190} INFO - [2025-02-01T13:42:19.758+0000] {dag.py:4180} INFO - Setting next_dagrun for example_skip_dag to 2025-01-31 00:00:00+00:00, run_after=2025-02-01 00:00:00+00:00
[2025-02-01T13:42:19.838+0000] {processor.py:208} INFO - Processing /home/airflow/.local/lib/python3.12/site-packages/airflow/example_dags/example_skip_dag.py took 0.267 seconds
[2025-02-01T14:45:44.155+0000] {processor.py:186} INFO - Started process (PID=72) to work on /home/airflow/.local/lib/python3.12/site-packages/airflow/example_dags/example_skip_dag.py
[2025-02-01T14:45:44.155+0000] {processor.py:914} INFO - Processing file /home/airflow/.local/lib/python3.12/site-packages/airflow/example_dags/example_skip_dag.py for tasks to queue
[2025-02-01T14:45:44.157+0000] {logging_mixin.py:190} INFO - [2025-02-01T14:45:44.157+0000] {dagbag.py:588} INFO - Filling up the DagBag from /home/airflow/.local/lib/python3.12/site-packages/airflow/example_dags/example_skip_dag.py
[2025-02-01T14:45:44.161+0000] {processor.py:925} INFO - DAG(s) 'example_skip_dag' retrieved from /home/airflow/.local/lib/python3.12/site-packages/airflow/example_dags/example_skip_dag.py
[2025-02-01T14:45:44.173+0000] {logging_mixin.py:190} INFO - [2025-02-01T14:45:44.173+0000] {dag.py:3239} INFO - Sync 1 DAGs
[2025-02-01T14:45:44.185+0000] {logging_mixin.py:190} INFO - [2025-02-01T14:45:44.185+0000] {dag.py:4180} INFO - Setting next_dagrun for example_skip_dag to 2025-01-31 00:00:00+00:00, run_after=2025-02-01 00:00:00+00:00
[2025-02-01T14:45:44.193+0000] {processor.py:208} INFO - Processing /home/airflow/.local/lib/python3.12/site-packages/airflow/example_dags/example_skip_dag.py took 0.041 seconds
[2025-02-01T14:46:14.621+0000] {processor.py:186} INFO - Started process (PID=137) to work on /home/airflow/.local/lib/python3.12/site-packages/airflow/example_dags/example_skip_dag.py
[2025-02-01T14:46:14.622+0000] {processor.py:914} INFO - Processing file /home/airflow/.local/lib/python3.12/site-packages/airflow/example_dags/example_skip_dag.py for tasks to queue
[2025-02-01T14:46:14.623+0000] {logging_mixin.py:190} INFO - [2025-02-01T14:46:14.623+0000] {dagbag.py:588} INFO - Filling up the DagBag from /home/airflow/.local/lib/python3.12/site-packages/airflow/example_dags/example_skip_dag.py
[2025-02-01T14:46:14.627+0000] {processor.py:925} INFO - DAG(s) 'example_skip_dag' retrieved from /home/airflow/.local/lib/python3.12/site-packages/airflow/example_dags/example_skip_dag.py
[2025-02-01T14:46:14.637+0000] {logging_mixin.py:190} INFO - [2025-02-01T14:46:14.637+0000] {dag.py:3239} INFO - Sync 1 DAGs
[2025-02-01T14:46:14.648+0000] {logging_mixin.py:190} INFO - [2025-02-01T14:46:14.648+0000] {dag.py:4180} INFO - Setting next_dagrun for example_skip_dag to 2025-01-31 00:00:00+00:00, run_after=2025-02-01 00:00:00+00:00
[2025-02-01T14:46:14.659+0000] {processor.py:208} INFO - Processing /home/airflow/.local/lib/python3.12/site-packages/airflow/example_dags/example_skip_dag.py took 0.041 seconds
[2025-02-01T14:46:44.734+0000] {processor.py:186} INFO - Started process (PID=202) to work on /home/airflow/.local/lib/python3.12/site-packages/airflow/example_dags/example_skip_dag.py
[2025-02-01T14:46:44.736+0000] {processor.py:914} INFO - Processing file /home/airflow/.local/lib/python3.12/site-packages/airflow/example_dags/example_skip_dag.py for tasks to queue
[2025-02-01T14:46:44.737+0000] {logging_mixin.py:190} INFO - [2025-02-01T14:46:44.737+0000] {dagbag.py:588} INFO - Filling up the DagBag from /home/airflow/.local/lib/python3.12/site-packages/airflow/example_dags/example_skip_dag.py
[2025-02-01T14:46:44.744+0000] {processor.py:925} INFO - DAG(s) 'example_skip_dag' retrieved from /home/airflow/.local/lib/python3.12/site-packages/airflow/example_dags/example_skip_dag.py
[2025-02-01T14:46:44.758+0000] {logging_mixin.py:190} INFO - [2025-02-01T14:46:44.758+0000] {dag.py:3239} INFO - Sync 1 DAGs
[2025-02-01T14:46:44.768+0000] {logging_mixin.py:190} INFO - [2025-02-01T14:46:44.768+0000] {dag.py:4180} INFO - Setting next_dagrun for example_skip_dag to 2025-01-31 00:00:00+00:00, run_after=2025-02-01 00:00:00+00:00
[2025-02-01T14:46:44.780+0000] {processor.py:208} INFO - Processing /home/airflow/.local/lib/python3.12/site-packages/airflow/example_dags/example_skip_dag.py took 0.049 seconds
[2025-02-01T14:47:15.714+0000] {processor.py:186} INFO - Started process (PID=268) to work on /home/airflow/.local/lib/python3.12/site-packages/airflow/example_dags/example_skip_dag.py
[2025-02-01T14:47:15.716+0000] {processor.py:914} INFO - Processing file /home/airflow/.local/lib/python3.12/site-packages/airflow/example_dags/example_skip_dag.py for tasks to queue
[2025-02-01T14:47:15.717+0000] {logging_mixin.py:190} INFO - [2025-02-01T14:47:15.717+0000] {dagbag.py:588} INFO - Filling up the DagBag from /home/airflow/.local/lib/python3.12/site-packages/airflow/example_dags/example_skip_dag.py
[2025-02-01T14:47:15.721+0000] {processor.py:925} INFO - DAG(s) 'example_skip_dag' retrieved from /home/airflow/.local/lib/python3.12/site-packages/airflow/example_dags/example_skip_dag.py
[2025-02-01T14:47:15.732+0000] {logging_mixin.py:190} INFO - [2025-02-01T14:47:15.732+0000] {dag.py:3239} INFO - Sync 1 DAGs
[2025-02-01T14:47:15.742+0000] {logging_mixin.py:190} INFO - [2025-02-01T14:47:15.741+0000] {dag.py:4180} INFO - Setting next_dagrun for example_skip_dag to 2025-01-31 00:00:00+00:00, run_after=2025-02-01 00:00:00+00:00
[2025-02-01T14:47:15.750+0000] {processor.py:208} INFO - Processing /home/airflow/.local/lib/python3.12/site-packages/airflow/example_dags/example_skip_dag.py took 0.039 seconds
[2025-02-01T14:47:46.048+0000] {processor.py:186} INFO - Started process (PID=334) to work on /home/airflow/.local/lib/python3.12/site-packages/airflow/example_dags/example_skip_dag.py
[2025-02-01T14:47:46.050+0000] {processor.py:914} INFO - Processing file /home/airflow/.local/lib/python3.12/site-packages/airflow/example_dags/example_skip_dag.py for tasks to queue
[2025-02-01T14:47:46.051+0000] {logging_mixin.py:190} INFO - [2025-02-01T14:47:46.051+0000] {dagbag.py:588} INFO - Filling up the DagBag from /home/airflow/.local/lib/python3.12/site-packages/airflow/example_dags/example_skip_dag.py
[2025-02-01T14:47:46.055+0000] {processor.py:925} INFO - DAG(s) 'example_skip_dag' retrieved from /home/airflow/.local/lib/python3.12/site-packages/airflow/example_dags/example_skip_dag.py
[2025-02-01T14:47:46.068+0000] {logging_mixin.py:190} INFO - [2025-02-01T14:47:46.068+0000] {dag.py:3239} INFO - Sync 1 DAGs
[2025-02-01T14:47:46.080+0000] {logging_mixin.py:190} INFO - [2025-02-01T14:47:46.080+0000] {dag.py:4180} INFO - Setting next_dagrun for example_skip_dag to 2025-01-31 00:00:00+00:00, run_after=2025-02-01 00:00:00+00:00
[2025-02-01T14:47:46.087+0000] {processor.py:208} INFO - Processing /home/airflow/.local/lib/python3.12/site-packages/airflow/example_dags/example_skip_dag.py took 0.043 seconds
[2025-02-01T14:48:16.746+0000] {processor.py:186} INFO - Started process (PID=406) to work on /home/airflow/.local/lib/python3.12/site-packages/airflow/example_dags/example_skip_dag.py
[2025-02-01T14:48:16.746+0000] {processor.py:914} INFO - Processing file /home/airflow/.local/lib/python3.12/site-packages/airflow/example_dags/example_skip_dag.py for tasks to queue
[2025-02-01T14:48:16.748+0000] {logging_mixin.py:190} INFO - [2025-02-01T14:48:16.748+0000] {dagbag.py:588} INFO - Filling up the DagBag from /home/airflow/.local/lib/python3.12/site-packages/airflow/example_dags/example_skip_dag.py
[2025-02-01T14:48:16.753+0000] {processor.py:925} INFO - DAG(s) 'example_skip_dag' retrieved from /home/airflow/.local/lib/python3.12/site-packages/airflow/example_dags/example_skip_dag.py
[2025-02-01T14:48:16.765+0000] {logging_mixin.py:190} INFO - [2025-02-01T14:48:16.765+0000] {dag.py:3239} INFO - Sync 1 DAGs
[2025-02-01T14:48:16.775+0000] {logging_mixin.py:190} INFO - [2025-02-01T14:48:16.775+0000] {dag.py:4180} INFO - Setting next_dagrun for example_skip_dag to 2025-01-31 00:00:00+00:00, run_after=2025-02-01 00:00:00+00:00
[2025-02-01T14:48:16.785+0000] {processor.py:208} INFO - Processing /home/airflow/.local/lib/python3.12/site-packages/airflow/example_dags/example_skip_dag.py took 0.043 seconds
[2025-02-01T14:48:47.745+0000] {processor.py:186} INFO - Started process (PID=472) to work on /home/airflow/.local/lib/python3.12/site-packages/airflow/example_dags/example_skip_dag.py
[2025-02-01T14:48:47.747+0000] {processor.py:914} INFO - Processing file /home/airflow/.local/lib/python3.12/site-packages/airflow/example_dags/example_skip_dag.py for tasks to queue
[2025-02-01T14:48:47.749+0000] {logging_mixin.py:190} INFO - [2025-02-01T14:48:47.749+0000] {dagbag.py:588} INFO - Filling up the DagBag from /home/airflow/.local/lib/python3.12/site-packages/airflow/example_dags/example_skip_dag.py
[2025-02-01T14:48:47.753+0000] {processor.py:925} INFO - DAG(s) 'example_skip_dag' retrieved from /home/airflow/.local/lib/python3.12/site-packages/airflow/example_dags/example_skip_dag.py
[2025-02-01T14:48:47.766+0000] {logging_mixin.py:190} INFO - [2025-02-01T14:48:47.766+0000] {dag.py:3239} INFO - Sync 1 DAGs
[2025-02-01T14:48:47.778+0000] {logging_mixin.py:190} INFO - [2025-02-01T14:48:47.778+0000] {dag.py:4180} INFO - Setting next_dagrun for example_skip_dag to 2025-01-31 00:00:00+00:00, run_after=2025-02-01 00:00:00+00:00
[2025-02-01T14:48:47.792+0000] {processor.py:208} INFO - Processing /home/airflow/.local/lib/python3.12/site-packages/airflow/example_dags/example_skip_dag.py took 0.053 seconds
[2025-02-01T14:49:18.749+0000] {processor.py:186} INFO - Started process (PID=538) to work on /home/airflow/.local/lib/python3.12/site-packages/airflow/example_dags/example_skip_dag.py
[2025-02-01T14:49:18.753+0000] {processor.py:914} INFO - Processing file /home/airflow/.local/lib/python3.12/site-packages/airflow/example_dags/example_skip_dag.py for tasks to queue
[2025-02-01T14:49:18.755+0000] {logging_mixin.py:190} INFO - [2025-02-01T14:49:18.755+0000] {dagbag.py:588} INFO - Filling up the DagBag from /home/airflow/.local/lib/python3.12/site-packages/airflow/example_dags/example_skip_dag.py
[2025-02-01T14:49:18.762+0000] {processor.py:925} INFO - DAG(s) 'example_skip_dag' retrieved from /home/airflow/.local/lib/python3.12/site-packages/airflow/example_dags/example_skip_dag.py
[2025-02-01T14:49:18.788+0000] {logging_mixin.py:190} INFO - [2025-02-01T14:49:18.787+0000] {dag.py:3239} INFO - Sync 1 DAGs
[2025-02-01T14:49:18.808+0000] {logging_mixin.py:190} INFO - [2025-02-01T14:49:18.807+0000] {dag.py:4180} INFO - Setting next_dagrun for example_skip_dag to 2025-01-31 00:00:00+00:00, run_after=2025-02-01 00:00:00+00:00
[2025-02-01T14:49:18.825+0000] {processor.py:208} INFO - Processing /home/airflow/.local/lib/python3.12/site-packages/airflow/example_dags/example_skip_dag.py took 0.082 seconds
[2025-02-01T14:49:48.962+0000] {processor.py:186} INFO - Started process (PID=604) to work on /home/airflow/.local/lib/python3.12/site-packages/airflow/example_dags/example_skip_dag.py
[2025-02-01T14:49:48.963+0000] {processor.py:914} INFO - Processing file /home/airflow/.local/lib/python3.12/site-packages/airflow/example_dags/example_skip_dag.py for tasks to queue
[2025-02-01T14:49:48.964+0000] {logging_mixin.py:190} INFO - [2025-02-01T14:49:48.964+0000] {dagbag.py:588} INFO - Filling up the DagBag from /home/airflow/.local/lib/python3.12/site-packages/airflow/example_dags/example_skip_dag.py
[2025-02-01T14:49:48.969+0000] {processor.py:925} INFO - DAG(s) 'example_skip_dag' retrieved from /home/airflow/.local/lib/python3.12/site-packages/airflow/example_dags/example_skip_dag.py
[2025-02-01T14:49:48.981+0000] {logging_mixin.py:190} INFO - [2025-02-01T14:49:48.981+0000] {dag.py:3239} INFO - Sync 1 DAGs
[2025-02-01T14:49:49.003+0000] {logging_mixin.py:190} INFO - [2025-02-01T14:49:49.003+0000] {dag.py:4180} INFO - Setting next_dagrun for example_skip_dag to 2025-01-31 00:00:00+00:00, run_after=2025-02-01 00:00:00+00:00
[2025-02-01T14:49:49.032+0000] {processor.py:208} INFO - Processing /home/airflow/.local/lib/python3.12/site-packages/airflow/example_dags/example_skip_dag.py took 0.074 seconds
[2025-02-01T14:50:19.775+0000] {processor.py:186} INFO - Started process (PID=670) to work on /home/airflow/.local/lib/python3.12/site-packages/airflow/example_dags/example_skip_dag.py
[2025-02-01T14:50:19.776+0000] {processor.py:914} INFO - Processing file /home/airflow/.local/lib/python3.12/site-packages/airflow/example_dags/example_skip_dag.py for tasks to queue
[2025-02-01T14:50:19.777+0000] {logging_mixin.py:190} INFO - [2025-02-01T14:50:19.777+0000] {dagbag.py:588} INFO - Filling up the DagBag from /home/airflow/.local/lib/python3.12/site-packages/airflow/example_dags/example_skip_dag.py
[2025-02-01T14:50:19.781+0000] {processor.py:925} INFO - DAG(s) 'example_skip_dag' retrieved from /home/airflow/.local/lib/python3.12/site-packages/airflow/example_dags/example_skip_dag.py
[2025-02-01T14:50:19.794+0000] {logging_mixin.py:190} INFO - [2025-02-01T14:50:19.794+0000] {dag.py:3239} INFO - Sync 1 DAGs
[2025-02-01T14:50:19.805+0000] {logging_mixin.py:190} INFO - [2025-02-01T14:50:19.805+0000] {dag.py:4180} INFO - Setting next_dagrun for example_skip_dag to 2025-01-31 00:00:00+00:00, run_after=2025-02-01 00:00:00+00:00
[2025-02-01T14:50:19.812+0000] {processor.py:208} INFO - Processing /home/airflow/.local/lib/python3.12/site-packages/airflow/example_dags/example_skip_dag.py took 0.040 seconds
[2025-02-01T14:50:50.784+0000] {processor.py:186} INFO - Started process (PID=736) to work on /home/airflow/.local/lib/python3.12/site-packages/airflow/example_dags/example_skip_dag.py
[2025-02-01T14:50:50.787+0000] {processor.py:914} INFO - Processing file /home/airflow/.local/lib/python3.12/site-packages/airflow/example_dags/example_skip_dag.py for tasks to queue
[2025-02-01T14:50:50.788+0000] {logging_mixin.py:190} INFO - [2025-02-01T14:50:50.788+0000] {dagbag.py:588} INFO - Filling up the DagBag from /home/airflow/.local/lib/python3.12/site-packages/airflow/example_dags/example_skip_dag.py
[2025-02-01T14:50:50.792+0000] {processor.py:925} INFO - DAG(s) 'example_skip_dag' retrieved from /home/airflow/.local/lib/python3.12/site-packages/airflow/example_dags/example_skip_dag.py
[2025-02-01T14:50:50.804+0000] {logging_mixin.py:190} INFO - [2025-02-01T14:50:50.804+0000] {dag.py:3239} INFO - Sync 1 DAGs
[2025-02-01T14:50:50.815+0000] {logging_mixin.py:190} INFO - [2025-02-01T14:50:50.815+0000] {dag.py:4180} INFO - Setting next_dagrun for example_skip_dag to 2025-01-31 00:00:00+00:00, run_after=2025-02-01 00:00:00+00:00
[2025-02-01T14:50:50.822+0000] {processor.py:208} INFO - Processing /home/airflow/.local/lib/python3.12/site-packages/airflow/example_dags/example_skip_dag.py took 0.041 seconds
[2025-02-01T14:51:21.735+0000] {processor.py:186} INFO - Started process (PID=802) to work on /home/airflow/.local/lib/python3.12/site-packages/airflow/example_dags/example_skip_dag.py
[2025-02-01T14:51:21.737+0000] {processor.py:914} INFO - Processing file /home/airflow/.local/lib/python3.12/site-packages/airflow/example_dags/example_skip_dag.py for tasks to queue
[2025-02-01T14:51:21.738+0000] {logging_mixin.py:190} INFO - [2025-02-01T14:51:21.738+0000] {dagbag.py:588} INFO - Filling up the DagBag from /home/airflow/.local/lib/python3.12/site-packages/airflow/example_dags/example_skip_dag.py
[2025-02-01T14:51:21.743+0000] {processor.py:925} INFO - DAG(s) 'example_skip_dag' retrieved from /home/airflow/.local/lib/python3.12/site-packages/airflow/example_dags/example_skip_dag.py
[2025-02-01T14:51:21.754+0000] {logging_mixin.py:190} INFO - [2025-02-01T14:51:21.754+0000] {dag.py:3239} INFO - Sync 1 DAGs
[2025-02-01T14:51:21.763+0000] {logging_mixin.py:190} INFO - [2025-02-01T14:51:21.763+0000] {dag.py:4180} INFO - Setting next_dagrun for example_skip_dag to 2025-01-31 00:00:00+00:00, run_after=2025-02-01 00:00:00+00:00
[2025-02-01T14:51:21.771+0000] {processor.py:208} INFO - Processing /home/airflow/.local/lib/python3.12/site-packages/airflow/example_dags/example_skip_dag.py took 0.039 seconds
[2025-02-01T14:51:51.921+0000] {processor.py:186} INFO - Started process (PID=868) to work on /home/airflow/.local/lib/python3.12/site-packages/airflow/example_dags/example_skip_dag.py
[2025-02-01T14:51:51.923+0000] {processor.py:914} INFO - Processing file /home/airflow/.local/lib/python3.12/site-packages/airflow/example_dags/example_skip_dag.py for tasks to queue
[2025-02-01T14:51:51.924+0000] {logging_mixin.py:190} INFO - [2025-02-01T14:51:51.924+0000] {dagbag.py:588} INFO - Filling up the DagBag from /home/airflow/.local/lib/python3.12/site-packages/airflow/example_dags/example_skip_dag.py
[2025-02-01T14:51:51.929+0000] {processor.py:925} INFO - DAG(s) 'example_skip_dag' retrieved from /home/airflow/.local/lib/python3.12/site-packages/airflow/example_dags/example_skip_dag.py
[2025-02-01T14:51:51.938+0000] {logging_mixin.py:190} INFO - [2025-02-01T14:51:51.937+0000] {dag.py:3239} INFO - Sync 1 DAGs
[2025-02-01T14:51:51.949+0000] {logging_mixin.py:190} INFO - [2025-02-01T14:51:51.949+0000] {dag.py:4180} INFO - Setting next_dagrun for example_skip_dag to 2025-01-31 00:00:00+00:00, run_after=2025-02-01 00:00:00+00:00
[2025-02-01T14:51:51.958+0000] {processor.py:208} INFO - Processing /home/airflow/.local/lib/python3.12/site-packages/airflow/example_dags/example_skip_dag.py took 0.040 seconds
[2025-02-01T14:52:22.526+0000] {processor.py:186} INFO - Started process (PID=933) to work on /home/airflow/.local/lib/python3.12/site-packages/airflow/example_dags/example_skip_dag.py
[2025-02-01T14:52:22.528+0000] {processor.py:914} INFO - Processing file /home/airflow/.local/lib/python3.12/site-packages/airflow/example_dags/example_skip_dag.py for tasks to queue
[2025-02-01T14:52:22.530+0000] {logging_mixin.py:190} INFO - [2025-02-01T14:52:22.530+0000] {dagbag.py:588} INFO - Filling up the DagBag from /home/airflow/.local/lib/python3.12/site-packages/airflow/example_dags/example_skip_dag.py
[2025-02-01T14:52:22.552+0000] {processor.py:925} INFO - DAG(s) 'example_skip_dag' retrieved from /home/airflow/.local/lib/python3.12/site-packages/airflow/example_dags/example_skip_dag.py
[2025-02-01T14:52:22.576+0000] {logging_mixin.py:190} INFO - [2025-02-01T14:52:22.576+0000] {dag.py:3239} INFO - Sync 1 DAGs
[2025-02-01T14:52:22.589+0000] {logging_mixin.py:190} INFO - [2025-02-01T14:52:22.589+0000] {dag.py:4180} INFO - Setting next_dagrun for example_skip_dag to 2025-01-31 00:00:00+00:00, run_after=2025-02-01 00:00:00+00:00
[2025-02-01T14:52:22.606+0000] {processor.py:208} INFO - Processing /home/airflow/.local/lib/python3.12/site-packages/airflow/example_dags/example_skip_dag.py took 0.084 seconds
[2025-02-01T14:52:53.273+0000] {processor.py:186} INFO - Started process (PID=1000) to work on /home/airflow/.local/lib/python3.12/site-packages/airflow/example_dags/example_skip_dag.py
[2025-02-01T14:52:53.274+0000] {processor.py:914} INFO - Processing file /home/airflow/.local/lib/python3.12/site-packages/airflow/example_dags/example_skip_dag.py for tasks to queue
[2025-02-01T14:52:53.276+0000] {logging_mixin.py:190} INFO - [2025-02-01T14:52:53.276+0000] {dagbag.py:588} INFO - Filling up the DagBag from /home/airflow/.local/lib/python3.12/site-packages/airflow/example_dags/example_skip_dag.py
[2025-02-01T14:52:53.280+0000] {processor.py:925} INFO - DAG(s) 'example_skip_dag' retrieved from /home/airflow/.local/lib/python3.12/site-packages/airflow/example_dags/example_skip_dag.py
[2025-02-01T14:52:53.293+0000] {logging_mixin.py:190} INFO - [2025-02-01T14:52:53.293+0000] {dag.py:3239} INFO - Sync 1 DAGs
[2025-02-01T14:52:53.307+0000] {logging_mixin.py:190} INFO - [2025-02-01T14:52:53.307+0000] {dag.py:4180} INFO - Setting next_dagrun for example_skip_dag to 2025-01-31 00:00:00+00:00, run_after=2025-02-01 00:00:00+00:00
[2025-02-01T14:52:53.315+0000] {processor.py:208} INFO - Processing /home/airflow/.local/lib/python3.12/site-packages/airflow/example_dags/example_skip_dag.py took 0.045 seconds
[2025-02-01T14:53:23.383+0000] {processor.py:186} INFO - Started process (PID=1066) to work on /home/airflow/.local/lib/python3.12/site-packages/airflow/example_dags/example_skip_dag.py
[2025-02-01T14:53:23.383+0000] {processor.py:914} INFO - Processing file /home/airflow/.local/lib/python3.12/site-packages/airflow/example_dags/example_skip_dag.py for tasks to queue
[2025-02-01T14:53:23.385+0000] {logging_mixin.py:190} INFO - [2025-02-01T14:53:23.385+0000] {dagbag.py:588} INFO - Filling up the DagBag from /home/airflow/.local/lib/python3.12/site-packages/airflow/example_dags/example_skip_dag.py
[2025-02-01T14:53:23.389+0000] {processor.py:925} INFO - DAG(s) 'example_skip_dag' retrieved from /home/airflow/.local/lib/python3.12/site-packages/airflow/example_dags/example_skip_dag.py
[2025-02-01T14:53:23.402+0000] {logging_mixin.py:190} INFO - [2025-02-01T14:53:23.402+0000] {dag.py:3239} INFO - Sync 1 DAGs
[2025-02-01T14:53:23.414+0000] {logging_mixin.py:190} INFO - [2025-02-01T14:53:23.414+0000] {dag.py:4180} INFO - Setting next_dagrun for example_skip_dag to 2025-01-31 00:00:00+00:00, run_after=2025-02-01 00:00:00+00:00
[2025-02-01T14:53:23.424+0000] {processor.py:208} INFO - Processing /home/airflow/.local/lib/python3.12/site-packages/airflow/example_dags/example_skip_dag.py took 0.044 seconds
[2025-02-01T14:53:54.148+0000] {processor.py:186} INFO - Started process (PID=1132) to work on /home/airflow/.local/lib/python3.12/site-packages/airflow/example_dags/example_skip_dag.py
[2025-02-01T14:53:54.149+0000] {processor.py:914} INFO - Processing file /home/airflow/.local/lib/python3.12/site-packages/airflow/example_dags/example_skip_dag.py for tasks to queue
[2025-02-01T14:53:54.150+0000] {logging_mixin.py:190} INFO - [2025-02-01T14:53:54.150+0000] {dagbag.py:588} INFO - Filling up the DagBag from /home/airflow/.local/lib/python3.12/site-packages/airflow/example_dags/example_skip_dag.py
[2025-02-01T14:53:54.154+0000] {processor.py:925} INFO - DAG(s) 'example_skip_dag' retrieved from /home/airflow/.local/lib/python3.12/site-packages/airflow/example_dags/example_skip_dag.py
[2025-02-01T14:53:54.169+0000] {logging_mixin.py:190} INFO - [2025-02-01T14:53:54.169+0000] {dag.py:3239} INFO - Sync 1 DAGs
[2025-02-01T14:53:54.179+0000] {logging_mixin.py:190} INFO - [2025-02-01T14:53:54.179+0000] {dag.py:4180} INFO - Setting next_dagrun for example_skip_dag to 2025-01-31 00:00:00+00:00, run_after=2025-02-01 00:00:00+00:00
[2025-02-01T14:53:54.189+0000] {processor.py:208} INFO - Processing /home/airflow/.local/lib/python3.12/site-packages/airflow/example_dags/example_skip_dag.py took 0.043 seconds
[2025-02-01T14:54:24.295+0000] {processor.py:186} INFO - Started process (PID=1198) to work on /home/airflow/.local/lib/python3.12/site-packages/airflow/example_dags/example_skip_dag.py
[2025-02-01T14:54:24.296+0000] {processor.py:914} INFO - Processing file /home/airflow/.local/lib/python3.12/site-packages/airflow/example_dags/example_skip_dag.py for tasks to queue
[2025-02-01T14:54:24.298+0000] {logging_mixin.py:190} INFO - [2025-02-01T14:54:24.298+0000] {dagbag.py:588} INFO - Filling up the DagBag from /home/airflow/.local/lib/python3.12/site-packages/airflow/example_dags/example_skip_dag.py
[2025-02-01T14:54:24.302+0000] {processor.py:925} INFO - DAG(s) 'example_skip_dag' retrieved from /home/airflow/.local/lib/python3.12/site-packages/airflow/example_dags/example_skip_dag.py
[2025-02-01T14:54:24.315+0000] {logging_mixin.py:190} INFO - [2025-02-01T14:54:24.315+0000] {dag.py:3239} INFO - Sync 1 DAGs
[2025-02-01T14:54:24.326+0000] {logging_mixin.py:190} INFO - [2025-02-01T14:54:24.326+0000] {dag.py:4180} INFO - Setting next_dagrun for example_skip_dag to 2025-01-31 00:00:00+00:00, run_after=2025-02-01 00:00:00+00:00
[2025-02-01T14:54:24.335+0000] {processor.py:208} INFO - Processing /home/airflow/.local/lib/python3.12/site-packages/airflow/example_dags/example_skip_dag.py took 0.043 seconds
[2025-02-01T14:54:55.198+0000] {processor.py:186} INFO - Started process (PID=1264) to work on /home/airflow/.local/lib/python3.12/site-packages/airflow/example_dags/example_skip_dag.py
[2025-02-01T14:54:55.200+0000] {processor.py:914} INFO - Processing file /home/airflow/.local/lib/python3.12/site-packages/airflow/example_dags/example_skip_dag.py for tasks to queue
[2025-02-01T14:54:55.201+0000] {logging_mixin.py:190} INFO - [2025-02-01T14:54:55.201+0000] {dagbag.py:588} INFO - Filling up the DagBag from /home/airflow/.local/lib/python3.12/site-packages/airflow/example_dags/example_skip_dag.py
[2025-02-01T14:54:55.206+0000] {processor.py:925} INFO - DAG(s) 'example_skip_dag' retrieved from /home/airflow/.local/lib/python3.12/site-packages/airflow/example_dags/example_skip_dag.py
[2025-02-01T14:54:55.221+0000] {logging_mixin.py:190} INFO - [2025-02-01T14:54:55.221+0000] {dag.py:3239} INFO - Sync 1 DAGs
[2025-02-01T14:54:55.234+0000] {logging_mixin.py:190} INFO - [2025-02-01T14:54:55.234+0000] {dag.py:4180} INFO - Setting next_dagrun for example_skip_dag to 2025-01-31 00:00:00+00:00, run_after=2025-02-01 00:00:00+00:00
[2025-02-01T14:54:55.246+0000] {processor.py:208} INFO - Processing /home/airflow/.local/lib/python3.12/site-packages/airflow/example_dags/example_skip_dag.py took 0.051 seconds
[2025-02-01T14:55:26.284+0000] {processor.py:186} INFO - Started process (PID=1330) to work on /home/airflow/.local/lib/python3.12/site-packages/airflow/example_dags/example_skip_dag.py
[2025-02-01T14:55:26.284+0000] {processor.py:914} INFO - Processing file /home/airflow/.local/lib/python3.12/site-packages/airflow/example_dags/example_skip_dag.py for tasks to queue
[2025-02-01T14:55:26.285+0000] {logging_mixin.py:190} INFO - [2025-02-01T14:55:26.285+0000] {dagbag.py:588} INFO - Filling up the DagBag from /home/airflow/.local/lib/python3.12/site-packages/airflow/example_dags/example_skip_dag.py
[2025-02-01T14:55:26.289+0000] {processor.py:925} INFO - DAG(s) 'example_skip_dag' retrieved from /home/airflow/.local/lib/python3.12/site-packages/airflow/example_dags/example_skip_dag.py
[2025-02-01T14:55:26.300+0000] {logging_mixin.py:190} INFO - [2025-02-01T14:55:26.300+0000] {dag.py:3239} INFO - Sync 1 DAGs
[2025-02-01T14:55:26.311+0000] {logging_mixin.py:190} INFO - [2025-02-01T14:55:26.310+0000] {dag.py:4180} INFO - Setting next_dagrun for example_skip_dag to 2025-01-31 00:00:00+00:00, run_after=2025-02-01 00:00:00+00:00
[2025-02-01T14:55:26.319+0000] {processor.py:208} INFO - Processing /home/airflow/.local/lib/python3.12/site-packages/airflow/example_dags/example_skip_dag.py took 0.038 seconds
[2025-02-01T14:55:57.184+0000] {processor.py:186} INFO - Started process (PID=1396) to work on /home/airflow/.local/lib/python3.12/site-packages/airflow/example_dags/example_skip_dag.py
[2025-02-01T14:55:57.184+0000] {processor.py:914} INFO - Processing file /home/airflow/.local/lib/python3.12/site-packages/airflow/example_dags/example_skip_dag.py for tasks to queue
[2025-02-01T14:55:57.186+0000] {logging_mixin.py:190} INFO - [2025-02-01T14:55:57.186+0000] {dagbag.py:588} INFO - Filling up the DagBag from /home/airflow/.local/lib/python3.12/site-packages/airflow/example_dags/example_skip_dag.py
[2025-02-01T14:55:57.193+0000] {processor.py:925} INFO - DAG(s) 'example_skip_dag' retrieved from /home/airflow/.local/lib/python3.12/site-packages/airflow/example_dags/example_skip_dag.py
[2025-02-01T14:55:57.206+0000] {logging_mixin.py:190} INFO - [2025-02-01T14:55:57.206+0000] {dag.py:3239} INFO - Sync 1 DAGs
[2025-02-01T14:55:57.216+0000] {logging_mixin.py:190} INFO - [2025-02-01T14:55:57.216+0000] {dag.py:4180} INFO - Setting next_dagrun for example_skip_dag to 2025-01-31 00:00:00+00:00, run_after=2025-02-01 00:00:00+00:00
[2025-02-01T14:55:57.227+0000] {processor.py:208} INFO - Processing /home/airflow/.local/lib/python3.12/site-packages/airflow/example_dags/example_skip_dag.py took 0.046 seconds
[2025-02-01T14:56:27.366+0000] {processor.py:186} INFO - Started process (PID=1462) to work on /home/airflow/.local/lib/python3.12/site-packages/airflow/example_dags/example_skip_dag.py
[2025-02-01T14:56:27.367+0000] {processor.py:914} INFO - Processing file /home/airflow/.local/lib/python3.12/site-packages/airflow/example_dags/example_skip_dag.py for tasks to queue
[2025-02-01T14:56:27.369+0000] {logging_mixin.py:190} INFO - [2025-02-01T14:56:27.368+0000] {dagbag.py:588} INFO - Filling up the DagBag from /home/airflow/.local/lib/python3.12/site-packages/airflow/example_dags/example_skip_dag.py
[2025-02-01T14:56:27.377+0000] {processor.py:925} INFO - DAG(s) 'example_skip_dag' retrieved from /home/airflow/.local/lib/python3.12/site-packages/airflow/example_dags/example_skip_dag.py
[2025-02-01T14:56:27.394+0000] {logging_mixin.py:190} INFO - [2025-02-01T14:56:27.394+0000] {dag.py:3239} INFO - Sync 1 DAGs
[2025-02-01T14:56:27.409+0000] {logging_mixin.py:190} INFO - [2025-02-01T14:56:27.409+0000] {dag.py:4180} INFO - Setting next_dagrun for example_skip_dag to 2025-01-31 00:00:00+00:00, run_after=2025-02-01 00:00:00+00:00
[2025-02-01T14:56:27.422+0000] {processor.py:208} INFO - Processing /home/airflow/.local/lib/python3.12/site-packages/airflow/example_dags/example_skip_dag.py took 0.062 seconds
[2025-02-01T14:56:57.474+0000] {processor.py:186} INFO - Started process (PID=1528) to work on /home/airflow/.local/lib/python3.12/site-packages/airflow/example_dags/example_skip_dag.py
[2025-02-01T14:56:57.474+0000] {processor.py:914} INFO - Processing file /home/airflow/.local/lib/python3.12/site-packages/airflow/example_dags/example_skip_dag.py for tasks to queue
[2025-02-01T14:56:57.475+0000] {logging_mixin.py:190} INFO - [2025-02-01T14:56:57.475+0000] {dagbag.py:588} INFO - Filling up the DagBag from /home/airflow/.local/lib/python3.12/site-packages/airflow/example_dags/example_skip_dag.py
[2025-02-01T14:56:57.480+0000] {processor.py:925} INFO - DAG(s) 'example_skip_dag' retrieved from /home/airflow/.local/lib/python3.12/site-packages/airflow/example_dags/example_skip_dag.py
[2025-02-01T14:56:57.491+0000] {logging_mixin.py:190} INFO - [2025-02-01T14:56:57.491+0000] {dag.py:3239} INFO - Sync 1 DAGs
[2025-02-01T14:56:57.505+0000] {logging_mixin.py:190} INFO - [2025-02-01T14:56:57.505+0000] {dag.py:4180} INFO - Setting next_dagrun for example_skip_dag to 2025-01-31 00:00:00+00:00, run_after=2025-02-01 00:00:00+00:00
[2025-02-01T14:56:57.523+0000] {processor.py:208} INFO - Processing /home/airflow/.local/lib/python3.12/site-packages/airflow/example_dags/example_skip_dag.py took 0.053 seconds
[2025-02-01T14:57:28.429+0000] {processor.py:186} INFO - Started process (PID=1594) to work on /home/airflow/.local/lib/python3.12/site-packages/airflow/example_dags/example_skip_dag.py
[2025-02-01T14:57:28.431+0000] {processor.py:914} INFO - Processing file /home/airflow/.local/lib/python3.12/site-packages/airflow/example_dags/example_skip_dag.py for tasks to queue
[2025-02-01T14:57:28.433+0000] {logging_mixin.py:190} INFO - [2025-02-01T14:57:28.433+0000] {dagbag.py:588} INFO - Filling up the DagBag from /home/airflow/.local/lib/python3.12/site-packages/airflow/example_dags/example_skip_dag.py
[2025-02-01T14:57:28.437+0000] {processor.py:925} INFO - DAG(s) 'example_skip_dag' retrieved from /home/airflow/.local/lib/python3.12/site-packages/airflow/example_dags/example_skip_dag.py
[2025-02-01T14:57:28.453+0000] {logging_mixin.py:190} INFO - [2025-02-01T14:57:28.453+0000] {dag.py:3239} INFO - Sync 1 DAGs
[2025-02-01T14:57:28.465+0000] {logging_mixin.py:190} INFO - [2025-02-01T14:57:28.465+0000] {dag.py:4180} INFO - Setting next_dagrun for example_skip_dag to 2025-01-31 00:00:00+00:00, run_after=2025-02-01 00:00:00+00:00
[2025-02-01T14:57:28.479+0000] {processor.py:208} INFO - Processing /home/airflow/.local/lib/python3.12/site-packages/airflow/example_dags/example_skip_dag.py took 0.054 seconds
[2025-02-01T14:57:59.468+0000] {processor.py:186} INFO - Started process (PID=1660) to work on /home/airflow/.local/lib/python3.12/site-packages/airflow/example_dags/example_skip_dag.py
[2025-02-01T14:57:59.468+0000] {processor.py:914} INFO - Processing file /home/airflow/.local/lib/python3.12/site-packages/airflow/example_dags/example_skip_dag.py for tasks to queue
[2025-02-01T14:57:59.469+0000] {logging_mixin.py:190} INFO - [2025-02-01T14:57:59.469+0000] {dagbag.py:588} INFO - Filling up the DagBag from /home/airflow/.local/lib/python3.12/site-packages/airflow/example_dags/example_skip_dag.py
[2025-02-01T14:57:59.474+0000] {processor.py:925} INFO - DAG(s) 'example_skip_dag' retrieved from /home/airflow/.local/lib/python3.12/site-packages/airflow/example_dags/example_skip_dag.py
[2025-02-01T14:57:59.485+0000] {logging_mixin.py:190} INFO - [2025-02-01T14:57:59.485+0000] {dag.py:3239} INFO - Sync 1 DAGs
[2025-02-01T14:57:59.496+0000] {logging_mixin.py:190} INFO - [2025-02-01T14:57:59.495+0000] {dag.py:4180} INFO - Setting next_dagrun for example_skip_dag to 2025-01-31 00:00:00+00:00, run_after=2025-02-01 00:00:00+00:00
[2025-02-01T14:57:59.505+0000] {processor.py:208} INFO - Processing /home/airflow/.local/lib/python3.12/site-packages/airflow/example_dags/example_skip_dag.py took 0.040 seconds
[2025-02-01T14:58:30.185+0000] {processor.py:186} INFO - Started process (PID=1726) to work on /home/airflow/.local/lib/python3.12/site-packages/airflow/example_dags/example_skip_dag.py
[2025-02-01T14:58:30.186+0000] {processor.py:914} INFO - Processing file /home/airflow/.local/lib/python3.12/site-packages/airflow/example_dags/example_skip_dag.py for tasks to queue
[2025-02-01T14:58:30.187+0000] {logging_mixin.py:190} INFO - [2025-02-01T14:58:30.187+0000] {dagbag.py:588} INFO - Filling up the DagBag from /home/airflow/.local/lib/python3.12/site-packages/airflow/example_dags/example_skip_dag.py
[2025-02-01T14:58:30.193+0000] {processor.py:925} INFO - DAG(s) 'example_skip_dag' retrieved from /home/airflow/.local/lib/python3.12/site-packages/airflow/example_dags/example_skip_dag.py
[2025-02-01T14:58:30.208+0000] {logging_mixin.py:190} INFO - [2025-02-01T14:58:30.208+0000] {dag.py:3239} INFO - Sync 1 DAGs
[2025-02-01T14:58:30.218+0000] {logging_mixin.py:190} INFO - [2025-02-01T14:58:30.218+0000] {dag.py:4180} INFO - Setting next_dagrun for example_skip_dag to 2025-01-31 00:00:00+00:00, run_after=2025-02-01 00:00:00+00:00
[2025-02-01T14:58:30.227+0000] {processor.py:208} INFO - Processing /home/airflow/.local/lib/python3.12/site-packages/airflow/example_dags/example_skip_dag.py took 0.045 seconds
[2025-02-01T14:59:01.033+0000] {processor.py:186} INFO - Started process (PID=1792) to work on /home/airflow/.local/lib/python3.12/site-packages/airflow/example_dags/example_skip_dag.py
[2025-02-01T14:59:01.034+0000] {processor.py:914} INFO - Processing file /home/airflow/.local/lib/python3.12/site-packages/airflow/example_dags/example_skip_dag.py for tasks to queue
[2025-02-01T14:59:01.035+0000] {logging_mixin.py:190} INFO - [2025-02-01T14:59:01.035+0000] {dagbag.py:588} INFO - Filling up the DagBag from /home/airflow/.local/lib/python3.12/site-packages/airflow/example_dags/example_skip_dag.py
[2025-02-01T14:59:01.039+0000] {processor.py:925} INFO - DAG(s) 'example_skip_dag' retrieved from /home/airflow/.local/lib/python3.12/site-packages/airflow/example_dags/example_skip_dag.py
[2025-02-01T14:59:01.054+0000] {logging_mixin.py:190} INFO - [2025-02-01T14:59:01.054+0000] {dag.py:3239} INFO - Sync 1 DAGs
[2025-02-01T14:59:01.063+0000] {logging_mixin.py:190} INFO - [2025-02-01T14:59:01.063+0000] {dag.py:4180} INFO - Setting next_dagrun for example_skip_dag to 2025-01-31 00:00:00+00:00, run_after=2025-02-01 00:00:00+00:00
[2025-02-01T14:59:01.070+0000] {processor.py:208} INFO - Processing /home/airflow/.local/lib/python3.12/site-packages/airflow/example_dags/example_skip_dag.py took 0.040 seconds
[2025-02-01T14:59:32.062+0000] {processor.py:186} INFO - Started process (PID=1858) to work on /home/airflow/.local/lib/python3.12/site-packages/airflow/example_dags/example_skip_dag.py
[2025-02-01T14:59:32.063+0000] {processor.py:914} INFO - Processing file /home/airflow/.local/lib/python3.12/site-packages/airflow/example_dags/example_skip_dag.py for tasks to queue
[2025-02-01T14:59:32.065+0000] {logging_mixin.py:190} INFO - [2025-02-01T14:59:32.065+0000] {dagbag.py:588} INFO - Filling up the DagBag from /home/airflow/.local/lib/python3.12/site-packages/airflow/example_dags/example_skip_dag.py
[2025-02-01T14:59:32.070+0000] {processor.py:925} INFO - DAG(s) 'example_skip_dag' retrieved from /home/airflow/.local/lib/python3.12/site-packages/airflow/example_dags/example_skip_dag.py
[2025-02-01T14:59:32.081+0000] {logging_mixin.py:190} INFO - [2025-02-01T14:59:32.081+0000] {dag.py:3239} INFO - Sync 1 DAGs
[2025-02-01T14:59:32.092+0000] {logging_mixin.py:190} INFO - [2025-02-01T14:59:32.092+0000] {dag.py:4180} INFO - Setting next_dagrun for example_skip_dag to 2025-01-31 00:00:00+00:00, run_after=2025-02-01 00:00:00+00:00
[2025-02-01T14:59:32.103+0000] {processor.py:208} INFO - Processing /home/airflow/.local/lib/python3.12/site-packages/airflow/example_dags/example_skip_dag.py took 0.044 seconds
[2025-02-01T15:00:02.394+0000] {processor.py:186} INFO - Started process (PID=1924) to work on /home/airflow/.local/lib/python3.12/site-packages/airflow/example_dags/example_skip_dag.py
[2025-02-01T15:00:02.395+0000] {processor.py:914} INFO - Processing file /home/airflow/.local/lib/python3.12/site-packages/airflow/example_dags/example_skip_dag.py for tasks to queue
[2025-02-01T15:00:02.397+0000] {logging_mixin.py:190} INFO - [2025-02-01T15:00:02.397+0000] {dagbag.py:588} INFO - Filling up the DagBag from /home/airflow/.local/lib/python3.12/site-packages/airflow/example_dags/example_skip_dag.py
[2025-02-01T15:00:02.402+0000] {processor.py:925} INFO - DAG(s) 'example_skip_dag' retrieved from /home/airflow/.local/lib/python3.12/site-packages/airflow/example_dags/example_skip_dag.py
[2025-02-01T15:00:02.414+0000] {logging_mixin.py:190} INFO - [2025-02-01T15:00:02.414+0000] {dag.py:3239} INFO - Sync 1 DAGs
[2025-02-01T15:00:02.424+0000] {logging_mixin.py:190} INFO - [2025-02-01T15:00:02.424+0000] {dag.py:4180} INFO - Setting next_dagrun for example_skip_dag to 2025-01-31 00:00:00+00:00, run_after=2025-02-01 00:00:00+00:00
[2025-02-01T15:00:02.434+0000] {processor.py:208} INFO - Processing /home/airflow/.local/lib/python3.12/site-packages/airflow/example_dags/example_skip_dag.py took 0.042 seconds
[2025-02-01T15:00:32.740+0000] {processor.py:186} INFO - Started process (PID=1990) to work on /home/airflow/.local/lib/python3.12/site-packages/airflow/example_dags/example_skip_dag.py
[2025-02-01T15:00:32.741+0000] {processor.py:914} INFO - Processing file /home/airflow/.local/lib/python3.12/site-packages/airflow/example_dags/example_skip_dag.py for tasks to queue
[2025-02-01T15:00:32.749+0000] {logging_mixin.py:190} INFO - [2025-02-01T15:00:32.746+0000] {dagbag.py:588} INFO - Filling up the DagBag from /home/airflow/.local/lib/python3.12/site-packages/airflow/example_dags/example_skip_dag.py
[2025-02-01T15:00:32.758+0000] {processor.py:925} INFO - DAG(s) 'example_skip_dag' retrieved from /home/airflow/.local/lib/python3.12/site-packages/airflow/example_dags/example_skip_dag.py
[2025-02-01T15:00:32.775+0000] {logging_mixin.py:190} INFO - [2025-02-01T15:00:32.775+0000] {dag.py:3239} INFO - Sync 1 DAGs
[2025-02-01T15:00:32.787+0000] {logging_mixin.py:190} INFO - [2025-02-01T15:00:32.787+0000] {dag.py:4180} INFO - Setting next_dagrun for example_skip_dag to 2025-01-31 00:00:00+00:00, run_after=2025-02-01 00:00:00+00:00
[2025-02-01T15:00:32.799+0000] {processor.py:208} INFO - Processing /home/airflow/.local/lib/python3.12/site-packages/airflow/example_dags/example_skip_dag.py took 0.062 seconds
[2025-02-01T15:01:03.053+0000] {processor.py:186} INFO - Started process (PID=2056) to work on /home/airflow/.local/lib/python3.12/site-packages/airflow/example_dags/example_skip_dag.py
[2025-02-01T15:01:03.054+0000] {processor.py:914} INFO - Processing file /home/airflow/.local/lib/python3.12/site-packages/airflow/example_dags/example_skip_dag.py for tasks to queue
[2025-02-01T15:01:03.055+0000] {logging_mixin.py:190} INFO - [2025-02-01T15:01:03.055+0000] {dagbag.py:588} INFO - Filling up the DagBag from /home/airflow/.local/lib/python3.12/site-packages/airflow/example_dags/example_skip_dag.py
[2025-02-01T15:01:03.059+0000] {processor.py:925} INFO - DAG(s) 'example_skip_dag' retrieved from /home/airflow/.local/lib/python3.12/site-packages/airflow/example_dags/example_skip_dag.py
[2025-02-01T15:01:03.074+0000] {logging_mixin.py:190} INFO - [2025-02-01T15:01:03.074+0000] {dag.py:3239} INFO - Sync 1 DAGs
[2025-02-01T15:01:03.090+0000] {logging_mixin.py:190} INFO - [2025-02-01T15:01:03.090+0000] {dag.py:4180} INFO - Setting next_dagrun for example_skip_dag to 2025-01-31 00:00:00+00:00, run_after=2025-02-01 00:00:00+00:00
[2025-02-01T15:01:03.112+0000] {processor.py:208} INFO - Processing /home/airflow/.local/lib/python3.12/site-packages/airflow/example_dags/example_skip_dag.py took 0.062 seconds
[2025-02-01T15:01:33.524+0000] {processor.py:186} INFO - Started process (PID=2122) to work on /home/airflow/.local/lib/python3.12/site-packages/airflow/example_dags/example_skip_dag.py
[2025-02-01T15:01:33.528+0000] {processor.py:914} INFO - Processing file /home/airflow/.local/lib/python3.12/site-packages/airflow/example_dags/example_skip_dag.py for tasks to queue
[2025-02-01T15:01:33.529+0000] {logging_mixin.py:190} INFO - [2025-02-01T15:01:33.529+0000] {dagbag.py:588} INFO - Filling up the DagBag from /home/airflow/.local/lib/python3.12/site-packages/airflow/example_dags/example_skip_dag.py
[2025-02-01T15:01:33.535+0000] {processor.py:925} INFO - DAG(s) 'example_skip_dag' retrieved from /home/airflow/.local/lib/python3.12/site-packages/airflow/example_dags/example_skip_dag.py
[2025-02-01T15:01:33.551+0000] {logging_mixin.py:190} INFO - [2025-02-01T15:01:33.551+0000] {dag.py:3239} INFO - Sync 1 DAGs
[2025-02-01T15:01:33.564+0000] {logging_mixin.py:190} INFO - [2025-02-01T15:01:33.564+0000] {dag.py:4180} INFO - Setting next_dagrun for example_skip_dag to 2025-01-31 00:00:00+00:00, run_after=2025-02-01 00:00:00+00:00
[2025-02-01T15:01:33.579+0000] {processor.py:208} INFO - Processing /home/airflow/.local/lib/python3.12/site-packages/airflow/example_dags/example_skip_dag.py took 0.058 seconds
[2025-02-01T15:02:03.991+0000] {processor.py:186} INFO - Started process (PID=2188) to work on /home/airflow/.local/lib/python3.12/site-packages/airflow/example_dags/example_skip_dag.py
[2025-02-01T15:02:03.997+0000] {processor.py:914} INFO - Processing file /home/airflow/.local/lib/python3.12/site-packages/airflow/example_dags/example_skip_dag.py for tasks to queue
[2025-02-01T15:02:03.998+0000] {logging_mixin.py:190} INFO - [2025-02-01T15:02:03.998+0000] {dagbag.py:588} INFO - Filling up the DagBag from /home/airflow/.local/lib/python3.12/site-packages/airflow/example_dags/example_skip_dag.py
[2025-02-01T15:02:04.003+0000] {processor.py:925} INFO - DAG(s) 'example_skip_dag' retrieved from /home/airflow/.local/lib/python3.12/site-packages/airflow/example_dags/example_skip_dag.py
[2025-02-01T15:02:04.027+0000] {logging_mixin.py:190} INFO - [2025-02-01T15:02:04.027+0000] {dag.py:3239} INFO - Sync 1 DAGs
[2025-02-01T15:02:04.045+0000] {logging_mixin.py:190} INFO - [2025-02-01T15:02:04.045+0000] {dag.py:4180} INFO - Setting next_dagrun for example_skip_dag to 2025-01-31 00:00:00+00:00, run_after=2025-02-01 00:00:00+00:00
[2025-02-01T15:02:04.060+0000] {processor.py:208} INFO - Processing /home/airflow/.local/lib/python3.12/site-packages/airflow/example_dags/example_skip_dag.py took 0.072 seconds
[2025-02-01T15:02:35.072+0000] {processor.py:186} INFO - Started process (PID=2254) to work on /home/airflow/.local/lib/python3.12/site-packages/airflow/example_dags/example_skip_dag.py
[2025-02-01T15:02:35.073+0000] {processor.py:914} INFO - Processing file /home/airflow/.local/lib/python3.12/site-packages/airflow/example_dags/example_skip_dag.py for tasks to queue
[2025-02-01T15:02:35.074+0000] {logging_mixin.py:190} INFO - [2025-02-01T15:02:35.074+0000] {dagbag.py:588} INFO - Filling up the DagBag from /home/airflow/.local/lib/python3.12/site-packages/airflow/example_dags/example_skip_dag.py
[2025-02-01T15:02:35.084+0000] {processor.py:925} INFO - DAG(s) 'example_skip_dag' retrieved from /home/airflow/.local/lib/python3.12/site-packages/airflow/example_dags/example_skip_dag.py
[2025-02-01T15:02:35.106+0000] {logging_mixin.py:190} INFO - [2025-02-01T15:02:35.106+0000] {dag.py:3239} INFO - Sync 1 DAGs
[2025-02-01T15:02:35.124+0000] {logging_mixin.py:190} INFO - [2025-02-01T15:02:35.124+0000] {dag.py:4180} INFO - Setting next_dagrun for example_skip_dag to 2025-01-31 00:00:00+00:00, run_after=2025-02-01 00:00:00+00:00
[2025-02-01T15:02:35.153+0000] {processor.py:208} INFO - Processing /home/airflow/.local/lib/python3.12/site-packages/airflow/example_dags/example_skip_dag.py took 0.087 seconds
[2025-02-01T15:03:05.419+0000] {processor.py:186} INFO - Started process (PID=2320) to work on /home/airflow/.local/lib/python3.12/site-packages/airflow/example_dags/example_skip_dag.py
[2025-02-01T15:03:05.420+0000] {processor.py:914} INFO - Processing file /home/airflow/.local/lib/python3.12/site-packages/airflow/example_dags/example_skip_dag.py for tasks to queue
[2025-02-01T15:03:05.422+0000] {logging_mixin.py:190} INFO - [2025-02-01T15:03:05.421+0000] {dagbag.py:588} INFO - Filling up the DagBag from /home/airflow/.local/lib/python3.12/site-packages/airflow/example_dags/example_skip_dag.py
[2025-02-01T15:03:05.427+0000] {processor.py:925} INFO - DAG(s) 'example_skip_dag' retrieved from /home/airflow/.local/lib/python3.12/site-packages/airflow/example_dags/example_skip_dag.py
[2025-02-01T15:03:05.443+0000] {logging_mixin.py:190} INFO - [2025-02-01T15:03:05.443+0000] {dag.py:3239} INFO - Sync 1 DAGs
[2025-02-01T15:03:05.454+0000] {logging_mixin.py:190} INFO - [2025-02-01T15:03:05.454+0000] {dag.py:4180} INFO - Setting next_dagrun for example_skip_dag to 2025-01-31 00:00:00+00:00, run_after=2025-02-01 00:00:00+00:00
[2025-02-01T15:03:05.464+0000] {processor.py:208} INFO - Processing /home/airflow/.local/lib/python3.12/site-packages/airflow/example_dags/example_skip_dag.py took 0.049 seconds
[2025-02-01T15:03:36.450+0000] {processor.py:186} INFO - Started process (PID=2386) to work on /home/airflow/.local/lib/python3.12/site-packages/airflow/example_dags/example_skip_dag.py
[2025-02-01T15:03:36.451+0000] {processor.py:914} INFO - Processing file /home/airflow/.local/lib/python3.12/site-packages/airflow/example_dags/example_skip_dag.py for tasks to queue
[2025-02-01T15:03:36.453+0000] {logging_mixin.py:190} INFO - [2025-02-01T15:03:36.452+0000] {dagbag.py:588} INFO - Filling up the DagBag from /home/airflow/.local/lib/python3.12/site-packages/airflow/example_dags/example_skip_dag.py
[2025-02-01T15:03:36.460+0000] {processor.py:925} INFO - DAG(s) 'example_skip_dag' retrieved from /home/airflow/.local/lib/python3.12/site-packages/airflow/example_dags/example_skip_dag.py
[2025-02-01T15:03:36.476+0000] {logging_mixin.py:190} INFO - [2025-02-01T15:03:36.476+0000] {dag.py:3239} INFO - Sync 1 DAGs
[2025-02-01T15:03:36.488+0000] {logging_mixin.py:190} INFO - [2025-02-01T15:03:36.487+0000] {dag.py:4180} INFO - Setting next_dagrun for example_skip_dag to 2025-01-31 00:00:00+00:00, run_after=2025-02-01 00:00:00+00:00
[2025-02-01T15:03:36.497+0000] {processor.py:208} INFO - Processing /home/airflow/.local/lib/python3.12/site-packages/airflow/example_dags/example_skip_dag.py took 0.053 seconds
[2025-02-01T15:04:06.787+0000] {processor.py:186} INFO - Started process (PID=2453) to work on /home/airflow/.local/lib/python3.12/site-packages/airflow/example_dags/example_skip_dag.py
[2025-02-01T15:04:06.788+0000] {processor.py:914} INFO - Processing file /home/airflow/.local/lib/python3.12/site-packages/airflow/example_dags/example_skip_dag.py for tasks to queue
[2025-02-01T15:04:06.790+0000] {logging_mixin.py:190} INFO - [2025-02-01T15:04:06.790+0000] {dagbag.py:588} INFO - Filling up the DagBag from /home/airflow/.local/lib/python3.12/site-packages/airflow/example_dags/example_skip_dag.py
[2025-02-01T15:04:06.799+0000] {processor.py:925} INFO - DAG(s) 'example_skip_dag' retrieved from /home/airflow/.local/lib/python3.12/site-packages/airflow/example_dags/example_skip_dag.py
[2025-02-01T15:04:06.820+0000] {logging_mixin.py:190} INFO - [2025-02-01T15:04:06.819+0000] {dag.py:3239} INFO - Sync 1 DAGs
[2025-02-01T15:04:06.842+0000] {logging_mixin.py:190} INFO - [2025-02-01T15:04:06.842+0000] {dag.py:4180} INFO - Setting next_dagrun for example_skip_dag to 2025-01-31 00:00:00+00:00, run_after=2025-02-01 00:00:00+00:00
[2025-02-01T15:04:06.858+0000] {processor.py:208} INFO - Processing /home/airflow/.local/lib/python3.12/site-packages/airflow/example_dags/example_skip_dag.py took 0.078 seconds
[2025-02-01T15:04:36.936+0000] {processor.py:186} INFO - Started process (PID=2519) to work on /home/airflow/.local/lib/python3.12/site-packages/airflow/example_dags/example_skip_dag.py
[2025-02-01T15:04:36.936+0000] {processor.py:914} INFO - Processing file /home/airflow/.local/lib/python3.12/site-packages/airflow/example_dags/example_skip_dag.py for tasks to queue
[2025-02-01T15:04:36.938+0000] {logging_mixin.py:190} INFO - [2025-02-01T15:04:36.938+0000] {dagbag.py:588} INFO - Filling up the DagBag from /home/airflow/.local/lib/python3.12/site-packages/airflow/example_dags/example_skip_dag.py
[2025-02-01T15:04:36.943+0000] {processor.py:925} INFO - DAG(s) 'example_skip_dag' retrieved from /home/airflow/.local/lib/python3.12/site-packages/airflow/example_dags/example_skip_dag.py
[2025-02-01T15:04:36.956+0000] {logging_mixin.py:190} INFO - [2025-02-01T15:04:36.956+0000] {dag.py:3239} INFO - Sync 1 DAGs
[2025-02-01T15:04:36.966+0000] {logging_mixin.py:190} INFO - [2025-02-01T15:04:36.966+0000] {dag.py:4180} INFO - Setting next_dagrun for example_skip_dag to 2025-01-31 00:00:00+00:00, run_after=2025-02-01 00:00:00+00:00
[2025-02-01T15:04:36.977+0000] {processor.py:208} INFO - Processing /home/airflow/.local/lib/python3.12/site-packages/airflow/example_dags/example_skip_dag.py took 0.046 seconds
[2025-02-01T15:05:07.057+0000] {processor.py:186} INFO - Started process (PID=2585) to work on /home/airflow/.local/lib/python3.12/site-packages/airflow/example_dags/example_skip_dag.py
[2025-02-01T15:05:07.058+0000] {processor.py:914} INFO - Processing file /home/airflow/.local/lib/python3.12/site-packages/airflow/example_dags/example_skip_dag.py for tasks to queue
[2025-02-01T15:05:07.059+0000] {logging_mixin.py:190} INFO - [2025-02-01T15:05:07.059+0000] {dagbag.py:588} INFO - Filling up the DagBag from /home/airflow/.local/lib/python3.12/site-packages/airflow/example_dags/example_skip_dag.py
[2025-02-01T15:05:07.065+0000] {processor.py:925} INFO - DAG(s) 'example_skip_dag' retrieved from /home/airflow/.local/lib/python3.12/site-packages/airflow/example_dags/example_skip_dag.py
[2025-02-01T15:05:07.078+0000] {logging_mixin.py:190} INFO - [2025-02-01T15:05:07.078+0000] {dag.py:3239} INFO - Sync 1 DAGs
[2025-02-01T15:05:07.090+0000] {logging_mixin.py:190} INFO - [2025-02-01T15:05:07.089+0000] {dag.py:4180} INFO - Setting next_dagrun for example_skip_dag to 2025-01-31 00:00:00+00:00, run_after=2025-02-01 00:00:00+00:00
[2025-02-01T15:05:07.099+0000] {processor.py:208} INFO - Processing /home/airflow/.local/lib/python3.12/site-packages/airflow/example_dags/example_skip_dag.py took 0.045 seconds
[2025-02-01T15:05:37.845+0000] {processor.py:186} INFO - Started process (PID=2651) to work on /home/airflow/.local/lib/python3.12/site-packages/airflow/example_dags/example_skip_dag.py
[2025-02-01T15:05:37.846+0000] {processor.py:914} INFO - Processing file /home/airflow/.local/lib/python3.12/site-packages/airflow/example_dags/example_skip_dag.py for tasks to queue
[2025-02-01T15:05:37.847+0000] {logging_mixin.py:190} INFO - [2025-02-01T15:05:37.847+0000] {dagbag.py:588} INFO - Filling up the DagBag from /home/airflow/.local/lib/python3.12/site-packages/airflow/example_dags/example_skip_dag.py
[2025-02-01T15:05:37.852+0000] {processor.py:925} INFO - DAG(s) 'example_skip_dag' retrieved from /home/airflow/.local/lib/python3.12/site-packages/airflow/example_dags/example_skip_dag.py
[2025-02-01T15:05:37.866+0000] {logging_mixin.py:190} INFO - [2025-02-01T15:05:37.866+0000] {dag.py:3239} INFO - Sync 1 DAGs
[2025-02-01T15:05:37.877+0000] {logging_mixin.py:190} INFO - [2025-02-01T15:05:37.876+0000] {dag.py:4180} INFO - Setting next_dagrun for example_skip_dag to 2025-01-31 00:00:00+00:00, run_after=2025-02-01 00:00:00+00:00
[2025-02-01T15:05:37.888+0000] {processor.py:208} INFO - Processing /home/airflow/.local/lib/python3.12/site-packages/airflow/example_dags/example_skip_dag.py took 0.048 seconds
[2025-02-01T15:06:08.628+0000] {processor.py:186} INFO - Started process (PID=2717) to work on /home/airflow/.local/lib/python3.12/site-packages/airflow/example_dags/example_skip_dag.py
[2025-02-01T15:06:08.629+0000] {processor.py:914} INFO - Processing file /home/airflow/.local/lib/python3.12/site-packages/airflow/example_dags/example_skip_dag.py for tasks to queue
[2025-02-01T15:06:08.630+0000] {logging_mixin.py:190} INFO - [2025-02-01T15:06:08.630+0000] {dagbag.py:588} INFO - Filling up the DagBag from /home/airflow/.local/lib/python3.12/site-packages/airflow/example_dags/example_skip_dag.py
[2025-02-01T15:06:08.636+0000] {processor.py:925} INFO - DAG(s) 'example_skip_dag' retrieved from /home/airflow/.local/lib/python3.12/site-packages/airflow/example_dags/example_skip_dag.py
[2025-02-01T15:06:08.648+0000] {logging_mixin.py:190} INFO - [2025-02-01T15:06:08.648+0000] {dag.py:3239} INFO - Sync 1 DAGs
[2025-02-01T15:06:08.663+0000] {logging_mixin.py:190} INFO - [2025-02-01T15:06:08.663+0000] {dag.py:4180} INFO - Setting next_dagrun for example_skip_dag to 2025-01-31 00:00:00+00:00, run_after=2025-02-01 00:00:00+00:00
[2025-02-01T15:06:08.673+0000] {processor.py:208} INFO - Processing /home/airflow/.local/lib/python3.12/site-packages/airflow/example_dags/example_skip_dag.py took 0.052 seconds
