[2025-02-01T13:35:11.934+0000] {processor.py:186} INFO - Started process (PID=77) to work on /home/airflow/.local/lib/python3.12/site-packages/airflow/example_dags/example_branch_python_dop_operator_3.py
[2025-02-01T13:35:11.936+0000] {processor.py:914} INFO - Processing file /home/airflow/.local/lib/python3.12/site-packages/airflow/example_dags/example_branch_python_dop_operator_3.py for tasks to queue
[2025-02-01T13:35:11.942+0000] {logging_mixin.py:190} INFO - [2025-02-01T13:35:11.941+0000] {dagbag.py:588} INFO - Filling up the DagBag from /home/airflow/.local/lib/python3.12/site-packages/airflow/example_dags/example_branch_python_dop_operator_3.py
[2025-02-01T13:35:11.973+0000] {processor.py:925} INFO - DAG(s) 'example_branch_dop_operator_v3' retrieved from /home/airflow/.local/lib/python3.12/site-packages/airflow/example_dags/example_branch_python_dop_operator_3.py
[2025-02-01T13:35:12.042+0000] {logging_mixin.py:190} INFO - [2025-02-01T13:35:12.042+0000] {dag.py:3239} INFO - Sync 1 DAGs
[2025-02-01T13:35:12.090+0000] {logging_mixin.py:190} INFO - [2025-02-01T13:35:12.090+0000] {dag.py:4180} INFO - Setting next_dagrun for example_branch_dop_operator_v3 to 2025-02-01 13:34:00+00:00, run_after=2025-02-01 13:35:00+00:00
[2025-02-01T13:35:12.145+0000] {processor.py:208} INFO - Processing /home/airflow/.local/lib/python3.12/site-packages/airflow/example_dags/example_branch_python_dop_operator_3.py took 0.239 seconds
[2025-02-01T13:35:43.026+0000] {processor.py:186} INFO - Started process (PID=143) to work on /home/airflow/.local/lib/python3.12/site-packages/airflow/example_dags/example_branch_python_dop_operator_3.py
[2025-02-01T13:35:43.029+0000] {processor.py:914} INFO - Processing file /home/airflow/.local/lib/python3.12/site-packages/airflow/example_dags/example_branch_python_dop_operator_3.py for tasks to queue
[2025-02-01T13:35:43.033+0000] {logging_mixin.py:190} INFO - [2025-02-01T13:35:43.033+0000] {dagbag.py:588} INFO - Filling up the DagBag from /home/airflow/.local/lib/python3.12/site-packages/airflow/example_dags/example_branch_python_dop_operator_3.py
[2025-02-01T13:35:43.041+0000] {processor.py:925} INFO - DAG(s) 'example_branch_dop_operator_v3' retrieved from /home/airflow/.local/lib/python3.12/site-packages/airflow/example_dags/example_branch_python_dop_operator_3.py
[2025-02-01T13:35:43.056+0000] {logging_mixin.py:190} INFO - [2025-02-01T13:35:43.056+0000] {dag.py:3239} INFO - Sync 1 DAGs
[2025-02-01T13:35:43.074+0000] {logging_mixin.py:190} INFO - [2025-02-01T13:35:43.073+0000] {dag.py:4180} INFO - Setting next_dagrun for example_branch_dop_operator_v3 to 2025-02-01 13:34:00+00:00, run_after=2025-02-01 13:35:00+00:00
[2025-02-01T13:35:43.086+0000] {processor.py:208} INFO - Processing /home/airflow/.local/lib/python3.12/site-packages/airflow/example_dags/example_branch_python_dop_operator_3.py took 0.066 seconds
[2025-02-01T13:36:13.142+0000] {processor.py:186} INFO - Started process (PID=208) to work on /home/airflow/.local/lib/python3.12/site-packages/airflow/example_dags/example_branch_python_dop_operator_3.py
[2025-02-01T13:36:13.143+0000] {processor.py:914} INFO - Processing file /home/airflow/.local/lib/python3.12/site-packages/airflow/example_dags/example_branch_python_dop_operator_3.py for tasks to queue
[2025-02-01T13:36:13.144+0000] {logging_mixin.py:190} INFO - [2025-02-01T13:36:13.144+0000] {dagbag.py:588} INFO - Filling up the DagBag from /home/airflow/.local/lib/python3.12/site-packages/airflow/example_dags/example_branch_python_dop_operator_3.py
[2025-02-01T13:36:13.150+0000] {processor.py:925} INFO - DAG(s) 'example_branch_dop_operator_v3' retrieved from /home/airflow/.local/lib/python3.12/site-packages/airflow/example_dags/example_branch_python_dop_operator_3.py
[2025-02-01T13:36:13.161+0000] {logging_mixin.py:190} INFO - [2025-02-01T13:36:13.161+0000] {dag.py:3239} INFO - Sync 1 DAGs
[2025-02-01T13:36:13.172+0000] {logging_mixin.py:190} INFO - [2025-02-01T13:36:13.172+0000] {dag.py:4180} INFO - Setting next_dagrun for example_branch_dop_operator_v3 to 2025-02-01 13:35:00+00:00, run_after=2025-02-01 13:36:00+00:00
[2025-02-01T13:36:13.180+0000] {processor.py:208} INFO - Processing /home/airflow/.local/lib/python3.12/site-packages/airflow/example_dags/example_branch_python_dop_operator_3.py took 0.041 seconds
[2025-02-01T13:36:43.969+0000] {processor.py:186} INFO - Started process (PID=274) to work on /home/airflow/.local/lib/python3.12/site-packages/airflow/example_dags/example_branch_python_dop_operator_3.py
[2025-02-01T13:36:43.971+0000] {processor.py:914} INFO - Processing file /home/airflow/.local/lib/python3.12/site-packages/airflow/example_dags/example_branch_python_dop_operator_3.py for tasks to queue
[2025-02-01T13:36:43.974+0000] {logging_mixin.py:190} INFO - [2025-02-01T13:36:43.973+0000] {dagbag.py:588} INFO - Filling up the DagBag from /home/airflow/.local/lib/python3.12/site-packages/airflow/example_dags/example_branch_python_dop_operator_3.py
[2025-02-01T13:36:43.986+0000] {processor.py:925} INFO - DAG(s) 'example_branch_dop_operator_v3' retrieved from /home/airflow/.local/lib/python3.12/site-packages/airflow/example_dags/example_branch_python_dop_operator_3.py
[2025-02-01T13:36:44.011+0000] {logging_mixin.py:190} INFO - [2025-02-01T13:36:44.011+0000] {dag.py:3239} INFO - Sync 1 DAGs
[2025-02-01T13:36:44.029+0000] {logging_mixin.py:190} INFO - [2025-02-01T13:36:44.028+0000] {dag.py:4180} INFO - Setting next_dagrun for example_branch_dop_operator_v3 to 2025-02-01 13:35:00+00:00, run_after=2025-02-01 13:36:00+00:00
[2025-02-01T13:36:44.040+0000] {processor.py:208} INFO - Processing /home/airflow/.local/lib/python3.12/site-packages/airflow/example_dags/example_branch_python_dop_operator_3.py took 0.076 seconds
[2025-02-01T13:37:14.948+0000] {processor.py:186} INFO - Started process (PID=340) to work on /home/airflow/.local/lib/python3.12/site-packages/airflow/example_dags/example_branch_python_dop_operator_3.py
[2025-02-01T13:37:14.952+0000] {processor.py:914} INFO - Processing file /home/airflow/.local/lib/python3.12/site-packages/airflow/example_dags/example_branch_python_dop_operator_3.py for tasks to queue
[2025-02-01T13:37:14.954+0000] {logging_mixin.py:190} INFO - [2025-02-01T13:37:14.954+0000] {dagbag.py:588} INFO - Filling up the DagBag from /home/airflow/.local/lib/python3.12/site-packages/airflow/example_dags/example_branch_python_dop_operator_3.py
[2025-02-01T13:37:14.963+0000] {processor.py:925} INFO - DAG(s) 'example_branch_dop_operator_v3' retrieved from /home/airflow/.local/lib/python3.12/site-packages/airflow/example_dags/example_branch_python_dop_operator_3.py
[2025-02-01T13:37:14.974+0000] {logging_mixin.py:190} INFO - [2025-02-01T13:37:14.974+0000] {dag.py:3239} INFO - Sync 1 DAGs
[2025-02-01T13:37:14.994+0000] {logging_mixin.py:190} INFO - [2025-02-01T13:37:14.994+0000] {dag.py:4180} INFO - Setting next_dagrun for example_branch_dop_operator_v3 to 2025-02-01 13:36:00+00:00, run_after=2025-02-01 13:37:00+00:00
[2025-02-01T13:37:15.004+0000] {processor.py:208} INFO - Processing /home/airflow/.local/lib/python3.12/site-packages/airflow/example_dags/example_branch_python_dop_operator_3.py took 0.061 seconds
[2025-02-01T13:37:45.682+0000] {processor.py:186} INFO - Started process (PID=406) to work on /home/airflow/.local/lib/python3.12/site-packages/airflow/example_dags/example_branch_python_dop_operator_3.py
[2025-02-01T13:37:45.683+0000] {processor.py:914} INFO - Processing file /home/airflow/.local/lib/python3.12/site-packages/airflow/example_dags/example_branch_python_dop_operator_3.py for tasks to queue
[2025-02-01T13:37:45.685+0000] {logging_mixin.py:190} INFO - [2025-02-01T13:37:45.685+0000] {dagbag.py:588} INFO - Filling up the DagBag from /home/airflow/.local/lib/python3.12/site-packages/airflow/example_dags/example_branch_python_dop_operator_3.py
[2025-02-01T13:37:45.694+0000] {processor.py:925} INFO - DAG(s) 'example_branch_dop_operator_v3' retrieved from /home/airflow/.local/lib/python3.12/site-packages/airflow/example_dags/example_branch_python_dop_operator_3.py
[2025-02-01T13:37:45.712+0000] {logging_mixin.py:190} INFO - [2025-02-01T13:37:45.712+0000] {dag.py:3239} INFO - Sync 1 DAGs
[2025-02-01T13:37:45.731+0000] {logging_mixin.py:190} INFO - [2025-02-01T13:37:45.730+0000] {dag.py:4180} INFO - Setting next_dagrun for example_branch_dop_operator_v3 to 2025-02-01 13:36:00+00:00, run_after=2025-02-01 13:37:00+00:00
[2025-02-01T13:37:45.746+0000] {processor.py:208} INFO - Processing /home/airflow/.local/lib/python3.12/site-packages/airflow/example_dags/example_branch_python_dop_operator_3.py took 0.069 seconds
[2025-02-01T13:38:16.126+0000] {processor.py:186} INFO - Started process (PID=472) to work on /home/airflow/.local/lib/python3.12/site-packages/airflow/example_dags/example_branch_python_dop_operator_3.py
[2025-02-01T13:38:16.129+0000] {processor.py:914} INFO - Processing file /home/airflow/.local/lib/python3.12/site-packages/airflow/example_dags/example_branch_python_dop_operator_3.py for tasks to queue
[2025-02-01T13:38:16.131+0000] {logging_mixin.py:190} INFO - [2025-02-01T13:38:16.131+0000] {dagbag.py:588} INFO - Filling up the DagBag from /home/airflow/.local/lib/python3.12/site-packages/airflow/example_dags/example_branch_python_dop_operator_3.py
[2025-02-01T13:38:16.139+0000] {processor.py:925} INFO - DAG(s) 'example_branch_dop_operator_v3' retrieved from /home/airflow/.local/lib/python3.12/site-packages/airflow/example_dags/example_branch_python_dop_operator_3.py
[2025-02-01T13:38:16.160+0000] {logging_mixin.py:190} INFO - [2025-02-01T13:38:16.159+0000] {dag.py:3239} INFO - Sync 1 DAGs
[2025-02-01T13:38:16.178+0000] {logging_mixin.py:190} INFO - [2025-02-01T13:38:16.178+0000] {dag.py:4180} INFO - Setting next_dagrun for example_branch_dop_operator_v3 to 2025-02-01 13:37:00+00:00, run_after=2025-02-01 13:38:00+00:00
[2025-02-01T13:38:16.194+0000] {processor.py:208} INFO - Processing /home/airflow/.local/lib/python3.12/site-packages/airflow/example_dags/example_branch_python_dop_operator_3.py took 0.072 seconds
[2025-02-01T13:38:46.347+0000] {processor.py:186} INFO - Started process (PID=538) to work on /home/airflow/.local/lib/python3.12/site-packages/airflow/example_dags/example_branch_python_dop_operator_3.py
[2025-02-01T13:38:46.349+0000] {processor.py:914} INFO - Processing file /home/airflow/.local/lib/python3.12/site-packages/airflow/example_dags/example_branch_python_dop_operator_3.py for tasks to queue
[2025-02-01T13:38:46.364+0000] {logging_mixin.py:190} INFO - [2025-02-01T13:38:46.364+0000] {dagbag.py:588} INFO - Filling up the DagBag from /home/airflow/.local/lib/python3.12/site-packages/airflow/example_dags/example_branch_python_dop_operator_3.py
[2025-02-01T13:38:46.385+0000] {processor.py:925} INFO - DAG(s) 'example_branch_dop_operator_v3' retrieved from /home/airflow/.local/lib/python3.12/site-packages/airflow/example_dags/example_branch_python_dop_operator_3.py
[2025-02-01T13:38:46.424+0000] {logging_mixin.py:190} INFO - [2025-02-01T13:38:46.424+0000] {dag.py:3239} INFO - Sync 1 DAGs
[2025-02-01T13:38:46.462+0000] {logging_mixin.py:190} INFO - [2025-02-01T13:38:46.462+0000] {dag.py:4180} INFO - Setting next_dagrun for example_branch_dop_operator_v3 to 2025-02-01 13:37:00+00:00, run_after=2025-02-01 13:38:00+00:00
[2025-02-01T13:38:46.474+0000] {processor.py:208} INFO - Processing /home/airflow/.local/lib/python3.12/site-packages/airflow/example_dags/example_branch_python_dop_operator_3.py took 0.135 seconds
[2025-02-01T13:39:17.150+0000] {processor.py:186} INFO - Started process (PID=604) to work on /home/airflow/.local/lib/python3.12/site-packages/airflow/example_dags/example_branch_python_dop_operator_3.py
[2025-02-01T13:39:17.154+0000] {processor.py:914} INFO - Processing file /home/airflow/.local/lib/python3.12/site-packages/airflow/example_dags/example_branch_python_dop_operator_3.py for tasks to queue
[2025-02-01T13:39:17.157+0000] {logging_mixin.py:190} INFO - [2025-02-01T13:39:17.157+0000] {dagbag.py:588} INFO - Filling up the DagBag from /home/airflow/.local/lib/python3.12/site-packages/airflow/example_dags/example_branch_python_dop_operator_3.py
[2025-02-01T13:39:17.163+0000] {processor.py:925} INFO - DAG(s) 'example_branch_dop_operator_v3' retrieved from /home/airflow/.local/lib/python3.12/site-packages/airflow/example_dags/example_branch_python_dop_operator_3.py
[2025-02-01T13:39:17.182+0000] {logging_mixin.py:190} INFO - [2025-02-01T13:39:17.181+0000] {dag.py:3239} INFO - Sync 1 DAGs
[2025-02-01T13:39:17.200+0000] {logging_mixin.py:190} INFO - [2025-02-01T13:39:17.200+0000] {dag.py:4180} INFO - Setting next_dagrun for example_branch_dop_operator_v3 to 2025-02-01 13:38:00+00:00, run_after=2025-02-01 13:39:00+00:00
[2025-02-01T13:39:17.215+0000] {processor.py:208} INFO - Processing /home/airflow/.local/lib/python3.12/site-packages/airflow/example_dags/example_branch_python_dop_operator_3.py took 0.070 seconds
[2025-02-01T13:39:47.666+0000] {processor.py:186} INFO - Started process (PID=670) to work on /home/airflow/.local/lib/python3.12/site-packages/airflow/example_dags/example_branch_python_dop_operator_3.py
[2025-02-01T13:39:47.666+0000] {processor.py:914} INFO - Processing file /home/airflow/.local/lib/python3.12/site-packages/airflow/example_dags/example_branch_python_dop_operator_3.py for tasks to queue
[2025-02-01T13:39:47.668+0000] {logging_mixin.py:190} INFO - [2025-02-01T13:39:47.668+0000] {dagbag.py:588} INFO - Filling up the DagBag from /home/airflow/.local/lib/python3.12/site-packages/airflow/example_dags/example_branch_python_dop_operator_3.py
[2025-02-01T13:39:47.676+0000] {processor.py:925} INFO - DAG(s) 'example_branch_dop_operator_v3' retrieved from /home/airflow/.local/lib/python3.12/site-packages/airflow/example_dags/example_branch_python_dop_operator_3.py
[2025-02-01T13:39:47.693+0000] {logging_mixin.py:190} INFO - [2025-02-01T13:39:47.693+0000] {dag.py:3239} INFO - Sync 1 DAGs
[2025-02-01T13:39:47.712+0000] {logging_mixin.py:190} INFO - [2025-02-01T13:39:47.712+0000] {dag.py:4180} INFO - Setting next_dagrun for example_branch_dop_operator_v3 to 2025-02-01 13:38:00+00:00, run_after=2025-02-01 13:39:00+00:00
[2025-02-01T13:39:47.724+0000] {processor.py:208} INFO - Processing /home/airflow/.local/lib/python3.12/site-packages/airflow/example_dags/example_branch_python_dop_operator_3.py took 0.063 seconds
[2025-02-01T13:40:17.920+0000] {processor.py:186} INFO - Started process (PID=736) to work on /home/airflow/.local/lib/python3.12/site-packages/airflow/example_dags/example_branch_python_dop_operator_3.py
[2025-02-01T13:40:17.920+0000] {processor.py:914} INFO - Processing file /home/airflow/.local/lib/python3.12/site-packages/airflow/example_dags/example_branch_python_dop_operator_3.py for tasks to queue
[2025-02-01T13:40:17.922+0000] {logging_mixin.py:190} INFO - [2025-02-01T13:40:17.922+0000] {dagbag.py:588} INFO - Filling up the DagBag from /home/airflow/.local/lib/python3.12/site-packages/airflow/example_dags/example_branch_python_dop_operator_3.py
[2025-02-01T13:40:17.929+0000] {processor.py:925} INFO - DAG(s) 'example_branch_dop_operator_v3' retrieved from /home/airflow/.local/lib/python3.12/site-packages/airflow/example_dags/example_branch_python_dop_operator_3.py
[2025-02-01T13:40:17.949+0000] {logging_mixin.py:190} INFO - [2025-02-01T13:40:17.948+0000] {dag.py:3239} INFO - Sync 1 DAGs
[2025-02-01T13:40:17.964+0000] {logging_mixin.py:190} INFO - [2025-02-01T13:40:17.964+0000] {dag.py:4180} INFO - Setting next_dagrun for example_branch_dop_operator_v3 to 2025-02-01 13:39:00+00:00, run_after=2025-02-01 13:40:00+00:00
[2025-02-01T13:40:17.983+0000] {processor.py:208} INFO - Processing /home/airflow/.local/lib/python3.12/site-packages/airflow/example_dags/example_branch_python_dop_operator_3.py took 0.067 seconds
[2025-02-01T13:40:48.945+0000] {processor.py:186} INFO - Started process (PID=802) to work on /home/airflow/.local/lib/python3.12/site-packages/airflow/example_dags/example_branch_python_dop_operator_3.py
[2025-02-01T13:40:48.945+0000] {processor.py:914} INFO - Processing file /home/airflow/.local/lib/python3.12/site-packages/airflow/example_dags/example_branch_python_dop_operator_3.py for tasks to queue
[2025-02-01T13:40:48.948+0000] {logging_mixin.py:190} INFO - [2025-02-01T13:40:48.947+0000] {dagbag.py:588} INFO - Filling up the DagBag from /home/airflow/.local/lib/python3.12/site-packages/airflow/example_dags/example_branch_python_dop_operator_3.py
[2025-02-01T13:40:48.955+0000] {processor.py:925} INFO - DAG(s) 'example_branch_dop_operator_v3' retrieved from /home/airflow/.local/lib/python3.12/site-packages/airflow/example_dags/example_branch_python_dop_operator_3.py
[2025-02-01T13:40:48.973+0000] {logging_mixin.py:190} INFO - [2025-02-01T13:40:48.973+0000] {dag.py:3239} INFO - Sync 1 DAGs
[2025-02-01T13:40:48.989+0000] {logging_mixin.py:190} INFO - [2025-02-01T13:40:48.989+0000] {dag.py:4180} INFO - Setting next_dagrun for example_branch_dop_operator_v3 to 2025-02-01 13:39:00+00:00, run_after=2025-02-01 13:40:00+00:00
[2025-02-01T13:40:49.004+0000] {processor.py:208} INFO - Processing /home/airflow/.local/lib/python3.12/site-packages/airflow/example_dags/example_branch_python_dop_operator_3.py took 0.065 seconds
[2025-02-01T13:41:19.878+0000] {processor.py:186} INFO - Started process (PID=868) to work on /home/airflow/.local/lib/python3.12/site-packages/airflow/example_dags/example_branch_python_dop_operator_3.py
[2025-02-01T13:41:19.879+0000] {processor.py:914} INFO - Processing file /home/airflow/.local/lib/python3.12/site-packages/airflow/example_dags/example_branch_python_dop_operator_3.py for tasks to queue
[2025-02-01T13:41:19.880+0000] {logging_mixin.py:190} INFO - [2025-02-01T13:41:19.880+0000] {dagbag.py:588} INFO - Filling up the DagBag from /home/airflow/.local/lib/python3.12/site-packages/airflow/example_dags/example_branch_python_dop_operator_3.py
[2025-02-01T13:41:19.888+0000] {processor.py:925} INFO - DAG(s) 'example_branch_dop_operator_v3' retrieved from /home/airflow/.local/lib/python3.12/site-packages/airflow/example_dags/example_branch_python_dop_operator_3.py
[2025-02-01T13:41:19.909+0000] {logging_mixin.py:190} INFO - [2025-02-01T13:41:19.908+0000] {dag.py:3239} INFO - Sync 1 DAGs
[2025-02-01T13:41:19.930+0000] {logging_mixin.py:190} INFO - [2025-02-01T13:41:19.929+0000] {dag.py:4180} INFO - Setting next_dagrun for example_branch_dop_operator_v3 to 2025-02-01 13:40:00+00:00, run_after=2025-02-01 13:41:00+00:00
[2025-02-01T13:41:19.944+0000] {processor.py:208} INFO - Processing /home/airflow/.local/lib/python3.12/site-packages/airflow/example_dags/example_branch_python_dop_operator_3.py took 0.072 seconds
[2025-02-01T13:41:50.417+0000] {processor.py:186} INFO - Started process (PID=934) to work on /home/airflow/.local/lib/python3.12/site-packages/airflow/example_dags/example_branch_python_dop_operator_3.py
[2025-02-01T13:41:50.418+0000] {processor.py:914} INFO - Processing file /home/airflow/.local/lib/python3.12/site-packages/airflow/example_dags/example_branch_python_dop_operator_3.py for tasks to queue
[2025-02-01T13:41:50.420+0000] {logging_mixin.py:190} INFO - [2025-02-01T13:41:50.420+0000] {dagbag.py:588} INFO - Filling up the DagBag from /home/airflow/.local/lib/python3.12/site-packages/airflow/example_dags/example_branch_python_dop_operator_3.py
[2025-02-01T13:41:50.427+0000] {processor.py:925} INFO - DAG(s) 'example_branch_dop_operator_v3' retrieved from /home/airflow/.local/lib/python3.12/site-packages/airflow/example_dags/example_branch_python_dop_operator_3.py
[2025-02-01T13:41:50.440+0000] {logging_mixin.py:190} INFO - [2025-02-01T13:41:50.440+0000] {dag.py:3239} INFO - Sync 1 DAGs
[2025-02-01T13:41:50.460+0000] {logging_mixin.py:190} INFO - [2025-02-01T13:41:50.460+0000] {dag.py:4180} INFO - Setting next_dagrun for example_branch_dop_operator_v3 to 2025-02-01 13:40:00+00:00, run_after=2025-02-01 13:41:00+00:00
[2025-02-01T13:41:50.476+0000] {processor.py:208} INFO - Processing /home/airflow/.local/lib/python3.12/site-packages/airflow/example_dags/example_branch_python_dop_operator_3.py took 0.063 seconds
[2025-02-01T14:45:44.271+0000] {processor.py:186} INFO - Started process (PID=74) to work on /home/airflow/.local/lib/python3.12/site-packages/airflow/example_dags/example_branch_python_dop_operator_3.py
[2025-02-01T14:45:44.272+0000] {processor.py:914} INFO - Processing file /home/airflow/.local/lib/python3.12/site-packages/airflow/example_dags/example_branch_python_dop_operator_3.py for tasks to queue
[2025-02-01T14:45:44.273+0000] {logging_mixin.py:190} INFO - [2025-02-01T14:45:44.273+0000] {dagbag.py:588} INFO - Filling up the DagBag from /home/airflow/.local/lib/python3.12/site-packages/airflow/example_dags/example_branch_python_dop_operator_3.py
[2025-02-01T14:45:44.279+0000] {processor.py:925} INFO - DAG(s) 'example_branch_dop_operator_v3' retrieved from /home/airflow/.local/lib/python3.12/site-packages/airflow/example_dags/example_branch_python_dop_operator_3.py
[2025-02-01T14:45:44.291+0000] {logging_mixin.py:190} INFO - [2025-02-01T14:45:44.291+0000] {dag.py:3239} INFO - Sync 1 DAGs
[2025-02-01T14:45:44.302+0000] {logging_mixin.py:190} INFO - [2025-02-01T14:45:44.301+0000] {dag.py:4180} INFO - Setting next_dagrun for example_branch_dop_operator_v3 to 2025-02-01 14:44:00+00:00, run_after=2025-02-01 14:45:00+00:00
[2025-02-01T14:45:44.310+0000] {processor.py:208} INFO - Processing /home/airflow/.local/lib/python3.12/site-packages/airflow/example_dags/example_branch_python_dop_operator_3.py took 0.041 seconds
[2025-02-01T14:46:14.708+0000] {processor.py:186} INFO - Started process (PID=139) to work on /home/airflow/.local/lib/python3.12/site-packages/airflow/example_dags/example_branch_python_dop_operator_3.py
[2025-02-01T14:46:14.709+0000] {processor.py:914} INFO - Processing file /home/airflow/.local/lib/python3.12/site-packages/airflow/example_dags/example_branch_python_dop_operator_3.py for tasks to queue
[2025-02-01T14:46:14.710+0000] {logging_mixin.py:190} INFO - [2025-02-01T14:46:14.710+0000] {dagbag.py:588} INFO - Filling up the DagBag from /home/airflow/.local/lib/python3.12/site-packages/airflow/example_dags/example_branch_python_dop_operator_3.py
[2025-02-01T14:46:14.715+0000] {processor.py:925} INFO - DAG(s) 'example_branch_dop_operator_v3' retrieved from /home/airflow/.local/lib/python3.12/site-packages/airflow/example_dags/example_branch_python_dop_operator_3.py
[2025-02-01T14:46:14.726+0000] {logging_mixin.py:190} INFO - [2025-02-01T14:46:14.726+0000] {dag.py:3239} INFO - Sync 1 DAGs
[2025-02-01T14:46:14.738+0000] {logging_mixin.py:190} INFO - [2025-02-01T14:46:14.738+0000] {dag.py:4180} INFO - Setting next_dagrun for example_branch_dop_operator_v3 to 2025-02-01 14:45:00+00:00, run_after=2025-02-01 14:46:00+00:00
[2025-02-01T14:46:14.751+0000] {processor.py:208} INFO - Processing /home/airflow/.local/lib/python3.12/site-packages/airflow/example_dags/example_branch_python_dop_operator_3.py took 0.045 seconds
[2025-02-01T14:46:44.826+0000] {processor.py:186} INFO - Started process (PID=204) to work on /home/airflow/.local/lib/python3.12/site-packages/airflow/example_dags/example_branch_python_dop_operator_3.py
[2025-02-01T14:46:44.826+0000] {processor.py:914} INFO - Processing file /home/airflow/.local/lib/python3.12/site-packages/airflow/example_dags/example_branch_python_dop_operator_3.py for tasks to queue
[2025-02-01T14:46:44.827+0000] {logging_mixin.py:190} INFO - [2025-02-01T14:46:44.827+0000] {dagbag.py:588} INFO - Filling up the DagBag from /home/airflow/.local/lib/python3.12/site-packages/airflow/example_dags/example_branch_python_dop_operator_3.py
[2025-02-01T14:46:44.833+0000] {processor.py:925} INFO - DAG(s) 'example_branch_dop_operator_v3' retrieved from /home/airflow/.local/lib/python3.12/site-packages/airflow/example_dags/example_branch_python_dop_operator_3.py
[2025-02-01T14:46:44.848+0000] {logging_mixin.py:190} INFO - [2025-02-01T14:46:44.848+0000] {dag.py:3239} INFO - Sync 1 DAGs
[2025-02-01T14:46:44.864+0000] {logging_mixin.py:190} INFO - [2025-02-01T14:46:44.864+0000] {dag.py:4180} INFO - Setting next_dagrun for example_branch_dop_operator_v3 to 2025-02-01 14:45:00+00:00, run_after=2025-02-01 14:46:00+00:00
[2025-02-01T14:46:44.877+0000] {processor.py:208} INFO - Processing /home/airflow/.local/lib/python3.12/site-packages/airflow/example_dags/example_branch_python_dop_operator_3.py took 0.054 seconds
[2025-02-01T14:47:15.765+0000] {processor.py:186} INFO - Started process (PID=270) to work on /home/airflow/.local/lib/python3.12/site-packages/airflow/example_dags/example_branch_python_dop_operator_3.py
[2025-02-01T14:47:15.766+0000] {processor.py:914} INFO - Processing file /home/airflow/.local/lib/python3.12/site-packages/airflow/example_dags/example_branch_python_dop_operator_3.py for tasks to queue
[2025-02-01T14:47:15.767+0000] {logging_mixin.py:190} INFO - [2025-02-01T14:47:15.767+0000] {dagbag.py:588} INFO - Filling up the DagBag from /home/airflow/.local/lib/python3.12/site-packages/airflow/example_dags/example_branch_python_dop_operator_3.py
[2025-02-01T14:47:15.772+0000] {processor.py:925} INFO - DAG(s) 'example_branch_dop_operator_v3' retrieved from /home/airflow/.local/lib/python3.12/site-packages/airflow/example_dags/example_branch_python_dop_operator_3.py
[2025-02-01T14:47:15.783+0000] {logging_mixin.py:190} INFO - [2025-02-01T14:47:15.782+0000] {dag.py:3239} INFO - Sync 1 DAGs
[2025-02-01T14:47:15.795+0000] {logging_mixin.py:190} INFO - [2025-02-01T14:47:15.795+0000] {dag.py:4180} INFO - Setting next_dagrun for example_branch_dop_operator_v3 to 2025-02-01 14:46:00+00:00, run_after=2025-02-01 14:47:00+00:00
[2025-02-01T14:47:15.802+0000] {processor.py:208} INFO - Processing /home/airflow/.local/lib/python3.12/site-packages/airflow/example_dags/example_branch_python_dop_operator_3.py took 0.040 seconds
[2025-02-01T14:47:46.100+0000] {processor.py:186} INFO - Started process (PID=336) to work on /home/airflow/.local/lib/python3.12/site-packages/airflow/example_dags/example_branch_python_dop_operator_3.py
[2025-02-01T14:47:46.101+0000] {processor.py:914} INFO - Processing file /home/airflow/.local/lib/python3.12/site-packages/airflow/example_dags/example_branch_python_dop_operator_3.py for tasks to queue
[2025-02-01T14:47:46.104+0000] {logging_mixin.py:190} INFO - [2025-02-01T14:47:46.104+0000] {dagbag.py:588} INFO - Filling up the DagBag from /home/airflow/.local/lib/python3.12/site-packages/airflow/example_dags/example_branch_python_dop_operator_3.py
[2025-02-01T14:47:46.109+0000] {processor.py:925} INFO - DAG(s) 'example_branch_dop_operator_v3' retrieved from /home/airflow/.local/lib/python3.12/site-packages/airflow/example_dags/example_branch_python_dop_operator_3.py
[2025-02-01T14:47:46.120+0000] {logging_mixin.py:190} INFO - [2025-02-01T14:47:46.120+0000] {dag.py:3239} INFO - Sync 1 DAGs
[2025-02-01T14:47:46.131+0000] {logging_mixin.py:190} INFO - [2025-02-01T14:47:46.131+0000] {dag.py:4180} INFO - Setting next_dagrun for example_branch_dop_operator_v3 to 2025-02-01 14:46:00+00:00, run_after=2025-02-01 14:47:00+00:00
[2025-02-01T14:47:46.138+0000] {processor.py:208} INFO - Processing /home/airflow/.local/lib/python3.12/site-packages/airflow/example_dags/example_branch_python_dop_operator_3.py took 0.040 seconds
[2025-02-01T14:48:16.807+0000] {processor.py:186} INFO - Started process (PID=408) to work on /home/airflow/.local/lib/python3.12/site-packages/airflow/example_dags/example_branch_python_dop_operator_3.py
[2025-02-01T14:48:16.808+0000] {processor.py:914} INFO - Processing file /home/airflow/.local/lib/python3.12/site-packages/airflow/example_dags/example_branch_python_dop_operator_3.py for tasks to queue
[2025-02-01T14:48:16.811+0000] {logging_mixin.py:190} INFO - [2025-02-01T14:48:16.810+0000] {dagbag.py:588} INFO - Filling up the DagBag from /home/airflow/.local/lib/python3.12/site-packages/airflow/example_dags/example_branch_python_dop_operator_3.py
[2025-02-01T14:48:16.817+0000] {processor.py:925} INFO - DAG(s) 'example_branch_dop_operator_v3' retrieved from /home/airflow/.local/lib/python3.12/site-packages/airflow/example_dags/example_branch_python_dop_operator_3.py
[2025-02-01T14:48:16.835+0000] {logging_mixin.py:190} INFO - [2025-02-01T14:48:16.834+0000] {dag.py:3239} INFO - Sync 1 DAGs
[2025-02-01T14:48:16.850+0000] {logging_mixin.py:190} INFO - [2025-02-01T14:48:16.850+0000] {dag.py:4180} INFO - Setting next_dagrun for example_branch_dop_operator_v3 to 2025-02-01 14:47:00+00:00, run_after=2025-02-01 14:48:00+00:00
[2025-02-01T14:48:16.862+0000] {processor.py:208} INFO - Processing /home/airflow/.local/lib/python3.12/site-packages/airflow/example_dags/example_branch_python_dop_operator_3.py took 0.058 seconds
[2025-02-01T14:48:47.858+0000] {processor.py:186} INFO - Started process (PID=474) to work on /home/airflow/.local/lib/python3.12/site-packages/airflow/example_dags/example_branch_python_dop_operator_3.py
[2025-02-01T14:48:47.859+0000] {processor.py:914} INFO - Processing file /home/airflow/.local/lib/python3.12/site-packages/airflow/example_dags/example_branch_python_dop_operator_3.py for tasks to queue
[2025-02-01T14:48:47.860+0000] {logging_mixin.py:190} INFO - [2025-02-01T14:48:47.860+0000] {dagbag.py:588} INFO - Filling up the DagBag from /home/airflow/.local/lib/python3.12/site-packages/airflow/example_dags/example_branch_python_dop_operator_3.py
[2025-02-01T14:48:47.871+0000] {processor.py:925} INFO - DAG(s) 'example_branch_dop_operator_v3' retrieved from /home/airflow/.local/lib/python3.12/site-packages/airflow/example_dags/example_branch_python_dop_operator_3.py
[2025-02-01T14:48:47.886+0000] {logging_mixin.py:190} INFO - [2025-02-01T14:48:47.885+0000] {dag.py:3239} INFO - Sync 1 DAGs
[2025-02-01T14:48:47.900+0000] {logging_mixin.py:190} INFO - [2025-02-01T14:48:47.900+0000] {dag.py:4180} INFO - Setting next_dagrun for example_branch_dop_operator_v3 to 2025-02-01 14:47:00+00:00, run_after=2025-02-01 14:48:00+00:00
[2025-02-01T14:48:47.914+0000] {processor.py:208} INFO - Processing /home/airflow/.local/lib/python3.12/site-packages/airflow/example_dags/example_branch_python_dop_operator_3.py took 0.059 seconds
[2025-02-01T14:49:18.847+0000] {processor.py:186} INFO - Started process (PID=540) to work on /home/airflow/.local/lib/python3.12/site-packages/airflow/example_dags/example_branch_python_dop_operator_3.py
[2025-02-01T14:49:18.847+0000] {processor.py:914} INFO - Processing file /home/airflow/.local/lib/python3.12/site-packages/airflow/example_dags/example_branch_python_dop_operator_3.py for tasks to queue
[2025-02-01T14:49:18.850+0000] {logging_mixin.py:190} INFO - [2025-02-01T14:49:18.849+0000] {dagbag.py:588} INFO - Filling up the DagBag from /home/airflow/.local/lib/python3.12/site-packages/airflow/example_dags/example_branch_python_dop_operator_3.py
[2025-02-01T14:49:18.860+0000] {processor.py:925} INFO - DAG(s) 'example_branch_dop_operator_v3' retrieved from /home/airflow/.local/lib/python3.12/site-packages/airflow/example_dags/example_branch_python_dop_operator_3.py
[2025-02-01T14:49:18.887+0000] {logging_mixin.py:190} INFO - [2025-02-01T14:49:18.887+0000] {dag.py:3239} INFO - Sync 1 DAGs
[2025-02-01T14:49:18.914+0000] {logging_mixin.py:190} INFO - [2025-02-01T14:49:18.913+0000] {dag.py:4180} INFO - Setting next_dagrun for example_branch_dop_operator_v3 to 2025-02-01 14:48:00+00:00, run_after=2025-02-01 14:49:00+00:00
[2025-02-01T14:49:18.937+0000] {processor.py:208} INFO - Processing /home/airflow/.local/lib/python3.12/site-packages/airflow/example_dags/example_branch_python_dop_operator_3.py took 0.097 seconds
[2025-02-01T14:49:49.057+0000] {processor.py:186} INFO - Started process (PID=606) to work on /home/airflow/.local/lib/python3.12/site-packages/airflow/example_dags/example_branch_python_dop_operator_3.py
[2025-02-01T14:49:49.057+0000] {processor.py:914} INFO - Processing file /home/airflow/.local/lib/python3.12/site-packages/airflow/example_dags/example_branch_python_dop_operator_3.py for tasks to queue
[2025-02-01T14:49:49.059+0000] {logging_mixin.py:190} INFO - [2025-02-01T14:49:49.059+0000] {dagbag.py:588} INFO - Filling up the DagBag from /home/airflow/.local/lib/python3.12/site-packages/airflow/example_dags/example_branch_python_dop_operator_3.py
[2025-02-01T14:49:49.067+0000] {processor.py:925} INFO - DAG(s) 'example_branch_dop_operator_v3' retrieved from /home/airflow/.local/lib/python3.12/site-packages/airflow/example_dags/example_branch_python_dop_operator_3.py
[2025-02-01T14:49:49.085+0000] {logging_mixin.py:190} INFO - [2025-02-01T14:49:49.085+0000] {dag.py:3239} INFO - Sync 1 DAGs
[2025-02-01T14:49:49.104+0000] {logging_mixin.py:190} INFO - [2025-02-01T14:49:49.104+0000] {dag.py:4180} INFO - Setting next_dagrun for example_branch_dop_operator_v3 to 2025-02-01 14:48:00+00:00, run_after=2025-02-01 14:49:00+00:00
[2025-02-01T14:49:49.114+0000] {processor.py:208} INFO - Processing /home/airflow/.local/lib/python3.12/site-packages/airflow/example_dags/example_branch_python_dop_operator_3.py took 0.061 seconds
[2025-02-01T14:50:19.825+0000] {processor.py:186} INFO - Started process (PID=672) to work on /home/airflow/.local/lib/python3.12/site-packages/airflow/example_dags/example_branch_python_dop_operator_3.py
[2025-02-01T14:50:19.828+0000] {processor.py:914} INFO - Processing file /home/airflow/.local/lib/python3.12/site-packages/airflow/example_dags/example_branch_python_dop_operator_3.py for tasks to queue
[2025-02-01T14:50:19.830+0000] {logging_mixin.py:190} INFO - [2025-02-01T14:50:19.830+0000] {dagbag.py:588} INFO - Filling up the DagBag from /home/airflow/.local/lib/python3.12/site-packages/airflow/example_dags/example_branch_python_dop_operator_3.py
[2025-02-01T14:50:19.835+0000] {processor.py:925} INFO - DAG(s) 'example_branch_dop_operator_v3' retrieved from /home/airflow/.local/lib/python3.12/site-packages/airflow/example_dags/example_branch_python_dop_operator_3.py
[2025-02-01T14:50:19.847+0000] {logging_mixin.py:190} INFO - [2025-02-01T14:50:19.847+0000] {dag.py:3239} INFO - Sync 1 DAGs
[2025-02-01T14:50:19.859+0000] {logging_mixin.py:190} INFO - [2025-02-01T14:50:19.859+0000] {dag.py:4180} INFO - Setting next_dagrun for example_branch_dop_operator_v3 to 2025-02-01 14:49:00+00:00, run_after=2025-02-01 14:50:00+00:00
[2025-02-01T14:50:19.870+0000] {processor.py:208} INFO - Processing /home/airflow/.local/lib/python3.12/site-packages/airflow/example_dags/example_branch_python_dop_operator_3.py took 0.047 seconds
[2025-02-01T14:50:50.841+0000] {processor.py:186} INFO - Started process (PID=738) to work on /home/airflow/.local/lib/python3.12/site-packages/airflow/example_dags/example_branch_python_dop_operator_3.py
[2025-02-01T14:50:50.842+0000] {processor.py:914} INFO - Processing file /home/airflow/.local/lib/python3.12/site-packages/airflow/example_dags/example_branch_python_dop_operator_3.py for tasks to queue
[2025-02-01T14:50:50.843+0000] {logging_mixin.py:190} INFO - [2025-02-01T14:50:50.843+0000] {dagbag.py:588} INFO - Filling up the DagBag from /home/airflow/.local/lib/python3.12/site-packages/airflow/example_dags/example_branch_python_dop_operator_3.py
[2025-02-01T14:50:50.849+0000] {processor.py:925} INFO - DAG(s) 'example_branch_dop_operator_v3' retrieved from /home/airflow/.local/lib/python3.12/site-packages/airflow/example_dags/example_branch_python_dop_operator_3.py
[2025-02-01T14:50:50.862+0000] {logging_mixin.py:190} INFO - [2025-02-01T14:50:50.861+0000] {dag.py:3239} INFO - Sync 1 DAGs
[2025-02-01T14:50:50.873+0000] {logging_mixin.py:190} INFO - [2025-02-01T14:50:50.873+0000] {dag.py:4180} INFO - Setting next_dagrun for example_branch_dop_operator_v3 to 2025-02-01 14:49:00+00:00, run_after=2025-02-01 14:50:00+00:00
[2025-02-01T14:50:50.881+0000] {processor.py:208} INFO - Processing /home/airflow/.local/lib/python3.12/site-packages/airflow/example_dags/example_branch_python_dop_operator_3.py took 0.044 seconds
[2025-02-01T14:51:21.782+0000] {processor.py:186} INFO - Started process (PID=804) to work on /home/airflow/.local/lib/python3.12/site-packages/airflow/example_dags/example_branch_python_dop_operator_3.py
[2025-02-01T14:51:21.785+0000] {processor.py:914} INFO - Processing file /home/airflow/.local/lib/python3.12/site-packages/airflow/example_dags/example_branch_python_dop_operator_3.py for tasks to queue
[2025-02-01T14:51:21.786+0000] {logging_mixin.py:190} INFO - [2025-02-01T14:51:21.786+0000] {dagbag.py:588} INFO - Filling up the DagBag from /home/airflow/.local/lib/python3.12/site-packages/airflow/example_dags/example_branch_python_dop_operator_3.py
[2025-02-01T14:51:21.793+0000] {processor.py:925} INFO - DAG(s) 'example_branch_dop_operator_v3' retrieved from /home/airflow/.local/lib/python3.12/site-packages/airflow/example_dags/example_branch_python_dop_operator_3.py
[2025-02-01T14:51:21.805+0000] {logging_mixin.py:190} INFO - [2025-02-01T14:51:21.805+0000] {dag.py:3239} INFO - Sync 1 DAGs
[2025-02-01T14:51:21.816+0000] {logging_mixin.py:190} INFO - [2025-02-01T14:51:21.816+0000] {dag.py:4180} INFO - Setting next_dagrun for example_branch_dop_operator_v3 to 2025-02-01 14:50:00+00:00, run_after=2025-02-01 14:51:00+00:00
[2025-02-01T14:51:21.830+0000] {processor.py:208} INFO - Processing /home/airflow/.local/lib/python3.12/site-packages/airflow/example_dags/example_branch_python_dop_operator_3.py took 0.051 seconds
[2025-02-01T14:51:52.005+0000] {processor.py:186} INFO - Started process (PID=870) to work on /home/airflow/.local/lib/python3.12/site-packages/airflow/example_dags/example_branch_python_dop_operator_3.py
[2025-02-01T14:51:52.005+0000] {processor.py:914} INFO - Processing file /home/airflow/.local/lib/python3.12/site-packages/airflow/example_dags/example_branch_python_dop_operator_3.py for tasks to queue
[2025-02-01T14:51:52.006+0000] {logging_mixin.py:190} INFO - [2025-02-01T14:51:52.006+0000] {dagbag.py:588} INFO - Filling up the DagBag from /home/airflow/.local/lib/python3.12/site-packages/airflow/example_dags/example_branch_python_dop_operator_3.py
[2025-02-01T14:51:52.010+0000] {processor.py:925} INFO - DAG(s) 'example_branch_dop_operator_v3' retrieved from /home/airflow/.local/lib/python3.12/site-packages/airflow/example_dags/example_branch_python_dop_operator_3.py
[2025-02-01T14:51:52.021+0000] {logging_mixin.py:190} INFO - [2025-02-01T14:51:52.021+0000] {dag.py:3239} INFO - Sync 1 DAGs
[2025-02-01T14:51:52.033+0000] {logging_mixin.py:190} INFO - [2025-02-01T14:51:52.033+0000] {dag.py:4180} INFO - Setting next_dagrun for example_branch_dop_operator_v3 to 2025-02-01 14:50:00+00:00, run_after=2025-02-01 14:51:00+00:00
[2025-02-01T14:51:52.044+0000] {processor.py:208} INFO - Processing /home/airflow/.local/lib/python3.12/site-packages/airflow/example_dags/example_branch_python_dop_operator_3.py took 0.042 seconds
[2025-02-01T14:52:22.662+0000] {processor.py:186} INFO - Started process (PID=936) to work on /home/airflow/.local/lib/python3.12/site-packages/airflow/example_dags/example_branch_python_dop_operator_3.py
[2025-02-01T14:52:22.662+0000] {processor.py:914} INFO - Processing file /home/airflow/.local/lib/python3.12/site-packages/airflow/example_dags/example_branch_python_dop_operator_3.py for tasks to queue
[2025-02-01T14:52:22.663+0000] {logging_mixin.py:190} INFO - [2025-02-01T14:52:22.663+0000] {dagbag.py:588} INFO - Filling up the DagBag from /home/airflow/.local/lib/python3.12/site-packages/airflow/example_dags/example_branch_python_dop_operator_3.py
[2025-02-01T14:52:22.668+0000] {processor.py:925} INFO - DAG(s) 'example_branch_dop_operator_v3' retrieved from /home/airflow/.local/lib/python3.12/site-packages/airflow/example_dags/example_branch_python_dop_operator_3.py
[2025-02-01T14:52:22.682+0000] {logging_mixin.py:190} INFO - [2025-02-01T14:52:22.681+0000] {dag.py:3239} INFO - Sync 1 DAGs
[2025-02-01T14:52:22.694+0000] {logging_mixin.py:190} INFO - [2025-02-01T14:52:22.694+0000] {dag.py:4180} INFO - Setting next_dagrun for example_branch_dop_operator_v3 to 2025-02-01 14:51:00+00:00, run_after=2025-02-01 14:52:00+00:00
[2025-02-01T14:52:22.709+0000] {processor.py:208} INFO - Processing /home/airflow/.local/lib/python3.12/site-packages/airflow/example_dags/example_branch_python_dop_operator_3.py took 0.050 seconds
[2025-02-01T14:52:53.338+0000] {processor.py:186} INFO - Started process (PID=1002) to work on /home/airflow/.local/lib/python3.12/site-packages/airflow/example_dags/example_branch_python_dop_operator_3.py
[2025-02-01T14:52:53.339+0000] {processor.py:914} INFO - Processing file /home/airflow/.local/lib/python3.12/site-packages/airflow/example_dags/example_branch_python_dop_operator_3.py for tasks to queue
[2025-02-01T14:52:53.340+0000] {logging_mixin.py:190} INFO - [2025-02-01T14:52:53.340+0000] {dagbag.py:588} INFO - Filling up the DagBag from /home/airflow/.local/lib/python3.12/site-packages/airflow/example_dags/example_branch_python_dop_operator_3.py
[2025-02-01T14:52:53.347+0000] {processor.py:925} INFO - DAG(s) 'example_branch_dop_operator_v3' retrieved from /home/airflow/.local/lib/python3.12/site-packages/airflow/example_dags/example_branch_python_dop_operator_3.py
[2025-02-01T14:52:53.360+0000] {logging_mixin.py:190} INFO - [2025-02-01T14:52:53.360+0000] {dag.py:3239} INFO - Sync 1 DAGs
[2025-02-01T14:52:53.375+0000] {logging_mixin.py:190} INFO - [2025-02-01T14:52:53.375+0000] {dag.py:4180} INFO - Setting next_dagrun for example_branch_dop_operator_v3 to 2025-02-01 14:51:00+00:00, run_after=2025-02-01 14:52:00+00:00
[2025-02-01T14:52:53.382+0000] {processor.py:208} INFO - Processing /home/airflow/.local/lib/python3.12/site-packages/airflow/example_dags/example_branch_python_dop_operator_3.py took 0.048 seconds
[2025-02-01T14:53:23.452+0000] {processor.py:186} INFO - Started process (PID=1068) to work on /home/airflow/.local/lib/python3.12/site-packages/airflow/example_dags/example_branch_python_dop_operator_3.py
[2025-02-01T14:53:23.456+0000] {processor.py:914} INFO - Processing file /home/airflow/.local/lib/python3.12/site-packages/airflow/example_dags/example_branch_python_dop_operator_3.py for tasks to queue
[2025-02-01T14:53:23.457+0000] {logging_mixin.py:190} INFO - [2025-02-01T14:53:23.457+0000] {dagbag.py:588} INFO - Filling up the DagBag from /home/airflow/.local/lib/python3.12/site-packages/airflow/example_dags/example_branch_python_dop_operator_3.py
[2025-02-01T14:53:23.463+0000] {processor.py:925} INFO - DAG(s) 'example_branch_dop_operator_v3' retrieved from /home/airflow/.local/lib/python3.12/site-packages/airflow/example_dags/example_branch_python_dop_operator_3.py
[2025-02-01T14:53:23.479+0000] {logging_mixin.py:190} INFO - [2025-02-01T14:53:23.479+0000] {dag.py:3239} INFO - Sync 1 DAGs
[2025-02-01T14:53:23.490+0000] {logging_mixin.py:190} INFO - [2025-02-01T14:53:23.490+0000] {dag.py:4180} INFO - Setting next_dagrun for example_branch_dop_operator_v3 to 2025-02-01 14:52:00+00:00, run_after=2025-02-01 14:53:00+00:00
[2025-02-01T14:53:23.501+0000] {processor.py:208} INFO - Processing /home/airflow/.local/lib/python3.12/site-packages/airflow/example_dags/example_branch_python_dop_operator_3.py took 0.051 seconds
[2025-02-01T14:53:54.240+0000] {processor.py:186} INFO - Started process (PID=1134) to work on /home/airflow/.local/lib/python3.12/site-packages/airflow/example_dags/example_branch_python_dop_operator_3.py
[2025-02-01T14:53:54.241+0000] {processor.py:914} INFO - Processing file /home/airflow/.local/lib/python3.12/site-packages/airflow/example_dags/example_branch_python_dop_operator_3.py for tasks to queue
[2025-02-01T14:53:54.242+0000] {logging_mixin.py:190} INFO - [2025-02-01T14:53:54.242+0000] {dagbag.py:588} INFO - Filling up the DagBag from /home/airflow/.local/lib/python3.12/site-packages/airflow/example_dags/example_branch_python_dop_operator_3.py
[2025-02-01T14:53:54.249+0000] {processor.py:925} INFO - DAG(s) 'example_branch_dop_operator_v3' retrieved from /home/airflow/.local/lib/python3.12/site-packages/airflow/example_dags/example_branch_python_dop_operator_3.py
[2025-02-01T14:53:54.258+0000] {logging_mixin.py:190} INFO - [2025-02-01T14:53:54.258+0000] {dag.py:3239} INFO - Sync 1 DAGs
[2025-02-01T14:53:54.270+0000] {logging_mixin.py:190} INFO - [2025-02-01T14:53:54.270+0000] {dag.py:4180} INFO - Setting next_dagrun for example_branch_dop_operator_v3 to 2025-02-01 14:52:00+00:00, run_after=2025-02-01 14:53:00+00:00
[2025-02-01T14:53:54.283+0000] {processor.py:208} INFO - Processing /home/airflow/.local/lib/python3.12/site-packages/airflow/example_dags/example_branch_python_dop_operator_3.py took 0.045 seconds
[2025-02-01T14:54:24.355+0000] {processor.py:186} INFO - Started process (PID=1200) to work on /home/airflow/.local/lib/python3.12/site-packages/airflow/example_dags/example_branch_python_dop_operator_3.py
[2025-02-01T14:54:24.355+0000] {processor.py:914} INFO - Processing file /home/airflow/.local/lib/python3.12/site-packages/airflow/example_dags/example_branch_python_dop_operator_3.py for tasks to queue
[2025-02-01T14:54:24.359+0000] {logging_mixin.py:190} INFO - [2025-02-01T14:54:24.359+0000] {dagbag.py:588} INFO - Filling up the DagBag from /home/airflow/.local/lib/python3.12/site-packages/airflow/example_dags/example_branch_python_dop_operator_3.py
[2025-02-01T14:54:24.364+0000] {processor.py:925} INFO - DAG(s) 'example_branch_dop_operator_v3' retrieved from /home/airflow/.local/lib/python3.12/site-packages/airflow/example_dags/example_branch_python_dop_operator_3.py
[2025-02-01T14:54:24.375+0000] {logging_mixin.py:190} INFO - [2025-02-01T14:54:24.375+0000] {dag.py:3239} INFO - Sync 1 DAGs
[2025-02-01T14:54:24.386+0000] {logging_mixin.py:190} INFO - [2025-02-01T14:54:24.386+0000] {dag.py:4180} INFO - Setting next_dagrun for example_branch_dop_operator_v3 to 2025-02-01 14:53:00+00:00, run_after=2025-02-01 14:54:00+00:00
[2025-02-01T14:54:24.393+0000] {processor.py:208} INFO - Processing /home/airflow/.local/lib/python3.12/site-packages/airflow/example_dags/example_branch_python_dop_operator_3.py took 0.041 seconds
[2025-02-01T14:54:55.300+0000] {processor.py:186} INFO - Started process (PID=1266) to work on /home/airflow/.local/lib/python3.12/site-packages/airflow/example_dags/example_branch_python_dop_operator_3.py
[2025-02-01T14:54:55.303+0000] {processor.py:914} INFO - Processing file /home/airflow/.local/lib/python3.12/site-packages/airflow/example_dags/example_branch_python_dop_operator_3.py for tasks to queue
[2025-02-01T14:54:55.305+0000] {logging_mixin.py:190} INFO - [2025-02-01T14:54:55.305+0000] {dagbag.py:588} INFO - Filling up the DagBag from /home/airflow/.local/lib/python3.12/site-packages/airflow/example_dags/example_branch_python_dop_operator_3.py
[2025-02-01T14:54:55.309+0000] {processor.py:925} INFO - DAG(s) 'example_branch_dop_operator_v3' retrieved from /home/airflow/.local/lib/python3.12/site-packages/airflow/example_dags/example_branch_python_dop_operator_3.py
[2025-02-01T14:54:55.320+0000] {logging_mixin.py:190} INFO - [2025-02-01T14:54:55.320+0000] {dag.py:3239} INFO - Sync 1 DAGs
[2025-02-01T14:54:55.331+0000] {logging_mixin.py:190} INFO - [2025-02-01T14:54:55.331+0000] {dag.py:4180} INFO - Setting next_dagrun for example_branch_dop_operator_v3 to 2025-02-01 14:53:00+00:00, run_after=2025-02-01 14:54:00+00:00
[2025-02-01T14:54:55.340+0000] {processor.py:208} INFO - Processing /home/airflow/.local/lib/python3.12/site-packages/airflow/example_dags/example_branch_python_dop_operator_3.py took 0.043 seconds
[2025-02-01T14:55:26.337+0000] {processor.py:186} INFO - Started process (PID=1332) to work on /home/airflow/.local/lib/python3.12/site-packages/airflow/example_dags/example_branch_python_dop_operator_3.py
[2025-02-01T14:55:26.338+0000] {processor.py:914} INFO - Processing file /home/airflow/.local/lib/python3.12/site-packages/airflow/example_dags/example_branch_python_dop_operator_3.py for tasks to queue
[2025-02-01T14:55:26.339+0000] {logging_mixin.py:190} INFO - [2025-02-01T14:55:26.339+0000] {dagbag.py:588} INFO - Filling up the DagBag from /home/airflow/.local/lib/python3.12/site-packages/airflow/example_dags/example_branch_python_dop_operator_3.py
[2025-02-01T14:55:26.347+0000] {processor.py:925} INFO - DAG(s) 'example_branch_dop_operator_v3' retrieved from /home/airflow/.local/lib/python3.12/site-packages/airflow/example_dags/example_branch_python_dop_operator_3.py
[2025-02-01T14:55:26.355+0000] {logging_mixin.py:190} INFO - [2025-02-01T14:55:26.355+0000] {dag.py:3239} INFO - Sync 1 DAGs
[2025-02-01T14:55:26.367+0000] {logging_mixin.py:190} INFO - [2025-02-01T14:55:26.367+0000] {dag.py:4180} INFO - Setting next_dagrun for example_branch_dop_operator_v3 to 2025-02-01 14:54:00+00:00, run_after=2025-02-01 14:55:00+00:00
[2025-02-01T14:55:26.378+0000] {processor.py:208} INFO - Processing /home/airflow/.local/lib/python3.12/site-packages/airflow/example_dags/example_branch_python_dop_operator_3.py took 0.044 seconds
[2025-02-01T14:55:57.280+0000] {processor.py:186} INFO - Started process (PID=1398) to work on /home/airflow/.local/lib/python3.12/site-packages/airflow/example_dags/example_branch_python_dop_operator_3.py
[2025-02-01T14:55:57.280+0000] {processor.py:914} INFO - Processing file /home/airflow/.local/lib/python3.12/site-packages/airflow/example_dags/example_branch_python_dop_operator_3.py for tasks to queue
[2025-02-01T14:55:57.281+0000] {logging_mixin.py:190} INFO - [2025-02-01T14:55:57.281+0000] {dagbag.py:588} INFO - Filling up the DagBag from /home/airflow/.local/lib/python3.12/site-packages/airflow/example_dags/example_branch_python_dop_operator_3.py
[2025-02-01T14:55:57.288+0000] {processor.py:925} INFO - DAG(s) 'example_branch_dop_operator_v3' retrieved from /home/airflow/.local/lib/python3.12/site-packages/airflow/example_dags/example_branch_python_dop_operator_3.py
[2025-02-01T14:55:57.299+0000] {logging_mixin.py:190} INFO - [2025-02-01T14:55:57.299+0000] {dag.py:3239} INFO - Sync 1 DAGs
[2025-02-01T14:55:57.314+0000] {logging_mixin.py:190} INFO - [2025-02-01T14:55:57.313+0000] {dag.py:4180} INFO - Setting next_dagrun for example_branch_dop_operator_v3 to 2025-02-01 14:54:00+00:00, run_after=2025-02-01 14:55:00+00:00
[2025-02-01T14:55:57.327+0000] {processor.py:208} INFO - Processing /home/airflow/.local/lib/python3.12/site-packages/airflow/example_dags/example_branch_python_dop_operator_3.py took 0.051 seconds
[2025-02-01T14:56:27.441+0000] {processor.py:186} INFO - Started process (PID=1464) to work on /home/airflow/.local/lib/python3.12/site-packages/airflow/example_dags/example_branch_python_dop_operator_3.py
[2025-02-01T14:56:27.441+0000] {processor.py:914} INFO - Processing file /home/airflow/.local/lib/python3.12/site-packages/airflow/example_dags/example_branch_python_dop_operator_3.py for tasks to queue
[2025-02-01T14:56:27.442+0000] {logging_mixin.py:190} INFO - [2025-02-01T14:56:27.442+0000] {dagbag.py:588} INFO - Filling up the DagBag from /home/airflow/.local/lib/python3.12/site-packages/airflow/example_dags/example_branch_python_dop_operator_3.py
[2025-02-01T14:56:27.447+0000] {processor.py:925} INFO - DAG(s) 'example_branch_dop_operator_v3' retrieved from /home/airflow/.local/lib/python3.12/site-packages/airflow/example_dags/example_branch_python_dop_operator_3.py
[2025-02-01T14:56:27.461+0000] {logging_mixin.py:190} INFO - [2025-02-01T14:56:27.461+0000] {dag.py:3239} INFO - Sync 1 DAGs
[2025-02-01T14:56:27.473+0000] {logging_mixin.py:190} INFO - [2025-02-01T14:56:27.473+0000] {dag.py:4180} INFO - Setting next_dagrun for example_branch_dop_operator_v3 to 2025-02-01 14:55:00+00:00, run_after=2025-02-01 14:56:00+00:00
[2025-02-01T14:56:27.485+0000] {processor.py:208} INFO - Processing /home/airflow/.local/lib/python3.12/site-packages/airflow/example_dags/example_branch_python_dop_operator_3.py took 0.048 seconds
[2025-02-01T14:56:57.537+0000] {processor.py:186} INFO - Started process (PID=1530) to work on /home/airflow/.local/lib/python3.12/site-packages/airflow/example_dags/example_branch_python_dop_operator_3.py
[2025-02-01T14:56:57.539+0000] {processor.py:914} INFO - Processing file /home/airflow/.local/lib/python3.12/site-packages/airflow/example_dags/example_branch_python_dop_operator_3.py for tasks to queue
[2025-02-01T14:56:57.540+0000] {logging_mixin.py:190} INFO - [2025-02-01T14:56:57.540+0000] {dagbag.py:588} INFO - Filling up the DagBag from /home/airflow/.local/lib/python3.12/site-packages/airflow/example_dags/example_branch_python_dop_operator_3.py
[2025-02-01T14:56:57.545+0000] {processor.py:925} INFO - DAG(s) 'example_branch_dop_operator_v3' retrieved from /home/airflow/.local/lib/python3.12/site-packages/airflow/example_dags/example_branch_python_dop_operator_3.py
[2025-02-01T14:56:57.556+0000] {logging_mixin.py:190} INFO - [2025-02-01T14:56:57.556+0000] {dag.py:3239} INFO - Sync 1 DAGs
[2025-02-01T14:56:57.571+0000] {logging_mixin.py:190} INFO - [2025-02-01T14:56:57.571+0000] {dag.py:4180} INFO - Setting next_dagrun for example_branch_dop_operator_v3 to 2025-02-01 14:55:00+00:00, run_after=2025-02-01 14:56:00+00:00
[2025-02-01T14:56:57.581+0000] {processor.py:208} INFO - Processing /home/airflow/.local/lib/python3.12/site-packages/airflow/example_dags/example_branch_python_dop_operator_3.py took 0.047 seconds
[2025-02-01T14:57:28.531+0000] {processor.py:186} INFO - Started process (PID=1596) to work on /home/airflow/.local/lib/python3.12/site-packages/airflow/example_dags/example_branch_python_dop_operator_3.py
[2025-02-01T14:57:28.532+0000] {processor.py:914} INFO - Processing file /home/airflow/.local/lib/python3.12/site-packages/airflow/example_dags/example_branch_python_dop_operator_3.py for tasks to queue
[2025-02-01T14:57:28.535+0000] {logging_mixin.py:190} INFO - [2025-02-01T14:57:28.534+0000] {dagbag.py:588} INFO - Filling up the DagBag from /home/airflow/.local/lib/python3.12/site-packages/airflow/example_dags/example_branch_python_dop_operator_3.py
[2025-02-01T14:57:28.541+0000] {processor.py:925} INFO - DAG(s) 'example_branch_dop_operator_v3' retrieved from /home/airflow/.local/lib/python3.12/site-packages/airflow/example_dags/example_branch_python_dop_operator_3.py
[2025-02-01T14:57:28.555+0000] {logging_mixin.py:190} INFO - [2025-02-01T14:57:28.555+0000] {dag.py:3239} INFO - Sync 1 DAGs
[2025-02-01T14:57:28.567+0000] {logging_mixin.py:190} INFO - [2025-02-01T14:57:28.567+0000] {dag.py:4180} INFO - Setting next_dagrun for example_branch_dop_operator_v3 to 2025-02-01 14:56:00+00:00, run_after=2025-02-01 14:57:00+00:00
[2025-02-01T14:57:28.580+0000] {processor.py:208} INFO - Processing /home/airflow/.local/lib/python3.12/site-packages/airflow/example_dags/example_branch_python_dop_operator_3.py took 0.053 seconds
[2025-02-01T14:57:59.522+0000] {processor.py:186} INFO - Started process (PID=1662) to work on /home/airflow/.local/lib/python3.12/site-packages/airflow/example_dags/example_branch_python_dop_operator_3.py
[2025-02-01T14:57:59.522+0000] {processor.py:914} INFO - Processing file /home/airflow/.local/lib/python3.12/site-packages/airflow/example_dags/example_branch_python_dop_operator_3.py for tasks to queue
[2025-02-01T14:57:59.523+0000] {logging_mixin.py:190} INFO - [2025-02-01T14:57:59.523+0000] {dagbag.py:588} INFO - Filling up the DagBag from /home/airflow/.local/lib/python3.12/site-packages/airflow/example_dags/example_branch_python_dop_operator_3.py
[2025-02-01T14:57:59.528+0000] {processor.py:925} INFO - DAG(s) 'example_branch_dop_operator_v3' retrieved from /home/airflow/.local/lib/python3.12/site-packages/airflow/example_dags/example_branch_python_dop_operator_3.py
[2025-02-01T14:57:59.542+0000] {logging_mixin.py:190} INFO - [2025-02-01T14:57:59.542+0000] {dag.py:3239} INFO - Sync 1 DAGs
[2025-02-01T14:57:59.558+0000] {logging_mixin.py:190} INFO - [2025-02-01T14:57:59.558+0000] {dag.py:4180} INFO - Setting next_dagrun for example_branch_dop_operator_v3 to 2025-02-01 14:56:00+00:00, run_after=2025-02-01 14:57:00+00:00
[2025-02-01T14:57:59.568+0000] {processor.py:208} INFO - Processing /home/airflow/.local/lib/python3.12/site-packages/airflow/example_dags/example_branch_python_dop_operator_3.py took 0.049 seconds
[2025-02-01T14:58:30.250+0000] {processor.py:186} INFO - Started process (PID=1728) to work on /home/airflow/.local/lib/python3.12/site-packages/airflow/example_dags/example_branch_python_dop_operator_3.py
[2025-02-01T14:58:30.251+0000] {processor.py:914} INFO - Processing file /home/airflow/.local/lib/python3.12/site-packages/airflow/example_dags/example_branch_python_dop_operator_3.py for tasks to queue
[2025-02-01T14:58:30.252+0000] {logging_mixin.py:190} INFO - [2025-02-01T14:58:30.252+0000] {dagbag.py:588} INFO - Filling up the DagBag from /home/airflow/.local/lib/python3.12/site-packages/airflow/example_dags/example_branch_python_dop_operator_3.py
[2025-02-01T14:58:30.260+0000] {processor.py:925} INFO - DAG(s) 'example_branch_dop_operator_v3' retrieved from /home/airflow/.local/lib/python3.12/site-packages/airflow/example_dags/example_branch_python_dop_operator_3.py
[2025-02-01T14:58:30.275+0000] {logging_mixin.py:190} INFO - [2025-02-01T14:58:30.274+0000] {dag.py:3239} INFO - Sync 1 DAGs
[2025-02-01T14:58:30.285+0000] {logging_mixin.py:190} INFO - [2025-02-01T14:58:30.285+0000] {dag.py:4180} INFO - Setting next_dagrun for example_branch_dop_operator_v3 to 2025-02-01 14:57:00+00:00, run_after=2025-02-01 14:58:00+00:00
[2025-02-01T14:58:30.293+0000] {processor.py:208} INFO - Processing /home/airflow/.local/lib/python3.12/site-packages/airflow/example_dags/example_branch_python_dop_operator_3.py took 0.045 seconds
[2025-02-01T14:59:01.085+0000] {processor.py:186} INFO - Started process (PID=1794) to work on /home/airflow/.local/lib/python3.12/site-packages/airflow/example_dags/example_branch_python_dop_operator_3.py
[2025-02-01T14:59:01.085+0000] {processor.py:914} INFO - Processing file /home/airflow/.local/lib/python3.12/site-packages/airflow/example_dags/example_branch_python_dop_operator_3.py for tasks to queue
[2025-02-01T14:59:01.086+0000] {logging_mixin.py:190} INFO - [2025-02-01T14:59:01.086+0000] {dagbag.py:588} INFO - Filling up the DagBag from /home/airflow/.local/lib/python3.12/site-packages/airflow/example_dags/example_branch_python_dop_operator_3.py
[2025-02-01T14:59:01.091+0000] {processor.py:925} INFO - DAG(s) 'example_branch_dop_operator_v3' retrieved from /home/airflow/.local/lib/python3.12/site-packages/airflow/example_dags/example_branch_python_dop_operator_3.py
[2025-02-01T14:59:01.102+0000] {logging_mixin.py:190} INFO - [2025-02-01T14:59:01.102+0000] {dag.py:3239} INFO - Sync 1 DAGs
[2025-02-01T14:59:01.113+0000] {logging_mixin.py:190} INFO - [2025-02-01T14:59:01.113+0000] {dag.py:4180} INFO - Setting next_dagrun for example_branch_dop_operator_v3 to 2025-02-01 14:58:00+00:00, run_after=2025-02-01 14:59:00+00:00
[2025-02-01T14:59:01.123+0000] {processor.py:208} INFO - Processing /home/airflow/.local/lib/python3.12/site-packages/airflow/example_dags/example_branch_python_dop_operator_3.py took 0.041 seconds
[2025-02-01T14:59:32.131+0000] {processor.py:186} INFO - Started process (PID=1860) to work on /home/airflow/.local/lib/python3.12/site-packages/airflow/example_dags/example_branch_python_dop_operator_3.py
[2025-02-01T14:59:32.136+0000] {processor.py:914} INFO - Processing file /home/airflow/.local/lib/python3.12/site-packages/airflow/example_dags/example_branch_python_dop_operator_3.py for tasks to queue
[2025-02-01T14:59:32.137+0000] {logging_mixin.py:190} INFO - [2025-02-01T14:59:32.137+0000] {dagbag.py:588} INFO - Filling up the DagBag from /home/airflow/.local/lib/python3.12/site-packages/airflow/example_dags/example_branch_python_dop_operator_3.py
[2025-02-01T14:59:32.142+0000] {processor.py:925} INFO - DAG(s) 'example_branch_dop_operator_v3' retrieved from /home/airflow/.local/lib/python3.12/site-packages/airflow/example_dags/example_branch_python_dop_operator_3.py
[2025-02-01T14:59:32.157+0000] {logging_mixin.py:190} INFO - [2025-02-01T14:59:32.155+0000] {dag.py:3239} INFO - Sync 1 DAGs
[2025-02-01T14:59:32.171+0000] {logging_mixin.py:190} INFO - [2025-02-01T14:59:32.171+0000] {dag.py:4180} INFO - Setting next_dagrun for example_branch_dop_operator_v3 to 2025-02-01 14:58:00+00:00, run_after=2025-02-01 14:59:00+00:00
[2025-02-01T14:59:32.181+0000] {processor.py:208} INFO - Processing /home/airflow/.local/lib/python3.12/site-packages/airflow/example_dags/example_branch_python_dop_operator_3.py took 0.053 seconds
[2025-02-01T15:00:02.490+0000] {processor.py:186} INFO - Started process (PID=1926) to work on /home/airflow/.local/lib/python3.12/site-packages/airflow/example_dags/example_branch_python_dop_operator_3.py
[2025-02-01T15:00:02.491+0000] {processor.py:914} INFO - Processing file /home/airflow/.local/lib/python3.12/site-packages/airflow/example_dags/example_branch_python_dop_operator_3.py for tasks to queue
[2025-02-01T15:00:02.497+0000] {logging_mixin.py:190} INFO - [2025-02-01T15:00:02.497+0000] {dagbag.py:588} INFO - Filling up the DagBag from /home/airflow/.local/lib/python3.12/site-packages/airflow/example_dags/example_branch_python_dop_operator_3.py
[2025-02-01T15:00:02.508+0000] {processor.py:925} INFO - DAG(s) 'example_branch_dop_operator_v3' retrieved from /home/airflow/.local/lib/python3.12/site-packages/airflow/example_dags/example_branch_python_dop_operator_3.py
[2025-02-01T15:00:02.531+0000] {logging_mixin.py:190} INFO - [2025-02-01T15:00:02.530+0000] {dag.py:3239} INFO - Sync 1 DAGs
[2025-02-01T15:00:02.557+0000] {logging_mixin.py:190} INFO - [2025-02-01T15:00:02.557+0000] {dag.py:4180} INFO - Setting next_dagrun for example_branch_dop_operator_v3 to 2025-02-01 14:59:00+00:00, run_after=2025-02-01 15:00:00+00:00
[2025-02-01T15:00:02.571+0000] {processor.py:208} INFO - Processing /home/airflow/.local/lib/python3.12/site-packages/airflow/example_dags/example_branch_python_dop_operator_3.py took 0.085 seconds
[2025-02-01T15:00:32.881+0000] {processor.py:186} INFO - Started process (PID=1992) to work on /home/airflow/.local/lib/python3.12/site-packages/airflow/example_dags/example_branch_python_dop_operator_3.py
[2025-02-01T15:00:32.882+0000] {processor.py:914} INFO - Processing file /home/airflow/.local/lib/python3.12/site-packages/airflow/example_dags/example_branch_python_dop_operator_3.py for tasks to queue
[2025-02-01T15:00:32.884+0000] {logging_mixin.py:190} INFO - [2025-02-01T15:00:32.884+0000] {dagbag.py:588} INFO - Filling up the DagBag from /home/airflow/.local/lib/python3.12/site-packages/airflow/example_dags/example_branch_python_dop_operator_3.py
[2025-02-01T15:00:32.890+0000] {processor.py:925} INFO - DAG(s) 'example_branch_dop_operator_v3' retrieved from /home/airflow/.local/lib/python3.12/site-packages/airflow/example_dags/example_branch_python_dop_operator_3.py
[2025-02-01T15:00:32.905+0000] {logging_mixin.py:190} INFO - [2025-02-01T15:00:32.905+0000] {dag.py:3239} INFO - Sync 1 DAGs
[2025-02-01T15:00:32.920+0000] {logging_mixin.py:190} INFO - [2025-02-01T15:00:32.920+0000] {dag.py:4180} INFO - Setting next_dagrun for example_branch_dop_operator_v3 to 2025-02-01 14:59:00+00:00, run_after=2025-02-01 15:00:00+00:00
[2025-02-01T15:00:32.934+0000] {processor.py:208} INFO - Processing /home/airflow/.local/lib/python3.12/site-packages/airflow/example_dags/example_branch_python_dop_operator_3.py took 0.056 seconds
[2025-02-01T15:01:03.165+0000] {processor.py:186} INFO - Started process (PID=2058) to work on /home/airflow/.local/lib/python3.12/site-packages/airflow/example_dags/example_branch_python_dop_operator_3.py
[2025-02-01T15:01:03.168+0000] {processor.py:914} INFO - Processing file /home/airflow/.local/lib/python3.12/site-packages/airflow/example_dags/example_branch_python_dop_operator_3.py for tasks to queue
[2025-02-01T15:01:03.170+0000] {logging_mixin.py:190} INFO - [2025-02-01T15:01:03.170+0000] {dagbag.py:588} INFO - Filling up the DagBag from /home/airflow/.local/lib/python3.12/site-packages/airflow/example_dags/example_branch_python_dop_operator_3.py
[2025-02-01T15:01:03.179+0000] {processor.py:925} INFO - DAG(s) 'example_branch_dop_operator_v3' retrieved from /home/airflow/.local/lib/python3.12/site-packages/airflow/example_dags/example_branch_python_dop_operator_3.py
[2025-02-01T15:01:03.195+0000] {logging_mixin.py:190} INFO - [2025-02-01T15:01:03.195+0000] {dag.py:3239} INFO - Sync 1 DAGs
[2025-02-01T15:01:03.217+0000] {logging_mixin.py:190} INFO - [2025-02-01T15:01:03.217+0000] {dag.py:4180} INFO - Setting next_dagrun for example_branch_dop_operator_v3 to 2025-02-01 15:00:00+00:00, run_after=2025-02-01 15:01:00+00:00
[2025-02-01T15:01:03.234+0000] {processor.py:208} INFO - Processing /home/airflow/.local/lib/python3.12/site-packages/airflow/example_dags/example_branch_python_dop_operator_3.py took 0.073 seconds
[2025-02-01T15:01:33.603+0000] {processor.py:186} INFO - Started process (PID=2124) to work on /home/airflow/.local/lib/python3.12/site-packages/airflow/example_dags/example_branch_python_dop_operator_3.py
[2025-02-01T15:01:33.604+0000] {processor.py:914} INFO - Processing file /home/airflow/.local/lib/python3.12/site-packages/airflow/example_dags/example_branch_python_dop_operator_3.py for tasks to queue
[2025-02-01T15:01:33.605+0000] {logging_mixin.py:190} INFO - [2025-02-01T15:01:33.605+0000] {dagbag.py:588} INFO - Filling up the DagBag from /home/airflow/.local/lib/python3.12/site-packages/airflow/example_dags/example_branch_python_dop_operator_3.py
[2025-02-01T15:01:33.611+0000] {processor.py:925} INFO - DAG(s) 'example_branch_dop_operator_v3' retrieved from /home/airflow/.local/lib/python3.12/site-packages/airflow/example_dags/example_branch_python_dop_operator_3.py
[2025-02-01T15:01:33.626+0000] {logging_mixin.py:190} INFO - [2025-02-01T15:01:33.626+0000] {dag.py:3239} INFO - Sync 1 DAGs
[2025-02-01T15:01:33.638+0000] {logging_mixin.py:190} INFO - [2025-02-01T15:01:33.638+0000] {dag.py:4180} INFO - Setting next_dagrun for example_branch_dop_operator_v3 to 2025-02-01 15:00:00+00:00, run_after=2025-02-01 15:01:00+00:00
[2025-02-01T15:01:33.650+0000] {processor.py:208} INFO - Processing /home/airflow/.local/lib/python3.12/site-packages/airflow/example_dags/example_branch_python_dop_operator_3.py took 0.050 seconds
[2025-02-01T15:02:04.135+0000] {processor.py:186} INFO - Started process (PID=2190) to work on /home/airflow/.local/lib/python3.12/site-packages/airflow/example_dags/example_branch_python_dop_operator_3.py
[2025-02-01T15:02:04.135+0000] {processor.py:914} INFO - Processing file /home/airflow/.local/lib/python3.12/site-packages/airflow/example_dags/example_branch_python_dop_operator_3.py for tasks to queue
[2025-02-01T15:02:04.137+0000] {logging_mixin.py:190} INFO - [2025-02-01T15:02:04.137+0000] {dagbag.py:588} INFO - Filling up the DagBag from /home/airflow/.local/lib/python3.12/site-packages/airflow/example_dags/example_branch_python_dop_operator_3.py
[2025-02-01T15:02:04.146+0000] {processor.py:925} INFO - DAG(s) 'example_branch_dop_operator_v3' retrieved from /home/airflow/.local/lib/python3.12/site-packages/airflow/example_dags/example_branch_python_dop_operator_3.py
[2025-02-01T15:02:04.159+0000] {logging_mixin.py:190} INFO - [2025-02-01T15:02:04.159+0000] {dag.py:3239} INFO - Sync 1 DAGs
[2025-02-01T15:02:04.176+0000] {logging_mixin.py:190} INFO - [2025-02-01T15:02:04.176+0000] {dag.py:4180} INFO - Setting next_dagrun for example_branch_dop_operator_v3 to 2025-02-01 15:01:00+00:00, run_after=2025-02-01 15:02:00+00:00
[2025-02-01T15:02:04.193+0000] {processor.py:208} INFO - Processing /home/airflow/.local/lib/python3.12/site-packages/airflow/example_dags/example_branch_python_dop_operator_3.py took 0.063 seconds
[2025-02-01T15:02:35.192+0000] {processor.py:186} INFO - Started process (PID=2256) to work on /home/airflow/.local/lib/python3.12/site-packages/airflow/example_dags/example_branch_python_dop_operator_3.py
[2025-02-01T15:02:35.193+0000] {processor.py:914} INFO - Processing file /home/airflow/.local/lib/python3.12/site-packages/airflow/example_dags/example_branch_python_dop_operator_3.py for tasks to queue
[2025-02-01T15:02:35.195+0000] {logging_mixin.py:190} INFO - [2025-02-01T15:02:35.195+0000] {dagbag.py:588} INFO - Filling up the DagBag from /home/airflow/.local/lib/python3.12/site-packages/airflow/example_dags/example_branch_python_dop_operator_3.py
[2025-02-01T15:02:35.204+0000] {processor.py:925} INFO - DAG(s) 'example_branch_dop_operator_v3' retrieved from /home/airflow/.local/lib/python3.12/site-packages/airflow/example_dags/example_branch_python_dop_operator_3.py
[2025-02-01T15:02:35.247+0000] {logging_mixin.py:190} INFO - [2025-02-01T15:02:35.247+0000] {dag.py:3239} INFO - Sync 1 DAGs
[2025-02-01T15:02:35.263+0000] {logging_mixin.py:190} INFO - [2025-02-01T15:02:35.263+0000] {dag.py:4180} INFO - Setting next_dagrun for example_branch_dop_operator_v3 to 2025-02-01 15:01:00+00:00, run_after=2025-02-01 15:02:00+00:00
[2025-02-01T15:02:35.286+0000] {processor.py:208} INFO - Processing /home/airflow/.local/lib/python3.12/site-packages/airflow/example_dags/example_branch_python_dop_operator_3.py took 0.100 seconds
[2025-02-01T15:03:05.492+0000] {processor.py:186} INFO - Started process (PID=2322) to work on /home/airflow/.local/lib/python3.12/site-packages/airflow/example_dags/example_branch_python_dop_operator_3.py
[2025-02-01T15:03:05.493+0000] {processor.py:914} INFO - Processing file /home/airflow/.local/lib/python3.12/site-packages/airflow/example_dags/example_branch_python_dop_operator_3.py for tasks to queue
[2025-02-01T15:03:05.494+0000] {logging_mixin.py:190} INFO - [2025-02-01T15:03:05.494+0000] {dagbag.py:588} INFO - Filling up the DagBag from /home/airflow/.local/lib/python3.12/site-packages/airflow/example_dags/example_branch_python_dop_operator_3.py
[2025-02-01T15:03:05.502+0000] {processor.py:925} INFO - DAG(s) 'example_branch_dop_operator_v3' retrieved from /home/airflow/.local/lib/python3.12/site-packages/airflow/example_dags/example_branch_python_dop_operator_3.py
[2025-02-01T15:03:05.518+0000] {logging_mixin.py:190} INFO - [2025-02-01T15:03:05.518+0000] {dag.py:3239} INFO - Sync 1 DAGs
[2025-02-01T15:03:05.532+0000] {logging_mixin.py:190} INFO - [2025-02-01T15:03:05.532+0000] {dag.py:4180} INFO - Setting next_dagrun for example_branch_dop_operator_v3 to 2025-02-01 15:02:00+00:00, run_after=2025-02-01 15:03:00+00:00
[2025-02-01T15:03:05.547+0000] {processor.py:208} INFO - Processing /home/airflow/.local/lib/python3.12/site-packages/airflow/example_dags/example_branch_python_dop_operator_3.py took 0.059 seconds
[2025-02-01T15:03:36.512+0000] {processor.py:186} INFO - Started process (PID=2388) to work on /home/airflow/.local/lib/python3.12/site-packages/airflow/example_dags/example_branch_python_dop_operator_3.py
[2025-02-01T15:03:36.512+0000] {processor.py:914} INFO - Processing file /home/airflow/.local/lib/python3.12/site-packages/airflow/example_dags/example_branch_python_dop_operator_3.py for tasks to queue
[2025-02-01T15:03:36.514+0000] {logging_mixin.py:190} INFO - [2025-02-01T15:03:36.513+0000] {dagbag.py:588} INFO - Filling up the DagBag from /home/airflow/.local/lib/python3.12/site-packages/airflow/example_dags/example_branch_python_dop_operator_3.py
[2025-02-01T15:03:36.520+0000] {processor.py:925} INFO - DAG(s) 'example_branch_dop_operator_v3' retrieved from /home/airflow/.local/lib/python3.12/site-packages/airflow/example_dags/example_branch_python_dop_operator_3.py
[2025-02-01T15:03:36.535+0000] {logging_mixin.py:190} INFO - [2025-02-01T15:03:36.535+0000] {dag.py:3239} INFO - Sync 1 DAGs
[2025-02-01T15:03:36.548+0000] {logging_mixin.py:190} INFO - [2025-02-01T15:03:36.548+0000] {dag.py:4180} INFO - Setting next_dagrun for example_branch_dop_operator_v3 to 2025-02-01 15:02:00+00:00, run_after=2025-02-01 15:03:00+00:00
[2025-02-01T15:03:36.560+0000] {processor.py:208} INFO - Processing /home/airflow/.local/lib/python3.12/site-packages/airflow/example_dags/example_branch_python_dop_operator_3.py took 0.052 seconds
[2025-02-01T15:04:06.873+0000] {processor.py:186} INFO - Started process (PID=2455) to work on /home/airflow/.local/lib/python3.12/site-packages/airflow/example_dags/example_branch_python_dop_operator_3.py
[2025-02-01T15:04:06.874+0000] {processor.py:914} INFO - Processing file /home/airflow/.local/lib/python3.12/site-packages/airflow/example_dags/example_branch_python_dop_operator_3.py for tasks to queue
[2025-02-01T15:04:06.875+0000] {logging_mixin.py:190} INFO - [2025-02-01T15:04:06.875+0000] {dagbag.py:588} INFO - Filling up the DagBag from /home/airflow/.local/lib/python3.12/site-packages/airflow/example_dags/example_branch_python_dop_operator_3.py
[2025-02-01T15:04:06.880+0000] {processor.py:925} INFO - DAG(s) 'example_branch_dop_operator_v3' retrieved from /home/airflow/.local/lib/python3.12/site-packages/airflow/example_dags/example_branch_python_dop_operator_3.py
[2025-02-01T15:04:06.891+0000] {logging_mixin.py:190} INFO - [2025-02-01T15:04:06.891+0000] {dag.py:3239} INFO - Sync 1 DAGs
[2025-02-01T15:04:06.901+0000] {logging_mixin.py:190} INFO - [2025-02-01T15:04:06.901+0000] {dag.py:4180} INFO - Setting next_dagrun for example_branch_dop_operator_v3 to 2025-02-01 15:03:00+00:00, run_after=2025-02-01 15:04:00+00:00
[2025-02-01T15:04:06.909+0000] {processor.py:208} INFO - Processing /home/airflow/.local/lib/python3.12/site-packages/airflow/example_dags/example_branch_python_dop_operator_3.py took 0.040 seconds
[2025-02-01T15:04:36.989+0000] {processor.py:186} INFO - Started process (PID=2521) to work on /home/airflow/.local/lib/python3.12/site-packages/airflow/example_dags/example_branch_python_dop_operator_3.py
[2025-02-01T15:04:36.989+0000] {processor.py:914} INFO - Processing file /home/airflow/.local/lib/python3.12/site-packages/airflow/example_dags/example_branch_python_dop_operator_3.py for tasks to queue
[2025-02-01T15:04:36.990+0000] {logging_mixin.py:190} INFO - [2025-02-01T15:04:36.990+0000] {dagbag.py:588} INFO - Filling up the DagBag from /home/airflow/.local/lib/python3.12/site-packages/airflow/example_dags/example_branch_python_dop_operator_3.py
[2025-02-01T15:04:36.995+0000] {processor.py:925} INFO - DAG(s) 'example_branch_dop_operator_v3' retrieved from /home/airflow/.local/lib/python3.12/site-packages/airflow/example_dags/example_branch_python_dop_operator_3.py
[2025-02-01T15:04:37.004+0000] {logging_mixin.py:190} INFO - [2025-02-01T15:04:37.004+0000] {dag.py:3239} INFO - Sync 1 DAGs
[2025-02-01T15:04:37.013+0000] {logging_mixin.py:190} INFO - [2025-02-01T15:04:37.013+0000] {dag.py:4180} INFO - Setting next_dagrun for example_branch_dop_operator_v3 to 2025-02-01 15:03:00+00:00, run_after=2025-02-01 15:04:00+00:00
[2025-02-01T15:04:37.022+0000] {processor.py:208} INFO - Processing /home/airflow/.local/lib/python3.12/site-packages/airflow/example_dags/example_branch_python_dop_operator_3.py took 0.035 seconds
[2025-02-01T15:05:07.106+0000] {processor.py:186} INFO - Started process (PID=2587) to work on /home/airflow/.local/lib/python3.12/site-packages/airflow/example_dags/example_branch_python_dop_operator_3.py
[2025-02-01T15:05:07.107+0000] {processor.py:914} INFO - Processing file /home/airflow/.local/lib/python3.12/site-packages/airflow/example_dags/example_branch_python_dop_operator_3.py for tasks to queue
[2025-02-01T15:05:07.108+0000] {logging_mixin.py:190} INFO - [2025-02-01T15:05:07.107+0000] {dagbag.py:588} INFO - Filling up the DagBag from /home/airflow/.local/lib/python3.12/site-packages/airflow/example_dags/example_branch_python_dop_operator_3.py
[2025-02-01T15:05:07.113+0000] {processor.py:925} INFO - DAG(s) 'example_branch_dop_operator_v3' retrieved from /home/airflow/.local/lib/python3.12/site-packages/airflow/example_dags/example_branch_python_dop_operator_3.py
[2025-02-01T15:05:07.127+0000] {logging_mixin.py:190} INFO - [2025-02-01T15:05:07.126+0000] {dag.py:3239} INFO - Sync 1 DAGs
[2025-02-01T15:05:07.141+0000] {logging_mixin.py:190} INFO - [2025-02-01T15:05:07.141+0000] {dag.py:4180} INFO - Setting next_dagrun for example_branch_dop_operator_v3 to 2025-02-01 15:04:00+00:00, run_after=2025-02-01 15:05:00+00:00
[2025-02-01T15:05:07.150+0000] {processor.py:208} INFO - Processing /home/airflow/.local/lib/python3.12/site-packages/airflow/example_dags/example_branch_python_dop_operator_3.py took 0.046 seconds
[2025-02-01T15:05:37.897+0000] {processor.py:186} INFO - Started process (PID=2653) to work on /home/airflow/.local/lib/python3.12/site-packages/airflow/example_dags/example_branch_python_dop_operator_3.py
[2025-02-01T15:05:37.898+0000] {processor.py:914} INFO - Processing file /home/airflow/.local/lib/python3.12/site-packages/airflow/example_dags/example_branch_python_dop_operator_3.py for tasks to queue
[2025-02-01T15:05:37.899+0000] {logging_mixin.py:190} INFO - [2025-02-01T15:05:37.899+0000] {dagbag.py:588} INFO - Filling up the DagBag from /home/airflow/.local/lib/python3.12/site-packages/airflow/example_dags/example_branch_python_dop_operator_3.py
[2025-02-01T15:05:37.904+0000] {processor.py:925} INFO - DAG(s) 'example_branch_dop_operator_v3' retrieved from /home/airflow/.local/lib/python3.12/site-packages/airflow/example_dags/example_branch_python_dop_operator_3.py
[2025-02-01T15:05:37.912+0000] {logging_mixin.py:190} INFO - [2025-02-01T15:05:37.911+0000] {dag.py:3239} INFO - Sync 1 DAGs
[2025-02-01T15:05:37.921+0000] {logging_mixin.py:190} INFO - [2025-02-01T15:05:37.921+0000] {dag.py:4180} INFO - Setting next_dagrun for example_branch_dop_operator_v3 to 2025-02-01 15:04:00+00:00, run_after=2025-02-01 15:05:00+00:00
[2025-02-01T15:05:37.927+0000] {processor.py:208} INFO - Processing /home/airflow/.local/lib/python3.12/site-packages/airflow/example_dags/example_branch_python_dop_operator_3.py took 0.032 seconds
[2025-02-01T15:06:08.682+0000] {processor.py:186} INFO - Started process (PID=2719) to work on /home/airflow/.local/lib/python3.12/site-packages/airflow/example_dags/example_branch_python_dop_operator_3.py
[2025-02-01T15:06:08.682+0000] {processor.py:914} INFO - Processing file /home/airflow/.local/lib/python3.12/site-packages/airflow/example_dags/example_branch_python_dop_operator_3.py for tasks to queue
[2025-02-01T15:06:08.683+0000] {logging_mixin.py:190} INFO - [2025-02-01T15:06:08.683+0000] {dagbag.py:588} INFO - Filling up the DagBag from /home/airflow/.local/lib/python3.12/site-packages/airflow/example_dags/example_branch_python_dop_operator_3.py
[2025-02-01T15:06:08.688+0000] {processor.py:925} INFO - DAG(s) 'example_branch_dop_operator_v3' retrieved from /home/airflow/.local/lib/python3.12/site-packages/airflow/example_dags/example_branch_python_dop_operator_3.py
[2025-02-01T15:06:08.696+0000] {logging_mixin.py:190} INFO - [2025-02-01T15:06:08.695+0000] {dag.py:3239} INFO - Sync 1 DAGs
[2025-02-01T15:06:08.706+0000] {logging_mixin.py:190} INFO - [2025-02-01T15:06:08.706+0000] {dag.py:4180} INFO - Setting next_dagrun for example_branch_dop_operator_v3 to 2025-02-01 15:05:00+00:00, run_after=2025-02-01 15:06:00+00:00
[2025-02-01T15:06:08.712+0000] {processor.py:208} INFO - Processing /home/airflow/.local/lib/python3.12/site-packages/airflow/example_dags/example_branch_python_dop_operator_3.py took 0.032 seconds
