[2025-02-01T13:35:15.042+0000] {processor.py:186} INFO - Started process (PID=85) to work on /home/airflow/.local/lib/python3.12/site-packages/airflow/example_dags/example_branch_operator.py
[2025-02-01T13:35:15.049+0000] {processor.py:914} INFO - Processing file /home/airflow/.local/lib/python3.12/site-packages/airflow/example_dags/example_branch_operator.py for tasks to queue
[2025-02-01T13:35:15.059+0000] {logging_mixin.py:190} INFO - [2025-02-01T13:35:15.058+0000] {dagbag.py:588} INFO - Filling up the DagBag from /home/airflow/.local/lib/python3.12/site-packages/airflow/example_dags/example_branch_operator.py
[2025-02-01T13:35:15.088+0000] {processor.py:925} INFO - DAG(s) 'example_branch_operator' retrieved from /home/airflow/.local/lib/python3.12/site-packages/airflow/example_dags/example_branch_operator.py
[2025-02-01T13:35:15.271+0000] {logging_mixin.py:190} INFO - [2025-02-01T13:35:15.271+0000] {dag.py:3239} INFO - Sync 1 DAGs
[2025-02-01T13:35:15.319+0000] {logging_mixin.py:190} INFO - [2025-02-01T13:35:15.318+0000] {dag.py:4180} INFO - Setting next_dagrun for example_branch_operator to 2025-01-31 00:00:00+00:00, run_after=2025-02-01 00:00:00+00:00
[2025-02-01T13:35:15.377+0000] {processor.py:208} INFO - Processing /home/airflow/.local/lib/python3.12/site-packages/airflow/example_dags/example_branch_operator.py took 0.355 seconds
[2025-02-01T13:35:46.074+0000] {processor.py:186} INFO - Started process (PID=151) to work on /home/airflow/.local/lib/python3.12/site-packages/airflow/example_dags/example_branch_operator.py
[2025-02-01T13:35:46.079+0000] {processor.py:914} INFO - Processing file /home/airflow/.local/lib/python3.12/site-packages/airflow/example_dags/example_branch_operator.py for tasks to queue
[2025-02-01T13:35:46.082+0000] {logging_mixin.py:190} INFO - [2025-02-01T13:35:46.082+0000] {dagbag.py:588} INFO - Filling up the DagBag from /home/airflow/.local/lib/python3.12/site-packages/airflow/example_dags/example_branch_operator.py
[2025-02-01T13:35:46.112+0000] {processor.py:925} INFO - DAG(s) 'example_branch_operator' retrieved from /home/airflow/.local/lib/python3.12/site-packages/airflow/example_dags/example_branch_operator.py
[2025-02-01T13:35:46.182+0000] {logging_mixin.py:190} INFO - [2025-02-01T13:35:46.182+0000] {dag.py:3239} INFO - Sync 1 DAGs
[2025-02-01T13:35:46.205+0000] {logging_mixin.py:190} INFO - [2025-02-01T13:35:46.204+0000] {dag.py:4180} INFO - Setting next_dagrun for example_branch_operator to 2025-01-31 00:00:00+00:00, run_after=2025-02-01 00:00:00+00:00
[2025-02-01T13:35:46.225+0000] {processor.py:208} INFO - Processing /home/airflow/.local/lib/python3.12/site-packages/airflow/example_dags/example_branch_operator.py took 0.156 seconds
[2025-02-01T13:36:17.039+0000] {processor.py:186} INFO - Started process (PID=216) to work on /home/airflow/.local/lib/python3.12/site-packages/airflow/example_dags/example_branch_operator.py
[2025-02-01T13:36:17.040+0000] {processor.py:914} INFO - Processing file /home/airflow/.local/lib/python3.12/site-packages/airflow/example_dags/example_branch_operator.py for tasks to queue
[2025-02-01T13:36:17.041+0000] {logging_mixin.py:190} INFO - [2025-02-01T13:36:17.041+0000] {dagbag.py:588} INFO - Filling up the DagBag from /home/airflow/.local/lib/python3.12/site-packages/airflow/example_dags/example_branch_operator.py
[2025-02-01T13:36:17.051+0000] {processor.py:925} INFO - DAG(s) 'example_branch_operator' retrieved from /home/airflow/.local/lib/python3.12/site-packages/airflow/example_dags/example_branch_operator.py
[2025-02-01T13:36:17.077+0000] {logging_mixin.py:190} INFO - [2025-02-01T13:36:17.077+0000] {dag.py:3239} INFO - Sync 1 DAGs
[2025-02-01T13:36:17.096+0000] {logging_mixin.py:190} INFO - [2025-02-01T13:36:17.096+0000] {dag.py:4180} INFO - Setting next_dagrun for example_branch_operator to 2025-01-31 00:00:00+00:00, run_after=2025-02-01 00:00:00+00:00
[2025-02-01T13:36:17.116+0000] {processor.py:208} INFO - Processing /home/airflow/.local/lib/python3.12/site-packages/airflow/example_dags/example_branch_operator.py took 0.080 seconds
[2025-02-01T13:36:47.982+0000] {processor.py:186} INFO - Started process (PID=283) to work on /home/airflow/.local/lib/python3.12/site-packages/airflow/example_dags/example_branch_operator.py
[2025-02-01T13:36:47.982+0000] {processor.py:914} INFO - Processing file /home/airflow/.local/lib/python3.12/site-packages/airflow/example_dags/example_branch_operator.py for tasks to queue
[2025-02-01T13:36:47.985+0000] {logging_mixin.py:190} INFO - [2025-02-01T13:36:47.984+0000] {dagbag.py:588} INFO - Filling up the DagBag from /home/airflow/.local/lib/python3.12/site-packages/airflow/example_dags/example_branch_operator.py
[2025-02-01T13:36:47.996+0000] {processor.py:925} INFO - DAG(s) 'example_branch_operator' retrieved from /home/airflow/.local/lib/python3.12/site-packages/airflow/example_dags/example_branch_operator.py
[2025-02-01T13:36:48.013+0000] {logging_mixin.py:190} INFO - [2025-02-01T13:36:48.013+0000] {dag.py:3239} INFO - Sync 1 DAGs
[2025-02-01T13:36:48.025+0000] {logging_mixin.py:190} INFO - [2025-02-01T13:36:48.024+0000] {dag.py:4180} INFO - Setting next_dagrun for example_branch_operator to 2025-01-31 00:00:00+00:00, run_after=2025-02-01 00:00:00+00:00
[2025-02-01T13:36:48.035+0000] {processor.py:208} INFO - Processing /home/airflow/.local/lib/python3.12/site-packages/airflow/example_dags/example_branch_operator.py took 0.056 seconds
[2025-02-01T13:37:18.960+0000] {processor.py:186} INFO - Started process (PID=348) to work on /home/airflow/.local/lib/python3.12/site-packages/airflow/example_dags/example_branch_operator.py
[2025-02-01T13:37:18.961+0000] {processor.py:914} INFO - Processing file /home/airflow/.local/lib/python3.12/site-packages/airflow/example_dags/example_branch_operator.py for tasks to queue
[2025-02-01T13:37:18.962+0000] {logging_mixin.py:190} INFO - [2025-02-01T13:37:18.962+0000] {dagbag.py:588} INFO - Filling up the DagBag from /home/airflow/.local/lib/python3.12/site-packages/airflow/example_dags/example_branch_operator.py
[2025-02-01T13:37:18.973+0000] {processor.py:925} INFO - DAG(s) 'example_branch_operator' retrieved from /home/airflow/.local/lib/python3.12/site-packages/airflow/example_dags/example_branch_operator.py
[2025-02-01T13:37:18.993+0000] {logging_mixin.py:190} INFO - [2025-02-01T13:37:18.993+0000] {dag.py:3239} INFO - Sync 1 DAGs
[2025-02-01T13:37:19.004+0000] {logging_mixin.py:190} INFO - [2025-02-01T13:37:19.004+0000] {dag.py:4180} INFO - Setting next_dagrun for example_branch_operator to 2025-01-31 00:00:00+00:00, run_after=2025-02-01 00:00:00+00:00
[2025-02-01T13:37:19.013+0000] {processor.py:208} INFO - Processing /home/airflow/.local/lib/python3.12/site-packages/airflow/example_dags/example_branch_operator.py took 0.056 seconds
[2025-02-01T13:37:49.349+0000] {processor.py:186} INFO - Started process (PID=414) to work on /home/airflow/.local/lib/python3.12/site-packages/airflow/example_dags/example_branch_operator.py
[2025-02-01T13:37:49.351+0000] {processor.py:914} INFO - Processing file /home/airflow/.local/lib/python3.12/site-packages/airflow/example_dags/example_branch_operator.py for tasks to queue
[2025-02-01T13:37:49.353+0000] {logging_mixin.py:190} INFO - [2025-02-01T13:37:49.353+0000] {dagbag.py:588} INFO - Filling up the DagBag from /home/airflow/.local/lib/python3.12/site-packages/airflow/example_dags/example_branch_operator.py
[2025-02-01T13:37:49.361+0000] {processor.py:925} INFO - DAG(s) 'example_branch_operator' retrieved from /home/airflow/.local/lib/python3.12/site-packages/airflow/example_dags/example_branch_operator.py
[2025-02-01T13:37:49.384+0000] {logging_mixin.py:190} INFO - [2025-02-01T13:37:49.384+0000] {dag.py:3239} INFO - Sync 1 DAGs
[2025-02-01T13:37:49.400+0000] {logging_mixin.py:190} INFO - [2025-02-01T13:37:49.400+0000] {dag.py:4180} INFO - Setting next_dagrun for example_branch_operator to 2025-01-31 00:00:00+00:00, run_after=2025-02-01 00:00:00+00:00
[2025-02-01T13:37:49.417+0000] {processor.py:208} INFO - Processing /home/airflow/.local/lib/python3.12/site-packages/airflow/example_dags/example_branch_operator.py took 0.071 seconds
[2025-02-01T13:38:20.107+0000] {processor.py:186} INFO - Started process (PID=480) to work on /home/airflow/.local/lib/python3.12/site-packages/airflow/example_dags/example_branch_operator.py
[2025-02-01T13:38:20.109+0000] {processor.py:914} INFO - Processing file /home/airflow/.local/lib/python3.12/site-packages/airflow/example_dags/example_branch_operator.py for tasks to queue
[2025-02-01T13:38:20.110+0000] {logging_mixin.py:190} INFO - [2025-02-01T13:38:20.110+0000] {dagbag.py:588} INFO - Filling up the DagBag from /home/airflow/.local/lib/python3.12/site-packages/airflow/example_dags/example_branch_operator.py
[2025-02-01T13:38:20.117+0000] {processor.py:925} INFO - DAG(s) 'example_branch_operator' retrieved from /home/airflow/.local/lib/python3.12/site-packages/airflow/example_dags/example_branch_operator.py
[2025-02-01T13:38:20.129+0000] {logging_mixin.py:190} INFO - [2025-02-01T13:38:20.129+0000] {dag.py:3239} INFO - Sync 1 DAGs
[2025-02-01T13:38:20.139+0000] {logging_mixin.py:190} INFO - [2025-02-01T13:38:20.139+0000] {dag.py:4180} INFO - Setting next_dagrun for example_branch_operator to 2025-01-31 00:00:00+00:00, run_after=2025-02-01 00:00:00+00:00
[2025-02-01T13:38:20.157+0000] {processor.py:208} INFO - Processing /home/airflow/.local/lib/python3.12/site-packages/airflow/example_dags/example_branch_operator.py took 0.053 seconds
[2025-02-01T13:38:51.054+0000] {processor.py:186} INFO - Started process (PID=546) to work on /home/airflow/.local/lib/python3.12/site-packages/airflow/example_dags/example_branch_operator.py
[2025-02-01T13:38:51.057+0000] {processor.py:914} INFO - Processing file /home/airflow/.local/lib/python3.12/site-packages/airflow/example_dags/example_branch_operator.py for tasks to queue
[2025-02-01T13:38:51.058+0000] {logging_mixin.py:190} INFO - [2025-02-01T13:38:51.058+0000] {dagbag.py:588} INFO - Filling up the DagBag from /home/airflow/.local/lib/python3.12/site-packages/airflow/example_dags/example_branch_operator.py
[2025-02-01T13:38:51.068+0000] {processor.py:925} INFO - DAG(s) 'example_branch_operator' retrieved from /home/airflow/.local/lib/python3.12/site-packages/airflow/example_dags/example_branch_operator.py
[2025-02-01T13:38:51.085+0000] {logging_mixin.py:190} INFO - [2025-02-01T13:38:51.085+0000] {dag.py:3239} INFO - Sync 1 DAGs
[2025-02-01T13:38:51.098+0000] {logging_mixin.py:190} INFO - [2025-02-01T13:38:51.097+0000] {dag.py:4180} INFO - Setting next_dagrun for example_branch_operator to 2025-01-31 00:00:00+00:00, run_after=2025-02-01 00:00:00+00:00
[2025-02-01T13:38:51.109+0000] {processor.py:208} INFO - Processing /home/airflow/.local/lib/python3.12/site-packages/airflow/example_dags/example_branch_operator.py took 0.056 seconds
[2025-02-01T13:39:22.134+0000] {processor.py:186} INFO - Started process (PID=612) to work on /home/airflow/.local/lib/python3.12/site-packages/airflow/example_dags/example_branch_operator.py
[2025-02-01T13:39:22.135+0000] {processor.py:914} INFO - Processing file /home/airflow/.local/lib/python3.12/site-packages/airflow/example_dags/example_branch_operator.py for tasks to queue
[2025-02-01T13:39:22.137+0000] {logging_mixin.py:190} INFO - [2025-02-01T13:39:22.136+0000] {dagbag.py:588} INFO - Filling up the DagBag from /home/airflow/.local/lib/python3.12/site-packages/airflow/example_dags/example_branch_operator.py
[2025-02-01T13:39:22.150+0000] {processor.py:925} INFO - DAG(s) 'example_branch_operator' retrieved from /home/airflow/.local/lib/python3.12/site-packages/airflow/example_dags/example_branch_operator.py
[2025-02-01T13:39:22.175+0000] {logging_mixin.py:190} INFO - [2025-02-01T13:39:22.175+0000] {dag.py:3239} INFO - Sync 1 DAGs
[2025-02-01T13:39:22.190+0000] {logging_mixin.py:190} INFO - [2025-02-01T13:39:22.190+0000] {dag.py:4180} INFO - Setting next_dagrun for example_branch_operator to 2025-01-31 00:00:00+00:00, run_after=2025-02-01 00:00:00+00:00
[2025-02-01T13:39:22.198+0000] {processor.py:208} INFO - Processing /home/airflow/.local/lib/python3.12/site-packages/airflow/example_dags/example_branch_operator.py took 0.068 seconds
[2025-02-01T13:39:52.786+0000] {processor.py:186} INFO - Started process (PID=678) to work on /home/airflow/.local/lib/python3.12/site-packages/airflow/example_dags/example_branch_operator.py
[2025-02-01T13:39:52.789+0000] {processor.py:914} INFO - Processing file /home/airflow/.local/lib/python3.12/site-packages/airflow/example_dags/example_branch_operator.py for tasks to queue
[2025-02-01T13:39:52.793+0000] {logging_mixin.py:190} INFO - [2025-02-01T13:39:52.793+0000] {dagbag.py:588} INFO - Filling up the DagBag from /home/airflow/.local/lib/python3.12/site-packages/airflow/example_dags/example_branch_operator.py
[2025-02-01T13:39:52.801+0000] {processor.py:925} INFO - DAG(s) 'example_branch_operator' retrieved from /home/airflow/.local/lib/python3.12/site-packages/airflow/example_dags/example_branch_operator.py
[2025-02-01T13:39:52.814+0000] {logging_mixin.py:190} INFO - [2025-02-01T13:39:52.814+0000] {dag.py:3239} INFO - Sync 1 DAGs
[2025-02-01T13:39:52.826+0000] {logging_mixin.py:190} INFO - [2025-02-01T13:39:52.826+0000] {dag.py:4180} INFO - Setting next_dagrun for example_branch_operator to 2025-01-31 00:00:00+00:00, run_after=2025-02-01 00:00:00+00:00
[2025-02-01T13:39:52.833+0000] {processor.py:208} INFO - Processing /home/airflow/.local/lib/python3.12/site-packages/airflow/example_dags/example_branch_operator.py took 0.051 seconds
[2025-02-01T13:40:23.577+0000] {processor.py:186} INFO - Started process (PID=744) to work on /home/airflow/.local/lib/python3.12/site-packages/airflow/example_dags/example_branch_operator.py
[2025-02-01T13:40:23.578+0000] {processor.py:914} INFO - Processing file /home/airflow/.local/lib/python3.12/site-packages/airflow/example_dags/example_branch_operator.py for tasks to queue
[2025-02-01T13:40:23.580+0000] {logging_mixin.py:190} INFO - [2025-02-01T13:40:23.580+0000] {dagbag.py:588} INFO - Filling up the DagBag from /home/airflow/.local/lib/python3.12/site-packages/airflow/example_dags/example_branch_operator.py
[2025-02-01T13:40:23.592+0000] {processor.py:925} INFO - DAG(s) 'example_branch_operator' retrieved from /home/airflow/.local/lib/python3.12/site-packages/airflow/example_dags/example_branch_operator.py
[2025-02-01T13:40:23.614+0000] {logging_mixin.py:190} INFO - [2025-02-01T13:40:23.614+0000] {dag.py:3239} INFO - Sync 1 DAGs
[2025-02-01T13:40:23.641+0000] {logging_mixin.py:190} INFO - [2025-02-01T13:40:23.641+0000] {dag.py:4180} INFO - Setting next_dagrun for example_branch_operator to 2025-01-31 00:00:00+00:00, run_after=2025-02-01 00:00:00+00:00
[2025-02-01T13:40:23.658+0000] {processor.py:208} INFO - Processing /home/airflow/.local/lib/python3.12/site-packages/airflow/example_dags/example_branch_operator.py took 0.083 seconds
[2025-02-01T13:40:54.752+0000] {processor.py:186} INFO - Started process (PID=811) to work on /home/airflow/.local/lib/python3.12/site-packages/airflow/example_dags/example_branch_operator.py
[2025-02-01T13:40:54.754+0000] {processor.py:914} INFO - Processing file /home/airflow/.local/lib/python3.12/site-packages/airflow/example_dags/example_branch_operator.py for tasks to queue
[2025-02-01T13:40:54.758+0000] {logging_mixin.py:190} INFO - [2025-02-01T13:40:54.757+0000] {dagbag.py:588} INFO - Filling up the DagBag from /home/airflow/.local/lib/python3.12/site-packages/airflow/example_dags/example_branch_operator.py
[2025-02-01T13:40:54.769+0000] {processor.py:925} INFO - DAG(s) 'example_branch_operator' retrieved from /home/airflow/.local/lib/python3.12/site-packages/airflow/example_dags/example_branch_operator.py
[2025-02-01T13:40:54.783+0000] {logging_mixin.py:190} INFO - [2025-02-01T13:40:54.783+0000] {dag.py:3239} INFO - Sync 1 DAGs
[2025-02-01T13:40:54.795+0000] {logging_mixin.py:190} INFO - [2025-02-01T13:40:54.795+0000] {dag.py:4180} INFO - Setting next_dagrun for example_branch_operator to 2025-01-31 00:00:00+00:00, run_after=2025-02-01 00:00:00+00:00
[2025-02-01T13:40:54.802+0000] {processor.py:208} INFO - Processing /home/airflow/.local/lib/python3.12/site-packages/airflow/example_dags/example_branch_operator.py took 0.055 seconds
[2025-02-01T13:41:25.926+0000] {processor.py:186} INFO - Started process (PID=877) to work on /home/airflow/.local/lib/python3.12/site-packages/airflow/example_dags/example_branch_operator.py
[2025-02-01T13:41:25.927+0000] {processor.py:914} INFO - Processing file /home/airflow/.local/lib/python3.12/site-packages/airflow/example_dags/example_branch_operator.py for tasks to queue
[2025-02-01T13:41:25.928+0000] {logging_mixin.py:190} INFO - [2025-02-01T13:41:25.928+0000] {dagbag.py:588} INFO - Filling up the DagBag from /home/airflow/.local/lib/python3.12/site-packages/airflow/example_dags/example_branch_operator.py
[2025-02-01T13:41:25.943+0000] {processor.py:925} INFO - DAG(s) 'example_branch_operator' retrieved from /home/airflow/.local/lib/python3.12/site-packages/airflow/example_dags/example_branch_operator.py
[2025-02-01T13:41:25.962+0000] {logging_mixin.py:190} INFO - [2025-02-01T13:41:25.962+0000] {dag.py:3239} INFO - Sync 1 DAGs
[2025-02-01T13:41:25.980+0000] {logging_mixin.py:190} INFO - [2025-02-01T13:41:25.980+0000] {dag.py:4180} INFO - Setting next_dagrun for example_branch_operator to 2025-01-31 00:00:00+00:00, run_after=2025-02-01 00:00:00+00:00
[2025-02-01T13:41:25.990+0000] {processor.py:208} INFO - Processing /home/airflow/.local/lib/python3.12/site-packages/airflow/example_dags/example_branch_operator.py took 0.068 seconds
[2025-02-01T13:41:56.545+0000] {processor.py:186} INFO - Started process (PID=942) to work on /home/airflow/.local/lib/python3.12/site-packages/airflow/example_dags/example_branch_operator.py
[2025-02-01T13:41:56.546+0000] {processor.py:914} INFO - Processing file /home/airflow/.local/lib/python3.12/site-packages/airflow/example_dags/example_branch_operator.py for tasks to queue
[2025-02-01T13:41:56.548+0000] {logging_mixin.py:190} INFO - [2025-02-01T13:41:56.548+0000] {dagbag.py:588} INFO - Filling up the DagBag from /home/airflow/.local/lib/python3.12/site-packages/airflow/example_dags/example_branch_operator.py
[2025-02-01T13:41:56.555+0000] {processor.py:925} INFO - DAG(s) 'example_branch_operator' retrieved from /home/airflow/.local/lib/python3.12/site-packages/airflow/example_dags/example_branch_operator.py
[2025-02-01T13:41:56.568+0000] {logging_mixin.py:190} INFO - [2025-02-01T13:41:56.568+0000] {dag.py:3239} INFO - Sync 1 DAGs
[2025-02-01T13:41:56.577+0000] {logging_mixin.py:190} INFO - [2025-02-01T13:41:56.577+0000] {dag.py:4180} INFO - Setting next_dagrun for example_branch_operator to 2025-01-31 00:00:00+00:00, run_after=2025-02-01 00:00:00+00:00
[2025-02-01T13:41:56.585+0000] {processor.py:208} INFO - Processing /home/airflow/.local/lib/python3.12/site-packages/airflow/example_dags/example_branch_operator.py took 0.042 seconds
[2025-02-01T14:45:45.699+0000] {processor.py:186} INFO - Started process (PID=82) to work on /home/airflow/.local/lib/python3.12/site-packages/airflow/example_dags/example_branch_operator.py
[2025-02-01T14:45:45.700+0000] {processor.py:914} INFO - Processing file /home/airflow/.local/lib/python3.12/site-packages/airflow/example_dags/example_branch_operator.py for tasks to queue
[2025-02-01T14:45:45.701+0000] {logging_mixin.py:190} INFO - [2025-02-01T14:45:45.701+0000] {dagbag.py:588} INFO - Filling up the DagBag from /home/airflow/.local/lib/python3.12/site-packages/airflow/example_dags/example_branch_operator.py
[2025-02-01T14:45:45.711+0000] {processor.py:925} INFO - DAG(s) 'example_branch_operator' retrieved from /home/airflow/.local/lib/python3.12/site-packages/airflow/example_dags/example_branch_operator.py
[2025-02-01T14:45:45.779+0000] {logging_mixin.py:190} INFO - [2025-02-01T14:45:45.778+0000] {dag.py:3239} INFO - Sync 1 DAGs
[2025-02-01T14:45:45.790+0000] {logging_mixin.py:190} INFO - [2025-02-01T14:45:45.790+0000] {dag.py:4180} INFO - Setting next_dagrun for example_branch_operator to 2025-01-31 00:00:00+00:00, run_after=2025-02-01 00:00:00+00:00
[2025-02-01T14:45:45.803+0000] {processor.py:208} INFO - Processing /home/airflow/.local/lib/python3.12/site-packages/airflow/example_dags/example_branch_operator.py took 0.106 seconds
[2025-02-01T14:46:16.704+0000] {processor.py:186} INFO - Started process (PID=153) to work on /home/airflow/.local/lib/python3.12/site-packages/airflow/example_dags/example_branch_operator.py
[2025-02-01T14:46:16.708+0000] {processor.py:914} INFO - Processing file /home/airflow/.local/lib/python3.12/site-packages/airflow/example_dags/example_branch_operator.py for tasks to queue
[2025-02-01T14:46:16.710+0000] {logging_mixin.py:190} INFO - [2025-02-01T14:46:16.710+0000] {dagbag.py:588} INFO - Filling up the DagBag from /home/airflow/.local/lib/python3.12/site-packages/airflow/example_dags/example_branch_operator.py
[2025-02-01T14:46:16.723+0000] {processor.py:925} INFO - DAG(s) 'example_branch_operator' retrieved from /home/airflow/.local/lib/python3.12/site-packages/airflow/example_dags/example_branch_operator.py
[2025-02-01T14:46:16.752+0000] {logging_mixin.py:190} INFO - [2025-02-01T14:46:16.752+0000] {dag.py:3239} INFO - Sync 1 DAGs
[2025-02-01T14:46:16.765+0000] {logging_mixin.py:190} INFO - [2025-02-01T14:46:16.764+0000] {dag.py:4180} INFO - Setting next_dagrun for example_branch_operator to 2025-01-31 00:00:00+00:00, run_after=2025-02-01 00:00:00+00:00
[2025-02-01T14:46:16.777+0000] {processor.py:208} INFO - Processing /home/airflow/.local/lib/python3.12/site-packages/airflow/example_dags/example_branch_operator.py took 0.078 seconds
[2025-02-01T14:46:47.797+0000] {processor.py:186} INFO - Started process (PID=219) to work on /home/airflow/.local/lib/python3.12/site-packages/airflow/example_dags/example_branch_operator.py
[2025-02-01T14:46:47.798+0000] {processor.py:914} INFO - Processing file /home/airflow/.local/lib/python3.12/site-packages/airflow/example_dags/example_branch_operator.py for tasks to queue
[2025-02-01T14:46:47.799+0000] {logging_mixin.py:190} INFO - [2025-02-01T14:46:47.798+0000] {dagbag.py:588} INFO - Filling up the DagBag from /home/airflow/.local/lib/python3.12/site-packages/airflow/example_dags/example_branch_operator.py
[2025-02-01T14:46:47.810+0000] {processor.py:925} INFO - DAG(s) 'example_branch_operator' retrieved from /home/airflow/.local/lib/python3.12/site-packages/airflow/example_dags/example_branch_operator.py
[2025-02-01T14:46:47.828+0000] {logging_mixin.py:190} INFO - [2025-02-01T14:46:47.828+0000] {dag.py:3239} INFO - Sync 1 DAGs
[2025-02-01T14:46:47.842+0000] {logging_mixin.py:190} INFO - [2025-02-01T14:46:47.841+0000] {dag.py:4180} INFO - Setting next_dagrun for example_branch_operator to 2025-01-31 00:00:00+00:00, run_after=2025-02-01 00:00:00+00:00
[2025-02-01T14:46:47.856+0000] {processor.py:208} INFO - Processing /home/airflow/.local/lib/python3.12/site-packages/airflow/example_dags/example_branch_operator.py took 0.062 seconds
[2025-02-01T14:47:18.681+0000] {processor.py:186} INFO - Started process (PID=285) to work on /home/airflow/.local/lib/python3.12/site-packages/airflow/example_dags/example_branch_operator.py
[2025-02-01T14:47:18.682+0000] {processor.py:914} INFO - Processing file /home/airflow/.local/lib/python3.12/site-packages/airflow/example_dags/example_branch_operator.py for tasks to queue
[2025-02-01T14:47:18.683+0000] {logging_mixin.py:190} INFO - [2025-02-01T14:47:18.682+0000] {dagbag.py:588} INFO - Filling up the DagBag from /home/airflow/.local/lib/python3.12/site-packages/airflow/example_dags/example_branch_operator.py
[2025-02-01T14:47:18.692+0000] {processor.py:925} INFO - DAG(s) 'example_branch_operator' retrieved from /home/airflow/.local/lib/python3.12/site-packages/airflow/example_dags/example_branch_operator.py
[2025-02-01T14:47:18.712+0000] {logging_mixin.py:190} INFO - [2025-02-01T14:47:18.712+0000] {dag.py:3239} INFO - Sync 1 DAGs
[2025-02-01T14:47:18.724+0000] {logging_mixin.py:190} INFO - [2025-02-01T14:47:18.724+0000] {dag.py:4180} INFO - Setting next_dagrun for example_branch_operator to 2025-01-31 00:00:00+00:00, run_after=2025-02-01 00:00:00+00:00
[2025-02-01T14:47:18.731+0000] {processor.py:208} INFO - Processing /home/airflow/.local/lib/python3.12/site-packages/airflow/example_dags/example_branch_operator.py took 0.053 seconds
[2025-02-01T14:47:49.967+0000] {processor.py:186} INFO - Started process (PID=351) to work on /home/airflow/.local/lib/python3.12/site-packages/airflow/example_dags/example_branch_operator.py
[2025-02-01T14:47:49.968+0000] {processor.py:914} INFO - Processing file /home/airflow/.local/lib/python3.12/site-packages/airflow/example_dags/example_branch_operator.py for tasks to queue
[2025-02-01T14:47:49.969+0000] {logging_mixin.py:190} INFO - [2025-02-01T14:47:49.969+0000] {dagbag.py:588} INFO - Filling up the DagBag from /home/airflow/.local/lib/python3.12/site-packages/airflow/example_dags/example_branch_operator.py
[2025-02-01T14:47:49.977+0000] {processor.py:925} INFO - DAG(s) 'example_branch_operator' retrieved from /home/airflow/.local/lib/python3.12/site-packages/airflow/example_dags/example_branch_operator.py
[2025-02-01T14:47:49.993+0000] {logging_mixin.py:190} INFO - [2025-02-01T14:47:49.993+0000] {dag.py:3239} INFO - Sync 1 DAGs
[2025-02-01T14:47:50.004+0000] {logging_mixin.py:190} INFO - [2025-02-01T14:47:50.004+0000] {dag.py:4180} INFO - Setting next_dagrun for example_branch_operator to 2025-01-31 00:00:00+00:00, run_after=2025-02-01 00:00:00+00:00
[2025-02-01T14:47:50.011+0000] {processor.py:208} INFO - Processing /home/airflow/.local/lib/python3.12/site-packages/airflow/example_dags/example_branch_operator.py took 0.047 seconds
[2025-02-01T14:48:20.799+0000] {processor.py:186} INFO - Started process (PID=417) to work on /home/airflow/.local/lib/python3.12/site-packages/airflow/example_dags/example_branch_operator.py
[2025-02-01T14:48:20.800+0000] {processor.py:914} INFO - Processing file /home/airflow/.local/lib/python3.12/site-packages/airflow/example_dags/example_branch_operator.py for tasks to queue
[2025-02-01T14:48:20.801+0000] {logging_mixin.py:190} INFO - [2025-02-01T14:48:20.801+0000] {dagbag.py:588} INFO - Filling up the DagBag from /home/airflow/.local/lib/python3.12/site-packages/airflow/example_dags/example_branch_operator.py
[2025-02-01T14:48:20.810+0000] {processor.py:925} INFO - DAG(s) 'example_branch_operator' retrieved from /home/airflow/.local/lib/python3.12/site-packages/airflow/example_dags/example_branch_operator.py
[2025-02-01T14:48:20.821+0000] {logging_mixin.py:190} INFO - [2025-02-01T14:48:20.821+0000] {dag.py:3239} INFO - Sync 1 DAGs
[2025-02-01T14:48:20.831+0000] {logging_mixin.py:190} INFO - [2025-02-01T14:48:20.831+0000] {dag.py:4180} INFO - Setting next_dagrun for example_branch_operator to 2025-01-31 00:00:00+00:00, run_after=2025-02-01 00:00:00+00:00
[2025-02-01T14:48:20.842+0000] {processor.py:208} INFO - Processing /home/airflow/.local/lib/python3.12/site-packages/airflow/example_dags/example_branch_operator.py took 0.046 seconds
[2025-02-01T14:48:51.771+0000] {processor.py:186} INFO - Started process (PID=483) to work on /home/airflow/.local/lib/python3.12/site-packages/airflow/example_dags/example_branch_operator.py
[2025-02-01T14:48:51.772+0000] {processor.py:914} INFO - Processing file /home/airflow/.local/lib/python3.12/site-packages/airflow/example_dags/example_branch_operator.py for tasks to queue
[2025-02-01T14:48:51.774+0000] {logging_mixin.py:190} INFO - [2025-02-01T14:48:51.774+0000] {dagbag.py:588} INFO - Filling up the DagBag from /home/airflow/.local/lib/python3.12/site-packages/airflow/example_dags/example_branch_operator.py
[2025-02-01T14:48:51.782+0000] {processor.py:925} INFO - DAG(s) 'example_branch_operator' retrieved from /home/airflow/.local/lib/python3.12/site-packages/airflow/example_dags/example_branch_operator.py
[2025-02-01T14:48:51.796+0000] {logging_mixin.py:190} INFO - [2025-02-01T14:48:51.796+0000] {dag.py:3239} INFO - Sync 1 DAGs
[2025-02-01T14:48:51.808+0000] {logging_mixin.py:190} INFO - [2025-02-01T14:48:51.808+0000] {dag.py:4180} INFO - Setting next_dagrun for example_branch_operator to 2025-01-31 00:00:00+00:00, run_after=2025-02-01 00:00:00+00:00
[2025-02-01T14:48:51.817+0000] {processor.py:208} INFO - Processing /home/airflow/.local/lib/python3.12/site-packages/airflow/example_dags/example_branch_operator.py took 0.049 seconds
[2025-02-01T14:49:22.894+0000] {processor.py:186} INFO - Started process (PID=549) to work on /home/airflow/.local/lib/python3.12/site-packages/airflow/example_dags/example_branch_operator.py
[2025-02-01T14:49:22.895+0000] {processor.py:914} INFO - Processing file /home/airflow/.local/lib/python3.12/site-packages/airflow/example_dags/example_branch_operator.py for tasks to queue
[2025-02-01T14:49:22.897+0000] {logging_mixin.py:190} INFO - [2025-02-01T14:49:22.896+0000] {dagbag.py:588} INFO - Filling up the DagBag from /home/airflow/.local/lib/python3.12/site-packages/airflow/example_dags/example_branch_operator.py
[2025-02-01T14:49:22.905+0000] {processor.py:925} INFO - DAG(s) 'example_branch_operator' retrieved from /home/airflow/.local/lib/python3.12/site-packages/airflow/example_dags/example_branch_operator.py
[2025-02-01T14:49:22.920+0000] {logging_mixin.py:190} INFO - [2025-02-01T14:49:22.920+0000] {dag.py:3239} INFO - Sync 1 DAGs
[2025-02-01T14:49:22.930+0000] {logging_mixin.py:190} INFO - [2025-02-01T14:49:22.930+0000] {dag.py:4180} INFO - Setting next_dagrun for example_branch_operator to 2025-01-31 00:00:00+00:00, run_after=2025-02-01 00:00:00+00:00
[2025-02-01T14:49:22.941+0000] {processor.py:208} INFO - Processing /home/airflow/.local/lib/python3.12/site-packages/airflow/example_dags/example_branch_operator.py took 0.049 seconds
[2025-02-01T14:49:54.037+0000] {processor.py:186} INFO - Started process (PID=615) to work on /home/airflow/.local/lib/python3.12/site-packages/airflow/example_dags/example_branch_operator.py
[2025-02-01T14:49:54.039+0000] {processor.py:914} INFO - Processing file /home/airflow/.local/lib/python3.12/site-packages/airflow/example_dags/example_branch_operator.py for tasks to queue
[2025-02-01T14:49:54.041+0000] {logging_mixin.py:190} INFO - [2025-02-01T14:49:54.041+0000] {dagbag.py:588} INFO - Filling up the DagBag from /home/airflow/.local/lib/python3.12/site-packages/airflow/example_dags/example_branch_operator.py
[2025-02-01T14:49:54.051+0000] {processor.py:925} INFO - DAG(s) 'example_branch_operator' retrieved from /home/airflow/.local/lib/python3.12/site-packages/airflow/example_dags/example_branch_operator.py
[2025-02-01T14:49:54.067+0000] {logging_mixin.py:190} INFO - [2025-02-01T14:49:54.067+0000] {dag.py:3239} INFO - Sync 1 DAGs
[2025-02-01T14:49:54.077+0000] {logging_mixin.py:190} INFO - [2025-02-01T14:49:54.077+0000] {dag.py:4180} INFO - Setting next_dagrun for example_branch_operator to 2025-01-31 00:00:00+00:00, run_after=2025-02-01 00:00:00+00:00
[2025-02-01T14:49:54.084+0000] {processor.py:208} INFO - Processing /home/airflow/.local/lib/python3.12/site-packages/airflow/example_dags/example_branch_operator.py took 0.050 seconds
[2025-02-01T14:50:24.783+0000] {processor.py:186} INFO - Started process (PID=681) to work on /home/airflow/.local/lib/python3.12/site-packages/airflow/example_dags/example_branch_operator.py
[2025-02-01T14:50:24.783+0000] {processor.py:914} INFO - Processing file /home/airflow/.local/lib/python3.12/site-packages/airflow/example_dags/example_branch_operator.py for tasks to queue
[2025-02-01T14:50:24.784+0000] {logging_mixin.py:190} INFO - [2025-02-01T14:50:24.784+0000] {dagbag.py:588} INFO - Filling up the DagBag from /home/airflow/.local/lib/python3.12/site-packages/airflow/example_dags/example_branch_operator.py
[2025-02-01T14:50:24.793+0000] {processor.py:925} INFO - DAG(s) 'example_branch_operator' retrieved from /home/airflow/.local/lib/python3.12/site-packages/airflow/example_dags/example_branch_operator.py
[2025-02-01T14:50:24.805+0000] {logging_mixin.py:190} INFO - [2025-02-01T14:50:24.805+0000] {dag.py:3239} INFO - Sync 1 DAGs
[2025-02-01T14:50:24.815+0000] {logging_mixin.py:190} INFO - [2025-02-01T14:50:24.815+0000] {dag.py:4180} INFO - Setting next_dagrun for example_branch_operator to 2025-01-31 00:00:00+00:00, run_after=2025-02-01 00:00:00+00:00
[2025-02-01T14:50:24.822+0000] {processor.py:208} INFO - Processing /home/airflow/.local/lib/python3.12/site-packages/airflow/example_dags/example_branch_operator.py took 0.042 seconds
[2025-02-01T14:50:55.656+0000] {processor.py:186} INFO - Started process (PID=746) to work on /home/airflow/.local/lib/python3.12/site-packages/airflow/example_dags/example_branch_operator.py
[2025-02-01T14:50:55.656+0000] {processor.py:914} INFO - Processing file /home/airflow/.local/lib/python3.12/site-packages/airflow/example_dags/example_branch_operator.py for tasks to queue
[2025-02-01T14:50:55.657+0000] {logging_mixin.py:190} INFO - [2025-02-01T14:50:55.657+0000] {dagbag.py:588} INFO - Filling up the DagBag from /home/airflow/.local/lib/python3.12/site-packages/airflow/example_dags/example_branch_operator.py
[2025-02-01T14:50:55.666+0000] {processor.py:925} INFO - DAG(s) 'example_branch_operator' retrieved from /home/airflow/.local/lib/python3.12/site-packages/airflow/example_dags/example_branch_operator.py
[2025-02-01T14:50:55.680+0000] {logging_mixin.py:190} INFO - [2025-02-01T14:50:55.680+0000] {dag.py:3239} INFO - Sync 1 DAGs
[2025-02-01T14:50:55.689+0000] {logging_mixin.py:190} INFO - [2025-02-01T14:50:55.689+0000] {dag.py:4180} INFO - Setting next_dagrun for example_branch_operator to 2025-01-31 00:00:00+00:00, run_after=2025-02-01 00:00:00+00:00
[2025-02-01T14:50:55.696+0000] {processor.py:208} INFO - Processing /home/airflow/.local/lib/python3.12/site-packages/airflow/example_dags/example_branch_operator.py took 0.043 seconds
[2025-02-01T14:51:26.910+0000] {processor.py:186} INFO - Started process (PID=812) to work on /home/airflow/.local/lib/python3.12/site-packages/airflow/example_dags/example_branch_operator.py
[2025-02-01T14:51:26.911+0000] {processor.py:914} INFO - Processing file /home/airflow/.local/lib/python3.12/site-packages/airflow/example_dags/example_branch_operator.py for tasks to queue
[2025-02-01T14:51:26.912+0000] {logging_mixin.py:190} INFO - [2025-02-01T14:51:26.912+0000] {dagbag.py:588} INFO - Filling up the DagBag from /home/airflow/.local/lib/python3.12/site-packages/airflow/example_dags/example_branch_operator.py
[2025-02-01T14:51:26.927+0000] {processor.py:925} INFO - DAG(s) 'example_branch_operator' retrieved from /home/airflow/.local/lib/python3.12/site-packages/airflow/example_dags/example_branch_operator.py
[2025-02-01T14:51:26.949+0000] {logging_mixin.py:190} INFO - [2025-02-01T14:51:26.949+0000] {dag.py:3239} INFO - Sync 1 DAGs
[2025-02-01T14:51:26.963+0000] {logging_mixin.py:190} INFO - [2025-02-01T14:51:26.963+0000] {dag.py:4180} INFO - Setting next_dagrun for example_branch_operator to 2025-01-31 00:00:00+00:00, run_after=2025-02-01 00:00:00+00:00
[2025-02-01T14:51:26.972+0000] {processor.py:208} INFO - Processing /home/airflow/.local/lib/python3.12/site-packages/airflow/example_dags/example_branch_operator.py took 0.065 seconds
[2025-02-01T14:51:58.081+0000] {processor.py:186} INFO - Started process (PID=878) to work on /home/airflow/.local/lib/python3.12/site-packages/airflow/example_dags/example_branch_operator.py
[2025-02-01T14:51:58.081+0000] {processor.py:914} INFO - Processing file /home/airflow/.local/lib/python3.12/site-packages/airflow/example_dags/example_branch_operator.py for tasks to queue
[2025-02-01T14:51:58.082+0000] {logging_mixin.py:190} INFO - [2025-02-01T14:51:58.082+0000] {dagbag.py:588} INFO - Filling up the DagBag from /home/airflow/.local/lib/python3.12/site-packages/airflow/example_dags/example_branch_operator.py
[2025-02-01T14:51:58.092+0000] {processor.py:925} INFO - DAG(s) 'example_branch_operator' retrieved from /home/airflow/.local/lib/python3.12/site-packages/airflow/example_dags/example_branch_operator.py
[2025-02-01T14:51:58.114+0000] {logging_mixin.py:190} INFO - [2025-02-01T14:51:58.114+0000] {dag.py:3239} INFO - Sync 1 DAGs
[2025-02-01T14:51:58.132+0000] {logging_mixin.py:190} INFO - [2025-02-01T14:51:58.132+0000] {dag.py:4180} INFO - Setting next_dagrun for example_branch_operator to 2025-01-31 00:00:00+00:00, run_after=2025-02-01 00:00:00+00:00
[2025-02-01T14:51:58.146+0000] {processor.py:208} INFO - Processing /home/airflow/.local/lib/python3.12/site-packages/airflow/example_dags/example_branch_operator.py took 0.069 seconds
[2025-02-01T14:52:29.926+0000] {processor.py:186} INFO - Started process (PID=945) to work on /home/airflow/.local/lib/python3.12/site-packages/airflow/example_dags/example_branch_operator.py
[2025-02-01T14:52:29.927+0000] {processor.py:914} INFO - Processing file /home/airflow/.local/lib/python3.12/site-packages/airflow/example_dags/example_branch_operator.py for tasks to queue
[2025-02-01T14:52:29.928+0000] {logging_mixin.py:190} INFO - [2025-02-01T14:52:29.928+0000] {dagbag.py:588} INFO - Filling up the DagBag from /home/airflow/.local/lib/python3.12/site-packages/airflow/example_dags/example_branch_operator.py
[2025-02-01T14:52:29.937+0000] {processor.py:925} INFO - DAG(s) 'example_branch_operator' retrieved from /home/airflow/.local/lib/python3.12/site-packages/airflow/example_dags/example_branch_operator.py
[2025-02-01T14:52:29.959+0000] {logging_mixin.py:190} INFO - [2025-02-01T14:52:29.958+0000] {dag.py:3239} INFO - Sync 1 DAGs
[2025-02-01T14:52:29.972+0000] {logging_mixin.py:190} INFO - [2025-02-01T14:52:29.972+0000] {dag.py:4180} INFO - Setting next_dagrun for example_branch_operator to 2025-01-31 00:00:00+00:00, run_after=2025-02-01 00:00:00+00:00
[2025-02-01T14:52:29.983+0000] {processor.py:208} INFO - Processing /home/airflow/.local/lib/python3.12/site-packages/airflow/example_dags/example_branch_operator.py took 0.059 seconds
[2025-02-01T14:53:00.425+0000] {processor.py:186} INFO - Started process (PID=1011) to work on /home/airflow/.local/lib/python3.12/site-packages/airflow/example_dags/example_branch_operator.py
[2025-02-01T14:53:00.425+0000] {processor.py:914} INFO - Processing file /home/airflow/.local/lib/python3.12/site-packages/airflow/example_dags/example_branch_operator.py for tasks to queue
[2025-02-01T14:53:00.426+0000] {logging_mixin.py:190} INFO - [2025-02-01T14:53:00.426+0000] {dagbag.py:588} INFO - Filling up the DagBag from /home/airflow/.local/lib/python3.12/site-packages/airflow/example_dags/example_branch_operator.py
[2025-02-01T14:53:00.436+0000] {processor.py:925} INFO - DAG(s) 'example_branch_operator' retrieved from /home/airflow/.local/lib/python3.12/site-packages/airflow/example_dags/example_branch_operator.py
[2025-02-01T14:53:00.455+0000] {logging_mixin.py:190} INFO - [2025-02-01T14:53:00.455+0000] {dag.py:3239} INFO - Sync 1 DAGs
[2025-02-01T14:53:00.466+0000] {logging_mixin.py:190} INFO - [2025-02-01T14:53:00.466+0000] {dag.py:4180} INFO - Setting next_dagrun for example_branch_operator to 2025-01-31 00:00:00+00:00, run_after=2025-02-01 00:00:00+00:00
[2025-02-01T14:53:00.475+0000] {processor.py:208} INFO - Processing /home/airflow/.local/lib/python3.12/site-packages/airflow/example_dags/example_branch_operator.py took 0.053 seconds
[2025-02-01T14:53:31.462+0000] {processor.py:186} INFO - Started process (PID=1077) to work on /home/airflow/.local/lib/python3.12/site-packages/airflow/example_dags/example_branch_operator.py
[2025-02-01T14:53:31.464+0000] {processor.py:914} INFO - Processing file /home/airflow/.local/lib/python3.12/site-packages/airflow/example_dags/example_branch_operator.py for tasks to queue
[2025-02-01T14:53:31.465+0000] {logging_mixin.py:190} INFO - [2025-02-01T14:53:31.465+0000] {dagbag.py:588} INFO - Filling up the DagBag from /home/airflow/.local/lib/python3.12/site-packages/airflow/example_dags/example_branch_operator.py
[2025-02-01T14:53:31.472+0000] {processor.py:925} INFO - DAG(s) 'example_branch_operator' retrieved from /home/airflow/.local/lib/python3.12/site-packages/airflow/example_dags/example_branch_operator.py
[2025-02-01T14:53:31.488+0000] {logging_mixin.py:190} INFO - [2025-02-01T14:53:31.488+0000] {dag.py:3239} INFO - Sync 1 DAGs
[2025-02-01T14:53:31.498+0000] {logging_mixin.py:190} INFO - [2025-02-01T14:53:31.498+0000] {dag.py:4180} INFO - Setting next_dagrun for example_branch_operator to 2025-01-31 00:00:00+00:00, run_after=2025-02-01 00:00:00+00:00
[2025-02-01T14:53:31.508+0000] {processor.py:208} INFO - Processing /home/airflow/.local/lib/python3.12/site-packages/airflow/example_dags/example_branch_operator.py took 0.048 seconds
[2025-02-01T14:54:02.405+0000] {processor.py:186} INFO - Started process (PID=1143) to work on /home/airflow/.local/lib/python3.12/site-packages/airflow/example_dags/example_branch_operator.py
[2025-02-01T14:54:02.407+0000] {processor.py:914} INFO - Processing file /home/airflow/.local/lib/python3.12/site-packages/airflow/example_dags/example_branch_operator.py for tasks to queue
[2025-02-01T14:54:02.409+0000] {logging_mixin.py:190} INFO - [2025-02-01T14:54:02.408+0000] {dagbag.py:588} INFO - Filling up the DagBag from /home/airflow/.local/lib/python3.12/site-packages/airflow/example_dags/example_branch_operator.py
[2025-02-01T14:54:02.419+0000] {processor.py:925} INFO - DAG(s) 'example_branch_operator' retrieved from /home/airflow/.local/lib/python3.12/site-packages/airflow/example_dags/example_branch_operator.py
[2025-02-01T14:54:02.438+0000] {logging_mixin.py:190} INFO - [2025-02-01T14:54:02.437+0000] {dag.py:3239} INFO - Sync 1 DAGs
[2025-02-01T14:54:02.455+0000] {logging_mixin.py:190} INFO - [2025-02-01T14:54:02.455+0000] {dag.py:4180} INFO - Setting next_dagrun for example_branch_operator to 2025-01-31 00:00:00+00:00, run_after=2025-02-01 00:00:00+00:00
[2025-02-01T14:54:02.481+0000] {processor.py:208} INFO - Processing /home/airflow/.local/lib/python3.12/site-packages/airflow/example_dags/example_branch_operator.py took 0.079 seconds
[2025-02-01T14:54:33.472+0000] {processor.py:186} INFO - Started process (PID=1209) to work on /home/airflow/.local/lib/python3.12/site-packages/airflow/example_dags/example_branch_operator.py
[2025-02-01T14:54:33.473+0000] {processor.py:914} INFO - Processing file /home/airflow/.local/lib/python3.12/site-packages/airflow/example_dags/example_branch_operator.py for tasks to queue
[2025-02-01T14:54:33.475+0000] {logging_mixin.py:190} INFO - [2025-02-01T14:54:33.475+0000] {dagbag.py:588} INFO - Filling up the DagBag from /home/airflow/.local/lib/python3.12/site-packages/airflow/example_dags/example_branch_operator.py
[2025-02-01T14:54:33.489+0000] {processor.py:925} INFO - DAG(s) 'example_branch_operator' retrieved from /home/airflow/.local/lib/python3.12/site-packages/airflow/example_dags/example_branch_operator.py
[2025-02-01T14:54:33.501+0000] {logging_mixin.py:190} INFO - [2025-02-01T14:54:33.501+0000] {dag.py:3239} INFO - Sync 1 DAGs
[2025-02-01T14:54:33.515+0000] {logging_mixin.py:190} INFO - [2025-02-01T14:54:33.514+0000] {dag.py:4180} INFO - Setting next_dagrun for example_branch_operator to 2025-01-31 00:00:00+00:00, run_after=2025-02-01 00:00:00+00:00
[2025-02-01T14:54:33.522+0000] {processor.py:208} INFO - Processing /home/airflow/.local/lib/python3.12/site-packages/airflow/example_dags/example_branch_operator.py took 0.052 seconds
[2025-02-01T14:55:04.394+0000] {processor.py:186} INFO - Started process (PID=1275) to work on /home/airflow/.local/lib/python3.12/site-packages/airflow/example_dags/example_branch_operator.py
[2025-02-01T14:55:04.397+0000] {processor.py:914} INFO - Processing file /home/airflow/.local/lib/python3.12/site-packages/airflow/example_dags/example_branch_operator.py for tasks to queue
[2025-02-01T14:55:04.398+0000] {logging_mixin.py:190} INFO - [2025-02-01T14:55:04.398+0000] {dagbag.py:588} INFO - Filling up the DagBag from /home/airflow/.local/lib/python3.12/site-packages/airflow/example_dags/example_branch_operator.py
[2025-02-01T14:55:04.406+0000] {processor.py:925} INFO - DAG(s) 'example_branch_operator' retrieved from /home/airflow/.local/lib/python3.12/site-packages/airflow/example_dags/example_branch_operator.py
[2025-02-01T14:55:04.419+0000] {logging_mixin.py:190} INFO - [2025-02-01T14:55:04.419+0000] {dag.py:3239} INFO - Sync 1 DAGs
[2025-02-01T14:55:04.429+0000] {logging_mixin.py:190} INFO - [2025-02-01T14:55:04.429+0000] {dag.py:4180} INFO - Setting next_dagrun for example_branch_operator to 2025-01-31 00:00:00+00:00, run_after=2025-02-01 00:00:00+00:00
[2025-02-01T14:55:04.438+0000] {processor.py:208} INFO - Processing /home/airflow/.local/lib/python3.12/site-packages/airflow/example_dags/example_branch_operator.py took 0.048 seconds
[2025-02-01T14:55:35.426+0000] {processor.py:186} INFO - Started process (PID=1341) to work on /home/airflow/.local/lib/python3.12/site-packages/airflow/example_dags/example_branch_operator.py
[2025-02-01T14:55:35.428+0000] {processor.py:914} INFO - Processing file /home/airflow/.local/lib/python3.12/site-packages/airflow/example_dags/example_branch_operator.py for tasks to queue
[2025-02-01T14:55:35.429+0000] {logging_mixin.py:190} INFO - [2025-02-01T14:55:35.429+0000] {dagbag.py:588} INFO - Filling up the DagBag from /home/airflow/.local/lib/python3.12/site-packages/airflow/example_dags/example_branch_operator.py
[2025-02-01T14:55:35.438+0000] {processor.py:925} INFO - DAG(s) 'example_branch_operator' retrieved from /home/airflow/.local/lib/python3.12/site-packages/airflow/example_dags/example_branch_operator.py
[2025-02-01T14:55:35.459+0000] {logging_mixin.py:190} INFO - [2025-02-01T14:55:35.459+0000] {dag.py:3239} INFO - Sync 1 DAGs
[2025-02-01T14:55:35.469+0000] {logging_mixin.py:190} INFO - [2025-02-01T14:55:35.469+0000] {dag.py:4180} INFO - Setting next_dagrun for example_branch_operator to 2025-01-31 00:00:00+00:00, run_after=2025-02-01 00:00:00+00:00
[2025-02-01T14:55:35.481+0000] {processor.py:208} INFO - Processing /home/airflow/.local/lib/python3.12/site-packages/airflow/example_dags/example_branch_operator.py took 0.057 seconds
[2025-02-01T14:56:06.393+0000] {processor.py:186} INFO - Started process (PID=1407) to work on /home/airflow/.local/lib/python3.12/site-packages/airflow/example_dags/example_branch_operator.py
[2025-02-01T14:56:06.394+0000] {processor.py:914} INFO - Processing file /home/airflow/.local/lib/python3.12/site-packages/airflow/example_dags/example_branch_operator.py for tasks to queue
[2025-02-01T14:56:06.395+0000] {logging_mixin.py:190} INFO - [2025-02-01T14:56:06.395+0000] {dagbag.py:588} INFO - Filling up the DagBag from /home/airflow/.local/lib/python3.12/site-packages/airflow/example_dags/example_branch_operator.py
[2025-02-01T14:56:06.404+0000] {processor.py:925} INFO - DAG(s) 'example_branch_operator' retrieved from /home/airflow/.local/lib/python3.12/site-packages/airflow/example_dags/example_branch_operator.py
[2025-02-01T14:56:06.419+0000] {logging_mixin.py:190} INFO - [2025-02-01T14:56:06.419+0000] {dag.py:3239} INFO - Sync 1 DAGs
[2025-02-01T14:56:06.437+0000] {logging_mixin.py:190} INFO - [2025-02-01T14:56:06.437+0000] {dag.py:4180} INFO - Setting next_dagrun for example_branch_operator to 2025-01-31 00:00:00+00:00, run_after=2025-02-01 00:00:00+00:00
[2025-02-01T14:56:06.451+0000] {processor.py:208} INFO - Processing /home/airflow/.local/lib/python3.12/site-packages/airflow/example_dags/example_branch_operator.py took 0.061 seconds
[2025-02-01T14:56:37.481+0000] {processor.py:186} INFO - Started process (PID=1473) to work on /home/airflow/.local/lib/python3.12/site-packages/airflow/example_dags/example_branch_operator.py
[2025-02-01T14:56:37.482+0000] {processor.py:914} INFO - Processing file /home/airflow/.local/lib/python3.12/site-packages/airflow/example_dags/example_branch_operator.py for tasks to queue
[2025-02-01T14:56:37.483+0000] {logging_mixin.py:190} INFO - [2025-02-01T14:56:37.483+0000] {dagbag.py:588} INFO - Filling up the DagBag from /home/airflow/.local/lib/python3.12/site-packages/airflow/example_dags/example_branch_operator.py
[2025-02-01T14:56:37.491+0000] {processor.py:925} INFO - DAG(s) 'example_branch_operator' retrieved from /home/airflow/.local/lib/python3.12/site-packages/airflow/example_dags/example_branch_operator.py
[2025-02-01T14:56:37.507+0000] {logging_mixin.py:190} INFO - [2025-02-01T14:56:37.507+0000] {dag.py:3239} INFO - Sync 1 DAGs
[2025-02-01T14:56:37.518+0000] {logging_mixin.py:190} INFO - [2025-02-01T14:56:37.518+0000] {dag.py:4180} INFO - Setting next_dagrun for example_branch_operator to 2025-01-31 00:00:00+00:00, run_after=2025-02-01 00:00:00+00:00
[2025-02-01T14:56:37.525+0000] {processor.py:208} INFO - Processing /home/airflow/.local/lib/python3.12/site-packages/airflow/example_dags/example_branch_operator.py took 0.047 seconds
[2025-02-01T14:57:08.550+0000] {processor.py:186} INFO - Started process (PID=1539) to work on /home/airflow/.local/lib/python3.12/site-packages/airflow/example_dags/example_branch_operator.py
[2025-02-01T14:57:08.551+0000] {processor.py:914} INFO - Processing file /home/airflow/.local/lib/python3.12/site-packages/airflow/example_dags/example_branch_operator.py for tasks to queue
[2025-02-01T14:57:08.555+0000] {logging_mixin.py:190} INFO - [2025-02-01T14:57:08.555+0000] {dagbag.py:588} INFO - Filling up the DagBag from /home/airflow/.local/lib/python3.12/site-packages/airflow/example_dags/example_branch_operator.py
[2025-02-01T14:57:08.566+0000] {processor.py:925} INFO - DAG(s) 'example_branch_operator' retrieved from /home/airflow/.local/lib/python3.12/site-packages/airflow/example_dags/example_branch_operator.py
[2025-02-01T14:57:08.582+0000] {logging_mixin.py:190} INFO - [2025-02-01T14:57:08.582+0000] {dag.py:3239} INFO - Sync 1 DAGs
[2025-02-01T14:57:08.593+0000] {logging_mixin.py:190} INFO - [2025-02-01T14:57:08.592+0000] {dag.py:4180} INFO - Setting next_dagrun for example_branch_operator to 2025-01-31 00:00:00+00:00, run_after=2025-02-01 00:00:00+00:00
[2025-02-01T14:57:08.599+0000] {processor.py:208} INFO - Processing /home/airflow/.local/lib/python3.12/site-packages/airflow/example_dags/example_branch_operator.py took 0.052 seconds
[2025-02-01T14:57:39.602+0000] {processor.py:186} INFO - Started process (PID=1605) to work on /home/airflow/.local/lib/python3.12/site-packages/airflow/example_dags/example_branch_operator.py
[2025-02-01T14:57:39.602+0000] {processor.py:914} INFO - Processing file /home/airflow/.local/lib/python3.12/site-packages/airflow/example_dags/example_branch_operator.py for tasks to queue
[2025-02-01T14:57:39.605+0000] {logging_mixin.py:190} INFO - [2025-02-01T14:57:39.605+0000] {dagbag.py:588} INFO - Filling up the DagBag from /home/airflow/.local/lib/python3.12/site-packages/airflow/example_dags/example_branch_operator.py
[2025-02-01T14:57:39.615+0000] {processor.py:925} INFO - DAG(s) 'example_branch_operator' retrieved from /home/airflow/.local/lib/python3.12/site-packages/airflow/example_dags/example_branch_operator.py
[2025-02-01T14:57:39.626+0000] {logging_mixin.py:190} INFO - [2025-02-01T14:57:39.626+0000] {dag.py:3239} INFO - Sync 1 DAGs
[2025-02-01T14:57:39.638+0000] {logging_mixin.py:190} INFO - [2025-02-01T14:57:39.638+0000] {dag.py:4180} INFO - Setting next_dagrun for example_branch_operator to 2025-01-31 00:00:00+00:00, run_after=2025-02-01 00:00:00+00:00
[2025-02-01T14:57:39.654+0000] {processor.py:208} INFO - Processing /home/airflow/.local/lib/python3.12/site-packages/airflow/example_dags/example_branch_operator.py took 0.055 seconds
[2025-02-01T14:58:10.510+0000] {processor.py:186} INFO - Started process (PID=1671) to work on /home/airflow/.local/lib/python3.12/site-packages/airflow/example_dags/example_branch_operator.py
[2025-02-01T14:58:10.511+0000] {processor.py:914} INFO - Processing file /home/airflow/.local/lib/python3.12/site-packages/airflow/example_dags/example_branch_operator.py for tasks to queue
[2025-02-01T14:58:10.514+0000] {logging_mixin.py:190} INFO - [2025-02-01T14:58:10.513+0000] {dagbag.py:588} INFO - Filling up the DagBag from /home/airflow/.local/lib/python3.12/site-packages/airflow/example_dags/example_branch_operator.py
[2025-02-01T14:58:10.523+0000] {processor.py:925} INFO - DAG(s) 'example_branch_operator' retrieved from /home/airflow/.local/lib/python3.12/site-packages/airflow/example_dags/example_branch_operator.py
[2025-02-01T14:58:10.536+0000] {logging_mixin.py:190} INFO - [2025-02-01T14:58:10.536+0000] {dag.py:3239} INFO - Sync 1 DAGs
[2025-02-01T14:58:10.547+0000] {logging_mixin.py:190} INFO - [2025-02-01T14:58:10.547+0000] {dag.py:4180} INFO - Setting next_dagrun for example_branch_operator to 2025-01-31 00:00:00+00:00, run_after=2025-02-01 00:00:00+00:00
[2025-02-01T14:58:10.553+0000] {processor.py:208} INFO - Processing /home/airflow/.local/lib/python3.12/site-packages/airflow/example_dags/example_branch_operator.py took 0.046 seconds
[2025-02-01T14:58:41.250+0000] {processor.py:186} INFO - Started process (PID=1737) to work on /home/airflow/.local/lib/python3.12/site-packages/airflow/example_dags/example_branch_operator.py
[2025-02-01T14:58:41.251+0000] {processor.py:914} INFO - Processing file /home/airflow/.local/lib/python3.12/site-packages/airflow/example_dags/example_branch_operator.py for tasks to queue
[2025-02-01T14:58:41.252+0000] {logging_mixin.py:190} INFO - [2025-02-01T14:58:41.252+0000] {dagbag.py:588} INFO - Filling up the DagBag from /home/airflow/.local/lib/python3.12/site-packages/airflow/example_dags/example_branch_operator.py
[2025-02-01T14:58:41.259+0000] {processor.py:925} INFO - DAG(s) 'example_branch_operator' retrieved from /home/airflow/.local/lib/python3.12/site-packages/airflow/example_dags/example_branch_operator.py
[2025-02-01T14:58:41.278+0000] {logging_mixin.py:190} INFO - [2025-02-01T14:58:41.278+0000] {dag.py:3239} INFO - Sync 1 DAGs
[2025-02-01T14:58:41.288+0000] {logging_mixin.py:190} INFO - [2025-02-01T14:58:41.288+0000] {dag.py:4180} INFO - Setting next_dagrun for example_branch_operator to 2025-01-31 00:00:00+00:00, run_after=2025-02-01 00:00:00+00:00
[2025-02-01T14:58:41.302+0000] {processor.py:208} INFO - Processing /home/airflow/.local/lib/python3.12/site-packages/airflow/example_dags/example_branch_operator.py took 0.054 seconds
[2025-02-01T14:59:12.158+0000] {processor.py:186} INFO - Started process (PID=1803) to work on /home/airflow/.local/lib/python3.12/site-packages/airflow/example_dags/example_branch_operator.py
[2025-02-01T14:59:12.159+0000] {processor.py:914} INFO - Processing file /home/airflow/.local/lib/python3.12/site-packages/airflow/example_dags/example_branch_operator.py for tasks to queue
[2025-02-01T14:59:12.163+0000] {logging_mixin.py:190} INFO - [2025-02-01T14:59:12.163+0000] {dagbag.py:588} INFO - Filling up the DagBag from /home/airflow/.local/lib/python3.12/site-packages/airflow/example_dags/example_branch_operator.py
[2025-02-01T14:59:12.172+0000] {processor.py:925} INFO - DAG(s) 'example_branch_operator' retrieved from /home/airflow/.local/lib/python3.12/site-packages/airflow/example_dags/example_branch_operator.py
[2025-02-01T14:59:12.194+0000] {logging_mixin.py:190} INFO - [2025-02-01T14:59:12.194+0000] {dag.py:3239} INFO - Sync 1 DAGs
[2025-02-01T14:59:12.205+0000] {logging_mixin.py:190} INFO - [2025-02-01T14:59:12.205+0000] {dag.py:4180} INFO - Setting next_dagrun for example_branch_operator to 2025-01-31 00:00:00+00:00, run_after=2025-02-01 00:00:00+00:00
[2025-02-01T14:59:12.214+0000] {processor.py:208} INFO - Processing /home/airflow/.local/lib/python3.12/site-packages/airflow/example_dags/example_branch_operator.py took 0.058 seconds
[2025-02-01T14:59:43.340+0000] {processor.py:186} INFO - Started process (PID=1869) to work on /home/airflow/.local/lib/python3.12/site-packages/airflow/example_dags/example_branch_operator.py
[2025-02-01T14:59:43.341+0000] {processor.py:914} INFO - Processing file /home/airflow/.local/lib/python3.12/site-packages/airflow/example_dags/example_branch_operator.py for tasks to queue
[2025-02-01T14:59:43.343+0000] {logging_mixin.py:190} INFO - [2025-02-01T14:59:43.343+0000] {dagbag.py:588} INFO - Filling up the DagBag from /home/airflow/.local/lib/python3.12/site-packages/airflow/example_dags/example_branch_operator.py
[2025-02-01T14:59:43.351+0000] {processor.py:925} INFO - DAG(s) 'example_branch_operator' retrieved from /home/airflow/.local/lib/python3.12/site-packages/airflow/example_dags/example_branch_operator.py
[2025-02-01T14:59:43.363+0000] {logging_mixin.py:190} INFO - [2025-02-01T14:59:43.363+0000] {dag.py:3239} INFO - Sync 1 DAGs
[2025-02-01T14:59:43.377+0000] {logging_mixin.py:190} INFO - [2025-02-01T14:59:43.377+0000] {dag.py:4180} INFO - Setting next_dagrun for example_branch_operator to 2025-01-31 00:00:00+00:00, run_after=2025-02-01 00:00:00+00:00
[2025-02-01T14:59:43.387+0000] {processor.py:208} INFO - Processing /home/airflow/.local/lib/python3.12/site-packages/airflow/example_dags/example_branch_operator.py took 0.051 seconds
[2025-02-01T15:00:14.693+0000] {processor.py:186} INFO - Started process (PID=1935) to work on /home/airflow/.local/lib/python3.12/site-packages/airflow/example_dags/example_branch_operator.py
[2025-02-01T15:00:14.698+0000] {processor.py:914} INFO - Processing file /home/airflow/.local/lib/python3.12/site-packages/airflow/example_dags/example_branch_operator.py for tasks to queue
[2025-02-01T15:00:14.701+0000] {logging_mixin.py:190} INFO - [2025-02-01T15:00:14.701+0000] {dagbag.py:588} INFO - Filling up the DagBag from /home/airflow/.local/lib/python3.12/site-packages/airflow/example_dags/example_branch_operator.py
[2025-02-01T15:00:14.711+0000] {processor.py:925} INFO - DAG(s) 'example_branch_operator' retrieved from /home/airflow/.local/lib/python3.12/site-packages/airflow/example_dags/example_branch_operator.py
[2025-02-01T15:00:14.729+0000] {logging_mixin.py:190} INFO - [2025-02-01T15:00:14.729+0000] {dag.py:3239} INFO - Sync 1 DAGs
[2025-02-01T15:00:14.741+0000] {logging_mixin.py:190} INFO - [2025-02-01T15:00:14.741+0000] {dag.py:4180} INFO - Setting next_dagrun for example_branch_operator to 2025-01-31 00:00:00+00:00, run_after=2025-02-01 00:00:00+00:00
[2025-02-01T15:00:14.757+0000] {processor.py:208} INFO - Processing /home/airflow/.local/lib/python3.12/site-packages/airflow/example_dags/example_branch_operator.py took 0.067 seconds
[2025-02-01T15:00:46.024+0000] {processor.py:186} INFO - Started process (PID=2001) to work on /home/airflow/.local/lib/python3.12/site-packages/airflow/example_dags/example_branch_operator.py
[2025-02-01T15:00:46.025+0000] {processor.py:914} INFO - Processing file /home/airflow/.local/lib/python3.12/site-packages/airflow/example_dags/example_branch_operator.py for tasks to queue
[2025-02-01T15:00:46.026+0000] {logging_mixin.py:190} INFO - [2025-02-01T15:00:46.026+0000] {dagbag.py:588} INFO - Filling up the DagBag from /home/airflow/.local/lib/python3.12/site-packages/airflow/example_dags/example_branch_operator.py
[2025-02-01T15:00:46.038+0000] {processor.py:925} INFO - DAG(s) 'example_branch_operator' retrieved from /home/airflow/.local/lib/python3.12/site-packages/airflow/example_dags/example_branch_operator.py
[2025-02-01T15:00:46.053+0000] {logging_mixin.py:190} INFO - [2025-02-01T15:00:46.053+0000] {dag.py:3239} INFO - Sync 1 DAGs
[2025-02-01T15:00:46.065+0000] {logging_mixin.py:190} INFO - [2025-02-01T15:00:46.065+0000] {dag.py:4180} INFO - Setting next_dagrun for example_branch_operator to 2025-01-31 00:00:00+00:00, run_after=2025-02-01 00:00:00+00:00
[2025-02-01T15:00:46.075+0000] {processor.py:208} INFO - Processing /home/airflow/.local/lib/python3.12/site-packages/airflow/example_dags/example_branch_operator.py took 0.054 seconds
[2025-02-01T15:01:17.480+0000] {processor.py:186} INFO - Started process (PID=2067) to work on /home/airflow/.local/lib/python3.12/site-packages/airflow/example_dags/example_branch_operator.py
[2025-02-01T15:01:17.483+0000] {processor.py:914} INFO - Processing file /home/airflow/.local/lib/python3.12/site-packages/airflow/example_dags/example_branch_operator.py for tasks to queue
[2025-02-01T15:01:17.485+0000] {logging_mixin.py:190} INFO - [2025-02-01T15:01:17.485+0000] {dagbag.py:588} INFO - Filling up the DagBag from /home/airflow/.local/lib/python3.12/site-packages/airflow/example_dags/example_branch_operator.py
[2025-02-01T15:01:17.496+0000] {processor.py:925} INFO - DAG(s) 'example_branch_operator' retrieved from /home/airflow/.local/lib/python3.12/site-packages/airflow/example_dags/example_branch_operator.py
[2025-02-01T15:01:17.512+0000] {logging_mixin.py:190} INFO - [2025-02-01T15:01:17.512+0000] {dag.py:3239} INFO - Sync 1 DAGs
[2025-02-01T15:01:17.526+0000] {logging_mixin.py:190} INFO - [2025-02-01T15:01:17.526+0000] {dag.py:4180} INFO - Setting next_dagrun for example_branch_operator to 2025-01-31 00:00:00+00:00, run_after=2025-02-01 00:00:00+00:00
[2025-02-01T15:01:17.535+0000] {processor.py:208} INFO - Processing /home/airflow/.local/lib/python3.12/site-packages/airflow/example_dags/example_branch_operator.py took 0.059 seconds
[2025-02-01T15:01:48.647+0000] {processor.py:186} INFO - Started process (PID=2139) to work on /home/airflow/.local/lib/python3.12/site-packages/airflow/example_dags/example_branch_operator.py
[2025-02-01T15:01:48.648+0000] {processor.py:914} INFO - Processing file /home/airflow/.local/lib/python3.12/site-packages/airflow/example_dags/example_branch_operator.py for tasks to queue
[2025-02-01T15:01:48.649+0000] {logging_mixin.py:190} INFO - [2025-02-01T15:01:48.649+0000] {dagbag.py:588} INFO - Filling up the DagBag from /home/airflow/.local/lib/python3.12/site-packages/airflow/example_dags/example_branch_operator.py
[2025-02-01T15:01:48.658+0000] {processor.py:925} INFO - DAG(s) 'example_branch_operator' retrieved from /home/airflow/.local/lib/python3.12/site-packages/airflow/example_dags/example_branch_operator.py
[2025-02-01T15:01:48.673+0000] {logging_mixin.py:190} INFO - [2025-02-01T15:01:48.673+0000] {dag.py:3239} INFO - Sync 1 DAGs
[2025-02-01T15:01:48.693+0000] {logging_mixin.py:190} INFO - [2025-02-01T15:01:48.693+0000] {dag.py:4180} INFO - Setting next_dagrun for example_branch_operator to 2025-01-31 00:00:00+00:00, run_after=2025-02-01 00:00:00+00:00
[2025-02-01T15:01:48.705+0000] {processor.py:208} INFO - Processing /home/airflow/.local/lib/python3.12/site-packages/airflow/example_dags/example_branch_operator.py took 0.061 seconds
[2025-02-01T15:02:19.351+0000] {processor.py:186} INFO - Started process (PID=2205) to work on /home/airflow/.local/lib/python3.12/site-packages/airflow/example_dags/example_branch_operator.py
[2025-02-01T15:02:19.352+0000] {processor.py:914} INFO - Processing file /home/airflow/.local/lib/python3.12/site-packages/airflow/example_dags/example_branch_operator.py for tasks to queue
[2025-02-01T15:02:19.353+0000] {logging_mixin.py:190} INFO - [2025-02-01T15:02:19.353+0000] {dagbag.py:588} INFO - Filling up the DagBag from /home/airflow/.local/lib/python3.12/site-packages/airflow/example_dags/example_branch_operator.py
[2025-02-01T15:02:19.364+0000] {processor.py:925} INFO - DAG(s) 'example_branch_operator' retrieved from /home/airflow/.local/lib/python3.12/site-packages/airflow/example_dags/example_branch_operator.py
[2025-02-01T15:02:19.384+0000] {logging_mixin.py:190} INFO - [2025-02-01T15:02:19.384+0000] {dag.py:3239} INFO - Sync 1 DAGs
[2025-02-01T15:02:19.395+0000] {logging_mixin.py:190} INFO - [2025-02-01T15:02:19.395+0000] {dag.py:4180} INFO - Setting next_dagrun for example_branch_operator to 2025-01-31 00:00:00+00:00, run_after=2025-02-01 00:00:00+00:00
[2025-02-01T15:02:19.405+0000] {processor.py:208} INFO - Processing /home/airflow/.local/lib/python3.12/site-packages/airflow/example_dags/example_branch_operator.py took 0.058 seconds
[2025-02-01T15:02:50.431+0000] {processor.py:186} INFO - Started process (PID=2271) to work on /home/airflow/.local/lib/python3.12/site-packages/airflow/example_dags/example_branch_operator.py
[2025-02-01T15:02:50.431+0000] {processor.py:914} INFO - Processing file /home/airflow/.local/lib/python3.12/site-packages/airflow/example_dags/example_branch_operator.py for tasks to queue
[2025-02-01T15:02:50.432+0000] {logging_mixin.py:190} INFO - [2025-02-01T15:02:50.432+0000] {dagbag.py:588} INFO - Filling up the DagBag from /home/airflow/.local/lib/python3.12/site-packages/airflow/example_dags/example_branch_operator.py
[2025-02-01T15:02:50.440+0000] {processor.py:925} INFO - DAG(s) 'example_branch_operator' retrieved from /home/airflow/.local/lib/python3.12/site-packages/airflow/example_dags/example_branch_operator.py
[2025-02-01T15:02:50.453+0000] {logging_mixin.py:190} INFO - [2025-02-01T15:02:50.453+0000] {dag.py:3239} INFO - Sync 1 DAGs
[2025-02-01T15:02:50.464+0000] {logging_mixin.py:190} INFO - [2025-02-01T15:02:50.464+0000] {dag.py:4180} INFO - Setting next_dagrun for example_branch_operator to 2025-01-31 00:00:00+00:00, run_after=2025-02-01 00:00:00+00:00
[2025-02-01T15:02:50.475+0000] {processor.py:208} INFO - Processing /home/airflow/.local/lib/python3.12/site-packages/airflow/example_dags/example_branch_operator.py took 0.048 seconds
[2025-02-01T15:03:21.625+0000] {processor.py:186} INFO - Started process (PID=2337) to work on /home/airflow/.local/lib/python3.12/site-packages/airflow/example_dags/example_branch_operator.py
[2025-02-01T15:03:21.630+0000] {processor.py:914} INFO - Processing file /home/airflow/.local/lib/python3.12/site-packages/airflow/example_dags/example_branch_operator.py for tasks to queue
[2025-02-01T15:03:21.631+0000] {logging_mixin.py:190} INFO - [2025-02-01T15:03:21.630+0000] {dagbag.py:588} INFO - Filling up the DagBag from /home/airflow/.local/lib/python3.12/site-packages/airflow/example_dags/example_branch_operator.py
[2025-02-01T15:03:21.640+0000] {processor.py:925} INFO - DAG(s) 'example_branch_operator' retrieved from /home/airflow/.local/lib/python3.12/site-packages/airflow/example_dags/example_branch_operator.py
[2025-02-01T15:03:21.657+0000] {logging_mixin.py:190} INFO - [2025-02-01T15:03:21.657+0000] {dag.py:3239} INFO - Sync 1 DAGs
[2025-02-01T15:03:21.668+0000] {logging_mixin.py:190} INFO - [2025-02-01T15:03:21.668+0000] {dag.py:4180} INFO - Setting next_dagrun for example_branch_operator to 2025-01-31 00:00:00+00:00, run_after=2025-02-01 00:00:00+00:00
[2025-02-01T15:03:21.676+0000] {processor.py:208} INFO - Processing /home/airflow/.local/lib/python3.12/site-packages/airflow/example_dags/example_branch_operator.py took 0.055 seconds
[2025-02-01T15:03:52.695+0000] {processor.py:186} INFO - Started process (PID=2404) to work on /home/airflow/.local/lib/python3.12/site-packages/airflow/example_dags/example_branch_operator.py
[2025-02-01T15:03:52.696+0000] {processor.py:914} INFO - Processing file /home/airflow/.local/lib/python3.12/site-packages/airflow/example_dags/example_branch_operator.py for tasks to queue
[2025-02-01T15:03:52.701+0000] {logging_mixin.py:190} INFO - [2025-02-01T15:03:52.699+0000] {dagbag.py:588} INFO - Filling up the DagBag from /home/airflow/.local/lib/python3.12/site-packages/airflow/example_dags/example_branch_operator.py
[2025-02-01T15:03:52.714+0000] {processor.py:925} INFO - DAG(s) 'example_branch_operator' retrieved from /home/airflow/.local/lib/python3.12/site-packages/airflow/example_dags/example_branch_operator.py
[2025-02-01T15:03:52.732+0000] {logging_mixin.py:190} INFO - [2025-02-01T15:03:52.732+0000] {dag.py:3239} INFO - Sync 1 DAGs
[2025-02-01T15:03:52.750+0000] {logging_mixin.py:190} INFO - [2025-02-01T15:03:52.749+0000] {dag.py:4180} INFO - Setting next_dagrun for example_branch_operator to 2025-01-31 00:00:00+00:00, run_after=2025-02-01 00:00:00+00:00
[2025-02-01T15:03:52.771+0000] {processor.py:208} INFO - Processing /home/airflow/.local/lib/python3.12/site-packages/airflow/example_dags/example_branch_operator.py took 0.080 seconds
[2025-02-01T15:04:24.061+0000] {processor.py:186} INFO - Started process (PID=2470) to work on /home/airflow/.local/lib/python3.12/site-packages/airflow/example_dags/example_branch_operator.py
[2025-02-01T15:04:24.062+0000] {processor.py:914} INFO - Processing file /home/airflow/.local/lib/python3.12/site-packages/airflow/example_dags/example_branch_operator.py for tasks to queue
[2025-02-01T15:04:24.063+0000] {logging_mixin.py:190} INFO - [2025-02-01T15:04:24.063+0000] {dagbag.py:588} INFO - Filling up the DagBag from /home/airflow/.local/lib/python3.12/site-packages/airflow/example_dags/example_branch_operator.py
[2025-02-01T15:04:24.073+0000] {processor.py:925} INFO - DAG(s) 'example_branch_operator' retrieved from /home/airflow/.local/lib/python3.12/site-packages/airflow/example_dags/example_branch_operator.py
[2025-02-01T15:04:24.088+0000] {logging_mixin.py:190} INFO - [2025-02-01T15:04:24.088+0000] {dag.py:3239} INFO - Sync 1 DAGs
[2025-02-01T15:04:24.097+0000] {logging_mixin.py:190} INFO - [2025-02-01T15:04:24.097+0000] {dag.py:4180} INFO - Setting next_dagrun for example_branch_operator to 2025-01-31 00:00:00+00:00, run_after=2025-02-01 00:00:00+00:00
[2025-02-01T15:04:24.109+0000] {processor.py:208} INFO - Processing /home/airflow/.local/lib/python3.12/site-packages/airflow/example_dags/example_branch_operator.py took 0.051 seconds
[2025-02-01T15:04:55.310+0000] {processor.py:186} INFO - Started process (PID=2536) to work on /home/airflow/.local/lib/python3.12/site-packages/airflow/example_dags/example_branch_operator.py
[2025-02-01T15:04:55.310+0000] {processor.py:914} INFO - Processing file /home/airflow/.local/lib/python3.12/site-packages/airflow/example_dags/example_branch_operator.py for tasks to queue
[2025-02-01T15:04:55.311+0000] {logging_mixin.py:190} INFO - [2025-02-01T15:04:55.311+0000] {dagbag.py:588} INFO - Filling up the DagBag from /home/airflow/.local/lib/python3.12/site-packages/airflow/example_dags/example_branch_operator.py
[2025-02-01T15:04:55.322+0000] {processor.py:925} INFO - DAG(s) 'example_branch_operator' retrieved from /home/airflow/.local/lib/python3.12/site-packages/airflow/example_dags/example_branch_operator.py
[2025-02-01T15:04:55.339+0000] {logging_mixin.py:190} INFO - [2025-02-01T15:04:55.339+0000] {dag.py:3239} INFO - Sync 1 DAGs
[2025-02-01T15:04:55.350+0000] {logging_mixin.py:190} INFO - [2025-02-01T15:04:55.349+0000] {dag.py:4180} INFO - Setting next_dagrun for example_branch_operator to 2025-01-31 00:00:00+00:00, run_after=2025-02-01 00:00:00+00:00
[2025-02-01T15:04:55.359+0000] {processor.py:208} INFO - Processing /home/airflow/.local/lib/python3.12/site-packages/airflow/example_dags/example_branch_operator.py took 0.052 seconds
[2025-02-01T15:05:26.036+0000] {processor.py:186} INFO - Started process (PID=2602) to work on /home/airflow/.local/lib/python3.12/site-packages/airflow/example_dags/example_branch_operator.py
[2025-02-01T15:05:26.038+0000] {processor.py:914} INFO - Processing file /home/airflow/.local/lib/python3.12/site-packages/airflow/example_dags/example_branch_operator.py for tasks to queue
[2025-02-01T15:05:26.039+0000] {logging_mixin.py:190} INFO - [2025-02-01T15:05:26.039+0000] {dagbag.py:588} INFO - Filling up the DagBag from /home/airflow/.local/lib/python3.12/site-packages/airflow/example_dags/example_branch_operator.py
[2025-02-01T15:05:26.047+0000] {processor.py:925} INFO - DAG(s) 'example_branch_operator' retrieved from /home/airflow/.local/lib/python3.12/site-packages/airflow/example_dags/example_branch_operator.py
[2025-02-01T15:05:26.062+0000] {logging_mixin.py:190} INFO - [2025-02-01T15:05:26.062+0000] {dag.py:3239} INFO - Sync 1 DAGs
[2025-02-01T15:05:26.073+0000] {logging_mixin.py:190} INFO - [2025-02-01T15:05:26.073+0000] {dag.py:4180} INFO - Setting next_dagrun for example_branch_operator to 2025-01-31 00:00:00+00:00, run_after=2025-02-01 00:00:00+00:00
[2025-02-01T15:05:26.082+0000] {processor.py:208} INFO - Processing /home/airflow/.local/lib/python3.12/site-packages/airflow/example_dags/example_branch_operator.py took 0.049 seconds
[2025-02-01T15:05:57.363+0000] {processor.py:186} INFO - Started process (PID=2668) to work on /home/airflow/.local/lib/python3.12/site-packages/airflow/example_dags/example_branch_operator.py
[2025-02-01T15:05:57.364+0000] {processor.py:914} INFO - Processing file /home/airflow/.local/lib/python3.12/site-packages/airflow/example_dags/example_branch_operator.py for tasks to queue
[2025-02-01T15:05:57.366+0000] {logging_mixin.py:190} INFO - [2025-02-01T15:05:57.366+0000] {dagbag.py:588} INFO - Filling up the DagBag from /home/airflow/.local/lib/python3.12/site-packages/airflow/example_dags/example_branch_operator.py
[2025-02-01T15:05:57.384+0000] {processor.py:925} INFO - DAG(s) 'example_branch_operator' retrieved from /home/airflow/.local/lib/python3.12/site-packages/airflow/example_dags/example_branch_operator.py
[2025-02-01T15:05:57.413+0000] {logging_mixin.py:190} INFO - [2025-02-01T15:05:57.413+0000] {dag.py:3239} INFO - Sync 1 DAGs
[2025-02-01T15:05:57.425+0000] {logging_mixin.py:190} INFO - [2025-02-01T15:05:57.425+0000] {dag.py:4180} INFO - Setting next_dagrun for example_branch_operator to 2025-01-31 00:00:00+00:00, run_after=2025-02-01 00:00:00+00:00
[2025-02-01T15:05:57.437+0000] {processor.py:208} INFO - Processing /home/airflow/.local/lib/python3.12/site-packages/airflow/example_dags/example_branch_operator.py took 0.081 seconds
[2025-02-01T15:06:28.514+0000] {processor.py:186} INFO - Started process (PID=2734) to work on /home/airflow/.local/lib/python3.12/site-packages/airflow/example_dags/example_branch_operator.py
[2025-02-01T15:06:28.518+0000] {processor.py:914} INFO - Processing file /home/airflow/.local/lib/python3.12/site-packages/airflow/example_dags/example_branch_operator.py for tasks to queue
[2025-02-01T15:06:28.520+0000] {logging_mixin.py:190} INFO - [2025-02-01T15:06:28.520+0000] {dagbag.py:588} INFO - Filling up the DagBag from /home/airflow/.local/lib/python3.12/site-packages/airflow/example_dags/example_branch_operator.py
[2025-02-01T15:06:28.527+0000] {processor.py:925} INFO - DAG(s) 'example_branch_operator' retrieved from /home/airflow/.local/lib/python3.12/site-packages/airflow/example_dags/example_branch_operator.py
[2025-02-01T15:06:28.537+0000] {logging_mixin.py:190} INFO - [2025-02-01T15:06:28.537+0000] {dag.py:3239} INFO - Sync 1 DAGs
[2025-02-01T15:06:28.545+0000] {logging_mixin.py:190} INFO - [2025-02-01T15:06:28.545+0000] {dag.py:4180} INFO - Setting next_dagrun for example_branch_operator to 2025-01-31 00:00:00+00:00, run_after=2025-02-01 00:00:00+00:00
[2025-02-01T15:06:28.554+0000] {processor.py:208} INFO - Processing /home/airflow/.local/lib/python3.12/site-packages/airflow/example_dags/example_branch_operator.py took 0.041 seconds
