[2025-02-01T13:35:17.324+0000] {processor.py:186} INFO - Started process (PID=106) to work on /home/airflow/.local/lib/python3.12/site-packages/airflow/example_dags/tutorial_objectstorage.py
[2025-02-01T13:35:17.325+0000] {processor.py:914} INFO - Processing file /home/airflow/.local/lib/python3.12/site-packages/airflow/example_dags/tutorial_objectstorage.py for tasks to queue
[2025-02-01T13:35:17.327+0000] {logging_mixin.py:190} INFO - [2025-02-01T13:35:17.327+0000] {dagbag.py:588} INFO - Filling up the DagBag from /home/airflow/.local/lib/python3.12/site-packages/airflow/example_dags/tutorial_objectstorage.py
[2025-02-01T13:35:17.344+0000] {processor.py:925} INFO - DAG(s) 'tutorial_objectstorage' retrieved from /home/airflow/.local/lib/python3.12/site-packages/airflow/example_dags/tutorial_objectstorage.py
[2025-02-01T13:35:17.374+0000] {logging_mixin.py:190} INFO - [2025-02-01T13:35:17.374+0000] {dag.py:3239} INFO - Sync 1 DAGs
[2025-02-01T13:35:17.387+0000] {logging_mixin.py:190} INFO - [2025-02-01T13:35:17.387+0000] {dag.py:4180} INFO - Setting next_dagrun for tutorial_objectstorage to None, run_after=None
[2025-02-01T13:35:17.413+0000] {processor.py:208} INFO - Processing /home/airflow/.local/lib/python3.12/site-packages/airflow/example_dags/tutorial_objectstorage.py took 0.092 seconds
[2025-02-01T13:35:47.640+0000] {processor.py:186} INFO - Started process (PID=172) to work on /home/airflow/.local/lib/python3.12/site-packages/airflow/example_dags/tutorial_objectstorage.py
[2025-02-01T13:35:47.640+0000] {processor.py:914} INFO - Processing file /home/airflow/.local/lib/python3.12/site-packages/airflow/example_dags/tutorial_objectstorage.py for tasks to queue
[2025-02-01T13:35:47.641+0000] {logging_mixin.py:190} INFO - [2025-02-01T13:35:47.641+0000] {dagbag.py:588} INFO - Filling up the DagBag from /home/airflow/.local/lib/python3.12/site-packages/airflow/example_dags/tutorial_objectstorage.py
[2025-02-01T13:35:47.659+0000] {processor.py:925} INFO - DAG(s) 'tutorial_objectstorage' retrieved from /home/airflow/.local/lib/python3.12/site-packages/airflow/example_dags/tutorial_objectstorage.py
[2025-02-01T13:35:47.671+0000] {logging_mixin.py:190} INFO - [2025-02-01T13:35:47.671+0000] {dag.py:3239} INFO - Sync 1 DAGs
[2025-02-01T13:35:47.682+0000] {logging_mixin.py:190} INFO - [2025-02-01T13:35:47.682+0000] {dag.py:4180} INFO - Setting next_dagrun for tutorial_objectstorage to None, run_after=None
[2025-02-01T13:35:47.695+0000] {processor.py:208} INFO - Processing /home/airflow/.local/lib/python3.12/site-packages/airflow/example_dags/tutorial_objectstorage.py took 0.058 seconds
[2025-02-01T13:36:18.510+0000] {processor.py:186} INFO - Started process (PID=238) to work on /home/airflow/.local/lib/python3.12/site-packages/airflow/example_dags/tutorial_objectstorage.py
[2025-02-01T13:36:18.511+0000] {processor.py:914} INFO - Processing file /home/airflow/.local/lib/python3.12/site-packages/airflow/example_dags/tutorial_objectstorage.py for tasks to queue
[2025-02-01T13:36:18.512+0000] {logging_mixin.py:190} INFO - [2025-02-01T13:36:18.512+0000] {dagbag.py:588} INFO - Filling up the DagBag from /home/airflow/.local/lib/python3.12/site-packages/airflow/example_dags/tutorial_objectstorage.py
[2025-02-01T13:36:18.519+0000] {processor.py:925} INFO - DAG(s) 'tutorial_objectstorage' retrieved from /home/airflow/.local/lib/python3.12/site-packages/airflow/example_dags/tutorial_objectstorage.py
[2025-02-01T13:36:18.536+0000] {logging_mixin.py:190} INFO - [2025-02-01T13:36:18.536+0000] {dag.py:3239} INFO - Sync 1 DAGs
[2025-02-01T13:36:18.555+0000] {logging_mixin.py:190} INFO - [2025-02-01T13:36:18.555+0000] {dag.py:4180} INFO - Setting next_dagrun for tutorial_objectstorage to None, run_after=None
[2025-02-01T13:36:18.575+0000] {processor.py:208} INFO - Processing /home/airflow/.local/lib/python3.12/site-packages/airflow/example_dags/tutorial_objectstorage.py took 0.068 seconds
[2025-02-01T13:36:49.465+0000] {processor.py:186} INFO - Started process (PID=304) to work on /home/airflow/.local/lib/python3.12/site-packages/airflow/example_dags/tutorial_objectstorage.py
[2025-02-01T13:36:49.465+0000] {processor.py:914} INFO - Processing file /home/airflow/.local/lib/python3.12/site-packages/airflow/example_dags/tutorial_objectstorage.py for tasks to queue
[2025-02-01T13:36:49.470+0000] {logging_mixin.py:190} INFO - [2025-02-01T13:36:49.470+0000] {dagbag.py:588} INFO - Filling up the DagBag from /home/airflow/.local/lib/python3.12/site-packages/airflow/example_dags/tutorial_objectstorage.py
[2025-02-01T13:36:49.480+0000] {processor.py:925} INFO - DAG(s) 'tutorial_objectstorage' retrieved from /home/airflow/.local/lib/python3.12/site-packages/airflow/example_dags/tutorial_objectstorage.py
[2025-02-01T13:36:49.502+0000] {logging_mixin.py:190} INFO - [2025-02-01T13:36:49.502+0000] {dag.py:3239} INFO - Sync 1 DAGs
[2025-02-01T13:36:49.515+0000] {logging_mixin.py:190} INFO - [2025-02-01T13:36:49.515+0000] {dag.py:4180} INFO - Setting next_dagrun for tutorial_objectstorage to None, run_after=None
[2025-02-01T13:36:49.538+0000] {processor.py:208} INFO - Processing /home/airflow/.local/lib/python3.12/site-packages/airflow/example_dags/tutorial_objectstorage.py took 0.077 seconds
[2025-02-01T13:37:20.084+0000] {processor.py:186} INFO - Started process (PID=370) to work on /home/airflow/.local/lib/python3.12/site-packages/airflow/example_dags/tutorial_objectstorage.py
[2025-02-01T13:37:20.085+0000] {processor.py:914} INFO - Processing file /home/airflow/.local/lib/python3.12/site-packages/airflow/example_dags/tutorial_objectstorage.py for tasks to queue
[2025-02-01T13:37:20.087+0000] {logging_mixin.py:190} INFO - [2025-02-01T13:37:20.087+0000] {dagbag.py:588} INFO - Filling up the DagBag from /home/airflow/.local/lib/python3.12/site-packages/airflow/example_dags/tutorial_objectstorage.py
[2025-02-01T13:37:20.099+0000] {processor.py:925} INFO - DAG(s) 'tutorial_objectstorage' retrieved from /home/airflow/.local/lib/python3.12/site-packages/airflow/example_dags/tutorial_objectstorage.py
[2025-02-01T13:37:20.117+0000] {logging_mixin.py:190} INFO - [2025-02-01T13:37:20.117+0000] {dag.py:3239} INFO - Sync 1 DAGs
[2025-02-01T13:37:20.130+0000] {logging_mixin.py:190} INFO - [2025-02-01T13:37:20.129+0000] {dag.py:4180} INFO - Setting next_dagrun for tutorial_objectstorage to None, run_after=None
[2025-02-01T13:37:20.146+0000] {processor.py:208} INFO - Processing /home/airflow/.local/lib/python3.12/site-packages/airflow/example_dags/tutorial_objectstorage.py took 0.065 seconds
[2025-02-01T13:37:50.664+0000] {processor.py:186} INFO - Started process (PID=436) to work on /home/airflow/.local/lib/python3.12/site-packages/airflow/example_dags/tutorial_objectstorage.py
[2025-02-01T13:37:50.665+0000] {processor.py:914} INFO - Processing file /home/airflow/.local/lib/python3.12/site-packages/airflow/example_dags/tutorial_objectstorage.py for tasks to queue
[2025-02-01T13:37:50.693+0000] {logging_mixin.py:190} INFO - [2025-02-01T13:37:50.692+0000] {dagbag.py:588} INFO - Filling up the DagBag from /home/airflow/.local/lib/python3.12/site-packages/airflow/example_dags/tutorial_objectstorage.py
[2025-02-01T13:37:50.713+0000] {processor.py:925} INFO - DAG(s) 'tutorial_objectstorage' retrieved from /home/airflow/.local/lib/python3.12/site-packages/airflow/example_dags/tutorial_objectstorage.py
[2025-02-01T13:37:50.735+0000] {logging_mixin.py:190} INFO - [2025-02-01T13:37:50.734+0000] {dag.py:3239} INFO - Sync 1 DAGs
[2025-02-01T13:37:50.751+0000] {logging_mixin.py:190} INFO - [2025-02-01T13:37:50.750+0000] {dag.py:4180} INFO - Setting next_dagrun for tutorial_objectstorage to None, run_after=None
[2025-02-01T13:37:50.775+0000] {processor.py:208} INFO - Processing /home/airflow/.local/lib/python3.12/site-packages/airflow/example_dags/tutorial_objectstorage.py took 0.115 seconds
[2025-02-01T13:38:21.091+0000] {processor.py:186} INFO - Started process (PID=502) to work on /home/airflow/.local/lib/python3.12/site-packages/airflow/example_dags/tutorial_objectstorage.py
[2025-02-01T13:38:21.092+0000] {processor.py:914} INFO - Processing file /home/airflow/.local/lib/python3.12/site-packages/airflow/example_dags/tutorial_objectstorage.py for tasks to queue
[2025-02-01T13:38:21.096+0000] {logging_mixin.py:190} INFO - [2025-02-01T13:38:21.096+0000] {dagbag.py:588} INFO - Filling up the DagBag from /home/airflow/.local/lib/python3.12/site-packages/airflow/example_dags/tutorial_objectstorage.py
[2025-02-01T13:38:21.103+0000] {processor.py:925} INFO - DAG(s) 'tutorial_objectstorage' retrieved from /home/airflow/.local/lib/python3.12/site-packages/airflow/example_dags/tutorial_objectstorage.py
[2025-02-01T13:38:21.115+0000] {logging_mixin.py:190} INFO - [2025-02-01T13:38:21.115+0000] {dag.py:3239} INFO - Sync 1 DAGs
[2025-02-01T13:38:21.123+0000] {logging_mixin.py:190} INFO - [2025-02-01T13:38:21.123+0000] {dag.py:4180} INFO - Setting next_dagrun for tutorial_objectstorage to None, run_after=None
[2025-02-01T13:38:21.130+0000] {processor.py:208} INFO - Processing /home/airflow/.local/lib/python3.12/site-packages/airflow/example_dags/tutorial_objectstorage.py took 0.042 seconds
[2025-02-01T13:38:51.914+0000] {processor.py:186} INFO - Started process (PID=568) to work on /home/airflow/.local/lib/python3.12/site-packages/airflow/example_dags/tutorial_objectstorage.py
[2025-02-01T13:38:51.915+0000] {processor.py:914} INFO - Processing file /home/airflow/.local/lib/python3.12/site-packages/airflow/example_dags/tutorial_objectstorage.py for tasks to queue
[2025-02-01T13:38:51.916+0000] {logging_mixin.py:190} INFO - [2025-02-01T13:38:51.916+0000] {dagbag.py:588} INFO - Filling up the DagBag from /home/airflow/.local/lib/python3.12/site-packages/airflow/example_dags/tutorial_objectstorage.py
[2025-02-01T13:38:51.920+0000] {processor.py:925} INFO - DAG(s) 'tutorial_objectstorage' retrieved from /home/airflow/.local/lib/python3.12/site-packages/airflow/example_dags/tutorial_objectstorage.py
[2025-02-01T13:38:51.934+0000] {logging_mixin.py:190} INFO - [2025-02-01T13:38:51.934+0000] {dag.py:3239} INFO - Sync 1 DAGs
[2025-02-01T13:38:51.942+0000] {logging_mixin.py:190} INFO - [2025-02-01T13:38:51.942+0000] {dag.py:4180} INFO - Setting next_dagrun for tutorial_objectstorage to None, run_after=None
[2025-02-01T13:38:51.953+0000] {processor.py:208} INFO - Processing /home/airflow/.local/lib/python3.12/site-packages/airflow/example_dags/tutorial_objectstorage.py took 0.041 seconds
[2025-02-01T13:39:23.272+0000] {processor.py:186} INFO - Started process (PID=634) to work on /home/airflow/.local/lib/python3.12/site-packages/airflow/example_dags/tutorial_objectstorage.py
[2025-02-01T13:39:23.276+0000] {processor.py:914} INFO - Processing file /home/airflow/.local/lib/python3.12/site-packages/airflow/example_dags/tutorial_objectstorage.py for tasks to queue
[2025-02-01T13:39:23.277+0000] {logging_mixin.py:190} INFO - [2025-02-01T13:39:23.277+0000] {dagbag.py:588} INFO - Filling up the DagBag from /home/airflow/.local/lib/python3.12/site-packages/airflow/example_dags/tutorial_objectstorage.py
[2025-02-01T13:39:23.287+0000] {processor.py:925} INFO - DAG(s) 'tutorial_objectstorage' retrieved from /home/airflow/.local/lib/python3.12/site-packages/airflow/example_dags/tutorial_objectstorage.py
[2025-02-01T13:39:23.312+0000] {logging_mixin.py:190} INFO - [2025-02-01T13:39:23.312+0000] {dag.py:3239} INFO - Sync 1 DAGs
[2025-02-01T13:39:23.327+0000] {logging_mixin.py:190} INFO - [2025-02-01T13:39:23.327+0000] {dag.py:4180} INFO - Setting next_dagrun for tutorial_objectstorage to None, run_after=None
[2025-02-01T13:39:23.340+0000] {processor.py:208} INFO - Processing /home/airflow/.local/lib/python3.12/site-packages/airflow/example_dags/tutorial_objectstorage.py took 0.071 seconds
[2025-02-01T13:39:53.706+0000] {processor.py:186} INFO - Started process (PID=700) to work on /home/airflow/.local/lib/python3.12/site-packages/airflow/example_dags/tutorial_objectstorage.py
[2025-02-01T13:39:53.706+0000] {processor.py:914} INFO - Processing file /home/airflow/.local/lib/python3.12/site-packages/airflow/example_dags/tutorial_objectstorage.py for tasks to queue
[2025-02-01T13:39:53.708+0000] {logging_mixin.py:190} INFO - [2025-02-01T13:39:53.708+0000] {dagbag.py:588} INFO - Filling up the DagBag from /home/airflow/.local/lib/python3.12/site-packages/airflow/example_dags/tutorial_objectstorage.py
[2025-02-01T13:39:53.712+0000] {processor.py:925} INFO - DAG(s) 'tutorial_objectstorage' retrieved from /home/airflow/.local/lib/python3.12/site-packages/airflow/example_dags/tutorial_objectstorage.py
[2025-02-01T13:39:53.721+0000] {logging_mixin.py:190} INFO - [2025-02-01T13:39:53.721+0000] {dag.py:3239} INFO - Sync 1 DAGs
[2025-02-01T13:39:53.730+0000] {logging_mixin.py:190} INFO - [2025-02-01T13:39:53.729+0000] {dag.py:4180} INFO - Setting next_dagrun for tutorial_objectstorage to None, run_after=None
[2025-02-01T13:39:53.740+0000] {processor.py:208} INFO - Processing /home/airflow/.local/lib/python3.12/site-packages/airflow/example_dags/tutorial_objectstorage.py took 0.038 seconds
[2025-02-01T13:40:24.567+0000] {processor.py:186} INFO - Started process (PID=766) to work on /home/airflow/.local/lib/python3.12/site-packages/airflow/example_dags/tutorial_objectstorage.py
[2025-02-01T13:40:24.568+0000] {processor.py:914} INFO - Processing file /home/airflow/.local/lib/python3.12/site-packages/airflow/example_dags/tutorial_objectstorage.py for tasks to queue
[2025-02-01T13:40:24.570+0000] {logging_mixin.py:190} INFO - [2025-02-01T13:40:24.569+0000] {dagbag.py:588} INFO - Filling up the DagBag from /home/airflow/.local/lib/python3.12/site-packages/airflow/example_dags/tutorial_objectstorage.py
[2025-02-01T13:40:24.574+0000] {processor.py:925} INFO - DAG(s) 'tutorial_objectstorage' retrieved from /home/airflow/.local/lib/python3.12/site-packages/airflow/example_dags/tutorial_objectstorage.py
[2025-02-01T13:40:24.583+0000] {logging_mixin.py:190} INFO - [2025-02-01T13:40:24.583+0000] {dag.py:3239} INFO - Sync 1 DAGs
[2025-02-01T13:40:24.590+0000] {logging_mixin.py:190} INFO - [2025-02-01T13:40:24.590+0000] {dag.py:4180} INFO - Setting next_dagrun for tutorial_objectstorage to None, run_after=None
[2025-02-01T13:40:24.597+0000] {processor.py:208} INFO - Processing /home/airflow/.local/lib/python3.12/site-packages/airflow/example_dags/tutorial_objectstorage.py took 0.033 seconds
[2025-02-01T13:40:55.545+0000] {processor.py:186} INFO - Started process (PID=832) to work on /home/airflow/.local/lib/python3.12/site-packages/airflow/example_dags/tutorial_objectstorage.py
[2025-02-01T13:40:55.549+0000] {processor.py:914} INFO - Processing file /home/airflow/.local/lib/python3.12/site-packages/airflow/example_dags/tutorial_objectstorage.py for tasks to queue
[2025-02-01T13:40:55.554+0000] {logging_mixin.py:190} INFO - [2025-02-01T13:40:55.554+0000] {dagbag.py:588} INFO - Filling up the DagBag from /home/airflow/.local/lib/python3.12/site-packages/airflow/example_dags/tutorial_objectstorage.py
[2025-02-01T13:40:55.559+0000] {processor.py:925} INFO - DAG(s) 'tutorial_objectstorage' retrieved from /home/airflow/.local/lib/python3.12/site-packages/airflow/example_dags/tutorial_objectstorage.py
[2025-02-01T13:40:55.573+0000] {logging_mixin.py:190} INFO - [2025-02-01T13:40:55.573+0000] {dag.py:3239} INFO - Sync 1 DAGs
[2025-02-01T13:40:55.579+0000] {logging_mixin.py:190} INFO - [2025-02-01T13:40:55.579+0000] {dag.py:4180} INFO - Setting next_dagrun for tutorial_objectstorage to None, run_after=None
[2025-02-01T13:40:55.587+0000] {processor.py:208} INFO - Processing /home/airflow/.local/lib/python3.12/site-packages/airflow/example_dags/tutorial_objectstorage.py took 0.045 seconds
[2025-02-01T13:41:27.066+0000] {processor.py:186} INFO - Started process (PID=898) to work on /home/airflow/.local/lib/python3.12/site-packages/airflow/example_dags/tutorial_objectstorage.py
[2025-02-01T13:41:27.067+0000] {processor.py:914} INFO - Processing file /home/airflow/.local/lib/python3.12/site-packages/airflow/example_dags/tutorial_objectstorage.py for tasks to queue
[2025-02-01T13:41:27.069+0000] {logging_mixin.py:190} INFO - [2025-02-01T13:41:27.068+0000] {dagbag.py:588} INFO - Filling up the DagBag from /home/airflow/.local/lib/python3.12/site-packages/airflow/example_dags/tutorial_objectstorage.py
[2025-02-01T13:41:27.079+0000] {processor.py:925} INFO - DAG(s) 'tutorial_objectstorage' retrieved from /home/airflow/.local/lib/python3.12/site-packages/airflow/example_dags/tutorial_objectstorage.py
[2025-02-01T13:41:27.090+0000] {logging_mixin.py:190} INFO - [2025-02-01T13:41:27.090+0000] {dag.py:3239} INFO - Sync 1 DAGs
[2025-02-01T13:41:27.099+0000] {logging_mixin.py:190} INFO - [2025-02-01T13:41:27.098+0000] {dag.py:4180} INFO - Setting next_dagrun for tutorial_objectstorage to None, run_after=None
[2025-02-01T13:41:27.111+0000] {processor.py:208} INFO - Processing /home/airflow/.local/lib/python3.12/site-packages/airflow/example_dags/tutorial_objectstorage.py took 0.048 seconds
[2025-02-01T13:41:57.629+0000] {processor.py:186} INFO - Started process (PID=964) to work on /home/airflow/.local/lib/python3.12/site-packages/airflow/example_dags/tutorial_objectstorage.py
[2025-02-01T13:41:57.633+0000] {processor.py:914} INFO - Processing file /home/airflow/.local/lib/python3.12/site-packages/airflow/example_dags/tutorial_objectstorage.py for tasks to queue
[2025-02-01T13:41:57.635+0000] {logging_mixin.py:190} INFO - [2025-02-01T13:41:57.634+0000] {dagbag.py:588} INFO - Filling up the DagBag from /home/airflow/.local/lib/python3.12/site-packages/airflow/example_dags/tutorial_objectstorage.py
[2025-02-01T13:41:57.647+0000] {processor.py:925} INFO - DAG(s) 'tutorial_objectstorage' retrieved from /home/airflow/.local/lib/python3.12/site-packages/airflow/example_dags/tutorial_objectstorage.py
[2025-02-01T13:41:57.671+0000] {logging_mixin.py:190} INFO - [2025-02-01T13:41:57.671+0000] {dag.py:3239} INFO - Sync 1 DAGs
[2025-02-01T13:41:57.680+0000] {logging_mixin.py:190} INFO - [2025-02-01T13:41:57.680+0000] {dag.py:4180} INFO - Setting next_dagrun for tutorial_objectstorage to None, run_after=None
[2025-02-01T13:41:57.707+0000] {processor.py:208} INFO - Processing /home/airflow/.local/lib/python3.12/site-packages/airflow/example_dags/tutorial_objectstorage.py took 0.083 seconds
[2025-02-01T14:45:46.930+0000] {processor.py:186} INFO - Started process (PID=109) to work on /home/airflow/.local/lib/python3.12/site-packages/airflow/example_dags/tutorial_objectstorage.py
[2025-02-01T14:45:46.930+0000] {processor.py:914} INFO - Processing file /home/airflow/.local/lib/python3.12/site-packages/airflow/example_dags/tutorial_objectstorage.py for tasks to queue
[2025-02-01T14:45:46.933+0000] {logging_mixin.py:190} INFO - [2025-02-01T14:45:46.933+0000] {dagbag.py:588} INFO - Filling up the DagBag from /home/airflow/.local/lib/python3.12/site-packages/airflow/example_dags/tutorial_objectstorage.py
[2025-02-01T14:45:46.942+0000] {processor.py:925} INFO - DAG(s) 'tutorial_objectstorage' retrieved from /home/airflow/.local/lib/python3.12/site-packages/airflow/example_dags/tutorial_objectstorage.py
[2025-02-01T14:45:46.962+0000] {logging_mixin.py:190} INFO - [2025-02-01T14:45:46.962+0000] {dag.py:3239} INFO - Sync 1 DAGs
[2025-02-01T14:45:46.974+0000] {logging_mixin.py:190} INFO - [2025-02-01T14:45:46.974+0000] {dag.py:4180} INFO - Setting next_dagrun for tutorial_objectstorage to None, run_after=None
[2025-02-01T14:45:46.993+0000] {processor.py:208} INFO - Processing /home/airflow/.local/lib/python3.12/site-packages/airflow/example_dags/tutorial_objectstorage.py took 0.068 seconds
[2025-02-01T14:46:17.479+0000] {processor.py:186} INFO - Started process (PID=174) to work on /home/airflow/.local/lib/python3.12/site-packages/airflow/example_dags/tutorial_objectstorage.py
[2025-02-01T14:46:17.480+0000] {processor.py:914} INFO - Processing file /home/airflow/.local/lib/python3.12/site-packages/airflow/example_dags/tutorial_objectstorage.py for tasks to queue
[2025-02-01T14:46:17.481+0000] {logging_mixin.py:190} INFO - [2025-02-01T14:46:17.481+0000] {dagbag.py:588} INFO - Filling up the DagBag from /home/airflow/.local/lib/python3.12/site-packages/airflow/example_dags/tutorial_objectstorage.py
[2025-02-01T14:46:17.486+0000] {processor.py:925} INFO - DAG(s) 'tutorial_objectstorage' retrieved from /home/airflow/.local/lib/python3.12/site-packages/airflow/example_dags/tutorial_objectstorage.py
[2025-02-01T14:46:17.504+0000] {logging_mixin.py:190} INFO - [2025-02-01T14:46:17.504+0000] {dag.py:3239} INFO - Sync 1 DAGs
[2025-02-01T14:46:17.511+0000] {logging_mixin.py:190} INFO - [2025-02-01T14:46:17.511+0000] {dag.py:4180} INFO - Setting next_dagrun for tutorial_objectstorage to None, run_after=None
[2025-02-01T14:46:17.523+0000] {processor.py:208} INFO - Processing /home/airflow/.local/lib/python3.12/site-packages/airflow/example_dags/tutorial_objectstorage.py took 0.046 seconds
[2025-02-01T14:46:48.496+0000] {processor.py:186} INFO - Started process (PID=240) to work on /home/airflow/.local/lib/python3.12/site-packages/airflow/example_dags/tutorial_objectstorage.py
[2025-02-01T14:46:48.497+0000] {processor.py:914} INFO - Processing file /home/airflow/.local/lib/python3.12/site-packages/airflow/example_dags/tutorial_objectstorage.py for tasks to queue
[2025-02-01T14:46:48.498+0000] {logging_mixin.py:190} INFO - [2025-02-01T14:46:48.497+0000] {dagbag.py:588} INFO - Filling up the DagBag from /home/airflow/.local/lib/python3.12/site-packages/airflow/example_dags/tutorial_objectstorage.py
[2025-02-01T14:46:48.503+0000] {processor.py:925} INFO - DAG(s) 'tutorial_objectstorage' retrieved from /home/airflow/.local/lib/python3.12/site-packages/airflow/example_dags/tutorial_objectstorage.py
[2025-02-01T14:46:48.519+0000] {logging_mixin.py:190} INFO - [2025-02-01T14:46:48.519+0000] {dag.py:3239} INFO - Sync 1 DAGs
[2025-02-01T14:46:48.526+0000] {logging_mixin.py:190} INFO - [2025-02-01T14:46:48.526+0000] {dag.py:4180} INFO - Setting next_dagrun for tutorial_objectstorage to None, run_after=None
[2025-02-01T14:46:48.535+0000] {processor.py:208} INFO - Processing /home/airflow/.local/lib/python3.12/site-packages/airflow/example_dags/tutorial_objectstorage.py took 0.042 seconds
[2025-02-01T14:47:19.639+0000] {processor.py:186} INFO - Started process (PID=306) to work on /home/airflow/.local/lib/python3.12/site-packages/airflow/example_dags/tutorial_objectstorage.py
[2025-02-01T14:47:19.644+0000] {processor.py:914} INFO - Processing file /home/airflow/.local/lib/python3.12/site-packages/airflow/example_dags/tutorial_objectstorage.py for tasks to queue
[2025-02-01T14:47:19.655+0000] {logging_mixin.py:190} INFO - [2025-02-01T14:47:19.654+0000] {dagbag.py:588} INFO - Filling up the DagBag from /home/airflow/.local/lib/python3.12/site-packages/airflow/example_dags/tutorial_objectstorage.py
[2025-02-01T14:47:19.666+0000] {processor.py:925} INFO - DAG(s) 'tutorial_objectstorage' retrieved from /home/airflow/.local/lib/python3.12/site-packages/airflow/example_dags/tutorial_objectstorage.py
[2025-02-01T14:47:19.688+0000] {logging_mixin.py:190} INFO - [2025-02-01T14:47:19.688+0000] {dag.py:3239} INFO - Sync 1 DAGs
[2025-02-01T14:47:19.698+0000] {logging_mixin.py:190} INFO - [2025-02-01T14:47:19.698+0000] {dag.py:4180} INFO - Setting next_dagrun for tutorial_objectstorage to None, run_after=None
[2025-02-01T14:47:19.745+0000] {processor.py:208} INFO - Processing /home/airflow/.local/lib/python3.12/site-packages/airflow/example_dags/tutorial_objectstorage.py took 0.112 seconds
[2025-02-01T14:47:50.639+0000] {processor.py:186} INFO - Started process (PID=372) to work on /home/airflow/.local/lib/python3.12/site-packages/airflow/example_dags/tutorial_objectstorage.py
[2025-02-01T14:47:50.640+0000] {processor.py:914} INFO - Processing file /home/airflow/.local/lib/python3.12/site-packages/airflow/example_dags/tutorial_objectstorage.py for tasks to queue
[2025-02-01T14:47:50.641+0000] {logging_mixin.py:190} INFO - [2025-02-01T14:47:50.641+0000] {dagbag.py:588} INFO - Filling up the DagBag from /home/airflow/.local/lib/python3.12/site-packages/airflow/example_dags/tutorial_objectstorage.py
[2025-02-01T14:47:50.646+0000] {processor.py:925} INFO - DAG(s) 'tutorial_objectstorage' retrieved from /home/airflow/.local/lib/python3.12/site-packages/airflow/example_dags/tutorial_objectstorage.py
[2025-02-01T14:47:50.655+0000] {logging_mixin.py:190} INFO - [2025-02-01T14:47:50.655+0000] {dag.py:3239} INFO - Sync 1 DAGs
[2025-02-01T14:47:50.664+0000] {logging_mixin.py:190} INFO - [2025-02-01T14:47:50.664+0000] {dag.py:4180} INFO - Setting next_dagrun for tutorial_objectstorage to None, run_after=None
[2025-02-01T14:47:50.674+0000] {processor.py:208} INFO - Processing /home/airflow/.local/lib/python3.12/site-packages/airflow/example_dags/tutorial_objectstorage.py took 0.038 seconds
[2025-02-01T14:48:21.479+0000] {processor.py:186} INFO - Started process (PID=438) to work on /home/airflow/.local/lib/python3.12/site-packages/airflow/example_dags/tutorial_objectstorage.py
[2025-02-01T14:48:21.479+0000] {processor.py:914} INFO - Processing file /home/airflow/.local/lib/python3.12/site-packages/airflow/example_dags/tutorial_objectstorage.py for tasks to queue
[2025-02-01T14:48:21.480+0000] {logging_mixin.py:190} INFO - [2025-02-01T14:48:21.480+0000] {dagbag.py:588} INFO - Filling up the DagBag from /home/airflow/.local/lib/python3.12/site-packages/airflow/example_dags/tutorial_objectstorage.py
[2025-02-01T14:48:21.485+0000] {processor.py:925} INFO - DAG(s) 'tutorial_objectstorage' retrieved from /home/airflow/.local/lib/python3.12/site-packages/airflow/example_dags/tutorial_objectstorage.py
[2025-02-01T14:48:21.498+0000] {logging_mixin.py:190} INFO - [2025-02-01T14:48:21.498+0000] {dag.py:3239} INFO - Sync 1 DAGs
[2025-02-01T14:48:21.505+0000] {logging_mixin.py:190} INFO - [2025-02-01T14:48:21.505+0000] {dag.py:4180} INFO - Setting next_dagrun for tutorial_objectstorage to None, run_after=None
[2025-02-01T14:48:21.514+0000] {processor.py:208} INFO - Processing /home/airflow/.local/lib/python3.12/site-packages/airflow/example_dags/tutorial_objectstorage.py took 0.038 seconds
[2025-02-01T14:48:52.574+0000] {processor.py:186} INFO - Started process (PID=504) to work on /home/airflow/.local/lib/python3.12/site-packages/airflow/example_dags/tutorial_objectstorage.py
[2025-02-01T14:48:52.577+0000] {processor.py:914} INFO - Processing file /home/airflow/.local/lib/python3.12/site-packages/airflow/example_dags/tutorial_objectstorage.py for tasks to queue
[2025-02-01T14:48:52.578+0000] {logging_mixin.py:190} INFO - [2025-02-01T14:48:52.578+0000] {dagbag.py:588} INFO - Filling up the DagBag from /home/airflow/.local/lib/python3.12/site-packages/airflow/example_dags/tutorial_objectstorage.py
[2025-02-01T14:48:52.584+0000] {processor.py:925} INFO - DAG(s) 'tutorial_objectstorage' retrieved from /home/airflow/.local/lib/python3.12/site-packages/airflow/example_dags/tutorial_objectstorage.py
[2025-02-01T14:48:52.597+0000] {logging_mixin.py:190} INFO - [2025-02-01T14:48:52.597+0000] {dag.py:3239} INFO - Sync 1 DAGs
[2025-02-01T14:48:52.603+0000] {logging_mixin.py:190} INFO - [2025-02-01T14:48:52.603+0000] {dag.py:4180} INFO - Setting next_dagrun for tutorial_objectstorage to None, run_after=None
[2025-02-01T14:48:52.614+0000] {processor.py:208} INFO - Processing /home/airflow/.local/lib/python3.12/site-packages/airflow/example_dags/tutorial_objectstorage.py took 0.042 seconds
[2025-02-01T14:49:23.521+0000] {processor.py:186} INFO - Started process (PID=570) to work on /home/airflow/.local/lib/python3.12/site-packages/airflow/example_dags/tutorial_objectstorage.py
[2025-02-01T14:49:23.522+0000] {processor.py:914} INFO - Processing file /home/airflow/.local/lib/python3.12/site-packages/airflow/example_dags/tutorial_objectstorage.py for tasks to queue
[2025-02-01T14:49:23.523+0000] {logging_mixin.py:190} INFO - [2025-02-01T14:49:23.523+0000] {dagbag.py:588} INFO - Filling up the DagBag from /home/airflow/.local/lib/python3.12/site-packages/airflow/example_dags/tutorial_objectstorage.py
[2025-02-01T14:49:23.528+0000] {processor.py:925} INFO - DAG(s) 'tutorial_objectstorage' retrieved from /home/airflow/.local/lib/python3.12/site-packages/airflow/example_dags/tutorial_objectstorage.py
[2025-02-01T14:49:23.538+0000] {logging_mixin.py:190} INFO - [2025-02-01T14:49:23.538+0000] {dag.py:3239} INFO - Sync 1 DAGs
[2025-02-01T14:49:23.546+0000] {logging_mixin.py:190} INFO - [2025-02-01T14:49:23.546+0000] {dag.py:4180} INFO - Setting next_dagrun for tutorial_objectstorage to None, run_after=None
[2025-02-01T14:49:23.557+0000] {processor.py:208} INFO - Processing /home/airflow/.local/lib/python3.12/site-packages/airflow/example_dags/tutorial_objectstorage.py took 0.038 seconds
[2025-02-01T14:49:54.716+0000] {processor.py:186} INFO - Started process (PID=636) to work on /home/airflow/.local/lib/python3.12/site-packages/airflow/example_dags/tutorial_objectstorage.py
[2025-02-01T14:49:54.717+0000] {processor.py:914} INFO - Processing file /home/airflow/.local/lib/python3.12/site-packages/airflow/example_dags/tutorial_objectstorage.py for tasks to queue
[2025-02-01T14:49:54.718+0000] {logging_mixin.py:190} INFO - [2025-02-01T14:49:54.718+0000] {dagbag.py:588} INFO - Filling up the DagBag from /home/airflow/.local/lib/python3.12/site-packages/airflow/example_dags/tutorial_objectstorage.py
[2025-02-01T14:49:54.726+0000] {processor.py:925} INFO - DAG(s) 'tutorial_objectstorage' retrieved from /home/airflow/.local/lib/python3.12/site-packages/airflow/example_dags/tutorial_objectstorage.py
[2025-02-01T14:49:54.737+0000] {logging_mixin.py:190} INFO - [2025-02-01T14:49:54.737+0000] {dag.py:3239} INFO - Sync 1 DAGs
[2025-02-01T14:49:54.744+0000] {logging_mixin.py:190} INFO - [2025-02-01T14:49:54.743+0000] {dag.py:4180} INFO - Setting next_dagrun for tutorial_objectstorage to None, run_after=None
[2025-02-01T14:49:54.753+0000] {processor.py:208} INFO - Processing /home/airflow/.local/lib/python3.12/site-packages/airflow/example_dags/tutorial_objectstorage.py took 0.039 seconds
[2025-02-01T14:50:25.608+0000] {processor.py:186} INFO - Started process (PID=702) to work on /home/airflow/.local/lib/python3.12/site-packages/airflow/example_dags/tutorial_objectstorage.py
[2025-02-01T14:50:25.608+0000] {processor.py:914} INFO - Processing file /home/airflow/.local/lib/python3.12/site-packages/airflow/example_dags/tutorial_objectstorage.py for tasks to queue
[2025-02-01T14:50:25.610+0000] {logging_mixin.py:190} INFO - [2025-02-01T14:50:25.610+0000] {dagbag.py:588} INFO - Filling up the DagBag from /home/airflow/.local/lib/python3.12/site-packages/airflow/example_dags/tutorial_objectstorage.py
[2025-02-01T14:50:25.615+0000] {processor.py:925} INFO - DAG(s) 'tutorial_objectstorage' retrieved from /home/airflow/.local/lib/python3.12/site-packages/airflow/example_dags/tutorial_objectstorage.py
[2025-02-01T14:50:25.626+0000] {logging_mixin.py:190} INFO - [2025-02-01T14:50:25.626+0000] {dag.py:3239} INFO - Sync 1 DAGs
[2025-02-01T14:50:25.634+0000] {logging_mixin.py:190} INFO - [2025-02-01T14:50:25.634+0000] {dag.py:4180} INFO - Setting next_dagrun for tutorial_objectstorage to None, run_after=None
[2025-02-01T14:50:25.651+0000] {processor.py:208} INFO - Processing /home/airflow/.local/lib/python3.12/site-packages/airflow/example_dags/tutorial_objectstorage.py took 0.046 seconds
[2025-02-01T14:50:56.630+0000] {processor.py:186} INFO - Started process (PID=768) to work on /home/airflow/.local/lib/python3.12/site-packages/airflow/example_dags/tutorial_objectstorage.py
[2025-02-01T14:50:56.631+0000] {processor.py:914} INFO - Processing file /home/airflow/.local/lib/python3.12/site-packages/airflow/example_dags/tutorial_objectstorage.py for tasks to queue
[2025-02-01T14:50:56.632+0000] {logging_mixin.py:190} INFO - [2025-02-01T14:50:56.632+0000] {dagbag.py:588} INFO - Filling up the DagBag from /home/airflow/.local/lib/python3.12/site-packages/airflow/example_dags/tutorial_objectstorage.py
[2025-02-01T14:50:56.637+0000] {processor.py:925} INFO - DAG(s) 'tutorial_objectstorage' retrieved from /home/airflow/.local/lib/python3.12/site-packages/airflow/example_dags/tutorial_objectstorage.py
[2025-02-01T14:50:56.649+0000] {logging_mixin.py:190} INFO - [2025-02-01T14:50:56.649+0000] {dag.py:3239} INFO - Sync 1 DAGs
[2025-02-01T14:50:56.654+0000] {logging_mixin.py:190} INFO - [2025-02-01T14:50:56.654+0000] {dag.py:4180} INFO - Setting next_dagrun for tutorial_objectstorage to None, run_after=None
[2025-02-01T14:50:56.664+0000] {processor.py:208} INFO - Processing /home/airflow/.local/lib/python3.12/site-packages/airflow/example_dags/tutorial_objectstorage.py took 0.036 seconds
[2025-02-01T14:51:27.731+0000] {processor.py:186} INFO - Started process (PID=834) to work on /home/airflow/.local/lib/python3.12/site-packages/airflow/example_dags/tutorial_objectstorage.py
[2025-02-01T14:51:27.732+0000] {processor.py:914} INFO - Processing file /home/airflow/.local/lib/python3.12/site-packages/airflow/example_dags/tutorial_objectstorage.py for tasks to queue
[2025-02-01T14:51:27.733+0000] {logging_mixin.py:190} INFO - [2025-02-01T14:51:27.733+0000] {dagbag.py:588} INFO - Filling up the DagBag from /home/airflow/.local/lib/python3.12/site-packages/airflow/example_dags/tutorial_objectstorage.py
[2025-02-01T14:51:27.737+0000] {processor.py:925} INFO - DAG(s) 'tutorial_objectstorage' retrieved from /home/airflow/.local/lib/python3.12/site-packages/airflow/example_dags/tutorial_objectstorage.py
[2025-02-01T14:51:27.748+0000] {logging_mixin.py:190} INFO - [2025-02-01T14:51:27.748+0000] {dag.py:3239} INFO - Sync 1 DAGs
[2025-02-01T14:51:27.753+0000] {logging_mixin.py:190} INFO - [2025-02-01T14:51:27.753+0000] {dag.py:4180} INFO - Setting next_dagrun for tutorial_objectstorage to None, run_after=None
[2025-02-01T14:51:27.763+0000] {processor.py:208} INFO - Processing /home/airflow/.local/lib/python3.12/site-packages/airflow/example_dags/tutorial_objectstorage.py took 0.035 seconds
[2025-02-01T14:51:59.385+0000] {processor.py:186} INFO - Started process (PID=900) to work on /home/airflow/.local/lib/python3.12/site-packages/airflow/example_dags/tutorial_objectstorage.py
[2025-02-01T14:51:59.385+0000] {processor.py:914} INFO - Processing file /home/airflow/.local/lib/python3.12/site-packages/airflow/example_dags/tutorial_objectstorage.py for tasks to queue
[2025-02-01T14:51:59.386+0000] {logging_mixin.py:190} INFO - [2025-02-01T14:51:59.386+0000] {dagbag.py:588} INFO - Filling up the DagBag from /home/airflow/.local/lib/python3.12/site-packages/airflow/example_dags/tutorial_objectstorage.py
[2025-02-01T14:51:59.391+0000] {processor.py:925} INFO - DAG(s) 'tutorial_objectstorage' retrieved from /home/airflow/.local/lib/python3.12/site-packages/airflow/example_dags/tutorial_objectstorage.py
[2025-02-01T14:51:59.401+0000] {logging_mixin.py:190} INFO - [2025-02-01T14:51:59.401+0000] {dag.py:3239} INFO - Sync 1 DAGs
[2025-02-01T14:51:59.408+0000] {logging_mixin.py:190} INFO - [2025-02-01T14:51:59.408+0000] {dag.py:4180} INFO - Setting next_dagrun for tutorial_objectstorage to None, run_after=None
[2025-02-01T14:51:59.420+0000] {processor.py:208} INFO - Processing /home/airflow/.local/lib/python3.12/site-packages/airflow/example_dags/tutorial_objectstorage.py took 0.038 seconds
[2025-02-01T14:52:30.817+0000] {processor.py:186} INFO - Started process (PID=966) to work on /home/airflow/.local/lib/python3.12/site-packages/airflow/example_dags/tutorial_objectstorage.py
[2025-02-01T14:52:30.819+0000] {processor.py:914} INFO - Processing file /home/airflow/.local/lib/python3.12/site-packages/airflow/example_dags/tutorial_objectstorage.py for tasks to queue
[2025-02-01T14:52:30.821+0000] {logging_mixin.py:190} INFO - [2025-02-01T14:52:30.821+0000] {dagbag.py:588} INFO - Filling up the DagBag from /home/airflow/.local/lib/python3.12/site-packages/airflow/example_dags/tutorial_objectstorage.py
[2025-02-01T14:52:30.827+0000] {processor.py:925} INFO - DAG(s) 'tutorial_objectstorage' retrieved from /home/airflow/.local/lib/python3.12/site-packages/airflow/example_dags/tutorial_objectstorage.py
[2025-02-01T14:52:30.844+0000] {logging_mixin.py:190} INFO - [2025-02-01T14:52:30.844+0000] {dag.py:3239} INFO - Sync 1 DAGs
[2025-02-01T14:52:30.853+0000] {logging_mixin.py:190} INFO - [2025-02-01T14:52:30.853+0000] {dag.py:4180} INFO - Setting next_dagrun for tutorial_objectstorage to None, run_after=None
[2025-02-01T14:52:30.863+0000] {processor.py:208} INFO - Processing /home/airflow/.local/lib/python3.12/site-packages/airflow/example_dags/tutorial_objectstorage.py took 0.049 seconds
[2025-02-01T14:53:01.123+0000] {processor.py:186} INFO - Started process (PID=1032) to work on /home/airflow/.local/lib/python3.12/site-packages/airflow/example_dags/tutorial_objectstorage.py
[2025-02-01T14:53:01.127+0000] {processor.py:914} INFO - Processing file /home/airflow/.local/lib/python3.12/site-packages/airflow/example_dags/tutorial_objectstorage.py for tasks to queue
[2025-02-01T14:53:01.130+0000] {logging_mixin.py:190} INFO - [2025-02-01T14:53:01.130+0000] {dagbag.py:588} INFO - Filling up the DagBag from /home/airflow/.local/lib/python3.12/site-packages/airflow/example_dags/tutorial_objectstorage.py
[2025-02-01T14:53:01.138+0000] {processor.py:925} INFO - DAG(s) 'tutorial_objectstorage' retrieved from /home/airflow/.local/lib/python3.12/site-packages/airflow/example_dags/tutorial_objectstorage.py
[2025-02-01T14:53:01.149+0000] {logging_mixin.py:190} INFO - [2025-02-01T14:53:01.149+0000] {dag.py:3239} INFO - Sync 1 DAGs
[2025-02-01T14:53:01.157+0000] {logging_mixin.py:190} INFO - [2025-02-01T14:53:01.157+0000] {dag.py:4180} INFO - Setting next_dagrun for tutorial_objectstorage to None, run_after=None
[2025-02-01T14:53:01.172+0000] {processor.py:208} INFO - Processing /home/airflow/.local/lib/python3.12/site-packages/airflow/example_dags/tutorial_objectstorage.py took 0.052 seconds
[2025-02-01T14:53:32.100+0000] {processor.py:186} INFO - Started process (PID=1098) to work on /home/airflow/.local/lib/python3.12/site-packages/airflow/example_dags/tutorial_objectstorage.py
[2025-02-01T14:53:32.101+0000] {processor.py:914} INFO - Processing file /home/airflow/.local/lib/python3.12/site-packages/airflow/example_dags/tutorial_objectstorage.py for tasks to queue
[2025-02-01T14:53:32.102+0000] {logging_mixin.py:190} INFO - [2025-02-01T14:53:32.102+0000] {dagbag.py:588} INFO - Filling up the DagBag from /home/airflow/.local/lib/python3.12/site-packages/airflow/example_dags/tutorial_objectstorage.py
[2025-02-01T14:53:32.108+0000] {processor.py:925} INFO - DAG(s) 'tutorial_objectstorage' retrieved from /home/airflow/.local/lib/python3.12/site-packages/airflow/example_dags/tutorial_objectstorage.py
[2025-02-01T14:53:32.116+0000] {logging_mixin.py:190} INFO - [2025-02-01T14:53:32.116+0000] {dag.py:3239} INFO - Sync 1 DAGs
[2025-02-01T14:53:32.121+0000] {logging_mixin.py:190} INFO - [2025-02-01T14:53:32.121+0000] {dag.py:4180} INFO - Setting next_dagrun for tutorial_objectstorage to None, run_after=None
[2025-02-01T14:53:32.131+0000] {processor.py:208} INFO - Processing /home/airflow/.local/lib/python3.12/site-packages/airflow/example_dags/tutorial_objectstorage.py took 0.033 seconds
[2025-02-01T14:54:03.207+0000] {processor.py:186} INFO - Started process (PID=1164) to work on /home/airflow/.local/lib/python3.12/site-packages/airflow/example_dags/tutorial_objectstorage.py
[2025-02-01T14:54:03.208+0000] {processor.py:914} INFO - Processing file /home/airflow/.local/lib/python3.12/site-packages/airflow/example_dags/tutorial_objectstorage.py for tasks to queue
[2025-02-01T14:54:03.210+0000] {logging_mixin.py:190} INFO - [2025-02-01T14:54:03.210+0000] {dagbag.py:588} INFO - Filling up the DagBag from /home/airflow/.local/lib/python3.12/site-packages/airflow/example_dags/tutorial_objectstorage.py
[2025-02-01T14:54:03.214+0000] {processor.py:925} INFO - DAG(s) 'tutorial_objectstorage' retrieved from /home/airflow/.local/lib/python3.12/site-packages/airflow/example_dags/tutorial_objectstorage.py
[2025-02-01T14:54:03.225+0000] {logging_mixin.py:190} INFO - [2025-02-01T14:54:03.225+0000] {dag.py:3239} INFO - Sync 1 DAGs
[2025-02-01T14:54:03.233+0000] {logging_mixin.py:190} INFO - [2025-02-01T14:54:03.232+0000] {dag.py:4180} INFO - Setting next_dagrun for tutorial_objectstorage to None, run_after=None
[2025-02-01T14:54:03.245+0000] {processor.py:208} INFO - Processing /home/airflow/.local/lib/python3.12/site-packages/airflow/example_dags/tutorial_objectstorage.py took 0.041 seconds
[2025-02-01T14:54:34.248+0000] {processor.py:186} INFO - Started process (PID=1230) to work on /home/airflow/.local/lib/python3.12/site-packages/airflow/example_dags/tutorial_objectstorage.py
[2025-02-01T14:54:34.249+0000] {processor.py:914} INFO - Processing file /home/airflow/.local/lib/python3.12/site-packages/airflow/example_dags/tutorial_objectstorage.py for tasks to queue
[2025-02-01T14:54:34.250+0000] {logging_mixin.py:190} INFO - [2025-02-01T14:54:34.250+0000] {dagbag.py:588} INFO - Filling up the DagBag from /home/airflow/.local/lib/python3.12/site-packages/airflow/example_dags/tutorial_objectstorage.py
[2025-02-01T14:54:34.255+0000] {processor.py:925} INFO - DAG(s) 'tutorial_objectstorage' retrieved from /home/airflow/.local/lib/python3.12/site-packages/airflow/example_dags/tutorial_objectstorage.py
[2025-02-01T14:54:34.266+0000] {logging_mixin.py:190} INFO - [2025-02-01T14:54:34.266+0000] {dag.py:3239} INFO - Sync 1 DAGs
[2025-02-01T14:54:34.274+0000] {logging_mixin.py:190} INFO - [2025-02-01T14:54:34.274+0000] {dag.py:4180} INFO - Setting next_dagrun for tutorial_objectstorage to None, run_after=None
[2025-02-01T14:54:34.283+0000] {processor.py:208} INFO - Processing /home/airflow/.local/lib/python3.12/site-packages/airflow/example_dags/tutorial_objectstorage.py took 0.037 seconds
[2025-02-01T14:55:05.301+0000] {processor.py:186} INFO - Started process (PID=1296) to work on /home/airflow/.local/lib/python3.12/site-packages/airflow/example_dags/tutorial_objectstorage.py
[2025-02-01T14:55:05.304+0000] {processor.py:914} INFO - Processing file /home/airflow/.local/lib/python3.12/site-packages/airflow/example_dags/tutorial_objectstorage.py for tasks to queue
[2025-02-01T14:55:05.305+0000] {logging_mixin.py:190} INFO - [2025-02-01T14:55:05.305+0000] {dagbag.py:588} INFO - Filling up the DagBag from /home/airflow/.local/lib/python3.12/site-packages/airflow/example_dags/tutorial_objectstorage.py
[2025-02-01T14:55:05.311+0000] {processor.py:925} INFO - DAG(s) 'tutorial_objectstorage' retrieved from /home/airflow/.local/lib/python3.12/site-packages/airflow/example_dags/tutorial_objectstorage.py
[2025-02-01T14:55:05.320+0000] {logging_mixin.py:190} INFO - [2025-02-01T14:55:05.320+0000] {dag.py:3239} INFO - Sync 1 DAGs
[2025-02-01T14:55:05.327+0000] {logging_mixin.py:190} INFO - [2025-02-01T14:55:05.326+0000] {dag.py:4180} INFO - Setting next_dagrun for tutorial_objectstorage to None, run_after=None
[2025-02-01T14:55:05.339+0000] {processor.py:208} INFO - Processing /home/airflow/.local/lib/python3.12/site-packages/airflow/example_dags/tutorial_objectstorage.py took 0.041 seconds
[2025-02-01T14:55:36.128+0000] {processor.py:186} INFO - Started process (PID=1362) to work on /home/airflow/.local/lib/python3.12/site-packages/airflow/example_dags/tutorial_objectstorage.py
[2025-02-01T14:55:36.129+0000] {processor.py:914} INFO - Processing file /home/airflow/.local/lib/python3.12/site-packages/airflow/example_dags/tutorial_objectstorage.py for tasks to queue
[2025-02-01T14:55:36.130+0000] {logging_mixin.py:190} INFO - [2025-02-01T14:55:36.130+0000] {dagbag.py:588} INFO - Filling up the DagBag from /home/airflow/.local/lib/python3.12/site-packages/airflow/example_dags/tutorial_objectstorage.py
[2025-02-01T14:55:36.135+0000] {processor.py:925} INFO - DAG(s) 'tutorial_objectstorage' retrieved from /home/airflow/.local/lib/python3.12/site-packages/airflow/example_dags/tutorial_objectstorage.py
[2025-02-01T14:55:36.144+0000] {logging_mixin.py:190} INFO - [2025-02-01T14:55:36.144+0000] {dag.py:3239} INFO - Sync 1 DAGs
[2025-02-01T14:55:36.150+0000] {logging_mixin.py:190} INFO - [2025-02-01T14:55:36.150+0000] {dag.py:4180} INFO - Setting next_dagrun for tutorial_objectstorage to None, run_after=None
[2025-02-01T14:55:36.158+0000] {processor.py:208} INFO - Processing /home/airflow/.local/lib/python3.12/site-packages/airflow/example_dags/tutorial_objectstorage.py took 0.032 seconds
[2025-02-01T14:56:07.273+0000] {processor.py:186} INFO - Started process (PID=1428) to work on /home/airflow/.local/lib/python3.12/site-packages/airflow/example_dags/tutorial_objectstorage.py
[2025-02-01T14:56:07.274+0000] {processor.py:914} INFO - Processing file /home/airflow/.local/lib/python3.12/site-packages/airflow/example_dags/tutorial_objectstorage.py for tasks to queue
[2025-02-01T14:56:07.276+0000] {logging_mixin.py:190} INFO - [2025-02-01T14:56:07.275+0000] {dagbag.py:588} INFO - Filling up the DagBag from /home/airflow/.local/lib/python3.12/site-packages/airflow/example_dags/tutorial_objectstorage.py
[2025-02-01T14:56:07.281+0000] {processor.py:925} INFO - DAG(s) 'tutorial_objectstorage' retrieved from /home/airflow/.local/lib/python3.12/site-packages/airflow/example_dags/tutorial_objectstorage.py
[2025-02-01T14:56:07.291+0000] {logging_mixin.py:190} INFO - [2025-02-01T14:56:07.291+0000] {dag.py:3239} INFO - Sync 1 DAGs
[2025-02-01T14:56:07.300+0000] {logging_mixin.py:190} INFO - [2025-02-01T14:56:07.300+0000] {dag.py:4180} INFO - Setting next_dagrun for tutorial_objectstorage to None, run_after=None
[2025-02-01T14:56:07.315+0000] {processor.py:208} INFO - Processing /home/airflow/.local/lib/python3.12/site-packages/airflow/example_dags/tutorial_objectstorage.py took 0.045 seconds
[2025-02-01T14:56:38.220+0000] {processor.py:186} INFO - Started process (PID=1494) to work on /home/airflow/.local/lib/python3.12/site-packages/airflow/example_dags/tutorial_objectstorage.py
[2025-02-01T14:56:38.222+0000] {processor.py:914} INFO - Processing file /home/airflow/.local/lib/python3.12/site-packages/airflow/example_dags/tutorial_objectstorage.py for tasks to queue
[2025-02-01T14:56:38.224+0000] {logging_mixin.py:190} INFO - [2025-02-01T14:56:38.224+0000] {dagbag.py:588} INFO - Filling up the DagBag from /home/airflow/.local/lib/python3.12/site-packages/airflow/example_dags/tutorial_objectstorage.py
[2025-02-01T14:56:38.229+0000] {processor.py:925} INFO - DAG(s) 'tutorial_objectstorage' retrieved from /home/airflow/.local/lib/python3.12/site-packages/airflow/example_dags/tutorial_objectstorage.py
[2025-02-01T14:56:38.241+0000] {logging_mixin.py:190} INFO - [2025-02-01T14:56:38.241+0000] {dag.py:3239} INFO - Sync 1 DAGs
[2025-02-01T14:56:38.249+0000] {logging_mixin.py:190} INFO - [2025-02-01T14:56:38.249+0000] {dag.py:4180} INFO - Setting next_dagrun for tutorial_objectstorage to None, run_after=None
[2025-02-01T14:56:38.262+0000] {processor.py:208} INFO - Processing /home/airflow/.local/lib/python3.12/site-packages/airflow/example_dags/tutorial_objectstorage.py took 0.044 seconds
[2025-02-01T14:57:09.347+0000] {processor.py:186} INFO - Started process (PID=1560) to work on /home/airflow/.local/lib/python3.12/site-packages/airflow/example_dags/tutorial_objectstorage.py
[2025-02-01T14:57:09.349+0000] {processor.py:914} INFO - Processing file /home/airflow/.local/lib/python3.12/site-packages/airflow/example_dags/tutorial_objectstorage.py for tasks to queue
[2025-02-01T14:57:09.351+0000] {logging_mixin.py:190} INFO - [2025-02-01T14:57:09.350+0000] {dagbag.py:588} INFO - Filling up the DagBag from /home/airflow/.local/lib/python3.12/site-packages/airflow/example_dags/tutorial_objectstorage.py
[2025-02-01T14:57:09.356+0000] {processor.py:925} INFO - DAG(s) 'tutorial_objectstorage' retrieved from /home/airflow/.local/lib/python3.12/site-packages/airflow/example_dags/tutorial_objectstorage.py
[2025-02-01T14:57:09.365+0000] {logging_mixin.py:190} INFO - [2025-02-01T14:57:09.365+0000] {dag.py:3239} INFO - Sync 1 DAGs
[2025-02-01T14:57:09.371+0000] {logging_mixin.py:190} INFO - [2025-02-01T14:57:09.371+0000] {dag.py:4180} INFO - Setting next_dagrun for tutorial_objectstorage to None, run_after=None
[2025-02-01T14:57:09.385+0000] {processor.py:208} INFO - Processing /home/airflow/.local/lib/python3.12/site-packages/airflow/example_dags/tutorial_objectstorage.py took 0.041 seconds
[2025-02-01T14:57:40.372+0000] {processor.py:186} INFO - Started process (PID=1626) to work on /home/airflow/.local/lib/python3.12/site-packages/airflow/example_dags/tutorial_objectstorage.py
[2025-02-01T14:57:40.374+0000] {processor.py:914} INFO - Processing file /home/airflow/.local/lib/python3.12/site-packages/airflow/example_dags/tutorial_objectstorage.py for tasks to queue
[2025-02-01T14:57:40.375+0000] {logging_mixin.py:190} INFO - [2025-02-01T14:57:40.375+0000] {dagbag.py:588} INFO - Filling up the DagBag from /home/airflow/.local/lib/python3.12/site-packages/airflow/example_dags/tutorial_objectstorage.py
[2025-02-01T14:57:40.382+0000] {processor.py:925} INFO - DAG(s) 'tutorial_objectstorage' retrieved from /home/airflow/.local/lib/python3.12/site-packages/airflow/example_dags/tutorial_objectstorage.py
[2025-02-01T14:57:40.397+0000] {logging_mixin.py:190} INFO - [2025-02-01T14:57:40.397+0000] {dag.py:3239} INFO - Sync 1 DAGs
[2025-02-01T14:57:40.406+0000] {logging_mixin.py:190} INFO - [2025-02-01T14:57:40.406+0000] {dag.py:4180} INFO - Setting next_dagrun for tutorial_objectstorage to None, run_after=None
[2025-02-01T14:57:40.418+0000] {processor.py:208} INFO - Processing /home/airflow/.local/lib/python3.12/site-packages/airflow/example_dags/tutorial_objectstorage.py took 0.049 seconds
[2025-02-01T14:58:11.184+0000] {processor.py:186} INFO - Started process (PID=1692) to work on /home/airflow/.local/lib/python3.12/site-packages/airflow/example_dags/tutorial_objectstorage.py
[2025-02-01T14:58:11.185+0000] {processor.py:914} INFO - Processing file /home/airflow/.local/lib/python3.12/site-packages/airflow/example_dags/tutorial_objectstorage.py for tasks to queue
[2025-02-01T14:58:11.186+0000] {logging_mixin.py:190} INFO - [2025-02-01T14:58:11.186+0000] {dagbag.py:588} INFO - Filling up the DagBag from /home/airflow/.local/lib/python3.12/site-packages/airflow/example_dags/tutorial_objectstorage.py
[2025-02-01T14:58:11.190+0000] {processor.py:925} INFO - DAG(s) 'tutorial_objectstorage' retrieved from /home/airflow/.local/lib/python3.12/site-packages/airflow/example_dags/tutorial_objectstorage.py
[2025-02-01T14:58:11.205+0000] {logging_mixin.py:190} INFO - [2025-02-01T14:58:11.205+0000] {dag.py:3239} INFO - Sync 1 DAGs
[2025-02-01T14:58:11.213+0000] {logging_mixin.py:190} INFO - [2025-02-01T14:58:11.213+0000] {dag.py:4180} INFO - Setting next_dagrun for tutorial_objectstorage to None, run_after=None
[2025-02-01T14:58:11.226+0000] {processor.py:208} INFO - Processing /home/airflow/.local/lib/python3.12/site-packages/airflow/example_dags/tutorial_objectstorage.py took 0.045 seconds
[2025-02-01T14:58:41.974+0000] {processor.py:186} INFO - Started process (PID=1758) to work on /home/airflow/.local/lib/python3.12/site-packages/airflow/example_dags/tutorial_objectstorage.py
[2025-02-01T14:58:41.975+0000] {processor.py:914} INFO - Processing file /home/airflow/.local/lib/python3.12/site-packages/airflow/example_dags/tutorial_objectstorage.py for tasks to queue
[2025-02-01T14:58:41.976+0000] {logging_mixin.py:190} INFO - [2025-02-01T14:58:41.976+0000] {dagbag.py:588} INFO - Filling up the DagBag from /home/airflow/.local/lib/python3.12/site-packages/airflow/example_dags/tutorial_objectstorage.py
[2025-02-01T14:58:41.980+0000] {processor.py:925} INFO - DAG(s) 'tutorial_objectstorage' retrieved from /home/airflow/.local/lib/python3.12/site-packages/airflow/example_dags/tutorial_objectstorage.py
[2025-02-01T14:58:41.990+0000] {logging_mixin.py:190} INFO - [2025-02-01T14:58:41.990+0000] {dag.py:3239} INFO - Sync 1 DAGs
[2025-02-01T14:58:41.996+0000] {logging_mixin.py:190} INFO - [2025-02-01T14:58:41.996+0000] {dag.py:4180} INFO - Setting next_dagrun for tutorial_objectstorage to None, run_after=None
[2025-02-01T14:58:42.010+0000] {processor.py:208} INFO - Processing /home/airflow/.local/lib/python3.12/site-packages/airflow/example_dags/tutorial_objectstorage.py took 0.039 seconds
[2025-02-01T14:59:13.027+0000] {processor.py:186} INFO - Started process (PID=1824) to work on /home/airflow/.local/lib/python3.12/site-packages/airflow/example_dags/tutorial_objectstorage.py
[2025-02-01T14:59:13.030+0000] {processor.py:914} INFO - Processing file /home/airflow/.local/lib/python3.12/site-packages/airflow/example_dags/tutorial_objectstorage.py for tasks to queue
[2025-02-01T14:59:13.031+0000] {logging_mixin.py:190} INFO - [2025-02-01T14:59:13.031+0000] {dagbag.py:588} INFO - Filling up the DagBag from /home/airflow/.local/lib/python3.12/site-packages/airflow/example_dags/tutorial_objectstorage.py
[2025-02-01T14:59:13.036+0000] {processor.py:925} INFO - DAG(s) 'tutorial_objectstorage' retrieved from /home/airflow/.local/lib/python3.12/site-packages/airflow/example_dags/tutorial_objectstorage.py
[2025-02-01T14:59:13.051+0000] {logging_mixin.py:190} INFO - [2025-02-01T14:59:13.051+0000] {dag.py:3239} INFO - Sync 1 DAGs
[2025-02-01T14:59:13.065+0000] {logging_mixin.py:190} INFO - [2025-02-01T14:59:13.065+0000] {dag.py:4180} INFO - Setting next_dagrun for tutorial_objectstorage to None, run_after=None
[2025-02-01T14:59:13.076+0000] {processor.py:208} INFO - Processing /home/airflow/.local/lib/python3.12/site-packages/airflow/example_dags/tutorial_objectstorage.py took 0.051 seconds
[2025-02-01T14:59:44.246+0000] {processor.py:186} INFO - Started process (PID=1890) to work on /home/airflow/.local/lib/python3.12/site-packages/airflow/example_dags/tutorial_objectstorage.py
[2025-02-01T14:59:44.248+0000] {processor.py:914} INFO - Processing file /home/airflow/.local/lib/python3.12/site-packages/airflow/example_dags/tutorial_objectstorage.py for tasks to queue
[2025-02-01T14:59:44.250+0000] {logging_mixin.py:190} INFO - [2025-02-01T14:59:44.250+0000] {dagbag.py:588} INFO - Filling up the DagBag from /home/airflow/.local/lib/python3.12/site-packages/airflow/example_dags/tutorial_objectstorage.py
[2025-02-01T14:59:44.255+0000] {processor.py:925} INFO - DAG(s) 'tutorial_objectstorage' retrieved from /home/airflow/.local/lib/python3.12/site-packages/airflow/example_dags/tutorial_objectstorage.py
[2025-02-01T14:59:44.265+0000] {logging_mixin.py:190} INFO - [2025-02-01T14:59:44.264+0000] {dag.py:3239} INFO - Sync 1 DAGs
[2025-02-01T14:59:44.271+0000] {logging_mixin.py:190} INFO - [2025-02-01T14:59:44.271+0000] {dag.py:4180} INFO - Setting next_dagrun for tutorial_objectstorage to None, run_after=None
[2025-02-01T14:59:44.283+0000] {processor.py:208} INFO - Processing /home/airflow/.local/lib/python3.12/site-packages/airflow/example_dags/tutorial_objectstorage.py took 0.043 seconds
[2025-02-01T15:00:15.520+0000] {processor.py:186} INFO - Started process (PID=1956) to work on /home/airflow/.local/lib/python3.12/site-packages/airflow/example_dags/tutorial_objectstorage.py
[2025-02-01T15:00:15.521+0000] {processor.py:914} INFO - Processing file /home/airflow/.local/lib/python3.12/site-packages/airflow/example_dags/tutorial_objectstorage.py for tasks to queue
[2025-02-01T15:00:15.522+0000] {logging_mixin.py:190} INFO - [2025-02-01T15:00:15.522+0000] {dagbag.py:588} INFO - Filling up the DagBag from /home/airflow/.local/lib/python3.12/site-packages/airflow/example_dags/tutorial_objectstorage.py
[2025-02-01T15:00:15.527+0000] {processor.py:925} INFO - DAG(s) 'tutorial_objectstorage' retrieved from /home/airflow/.local/lib/python3.12/site-packages/airflow/example_dags/tutorial_objectstorage.py
[2025-02-01T15:00:15.536+0000] {logging_mixin.py:190} INFO - [2025-02-01T15:00:15.536+0000] {dag.py:3239} INFO - Sync 1 DAGs
[2025-02-01T15:00:15.542+0000] {logging_mixin.py:190} INFO - [2025-02-01T15:00:15.542+0000] {dag.py:4180} INFO - Setting next_dagrun for tutorial_objectstorage to None, run_after=None
[2025-02-01T15:00:15.553+0000] {processor.py:208} INFO - Processing /home/airflow/.local/lib/python3.12/site-packages/airflow/example_dags/tutorial_objectstorage.py took 0.038 seconds
[2025-02-01T15:00:46.862+0000] {processor.py:186} INFO - Started process (PID=2022) to work on /home/airflow/.local/lib/python3.12/site-packages/airflow/example_dags/tutorial_objectstorage.py
[2025-02-01T15:00:46.862+0000] {processor.py:914} INFO - Processing file /home/airflow/.local/lib/python3.12/site-packages/airflow/example_dags/tutorial_objectstorage.py for tasks to queue
[2025-02-01T15:00:46.863+0000] {logging_mixin.py:190} INFO - [2025-02-01T15:00:46.863+0000] {dagbag.py:588} INFO - Filling up the DagBag from /home/airflow/.local/lib/python3.12/site-packages/airflow/example_dags/tutorial_objectstorage.py
[2025-02-01T15:00:46.870+0000] {processor.py:925} INFO - DAG(s) 'tutorial_objectstorage' retrieved from /home/airflow/.local/lib/python3.12/site-packages/airflow/example_dags/tutorial_objectstorage.py
[2025-02-01T15:00:46.879+0000] {logging_mixin.py:190} INFO - [2025-02-01T15:00:46.878+0000] {dag.py:3239} INFO - Sync 1 DAGs
[2025-02-01T15:00:46.886+0000] {logging_mixin.py:190} INFO - [2025-02-01T15:00:46.886+0000] {dag.py:4180} INFO - Setting next_dagrun for tutorial_objectstorage to None, run_after=None
[2025-02-01T15:00:46.893+0000] {processor.py:208} INFO - Processing /home/airflow/.local/lib/python3.12/site-packages/airflow/example_dags/tutorial_objectstorage.py took 0.035 seconds
[2025-02-01T15:01:18.262+0000] {processor.py:186} INFO - Started process (PID=2094) to work on /home/airflow/.local/lib/python3.12/site-packages/airflow/example_dags/tutorial_objectstorage.py
[2025-02-01T15:01:18.262+0000] {processor.py:914} INFO - Processing file /home/airflow/.local/lib/python3.12/site-packages/airflow/example_dags/tutorial_objectstorage.py for tasks to queue
[2025-02-01T15:01:18.263+0000] {logging_mixin.py:190} INFO - [2025-02-01T15:01:18.263+0000] {dagbag.py:588} INFO - Filling up the DagBag from /home/airflow/.local/lib/python3.12/site-packages/airflow/example_dags/tutorial_objectstorage.py
[2025-02-01T15:01:18.268+0000] {processor.py:925} INFO - DAG(s) 'tutorial_objectstorage' retrieved from /home/airflow/.local/lib/python3.12/site-packages/airflow/example_dags/tutorial_objectstorage.py
[2025-02-01T15:01:18.287+0000] {logging_mixin.py:190} INFO - [2025-02-01T15:01:18.287+0000] {dag.py:3239} INFO - Sync 1 DAGs
[2025-02-01T15:01:18.295+0000] {logging_mixin.py:190} INFO - [2025-02-01T15:01:18.295+0000] {dag.py:4180} INFO - Setting next_dagrun for tutorial_objectstorage to None, run_after=None
[2025-02-01T15:01:18.304+0000] {processor.py:208} INFO - Processing /home/airflow/.local/lib/python3.12/site-packages/airflow/example_dags/tutorial_objectstorage.py took 0.045 seconds
[2025-02-01T15:01:49.459+0000] {processor.py:186} INFO - Started process (PID=2160) to work on /home/airflow/.local/lib/python3.12/site-packages/airflow/example_dags/tutorial_objectstorage.py
[2025-02-01T15:01:49.461+0000] {processor.py:914} INFO - Processing file /home/airflow/.local/lib/python3.12/site-packages/airflow/example_dags/tutorial_objectstorage.py for tasks to queue
[2025-02-01T15:01:49.463+0000] {logging_mixin.py:190} INFO - [2025-02-01T15:01:49.463+0000] {dagbag.py:588} INFO - Filling up the DagBag from /home/airflow/.local/lib/python3.12/site-packages/airflow/example_dags/tutorial_objectstorage.py
[2025-02-01T15:01:49.470+0000] {processor.py:925} INFO - DAG(s) 'tutorial_objectstorage' retrieved from /home/airflow/.local/lib/python3.12/site-packages/airflow/example_dags/tutorial_objectstorage.py
[2025-02-01T15:01:49.481+0000] {logging_mixin.py:190} INFO - [2025-02-01T15:01:49.481+0000] {dag.py:3239} INFO - Sync 1 DAGs
[2025-02-01T15:01:49.489+0000] {logging_mixin.py:190} INFO - [2025-02-01T15:01:49.489+0000] {dag.py:4180} INFO - Setting next_dagrun for tutorial_objectstorage to None, run_after=None
[2025-02-01T15:01:49.498+0000] {processor.py:208} INFO - Processing /home/airflow/.local/lib/python3.12/site-packages/airflow/example_dags/tutorial_objectstorage.py took 0.042 seconds
[2025-02-01T15:02:20.087+0000] {processor.py:186} INFO - Started process (PID=2226) to work on /home/airflow/.local/lib/python3.12/site-packages/airflow/example_dags/tutorial_objectstorage.py
[2025-02-01T15:02:20.089+0000] {processor.py:914} INFO - Processing file /home/airflow/.local/lib/python3.12/site-packages/airflow/example_dags/tutorial_objectstorage.py for tasks to queue
[2025-02-01T15:02:20.090+0000] {logging_mixin.py:190} INFO - [2025-02-01T15:02:20.090+0000] {dagbag.py:588} INFO - Filling up the DagBag from /home/airflow/.local/lib/python3.12/site-packages/airflow/example_dags/tutorial_objectstorage.py
[2025-02-01T15:02:20.094+0000] {processor.py:925} INFO - DAG(s) 'tutorial_objectstorage' retrieved from /home/airflow/.local/lib/python3.12/site-packages/airflow/example_dags/tutorial_objectstorage.py
[2025-02-01T15:02:20.103+0000] {logging_mixin.py:190} INFO - [2025-02-01T15:02:20.103+0000] {dag.py:3239} INFO - Sync 1 DAGs
[2025-02-01T15:02:20.111+0000] {logging_mixin.py:190} INFO - [2025-02-01T15:02:20.111+0000] {dag.py:4180} INFO - Setting next_dagrun for tutorial_objectstorage to None, run_after=None
[2025-02-01T15:02:20.119+0000] {processor.py:208} INFO - Processing /home/airflow/.local/lib/python3.12/site-packages/airflow/example_dags/tutorial_objectstorage.py took 0.034 seconds
[2025-02-01T15:02:51.255+0000] {processor.py:186} INFO - Started process (PID=2292) to work on /home/airflow/.local/lib/python3.12/site-packages/airflow/example_dags/tutorial_objectstorage.py
[2025-02-01T15:02:51.257+0000] {processor.py:914} INFO - Processing file /home/airflow/.local/lib/python3.12/site-packages/airflow/example_dags/tutorial_objectstorage.py for tasks to queue
[2025-02-01T15:02:51.258+0000] {logging_mixin.py:190} INFO - [2025-02-01T15:02:51.258+0000] {dagbag.py:588} INFO - Filling up the DagBag from /home/airflow/.local/lib/python3.12/site-packages/airflow/example_dags/tutorial_objectstorage.py
[2025-02-01T15:02:51.263+0000] {processor.py:925} INFO - DAG(s) 'tutorial_objectstorage' retrieved from /home/airflow/.local/lib/python3.12/site-packages/airflow/example_dags/tutorial_objectstorage.py
[2025-02-01T15:02:51.275+0000] {logging_mixin.py:190} INFO - [2025-02-01T15:02:51.275+0000] {dag.py:3239} INFO - Sync 1 DAGs
[2025-02-01T15:02:51.283+0000] {logging_mixin.py:190} INFO - [2025-02-01T15:02:51.283+0000] {dag.py:4180} INFO - Setting next_dagrun for tutorial_objectstorage to None, run_after=None
[2025-02-01T15:02:51.293+0000] {processor.py:208} INFO - Processing /home/airflow/.local/lib/python3.12/site-packages/airflow/example_dags/tutorial_objectstorage.py took 0.040 seconds
[2025-02-01T15:03:22.357+0000] {processor.py:186} INFO - Started process (PID=2358) to work on /home/airflow/.local/lib/python3.12/site-packages/airflow/example_dags/tutorial_objectstorage.py
[2025-02-01T15:03:22.358+0000] {processor.py:914} INFO - Processing file /home/airflow/.local/lib/python3.12/site-packages/airflow/example_dags/tutorial_objectstorage.py for tasks to queue
[2025-02-01T15:03:22.360+0000] {logging_mixin.py:190} INFO - [2025-02-01T15:03:22.360+0000] {dagbag.py:588} INFO - Filling up the DagBag from /home/airflow/.local/lib/python3.12/site-packages/airflow/example_dags/tutorial_objectstorage.py
[2025-02-01T15:03:22.372+0000] {processor.py:925} INFO - DAG(s) 'tutorial_objectstorage' retrieved from /home/airflow/.local/lib/python3.12/site-packages/airflow/example_dags/tutorial_objectstorage.py
[2025-02-01T15:03:22.395+0000] {logging_mixin.py:190} INFO - [2025-02-01T15:03:22.395+0000] {dag.py:3239} INFO - Sync 1 DAGs
[2025-02-01T15:03:22.409+0000] {logging_mixin.py:190} INFO - [2025-02-01T15:03:22.409+0000] {dag.py:4180} INFO - Setting next_dagrun for tutorial_objectstorage to None, run_after=None
[2025-02-01T15:03:22.421+0000] {processor.py:208} INFO - Processing /home/airflow/.local/lib/python3.12/site-packages/airflow/example_dags/tutorial_objectstorage.py took 0.069 seconds
[2025-02-01T15:03:53.488+0000] {processor.py:186} INFO - Started process (PID=2425) to work on /home/airflow/.local/lib/python3.12/site-packages/airflow/example_dags/tutorial_objectstorage.py
[2025-02-01T15:03:53.490+0000] {processor.py:914} INFO - Processing file /home/airflow/.local/lib/python3.12/site-packages/airflow/example_dags/tutorial_objectstorage.py for tasks to queue
[2025-02-01T15:03:53.492+0000] {logging_mixin.py:190} INFO - [2025-02-01T15:03:53.492+0000] {dagbag.py:588} INFO - Filling up the DagBag from /home/airflow/.local/lib/python3.12/site-packages/airflow/example_dags/tutorial_objectstorage.py
[2025-02-01T15:03:53.496+0000] {processor.py:925} INFO - DAG(s) 'tutorial_objectstorage' retrieved from /home/airflow/.local/lib/python3.12/site-packages/airflow/example_dags/tutorial_objectstorage.py
[2025-02-01T15:03:53.506+0000] {logging_mixin.py:190} INFO - [2025-02-01T15:03:53.505+0000] {dag.py:3239} INFO - Sync 1 DAGs
[2025-02-01T15:03:53.512+0000] {logging_mixin.py:190} INFO - [2025-02-01T15:03:53.512+0000] {dag.py:4180} INFO - Setting next_dagrun for tutorial_objectstorage to None, run_after=None
[2025-02-01T15:03:53.523+0000] {processor.py:208} INFO - Processing /home/airflow/.local/lib/python3.12/site-packages/airflow/example_dags/tutorial_objectstorage.py took 0.038 seconds
[2025-02-01T15:04:24.863+0000] {processor.py:186} INFO - Started process (PID=2491) to work on /home/airflow/.local/lib/python3.12/site-packages/airflow/example_dags/tutorial_objectstorage.py
[2025-02-01T15:04:24.864+0000] {processor.py:914} INFO - Processing file /home/airflow/.local/lib/python3.12/site-packages/airflow/example_dags/tutorial_objectstorage.py for tasks to queue
[2025-02-01T15:04:24.865+0000] {logging_mixin.py:190} INFO - [2025-02-01T15:04:24.865+0000] {dagbag.py:588} INFO - Filling up the DagBag from /home/airflow/.local/lib/python3.12/site-packages/airflow/example_dags/tutorial_objectstorage.py
[2025-02-01T15:04:24.870+0000] {processor.py:925} INFO - DAG(s) 'tutorial_objectstorage' retrieved from /home/airflow/.local/lib/python3.12/site-packages/airflow/example_dags/tutorial_objectstorage.py
[2025-02-01T15:04:24.887+0000] {logging_mixin.py:190} INFO - [2025-02-01T15:04:24.887+0000] {dag.py:3239} INFO - Sync 1 DAGs
[2025-02-01T15:04:24.894+0000] {logging_mixin.py:190} INFO - [2025-02-01T15:04:24.894+0000] {dag.py:4180} INFO - Setting next_dagrun for tutorial_objectstorage to None, run_after=None
[2025-02-01T15:04:24.909+0000] {processor.py:208} INFO - Processing /home/airflow/.local/lib/python3.12/site-packages/airflow/example_dags/tutorial_objectstorage.py took 0.049 seconds
[2025-02-01T15:04:56.098+0000] {processor.py:186} INFO - Started process (PID=2557) to work on /home/airflow/.local/lib/python3.12/site-packages/airflow/example_dags/tutorial_objectstorage.py
[2025-02-01T15:04:56.099+0000] {processor.py:914} INFO - Processing file /home/airflow/.local/lib/python3.12/site-packages/airflow/example_dags/tutorial_objectstorage.py for tasks to queue
[2025-02-01T15:04:56.101+0000] {logging_mixin.py:190} INFO - [2025-02-01T15:04:56.100+0000] {dagbag.py:588} INFO - Filling up the DagBag from /home/airflow/.local/lib/python3.12/site-packages/airflow/example_dags/tutorial_objectstorage.py
[2025-02-01T15:04:56.106+0000] {processor.py:925} INFO - DAG(s) 'tutorial_objectstorage' retrieved from /home/airflow/.local/lib/python3.12/site-packages/airflow/example_dags/tutorial_objectstorage.py
[2025-02-01T15:04:56.120+0000] {logging_mixin.py:190} INFO - [2025-02-01T15:04:56.120+0000] {dag.py:3239} INFO - Sync 1 DAGs
[2025-02-01T15:04:56.126+0000] {logging_mixin.py:190} INFO - [2025-02-01T15:04:56.126+0000] {dag.py:4180} INFO - Setting next_dagrun for tutorial_objectstorage to None, run_after=None
[2025-02-01T15:04:56.137+0000] {processor.py:208} INFO - Processing /home/airflow/.local/lib/python3.12/site-packages/airflow/example_dags/tutorial_objectstorage.py took 0.042 seconds
[2025-02-01T15:05:26.704+0000] {processor.py:186} INFO - Started process (PID=2623) to work on /home/airflow/.local/lib/python3.12/site-packages/airflow/example_dags/tutorial_objectstorage.py
[2025-02-01T15:05:26.704+0000] {processor.py:914} INFO - Processing file /home/airflow/.local/lib/python3.12/site-packages/airflow/example_dags/tutorial_objectstorage.py for tasks to queue
[2025-02-01T15:05:26.705+0000] {logging_mixin.py:190} INFO - [2025-02-01T15:05:26.705+0000] {dagbag.py:588} INFO - Filling up the DagBag from /home/airflow/.local/lib/python3.12/site-packages/airflow/example_dags/tutorial_objectstorage.py
[2025-02-01T15:05:26.710+0000] {processor.py:925} INFO - DAG(s) 'tutorial_objectstorage' retrieved from /home/airflow/.local/lib/python3.12/site-packages/airflow/example_dags/tutorial_objectstorage.py
[2025-02-01T15:05:26.717+0000] {logging_mixin.py:190} INFO - [2025-02-01T15:05:26.717+0000] {dag.py:3239} INFO - Sync 1 DAGs
[2025-02-01T15:05:26.722+0000] {logging_mixin.py:190} INFO - [2025-02-01T15:05:26.722+0000] {dag.py:4180} INFO - Setting next_dagrun for tutorial_objectstorage to None, run_after=None
[2025-02-01T15:05:26.731+0000] {processor.py:208} INFO - Processing /home/airflow/.local/lib/python3.12/site-packages/airflow/example_dags/tutorial_objectstorage.py took 0.030 seconds
[2025-02-01T15:05:58.418+0000] {processor.py:186} INFO - Started process (PID=2689) to work on /home/airflow/.local/lib/python3.12/site-packages/airflow/example_dags/tutorial_objectstorage.py
[2025-02-01T15:05:58.422+0000] {processor.py:914} INFO - Processing file /home/airflow/.local/lib/python3.12/site-packages/airflow/example_dags/tutorial_objectstorage.py for tasks to queue
[2025-02-01T15:05:58.424+0000] {logging_mixin.py:190} INFO - [2025-02-01T15:05:58.423+0000] {dagbag.py:588} INFO - Filling up the DagBag from /home/airflow/.local/lib/python3.12/site-packages/airflow/example_dags/tutorial_objectstorage.py
[2025-02-01T15:05:58.434+0000] {processor.py:925} INFO - DAG(s) 'tutorial_objectstorage' retrieved from /home/airflow/.local/lib/python3.12/site-packages/airflow/example_dags/tutorial_objectstorage.py
[2025-02-01T15:05:58.453+0000] {logging_mixin.py:190} INFO - [2025-02-01T15:05:58.452+0000] {dag.py:3239} INFO - Sync 1 DAGs
[2025-02-01T15:05:58.470+0000] {logging_mixin.py:190} INFO - [2025-02-01T15:05:58.470+0000] {dag.py:4180} INFO - Setting next_dagrun for tutorial_objectstorage to None, run_after=None
[2025-02-01T15:05:58.483+0000] {processor.py:208} INFO - Processing /home/airflow/.local/lib/python3.12/site-packages/airflow/example_dags/tutorial_objectstorage.py took 0.073 seconds
[2025-02-01T15:06:29.089+0000] {processor.py:186} INFO - Started process (PID=2755) to work on /home/airflow/.local/lib/python3.12/site-packages/airflow/example_dags/tutorial_objectstorage.py
[2025-02-01T15:06:29.090+0000] {processor.py:914} INFO - Processing file /home/airflow/.local/lib/python3.12/site-packages/airflow/example_dags/tutorial_objectstorage.py for tasks to queue
[2025-02-01T15:06:29.090+0000] {logging_mixin.py:190} INFO - [2025-02-01T15:06:29.090+0000] {dagbag.py:588} INFO - Filling up the DagBag from /home/airflow/.local/lib/python3.12/site-packages/airflow/example_dags/tutorial_objectstorage.py
[2025-02-01T15:06:29.094+0000] {processor.py:925} INFO - DAG(s) 'tutorial_objectstorage' retrieved from /home/airflow/.local/lib/python3.12/site-packages/airflow/example_dags/tutorial_objectstorage.py
[2025-02-01T15:06:29.102+0000] {logging_mixin.py:190} INFO - [2025-02-01T15:06:29.102+0000] {dag.py:3239} INFO - Sync 1 DAGs
[2025-02-01T15:06:29.107+0000] {logging_mixin.py:190} INFO - [2025-02-01T15:06:29.107+0000] {dag.py:4180} INFO - Setting next_dagrun for tutorial_objectstorage to None, run_after=None
[2025-02-01T15:06:29.117+0000] {processor.py:208} INFO - Processing /home/airflow/.local/lib/python3.12/site-packages/airflow/example_dags/tutorial_objectstorage.py took 0.030 seconds
