[2025-02-01T13:35:10.274+0000] {processor.py:186} INFO - Started process (PID=73) to work on /home/airflow/.local/lib/python3.12/site-packages/airflow/example_dags/tutorial.py
[2025-02-01T13:35:10.278+0000] {processor.py:914} INFO - Processing file /home/airflow/.local/lib/python3.12/site-packages/airflow/example_dags/tutorial.py for tasks to queue
[2025-02-01T13:35:10.293+0000] {logging_mixin.py:190} INFO - [2025-02-01T13:35:10.293+0000] {dagbag.py:588} INFO - Filling up the DagBag from /home/airflow/.local/lib/python3.12/site-packages/airflow/example_dags/tutorial.py
[2025-02-01T13:35:10.325+0000] {processor.py:925} INFO - DAG(s) 'tutorial' retrieved from /home/airflow/.local/lib/python3.12/site-packages/airflow/example_dags/tutorial.py
[2025-02-01T13:35:10.420+0000] {logging_mixin.py:190} INFO - [2025-02-01T13:35:10.420+0000] {dag.py:3239} INFO - Sync 1 DAGs
[2025-02-01T13:35:10.470+0000] {logging_mixin.py:190} INFO - [2025-02-01T13:35:10.469+0000] {dag.py:4180} INFO - Setting next_dagrun for tutorial to 2025-01-31 00:00:00+00:00, run_after=2025-02-01 00:00:00+00:00
[2025-02-01T13:35:10.501+0000] {processor.py:208} INFO - Processing /home/airflow/.local/lib/python3.12/site-packages/airflow/example_dags/tutorial.py took 0.234 seconds
[2025-02-01T13:35:40.846+0000] {processor.py:186} INFO - Started process (PID=138) to work on /home/airflow/.local/lib/python3.12/site-packages/airflow/example_dags/tutorial.py
[2025-02-01T13:35:40.848+0000] {processor.py:914} INFO - Processing file /home/airflow/.local/lib/python3.12/site-packages/airflow/example_dags/tutorial.py for tasks to queue
[2025-02-01T13:35:40.851+0000] {logging_mixin.py:190} INFO - [2025-02-01T13:35:40.851+0000] {dagbag.py:588} INFO - Filling up the DagBag from /home/airflow/.local/lib/python3.12/site-packages/airflow/example_dags/tutorial.py
[2025-02-01T13:35:40.859+0000] {processor.py:925} INFO - DAG(s) 'tutorial' retrieved from /home/airflow/.local/lib/python3.12/site-packages/airflow/example_dags/tutorial.py
[2025-02-01T13:35:40.883+0000] {logging_mixin.py:190} INFO - [2025-02-01T13:35:40.883+0000] {dag.py:3239} INFO - Sync 1 DAGs
[2025-02-01T13:35:40.915+0000] {logging_mixin.py:190} INFO - [2025-02-01T13:35:40.914+0000] {dag.py:4180} INFO - Setting next_dagrun for tutorial to 2025-01-31 00:00:00+00:00, run_after=2025-02-01 00:00:00+00:00
[2025-02-01T13:35:40.923+0000] {processor.py:208} INFO - Processing /home/airflow/.local/lib/python3.12/site-packages/airflow/example_dags/tutorial.py took 0.081 seconds
[2025-02-01T13:36:11.046+0000] {processor.py:186} INFO - Started process (PID=204) to work on /home/airflow/.local/lib/python3.12/site-packages/airflow/example_dags/tutorial.py
[2025-02-01T13:36:11.046+0000] {processor.py:914} INFO - Processing file /home/airflow/.local/lib/python3.12/site-packages/airflow/example_dags/tutorial.py for tasks to queue
[2025-02-01T13:36:11.047+0000] {logging_mixin.py:190} INFO - [2025-02-01T13:36:11.047+0000] {dagbag.py:588} INFO - Filling up the DagBag from /home/airflow/.local/lib/python3.12/site-packages/airflow/example_dags/tutorial.py
[2025-02-01T13:36:11.051+0000] {processor.py:925} INFO - DAG(s) 'tutorial' retrieved from /home/airflow/.local/lib/python3.12/site-packages/airflow/example_dags/tutorial.py
[2025-02-01T13:36:11.061+0000] {logging_mixin.py:190} INFO - [2025-02-01T13:36:11.061+0000] {dag.py:3239} INFO - Sync 1 DAGs
[2025-02-01T13:36:11.070+0000] {logging_mixin.py:190} INFO - [2025-02-01T13:36:11.070+0000] {dag.py:4180} INFO - Setting next_dagrun for tutorial to 2025-01-31 00:00:00+00:00, run_after=2025-02-01 00:00:00+00:00
[2025-02-01T13:36:11.077+0000] {processor.py:208} INFO - Processing /home/airflow/.local/lib/python3.12/site-packages/airflow/example_dags/tutorial.py took 0.035 seconds
[2025-02-01T13:36:41.766+0000] {processor.py:186} INFO - Started process (PID=270) to work on /home/airflow/.local/lib/python3.12/site-packages/airflow/example_dags/tutorial.py
[2025-02-01T13:36:41.766+0000] {processor.py:914} INFO - Processing file /home/airflow/.local/lib/python3.12/site-packages/airflow/example_dags/tutorial.py for tasks to queue
[2025-02-01T13:36:41.767+0000] {logging_mixin.py:190} INFO - [2025-02-01T13:36:41.767+0000] {dagbag.py:588} INFO - Filling up the DagBag from /home/airflow/.local/lib/python3.12/site-packages/airflow/example_dags/tutorial.py
[2025-02-01T13:36:41.771+0000] {processor.py:925} INFO - DAG(s) 'tutorial' retrieved from /home/airflow/.local/lib/python3.12/site-packages/airflow/example_dags/tutorial.py
[2025-02-01T13:36:41.781+0000] {logging_mixin.py:190} INFO - [2025-02-01T13:36:41.781+0000] {dag.py:3239} INFO - Sync 1 DAGs
[2025-02-01T13:36:41.792+0000] {logging_mixin.py:190} INFO - [2025-02-01T13:36:41.792+0000] {dag.py:4180} INFO - Setting next_dagrun for tutorial to 2025-01-31 00:00:00+00:00, run_after=2025-02-01 00:00:00+00:00
[2025-02-01T13:36:41.800+0000] {processor.py:208} INFO - Processing /home/airflow/.local/lib/python3.12/site-packages/airflow/example_dags/tutorial.py took 0.038 seconds
[2025-02-01T13:37:12.794+0000] {processor.py:186} INFO - Started process (PID=336) to work on /home/airflow/.local/lib/python3.12/site-packages/airflow/example_dags/tutorial.py
[2025-02-01T13:37:12.795+0000] {processor.py:914} INFO - Processing file /home/airflow/.local/lib/python3.12/site-packages/airflow/example_dags/tutorial.py for tasks to queue
[2025-02-01T13:37:12.796+0000] {logging_mixin.py:190} INFO - [2025-02-01T13:37:12.796+0000] {dagbag.py:588} INFO - Filling up the DagBag from /home/airflow/.local/lib/python3.12/site-packages/airflow/example_dags/tutorial.py
[2025-02-01T13:37:12.800+0000] {processor.py:925} INFO - DAG(s) 'tutorial' retrieved from /home/airflow/.local/lib/python3.12/site-packages/airflow/example_dags/tutorial.py
[2025-02-01T13:37:12.809+0000] {logging_mixin.py:190} INFO - [2025-02-01T13:37:12.808+0000] {dag.py:3239} INFO - Sync 1 DAGs
[2025-02-01T13:37:12.818+0000] {logging_mixin.py:190} INFO - [2025-02-01T13:37:12.818+0000] {dag.py:4180} INFO - Setting next_dagrun for tutorial to 2025-01-31 00:00:00+00:00, run_after=2025-02-01 00:00:00+00:00
[2025-02-01T13:37:12.824+0000] {processor.py:208} INFO - Processing /home/airflow/.local/lib/python3.12/site-packages/airflow/example_dags/tutorial.py took 0.033 seconds
[2025-02-01T13:37:43.486+0000] {processor.py:186} INFO - Started process (PID=402) to work on /home/airflow/.local/lib/python3.12/site-packages/airflow/example_dags/tutorial.py
[2025-02-01T13:37:43.487+0000] {processor.py:914} INFO - Processing file /home/airflow/.local/lib/python3.12/site-packages/airflow/example_dags/tutorial.py for tasks to queue
[2025-02-01T13:37:43.488+0000] {logging_mixin.py:190} INFO - [2025-02-01T13:37:43.488+0000] {dagbag.py:588} INFO - Filling up the DagBag from /home/airflow/.local/lib/python3.12/site-packages/airflow/example_dags/tutorial.py
[2025-02-01T13:37:43.493+0000] {processor.py:925} INFO - DAG(s) 'tutorial' retrieved from /home/airflow/.local/lib/python3.12/site-packages/airflow/example_dags/tutorial.py
[2025-02-01T13:37:43.508+0000] {logging_mixin.py:190} INFO - [2025-02-01T13:37:43.508+0000] {dag.py:3239} INFO - Sync 1 DAGs
[2025-02-01T13:37:43.518+0000] {logging_mixin.py:190} INFO - [2025-02-01T13:37:43.518+0000] {dag.py:4180} INFO - Setting next_dagrun for tutorial to 2025-01-31 00:00:00+00:00, run_after=2025-02-01 00:00:00+00:00
[2025-02-01T13:37:43.528+0000] {processor.py:208} INFO - Processing /home/airflow/.local/lib/python3.12/site-packages/airflow/example_dags/tutorial.py took 0.044 seconds
[2025-02-01T13:38:13.876+0000] {processor.py:186} INFO - Started process (PID=468) to work on /home/airflow/.local/lib/python3.12/site-packages/airflow/example_dags/tutorial.py
[2025-02-01T13:38:13.879+0000] {processor.py:914} INFO - Processing file /home/airflow/.local/lib/python3.12/site-packages/airflow/example_dags/tutorial.py for tasks to queue
[2025-02-01T13:38:13.880+0000] {logging_mixin.py:190} INFO - [2025-02-01T13:38:13.880+0000] {dagbag.py:588} INFO - Filling up the DagBag from /home/airflow/.local/lib/python3.12/site-packages/airflow/example_dags/tutorial.py
[2025-02-01T13:38:13.885+0000] {processor.py:925} INFO - DAG(s) 'tutorial' retrieved from /home/airflow/.local/lib/python3.12/site-packages/airflow/example_dags/tutorial.py
[2025-02-01T13:38:13.908+0000] {logging_mixin.py:190} INFO - [2025-02-01T13:38:13.908+0000] {dag.py:3239} INFO - Sync 1 DAGs
[2025-02-01T13:38:13.926+0000] {logging_mixin.py:190} INFO - [2025-02-01T13:38:13.926+0000] {dag.py:4180} INFO - Setting next_dagrun for tutorial to 2025-01-31 00:00:00+00:00, run_after=2025-02-01 00:00:00+00:00
[2025-02-01T13:38:13.944+0000] {processor.py:208} INFO - Processing /home/airflow/.local/lib/python3.12/site-packages/airflow/example_dags/tutorial.py took 0.071 seconds
[2025-02-01T13:38:44.116+0000] {processor.py:186} INFO - Started process (PID=534) to work on /home/airflow/.local/lib/python3.12/site-packages/airflow/example_dags/tutorial.py
[2025-02-01T13:38:44.117+0000] {processor.py:914} INFO - Processing file /home/airflow/.local/lib/python3.12/site-packages/airflow/example_dags/tutorial.py for tasks to queue
[2025-02-01T13:38:44.119+0000] {logging_mixin.py:190} INFO - [2025-02-01T13:38:44.118+0000] {dagbag.py:588} INFO - Filling up the DagBag from /home/airflow/.local/lib/python3.12/site-packages/airflow/example_dags/tutorial.py
[2025-02-01T13:38:44.124+0000] {processor.py:925} INFO - DAG(s) 'tutorial' retrieved from /home/airflow/.local/lib/python3.12/site-packages/airflow/example_dags/tutorial.py
[2025-02-01T13:38:44.138+0000] {logging_mixin.py:190} INFO - [2025-02-01T13:38:44.138+0000] {dag.py:3239} INFO - Sync 1 DAGs
[2025-02-01T13:38:44.148+0000] {logging_mixin.py:190} INFO - [2025-02-01T13:38:44.148+0000] {dag.py:4180} INFO - Setting next_dagrun for tutorial to 2025-01-31 00:00:00+00:00, run_after=2025-02-01 00:00:00+00:00
[2025-02-01T13:38:44.159+0000] {processor.py:208} INFO - Processing /home/airflow/.local/lib/python3.12/site-packages/airflow/example_dags/tutorial.py took 0.045 seconds
[2025-02-01T13:39:15.028+0000] {processor.py:186} INFO - Started process (PID=600) to work on /home/airflow/.local/lib/python3.12/site-packages/airflow/example_dags/tutorial.py
[2025-02-01T13:39:15.029+0000] {processor.py:914} INFO - Processing file /home/airflow/.local/lib/python3.12/site-packages/airflow/example_dags/tutorial.py for tasks to queue
[2025-02-01T13:39:15.031+0000] {logging_mixin.py:190} INFO - [2025-02-01T13:39:15.031+0000] {dagbag.py:588} INFO - Filling up the DagBag from /home/airflow/.local/lib/python3.12/site-packages/airflow/example_dags/tutorial.py
[2025-02-01T13:39:15.036+0000] {processor.py:925} INFO - DAG(s) 'tutorial' retrieved from /home/airflow/.local/lib/python3.12/site-packages/airflow/example_dags/tutorial.py
[2025-02-01T13:39:15.044+0000] {logging_mixin.py:190} INFO - [2025-02-01T13:39:15.044+0000] {dag.py:3239} INFO - Sync 1 DAGs
[2025-02-01T13:39:15.053+0000] {logging_mixin.py:190} INFO - [2025-02-01T13:39:15.053+0000] {dag.py:4180} INFO - Setting next_dagrun for tutorial to 2025-01-31 00:00:00+00:00, run_after=2025-02-01 00:00:00+00:00
[2025-02-01T13:39:15.060+0000] {processor.py:208} INFO - Processing /home/airflow/.local/lib/python3.12/site-packages/airflow/example_dags/tutorial.py took 0.035 seconds
[2025-02-01T13:39:45.499+0000] {processor.py:186} INFO - Started process (PID=666) to work on /home/airflow/.local/lib/python3.12/site-packages/airflow/example_dags/tutorial.py
[2025-02-01T13:39:45.500+0000] {processor.py:914} INFO - Processing file /home/airflow/.local/lib/python3.12/site-packages/airflow/example_dags/tutorial.py for tasks to queue
[2025-02-01T13:39:45.501+0000] {logging_mixin.py:190} INFO - [2025-02-01T13:39:45.501+0000] {dagbag.py:588} INFO - Filling up the DagBag from /home/airflow/.local/lib/python3.12/site-packages/airflow/example_dags/tutorial.py
[2025-02-01T13:39:45.505+0000] {processor.py:925} INFO - DAG(s) 'tutorial' retrieved from /home/airflow/.local/lib/python3.12/site-packages/airflow/example_dags/tutorial.py
[2025-02-01T13:39:45.513+0000] {logging_mixin.py:190} INFO - [2025-02-01T13:39:45.513+0000] {dag.py:3239} INFO - Sync 1 DAGs
[2025-02-01T13:39:45.523+0000] {logging_mixin.py:190} INFO - [2025-02-01T13:39:45.522+0000] {dag.py:4180} INFO - Setting next_dagrun for tutorial to 2025-01-31 00:00:00+00:00, run_after=2025-02-01 00:00:00+00:00
[2025-02-01T13:39:45.530+0000] {processor.py:208} INFO - Processing /home/airflow/.local/lib/python3.12/site-packages/airflow/example_dags/tutorial.py took 0.035 seconds
[2025-02-01T13:40:15.801+0000] {processor.py:186} INFO - Started process (PID=732) to work on /home/airflow/.local/lib/python3.12/site-packages/airflow/example_dags/tutorial.py
[2025-02-01T13:40:15.803+0000] {processor.py:914} INFO - Processing file /home/airflow/.local/lib/python3.12/site-packages/airflow/example_dags/tutorial.py for tasks to queue
[2025-02-01T13:40:15.804+0000] {logging_mixin.py:190} INFO - [2025-02-01T13:40:15.804+0000] {dagbag.py:588} INFO - Filling up the DagBag from /home/airflow/.local/lib/python3.12/site-packages/airflow/example_dags/tutorial.py
[2025-02-01T13:40:15.808+0000] {processor.py:925} INFO - DAG(s) 'tutorial' retrieved from /home/airflow/.local/lib/python3.12/site-packages/airflow/example_dags/tutorial.py
[2025-02-01T13:40:15.816+0000] {logging_mixin.py:190} INFO - [2025-02-01T13:40:15.816+0000] {dag.py:3239} INFO - Sync 1 DAGs
[2025-02-01T13:40:15.825+0000] {logging_mixin.py:190} INFO - [2025-02-01T13:40:15.825+0000] {dag.py:4180} INFO - Setting next_dagrun for tutorial to 2025-01-31 00:00:00+00:00, run_after=2025-02-01 00:00:00+00:00
[2025-02-01T13:40:15.831+0000] {processor.py:208} INFO - Processing /home/airflow/.local/lib/python3.12/site-packages/airflow/example_dags/tutorial.py took 0.033 seconds
[2025-02-01T13:40:46.791+0000] {processor.py:186} INFO - Started process (PID=798) to work on /home/airflow/.local/lib/python3.12/site-packages/airflow/example_dags/tutorial.py
[2025-02-01T13:40:46.792+0000] {processor.py:914} INFO - Processing file /home/airflow/.local/lib/python3.12/site-packages/airflow/example_dags/tutorial.py for tasks to queue
[2025-02-01T13:40:46.794+0000] {logging_mixin.py:190} INFO - [2025-02-01T13:40:46.793+0000] {dagbag.py:588} INFO - Filling up the DagBag from /home/airflow/.local/lib/python3.12/site-packages/airflow/example_dags/tutorial.py
[2025-02-01T13:40:46.797+0000] {processor.py:925} INFO - DAG(s) 'tutorial' retrieved from /home/airflow/.local/lib/python3.12/site-packages/airflow/example_dags/tutorial.py
[2025-02-01T13:40:46.811+0000] {logging_mixin.py:190} INFO - [2025-02-01T13:40:46.811+0000] {dag.py:3239} INFO - Sync 1 DAGs
[2025-02-01T13:40:46.820+0000] {logging_mixin.py:190} INFO - [2025-02-01T13:40:46.820+0000] {dag.py:4180} INFO - Setting next_dagrun for tutorial to 2025-01-31 00:00:00+00:00, run_after=2025-02-01 00:00:00+00:00
[2025-02-01T13:40:46.827+0000] {processor.py:208} INFO - Processing /home/airflow/.local/lib/python3.12/site-packages/airflow/example_dags/tutorial.py took 0.038 seconds
[2025-02-01T13:41:17.714+0000] {processor.py:186} INFO - Started process (PID=864) to work on /home/airflow/.local/lib/python3.12/site-packages/airflow/example_dags/tutorial.py
[2025-02-01T13:41:17.716+0000] {processor.py:914} INFO - Processing file /home/airflow/.local/lib/python3.12/site-packages/airflow/example_dags/tutorial.py for tasks to queue
[2025-02-01T13:41:17.717+0000] {logging_mixin.py:190} INFO - [2025-02-01T13:41:17.717+0000] {dagbag.py:588} INFO - Filling up the DagBag from /home/airflow/.local/lib/python3.12/site-packages/airflow/example_dags/tutorial.py
[2025-02-01T13:41:17.721+0000] {processor.py:925} INFO - DAG(s) 'tutorial' retrieved from /home/airflow/.local/lib/python3.12/site-packages/airflow/example_dags/tutorial.py
[2025-02-01T13:41:17.732+0000] {logging_mixin.py:190} INFO - [2025-02-01T13:41:17.732+0000] {dag.py:3239} INFO - Sync 1 DAGs
[2025-02-01T13:41:17.742+0000] {logging_mixin.py:190} INFO - [2025-02-01T13:41:17.742+0000] {dag.py:4180} INFO - Setting next_dagrun for tutorial to 2025-01-31 00:00:00+00:00, run_after=2025-02-01 00:00:00+00:00
[2025-02-01T13:41:17.748+0000] {processor.py:208} INFO - Processing /home/airflow/.local/lib/python3.12/site-packages/airflow/example_dags/tutorial.py took 0.038 seconds
[2025-02-01T13:41:48.266+0000] {processor.py:186} INFO - Started process (PID=930) to work on /home/airflow/.local/lib/python3.12/site-packages/airflow/example_dags/tutorial.py
[2025-02-01T13:41:48.269+0000] {processor.py:914} INFO - Processing file /home/airflow/.local/lib/python3.12/site-packages/airflow/example_dags/tutorial.py for tasks to queue
[2025-02-01T13:41:48.270+0000] {logging_mixin.py:190} INFO - [2025-02-01T13:41:48.270+0000] {dagbag.py:588} INFO - Filling up the DagBag from /home/airflow/.local/lib/python3.12/site-packages/airflow/example_dags/tutorial.py
[2025-02-01T13:41:48.273+0000] {processor.py:925} INFO - DAG(s) 'tutorial' retrieved from /home/airflow/.local/lib/python3.12/site-packages/airflow/example_dags/tutorial.py
[2025-02-01T13:41:48.281+0000] {logging_mixin.py:190} INFO - [2025-02-01T13:41:48.281+0000] {dag.py:3239} INFO - Sync 1 DAGs
[2025-02-01T13:41:48.293+0000] {logging_mixin.py:190} INFO - [2025-02-01T13:41:48.293+0000] {dag.py:4180} INFO - Setting next_dagrun for tutorial to 2025-01-31 00:00:00+00:00, run_after=2025-02-01 00:00:00+00:00
[2025-02-01T13:41:48.305+0000] {processor.py:208} INFO - Processing /home/airflow/.local/lib/python3.12/site-packages/airflow/example_dags/tutorial.py took 0.042 seconds
[2025-02-01T13:42:18.497+0000] {processor.py:186} INFO - Started process (PID=996) to work on /home/airflow/.local/lib/python3.12/site-packages/airflow/example_dags/tutorial.py
[2025-02-01T13:42:18.501+0000] {processor.py:914} INFO - Processing file /home/airflow/.local/lib/python3.12/site-packages/airflow/example_dags/tutorial.py for tasks to queue
[2025-02-01T13:42:18.502+0000] {logging_mixin.py:190} INFO - [2025-02-01T13:42:18.502+0000] {dagbag.py:588} INFO - Filling up the DagBag from /home/airflow/.local/lib/python3.12/site-packages/airflow/example_dags/tutorial.py
[2025-02-01T13:42:18.507+0000] {processor.py:925} INFO - DAG(s) 'tutorial' retrieved from /home/airflow/.local/lib/python3.12/site-packages/airflow/example_dags/tutorial.py
[2025-02-01T13:42:18.516+0000] {logging_mixin.py:190} INFO - [2025-02-01T13:42:18.516+0000] {dag.py:3239} INFO - Sync 1 DAGs
[2025-02-01T13:42:18.527+0000] {logging_mixin.py:190} INFO - [2025-02-01T13:42:18.527+0000] {dag.py:4180} INFO - Setting next_dagrun for tutorial to 2025-01-31 00:00:00+00:00, run_after=2025-02-01 00:00:00+00:00
[2025-02-01T13:42:18.534+0000] {processor.py:208} INFO - Processing /home/airflow/.local/lib/python3.12/site-packages/airflow/example_dags/tutorial.py took 0.040 seconds
[2025-02-01T14:45:44.023+0000] {processor.py:186} INFO - Started process (PID=70) to work on /home/airflow/.local/lib/python3.12/site-packages/airflow/example_dags/tutorial.py
[2025-02-01T14:45:44.024+0000] {processor.py:914} INFO - Processing file /home/airflow/.local/lib/python3.12/site-packages/airflow/example_dags/tutorial.py for tasks to queue
[2025-02-01T14:45:44.025+0000] {logging_mixin.py:190} INFO - [2025-02-01T14:45:44.025+0000] {dagbag.py:588} INFO - Filling up the DagBag from /home/airflow/.local/lib/python3.12/site-packages/airflow/example_dags/tutorial.py
[2025-02-01T14:45:44.030+0000] {processor.py:925} INFO - DAG(s) 'tutorial' retrieved from /home/airflow/.local/lib/python3.12/site-packages/airflow/example_dags/tutorial.py
[2025-02-01T14:45:44.042+0000] {logging_mixin.py:190} INFO - [2025-02-01T14:45:44.042+0000] {dag.py:3239} INFO - Sync 1 DAGs
[2025-02-01T14:45:44.054+0000] {logging_mixin.py:190} INFO - [2025-02-01T14:45:44.054+0000] {dag.py:4180} INFO - Setting next_dagrun for tutorial to 2025-01-31 00:00:00+00:00, run_after=2025-02-01 00:00:00+00:00
[2025-02-01T14:45:44.061+0000] {processor.py:208} INFO - Processing /home/airflow/.local/lib/python3.12/site-packages/airflow/example_dags/tutorial.py took 0.040 seconds
[2025-02-01T14:46:14.553+0000] {processor.py:186} INFO - Started process (PID=135) to work on /home/airflow/.local/lib/python3.12/site-packages/airflow/example_dags/tutorial.py
[2025-02-01T14:46:14.555+0000] {processor.py:914} INFO - Processing file /home/airflow/.local/lib/python3.12/site-packages/airflow/example_dags/tutorial.py for tasks to queue
[2025-02-01T14:46:14.556+0000] {logging_mixin.py:190} INFO - [2025-02-01T14:46:14.556+0000] {dagbag.py:588} INFO - Filling up the DagBag from /home/airflow/.local/lib/python3.12/site-packages/airflow/example_dags/tutorial.py
[2025-02-01T14:46:14.562+0000] {processor.py:925} INFO - DAG(s) 'tutorial' retrieved from /home/airflow/.local/lib/python3.12/site-packages/airflow/example_dags/tutorial.py
[2025-02-01T14:46:14.580+0000] {logging_mixin.py:190} INFO - [2025-02-01T14:46:14.579+0000] {dag.py:3239} INFO - Sync 1 DAGs
[2025-02-01T14:46:14.595+0000] {logging_mixin.py:190} INFO - [2025-02-01T14:46:14.595+0000] {dag.py:4180} INFO - Setting next_dagrun for tutorial to 2025-01-31 00:00:00+00:00, run_after=2025-02-01 00:00:00+00:00
[2025-02-01T14:46:14.606+0000] {processor.py:208} INFO - Processing /home/airflow/.local/lib/python3.12/site-packages/airflow/example_dags/tutorial.py took 0.058 seconds
[2025-02-01T14:46:44.679+0000] {processor.py:186} INFO - Started process (PID=200) to work on /home/airflow/.local/lib/python3.12/site-packages/airflow/example_dags/tutorial.py
[2025-02-01T14:46:44.681+0000] {processor.py:914} INFO - Processing file /home/airflow/.local/lib/python3.12/site-packages/airflow/example_dags/tutorial.py for tasks to queue
[2025-02-01T14:46:44.682+0000] {logging_mixin.py:190} INFO - [2025-02-01T14:46:44.682+0000] {dagbag.py:588} INFO - Filling up the DagBag from /home/airflow/.local/lib/python3.12/site-packages/airflow/example_dags/tutorial.py
[2025-02-01T14:46:44.686+0000] {processor.py:925} INFO - DAG(s) 'tutorial' retrieved from /home/airflow/.local/lib/python3.12/site-packages/airflow/example_dags/tutorial.py
[2025-02-01T14:46:44.696+0000] {logging_mixin.py:190} INFO - [2025-02-01T14:46:44.695+0000] {dag.py:3239} INFO - Sync 1 DAGs
[2025-02-01T14:46:44.708+0000] {logging_mixin.py:190} INFO - [2025-02-01T14:46:44.708+0000] {dag.py:4180} INFO - Setting next_dagrun for tutorial to 2025-01-31 00:00:00+00:00, run_after=2025-02-01 00:00:00+00:00
[2025-02-01T14:46:44.718+0000] {processor.py:208} INFO - Processing /home/airflow/.local/lib/python3.12/site-packages/airflow/example_dags/tutorial.py took 0.043 seconds
[2025-02-01T14:47:15.627+0000] {processor.py:186} INFO - Started process (PID=266) to work on /home/airflow/.local/lib/python3.12/site-packages/airflow/example_dags/tutorial.py
[2025-02-01T14:47:15.631+0000] {processor.py:914} INFO - Processing file /home/airflow/.local/lib/python3.12/site-packages/airflow/example_dags/tutorial.py for tasks to queue
[2025-02-01T14:47:15.634+0000] {logging_mixin.py:190} INFO - [2025-02-01T14:47:15.634+0000] {dagbag.py:588} INFO - Filling up the DagBag from /home/airflow/.local/lib/python3.12/site-packages/airflow/example_dags/tutorial.py
[2025-02-01T14:47:15.642+0000] {processor.py:925} INFO - DAG(s) 'tutorial' retrieved from /home/airflow/.local/lib/python3.12/site-packages/airflow/example_dags/tutorial.py
[2025-02-01T14:47:15.665+0000] {logging_mixin.py:190} INFO - [2025-02-01T14:47:15.665+0000] {dag.py:3239} INFO - Sync 1 DAGs
[2025-02-01T14:47:15.676+0000] {logging_mixin.py:190} INFO - [2025-02-01T14:47:15.676+0000] {dag.py:4180} INFO - Setting next_dagrun for tutorial to 2025-01-31 00:00:00+00:00, run_after=2025-02-01 00:00:00+00:00
[2025-02-01T14:47:15.696+0000] {processor.py:208} INFO - Processing /home/airflow/.local/lib/python3.12/site-packages/airflow/example_dags/tutorial.py took 0.073 seconds
[2025-02-01T14:47:45.976+0000] {processor.py:186} INFO - Started process (PID=332) to work on /home/airflow/.local/lib/python3.12/site-packages/airflow/example_dags/tutorial.py
[2025-02-01T14:47:45.978+0000] {processor.py:914} INFO - Processing file /home/airflow/.local/lib/python3.12/site-packages/airflow/example_dags/tutorial.py for tasks to queue
[2025-02-01T14:47:45.980+0000] {logging_mixin.py:190} INFO - [2025-02-01T14:47:45.980+0000] {dagbag.py:588} INFO - Filling up the DagBag from /home/airflow/.local/lib/python3.12/site-packages/airflow/example_dags/tutorial.py
[2025-02-01T14:47:45.986+0000] {processor.py:925} INFO - DAG(s) 'tutorial' retrieved from /home/airflow/.local/lib/python3.12/site-packages/airflow/example_dags/tutorial.py
[2025-02-01T14:47:46.002+0000] {logging_mixin.py:190} INFO - [2025-02-01T14:47:46.002+0000] {dag.py:3239} INFO - Sync 1 DAGs
[2025-02-01T14:47:46.016+0000] {logging_mixin.py:190} INFO - [2025-02-01T14:47:46.016+0000] {dag.py:4180} INFO - Setting next_dagrun for tutorial to 2025-01-31 00:00:00+00:00, run_after=2025-02-01 00:00:00+00:00
[2025-02-01T14:47:46.025+0000] {processor.py:208} INFO - Processing /home/airflow/.local/lib/python3.12/site-packages/airflow/example_dags/tutorial.py took 0.052 seconds
[2025-02-01T14:48:16.679+0000] {processor.py:186} INFO - Started process (PID=404) to work on /home/airflow/.local/lib/python3.12/site-packages/airflow/example_dags/tutorial.py
[2025-02-01T14:48:16.682+0000] {processor.py:914} INFO - Processing file /home/airflow/.local/lib/python3.12/site-packages/airflow/example_dags/tutorial.py for tasks to queue
[2025-02-01T14:48:16.684+0000] {logging_mixin.py:190} INFO - [2025-02-01T14:48:16.684+0000] {dagbag.py:588} INFO - Filling up the DagBag from /home/airflow/.local/lib/python3.12/site-packages/airflow/example_dags/tutorial.py
[2025-02-01T14:48:16.689+0000] {processor.py:925} INFO - DAG(s) 'tutorial' retrieved from /home/airflow/.local/lib/python3.12/site-packages/airflow/example_dags/tutorial.py
[2025-02-01T14:48:16.702+0000] {logging_mixin.py:190} INFO - [2025-02-01T14:48:16.702+0000] {dag.py:3239} INFO - Sync 1 DAGs
[2025-02-01T14:48:16.714+0000] {logging_mixin.py:190} INFO - [2025-02-01T14:48:16.713+0000] {dag.py:4180} INFO - Setting next_dagrun for tutorial to 2025-01-31 00:00:00+00:00, run_after=2025-02-01 00:00:00+00:00
[2025-02-01T14:48:16.728+0000] {processor.py:208} INFO - Processing /home/airflow/.local/lib/python3.12/site-packages/airflow/example_dags/tutorial.py took 0.053 seconds
[2025-02-01T14:48:47.672+0000] {processor.py:186} INFO - Started process (PID=470) to work on /home/airflow/.local/lib/python3.12/site-packages/airflow/example_dags/tutorial.py
[2025-02-01T14:48:47.673+0000] {processor.py:914} INFO - Processing file /home/airflow/.local/lib/python3.12/site-packages/airflow/example_dags/tutorial.py for tasks to queue
[2025-02-01T14:48:47.674+0000] {logging_mixin.py:190} INFO - [2025-02-01T14:48:47.674+0000] {dagbag.py:588} INFO - Filling up the DagBag from /home/airflow/.local/lib/python3.12/site-packages/airflow/example_dags/tutorial.py
[2025-02-01T14:48:47.679+0000] {processor.py:925} INFO - DAG(s) 'tutorial' retrieved from /home/airflow/.local/lib/python3.12/site-packages/airflow/example_dags/tutorial.py
[2025-02-01T14:48:47.692+0000] {logging_mixin.py:190} INFO - [2025-02-01T14:48:47.692+0000] {dag.py:3239} INFO - Sync 1 DAGs
[2025-02-01T14:48:47.704+0000] {logging_mixin.py:190} INFO - [2025-02-01T14:48:47.704+0000] {dag.py:4180} INFO - Setting next_dagrun for tutorial to 2025-01-31 00:00:00+00:00, run_after=2025-02-01 00:00:00+00:00
[2025-02-01T14:48:47.719+0000] {processor.py:208} INFO - Processing /home/airflow/.local/lib/python3.12/site-packages/airflow/example_dags/tutorial.py took 0.051 seconds
[2025-02-01T14:49:18.617+0000] {processor.py:186} INFO - Started process (PID=536) to work on /home/airflow/.local/lib/python3.12/site-packages/airflow/example_dags/tutorial.py
[2025-02-01T14:49:18.621+0000] {processor.py:914} INFO - Processing file /home/airflow/.local/lib/python3.12/site-packages/airflow/example_dags/tutorial.py for tasks to queue
[2025-02-01T14:49:18.627+0000] {logging_mixin.py:190} INFO - [2025-02-01T14:49:18.626+0000] {dagbag.py:588} INFO - Filling up the DagBag from /home/airflow/.local/lib/python3.12/site-packages/airflow/example_dags/tutorial.py
[2025-02-01T14:49:18.635+0000] {processor.py:925} INFO - DAG(s) 'tutorial' retrieved from /home/airflow/.local/lib/python3.12/site-packages/airflow/example_dags/tutorial.py
[2025-02-01T14:49:18.679+0000] {logging_mixin.py:190} INFO - [2025-02-01T14:49:18.679+0000] {dag.py:3239} INFO - Sync 1 DAGs
[2025-02-01T14:49:18.708+0000] {logging_mixin.py:190} INFO - [2025-02-01T14:49:18.707+0000] {dag.py:4180} INFO - Setting next_dagrun for tutorial to 2025-01-31 00:00:00+00:00, run_after=2025-02-01 00:00:00+00:00
[2025-02-01T14:49:18.724+0000] {processor.py:208} INFO - Processing /home/airflow/.local/lib/python3.12/site-packages/airflow/example_dags/tutorial.py took 0.113 seconds
[2025-02-01T14:49:48.884+0000] {processor.py:186} INFO - Started process (PID=602) to work on /home/airflow/.local/lib/python3.12/site-packages/airflow/example_dags/tutorial.py
[2025-02-01T14:49:48.885+0000] {processor.py:914} INFO - Processing file /home/airflow/.local/lib/python3.12/site-packages/airflow/example_dags/tutorial.py for tasks to queue
[2025-02-01T14:49:48.886+0000] {logging_mixin.py:190} INFO - [2025-02-01T14:49:48.886+0000] {dagbag.py:588} INFO - Filling up the DagBag from /home/airflow/.local/lib/python3.12/site-packages/airflow/example_dags/tutorial.py
[2025-02-01T14:49:48.890+0000] {processor.py:925} INFO - DAG(s) 'tutorial' retrieved from /home/airflow/.local/lib/python3.12/site-packages/airflow/example_dags/tutorial.py
[2025-02-01T14:49:48.904+0000] {logging_mixin.py:190} INFO - [2025-02-01T14:49:48.903+0000] {dag.py:3239} INFO - Sync 1 DAGs
[2025-02-01T14:49:48.926+0000] {logging_mixin.py:190} INFO - [2025-02-01T14:49:48.926+0000] {dag.py:4180} INFO - Setting next_dagrun for tutorial to 2025-01-31 00:00:00+00:00, run_after=2025-02-01 00:00:00+00:00
[2025-02-01T14:49:48.942+0000] {processor.py:208} INFO - Processing /home/airflow/.local/lib/python3.12/site-packages/airflow/example_dags/tutorial.py took 0.060 seconds
[2025-02-01T14:50:19.727+0000] {processor.py:186} INFO - Started process (PID=668) to work on /home/airflow/.local/lib/python3.12/site-packages/airflow/example_dags/tutorial.py
[2025-02-01T14:50:19.728+0000] {processor.py:914} INFO - Processing file /home/airflow/.local/lib/python3.12/site-packages/airflow/example_dags/tutorial.py for tasks to queue
[2025-02-01T14:50:19.730+0000] {logging_mixin.py:190} INFO - [2025-02-01T14:50:19.729+0000] {dagbag.py:588} INFO - Filling up the DagBag from /home/airflow/.local/lib/python3.12/site-packages/airflow/example_dags/tutorial.py
[2025-02-01T14:50:19.733+0000] {processor.py:925} INFO - DAG(s) 'tutorial' retrieved from /home/airflow/.local/lib/python3.12/site-packages/airflow/example_dags/tutorial.py
[2025-02-01T14:50:19.741+0000] {logging_mixin.py:190} INFO - [2025-02-01T14:50:19.741+0000] {dag.py:3239} INFO - Sync 1 DAGs
[2025-02-01T14:50:19.752+0000] {logging_mixin.py:190} INFO - [2025-02-01T14:50:19.752+0000] {dag.py:4180} INFO - Setting next_dagrun for tutorial to 2025-01-31 00:00:00+00:00, run_after=2025-02-01 00:00:00+00:00
[2025-02-01T14:50:19.760+0000] {processor.py:208} INFO - Processing /home/airflow/.local/lib/python3.12/site-packages/airflow/example_dags/tutorial.py took 0.035 seconds
[2025-02-01T14:50:50.726+0000] {processor.py:186} INFO - Started process (PID=734) to work on /home/airflow/.local/lib/python3.12/site-packages/airflow/example_dags/tutorial.py
[2025-02-01T14:50:50.727+0000] {processor.py:914} INFO - Processing file /home/airflow/.local/lib/python3.12/site-packages/airflow/example_dags/tutorial.py for tasks to queue
[2025-02-01T14:50:50.729+0000] {logging_mixin.py:190} INFO - [2025-02-01T14:50:50.729+0000] {dagbag.py:588} INFO - Filling up the DagBag from /home/airflow/.local/lib/python3.12/site-packages/airflow/example_dags/tutorial.py
[2025-02-01T14:50:50.735+0000] {processor.py:925} INFO - DAG(s) 'tutorial' retrieved from /home/airflow/.local/lib/python3.12/site-packages/airflow/example_dags/tutorial.py
[2025-02-01T14:50:50.748+0000] {logging_mixin.py:190} INFO - [2025-02-01T14:50:50.747+0000] {dag.py:3239} INFO - Sync 1 DAGs
[2025-02-01T14:50:50.757+0000] {logging_mixin.py:190} INFO - [2025-02-01T14:50:50.757+0000] {dag.py:4180} INFO - Setting next_dagrun for tutorial to 2025-01-31 00:00:00+00:00, run_after=2025-02-01 00:00:00+00:00
[2025-02-01T14:50:50.767+0000] {processor.py:208} INFO - Processing /home/airflow/.local/lib/python3.12/site-packages/airflow/example_dags/tutorial.py took 0.044 seconds
[2025-02-01T14:51:21.682+0000] {processor.py:186} INFO - Started process (PID=800) to work on /home/airflow/.local/lib/python3.12/site-packages/airflow/example_dags/tutorial.py
[2025-02-01T14:51:21.685+0000] {processor.py:914} INFO - Processing file /home/airflow/.local/lib/python3.12/site-packages/airflow/example_dags/tutorial.py for tasks to queue
[2025-02-01T14:51:21.686+0000] {logging_mixin.py:190} INFO - [2025-02-01T14:51:21.686+0000] {dagbag.py:588} INFO - Filling up the DagBag from /home/airflow/.local/lib/python3.12/site-packages/airflow/example_dags/tutorial.py
[2025-02-01T14:51:21.690+0000] {processor.py:925} INFO - DAG(s) 'tutorial' retrieved from /home/airflow/.local/lib/python3.12/site-packages/airflow/example_dags/tutorial.py
[2025-02-01T14:51:21.698+0000] {logging_mixin.py:190} INFO - [2025-02-01T14:51:21.698+0000] {dag.py:3239} INFO - Sync 1 DAGs
[2025-02-01T14:51:21.708+0000] {logging_mixin.py:190} INFO - [2025-02-01T14:51:21.708+0000] {dag.py:4180} INFO - Setting next_dagrun for tutorial to 2025-01-31 00:00:00+00:00, run_after=2025-02-01 00:00:00+00:00
[2025-02-01T14:51:21.722+0000] {processor.py:208} INFO - Processing /home/airflow/.local/lib/python3.12/site-packages/airflow/example_dags/tutorial.py took 0.042 seconds
[2025-02-01T14:51:51.881+0000] {processor.py:186} INFO - Started process (PID=866) to work on /home/airflow/.local/lib/python3.12/site-packages/airflow/example_dags/tutorial.py
[2025-02-01T14:51:51.881+0000] {processor.py:914} INFO - Processing file /home/airflow/.local/lib/python3.12/site-packages/airflow/example_dags/tutorial.py for tasks to queue
[2025-02-01T14:51:51.882+0000] {logging_mixin.py:190} INFO - [2025-02-01T14:51:51.882+0000] {dagbag.py:588} INFO - Filling up the DagBag from /home/airflow/.local/lib/python3.12/site-packages/airflow/example_dags/tutorial.py
[2025-02-01T14:51:51.886+0000] {processor.py:925} INFO - DAG(s) 'tutorial' retrieved from /home/airflow/.local/lib/python3.12/site-packages/airflow/example_dags/tutorial.py
[2025-02-01T14:51:51.894+0000] {logging_mixin.py:190} INFO - [2025-02-01T14:51:51.893+0000] {dag.py:3239} INFO - Sync 1 DAGs
[2025-02-01T14:51:51.902+0000] {logging_mixin.py:190} INFO - [2025-02-01T14:51:51.902+0000] {dag.py:4180} INFO - Setting next_dagrun for tutorial to 2025-01-31 00:00:00+00:00, run_after=2025-02-01 00:00:00+00:00
[2025-02-01T14:51:51.908+0000] {processor.py:208} INFO - Processing /home/airflow/.local/lib/python3.12/site-packages/airflow/example_dags/tutorial.py took 0.030 seconds
[2025-02-01T14:52:22.481+0000] {processor.py:186} INFO - Started process (PID=932) to work on /home/airflow/.local/lib/python3.12/site-packages/airflow/example_dags/tutorial.py
[2025-02-01T14:52:22.482+0000] {processor.py:914} INFO - Processing file /home/airflow/.local/lib/python3.12/site-packages/airflow/example_dags/tutorial.py for tasks to queue
[2025-02-01T14:52:22.488+0000] {logging_mixin.py:190} INFO - [2025-02-01T14:52:22.488+0000] {dagbag.py:588} INFO - Filling up the DagBag from /home/airflow/.local/lib/python3.12/site-packages/airflow/example_dags/tutorial.py
[2025-02-01T14:52:22.493+0000] {processor.py:925} INFO - DAG(s) 'tutorial' retrieved from /home/airflow/.local/lib/python3.12/site-packages/airflow/example_dags/tutorial.py
[2025-02-01T14:52:22.513+0000] {logging_mixin.py:190} INFO - [2025-02-01T14:52:22.513+0000] {dag.py:3239} INFO - Sync 1 DAGs
[2025-02-01T14:52:22.541+0000] {logging_mixin.py:190} INFO - [2025-02-01T14:52:22.541+0000] {dag.py:4180} INFO - Setting next_dagrun for tutorial to 2025-01-31 00:00:00+00:00, run_after=2025-02-01 00:00:00+00:00
[2025-02-01T14:52:22.568+0000] {processor.py:208} INFO - Processing /home/airflow/.local/lib/python3.12/site-packages/airflow/example_dags/tutorial.py took 0.095 seconds
[2025-02-01T14:52:53.206+0000] {processor.py:186} INFO - Started process (PID=998) to work on /home/airflow/.local/lib/python3.12/site-packages/airflow/example_dags/tutorial.py
[2025-02-01T14:52:53.208+0000] {processor.py:914} INFO - Processing file /home/airflow/.local/lib/python3.12/site-packages/airflow/example_dags/tutorial.py for tasks to queue
[2025-02-01T14:52:53.210+0000] {logging_mixin.py:190} INFO - [2025-02-01T14:52:53.210+0000] {dagbag.py:588} INFO - Filling up the DagBag from /home/airflow/.local/lib/python3.12/site-packages/airflow/example_dags/tutorial.py
[2025-02-01T14:52:53.216+0000] {processor.py:925} INFO - DAG(s) 'tutorial' retrieved from /home/airflow/.local/lib/python3.12/site-packages/airflow/example_dags/tutorial.py
[2025-02-01T14:52:53.232+0000] {logging_mixin.py:190} INFO - [2025-02-01T14:52:53.232+0000] {dag.py:3239} INFO - Sync 1 DAGs
[2025-02-01T14:52:53.246+0000] {logging_mixin.py:190} INFO - [2025-02-01T14:52:53.245+0000] {dag.py:4180} INFO - Setting next_dagrun for tutorial to 2025-01-31 00:00:00+00:00, run_after=2025-02-01 00:00:00+00:00
[2025-02-01T14:52:53.257+0000] {processor.py:208} INFO - Processing /home/airflow/.local/lib/python3.12/site-packages/airflow/example_dags/tutorial.py took 0.055 seconds
[2025-02-01T14:53:23.340+0000] {processor.py:186} INFO - Started process (PID=1064) to work on /home/airflow/.local/lib/python3.12/site-packages/airflow/example_dags/tutorial.py
[2025-02-01T14:53:23.340+0000] {processor.py:914} INFO - Processing file /home/airflow/.local/lib/python3.12/site-packages/airflow/example_dags/tutorial.py for tasks to queue
[2025-02-01T14:53:23.341+0000] {logging_mixin.py:190} INFO - [2025-02-01T14:53:23.341+0000] {dagbag.py:588} INFO - Filling up the DagBag from /home/airflow/.local/lib/python3.12/site-packages/airflow/example_dags/tutorial.py
[2025-02-01T14:53:23.345+0000] {processor.py:925} INFO - DAG(s) 'tutorial' retrieved from /home/airflow/.local/lib/python3.12/site-packages/airflow/example_dags/tutorial.py
[2025-02-01T14:53:23.354+0000] {logging_mixin.py:190} INFO - [2025-02-01T14:53:23.354+0000] {dag.py:3239} INFO - Sync 1 DAGs
[2025-02-01T14:53:23.362+0000] {logging_mixin.py:190} INFO - [2025-02-01T14:53:23.362+0000] {dag.py:4180} INFO - Setting next_dagrun for tutorial to 2025-01-31 00:00:00+00:00, run_after=2025-02-01 00:00:00+00:00
[2025-02-01T14:53:23.369+0000] {processor.py:208} INFO - Processing /home/airflow/.local/lib/python3.12/site-packages/airflow/example_dags/tutorial.py took 0.031 seconds
[2025-02-01T14:53:54.097+0000] {processor.py:186} INFO - Started process (PID=1130) to work on /home/airflow/.local/lib/python3.12/site-packages/airflow/example_dags/tutorial.py
[2025-02-01T14:53:54.098+0000] {processor.py:914} INFO - Processing file /home/airflow/.local/lib/python3.12/site-packages/airflow/example_dags/tutorial.py for tasks to queue
[2025-02-01T14:53:54.099+0000] {logging_mixin.py:190} INFO - [2025-02-01T14:53:54.099+0000] {dagbag.py:588} INFO - Filling up the DagBag from /home/airflow/.local/lib/python3.12/site-packages/airflow/example_dags/tutorial.py
[2025-02-01T14:53:54.103+0000] {processor.py:925} INFO - DAG(s) 'tutorial' retrieved from /home/airflow/.local/lib/python3.12/site-packages/airflow/example_dags/tutorial.py
[2025-02-01T14:53:54.115+0000] {logging_mixin.py:190} INFO - [2025-02-01T14:53:54.114+0000] {dag.py:3239} INFO - Sync 1 DAGs
[2025-02-01T14:53:54.124+0000] {logging_mixin.py:190} INFO - [2025-02-01T14:53:54.123+0000] {dag.py:4180} INFO - Setting next_dagrun for tutorial to 2025-01-31 00:00:00+00:00, run_after=2025-02-01 00:00:00+00:00
[2025-02-01T14:53:54.133+0000] {processor.py:208} INFO - Processing /home/airflow/.local/lib/python3.12/site-packages/airflow/example_dags/tutorial.py took 0.039 seconds
[2025-02-01T14:54:24.255+0000] {processor.py:186} INFO - Started process (PID=1196) to work on /home/airflow/.local/lib/python3.12/site-packages/airflow/example_dags/tutorial.py
[2025-02-01T14:54:24.256+0000] {processor.py:914} INFO - Processing file /home/airflow/.local/lib/python3.12/site-packages/airflow/example_dags/tutorial.py for tasks to queue
[2025-02-01T14:54:24.256+0000] {logging_mixin.py:190} INFO - [2025-02-01T14:54:24.256+0000] {dagbag.py:588} INFO - Filling up the DagBag from /home/airflow/.local/lib/python3.12/site-packages/airflow/example_dags/tutorial.py
[2025-02-01T14:54:24.260+0000] {processor.py:925} INFO - DAG(s) 'tutorial' retrieved from /home/airflow/.local/lib/python3.12/site-packages/airflow/example_dags/tutorial.py
[2025-02-01T14:54:24.268+0000] {logging_mixin.py:190} INFO - [2025-02-01T14:54:24.268+0000] {dag.py:3239} INFO - Sync 1 DAGs
[2025-02-01T14:54:24.276+0000] {logging_mixin.py:190} INFO - [2025-02-01T14:54:24.276+0000] {dag.py:4180} INFO - Setting next_dagrun for tutorial to 2025-01-31 00:00:00+00:00, run_after=2025-02-01 00:00:00+00:00
[2025-02-01T14:54:24.282+0000] {processor.py:208} INFO - Processing /home/airflow/.local/lib/python3.12/site-packages/airflow/example_dags/tutorial.py took 0.029 seconds
[2025-02-01T14:54:55.152+0000] {processor.py:186} INFO - Started process (PID=1262) to work on /home/airflow/.local/lib/python3.12/site-packages/airflow/example_dags/tutorial.py
[2025-02-01T14:54:55.153+0000] {processor.py:914} INFO - Processing file /home/airflow/.local/lib/python3.12/site-packages/airflow/example_dags/tutorial.py for tasks to queue
[2025-02-01T14:54:55.154+0000] {logging_mixin.py:190} INFO - [2025-02-01T14:54:55.154+0000] {dagbag.py:588} INFO - Filling up the DagBag from /home/airflow/.local/lib/python3.12/site-packages/airflow/example_dags/tutorial.py
[2025-02-01T14:54:55.158+0000] {processor.py:925} INFO - DAG(s) 'tutorial' retrieved from /home/airflow/.local/lib/python3.12/site-packages/airflow/example_dags/tutorial.py
[2025-02-01T14:54:55.167+0000] {logging_mixin.py:190} INFO - [2025-02-01T14:54:55.166+0000] {dag.py:3239} INFO - Sync 1 DAGs
[2025-02-01T14:54:55.175+0000] {logging_mixin.py:190} INFO - [2025-02-01T14:54:55.175+0000] {dag.py:4180} INFO - Setting next_dagrun for tutorial to 2025-01-31 00:00:00+00:00, run_after=2025-02-01 00:00:00+00:00
[2025-02-01T14:54:55.182+0000] {processor.py:208} INFO - Processing /home/airflow/.local/lib/python3.12/site-packages/airflow/example_dags/tutorial.py took 0.033 seconds
[2025-02-01T14:55:26.227+0000] {processor.py:186} INFO - Started process (PID=1328) to work on /home/airflow/.local/lib/python3.12/site-packages/airflow/example_dags/tutorial.py
[2025-02-01T14:55:26.228+0000] {processor.py:914} INFO - Processing file /home/airflow/.local/lib/python3.12/site-packages/airflow/example_dags/tutorial.py for tasks to queue
[2025-02-01T14:55:26.229+0000] {logging_mixin.py:190} INFO - [2025-02-01T14:55:26.229+0000] {dagbag.py:588} INFO - Filling up the DagBag from /home/airflow/.local/lib/python3.12/site-packages/airflow/example_dags/tutorial.py
[2025-02-01T14:55:26.233+0000] {processor.py:925} INFO - DAG(s) 'tutorial' retrieved from /home/airflow/.local/lib/python3.12/site-packages/airflow/example_dags/tutorial.py
[2025-02-01T14:55:26.249+0000] {logging_mixin.py:190} INFO - [2025-02-01T14:55:26.248+0000] {dag.py:3239} INFO - Sync 1 DAGs
[2025-02-01T14:55:26.258+0000] {logging_mixin.py:190} INFO - [2025-02-01T14:55:26.258+0000] {dag.py:4180} INFO - Setting next_dagrun for tutorial to 2025-01-31 00:00:00+00:00, run_after=2025-02-01 00:00:00+00:00
[2025-02-01T14:55:26.269+0000] {processor.py:208} INFO - Processing /home/airflow/.local/lib/python3.12/site-packages/airflow/example_dags/tutorial.py took 0.045 seconds
[2025-02-01T14:55:57.131+0000] {processor.py:186} INFO - Started process (PID=1394) to work on /home/airflow/.local/lib/python3.12/site-packages/airflow/example_dags/tutorial.py
[2025-02-01T14:55:57.131+0000] {processor.py:914} INFO - Processing file /home/airflow/.local/lib/python3.12/site-packages/airflow/example_dags/tutorial.py for tasks to queue
[2025-02-01T14:55:57.132+0000] {logging_mixin.py:190} INFO - [2025-02-01T14:55:57.132+0000] {dagbag.py:588} INFO - Filling up the DagBag from /home/airflow/.local/lib/python3.12/site-packages/airflow/example_dags/tutorial.py
[2025-02-01T14:55:57.136+0000] {processor.py:925} INFO - DAG(s) 'tutorial' retrieved from /home/airflow/.local/lib/python3.12/site-packages/airflow/example_dags/tutorial.py
[2025-02-01T14:55:57.148+0000] {logging_mixin.py:190} INFO - [2025-02-01T14:55:57.148+0000] {dag.py:3239} INFO - Sync 1 DAGs
[2025-02-01T14:55:57.159+0000] {logging_mixin.py:190} INFO - [2025-02-01T14:55:57.159+0000] {dag.py:4180} INFO - Setting next_dagrun for tutorial to 2025-01-31 00:00:00+00:00, run_after=2025-02-01 00:00:00+00:00
[2025-02-01T14:55:57.170+0000] {processor.py:208} INFO - Processing /home/airflow/.local/lib/python3.12/site-packages/airflow/example_dags/tutorial.py took 0.042 seconds
[2025-02-01T14:56:27.287+0000] {processor.py:186} INFO - Started process (PID=1460) to work on /home/airflow/.local/lib/python3.12/site-packages/airflow/example_dags/tutorial.py
[2025-02-01T14:56:27.288+0000] {processor.py:914} INFO - Processing file /home/airflow/.local/lib/python3.12/site-packages/airflow/example_dags/tutorial.py for tasks to queue
[2025-02-01T14:56:27.289+0000] {logging_mixin.py:190} INFO - [2025-02-01T14:56:27.289+0000] {dagbag.py:588} INFO - Filling up the DagBag from /home/airflow/.local/lib/python3.12/site-packages/airflow/example_dags/tutorial.py
[2025-02-01T14:56:27.298+0000] {processor.py:925} INFO - DAG(s) 'tutorial' retrieved from /home/airflow/.local/lib/python3.12/site-packages/airflow/example_dags/tutorial.py
[2025-02-01T14:56:27.312+0000] {logging_mixin.py:190} INFO - [2025-02-01T14:56:27.312+0000] {dag.py:3239} INFO - Sync 1 DAGs
[2025-02-01T14:56:27.328+0000] {logging_mixin.py:190} INFO - [2025-02-01T14:56:27.328+0000] {dag.py:4180} INFO - Setting next_dagrun for tutorial to 2025-01-31 00:00:00+00:00, run_after=2025-02-01 00:00:00+00:00
[2025-02-01T14:56:27.348+0000] {processor.py:208} INFO - Processing /home/airflow/.local/lib/python3.12/site-packages/airflow/example_dags/tutorial.py took 0.063 seconds
[2025-02-01T14:56:57.424+0000] {processor.py:186} INFO - Started process (PID=1526) to work on /home/airflow/.local/lib/python3.12/site-packages/airflow/example_dags/tutorial.py
[2025-02-01T14:56:57.424+0000] {processor.py:914} INFO - Processing file /home/airflow/.local/lib/python3.12/site-packages/airflow/example_dags/tutorial.py for tasks to queue
[2025-02-01T14:56:57.425+0000] {logging_mixin.py:190} INFO - [2025-02-01T14:56:57.425+0000] {dagbag.py:588} INFO - Filling up the DagBag from /home/airflow/.local/lib/python3.12/site-packages/airflow/example_dags/tutorial.py
[2025-02-01T14:56:57.429+0000] {processor.py:925} INFO - DAG(s) 'tutorial' retrieved from /home/airflow/.local/lib/python3.12/site-packages/airflow/example_dags/tutorial.py
[2025-02-01T14:56:57.440+0000] {logging_mixin.py:190} INFO - [2025-02-01T14:56:57.440+0000] {dag.py:3239} INFO - Sync 1 DAGs
[2025-02-01T14:56:57.453+0000] {logging_mixin.py:190} INFO - [2025-02-01T14:56:57.453+0000] {dag.py:4180} INFO - Setting next_dagrun for tutorial to 2025-01-31 00:00:00+00:00, run_after=2025-02-01 00:00:00+00:00
[2025-02-01T14:56:57.460+0000] {processor.py:208} INFO - Processing /home/airflow/.local/lib/python3.12/site-packages/airflow/example_dags/tutorial.py took 0.039 seconds
[2025-02-01T14:57:28.364+0000] {processor.py:186} INFO - Started process (PID=1592) to work on /home/airflow/.local/lib/python3.12/site-packages/airflow/example_dags/tutorial.py
[2025-02-01T14:57:28.365+0000] {processor.py:914} INFO - Processing file /home/airflow/.local/lib/python3.12/site-packages/airflow/example_dags/tutorial.py for tasks to queue
[2025-02-01T14:57:28.366+0000] {logging_mixin.py:190} INFO - [2025-02-01T14:57:28.366+0000] {dagbag.py:588} INFO - Filling up the DagBag from /home/airflow/.local/lib/python3.12/site-packages/airflow/example_dags/tutorial.py
[2025-02-01T14:57:28.375+0000] {processor.py:925} INFO - DAG(s) 'tutorial' retrieved from /home/airflow/.local/lib/python3.12/site-packages/airflow/example_dags/tutorial.py
[2025-02-01T14:57:28.388+0000] {logging_mixin.py:190} INFO - [2025-02-01T14:57:28.388+0000] {dag.py:3239} INFO - Sync 1 DAGs
[2025-02-01T14:57:28.403+0000] {logging_mixin.py:190} INFO - [2025-02-01T14:57:28.403+0000] {dag.py:4180} INFO - Setting next_dagrun for tutorial to 2025-01-31 00:00:00+00:00, run_after=2025-02-01 00:00:00+00:00
[2025-02-01T14:57:28.412+0000] {processor.py:208} INFO - Processing /home/airflow/.local/lib/python3.12/site-packages/airflow/example_dags/tutorial.py took 0.052 seconds
[2025-02-01T14:57:59.410+0000] {processor.py:186} INFO - Started process (PID=1658) to work on /home/airflow/.local/lib/python3.12/site-packages/airflow/example_dags/tutorial.py
[2025-02-01T14:57:59.412+0000] {processor.py:914} INFO - Processing file /home/airflow/.local/lib/python3.12/site-packages/airflow/example_dags/tutorial.py for tasks to queue
[2025-02-01T14:57:59.413+0000] {logging_mixin.py:190} INFO - [2025-02-01T14:57:59.413+0000] {dagbag.py:588} INFO - Filling up the DagBag from /home/airflow/.local/lib/python3.12/site-packages/airflow/example_dags/tutorial.py
[2025-02-01T14:57:59.418+0000] {processor.py:925} INFO - DAG(s) 'tutorial' retrieved from /home/airflow/.local/lib/python3.12/site-packages/airflow/example_dags/tutorial.py
[2025-02-01T14:57:59.428+0000] {logging_mixin.py:190} INFO - [2025-02-01T14:57:59.428+0000] {dag.py:3239} INFO - Sync 1 DAGs
[2025-02-01T14:57:59.441+0000] {logging_mixin.py:190} INFO - [2025-02-01T14:57:59.441+0000] {dag.py:4180} INFO - Setting next_dagrun for tutorial to 2025-01-31 00:00:00+00:00, run_after=2025-02-01 00:00:00+00:00
[2025-02-01T14:57:59.452+0000] {processor.py:208} INFO - Processing /home/airflow/.local/lib/python3.12/site-packages/airflow/example_dags/tutorial.py took 0.045 seconds
[2025-02-01T14:58:30.123+0000] {processor.py:186} INFO - Started process (PID=1724) to work on /home/airflow/.local/lib/python3.12/site-packages/airflow/example_dags/tutorial.py
[2025-02-01T14:58:30.124+0000] {processor.py:914} INFO - Processing file /home/airflow/.local/lib/python3.12/site-packages/airflow/example_dags/tutorial.py for tasks to queue
[2025-02-01T14:58:30.125+0000] {logging_mixin.py:190} INFO - [2025-02-01T14:58:30.125+0000] {dagbag.py:588} INFO - Filling up the DagBag from /home/airflow/.local/lib/python3.12/site-packages/airflow/example_dags/tutorial.py
[2025-02-01T14:58:30.130+0000] {processor.py:925} INFO - DAG(s) 'tutorial' retrieved from /home/airflow/.local/lib/python3.12/site-packages/airflow/example_dags/tutorial.py
[2025-02-01T14:58:30.141+0000] {logging_mixin.py:190} INFO - [2025-02-01T14:58:30.141+0000] {dag.py:3239} INFO - Sync 1 DAGs
[2025-02-01T14:58:30.152+0000] {logging_mixin.py:190} INFO - [2025-02-01T14:58:30.152+0000] {dag.py:4180} INFO - Setting next_dagrun for tutorial to 2025-01-31 00:00:00+00:00, run_after=2025-02-01 00:00:00+00:00
[2025-02-01T14:58:30.164+0000] {processor.py:208} INFO - Processing /home/airflow/.local/lib/python3.12/site-packages/airflow/example_dags/tutorial.py took 0.044 seconds
[2025-02-01T14:59:00.976+0000] {processor.py:186} INFO - Started process (PID=1790) to work on /home/airflow/.local/lib/python3.12/site-packages/airflow/example_dags/tutorial.py
[2025-02-01T14:59:00.978+0000] {processor.py:914} INFO - Processing file /home/airflow/.local/lib/python3.12/site-packages/airflow/example_dags/tutorial.py for tasks to queue
[2025-02-01T14:59:00.980+0000] {logging_mixin.py:190} INFO - [2025-02-01T14:59:00.980+0000] {dagbag.py:588} INFO - Filling up the DagBag from /home/airflow/.local/lib/python3.12/site-packages/airflow/example_dags/tutorial.py
[2025-02-01T14:59:00.985+0000] {processor.py:925} INFO - DAG(s) 'tutorial' retrieved from /home/airflow/.local/lib/python3.12/site-packages/airflow/example_dags/tutorial.py
[2025-02-01T14:59:00.996+0000] {logging_mixin.py:190} INFO - [2025-02-01T14:59:00.995+0000] {dag.py:3239} INFO - Sync 1 DAGs
[2025-02-01T14:59:01.005+0000] {logging_mixin.py:190} INFO - [2025-02-01T14:59:01.005+0000] {dag.py:4180} INFO - Setting next_dagrun for tutorial to 2025-01-31 00:00:00+00:00, run_after=2025-02-01 00:00:00+00:00
[2025-02-01T14:59:01.017+0000] {processor.py:208} INFO - Processing /home/airflow/.local/lib/python3.12/site-packages/airflow/example_dags/tutorial.py took 0.043 seconds
[2025-02-01T14:59:32.019+0000] {processor.py:186} INFO - Started process (PID=1856) to work on /home/airflow/.local/lib/python3.12/site-packages/airflow/example_dags/tutorial.py
[2025-02-01T14:59:32.019+0000] {processor.py:914} INFO - Processing file /home/airflow/.local/lib/python3.12/site-packages/airflow/example_dags/tutorial.py for tasks to queue
[2025-02-01T14:59:32.020+0000] {logging_mixin.py:190} INFO - [2025-02-01T14:59:32.020+0000] {dagbag.py:588} INFO - Filling up the DagBag from /home/airflow/.local/lib/python3.12/site-packages/airflow/example_dags/tutorial.py
[2025-02-01T14:59:32.024+0000] {processor.py:925} INFO - DAG(s) 'tutorial' retrieved from /home/airflow/.local/lib/python3.12/site-packages/airflow/example_dags/tutorial.py
[2025-02-01T14:59:32.034+0000] {logging_mixin.py:190} INFO - [2025-02-01T14:59:32.034+0000] {dag.py:3239} INFO - Sync 1 DAGs
[2025-02-01T14:59:32.042+0000] {logging_mixin.py:190} INFO - [2025-02-01T14:59:32.042+0000] {dag.py:4180} INFO - Setting next_dagrun for tutorial to 2025-01-31 00:00:00+00:00, run_after=2025-02-01 00:00:00+00:00
[2025-02-01T14:59:32.048+0000] {processor.py:208} INFO - Processing /home/airflow/.local/lib/python3.12/site-packages/airflow/example_dags/tutorial.py took 0.033 seconds
[2025-02-01T15:00:02.346+0000] {processor.py:186} INFO - Started process (PID=1922) to work on /home/airflow/.local/lib/python3.12/site-packages/airflow/example_dags/tutorial.py
[2025-02-01T15:00:02.346+0000] {processor.py:914} INFO - Processing file /home/airflow/.local/lib/python3.12/site-packages/airflow/example_dags/tutorial.py for tasks to queue
[2025-02-01T15:00:02.347+0000] {logging_mixin.py:190} INFO - [2025-02-01T15:00:02.347+0000] {dagbag.py:588} INFO - Filling up the DagBag from /home/airflow/.local/lib/python3.12/site-packages/airflow/example_dags/tutorial.py
[2025-02-01T15:00:02.352+0000] {processor.py:925} INFO - DAG(s) 'tutorial' retrieved from /home/airflow/.local/lib/python3.12/site-packages/airflow/example_dags/tutorial.py
[2025-02-01T15:00:02.361+0000] {logging_mixin.py:190} INFO - [2025-02-01T15:00:02.360+0000] {dag.py:3239} INFO - Sync 1 DAGs
[2025-02-01T15:00:02.371+0000] {logging_mixin.py:190} INFO - [2025-02-01T15:00:02.371+0000] {dag.py:4180} INFO - Setting next_dagrun for tutorial to 2025-01-31 00:00:00+00:00, run_after=2025-02-01 00:00:00+00:00
[2025-02-01T15:00:02.377+0000] {processor.py:208} INFO - Processing /home/airflow/.local/lib/python3.12/site-packages/airflow/example_dags/tutorial.py took 0.035 seconds
[2025-02-01T15:00:32.651+0000] {processor.py:186} INFO - Started process (PID=1988) to work on /home/airflow/.local/lib/python3.12/site-packages/airflow/example_dags/tutorial.py
[2025-02-01T15:00:32.655+0000] {processor.py:914} INFO - Processing file /home/airflow/.local/lib/python3.12/site-packages/airflow/example_dags/tutorial.py for tasks to queue
[2025-02-01T15:00:32.657+0000] {logging_mixin.py:190} INFO - [2025-02-01T15:00:32.656+0000] {dagbag.py:588} INFO - Filling up the DagBag from /home/airflow/.local/lib/python3.12/site-packages/airflow/example_dags/tutorial.py
[2025-02-01T15:00:32.662+0000] {processor.py:925} INFO - DAG(s) 'tutorial' retrieved from /home/airflow/.local/lib/python3.12/site-packages/airflow/example_dags/tutorial.py
[2025-02-01T15:00:32.676+0000] {logging_mixin.py:190} INFO - [2025-02-01T15:00:32.675+0000] {dag.py:3239} INFO - Sync 1 DAGs
[2025-02-01T15:00:32.690+0000] {logging_mixin.py:190} INFO - [2025-02-01T15:00:32.690+0000] {dag.py:4180} INFO - Setting next_dagrun for tutorial to 2025-01-31 00:00:00+00:00, run_after=2025-02-01 00:00:00+00:00
[2025-02-01T15:00:32.706+0000] {processor.py:208} INFO - Processing /home/airflow/.local/lib/python3.12/site-packages/airflow/example_dags/tutorial.py took 0.060 seconds
[2025-02-01T15:01:02.983+0000] {processor.py:186} INFO - Started process (PID=2054) to work on /home/airflow/.local/lib/python3.12/site-packages/airflow/example_dags/tutorial.py
[2025-02-01T15:01:02.984+0000] {processor.py:914} INFO - Processing file /home/airflow/.local/lib/python3.12/site-packages/airflow/example_dags/tutorial.py for tasks to queue
[2025-02-01T15:01:02.986+0000] {logging_mixin.py:190} INFO - [2025-02-01T15:01:02.986+0000] {dagbag.py:588} INFO - Filling up the DagBag from /home/airflow/.local/lib/python3.12/site-packages/airflow/example_dags/tutorial.py
[2025-02-01T15:01:02.990+0000] {processor.py:925} INFO - DAG(s) 'tutorial' retrieved from /home/airflow/.local/lib/python3.12/site-packages/airflow/example_dags/tutorial.py
[2025-02-01T15:01:03.001+0000] {logging_mixin.py:190} INFO - [2025-02-01T15:01:03.001+0000] {dag.py:3239} INFO - Sync 1 DAGs
[2025-02-01T15:01:03.014+0000] {logging_mixin.py:190} INFO - [2025-02-01T15:01:03.014+0000] {dag.py:4180} INFO - Setting next_dagrun for tutorial to 2025-01-31 00:00:00+00:00, run_after=2025-02-01 00:00:00+00:00
[2025-02-01T15:01:03.030+0000] {processor.py:208} INFO - Processing /home/airflow/.local/lib/python3.12/site-packages/airflow/example_dags/tutorial.py took 0.050 seconds
[2025-02-01T15:01:33.468+0000] {processor.py:186} INFO - Started process (PID=2120) to work on /home/airflow/.local/lib/python3.12/site-packages/airflow/example_dags/tutorial.py
[2025-02-01T15:01:33.468+0000] {processor.py:914} INFO - Processing file /home/airflow/.local/lib/python3.12/site-packages/airflow/example_dags/tutorial.py for tasks to queue
[2025-02-01T15:01:33.470+0000] {logging_mixin.py:190} INFO - [2025-02-01T15:01:33.470+0000] {dagbag.py:588} INFO - Filling up the DagBag from /home/airflow/.local/lib/python3.12/site-packages/airflow/example_dags/tutorial.py
[2025-02-01T15:01:33.474+0000] {processor.py:925} INFO - DAG(s) 'tutorial' retrieved from /home/airflow/.local/lib/python3.12/site-packages/airflow/example_dags/tutorial.py
[2025-02-01T15:01:33.483+0000] {logging_mixin.py:190} INFO - [2025-02-01T15:01:33.483+0000] {dag.py:3239} INFO - Sync 1 DAGs
[2025-02-01T15:01:33.496+0000] {logging_mixin.py:190} INFO - [2025-02-01T15:01:33.496+0000] {dag.py:4180} INFO - Setting next_dagrun for tutorial to 2025-01-31 00:00:00+00:00, run_after=2025-02-01 00:00:00+00:00
[2025-02-01T15:01:33.504+0000] {processor.py:208} INFO - Processing /home/airflow/.local/lib/python3.12/site-packages/airflow/example_dags/tutorial.py took 0.039 seconds
[2025-02-01T15:02:03.900+0000] {processor.py:186} INFO - Started process (PID=2186) to work on /home/airflow/.local/lib/python3.12/site-packages/airflow/example_dags/tutorial.py
[2025-02-01T15:02:03.902+0000] {processor.py:914} INFO - Processing file /home/airflow/.local/lib/python3.12/site-packages/airflow/example_dags/tutorial.py for tasks to queue
[2025-02-01T15:02:03.904+0000] {logging_mixin.py:190} INFO - [2025-02-01T15:02:03.904+0000] {dagbag.py:588} INFO - Filling up the DagBag from /home/airflow/.local/lib/python3.12/site-packages/airflow/example_dags/tutorial.py
[2025-02-01T15:02:03.911+0000] {processor.py:925} INFO - DAG(s) 'tutorial' retrieved from /home/airflow/.local/lib/python3.12/site-packages/airflow/example_dags/tutorial.py
[2025-02-01T15:02:03.930+0000] {logging_mixin.py:190} INFO - [2025-02-01T15:02:03.930+0000] {dag.py:3239} INFO - Sync 1 DAGs
[2025-02-01T15:02:03.951+0000] {logging_mixin.py:190} INFO - [2025-02-01T15:02:03.951+0000] {dag.py:4180} INFO - Setting next_dagrun for tutorial to 2025-01-31 00:00:00+00:00, run_after=2025-02-01 00:00:00+00:00
[2025-02-01T15:02:03.972+0000] {processor.py:208} INFO - Processing /home/airflow/.local/lib/python3.12/site-packages/airflow/example_dags/tutorial.py took 0.077 seconds
[2025-02-01T15:02:34.956+0000] {processor.py:186} INFO - Started process (PID=2252) to work on /home/airflow/.local/lib/python3.12/site-packages/airflow/example_dags/tutorial.py
[2025-02-01T15:02:34.962+0000] {processor.py:914} INFO - Processing file /home/airflow/.local/lib/python3.12/site-packages/airflow/example_dags/tutorial.py for tasks to queue
[2025-02-01T15:02:34.968+0000] {logging_mixin.py:190} INFO - [2025-02-01T15:02:34.968+0000] {dagbag.py:588} INFO - Filling up the DagBag from /home/airflow/.local/lib/python3.12/site-packages/airflow/example_dags/tutorial.py
[2025-02-01T15:02:34.981+0000] {processor.py:925} INFO - DAG(s) 'tutorial' retrieved from /home/airflow/.local/lib/python3.12/site-packages/airflow/example_dags/tutorial.py
[2025-02-01T15:02:35.002+0000] {logging_mixin.py:190} INFO - [2025-02-01T15:02:35.001+0000] {dag.py:3239} INFO - Sync 1 DAGs
[2025-02-01T15:02:35.022+0000] {logging_mixin.py:190} INFO - [2025-02-01T15:02:35.022+0000] {dag.py:4180} INFO - Setting next_dagrun for tutorial to 2025-01-31 00:00:00+00:00, run_after=2025-02-01 00:00:00+00:00
[2025-02-01T15:02:35.043+0000] {processor.py:208} INFO - Processing /home/airflow/.local/lib/python3.12/site-packages/airflow/example_dags/tutorial.py took 0.091 seconds
[2025-02-01T15:03:05.221+0000] {processor.py:186} INFO - Started process (PID=2318) to work on /home/airflow/.local/lib/python3.12/site-packages/airflow/example_dags/tutorial.py
[2025-02-01T15:03:05.222+0000] {processor.py:914} INFO - Processing file /home/airflow/.local/lib/python3.12/site-packages/airflow/example_dags/tutorial.py for tasks to queue
[2025-02-01T15:03:05.224+0000] {logging_mixin.py:190} INFO - [2025-02-01T15:03:05.224+0000] {dagbag.py:588} INFO - Filling up the DagBag from /home/airflow/.local/lib/python3.12/site-packages/airflow/example_dags/tutorial.py
[2025-02-01T15:03:05.236+0000] {processor.py:925} INFO - DAG(s) 'tutorial' retrieved from /home/airflow/.local/lib/python3.12/site-packages/airflow/example_dags/tutorial.py
[2025-02-01T15:03:05.252+0000] {logging_mixin.py:190} INFO - [2025-02-01T15:03:05.252+0000] {dag.py:3239} INFO - Sync 1 DAGs
[2025-02-01T15:03:05.268+0000] {logging_mixin.py:190} INFO - [2025-02-01T15:03:05.268+0000] {dag.py:4180} INFO - Setting next_dagrun for tutorial to 2025-01-31 00:00:00+00:00, run_after=2025-02-01 00:00:00+00:00
[2025-02-01T15:03:05.285+0000] {processor.py:208} INFO - Processing /home/airflow/.local/lib/python3.12/site-packages/airflow/example_dags/tutorial.py took 0.067 seconds
[2025-02-01T15:03:35.367+0000] {processor.py:186} INFO - Started process (PID=2384) to work on /home/airflow/.local/lib/python3.12/site-packages/airflow/example_dags/tutorial.py
[2025-02-01T15:03:35.373+0000] {processor.py:914} INFO - Processing file /home/airflow/.local/lib/python3.12/site-packages/airflow/example_dags/tutorial.py for tasks to queue
[2025-02-01T15:03:35.375+0000] {logging_mixin.py:190} INFO - [2025-02-01T15:03:35.374+0000] {dagbag.py:588} INFO - Filling up the DagBag from /home/airflow/.local/lib/python3.12/site-packages/airflow/example_dags/tutorial.py
[2025-02-01T15:03:35.380+0000] {processor.py:925} INFO - DAG(s) 'tutorial' retrieved from /home/airflow/.local/lib/python3.12/site-packages/airflow/example_dags/tutorial.py
[2025-02-01T15:03:35.395+0000] {logging_mixin.py:190} INFO - [2025-02-01T15:03:35.395+0000] {dag.py:3239} INFO - Sync 1 DAGs
[2025-02-01T15:03:35.405+0000] {logging_mixin.py:190} INFO - [2025-02-01T15:03:35.405+0000] {dag.py:4180} INFO - Setting next_dagrun for tutorial to 2025-01-31 00:00:00+00:00, run_after=2025-02-01 00:00:00+00:00
[2025-02-01T15:03:35.415+0000] {processor.py:208} INFO - Processing /home/airflow/.local/lib/python3.12/site-packages/airflow/example_dags/tutorial.py took 0.051 seconds
[2025-02-01T15:04:05.686+0000] {processor.py:186} INFO - Started process (PID=2451) to work on /home/airflow/.local/lib/python3.12/site-packages/airflow/example_dags/tutorial.py
[2025-02-01T15:04:05.687+0000] {processor.py:914} INFO - Processing file /home/airflow/.local/lib/python3.12/site-packages/airflow/example_dags/tutorial.py for tasks to queue
[2025-02-01T15:04:05.690+0000] {logging_mixin.py:190} INFO - [2025-02-01T15:04:05.690+0000] {dagbag.py:588} INFO - Filling up the DagBag from /home/airflow/.local/lib/python3.12/site-packages/airflow/example_dags/tutorial.py
[2025-02-01T15:04:05.696+0000] {processor.py:925} INFO - DAG(s) 'tutorial' retrieved from /home/airflow/.local/lib/python3.12/site-packages/airflow/example_dags/tutorial.py
[2025-02-01T15:04:05.716+0000] {logging_mixin.py:190} INFO - [2025-02-01T15:04:05.715+0000] {dag.py:3239} INFO - Sync 1 DAGs
[2025-02-01T15:04:05.737+0000] {logging_mixin.py:190} INFO - [2025-02-01T15:04:05.737+0000] {dag.py:4180} INFO - Setting next_dagrun for tutorial to 2025-01-31 00:00:00+00:00, run_after=2025-02-01 00:00:00+00:00
[2025-02-01T15:04:05.748+0000] {processor.py:208} INFO - Processing /home/airflow/.local/lib/python3.12/site-packages/airflow/example_dags/tutorial.py took 0.066 seconds
[2025-02-01T15:04:35.844+0000] {processor.py:186} INFO - Started process (PID=2517) to work on /home/airflow/.local/lib/python3.12/site-packages/airflow/example_dags/tutorial.py
[2025-02-01T15:04:35.846+0000] {processor.py:914} INFO - Processing file /home/airflow/.local/lib/python3.12/site-packages/airflow/example_dags/tutorial.py for tasks to queue
[2025-02-01T15:04:35.847+0000] {logging_mixin.py:190} INFO - [2025-02-01T15:04:35.847+0000] {dagbag.py:588} INFO - Filling up the DagBag from /home/airflow/.local/lib/python3.12/site-packages/airflow/example_dags/tutorial.py
[2025-02-01T15:04:35.853+0000] {processor.py:925} INFO - DAG(s) 'tutorial' retrieved from /home/airflow/.local/lib/python3.12/site-packages/airflow/example_dags/tutorial.py
[2025-02-01T15:04:35.871+0000] {logging_mixin.py:190} INFO - [2025-02-01T15:04:35.870+0000] {dag.py:3239} INFO - Sync 1 DAGs
[2025-02-01T15:04:35.894+0000] {logging_mixin.py:190} INFO - [2025-02-01T15:04:35.894+0000] {dag.py:4180} INFO - Setting next_dagrun for tutorial to 2025-01-31 00:00:00+00:00, run_after=2025-02-01 00:00:00+00:00
[2025-02-01T15:04:35.909+0000] {processor.py:208} INFO - Processing /home/airflow/.local/lib/python3.12/site-packages/airflow/example_dags/tutorial.py took 0.068 seconds
[2025-02-01T15:05:05.998+0000] {processor.py:186} INFO - Started process (PID=2583) to work on /home/airflow/.local/lib/python3.12/site-packages/airflow/example_dags/tutorial.py
[2025-02-01T15:05:06.001+0000] {processor.py:914} INFO - Processing file /home/airflow/.local/lib/python3.12/site-packages/airflow/example_dags/tutorial.py for tasks to queue
[2025-02-01T15:05:06.002+0000] {logging_mixin.py:190} INFO - [2025-02-01T15:05:06.002+0000] {dagbag.py:588} INFO - Filling up the DagBag from /home/airflow/.local/lib/python3.12/site-packages/airflow/example_dags/tutorial.py
[2025-02-01T15:05:06.006+0000] {processor.py:925} INFO - DAG(s) 'tutorial' retrieved from /home/airflow/.local/lib/python3.12/site-packages/airflow/example_dags/tutorial.py
[2025-02-01T15:05:06.015+0000] {logging_mixin.py:190} INFO - [2025-02-01T15:05:06.015+0000] {dag.py:3239} INFO - Sync 1 DAGs
[2025-02-01T15:05:06.025+0000] {logging_mixin.py:190} INFO - [2025-02-01T15:05:06.025+0000] {dag.py:4180} INFO - Setting next_dagrun for tutorial to 2025-01-31 00:00:00+00:00, run_after=2025-02-01 00:00:00+00:00
[2025-02-01T15:05:06.039+0000] {processor.py:208} INFO - Processing /home/airflow/.local/lib/python3.12/site-packages/airflow/example_dags/tutorial.py took 0.045 seconds
[2025-02-01T15:05:36.769+0000] {processor.py:186} INFO - Started process (PID=2649) to work on /home/airflow/.local/lib/python3.12/site-packages/airflow/example_dags/tutorial.py
[2025-02-01T15:05:36.772+0000] {processor.py:914} INFO - Processing file /home/airflow/.local/lib/python3.12/site-packages/airflow/example_dags/tutorial.py for tasks to queue
[2025-02-01T15:05:36.773+0000] {logging_mixin.py:190} INFO - [2025-02-01T15:05:36.773+0000] {dagbag.py:588} INFO - Filling up the DagBag from /home/airflow/.local/lib/python3.12/site-packages/airflow/example_dags/tutorial.py
[2025-02-01T15:05:36.777+0000] {processor.py:925} INFO - DAG(s) 'tutorial' retrieved from /home/airflow/.local/lib/python3.12/site-packages/airflow/example_dags/tutorial.py
[2025-02-01T15:05:36.788+0000] {logging_mixin.py:190} INFO - [2025-02-01T15:05:36.788+0000] {dag.py:3239} INFO - Sync 1 DAGs
[2025-02-01T15:05:36.799+0000] {logging_mixin.py:190} INFO - [2025-02-01T15:05:36.799+0000] {dag.py:4180} INFO - Setting next_dagrun for tutorial to 2025-01-31 00:00:00+00:00, run_after=2025-02-01 00:00:00+00:00
[2025-02-01T15:05:36.809+0000] {processor.py:208} INFO - Processing /home/airflow/.local/lib/python3.12/site-packages/airflow/example_dags/tutorial.py took 0.043 seconds
[2025-02-01T15:06:07.554+0000] {processor.py:186} INFO - Started process (PID=2715) to work on /home/airflow/.local/lib/python3.12/site-packages/airflow/example_dags/tutorial.py
[2025-02-01T15:06:07.555+0000] {processor.py:914} INFO - Processing file /home/airflow/.local/lib/python3.12/site-packages/airflow/example_dags/tutorial.py for tasks to queue
[2025-02-01T15:06:07.556+0000] {logging_mixin.py:190} INFO - [2025-02-01T15:06:07.555+0000] {dagbag.py:588} INFO - Filling up the DagBag from /home/airflow/.local/lib/python3.12/site-packages/airflow/example_dags/tutorial.py
[2025-02-01T15:06:07.561+0000] {processor.py:925} INFO - DAG(s) 'tutorial' retrieved from /home/airflow/.local/lib/python3.12/site-packages/airflow/example_dags/tutorial.py
[2025-02-01T15:06:07.570+0000] {logging_mixin.py:190} INFO - [2025-02-01T15:06:07.570+0000] {dag.py:3239} INFO - Sync 1 DAGs
[2025-02-01T15:06:07.580+0000] {logging_mixin.py:190} INFO - [2025-02-01T15:06:07.580+0000] {dag.py:4180} INFO - Setting next_dagrun for tutorial to 2025-01-31 00:00:00+00:00, run_after=2025-02-01 00:00:00+00:00
[2025-02-01T15:06:07.588+0000] {processor.py:208} INFO - Processing /home/airflow/.local/lib/python3.12/site-packages/airflow/example_dags/tutorial.py took 0.036 seconds
