[2025-01-25T06:17:17.039+0000] {local_task_job_runner.py:123} INFO - ::group::Pre task execution logs
[2025-01-25T06:17:17.090+0000] {taskinstance.py:2613} INFO - Dependencies all met for dep_context=non-requeueable deps ti=<TaskInstance: fetch_and_store_amazon_books.create_table scheduled__2024-08-11T00:00:00+00:00 [queued]>
[2025-01-25T06:17:17.125+0000] {taskinstance.py:2613} INFO - Dependencies all met for dep_context=requeueable deps ti=<TaskInstance: fetch_and_store_amazon_books.create_table scheduled__2024-08-11T00:00:00+00:00 [queued]>
[2025-01-25T06:17:17.130+0000] {taskinstance.py:2866} INFO - Starting attempt 1 of 2
[2025-01-25T06:17:17.170+0000] {taskinstance.py:2889} INFO - Executing <Task(PostgresOperator): create_table> on 2024-08-11 00:00:00+00:00
[2025-01-25T06:17:17.183+0000] {standard_task_runner.py:104} INFO - Running: ['***', 'tasks', 'run', 'fetch_and_store_amazon_books', 'create_table', 'scheduled__2024-08-11T00:00:00+00:00', '--job-id', '224', '--raw', '--subdir', 'DAGS_FOLDER/app.py', '--cfg-path', '/tmp/tmph1bavs5d']
[2025-01-25T06:17:17.184+0000] {standard_task_runner.py:105} INFO - Job 224: Subtask create_table
[2025-01-25T06:17:17.182+0000] {warnings.py:112} WARNING - /home/***/.local/lib/python3.12/site-packages/***/task/task_runner/standard_task_runner.py:70: DeprecationWarning: This process (pid=164) is multi-threaded, use of fork() may lead to deadlocks in the child.
  pid = os.fork()

[2025-01-25T06:17:17.187+0000] {standard_task_runner.py:72} INFO - Started process 182 to run task
[2025-01-25T06:17:17.271+0000] {task_command.py:467} INFO - Running <TaskInstance: fetch_and_store_amazon_books.create_table scheduled__2024-08-11T00:00:00+00:00 [running]> on host d5b192692729
[2025-01-25T06:17:17.395+0000] {taskinstance.py:3132} INFO - Exporting env vars: AIRFLOW_CTX_DAG_OWNER='***' AIRFLOW_CTX_DAG_ID='fetch_and_store_amazon_books' AIRFLOW_CTX_TASK_ID='create_table' AIRFLOW_CTX_EXECUTION_DATE='2024-08-11T00:00:00+00:00' AIRFLOW_CTX_TRY_NUMBER='1' AIRFLOW_CTX_DAG_RUN_ID='scheduled__2024-08-11T00:00:00+00:00'
[2025-01-25T06:17:17.398+0000] {logging_mixin.py:190} INFO - Task instance is in running state
[2025-01-25T06:17:17.399+0000] {logging_mixin.py:190} INFO -  Previous state of the Task instance: queued
[2025-01-25T06:17:17.399+0000] {logging_mixin.py:190} INFO - Current task name:create_table state:running start_date:2025-01-25 06:17:17.094159+00:00
[2025-01-25T06:17:17.399+0000] {logging_mixin.py:190} INFO - Dag name:fetch_and_store_amazon_books and current dag run status:running
[2025-01-25T06:17:17.400+0000] {taskinstance.py:731} INFO - ::endgroup::
[2025-01-25T06:17:17.400+0000] {sql.py:278} INFO - Executing: 
    CREATE TABLE IF NOT EXISTS books (
        id SERIAL PRIMARY KEY,
        title TEXT NOT NULL,
        authors TEXT,
        price TEXT,
        rating TEXT
    );
    
[2025-01-25T06:17:17.417+0000] {base.py:84} INFO - Retrieving connection 'books_connection'
[2025-01-25T06:17:17.437+0000] {base.py:84} INFO - Retrieving connection 'books_connection'
[2025-01-25T06:17:17.441+0000] {sql.py:553} INFO - Running statement: 
    CREATE TABLE IF NOT EXISTS books (
        id SERIAL PRIMARY KEY,
        title TEXT NOT NULL,
        authors TEXT,
        price TEXT,
        rating TEXT
    );
    , parameters: None
[2025-01-25T06:17:17.455+0000] {taskinstance.py:340} INFO - ::group::Post task execution logs
[2025-01-25T06:17:17.456+0000] {taskinstance.py:352} INFO - Marking task as SUCCESS. dag_id=fetch_and_store_amazon_books, task_id=create_table, run_id=scheduled__2024-08-11T00:00:00+00:00, execution_date=20240811T000000, start_date=20250125T061717, end_date=20250125T061717
[2025-01-25T06:17:17.469+0000] {logging_mixin.py:190} INFO - Task instance in success state
[2025-01-25T06:17:17.470+0000] {logging_mixin.py:190} INFO -  Previous state of the Task instance: running
[2025-01-25T06:17:17.471+0000] {logging_mixin.py:190} INFO - Dag name:fetch_and_store_amazon_books queued_at:2025-01-25 06:17:12.194934+00:00
[2025-01-25T06:17:17.471+0000] {logging_mixin.py:190} INFO - Task hostname:d5b192692729 operator:PostgresOperator
[2025-01-25T06:17:17.511+0000] {local_task_job_runner.py:266} INFO - Task exited with return code 0
[2025-01-25T06:17:17.539+0000] {taskinstance.py:3895} INFO - 1 downstream tasks scheduled from follow-on schedule check
[2025-01-25T06:17:17.540+0000] {local_task_job_runner.py:245} INFO - ::endgroup::
