[2025-01-31T01:23:22.908+0000] {local_task_job_runner.py:123} INFO - ::group::Pre task execution logs
[2025-01-31T01:23:22.918+0000] {taskinstance.py:2613} INFO - Dependencies all met for dep_context=non-requeueable deps ti=<TaskInstance: youtube_comments_etl_pipeline.transform_youtube_data manual__2025-01-31T01:23:18.963080+00:00 [queued]>
[2025-01-31T01:23:22.921+0000] {taskinstance.py:2613} INFO - Dependencies all met for dep_context=requeueable deps ti=<TaskInstance: youtube_comments_etl_pipeline.transform_youtube_data manual__2025-01-31T01:23:18.963080+00:00 [queued]>
[2025-01-31T01:23:22.922+0000] {taskinstance.py:2866} INFO - Starting attempt 1 of 1
[2025-01-31T01:23:22.926+0000] {taskinstance.py:2889} INFO - Executing <Task(_PythonDecoratedOperator): transform_youtube_data> on 2025-01-31 01:23:18.963080+00:00
[2025-01-31T01:23:22.930+0000] {warnings.py:112} WARNING - /home/***/.local/lib/python3.12/site-packages/***/task/task_runner/standard_task_runner.py:70: DeprecationWarning: This process (pid=683) is multi-threaded, use of fork() may lead to deadlocks in the child.
  pid = os.fork()

[2025-01-31T01:23:22.931+0000] {standard_task_runner.py:72} INFO - Started process 684 to run task
[2025-01-31T01:23:22.931+0000] {standard_task_runner.py:104} INFO - Running: ['***', 'tasks', 'run', 'youtube_comments_etl_pipeline', 'transform_youtube_data', 'manual__2025-01-31T01:23:18.963080+00:00', '--job-id', '442', '--raw', '--subdir', 'DAGS_FOLDER/youtube_comments_DAG.py', '--cfg-path', '/tmp/tmp882fucqi']
[2025-01-31T01:23:22.932+0000] {standard_task_runner.py:105} INFO - Job 442: Subtask transform_youtube_data
[2025-01-31T01:23:22.952+0000] {task_command.py:467} INFO - Running <TaskInstance: youtube_comments_etl_pipeline.transform_youtube_data manual__2025-01-31T01:23:18.963080+00:00 [running]> on host 8155aa75e0ca
[2025-01-31T01:23:23.183+0000] {taskinstance.py:3132} INFO - Exporting env vars: AIRFLOW_CTX_DAG_OWNER='***' AIRFLOW_CTX_DAG_ID='youtube_comments_etl_pipeline' AIRFLOW_CTX_TASK_ID='transform_youtube_data' AIRFLOW_CTX_EXECUTION_DATE='2025-01-31T01:23:18.963080+00:00' AIRFLOW_CTX_TRY_NUMBER='1' AIRFLOW_CTX_DAG_RUN_ID='manual__2025-01-31T01:23:18.963080+00:00'
[2025-01-31T01:23:23.184+0000] {logging_mixin.py:190} INFO - Task instance is in running state
[2025-01-31T01:23:23.184+0000] {logging_mixin.py:190} INFO -  Previous state of the Task instance: queued
[2025-01-31T01:23:23.184+0000] {logging_mixin.py:190} INFO - Current task name:transform_youtube_data state:running start_date:2025-01-31 01:23:22.918934+00:00
[2025-01-31T01:23:23.185+0000] {logging_mixin.py:190} INFO - Dag name:youtube_comments_etl_pipeline and current dag run status:running
[2025-01-31T01:23:23.185+0000] {taskinstance.py:731} INFO - ::endgroup::
[2025-01-31T01:23:23.194+0000] {logging_mixin.py:190} INFO - transformed_data.head():                author          published_at  ... like_count                  text
0  @analyticswithadam  2024-02-06T21:00:47Z  ...          4  Updated Video a href

[1 rows x 5 columns]
[2025-01-31T01:23:23.194+0000] {python.py:240} INFO - Done. Returned value was:                author          published_at  ... like_count                  text
0  @analyticswithadam  2024-02-06T21:00:47Z  ...          4  Updated Video a href

[1 rows x 5 columns]
[2025-01-31T01:23:23.216+0000] {taskinstance.py:340} INFO - ::group::Post task execution logs
[2025-01-31T01:23:23.217+0000] {taskinstance.py:352} INFO - Marking task as SUCCESS. dag_id=youtube_comments_etl_pipeline, task_id=transform_youtube_data, run_id=manual__2025-01-31T01:23:18.963080+00:00, execution_date=20250131T012318, start_date=20250131T012322, end_date=20250131T012323
[2025-01-31T01:23:23.223+0000] {logging_mixin.py:190} INFO - Task instance in success state
[2025-01-31T01:23:23.223+0000] {logging_mixin.py:190} INFO -  Previous state of the Task instance: running
[2025-01-31T01:23:23.223+0000] {logging_mixin.py:190} INFO - Dag name:youtube_comments_etl_pipeline queued_at:2025-01-31 01:23:18.997839+00:00
[2025-01-31T01:23:23.224+0000] {logging_mixin.py:190} INFO - Task hostname:8155aa75e0ca operator:_PythonDecoratedOperator
[2025-01-31T01:23:23.271+0000] {local_task_job_runner.py:266} INFO - Task exited with return code 0
[2025-01-31T01:23:23.285+0000] {taskinstance.py:3895} INFO - 1 downstream tasks scheduled from follow-on schedule check
[2025-01-31T01:23:23.286+0000] {local_task_job_runner.py:245} INFO - ::endgroup::
