[2025-01-25T05:59:06.610+0000] {local_task_job_runner.py:123} INFO - ::group::Pre task execution logs
[2025-01-25T05:59:06.695+0000] {taskinstance.py:2613} INFO - Dependencies all met for dep_context=non-requeueable deps ti=<TaskInstance: fetch_and_store_amazon_books.fetch_book_data scheduled__2024-06-24T00:00:00+00:00 [queued]>
[2025-01-25T05:59:06.723+0000] {taskinstance.py:2613} INFO - Dependencies all met for dep_context=requeueable deps ti=<TaskInstance: fetch_and_store_amazon_books.fetch_book_data scheduled__2024-06-24T00:00:00+00:00 [queued]>
[2025-01-25T05:59:06.727+0000] {taskinstance.py:2866} INFO - Starting attempt 1 of 2
[2025-01-25T05:59:06.769+0000] {taskinstance.py:2889} INFO - Executing <Task(PythonOperator): fetch_book_data> on 2024-06-24 00:00:00+00:00
[2025-01-25T05:59:06.793+0000] {standard_task_runner.py:104} INFO - Running: ['***', 'tasks', 'run', 'fetch_and_store_amazon_books', 'fetch_book_data', 'scheduled__2024-06-24T00:00:00+00:00', '--job-id', '17', '--raw', '--subdir', 'DAGS_FOLDER/app.py', '--cfg-path', '/tmp/tmpptbw3v0h']
[2025-01-25T05:59:06.805+0000] {standard_task_runner.py:105} INFO - Job 17: Subtask fetch_book_data
[2025-01-25T05:59:06.813+0000] {warnings.py:112} WARNING - /home/***/.local/lib/python3.12/site-packages/***/task/task_runner/standard_task_runner.py:70: DeprecationWarning: This process (pid=903) is multi-threaded, use of fork() may lead to deadlocks in the child.
  pid = os.fork()

[2025-01-25T05:59:06.824+0000] {standard_task_runner.py:72} INFO - Started process 939 to run task
[2025-01-25T05:59:07.047+0000] {task_command.py:467} INFO - Running <TaskInstance: fetch_and_store_amazon_books.fetch_book_data scheduled__2024-06-24T00:00:00+00:00 [running]> on host 815074f09894
[2025-01-25T05:59:07.282+0000] {taskinstance.py:3132} INFO - Exporting env vars: AIRFLOW_CTX_DAG_OWNER='***' AIRFLOW_CTX_DAG_ID='fetch_and_store_amazon_books' AIRFLOW_CTX_TASK_ID='fetch_book_data' AIRFLOW_CTX_EXECUTION_DATE='2024-06-24T00:00:00+00:00' AIRFLOW_CTX_TRY_NUMBER='1' AIRFLOW_CTX_DAG_RUN_ID='scheduled__2024-06-24T00:00:00+00:00'
[2025-01-25T05:59:07.302+0000] {logging_mixin.py:190} INFO - Task instance is in running state
[2025-01-25T05:59:07.306+0000] {logging_mixin.py:190} INFO -  Previous state of the Task instance: queued
[2025-01-25T05:59:07.307+0000] {logging_mixin.py:190} INFO - Current task name:fetch_book_data state:running start_date:2025-01-25 05:59:06.700318+00:00
[2025-01-25T05:59:07.312+0000] {logging_mixin.py:190} INFO - Dag name:fetch_and_store_amazon_books and current dag run status:running
[2025-01-25T05:59:07.313+0000] {taskinstance.py:731} INFO - ::endgroup::
[2025-01-25T05:59:17.079+0000] {standard_task_runner.py:217} INFO - Process not found (most likely exited), stop collecting metrics
[2025-01-25T05:59:17.047+0000] {local_task_job_runner.py:266} INFO - Task exited with return code -9. For more information, see https://***.apache.org/docs/apache-***/stable/troubleshooting.html#LocalTaskJob-killed
[2025-01-25T05:59:18.586+0000] {local_task_job_runner.py:245} INFO - ::endgroup::
