[2025-01-31T01:44:47.777+0000] {local_task_job_runner.py:123} INFO - ::group::Pre task execution logs
[2025-01-31T01:44:47.782+0000] {taskinstance.py:2613} INFO - Dependencies all met for dep_context=non-requeueable deps ti=<TaskInstance: youtube_comments_etl_pipeline.load_youtube_data manual__2025-01-31T01:44:43.695254+00:00 [queued]>
[2025-01-31T01:44:47.784+0000] {taskinstance.py:2613} INFO - Dependencies all met for dep_context=requeueable deps ti=<TaskInstance: youtube_comments_etl_pipeline.load_youtube_data manual__2025-01-31T01:44:43.695254+00:00 [queued]>
[2025-01-31T01:44:47.785+0000] {taskinstance.py:2866} INFO - Starting attempt 1 of 1
[2025-01-31T01:44:47.788+0000] {taskinstance.py:2889} INFO - Executing <Task(_PythonDecoratedOperator): load_youtube_data> on 2025-01-31 01:44:43.695254+00:00
[2025-01-31T01:44:47.791+0000] {warnings.py:112} WARNING - /home/***/.local/lib/python3.12/site-packages/***/task/task_runner/standard_task_runner.py:70: DeprecationWarning: This process (pid=1041) is multi-threaded, use of fork() may lead to deadlocks in the child.
  pid = os.fork()

[2025-01-31T01:44:47.792+0000] {standard_task_runner.py:72} INFO - Started process 1042 to run task
[2025-01-31T01:44:47.792+0000] {standard_task_runner.py:104} INFO - Running: ['***', 'tasks', 'run', 'youtube_comments_etl_pipeline', 'load_youtube_data', 'manual__2025-01-31T01:44:43.695254+00:00', '--job-id', '454', '--raw', '--subdir', 'DAGS_FOLDER/youtube_comments_DAG.py', '--cfg-path', '/tmp/tmpvtwj2a1n']
[2025-01-31T01:44:47.793+0000] {standard_task_runner.py:105} INFO - Job 454: Subtask load_youtube_data
[2025-01-31T01:44:47.807+0000] {task_command.py:467} INFO - Running <TaskInstance: youtube_comments_etl_pipeline.load_youtube_data manual__2025-01-31T01:44:43.695254+00:00 [running]> on host 8155aa75e0ca
[2025-01-31T01:44:47.955+0000] {taskinstance.py:3132} INFO - Exporting env vars: AIRFLOW_CTX_DAG_OWNER='***' AIRFLOW_CTX_DAG_ID='youtube_comments_etl_pipeline' AIRFLOW_CTX_TASK_ID='load_youtube_data' AIRFLOW_CTX_EXECUTION_DATE='2025-01-31T01:44:43.695254+00:00' AIRFLOW_CTX_TRY_NUMBER='1' AIRFLOW_CTX_DAG_RUN_ID='manual__2025-01-31T01:44:43.695254+00:00'
[2025-01-31T01:44:47.955+0000] {logging_mixin.py:190} INFO - Task instance is in running state
[2025-01-31T01:44:47.955+0000] {logging_mixin.py:190} INFO -  Previous state of the Task instance: queued
[2025-01-31T01:44:47.955+0000] {logging_mixin.py:190} INFO - Current task name:load_youtube_data state:running start_date:2025-01-31 01:44:47.782793+00:00
[2025-01-31T01:44:47.955+0000] {logging_mixin.py:190} INFO - Dag name:youtube_comments_etl_pipeline and current dag run status:running
[2025-01-31T01:44:47.955+0000] {taskinstance.py:731} INFO - ::endgroup::
[2025-01-31T01:44:47.958+0000] {base.py:84} INFO - Retrieving connection 'youtube_connection'
[2025-01-31T01:44:47.964+0000] {python.py:240} INFO - Done. Returned value was: None
[2025-01-31T01:44:47.967+0000] {taskinstance.py:340} INFO - ::group::Post task execution logs
[2025-01-31T01:44:47.968+0000] {taskinstance.py:352} INFO - Marking task as SUCCESS. dag_id=youtube_comments_etl_pipeline, task_id=load_youtube_data, run_id=manual__2025-01-31T01:44:43.695254+00:00, execution_date=20250131T014443, start_date=20250131T014447, end_date=20250131T014447
[2025-01-31T01:44:47.970+0000] {logging_mixin.py:190} INFO - Task instance in success state
[2025-01-31T01:44:47.970+0000] {logging_mixin.py:190} INFO -  Previous state of the Task instance: running
[2025-01-31T01:44:47.970+0000] {logging_mixin.py:190} INFO - Dag name:youtube_comments_etl_pipeline queued_at:2025-01-31 01:44:43.716065+00:00
[2025-01-31T01:44:47.970+0000] {logging_mixin.py:190} INFO - Task hostname:8155aa75e0ca operator:_PythonDecoratedOperator
[2025-01-31T01:44:47.980+0000] {local_task_job_runner.py:266} INFO - Task exited with return code 0
[2025-01-31T01:44:47.986+0000] {taskinstance.py:3895} INFO - 0 downstream tasks scheduled from follow-on schedule check
[2025-01-31T01:44:47.987+0000] {local_task_job_runner.py:245} INFO - ::endgroup::
