[2025-01-25T06:34:16.641+0000] {local_task_job_runner.py:123} INFO - ::group::Pre task execution logs
[2025-01-25T06:34:16.647+0000] {taskinstance.py:2613} INFO - Dependencies all met for dep_context=non-requeueable deps ti=<TaskInstance: fetch_and_store_amazon_books.create_table manual__2025-01-25T06:34:13.814123+00:00 [queued]>
[2025-01-25T06:34:16.649+0000] {taskinstance.py:2613} INFO - Dependencies all met for dep_context=requeueable deps ti=<TaskInstance: fetch_and_store_amazon_books.create_table manual__2025-01-25T06:34:13.814123+00:00 [queued]>
[2025-01-25T06:34:16.649+0000] {taskinstance.py:2866} INFO - Starting attempt 1 of 2
[2025-01-25T06:34:16.653+0000] {taskinstance.py:2889} INFO - Executing <Task(PostgresOperator): create_table> on 2025-01-25 06:34:13.814123+00:00
[2025-01-25T06:34:16.656+0000] {warnings.py:112} WARNING - /home/***/.local/lib/python3.12/site-packages/***/task/task_runner/standard_task_runner.py:70: DeprecationWarning: This process (pid=123) is multi-threaded, use of fork() may lead to deadlocks in the child.
  pid = os.fork()

[2025-01-25T06:34:16.656+0000] {standard_task_runner.py:72} INFO - Started process 124 to run task
[2025-01-25T06:34:16.657+0000] {standard_task_runner.py:104} INFO - Running: ['***', 'tasks', 'run', 'fetch_and_store_amazon_books', 'create_table', 'manual__2025-01-25T06:34:13.814123+00:00', '--job-id', '332', '--raw', '--subdir', 'DAGS_FOLDER/app.py', '--cfg-path', '/tmp/tmpbt2k09au']
[2025-01-25T06:34:16.657+0000] {standard_task_runner.py:105} INFO - Job 332: Subtask create_table
[2025-01-25T06:34:16.675+0000] {task_command.py:467} INFO - Running <TaskInstance: fetch_and_store_amazon_books.create_table manual__2025-01-25T06:34:13.814123+00:00 [running]> on host f0e2bf53d093
[2025-01-25T06:34:16.703+0000] {taskinstance.py:3132} INFO - Exporting env vars: AIRFLOW_CTX_DAG_OWNER='***' AIRFLOW_CTX_DAG_ID='fetch_and_store_amazon_books' AIRFLOW_CTX_TASK_ID='create_table' AIRFLOW_CTX_EXECUTION_DATE='2025-01-25T06:34:13.814123+00:00' AIRFLOW_CTX_TRY_NUMBER='1' AIRFLOW_CTX_DAG_RUN_ID='manual__2025-01-25T06:34:13.814123+00:00'
[2025-01-25T06:34:16.704+0000] {logging_mixin.py:190} INFO - Task instance is in running state
[2025-01-25T06:34:16.704+0000] {logging_mixin.py:190} INFO -  Previous state of the Task instance: queued
[2025-01-25T06:34:16.704+0000] {logging_mixin.py:190} INFO - Current task name:create_table state:running start_date:2025-01-25 06:34:16.647226+00:00
[2025-01-25T06:34:16.704+0000] {logging_mixin.py:190} INFO - Dag name:fetch_and_store_amazon_books and current dag run status:running
[2025-01-25T06:34:16.704+0000] {taskinstance.py:731} INFO - ::endgroup::
[2025-01-25T06:34:16.705+0000] {sql.py:278} INFO - Executing: 
    CREATE TABLE IF NOT EXISTS books (
        id SERIAL PRIMARY KEY,
        title TEXT NOT NULL,
        authors TEXT,
        price TEXT,
        rating TEXT
    );
    
[2025-01-25T06:34:16.707+0000] {base.py:84} INFO - Retrieving connection 'books_connection'
[2025-01-25T06:34:16.710+0000] {base.py:84} INFO - Retrieving connection 'books_connection'
[2025-01-25T06:34:16.711+0000] {sql.py:553} INFO - Running statement: 
    CREATE TABLE IF NOT EXISTS books (
        id SERIAL PRIMARY KEY,
        title TEXT NOT NULL,
        authors TEXT,
        price TEXT,
        rating TEXT
    );
    , parameters: None
[2025-01-25T06:34:16.715+0000] {taskinstance.py:340} INFO - ::group::Post task execution logs
[2025-01-25T06:34:16.715+0000] {taskinstance.py:352} INFO - Marking task as SUCCESS. dag_id=fetch_and_store_amazon_books, task_id=create_table, run_id=manual__2025-01-25T06:34:13.814123+00:00, execution_date=20250125T063413, start_date=20250125T063416, end_date=20250125T063416
[2025-01-25T06:34:16.718+0000] {logging_mixin.py:190} INFO - Task instance in success state
[2025-01-25T06:34:16.718+0000] {logging_mixin.py:190} INFO -  Previous state of the Task instance: running
[2025-01-25T06:34:16.718+0000] {logging_mixin.py:190} INFO - Dag name:fetch_and_store_amazon_books queued_at:2025-01-25 06:34:13.829139+00:00
[2025-01-25T06:34:16.718+0000] {logging_mixin.py:190} INFO - Task hostname:f0e2bf53d093 operator:PostgresOperator
[2025-01-25T06:34:16.757+0000] {local_task_job_runner.py:266} INFO - Task exited with return code 0
[2025-01-25T06:34:16.765+0000] {taskinstance.py:3895} INFO - 1 downstream tasks scheduled from follow-on schedule check
[2025-01-25T06:34:16.765+0000] {local_task_job_runner.py:245} INFO - ::endgroup::
