[2025-01-25T06:22:32.966+0000] {local_task_job_runner.py:123} INFO - ::group::Pre task execution logs
[2025-01-25T06:22:33.015+0000] {taskinstance.py:2613} INFO - Dependencies all met for dep_context=non-requeueable deps ti=<TaskInstance: fetch_and_store_amazon_books.fetch_book_data scheduled__2024-08-28T00:00:00+00:00 [queued]>
[2025-01-25T06:22:33.034+0000] {taskinstance.py:2613} INFO - Dependencies all met for dep_context=requeueable deps ti=<TaskInstance: fetch_and_store_amazon_books.fetch_book_data scheduled__2024-08-28T00:00:00+00:00 [queued]>
[2025-01-25T06:22:33.034+0000] {taskinstance.py:2866} INFO - Starting attempt 1 of 2
[2025-01-25T06:22:33.062+0000] {taskinstance.py:2889} INFO - Executing <Task(PythonOperator): fetch_book_data> on 2024-08-28 00:00:00+00:00
[2025-01-25T06:22:33.097+0000] {warnings.py:112} WARNING - /home/***/.local/lib/python3.12/site-packages/***/task/task_runner/standard_task_runner.py:70: DeprecationWarning: This process (pid=405) is multi-threaded, use of fork() may lead to deadlocks in the child.
  pid = os.fork()

[2025-01-25T06:22:33.102+0000] {standard_task_runner.py:72} INFO - Started process 412 to run task
[2025-01-25T06:22:33.112+0000] {standard_task_runner.py:104} INFO - Running: ['***', 'tasks', 'run', 'fetch_and_store_amazon_books', 'fetch_book_data', 'scheduled__2024-08-28T00:00:00+00:00', '--job-id', '277', '--raw', '--subdir', 'DAGS_FOLDER/app.py', '--cfg-path', '/tmp/tmp3ag9_wlk']
[2025-01-25T06:22:33.116+0000] {standard_task_runner.py:105} INFO - Job 277: Subtask fetch_book_data
[2025-01-25T06:22:33.246+0000] {task_command.py:467} INFO - Running <TaskInstance: fetch_and_store_amazon_books.fetch_book_data scheduled__2024-08-28T00:00:00+00:00 [running]> on host d5b192692729
[2025-01-25T06:22:33.586+0000] {taskinstance.py:3132} INFO - Exporting env vars: AIRFLOW_CTX_DAG_OWNER='***' AIRFLOW_CTX_DAG_ID='fetch_and_store_amazon_books' AIRFLOW_CTX_TASK_ID='fetch_book_data' AIRFLOW_CTX_EXECUTION_DATE='2024-08-28T00:00:00+00:00' AIRFLOW_CTX_TRY_NUMBER='1' AIRFLOW_CTX_DAG_RUN_ID='scheduled__2024-08-28T00:00:00+00:00'
[2025-01-25T06:22:33.605+0000] {logging_mixin.py:190} INFO - Task instance is in running state
[2025-01-25T06:22:33.608+0000] {logging_mixin.py:190} INFO -  Previous state of the Task instance: queued
[2025-01-25T06:22:33.609+0000] {logging_mixin.py:190} INFO - Current task name:fetch_book_data state:running start_date:2025-01-25 06:22:33.019186+00:00
[2025-01-25T06:22:33.610+0000] {logging_mixin.py:190} INFO - Dag name:fetch_and_store_amazon_books and current dag run status:running
[2025-01-25T06:22:33.613+0000] {taskinstance.py:731} INFO - ::endgroup::
[2025-01-25T06:22:34.004+0000] {logging_mixin.py:190} INFO - Failed to retrieve the page
[2025-01-25T06:22:34.140+0000] {python.py:240} INFO - Done. Returned value was: None
[2025-01-25T06:22:34.196+0000] {taskinstance.py:340} INFO - ::group::Post task execution logs
[2025-01-25T06:22:34.197+0000] {taskinstance.py:352} INFO - Marking task as SUCCESS. dag_id=fetch_and_store_amazon_books, task_id=fetch_book_data, run_id=scheduled__2024-08-28T00:00:00+00:00, execution_date=20240828T000000, start_date=20250125T062233, end_date=20250125T062234
[2025-01-25T06:22:34.217+0000] {logging_mixin.py:190} INFO - Task instance in success state
[2025-01-25T06:22:34.221+0000] {logging_mixin.py:190} INFO -  Previous state of the Task instance: running
[2025-01-25T06:22:34.225+0000] {logging_mixin.py:190} INFO - Dag name:fetch_and_store_amazon_books queued_at:2025-01-25 06:22:30.194975+00:00
[2025-01-25T06:22:34.228+0000] {logging_mixin.py:190} INFO - Task hostname:d5b192692729 operator:PythonOperator
[2025-01-25T06:22:34.269+0000] {local_task_job_runner.py:266} INFO - Task exited with return code 0
[2025-01-25T06:22:34.325+0000] {taskinstance.py:3895} INFO - 1 downstream tasks scheduled from follow-on schedule check
[2025-01-25T06:22:34.330+0000] {local_task_job_runner.py:245} INFO - ::endgroup::
