[2025-01-25T05:59:07.904+0000] {local_task_job_runner.py:123} INFO - ::group::Pre task execution logs
[2025-01-25T05:59:07.968+0000] {taskinstance.py:2613} INFO - Dependencies all met for dep_context=non-requeueable deps ti=<TaskInstance: fetch_and_store_amazon_books.fetch_book_data scheduled__2024-06-21T00:00:00+00:00 [queued]>
[2025-01-25T05:59:08.013+0000] {taskinstance.py:2613} INFO - Dependencies all met for dep_context=requeueable deps ti=<TaskInstance: fetch_and_store_amazon_books.fetch_book_data scheduled__2024-06-21T00:00:00+00:00 [queued]>
[2025-01-25T05:59:08.015+0000] {taskinstance.py:2866} INFO - Starting attempt 1 of 2
[2025-01-25T05:59:08.101+0000] {taskinstance.py:2889} INFO - Executing <Task(PythonOperator): fetch_book_data> on 2024-06-21 00:00:00+00:00
[2025-01-25T05:59:08.130+0000] {warnings.py:112} WARNING - /home/***/.local/lib/python3.12/site-packages/***/task/task_runner/standard_task_runner.py:70: DeprecationWarning: This process (pid=900) is multi-threaded, use of fork() may lead to deadlocks in the child.
  pid = os.fork()

[2025-01-25T05:59:08.146+0000] {standard_task_runner.py:72} INFO - Started process 949 to run task
[2025-01-25T05:59:08.156+0000] {standard_task_runner.py:104} INFO - Running: ['***', 'tasks', 'run', 'fetch_and_store_amazon_books', 'fetch_book_data', 'scheduled__2024-06-21T00:00:00+00:00', '--job-id', '22', '--raw', '--subdir', 'DAGS_FOLDER/app.py', '--cfg-path', '/tmp/tmp00coeemc']
[2025-01-25T05:59:08.163+0000] {standard_task_runner.py:105} INFO - Job 22: Subtask fetch_book_data
[2025-01-25T05:59:08.292+0000] {task_command.py:467} INFO - Running <TaskInstance: fetch_and_store_amazon_books.fetch_book_data scheduled__2024-06-21T00:00:00+00:00 [running]> on host 815074f09894
[2025-01-25T05:59:08.425+0000] {taskinstance.py:3132} INFO - Exporting env vars: AIRFLOW_CTX_DAG_OWNER='***' AIRFLOW_CTX_DAG_ID='fetch_and_store_amazon_books' AIRFLOW_CTX_TASK_ID='fetch_book_data' AIRFLOW_CTX_EXECUTION_DATE='2024-06-21T00:00:00+00:00' AIRFLOW_CTX_TRY_NUMBER='1' AIRFLOW_CTX_DAG_RUN_ID='scheduled__2024-06-21T00:00:00+00:00'
[2025-01-25T05:59:08.427+0000] {logging_mixin.py:190} INFO - Task instance is in running state
[2025-01-25T05:59:08.427+0000] {logging_mixin.py:190} INFO -  Previous state of the Task instance: queued
[2025-01-25T05:59:08.428+0000] {logging_mixin.py:190} INFO - Current task name:fetch_book_data state:running start_date:2025-01-25 05:59:07.975990+00:00
[2025-01-25T05:59:08.429+0000] {logging_mixin.py:190} INFO - Dag name:fetch_and_store_amazon_books and current dag run status:running
[2025-01-25T05:59:08.429+0000] {taskinstance.py:731} INFO - ::endgroup::
[2025-01-25T06:00:49.886+0000] {logging_mixin.py:190} INFO - Failed to retrieve the page
[2025-01-25T06:00:49.933+0000] {python.py:240} INFO - Done. Returned value was: None
[2025-01-25T06:00:49.945+0000] {taskinstance.py:340} INFO - ::group::Post task execution logs
[2025-01-25T06:00:49.945+0000] {taskinstance.py:352} INFO - Marking task as SUCCESS. dag_id=fetch_and_store_amazon_books, task_id=fetch_book_data, run_id=scheduled__2024-06-21T00:00:00+00:00, execution_date=20240621T000000, start_date=20250125T055907, end_date=20250125T060049
[2025-01-25T06:00:49.953+0000] {logging_mixin.py:190} INFO - Task instance in success state
[2025-01-25T06:00:49.954+0000] {logging_mixin.py:190} INFO -  Previous state of the Task instance: running
[2025-01-25T06:00:49.955+0000] {logging_mixin.py:190} INFO - Dag name:fetch_and_store_amazon_books queued_at:2025-01-25 05:58:44.908653+00:00
[2025-01-25T06:00:49.955+0000] {logging_mixin.py:190} INFO - Task hostname:815074f09894 operator:PythonOperator
[2025-01-25T06:00:50.006+0000] {local_task_job_runner.py:266} INFO - Task exited with return code 0
[2025-01-25T06:00:50.037+0000] {taskinstance.py:3895} INFO - 1 downstream tasks scheduled from follow-on schedule check
[2025-01-25T06:00:50.038+0000] {local_task_job_runner.py:245} INFO - ::endgroup::
