[2025-01-25T06:22:34.990+0000] {local_task_job_runner.py:123} INFO - ::group::Pre task execution logs
[2025-01-25T06:22:35.001+0000] {taskinstance.py:2613} INFO - Dependencies all met for dep_context=non-requeueable deps ti=<TaskInstance: fetch_and_store_amazon_books.fetch_book_data scheduled__2024-09-03T00:00:00+00:00 [queued]>
[2025-01-25T06:22:35.004+0000] {taskinstance.py:2613} INFO - Dependencies all met for dep_context=requeueable deps ti=<TaskInstance: fetch_and_store_amazon_books.fetch_book_data scheduled__2024-09-03T00:00:00+00:00 [queued]>
[2025-01-25T06:22:35.005+0000] {taskinstance.py:2866} INFO - Starting attempt 1 of 2
[2025-01-25T06:22:35.010+0000] {taskinstance.py:2889} INFO - Executing <Task(PythonOperator): fetch_book_data> on 2024-09-03 00:00:00+00:00
[2025-01-25T06:22:35.015+0000] {warnings.py:112} WARNING - /home/***/.local/lib/python3.12/site-packages/***/task/task_runner/standard_task_runner.py:70: DeprecationWarning: This process (pid=411) is multi-threaded, use of fork() may lead to deadlocks in the child.
  pid = os.fork()

[2025-01-25T06:22:35.016+0000] {standard_task_runner.py:72} INFO - Started process 426 to run task
[2025-01-25T06:22:35.022+0000] {standard_task_runner.py:104} INFO - Running: ['***', 'tasks', 'run', 'fetch_and_store_amazon_books', 'fetch_book_data', 'scheduled__2024-09-03T00:00:00+00:00', '--job-id', '284', '--raw', '--subdir', 'DAGS_FOLDER/app.py', '--cfg-path', '/tmp/tmp2vd9h7ts']
[2025-01-25T06:22:35.024+0000] {standard_task_runner.py:105} INFO - Job 284: Subtask fetch_book_data
[2025-01-25T06:22:35.076+0000] {task_command.py:467} INFO - Running <TaskInstance: fetch_and_store_amazon_books.fetch_book_data scheduled__2024-09-03T00:00:00+00:00 [running]> on host d5b192692729
[2025-01-25T06:22:35.372+0000] {taskinstance.py:3132} INFO - Exporting env vars: AIRFLOW_CTX_DAG_OWNER='***' AIRFLOW_CTX_DAG_ID='fetch_and_store_amazon_books' AIRFLOW_CTX_TASK_ID='fetch_book_data' AIRFLOW_CTX_EXECUTION_DATE='2024-09-03T00:00:00+00:00' AIRFLOW_CTX_TRY_NUMBER='1' AIRFLOW_CTX_DAG_RUN_ID='scheduled__2024-09-03T00:00:00+00:00'
[2025-01-25T06:22:35.392+0000] {logging_mixin.py:190} INFO - Task instance is in running state
[2025-01-25T06:22:35.394+0000] {logging_mixin.py:190} INFO -  Previous state of the Task instance: queued
[2025-01-25T06:22:35.395+0000] {logging_mixin.py:190} INFO - Current task name:fetch_book_data state:running start_date:2025-01-25 06:22:35.001414+00:00
[2025-01-25T06:22:35.398+0000] {logging_mixin.py:190} INFO - Dag name:fetch_and_store_amazon_books and current dag run status:running
[2025-01-25T06:22:35.404+0000] {taskinstance.py:731} INFO - ::endgroup::
[2025-01-25T06:22:35.787+0000] {logging_mixin.py:190} INFO - Failed to retrieve the page
[2025-01-25T06:22:35.977+0000] {python.py:240} INFO - Done. Returned value was: None
[2025-01-25T06:22:36.010+0000] {taskinstance.py:340} INFO - ::group::Post task execution logs
[2025-01-25T06:22:36.011+0000] {taskinstance.py:352} INFO - Marking task as SUCCESS. dag_id=fetch_and_store_amazon_books, task_id=fetch_book_data, run_id=scheduled__2024-09-03T00:00:00+00:00, execution_date=20240903T000000, start_date=20250125T062235, end_date=20250125T062236
[2025-01-25T06:22:36.047+0000] {logging_mixin.py:190} INFO - Task instance in success state
[2025-01-25T06:22:36.051+0000] {logging_mixin.py:190} INFO -  Previous state of the Task instance: running
[2025-01-25T06:22:36.051+0000] {logging_mixin.py:190} INFO - Dag name:fetch_and_store_amazon_books queued_at:2025-01-25 06:22:31.458350+00:00
[2025-01-25T06:22:36.056+0000] {logging_mixin.py:190} INFO - Task hostname:d5b192692729 operator:PythonOperator
[2025-01-25T06:22:36.089+0000] {local_task_job_runner.py:266} INFO - Task exited with return code 0
[2025-01-25T06:22:36.127+0000] {taskinstance.py:3895} INFO - 1 downstream tasks scheduled from follow-on schedule check
[2025-01-25T06:22:36.140+0000] {local_task_job_runner.py:245} INFO - ::endgroup::
