[2025-01-31T01:39:49.718+0000] {local_task_job_runner.py:123} INFO - ::group::Pre task execution logs
[2025-01-31T01:39:49.725+0000] {taskinstance.py:2613} INFO - Dependencies all met for dep_context=non-requeueable deps ti=<TaskInstance: youtube_comments_etl_pipeline.load_youtube_data manual__2025-01-31T01:24:14.461625+00:00 [queued]>
[2025-01-31T01:39:49.730+0000] {taskinstance.py:2613} INFO - Dependencies all met for dep_context=requeueable deps ti=<TaskInstance: youtube_comments_etl_pipeline.load_youtube_data manual__2025-01-31T01:24:14.461625+00:00 [queued]>
[2025-01-31T01:39:49.730+0000] {taskinstance.py:2866} INFO - Starting attempt 3 of 3
[2025-01-31T01:39:49.735+0000] {taskinstance.py:2889} INFO - Executing <Task(_PythonDecoratedOperator): load_youtube_data> on 2025-01-31 01:24:14.461625+00:00
[2025-01-31T01:39:49.738+0000] {warnings.py:112} WARNING - /home/***/.local/lib/python3.12/site-packages/***/task/task_runner/standard_task_runner.py:70: DeprecationWarning: This process (pid=939) is multi-threaded, use of fork() may lead to deadlocks in the child.
  pid = os.fork()

[2025-01-31T01:39:49.739+0000] {standard_task_runner.py:72} INFO - Started process 940 to run task
[2025-01-31T01:39:49.740+0000] {standard_task_runner.py:104} INFO - Running: ['***', 'tasks', 'run', 'youtube_comments_etl_pipeline', 'load_youtube_data', 'manual__2025-01-31T01:24:14.461625+00:00', '--job-id', '448', '--raw', '--subdir', 'DAGS_FOLDER/youtube_comments_DAG.py', '--cfg-path', '/tmp/tmppdsp7f4p']
[2025-01-31T01:39:49.740+0000] {standard_task_runner.py:105} INFO - Job 448: Subtask load_youtube_data
[2025-01-31T01:39:49.760+0000] {task_command.py:467} INFO - Running <TaskInstance: youtube_comments_etl_pipeline.load_youtube_data manual__2025-01-31T01:24:14.461625+00:00 [running]> on host 8155aa75e0ca
[2025-01-31T01:39:49.928+0000] {taskinstance.py:3132} INFO - Exporting env vars: AIRFLOW_CTX_DAG_OWNER='***' AIRFLOW_CTX_DAG_ID='youtube_comments_etl_pipeline' AIRFLOW_CTX_TASK_ID='load_youtube_data' AIRFLOW_CTX_EXECUTION_DATE='2025-01-31T01:24:14.461625+00:00' AIRFLOW_CTX_TRY_NUMBER='3' AIRFLOW_CTX_DAG_RUN_ID='manual__2025-01-31T01:24:14.461625+00:00'
[2025-01-31T01:39:49.929+0000] {logging_mixin.py:190} INFO - Task instance is in running state
[2025-01-31T01:39:49.929+0000] {logging_mixin.py:190} INFO -  Previous state of the Task instance: queued
[2025-01-31T01:39:49.929+0000] {logging_mixin.py:190} INFO - Current task name:load_youtube_data state:running start_date:2025-01-31 01:39:49.727164+00:00
[2025-01-31T01:39:49.929+0000] {logging_mixin.py:190} INFO - Dag name:youtube_comments_etl_pipeline and current dag run status:running
[2025-01-31T01:39:49.929+0000] {taskinstance.py:731} INFO - ::endgroup::
[2025-01-31T01:39:49.933+0000] {base.py:84} INFO - Retrieving connection 'youtube_connection'
[2025-01-31T01:39:49.939+0000] {logging_mixin.py:190} INFO - records: [('@analyticswithadam', '2024-02-06T21:00:47Z', '2024-02-06T21:00:47Z', 4, 'Updated Video a href')]
[2025-01-31T01:39:49.940+0000] {logging_mixin.py:190} INFO - type(records): [<class 'str'>, <class 'str'>, <class 'str'>, <class 'int'>, <class 'str'>]
[2025-01-31T01:39:49.940+0000] {python.py:240} INFO - Done. Returned value was: None
[2025-01-31T01:39:49.945+0000] {taskinstance.py:340} INFO - ::group::Post task execution logs
[2025-01-31T01:39:49.946+0000] {taskinstance.py:352} INFO - Marking task as SUCCESS. dag_id=youtube_comments_etl_pipeline, task_id=load_youtube_data, run_id=manual__2025-01-31T01:24:14.461625+00:00, execution_date=20250131T012414, start_date=20250131T013949, end_date=20250131T013949
[2025-01-31T01:39:49.949+0000] {logging_mixin.py:190} INFO - Task instance in success state
[2025-01-31T01:39:49.949+0000] {logging_mixin.py:190} INFO -  Previous state of the Task instance: running
[2025-01-31T01:39:49.950+0000] {logging_mixin.py:190} INFO - Dag name:youtube_comments_etl_pipeline queued_at:2025-01-31 01:39:48.493379+00:00
[2025-01-31T01:39:49.950+0000] {logging_mixin.py:190} INFO - Task hostname:8155aa75e0ca operator:_PythonDecoratedOperator
[2025-01-31T01:39:49.963+0000] {local_task_job_runner.py:266} INFO - Task exited with return code 0
[2025-01-31T01:39:49.976+0000] {taskinstance.py:3895} INFO - 0 downstream tasks scheduled from follow-on schedule check
[2025-01-31T01:39:49.976+0000] {local_task_job_runner.py:245} INFO - ::endgroup::
